# JRE version: Java(TM) SE Runtime Environment (8.0_101-b13) (build 1.8.0_101-b13)
# Java VM: Java HotSpot(TM) Client VM (25.101-b13 mixed mode windows-x86 )
Heap:
 def new generation   total 104704K, used 11584K [0x03a00000, 0x0ab90000, 0x18f50000)
  eden space 93120K,   0% used [0x03a00000, 0x03a00000, 0x094f0000)
  from space 11584K, 100% used [0x094f0000, 0x0a040000, 0x0a040000)
  to   space 11584K,   0% used [0x0a040000, 0x0a040000, 0x0ab90000)
 tenured generation   total 271904K, used 271792K [0x18f50000, 0x298d8000, 0x43a00000)
   the space 271904K,  99% used [0x18f50000, 0x298bc020, 0x298bc200, 0x298d8000)
 Metaspace       used 39715K, capacity 40776K, committed 40832K, reserved 41344K
GC Heap History (10 events):
Event: 1268.660 GC heap after
Heap after GC invocations=330 (full 16):
 def new generation   total 104704K, used 7962K [0x03a00000, 0x0ab90000, 0x18f50000)
  eden space 93120K,   0% used [0x03a00000, 0x03a00000, 0x094f0000)
  from space 11584K,  68% used [0x0a040000, 0x0a8069f8, 0x0ab90000)
  to   space 11584K,   0% used [0x094f0000, 0x094f0000, 0x0a040000)
 tenured generation   total 232480K, used 186945K [0x18f50000, 0x27258000, 0x43a00000)
   the space 232480K,  80% used [0x18f50000, 0x245e07d8, 0x245e0800, 0x27258000)
 Metaspace       used 39695K, capacity 40736K, committed 40832K, reserved 41344K
}
Event: 1270.098 GC heap before
{Heap before GC invocations=330 (full 16):
 def new generation   total 104704K, used 101082K [0x03a00000, 0x0ab90000, 0x18f50000)
  eden space 93120K, 100% used [0x03a00000, 0x094f0000, 0x094f0000)
  from space 11584K,  68% used [0x0a040000, 0x0a8069f8, 0x0ab90000)
  to   space 11584K,   0% used [0x094f0000, 0x094f0000, 0x0a040000)
 tenured generation   total 232480K, used 186945K [0x18f50000, 0x27258000, 0x43a00000)
   the space 232480K,  80% used [0x18f50000, 0x245e07d8, 0x245e0800, 0x27258000)
 Metaspace       used 39711K, capacity 40766K, committed 40832K, reserved 41344K
Event: 1270.129 GC heap after
Heap after GC invocations=331 (full 16):
 def new generation   total 104704K, used 8874K [0x03a00000, 0x0ab90000, 0x18f50000)
  eden space 93120K,   0% used [0x03a00000, 0x03a00000, 0x094f0000)
  from space 11584K,  76% used [0x094f0000, 0x09d9a9e0, 0x0a040000)
  to   space 11584K,   0% used [0x0a040000, 0x0a040000, 0x0ab90000)
 tenured generation   total 232480K, used 191283K [0x18f50000, 0x27258000, 0x43a00000)
   the space 232480K,  82% used [0x18f50000, 0x24a1cfd8, 0x24a1d000, 0x27258000)
 Metaspace       used 39711K, capacity 40766K, committed 40832K, reserved 41344K
}
Event: 1271.071 GC heap before
{Heap before GC invocations=331 (full 16):
 def new generation   total 104704K, used 101994K [0x03a00000, 0x0ab90000, 0x18f50000)
  eden space 93120K, 100% used [0x03a00000, 0x094f0000, 0x094f0000)
  from space 11584K,  76% used [0x094f0000, 0x09d9a9e0, 0x0a040000)
  to   space 11584K,   0% used [0x0a040000, 0x0a040000, 0x0ab90000)
 tenured generation   total 232480K, used 191283K [0x18f50000, 0x27258000, 0x43a00000)
   the space 232480K,  82% used [0x18f50000, 0x24a1cfd8, 0x24a1d000, 0x27258000)
 Metaspace       used 39711K, capacity 40766K, committed 40832K, reserved 41344K
Event: 1271.156 GC heap after
Heap after GC invocations=332 (full 16):
 def new generation   total 104704K, used 11584K [0x03a00000, 0x0ab90000, 0x18f50000)
  eden space 93120K,   0% used [0x03a00000, 0x03a00000, 0x094f0000)
  from space 11584K, 100% used [0x0a040000, 0x0ab90000, 0x0ab90000)
  to   space 11584K,   0% used [0x094f0000, 0x094f0000, 0x0a040000)
 tenured generation   total 232480K, used 211717K [0x18f50000, 0x27258000, 0x43a00000)
   the space 232480K,  91% used [0x18f50000, 0x25e114e0, 0x25e11600, 0x27258000)
 Metaspace       used 39711K, capacity 40766K, committed 40832K, reserved 41344K
}
Event: 1272.804 GC heap before
{Heap before GC invocations=332 (full 16):
 def new generation   total 104704K, used 104704K [0x03a00000, 0x0ab90000, 0x18f50000)
  eden space 93120K, 100% used [0x03a00000, 0x094f0000, 0x094f0000)
  from space 11584K, 100% used [0x0a040000, 0x0ab90000, 0x0ab90000)
  to   space 11584K,   0% used [0x094f0000, 0x094f0000, 0x0a040000)
 tenured generation   total 232480K, used 211717K [0x18f50000, 0x27258000, 0x43a00000)
   the space 232480K,  91% used [0x18f50000, 0x25e114e0, 0x25e11600, 0x27258000)
 Metaspace       used 39711K, capacity 40766K, committed 40832K, reserved 41344K
Event: 1272.839 GC heap after
Heap after GC invocations=333 (full 16):
 def new generation   total 104704K, used 3433K [0x03a00000, 0x0ab90000, 0x18f50000)
  eden space 93120K,   0% used [0x03a00000, 0x03a00000, 0x094f0000)
  from space 11584K,  29% used [0x094f0000, 0x0984a4d8, 0x0a040000)
  to   space 11584K,   0% used [0x0a040000, 0x0a040000, 0x0ab90000)
 tenured generation   total 232480K, used 222477K [0x18f50000, 0x27258000, 0x43a00000)
   the space 232480K,  95% used [0x18f50000, 0x268936c0, 0x26893800, 0x27258000)
 Metaspace       used 39711K, capacity 40766K, committed 40832K, reserved 41344K
}
Event: 1274.879 GC heap before
{Heap before GC invocations=333 (full 16):
 def new generation   total 104704K, used 96553K [0x03a00000, 0x0ab90000, 0x18f50000)
  eden space 93120K, 100% used [0x03a00000, 0x094f0000, 0x094f0000)
  from space 11584K,  29% used [0x094f0000, 0x0984a4d8, 0x0a040000)
  to   space 11584K,   0% used [0x0a040000, 0x0a040000, 0x0ab90000)
 tenured generation   total 232480K, used 222477K [0x18f50000, 0x27258000, 0x43a00000)
   the space 232480K,  95% used [0x18f50000, 0x268936c0, 0x26893800, 0x27258000)
 Metaspace       used 39715K, capacity 40776K, committed 40832K, reserved 41344K
Event: 1274.927 GC heap after
Heap after GC invocations=334 (full 16):
 def new generation   total 104704K, used 11584K [0x03a00000, 0x0ab90000, 0x18f50000)
  eden space 93120K,   0% used [0x03a00000, 0x03a00000, 0x094f0000)
  from space 11584K, 100% used [0x0a040000, 0x0ab90000, 0x0ab90000)
  to   space 11584K,   0% used [0x094f0000, 0x094f0000, 0x0a040000)
 tenured generation   total 232480K, used 231323K [0x18f50000, 0x27258000, 0x43a00000)
   the space 232480K,  99% used [0x18f50000, 0x27136d80, 0x27136e00, 0x27258000)
 Metaspace       used 39715K, capacity 40776K, committed 40832K, reserved 41344K
}
Event: 1275.204 GC heap before
{Heap before GC invocations=334 (full 16):
 def new generation   total 104704K, used 104704K [0x03a00000, 0x0ab90000, 0x18f50000)
  eden space 93120K, 100% used [0x03a00000, 0x094f0000, 0x094f0000)
  from space 11584K, 100% used [0x0a040000, 0x0ab90000, 0x0ab90000)
  to   space 11584K,   0% used [0x094f0000, 0x094f0000, 0x0a040000)
 tenured generation   total 232480K, used 231323K [0x18f50000, 0x27258000, 0x43a00000)
   the space 232480K,  99% used [0x18f50000, 0x27136d80, 0x27136e00, 0x27258000)
 Metaspace       used 39715K, capacity 40776K, committed 40832K, reserved 41344K

