# JRE version: Java(TM) SE Runtime Environment (8.0_101-b13) (build 1.8.0_101-b13)
# Java VM: Java HotSpot(TM) Client VM (25.101-b13 mixed mode windows-x86 )
Heap:
 def new generation   total 112960K, used 112960K [0x03c00000, 0x0b690000, 0x19150000)
  eden space 100416K, 100% used [0x03c00000, 0x09e10000, 0x09e10000)
  from space 12544K, 100% used [0x0aa50000, 0x0b690000, 0x0b690000)
  to   space 12544K, 100% used [0x09e10000, 0x0aa50000, 0x0aa50000)
 tenured generation   total 250880K, used 167030K [0x19150000, 0x28650000, 0x43c00000)
   the space 250880K,  66% used [0x19150000, 0x2346db30, 0x2346dc00, 0x28650000)
 Metaspace       used 3554K, capacity 3598K, committed 3648K, reserved 4480K
GC Heap History (10 events):
Event: 3.492 GC heap after
Heap after GC invocations=57 (full 5):
 def new generation   total 64960K, used 7167K [0x03c00000, 0x08270000, 0x19150000)
  eden space 57792K,   0% used [0x03c00000, 0x03c00000, 0x07470000)
  from space 7168K,  99% used [0x07470000, 0x07b6fff8, 0x07b70000)
  to   space 7168K,   0% used [0x07b70000, 0x07b70000, 0x08270000)
 tenured generation   total 144132K, used 124475K [0x19150000, 0x21e11000, 0x43c00000)
   the space 144132K,  86% used [0x19150000, 0x20adef08, 0x20adf000, 0x21e11000)
 Metaspace       used 3554K, capacity 3598K, committed 3648K, reserved 4480K
}
Event: 3.590 GC heap before
{Heap before GC invocations=57 (full 5):
 def new generation   total 64960K, used 64959K [0x03c00000, 0x08270000, 0x19150000)
  eden space 57792K, 100% used [0x03c00000, 0x07470000, 0x07470000)
  from space 7168K,  99% used [0x07470000, 0x07b6fff8, 0x07b70000)
  to   space 7168K,   0% used [0x07b70000, 0x07b70000, 0x08270000)
 tenured generation   total 144132K, used 124475K [0x19150000, 0x21e11000, 0x43c00000)
   the space 144132K,  86% used [0x19150000, 0x20adef08, 0x20adf000, 0x21e11000)
 Metaspace       used 3554K, capacity 3598K, committed 3648K, reserved 4480K
Event: 3.632 GC heap after
Heap after GC invocations=58 (full 5):
 def new generation   total 64960K, used 7168K [0x03c00000, 0x08270000, 0x19150000)
  eden space 57792K,   0% used [0x03c00000, 0x03c00000, 0x07470000)
  from space 7168K, 100% used [0x07b70000, 0x08270000, 0x08270000)
  to   space 7168K,   0% used [0x07470000, 0x07470000, 0x07b70000)
 tenured generation   total 144132K, used 133908K [0x19150000, 0x21e11000, 0x43c00000)
   the space 144132K,  92% used [0x19150000, 0x21415020, 0x21415200, 0x21e11000)
 Metaspace       used 3554K, capacity 3598K, committed 3648K, reserved 4480K
}
Event: 3.741 GC heap before
{Heap before GC invocations=58 (full 5):
 def new generation   total 64960K, used 64960K [0x03c00000, 0x08270000, 0x19150000)
  eden space 57792K, 100% used [0x03c00000, 0x07470000, 0x07470000)
  from space 7168K, 100% used [0x07b70000, 0x08270000, 0x08270000)
  to   space 7168K,   0% used [0x07470000, 0x07470000, 0x07b70000)
 tenured generation   total 144132K, used 133908K [0x19150000, 0x21e11000, 0x43c00000)
   the space 144132K,  92% used [0x19150000, 0x21415020, 0x21415200, 0x21e11000)
 Metaspace       used 3554K, capacity 3598K, committed 3648K, reserved 4480K
Event: 3.780 GC heap after
Heap after GC invocations=59 (full 5):
 def new generation   total 64960K, used 7168K [0x03c00000, 0x08270000, 0x19150000)
  eden space 57792K,   0% used [0x03c00000, 0x03c00000, 0x07470000)
  from space 7168K, 100% used [0x07470000, 0x07b70000, 0x07b70000)
  to   space 7168K,   0% used [0x07b70000, 0x07b70000, 0x08270000)
 tenured generation   total 144132K, used 141948K [0x19150000, 0x21e11000, 0x43c00000)
   the space 144132K,  98% used [0x19150000, 0x21bef180, 0x21bef200, 0x21e11000)
 Metaspace       used 3554K, capacity 3598K, committed 3648K, reserved 4480K
}
Event: 3.876 GC heap before
{Heap before GC invocations=59 (full 5):
 def new generation   total 64960K, used 64960K [0x03c00000, 0x08270000, 0x19150000)
  eden space 57792K, 100% used [0x03c00000, 0x07470000, 0x07470000)
  from space 7168K, 100% used [0x07470000, 0x07b70000, 0x07b70000)
  to   space 7168K,   0% used [0x07b70000, 0x07b70000, 0x08270000)
 tenured generation   total 144132K, used 141948K [0x19150000, 0x21e11000, 0x43c00000)
   the space 144132K,  98% used [0x19150000, 0x21bef180, 0x21bef200, 0x21e11000)
 Metaspace       used 3554K, capacity 3598K, committed 3648K, reserved 4480K
Event: 4.272 GC heap after
Heap after GC invocations=60 (full 6):
 def new generation   total 112960K, used 7160K [0x03c00000, 0x0b690000, 0x19150000)
  eden space 100416K,   7% used [0x03c00000, 0x042fe398, 0x09e10000)
  from space 12544K,   0% used [0x09e10000, 0x09e10000, 0x0aa50000)
  to   space 12544K,   0% used [0x0aa50000, 0x0aa50000, 0x0b690000)
 tenured generation   total 250880K, used 150526K [0x19150000, 0x28650000, 0x43c00000)
   the space 250880K,  59% used [0x19150000, 0x2244f9b8, 0x2244fa00, 0x28650000)
 Metaspace       used 3554K, capacity 3598K, committed 3648K, reserved 4480K
}
Event: 4.445 GC heap before
{Heap before GC invocations=60 (full 6):
 def new generation   total 112960K, used 100416K [0x03c00000, 0x0b690000, 0x19150000)
  eden space 100416K, 100% used [0x03c00000, 0x09e10000, 0x09e10000)
  from space 12544K,   0% used [0x09e10000, 0x09e10000, 0x0aa50000)
  to   space 12544K,   0% used [0x0aa50000, 0x0aa50000, 0x0b690000)
 tenured generation   total 250880K, used 150526K [0x19150000, 0x28650000, 0x43c00000)
   the space 250880K,  59% used [0x19150000, 0x2244f9b8, 0x2244fa00, 0x28650000)
 Metaspace       used 3554K, capacity 3598K, committed 3648K, reserved 4480K
Event: 4.573 GC heap after
Heap after GC invocations=61 (full 6):
 def new generation   total 112960K, used 12544K [0x03c00000, 0x0b690000, 0x19150000)
  eden space 100416K,   0% used [0x03c00000, 0x03c00000, 0x09e10000)
  from space 12544K, 100% used [0x0aa50000, 0x0b690000, 0x0b690000)
  to   space 12544K,   0% used [0x09e10000, 0x09e10000, 0x0aa50000)
 tenured generation   total 250880K, used 157676K [0x19150000, 0x28650000, 0x43c00000)
   the space 250880K,  62% used [0x19150000, 0x22b4b358, 0x22b4b400, 0x28650000)
 Metaspace       used 3554K, capacity 3598K, committed 3648K, reserved 4480K
}
Event: 4.742 GC heap before
{Heap before GC invocations=61 (full 6):
 def new generation   total 112960K, used 112960K [0x03c00000, 0x0b690000, 0x19150000)
  eden space 100416K, 100% used [0x03c00000, 0x09e10000, 0x09e10000)
  from space 12544K, 100% used [0x0aa50000, 0x0b690000, 0x0b690000)
  to   space 12544K,   0% used [0x09e10000, 0x09e10000, 0x0aa50000)
 tenured generation   total 250880K, used 157698K [0x19150000, 0x28650000, 0x43c00000)
   the space 250880K,  62% used [0x19150000, 0x22b50b70, 0x22b50c00, 0x28650000)
 Metaspace       used 3554K, capacity 3598K, committed 3648K, reserved 4480K

