# JRE version: Java(TM) SE Runtime Environment (8.0_101-b13) (build 1.8.0_101-b13)
# Java VM: Java HotSpot(TM) Client VM (25.101-b13 mixed mode windows-x86 )
Heap:
 def new generation   total 124800K, used 13824K [0x03e00000, 0x0c560000, 0x19350000)
  eden space 110976K,   0% used [0x03e00000, 0x03e00000, 0x0aa60000)
  from space 13824K, 100% used [0x0b7e0000, 0x0c560000, 0x0c560000)
  to   space 13824K,   0% used [0x0aa60000, 0x0aa60000, 0x0b7e0000)
 tenured generation   total 288112K, used 288091K [0x19350000, 0x2acac000, 0x43e00000)
   the space 288112K,  99% used [0x19350000, 0x2aca6d70, 0x2aca6e00, 0x2acac000)
 Metaspace       used 3553K, capacity 3598K, committed 3648K, reserved 4480K
GC Heap History (10 events):
Event: 5.981 GC heap after
Heap after GC invocations=85 (full 6):
 def new generation   total 124800K, used 13824K [0x03e00000, 0x0c560000, 0x19350000)
  eden space 110976K,   0% used [0x03e00000, 0x03e00000, 0x0aa60000)
  from space 13824K, 100% used [0x0aa60000, 0x0b7e0000, 0x0b7e0000)
  to   space 13824K,   0% used [0x0b7e0000, 0x0b7e0000, 0x0c560000)
 tenured generation   total 277104K, used 207088K [0x19350000, 0x2a1ec000, 0x43e00000)
   the space 277104K,  74% used [0x19350000, 0x25d8c1b8, 0x25d8c200, 0x2a1ec000)
 Metaspace       used 3553K, capacity 3598K, committed 3648K, reserved 4480K
}
Event: 6.153 GC heap before
{Heap before GC invocations=85 (full 6):
 def new generation   total 124800K, used 124800K [0x03e00000, 0x0c560000, 0x19350000)
  eden space 110976K, 100% used [0x03e00000, 0x0aa60000, 0x0aa60000)
  from space 13824K, 100% used [0x0aa60000, 0x0b7e0000, 0x0b7e0000)
  to   space 13824K,   0% used [0x0b7e0000, 0x0b7e0000, 0x0c560000)
 tenured generation   total 277104K, used 207088K [0x19350000, 0x2a1ec000, 0x43e00000)
   the space 277104K,  74% used [0x19350000, 0x25d8c1b8, 0x25d8c200, 0x2a1ec000)
 Metaspace       used 3553K, capacity 3598K, committed 3648K, reserved 4480K
Event: 6.228 GC heap after
Heap after GC invocations=86 (full 6):
 def new generation   total 124800K, used 13823K [0x03e00000, 0x0c560000, 0x19350000)
  eden space 110976K,   0% used [0x03e00000, 0x03e00000, 0x0aa60000)
  from space 13824K,  99% used [0x0b7e0000, 0x0c55fff8, 0x0c560000)
  to   space 13824K,   0% used [0x0aa60000, 0x0aa60000, 0x0b7e0000)
 tenured generation   total 277104K, used 223759K [0x19350000, 0x2a1ec000, 0x43e00000)
   the space 277104K,  80% used [0x19350000, 0x26dd3f78, 0x26dd4000, 0x2a1ec000)
 Metaspace       used 3553K, capacity 3598K, committed 3648K, reserved 4480K
}
Event: 6.432 GC heap before
{Heap before GC invocations=86 (full 6):
 def new generation   total 124800K, used 124799K [0x03e00000, 0x0c560000, 0x19350000)
  eden space 110976K, 100% used [0x03e00000, 0x0aa60000, 0x0aa60000)
  from space 13824K,  99% used [0x0b7e0000, 0x0c55fff8, 0x0c560000)
  to   space 13824K,   0% used [0x0aa60000, 0x0aa60000, 0x0b7e0000)
 tenured generation   total 277104K, used 223759K [0x19350000, 0x2a1ec000, 0x43e00000)
   the space 277104K,  80% used [0x19350000, 0x26dd3f78, 0x26dd4000, 0x2a1ec000)
 Metaspace       used 3553K, capacity 3598K, committed 3648K, reserved 4480K
Event: 6.505 GC heap after
Heap after GC invocations=87 (full 6):
 def new generation   total 124800K, used 13824K [0x03e00000, 0x0c560000, 0x19350000)
  eden space 110976K,   0% used [0x03e00000, 0x03e00000, 0x0aa60000)
  from space 13824K, 100% used [0x0aa60000, 0x0b7e0000, 0x0b7e0000)
  to   space 13824K,   0% used [0x0b7e0000, 0x0b7e0000, 0x0c560000)
 tenured generation   total 277104K, used 239600K [0x19350000, 0x2a1ec000, 0x43e00000)
   the space 277104K,  86% used [0x19350000, 0x27d4c098, 0x27d4c200, 0x2a1ec000)
 Metaspace       used 3553K, capacity 3598K, committed 3648K, reserved 4480K
}
Event: 6.687 GC heap before
{Heap before GC invocations=87 (full 6):
 def new generation   total 124800K, used 124800K [0x03e00000, 0x0c560000, 0x19350000)
  eden space 110976K, 100% used [0x03e00000, 0x0aa60000, 0x0aa60000)
  from space 13824K, 100% used [0x0aa60000, 0x0b7e0000, 0x0b7e0000)
  to   space 13824K,   0% used [0x0b7e0000, 0x0b7e0000, 0x0c560000)
 tenured generation   total 277104K, used 239600K [0x19350000, 0x2a1ec000, 0x43e00000)
   the space 277104K,  86% used [0x19350000, 0x27d4c098, 0x27d4c200, 0x2a1ec000)
 Metaspace       used 3553K, capacity 3598K, committed 3648K, reserved 4480K
Event: 6.761 GC heap after
Heap after GC invocations=88 (full 6):
 def new generation   total 124800K, used 13824K [0x03e00000, 0x0c560000, 0x19350000)
  eden space 110976K,   0% used [0x03e00000, 0x03e00000, 0x0aa60000)
  from space 13824K, 100% used [0x0b7e0000, 0x0c560000, 0x0c560000)
  to   space 13824K,   0% used [0x0aa60000, 0x0aa60000, 0x0b7e0000)
 tenured generation   total 277104K, used 255774K [0x19350000, 0x2a1ec000, 0x43e00000)
   the space 277104K,  92% used [0x19350000, 0x28d178b8, 0x28d17a00, 0x2a1ec000)
 Metaspace       used 3553K, capacity 3598K, committed 3648K, reserved 4480K
}
Event: 6.955 GC heap before
{Heap before GC invocations=88 (full 6):
 def new generation   total 124800K, used 124800K [0x03e00000, 0x0c560000, 0x19350000)
  eden space 110976K, 100% used [0x03e00000, 0x0aa60000, 0x0aa60000)
  from space 13824K, 100% used [0x0b7e0000, 0x0c560000, 0x0c560000)
  to   space 13824K,   0% used [0x0aa60000, 0x0aa60000, 0x0b7e0000)
 tenured generation   total 277104K, used 255774K [0x19350000, 0x2a1ec000, 0x43e00000)
   the space 277104K,  92% used [0x19350000, 0x28d178b8, 0x28d17a00, 0x2a1ec000)
 Metaspace       used 3553K, capacity 3598K, committed 3648K, reserved 4480K
Event: 7.028 GC heap after
Heap after GC invocations=89 (full 6):
 def new generation   total 124800K, used 13824K [0x03e00000, 0x0c560000, 0x19350000)
  eden space 110976K,   0% used [0x03e00000, 0x03e00000, 0x0aa60000)
  from space 13824K, 100% used [0x0aa60000, 0x0b7e0000, 0x0b7e0000)
  to   space 13824K,   0% used [0x0b7e0000, 0x0b7e0000, 0x0c560000)
 tenured generation   total 277104K, used 272418K [0x19350000, 0x2a1ec000, 0x43e00000)
   the space 277104K,  98% used [0x19350000, 0x29d58b78, 0x29d58c00, 0x2a1ec000)
 Metaspace       used 3553K, capacity 3598K, committed 3648K, reserved 4480K
}
Event: 7.203 GC heap before
{Heap before GC invocations=89 (full 6):
 def new generation   total 124800K, used 124800K [0x03e00000, 0x0c560000, 0x19350000)
  eden space 110976K, 100% used [0x03e00000, 0x0aa60000, 0x0aa60000)
  from space 13824K, 100% used [0x0aa60000, 0x0b7e0000, 0x0b7e0000)
  to   space 13824K,   0% used [0x0b7e0000, 0x0b7e0000, 0x0c560000)
 tenured generation   total 277104K, used 272418K [0x19350000, 0x2a1ec000, 0x43e00000)
   the space 277104K,  98% used [0x19350000, 0x29d58ba8, 0x29d58c00, 0x2a1ec000)
 Metaspace       used 3553K, capacity 3598K, committed 3648K, reserved 4480K

