# JRE version: Java(TM) SE Runtime Environment (8.0_101-b13) (build 1.8.0_101-b13)
# Java VM: Java HotSpot(TM) Client VM (25.101-b13 mixed mode windows-x86 )
Heap:
 def new generation   total 126208K, used 126208K [0x03c00000, 0x0c4f0000, 0x19150000)
  eden space 112192K, 100% used [0x03c00000, 0x0a990000, 0x0a990000)
  from space 14016K, 100% used [0x0a990000, 0x0b740000, 0x0b740000)
  to   space 14016K,  26% used [0x0b740000, 0x0bad35c0, 0x0c4f0000)
 tenured generation   total 280280K, used 210478K [0x19150000, 0x2a306000, 0x43c00000)
   the space 280280K,  75% used [0x19150000, 0x25edb8a8, 0x25edba00, 0x2a306000)
 Metaspace       used 3547K, capacity 3598K, committed 3648K, reserved 4480K
GC Heap History (10 events):
Event: 4.589 GC heap after
Heap after GC invocations=81 (full 6):
 def new generation   total 126208K, used 1253K [0x03c00000, 0x0c4f0000, 0x19150000)
  eden space 112192K,   1% used [0x03c00000, 0x03d395a8, 0x0a990000)
  from space 14016K,   0% used [0x0a990000, 0x0a990000, 0x0b740000)
  to   space 14016K,   0% used [0x0b740000, 0x0b740000, 0x0c4f0000)
 tenured generation   total 280280K, used 168167K [0x19150000, 0x2a306000, 0x43c00000)
   the space 280280K,  59% used [0x19150000, 0x23589ff8, 0x2358a000, 0x2a306000)
 Metaspace       used 3546K, capacity 3598K, committed 3648K, reserved 4480K
}
Event: 4.712 GC heap before
{Heap before GC invocations=81 (full 6):
 def new generation   total 126208K, used 112192K [0x03c00000, 0x0c4f0000, 0x19150000)
  eden space 112192K, 100% used [0x03c00000, 0x0a990000, 0x0a990000)
  from space 14016K,   0% used [0x0a990000, 0x0a990000, 0x0b740000)
  to   space 14016K,   0% used [0x0b740000, 0x0b740000, 0x0c4f0000)
 tenured generation   total 280280K, used 168167K [0x19150000, 0x2a306000, 0x43c00000)
   the space 280280K,  59% used [0x19150000, 0x23589ff8, 0x2358a000, 0x2a306000)
 Metaspace       used 3546K, capacity 3598K, committed 3648K, reserved 4480K
Event: 4.815 GC heap after
Heap after GC invocations=82 (full 6):
 def new generation   total 126208K, used 8427K [0x03c00000, 0x0c4f0000, 0x19150000)
  eden space 112192K,   0% used [0x03c00000, 0x03c00000, 0x0a990000)
  from space 14016K,  60% used [0x0b740000, 0x0bf7ad48, 0x0c4f0000)
  to   space 14016K,   0% used [0x0a990000, 0x0a990000, 0x0b740000)
 tenured generation   total 280280K, used 168167K [0x19150000, 0x2a306000, 0x43c00000)
   the space 280280K,  59% used [0x19150000, 0x23589ff8, 0x2358a000, 0x2a306000)
 Metaspace       used 3546K, capacity 3598K, committed 3648K, reserved 4480K
}
Event: 5.011 GC heap before
{Heap before GC invocations=82 (full 6):
 def new generation   total 126208K, used 120619K [0x03c00000, 0x0c4f0000, 0x19150000)
  eden space 112192K, 100% used [0x03c00000, 0x0a990000, 0x0a990000)
  from space 14016K,  60% used [0x0b740000, 0x0bf7ad48, 0x0c4f0000)
  to   space 14016K,   0% used [0x0a990000, 0x0a990000, 0x0b740000)
 tenured generation   total 280280K, used 168167K [0x19150000, 0x2a306000, 0x43c00000)
   the space 280280K,  59% used [0x19150000, 0x23589ff8, 0x2358a000, 0x2a306000)
 Metaspace       used 3546K, capacity 3598K, committed 3648K, reserved 4480K
Event: 5.074 GC heap after
Heap after GC invocations=83 (full 6):
 def new generation   total 126208K, used 14016K [0x03c00000, 0x0c4f0000, 0x19150000)
  eden space 112192K,   0% used [0x03c00000, 0x03c00000, 0x0a990000)
  from space 14016K, 100% used [0x0a990000, 0x0b740000, 0x0b740000)
  to   space 14016K,   0% used [0x0b740000, 0x0b740000, 0x0c4f0000)
 tenured generation   total 280280K, used 178106K [0x19150000, 0x2a306000, 0x43c00000)
   the space 280280K,  63% used [0x19150000, 0x23f3eb38, 0x23f3ec00, 0x2a306000)
 Metaspace       used 3546K, capacity 3598K, committed 3648K, reserved 4480K
}
Event: 5.250 GC heap before
{Heap before GC invocations=83 (full 6):
 def new generation   total 126208K, used 126208K [0x03c00000, 0x0c4f0000, 0x19150000)
  eden space 112192K, 100% used [0x03c00000, 0x0a990000, 0x0a990000)
  from space 14016K, 100% used [0x0a990000, 0x0b740000, 0x0b740000)
  to   space 14016K,   0% used [0x0b740000, 0x0b740000, 0x0c4f0000)
 tenured generation   total 280280K, used 178106K [0x19150000, 0x2a306000, 0x43c00000)
   the space 280280K,  63% used [0x19150000, 0x23f3eb38, 0x23f3ec00, 0x2a306000)
 Metaspace       used 3546K, capacity 3598K, committed 3648K, reserved 4480K
Event: 5.325 GC heap after
Heap after GC invocations=84 (full 6):
 def new generation   total 126208K, used 14015K [0x03c00000, 0x0c4f0000, 0x19150000)
  eden space 112192K,   0% used [0x03c00000, 0x03c00000, 0x0a990000)
  from space 14016K,  99% used [0x0b740000, 0x0c4efff8, 0x0c4f0000)
  to   space 14016K,   0% used [0x0a990000, 0x0a990000, 0x0b740000)
 tenured generation   total 280280K, used 194230K [0x19150000, 0x2a306000, 0x43c00000)
   the space 280280K,  69% used [0x19150000, 0x24efdb28, 0x24efdc00, 0x2a306000)
 Metaspace       used 3546K, capacity 3598K, committed 3648K, reserved 4480K
}
Event: 5.505 GC heap before
{Heap before GC invocations=84 (full 6):
 def new generation   total 126208K, used 126207K [0x03c00000, 0x0c4f0000, 0x19150000)
  eden space 112192K, 100% used [0x03c00000, 0x0a990000, 0x0a990000)
  from space 14016K,  99% used [0x0b740000, 0x0c4efff8, 0x0c4f0000)
  to   space 14016K,   0% used [0x0a990000, 0x0a990000, 0x0b740000)
 tenured generation   total 280280K, used 194230K [0x19150000, 0x2a306000, 0x43c00000)
   the space 280280K,  69% used [0x19150000, 0x24efdb28, 0x24efdc00, 0x2a306000)
 Metaspace       used 3546K, capacity 3598K, committed 3648K, reserved 4480K
Event: 5.579 GC heap after
Heap after GC invocations=85 (full 6):
 def new generation   total 126208K, used 14016K [0x03c00000, 0x0c4f0000, 0x19150000)
  eden space 112192K,   0% used [0x03c00000, 0x03c00000, 0x0a990000)
  from space 14016K, 100% used [0x0a990000, 0x0b740000, 0x0b740000)
  to   space 14016K,   0% used [0x0b740000, 0x0b740000, 0x0c4f0000)
 tenured generation   total 280280K, used 209965K [0x19150000, 0x2a306000, 0x43c00000)
   the space 280280K,  74% used [0x19150000, 0x25e5b528, 0x25e5b600, 0x2a306000)
 Metaspace       used 3546K, capacity 3598K, committed 3648K, reserved 4480K
}
Event: 5.755 GC heap before
{Heap before GC invocations=85 (full 6):
 def new generation   total 126208K, used 126208K [0x03c00000, 0x0c4f0000, 0x19150000)
  eden space 112192K, 100% used [0x03c00000, 0x0a990000, 0x0a990000)
  from space 14016K, 100% used [0x0a990000, 0x0b740000, 0x0b740000)
  to   space 14016K,   0% used [0x0b740000, 0x0b740000, 0x0c4f0000)
 tenured generation   total 280280K, used 209965K [0x19150000, 0x2a306000, 0x43c00000)
   the space 280280K,  74% used [0x19150000, 0x25e5b528, 0x25e5b600, 0x2a306000)
 Metaspace       used 3547K, capacity 3598K, committed 3648K, reserved 4480K

