# JRE version: Java(TM) SE Runtime Environment (8.0_101-b13) (build 1.8.0_101-b13)
# Java VM: Java HotSpot(TM) Client VM (25.101-b13 mixed mode windows-x86 )
Heap:
 def new generation   total 314560K, used 279616K [0x03c00000, 0x19150000, 0x19150000)
  eden space 279616K, 100% used [0x03c00000, 0x14d10000, 0x14d10000)
  from space 34944K,   0% used [0x14d10000, 0x14d10000, 0x16f30000)
  to   space 34944K,   2% used [0x16f30000, 0x16ff9458, 0x19150000)
 tenured generation   total 699072K, used 452883K [0x19150000, 0x43c00000, 0x43c00000)
   the space 699072K,  64% used [0x19150000, 0x34b94ff8, 0x34b95000, 0x43c00000)
 Metaspace       used 3546K, capacity 3598K, committed 3648K, reserved 4480K
GC Heap History (10 events):
Event: 8.750 GC heap after
Heap after GC invocations=94 (full 7):
 def new generation   total 196736K, used 21823K [0x03c00000, 0x11170000, 0x19150000)
  eden space 174912K,   0% used [0x03c00000, 0x03c00000, 0x0e6d0000)
  from space 21824K,  99% used [0x0e6d0000, 0x0fc1fff8, 0x0fc20000)
  to   space 21824K,   0% used [0x0fc20000, 0x0fc20000, 0x11170000)
 tenured generation   total 437012K, used 353279K [0x19150000, 0x33c15000, 0x43c00000)
   the space 437012K,  80% used [0x19150000, 0x2ea4ff60, 0x2ea50000, 0x33c15000)
 Metaspace       used 3546K, capacity 3598K, committed 3648K, reserved 4480K
}
Event: 9.039 GC heap before
{Heap before GC invocations=94 (full 7):
 def new generation   total 196736K, used 196735K [0x03c00000, 0x11170000, 0x19150000)
  eden space 174912K, 100% used [0x03c00000, 0x0e6d0000, 0x0e6d0000)
  from space 21824K,  99% used [0x0e6d0000, 0x0fc1fff8, 0x0fc20000)
  to   space 21824K,   0% used [0x0fc20000, 0x0fc20000, 0x11170000)
 tenured generation   total 437012K, used 353279K [0x19150000, 0x33c15000, 0x43c00000)
   the space 437012K,  80% used [0x19150000, 0x2ea4ff60, 0x2ea50000, 0x33c15000)
 Metaspace       used 3546K, capacity 3598K, committed 3648K, reserved 4480K
Event: 9.156 GC heap after
Heap after GC invocations=95 (full 7):
 def new generation   total 196736K, used 21823K [0x03c00000, 0x11170000, 0x19150000)
  eden space 174912K,   0% used [0x03c00000, 0x03c00000, 0x0e6d0000)
  from space 21824K,  99% used [0x0fc20000, 0x1116fff8, 0x11170000)
  to   space 21824K,   0% used [0x0e6d0000, 0x0e6d0000, 0x0fc20000)
 tenured generation   total 437012K, used 378839K [0x19150000, 0x33c15000, 0x43c00000)
   the space 437012K,  86% used [0x19150000, 0x30345f48, 0x30346000, 0x33c15000)
 Metaspace       used 3546K, capacity 3598K, committed 3648K, reserved 4480K
}
Event: 9.432 GC heap before
{Heap before GC invocations=95 (full 7):
 def new generation   total 196736K, used 196735K [0x03c00000, 0x11170000, 0x19150000)
  eden space 174912K, 100% used [0x03c00000, 0x0e6d0000, 0x0e6d0000)
  from space 21824K,  99% used [0x0fc20000, 0x1116fff8, 0x11170000)
  to   space 21824K,   0% used [0x0e6d0000, 0x0e6d0000, 0x0fc20000)
 tenured generation   total 437012K, used 378839K [0x19150000, 0x33c15000, 0x43c00000)
   the space 437012K,  86% used [0x19150000, 0x30345f48, 0x30346000, 0x33c15000)
 Metaspace       used 3546K, capacity 3598K, committed 3648K, reserved 4480K
Event: 9.543 GC heap after
Heap after GC invocations=96 (full 7):
 def new generation   total 196736K, used 21824K [0x03c00000, 0x11170000, 0x19150000)
  eden space 174912K,   0% used [0x03c00000, 0x03c00000, 0x0e6d0000)
  from space 21824K, 100% used [0x0e6d0000, 0x0fc20000, 0x0fc20000)
  to   space 21824K,   0% used [0x0fc20000, 0x0fc20000, 0x11170000)
 tenured generation   total 437012K, used 403670K [0x19150000, 0x33c15000, 0x43c00000)
   the space 437012K,  92% used [0x19150000, 0x31b85bd0, 0x31b85c00, 0x33c15000)
 Metaspace       used 3546K, capacity 3598K, committed 3648K, reserved 4480K
}
Event: 9.818 GC heap before
{Heap before GC invocations=96 (full 7):
 def new generation   total 196736K, used 196736K [0x03c00000, 0x11170000, 0x19150000)
  eden space 174912K, 100% used [0x03c00000, 0x0e6d0000, 0x0e6d0000)
  from space 21824K, 100% used [0x0e6d0000, 0x0fc20000, 0x0fc20000)
  to   space 21824K,   0% used [0x0fc20000, 0x0fc20000, 0x11170000)
 tenured generation   total 437012K, used 403670K [0x19150000, 0x33c15000, 0x43c00000)
   the space 437012K,  92% used [0x19150000, 0x31b85bd0, 0x31b85c00, 0x33c15000)
 Metaspace       used 3546K, capacity 3598K, committed 3648K, reserved 4480K
Event: 9.927 GC heap after
Heap after GC invocations=97 (full 7):
 def new generation   total 196736K, used 21823K [0x03c00000, 0x11170000, 0x19150000)
  eden space 174912K,   0% used [0x03c00000, 0x03c00000, 0x0e6d0000)
  from space 21824K,  99% used [0x0fc20000, 0x1116fff8, 0x11170000)
  to   space 21824K,   0% used [0x0e6d0000, 0x0e6d0000, 0x0fc20000)
 tenured generation   total 437012K, used 427913K [0x19150000, 0x33c15000, 0x43c00000)
   the space 437012K,  97% used [0x19150000, 0x33332638, 0x33332800, 0x33c15000)
 Metaspace       used 3546K, capacity 3598K, committed 3648K, reserved 4480K
}
Event: 10.220 GC heap before
{Heap before GC invocations=97 (full 7):
 def new generation   total 196736K, used 196735K [0x03c00000, 0x11170000, 0x19150000)
  eden space 174912K, 100% used [0x03c00000, 0x0e6d0000, 0x0e6d0000)
  from space 21824K,  99% used [0x0fc20000, 0x1116fff8, 0x11170000)
  to   space 21824K,   0% used [0x0e6d0000, 0x0e6d0000, 0x0fc20000)
 tenured generation   total 437012K, used 427913K [0x19150000, 0x33c15000, 0x43c00000)
   the space 437012K,  97% used [0x19150000, 0x33332638, 0x33332800, 0x33c15000)
 Metaspace       used 3546K, capacity 3598K, committed 3648K, reserved 4480K
Event: 11.663 GC heap after
Heap after GC invocations=98 (full 8):
 def new generation   total 314560K, used 1775K [0x03c00000, 0x19150000, 0x19150000)
  eden space 279616K,   0% used [0x03c00000, 0x03dbbe28, 0x14d10000)
  from space 34944K,   0% used [0x14d10000, 0x14d10000, 0x16f30000)
  to   space 34944K,   0% used [0x16f30000, 0x16f30000, 0x19150000)
 tenured generation   total 699072K, used 452883K [0x19150000, 0x43c00000, 0x43c00000)
   the space 699072K,  64% used [0x19150000, 0x34b94ff8, 0x34b95000, 0x43c00000)
 Metaspace       used 3546K, capacity 3598K, committed 3648K, reserved 4480K
}
Event: 12.129 GC heap before
{Heap before GC invocations=98 (full 8):
 def new generation   total 314560K, used 279616K [0x03c00000, 0x19150000, 0x19150000)
  eden space 279616K, 100% used [0x03c00000, 0x14d10000, 0x14d10000)
  from space 34944K,   0% used [0x14d10000, 0x14d10000, 0x16f30000)
  to   space 34944K,   0% used [0x16f30000, 0x16f30000, 0x19150000)
 tenured generation   total 699072K, used 452883K [0x19150000, 0x43c00000, 0x43c00000)
   the space 699072K,  64% used [0x19150000, 0x34b94ff8, 0x34b95000, 0x43c00000)
 Metaspace       used 3546K, capacity 3598K, committed 3648K, reserved 4480K

