# JRE version: Java(TM) SE Runtime Environment (8.0_101-b13) (build 1.8.0_101-b13)
# Java VM: Java HotSpot(TM) Client VM (25.101-b13 mixed mode windows-x86 )
Heap:
 def new generation   total 67072K, used 67071K [0x03c00000, 0x084c0000, 0x19150000)
  eden space 59648K, 100% used [0x03c00000, 0x07640000, 0x07640000)
  from space 7424K,  99% used [0x07d80000, 0x084bfff8, 0x084c0000)
  to   space 7424K,  82% used [0x07640000, 0x07c37670, 0x07d80000)
 tenured generation   total 148940K, used 146975K [0x19150000, 0x222c3000, 0x43c00000)
   the space 148940K,  98% used [0x19150000, 0x220d7ea8, 0x220d8000, 0x222c3000)
 Metaspace       used 3547K, capacity 3598K, committed 3648K, reserved 4480K
GC Heap History (10 events):
Event: 3.266 GC heap after
Heap after GC invocations=55 (full 5):
 def new generation   total 67072K, used 7423K [0x03c00000, 0x084c0000, 0x19150000)
  eden space 59648K,   0% used [0x03c00000, 0x03c00000, 0x07640000)
  from space 7424K,  99% used [0x07d80000, 0x084bfff8, 0x084c0000)
  to   space 7424K,   0% used [0x07640000, 0x07640000, 0x07d80000)
 tenured generation   total 148940K, used 111387K [0x19150000, 0x222c3000, 0x43c00000)
   the space 148940K,  74% used [0x19150000, 0x1fe16f90, 0x1fe17000, 0x222c3000)
 Metaspace       used 3546K, capacity 3598K, committed 3648K, reserved 4480K
}
Event: 3.372 GC heap before
{Heap before GC invocations=55 (full 5):
 def new generation   total 67072K, used 67071K [0x03c00000, 0x084c0000, 0x19150000)
  eden space 59648K, 100% used [0x03c00000, 0x07640000, 0x07640000)
  from space 7424K,  99% used [0x07d80000, 0x084bfff8, 0x084c0000)
  to   space 7424K,   0% used [0x07640000, 0x07640000, 0x07d80000)
 tenured generation   total 148940K, used 111387K [0x19150000, 0x222c3000, 0x43c00000)
   the space 148940K,  74% used [0x19150000, 0x1fe16f90, 0x1fe17000, 0x222c3000)
 Metaspace       used 3547K, capacity 3598K, committed 3648K, reserved 4480K
Event: 3.417 GC heap after
Heap after GC invocations=56 (full 5):
 def new generation   total 67072K, used 7424K [0x03c00000, 0x084c0000, 0x19150000)
  eden space 59648K,   0% used [0x03c00000, 0x03c00000, 0x07640000)
  from space 7424K, 100% used [0x07640000, 0x07d80000, 0x07d80000)
  to   space 7424K,   0% used [0x07d80000, 0x07d80000, 0x084c0000)
 tenured generation   total 148940K, used 120327K [0x19150000, 0x222c3000, 0x43c00000)
   the space 148940K,  80% used [0x19150000, 0x206d1ff0, 0x206d2000, 0x222c3000)
 Metaspace       used 3547K, capacity 3598K, committed 3648K, reserved 4480K
}
Event: 3.533 GC heap before
{Heap before GC invocations=56 (full 5):
 def new generation   total 67072K, used 67072K [0x03c00000, 0x084c0000, 0x19150000)
  eden space 59648K, 100% used [0x03c00000, 0x07640000, 0x07640000)
  from space 7424K, 100% used [0x07640000, 0x07d80000, 0x07d80000)
  to   space 7424K,   0% used [0x07d80000, 0x07d80000, 0x084c0000)
 tenured generation   total 148940K, used 120327K [0x19150000, 0x222c3000, 0x43c00000)
   the space 148940K,  80% used [0x19150000, 0x206d1ff0, 0x206d2000, 0x222c3000)
 Metaspace       used 3547K, capacity 3598K, committed 3648K, reserved 4480K
Event: 3.586 GC heap after
Heap after GC invocations=57 (full 5):
 def new generation   total 67072K, used 7424K [0x03c00000, 0x084c0000, 0x19150000)
  eden space 59648K,   0% used [0x03c00000, 0x03c00000, 0x07640000)
  from space 7424K, 100% used [0x07d80000, 0x084c0000, 0x084c0000)
  to   space 7424K,   0% used [0x07640000, 0x07640000, 0x07d80000)
 tenured generation   total 148940K, used 128980K [0x19150000, 0x222c3000, 0x43c00000)
   the space 148940K,  86% used [0x19150000, 0x20f451c0, 0x20f45200, 0x222c3000)
 Metaspace       used 3547K, capacity 3598K, committed 3648K, reserved 4480K
}
Event: 3.706 GC heap before
{Heap before GC invocations=57 (full 5):
 def new generation   total 67072K, used 67072K [0x03c00000, 0x084c0000, 0x19150000)
  eden space 59648K, 100% used [0x03c00000, 0x07640000, 0x07640000)
  from space 7424K, 100% used [0x07d80000, 0x084c0000, 0x084c0000)
  to   space 7424K,   0% used [0x07640000, 0x07640000, 0x07d80000)
 tenured generation   total 148940K, used 128980K [0x19150000, 0x222c3000, 0x43c00000)
   the space 148940K,  86% used [0x19150000, 0x20f451c0, 0x20f45200, 0x222c3000)
 Metaspace       used 3547K, capacity 3598K, committed 3648K, reserved 4480K
Event: 3.763 GC heap after
Heap after GC invocations=58 (full 5):
 def new generation   total 67072K, used 7424K [0x03c00000, 0x084c0000, 0x19150000)
  eden space 59648K,   0% used [0x03c00000, 0x03c00000, 0x07640000)
  from space 7424K, 100% used [0x07640000, 0x07d80000, 0x07d80000)
  to   space 7424K,   0% used [0x07d80000, 0x07d80000, 0x084c0000)
 tenured generation   total 148940K, used 138359K [0x19150000, 0x222c3000, 0x43c00000)
   the space 148940K,  92% used [0x19150000, 0x2186de38, 0x2186e000, 0x222c3000)
 Metaspace       used 3547K, capacity 3598K, committed 3648K, reserved 4480K
}
Event: 3.945 GC heap before
{Heap before GC invocations=58 (full 5):
 def new generation   total 67072K, used 67072K [0x03c00000, 0x084c0000, 0x19150000)
  eden space 59648K, 100% used [0x03c00000, 0x07640000, 0x07640000)
  from space 7424K, 100% used [0x07640000, 0x07d80000, 0x07d80000)
  to   space 7424K,   0% used [0x07d80000, 0x07d80000, 0x084c0000)
 tenured generation   total 148940K, used 138359K [0x19150000, 0x222c3000, 0x43c00000)
   the space 148940K,  92% used [0x19150000, 0x2186de38, 0x2186e000, 0x222c3000)
 Metaspace       used 3547K, capacity 3598K, committed 3648K, reserved 4480K
Event: 3.998 GC heap after
Heap after GC invocations=59 (full 5):
 def new generation   total 67072K, used 7423K [0x03c00000, 0x084c0000, 0x19150000)
  eden space 59648K,   0% used [0x03c00000, 0x03c00000, 0x07640000)
  from space 7424K,  99% used [0x07d80000, 0x084bfff8, 0x084c0000)
  to   space 7424K,   0% used [0x07640000, 0x07640000, 0x07d80000)
 tenured generation   total 148940K, used 146787K [0x19150000, 0x222c3000, 0x43c00000)
   the space 148940K,  98% used [0x19150000, 0x220a8e20, 0x220a9000, 0x222c3000)
 Metaspace       used 3547K, capacity 3598K, committed 3648K, reserved 4480K
}
Event: 4.161 GC heap before
{Heap before GC invocations=59 (full 5):
 def new generation   total 67072K, used 67071K [0x03c00000, 0x084c0000, 0x19150000)
  eden space 59648K, 100% used [0x03c00000, 0x07640000, 0x07640000)
  from space 7424K,  99% used [0x07d80000, 0x084bfff8, 0x084c0000)
  to   space 7424K,   0% used [0x07640000, 0x07640000, 0x07d80000)
 tenured generation   total 148940K, used 146787K [0x19150000, 0x222c3000, 0x43c00000)
   the space 148940K,  98% used [0x19150000, 0x220a8e20, 0x220a9000, 0x222c3000)
 Metaspace       used 3547K, capacity 3598K, committed 3648K, reserved 4480K

