# JRE version: Java(TM) SE Runtime Environment (8.0_101-b13) (build 1.8.0_101-b13)
# Java VM: Java HotSpot(TM) Client VM (25.101-b13 mixed mode windows-x86 )
Heap:
 def new generation   total 116608K, used 116608K [0x03c00000, 0x0ba80000, 0x19150000)
  eden space 103680K, 100% used [0x03c00000, 0x0a140000, 0x0a140000)
  from space 12928K, 100% used [0x0a140000, 0x0ade0000, 0x0ade0000)
  to   space 12928K,  91% used [0x0ade0000, 0x0b962778, 0x0ba80000)
 tenured generation   total 258968K, used 219192K [0x19150000, 0x28e36000, 0x43c00000)
   the space 258968K,  84% used [0x19150000, 0x2675e048, 0x2675e200, 0x28e36000)
 Metaspace       used 3546K, capacity 3598K, committed 3648K, reserved 4480K
GC Heap History (10 events):
Event: 4.909 GC heap after
Heap after GC invocations=81 (full 6):
 def new generation   total 116608K, used 3712K [0x03c00000, 0x0ba80000, 0x19150000)
  eden space 103680K,   3% used [0x03c00000, 0x03fa0138, 0x0a140000)
  from space 12928K,   0% used [0x0a140000, 0x0a140000, 0x0ade0000)
  to   space 12928K,   0% used [0x0ade0000, 0x0ade0000, 0x0ba80000)
 tenured generation   total 258968K, used 155380K [0x19150000, 0x28e36000, 0x43c00000)
   the space 258968K,  59% used [0x19150000, 0x2290d000, 0x2290d000, 0x28e36000)
 Metaspace       used 3545K, capacity 3566K, committed 3648K, reserved 4480K
}
Event: 5.077 GC heap before
{Heap before GC invocations=81 (full 6):
 def new generation   total 116608K, used 103680K [0x03c00000, 0x0ba80000, 0x19150000)
  eden space 103680K, 100% used [0x03c00000, 0x0a140000, 0x0a140000)
  from space 12928K,   0% used [0x0a140000, 0x0a140000, 0x0ade0000)
  to   space 12928K,   0% used [0x0ade0000, 0x0ade0000, 0x0ba80000)
 tenured generation   total 258968K, used 155380K [0x19150000, 0x28e36000, 0x43c00000)
   the space 258968K,  59% used [0x19150000, 0x2290d000, 0x2290d000, 0x28e36000)
 Metaspace       used 3546K, capacity 3598K, committed 3648K, reserved 4480K
Event: 5.204 GC heap after
Heap after GC invocations=82 (full 6):
 def new generation   total 116608K, used 12928K [0x03c00000, 0x0ba80000, 0x19150000)
  eden space 103680K,   0% used [0x03c00000, 0x03c00000, 0x0a140000)
  from space 12928K, 100% used [0x0ade0000, 0x0ba80000, 0x0ba80000)
  to   space 12928K,   0% used [0x0a140000, 0x0a140000, 0x0ade0000)
 tenured generation   total 258968K, used 162108K [0x19150000, 0x28e36000, 0x43c00000)
   the space 258968K,  62% used [0x19150000, 0x22f9f2b0, 0x22f9f400, 0x28e36000)
 Metaspace       used 3546K, capacity 3598K, committed 3648K, reserved 4480K
}
Event: 5.263 GC heap before
{Heap before GC invocations=82 (full 6):
 def new generation   total 116608K, used 116608K [0x03c00000, 0x0ba80000, 0x19150000)
  eden space 103680K, 100% used [0x03c00000, 0x0a140000, 0x0a140000)
  from space 12928K, 100% used [0x0ade0000, 0x0ba80000, 0x0ba80000)
  to   space 12928K,   0% used [0x0a140000, 0x0a140000, 0x0ade0000)
 tenured generation   total 258968K, used 162108K [0x19150000, 0x28e36000, 0x43c00000)
   the space 258968K,  62% used [0x19150000, 0x22f9f2b0, 0x22f9f400, 0x28e36000)
 Metaspace       used 3546K, capacity 3598K, committed 3648K, reserved 4480K
Event: 5.293 GC heap after
Heap after GC invocations=83 (full 6):
 def new generation   total 116608K, used 889K [0x03c00000, 0x0ba80000, 0x19150000)
  eden space 103680K,   0% used [0x03c00000, 0x03c00000, 0x0a140000)
  from space 12928K,   6% used [0x0a140000, 0x0a21e580, 0x0ade0000)
  to   space 12928K,   0% used [0x0ade0000, 0x0ade0000, 0x0ba80000)
 tenured generation   total 258968K, used 174768K [0x19150000, 0x28e36000, 0x43c00000)
   the space 258968K,  67% used [0x19150000, 0x23bfc258, 0x23bfc400, 0x28e36000)
 Metaspace       used 3546K, capacity 3598K, committed 3648K, reserved 4480K
}
Event: 5.432 GC heap before
{Heap before GC invocations=83 (full 6):
 def new generation   total 116608K, used 104569K [0x03c00000, 0x0ba80000, 0x19150000)
  eden space 103680K, 100% used [0x03c00000, 0x0a140000, 0x0a140000)
  from space 12928K,   6% used [0x0a140000, 0x0a21e580, 0x0ade0000)
  to   space 12928K,   0% used [0x0ade0000, 0x0ade0000, 0x0ba80000)
 tenured generation   total 258968K, used 174768K [0x19150000, 0x28e36000, 0x43c00000)
   the space 258968K,  67% used [0x19150000, 0x23bfc258, 0x23bfc400, 0x28e36000)
 Metaspace       used 3546K, capacity 3598K, committed 3648K, reserved 4480K
Event: 5.468 GC heap after
Heap after GC invocations=84 (full 6):
 def new generation   total 116608K, used 12038K [0x03c00000, 0x0ba80000, 0x19150000)
  eden space 103680K,   0% used [0x03c00000, 0x03c00000, 0x0a140000)
  from space 12928K,  93% used [0x0ade0000, 0x0b9a1b78, 0x0ba80000)
  to   space 12928K,   0% used [0x0a140000, 0x0a140000, 0x0ade0000)
 tenured generation   total 258968K, used 174768K [0x19150000, 0x28e36000, 0x43c00000)
   the space 258968K,  67% used [0x19150000, 0x23bfc258, 0x23bfc400, 0x28e36000)
 Metaspace       used 3546K, capacity 3598K, committed 3648K, reserved 4480K
}
Event: 5.667 GC heap before
{Heap before GC invocations=84 (full 6):
 def new generation   total 116608K, used 115718K [0x03c00000, 0x0ba80000, 0x19150000)
  eden space 103680K, 100% used [0x03c00000, 0x0a140000, 0x0a140000)
  from space 12928K,  93% used [0x0ade0000, 0x0b9a1b78, 0x0ba80000)
  to   space 12928K,   0% used [0x0a140000, 0x0a140000, 0x0ade0000)
 tenured generation   total 258968K, used 174768K [0x19150000, 0x28e36000, 0x43c00000)
   the space 258968K,  67% used [0x19150000, 0x23bfc258, 0x23bfc400, 0x28e36000)
 Metaspace       used 3546K, capacity 3598K, committed 3648K, reserved 4480K
Event: 5.733 GC heap after
Heap after GC invocations=85 (full 6):
 def new generation   total 116608K, used 12928K [0x03c00000, 0x0ba80000, 0x19150000)
  eden space 103680K,   0% used [0x03c00000, 0x03c00000, 0x0a140000)
  from space 12928K, 100% used [0x0a140000, 0x0ade0000, 0x0ade0000)
  to   space 12928K,   0% used [0x0ade0000, 0x0ade0000, 0x0ba80000)
 tenured generation   total 258968K, used 188001K [0x19150000, 0x28e36000, 0x43c00000)
   the space 258968K,  72% used [0x19150000, 0x248e8448, 0x248e8600, 0x28e36000)
 Metaspace       used 3546K, capacity 3598K, committed 3648K, reserved 4480K
}
Event: 5.901 GC heap before
{Heap before GC invocations=85 (full 6):
 def new generation   total 116608K, used 116608K [0x03c00000, 0x0ba80000, 0x19150000)
  eden space 103680K, 100% used [0x03c00000, 0x0a140000, 0x0a140000)
  from space 12928K, 100% used [0x0a140000, 0x0ade0000, 0x0ade0000)
  to   space 12928K,   0% used [0x0ade0000, 0x0ade0000, 0x0ba80000)
 tenured generation   total 258968K, used 188001K [0x19150000, 0x28e36000, 0x43c00000)
   the space 258968K,  72% used [0x19150000, 0x248e8448, 0x248e8600, 0x28e36000)
 Metaspace       used 3546K, capacity 3598K, committed 3648K, reserved 4480K

