# JRE version: Java(TM) SE Runtime Environment (8.0_101-b13) (build 1.8.0_101-b13)
# Java VM: Java HotSpot(TM) Client VM (25.101-b13 mixed mode windows-x86 )
Heap:
 def new generation   total 314560K, used 279616K [0x03c00000, 0x19150000, 0x19150000)
  eden space 279616K, 100% used [0x03c00000, 0x14d10000, 0x14d10000)
  from space 34944K,   0% used [0x14d10000, 0x14d10000, 0x16f30000)
  to   space 34944K,   2% used [0x16f30000, 0x17017818, 0x19150000)
 tenured generation   total 699072K, used 491671K [0x19150000, 0x43c00000, 0x43c00000)
   the space 699072K,  70% used [0x19150000, 0x37175ff8, 0x37176000, 0x43c00000)
 Metaspace       used 3547K, capacity 3598K, committed 3648K, reserved 4480K
GC Heap History (10 events):
Event: 10.146 GC heap after
Heap after GC invocations=96 (full 7):
 def new generation   total 215424K, used 23872K [0x03c00000, 0x125b0000, 0x19150000)
  eden space 191552K,   0% used [0x03c00000, 0x03c00000, 0x0f710000)
  from space 23872K, 100% used [0x10e60000, 0x125b0000, 0x125b0000)
  to   space 23872K,   0% used [0x0f710000, 0x0f710000, 0x10e60000)
 tenured generation   total 478488K, used 413861K [0x19150000, 0x36496000, 0x43c00000)
   the space 478488K,  86% used [0x19150000, 0x32579510, 0x32579600, 0x36496000)
 Metaspace       used 3547K, capacity 3598K, committed 3648K, reserved 4480K
}
Event: 10.463 GC heap before
{Heap before GC invocations=96 (full 7):
 def new generation   total 215424K, used 215424K [0x03c00000, 0x125b0000, 0x19150000)
  eden space 191552K, 100% used [0x03c00000, 0x0f710000, 0x0f710000)
  from space 23872K, 100% used [0x10e60000, 0x125b0000, 0x125b0000)
  to   space 23872K,   0% used [0x0f710000, 0x0f710000, 0x10e60000)
 tenured generation   total 478488K, used 413863K [0x19150000, 0x36496000, 0x43c00000)
   the space 478488K,  86% used [0x19150000, 0x32579f28, 0x3257a000, 0x36496000)
 Metaspace       used 3547K, capacity 3598K, committed 3648K, reserved 4480K
Event: 10.595 GC heap after
Heap after GC invocations=97 (full 7):
 def new generation   total 215424K, used 23872K [0x03c00000, 0x125b0000, 0x19150000)
  eden space 191552K,   0% used [0x03c00000, 0x03c00000, 0x0f710000)
  from space 23872K, 100% used [0x0f710000, 0x10e60000, 0x10e60000)
  to   space 23872K,   0% used [0x10e60000, 0x10e60000, 0x125b0000)
 tenured generation   total 478488K, used 440601K [0x19150000, 0x36496000, 0x43c00000)
   the space 478488K,  92% used [0x19150000, 0x33f965c0, 0x33f96600, 0x36496000)
 Metaspace       used 3547K, capacity 3598K, committed 3648K, reserved 4480K
}
Event: 10.596 GC heap before
{Heap before GC invocations=97 (full 7):
 def new generation   total 215424K, used 26909K [0x03c00000, 0x125b0000, 0x19150000)
  eden space 191552K,   1% used [0x03c00000, 0x03ef74b0, 0x0f710000)
  from space 23872K, 100% used [0x0f710000, 0x10e60000, 0x10e60000)
  to   space 23872K,   0% used [0x10e60000, 0x10e60000, 0x125b0000)
 tenured generation   total 478488K, used 440601K [0x19150000, 0x36496000, 0x43c00000)
   the space 478488K,  92% used [0x19150000, 0x33f965c0, 0x33f96600, 0x36496000)
 Metaspace       used 3547K, capacity 3598K, committed 3648K, reserved 4480K
Event: 10.650 GC heap after
Heap after GC invocations=98 (full 7):
 def new generation   total 215424K, used 147K [0x03c00000, 0x125b0000, 0x19150000)
  eden space 191552K,   0% used [0x03c00000, 0x03c00000, 0x0f710000)
  from space 23872K,   0% used [0x10e60000, 0x10e84ef8, 0x125b0000)
  to   space 23872K,   0% used [0x0f710000, 0x0f710000, 0x10e60000)
 tenured generation   total 478488K, used 464425K [0x19150000, 0x36496000, 0x43c00000)
   the space 478488K,  97% used [0x19150000, 0x356da4a0, 0x356da600, 0x36496000)
 Metaspace       used 3547K, capacity 3598K, committed 3648K, reserved 4480K
}
Event: 10.983 GC heap before
{Heap before GC invocations=98 (full 7):
 def new generation   total 215424K, used 191699K [0x03c00000, 0x125b0000, 0x19150000)
  eden space 191552K, 100% used [0x03c00000, 0x0f710000, 0x0f710000)
  from space 23872K,   0% used [0x10e60000, 0x10e84ef8, 0x125b0000)
  to   space 23872K,   0% used [0x0f710000, 0x0f710000, 0x10e60000)
 tenured generation   total 478488K, used 464425K [0x19150000, 0x36496000, 0x43c00000)
   the space 478488K,  97% used [0x19150000, 0x356da4a0, 0x356da600, 0x36496000)
 Metaspace       used 3547K, capacity 3598K, committed 3648K, reserved 4480K
Event: 11.050 GC heap after
Heap after GC invocations=99 (full 7):
 def new generation   total 215424K, used 23872K [0x03c00000, 0x125b0000, 0x19150000)
  eden space 191552K,   0% used [0x03c00000, 0x03c00000, 0x0f710000)
  from space 23872K, 100% used [0x0f710000, 0x10e60000, 0x10e60000)
  to   space 23872K,   0% used [0x10e60000, 0x10e60000, 0x125b0000)
 tenured generation   total 478488K, used 464649K [0x19150000, 0x36496000, 0x43c00000)
   the space 478488K,  97% used [0x19150000, 0x35712488, 0x35712600, 0x36496000)
 Metaspace       used 3547K, capacity 3598K, committed 3648K, reserved 4480K
}
Event: 11.359 GC heap before
{Heap before GC invocations=99 (full 7):
 def new generation   total 215424K, used 215424K [0x03c00000, 0x125b0000, 0x19150000)
  eden space 191552K, 100% used [0x03c00000, 0x0f710000, 0x0f710000)
  from space 23872K, 100% used [0x0f710000, 0x10e60000, 0x10e60000)
  to   space 23872K,   0% used [0x10e60000, 0x10e60000, 0x125b0000)
 tenured generation   total 478488K, used 464649K [0x19150000, 0x36496000, 0x43c00000)
   the space 478488K,  97% used [0x19150000, 0x35712488, 0x35712600, 0x36496000)
 Metaspace       used 3547K, capacity 3598K, committed 3648K, reserved 4480K
Event: 12.947 GC heap after
Heap after GC invocations=100 (full 8):
 def new generation   total 314560K, used 5628K [0x03c00000, 0x19150000, 0x19150000)
  eden space 279616K,   2% used [0x03c00000, 0x0417f210, 0x14d10000)
  from space 34944K,   0% used [0x14d10000, 0x14d10000, 0x16f30000)
  to   space 34944K,   0% used [0x16f30000, 0x16f30000, 0x19150000)
 tenured generation   total 699072K, used 491671K [0x19150000, 0x43c00000, 0x43c00000)
   the space 699072K,  70% used [0x19150000, 0x37175ff8, 0x37176000, 0x43c00000)
 Metaspace       used 3547K, capacity 3598K, committed 3648K, reserved 4480K
}
Event: 13.568 GC heap before
{Heap before GC invocations=100 (full 8):
 def new generation   total 314560K, used 279616K [0x03c00000, 0x19150000, 0x19150000)
  eden space 279616K, 100% used [0x03c00000, 0x14d10000, 0x14d10000)
  from space 34944K,   0% used [0x14d10000, 0x14d10000, 0x16f30000)
  to   space 34944K,   0% used [0x16f30000, 0x16f30000, 0x19150000)
 tenured generation   total 699072K, used 491671K [0x19150000, 0x43c00000, 0x43c00000)
   the space 699072K,  70% used [0x19150000, 0x37175ff8, 0x37176000, 0x43c00000)
 Metaspace       used 3547K, capacity 3598K, committed 3648K, reserved 4480K

