# JRE version: Java(TM) SE Runtime Environment (8.0_101-b13) (build 1.8.0_101-b13)
# Java VM: Java HotSpot(TM) Client VM (25.101-b13 mixed mode windows-x86 )
Heap:
 def new generation   total 193984K, used 193984K [0x03c00000, 0x10e70000, 0x19150000)
  eden space 172480K, 100% used [0x03c00000, 0x0e470000, 0x0e470000)
  from space 21504K, 100% used [0x0f970000, 0x10e70000, 0x10e70000)
  to   space 21504K,  99% used [0x0e470000, 0x0f96fff8, 0x0f970000)
 tenured generation   total 436248K, used 436170K [0x19150000, 0x33b56000, 0x43c00000)
   the space 436248K,  99% used [0x19150000, 0x33b42a00, 0x33b42a00, 0x33b56000)
 Metaspace       used 3547K, capacity 3598K, committed 3648K, reserved 4480K
GC Heap History (10 events):
Event: 9.275 GC heap after
Heap after GC invocations=90 (full 7):
 def new generation   total 193984K, used 21503K [0x03c00000, 0x10e70000, 0x19150000)
  eden space 172480K,   0% used [0x03c00000, 0x03c00000, 0x0e470000)
  from space 21504K,  99% used [0x0f970000, 0x10e6fff8, 0x10e70000)
  to   space 21504K,   0% used [0x0e470000, 0x0e470000, 0x0f970000)
 tenured generation   total 430872K, used 321718K [0x19150000, 0x33616000, 0x43c00000)
   the space 430872K,  74% used [0x19150000, 0x2cb7da38, 0x2cb7dc00, 0x33616000)
 Metaspace       used 3547K, capacity 3598K, committed 3648K, reserved 4480K
}
Event: 9.550 GC heap before
{Heap before GC invocations=90 (full 7):
 def new generation   total 193984K, used 193983K [0x03c00000, 0x10e70000, 0x19150000)
  eden space 172480K, 100% used [0x03c00000, 0x0e470000, 0x0e470000)
  from space 21504K,  99% used [0x0f970000, 0x10e6fff8, 0x10e70000)
  to   space 21504K,   0% used [0x0e470000, 0x0e470000, 0x0f970000)
 tenured generation   total 430872K, used 321718K [0x19150000, 0x33616000, 0x43c00000)
   the space 430872K,  74% used [0x19150000, 0x2cb7da38, 0x2cb7dc00, 0x33616000)
 Metaspace       used 3547K, capacity 3598K, committed 3648K, reserved 4480K
Event: 9.663 GC heap after
Heap after GC invocations=91 (full 7):
 def new generation   total 193984K, used 21504K [0x03c00000, 0x10e70000, 0x19150000)
  eden space 172480K,   0% used [0x03c00000, 0x03c00000, 0x0e470000)
  from space 21504K, 100% used [0x0e470000, 0x0f970000, 0x0f970000)
  to   space 21504K,   0% used [0x0f970000, 0x0f970000, 0x10e70000)
 tenured generation   total 430872K, used 345860K [0x19150000, 0x33616000, 0x43c00000)
   the space 430872K,  80% used [0x19150000, 0x2e311040, 0x2e311200, 0x33616000)
 Metaspace       used 3547K, capacity 3598K, committed 3648K, reserved 4480K
}
Event: 9.937 GC heap before
{Heap before GC invocations=91 (full 7):
 def new generation   total 193984K, used 193984K [0x03c00000, 0x10e70000, 0x19150000)
  eden space 172480K, 100% used [0x03c00000, 0x0e470000, 0x0e470000)
  from space 21504K, 100% used [0x0e470000, 0x0f970000, 0x0f970000)
  to   space 21504K,   0% used [0x0f970000, 0x0f970000, 0x10e70000)
 tenured generation   total 430872K, used 345860K [0x19150000, 0x33616000, 0x43c00000)
   the space 430872K,  80% used [0x19150000, 0x2e311040, 0x2e311200, 0x33616000)
 Metaspace       used 3547K, capacity 3598K, committed 3648K, reserved 4480K
Event: 10.059 GC heap after
Heap after GC invocations=92 (full 7):
 def new generation   total 193984K, used 21504K [0x03c00000, 0x10e70000, 0x19150000)
  eden space 172480K,   0% used [0x03c00000, 0x03c00000, 0x0e470000)
  from space 21504K, 100% used [0x0f970000, 0x10e70000, 0x10e70000)
  to   space 21504K,   0% used [0x0e470000, 0x0e470000, 0x0f970000)
 tenured generation   total 430872K, used 371638K [0x19150000, 0x33616000, 0x43c00000)
   the space 430872K,  86% used [0x19150000, 0x2fc3d868, 0x2fc3da00, 0x33616000)
 Metaspace       used 3547K, capacity 3598K, committed 3648K, reserved 4480K
}
Event: 10.357 GC heap before
{Heap before GC invocations=92 (full 7):
 def new generation   total 193984K, used 193984K [0x03c00000, 0x10e70000, 0x19150000)
  eden space 172480K, 100% used [0x03c00000, 0x0e470000, 0x0e470000)
  from space 21504K, 100% used [0x0f970000, 0x10e70000, 0x10e70000)
  to   space 21504K,   0% used [0x0e470000, 0x0e470000, 0x0f970000)
 tenured generation   total 430872K, used 371638K [0x19150000, 0x33616000, 0x43c00000)
   the space 430872K,  86% used [0x19150000, 0x2fc3d868, 0x2fc3da00, 0x33616000)
 Metaspace       used 3547K, capacity 3598K, committed 3648K, reserved 4480K
Event: 10.471 GC heap after
Heap after GC invocations=93 (full 7):
 def new generation   total 193984K, used 21504K [0x03c00000, 0x10e70000, 0x19150000)
  eden space 172480K,   0% used [0x03c00000, 0x03c00000, 0x0e470000)
  from space 21504K, 100% used [0x0e470000, 0x0f970000, 0x0f970000)
  to   space 21504K,   0% used [0x0f970000, 0x0f970000, 0x10e70000)
 tenured generation   total 430872K, used 396393K [0x19150000, 0x33616000, 0x43c00000)
   the space 430872K,  91% used [0x19150000, 0x3146a768, 0x3146a800, 0x33616000)
 Metaspace       used 3547K, capacity 3598K, committed 3648K, reserved 4480K
}
Event: 10.739 GC heap before
{Heap before GC invocations=93 (full 7):
 def new generation   total 193984K, used 193984K [0x03c00000, 0x10e70000, 0x19150000)
  eden space 172480K, 100% used [0x03c00000, 0x0e470000, 0x0e470000)
  from space 21504K, 100% used [0x0e470000, 0x0f970000, 0x0f970000)
  to   space 21504K,   0% used [0x0f970000, 0x0f970000, 0x10e70000)
 tenured generation   total 430872K, used 396393K [0x19150000, 0x33616000, 0x43c00000)
   the space 430872K,  91% used [0x19150000, 0x3146a768, 0x3146a800, 0x33616000)
 Metaspace       used 3547K, capacity 3598K, committed 3648K, reserved 4480K
Event: 10.849 GC heap after
Heap after GC invocations=94 (full 7):
 def new generation   total 193984K, used 21504K [0x03c00000, 0x10e70000, 0x19150000)
  eden space 172480K,   0% used [0x03c00000, 0x03c00000, 0x0e470000)
  from space 21504K, 100% used [0x0f970000, 0x10e70000, 0x10e70000)
  to   space 21504K,   0% used [0x0e470000, 0x0e470000, 0x0f970000)
 tenured generation   total 430872K, used 421025K [0x19150000, 0x33616000, 0x43c00000)
   the space 430872K,  97% used [0x19150000, 0x32c78760, 0x32c78800, 0x33616000)
 Metaspace       used 3547K, capacity 3598K, committed 3648K, reserved 4480K
}
Event: 11.134 GC heap before
{Heap before GC invocations=94 (full 7):
 def new generation   total 193984K, used 193984K [0x03c00000, 0x10e70000, 0x19150000)
  eden space 172480K, 100% used [0x03c00000, 0x0e470000, 0x0e470000)
  from space 21504K, 100% used [0x0f970000, 0x10e70000, 0x10e70000)
  to   space 21504K,   0% used [0x0e470000, 0x0e470000, 0x0f970000)
 tenured generation   total 430872K, used 421025K [0x19150000, 0x33616000, 0x43c00000)
   the space 430872K,  97% used [0x19150000, 0x32c78760, 0x32c78800, 0x33616000)
 Metaspace       used 3547K, capacity 3598K, committed 3648K, reserved 4480K

