# JRE version: Java(TM) SE Runtime Environment (8.0_101-b13) (build 1.8.0_101-b13)
# Java VM: Java HotSpot(TM) Client VM (25.101-b13 mixed mode windows-x86 )
Heap:
 def new generation   total 123072K, used 109440K [0x03c00000, 0x0c180000, 0x19150000)
  eden space 109440K, 100% used [0x03c00000, 0x0a6e0000, 0x0a6e0000)
  from space 13632K,   0% used [0x0a6e0000, 0x0a6e0000, 0x0b430000)
  to   space 13632K,   0% used [0x0b430000, 0x0b44c160, 0x0c180000)
 tenured generation   total 273248K, used 163947K [0x19150000, 0x29c28000, 0x43c00000)
   the space 273248K,  59% used [0x19150000, 0x2316aff0, 0x2316b000, 0x29c28000)
 Metaspace       used 3545K, capacity 3598K, committed 3648K, reserved 4480K
GC Heap History (10 events):
Event: 3.637 GC heap after
Heap after GC invocations=77 (full 5):
 def new generation   total 72384K, used 8000K [0x03c00000, 0x08a80000, 0x19150000)
  eden space 64384K,   0% used [0x03c00000, 0x03c00000, 0x07ae0000)
  from space 8000K, 100% used [0x07ae0000, 0x082b0000, 0x082b0000)
  to   space 8000K,   0% used [0x082b0000, 0x082b0000, 0x08a80000)
 tenured generation   total 160620K, used 130689K [0x19150000, 0x22e2b000, 0x43c00000)
   the space 160620K,  81% used [0x19150000, 0x210f0460, 0x210f0600, 0x22e2b000)
 Metaspace       used 3543K, capacity 3566K, committed 3648K, reserved 4480K
}
Event: 3.739 GC heap before
{Heap before GC invocations=77 (full 5):
 def new generation   total 72384K, used 72384K [0x03c00000, 0x08a80000, 0x19150000)
  eden space 64384K, 100% used [0x03c00000, 0x07ae0000, 0x07ae0000)
  from space 8000K, 100% used [0x07ae0000, 0x082b0000, 0x082b0000)
  to   space 8000K,   0% used [0x082b0000, 0x082b0000, 0x08a80000)
 tenured generation   total 160620K, used 130689K [0x19150000, 0x22e2b000, 0x43c00000)
   the space 160620K,  81% used [0x19150000, 0x210f0460, 0x210f0600, 0x22e2b000)
 Metaspace       used 3543K, capacity 3566K, committed 3648K, reserved 4480K
Event: 3.779 GC heap after
Heap after GC invocations=78 (full 5):
 def new generation   total 72384K, used 8000K [0x03c00000, 0x08a80000, 0x19150000)
  eden space 64384K,   0% used [0x03c00000, 0x03c00000, 0x07ae0000)
  from space 8000K, 100% used [0x082b0000, 0x08a80000, 0x08a80000)
  to   space 8000K,   0% used [0x07ae0000, 0x07ae0000, 0x082b0000)
 tenured generation   total 160620K, used 140117K [0x19150000, 0x22e2b000, 0x43c00000)
   the space 160620K,  87% used [0x19150000, 0x21a254b8, 0x21a25600, 0x22e2b000)
 Metaspace       used 3543K, capacity 3566K, committed 3648K, reserved 4480K
}
Event: 3.881 GC heap before
{Heap before GC invocations=78 (full 5):
 def new generation   total 72384K, used 72384K [0x03c00000, 0x08a80000, 0x19150000)
  eden space 64384K, 100% used [0x03c00000, 0x07ae0000, 0x07ae0000)
  from space 8000K, 100% used [0x082b0000, 0x08a80000, 0x08a80000)
  to   space 8000K,   0% used [0x07ae0000, 0x07ae0000, 0x082b0000)
 tenured generation   total 160620K, used 140117K [0x19150000, 0x22e2b000, 0x43c00000)
   the space 160620K,  87% used [0x19150000, 0x21a254b8, 0x21a25600, 0x22e2b000)
 Metaspace       used 3543K, capacity 3566K, committed 3648K, reserved 4480K
Event: 3.919 GC heap after
Heap after GC invocations=79 (full 5):
 def new generation   total 72384K, used 8000K [0x03c00000, 0x08a80000, 0x19150000)
  eden space 64384K,   0% used [0x03c00000, 0x03c00000, 0x07ae0000)
  from space 8000K, 100% used [0x07ae0000, 0x082b0000, 0x082b0000)
  to   space 8000K,   0% used [0x082b0000, 0x082b0000, 0x08a80000)
 tenured generation   total 160620K, used 148326K [0x19150000, 0x22e2b000, 0x43c00000)
   the space 160620K,  92% used [0x19150000, 0x22229a98, 0x22229c00, 0x22e2b000)
 Metaspace       used 3543K, capacity 3566K, committed 3648K, reserved 4480K
}
Event: 4.022 GC heap before
{Heap before GC invocations=79 (full 5):
 def new generation   total 72384K, used 72384K [0x03c00000, 0x08a80000, 0x19150000)
  eden space 64384K, 100% used [0x03c00000, 0x07ae0000, 0x07ae0000)
  from space 8000K, 100% used [0x07ae0000, 0x082b0000, 0x082b0000)
  to   space 8000K,   0% used [0x082b0000, 0x082b0000, 0x08a80000)
 tenured generation   total 160620K, used 148326K [0x19150000, 0x22e2b000, 0x43c00000)
   the space 160620K,  92% used [0x19150000, 0x22229a98, 0x22229c00, 0x22e2b000)
 Metaspace       used 3543K, capacity 3566K, committed 3648K, reserved 4480K
Event: 4.061 GC heap after
Heap after GC invocations=80 (full 5):
 def new generation   total 72384K, used 7938K [0x03c00000, 0x08a80000, 0x19150000)
  eden space 64384K,   0% used [0x03c00000, 0x03c00000, 0x07ae0000)
  from space 8000K,  99% used [0x082b0000, 0x08a708a0, 0x08a80000)
  to   space 8000K,   0% used [0x07ae0000, 0x07ae0000, 0x082b0000)
 tenured generation   total 160620K, used 154827K [0x19150000, 0x22e2b000, 0x43c00000)
   the space 160620K,  96% used [0x19150000, 0x22882cc8, 0x22882e00, 0x22e2b000)
 Metaspace       used 3543K, capacity 3566K, committed 3648K, reserved 4480K
}
Event: 4.183 GC heap before
{Heap before GC invocations=80 (full 5):
 def new generation   total 72384K, used 72322K [0x03c00000, 0x08a80000, 0x19150000)
  eden space 64384K, 100% used [0x03c00000, 0x07ae0000, 0x07ae0000)
  from space 8000K,  99% used [0x082b0000, 0x08a708a0, 0x08a80000)
  to   space 8000K,   0% used [0x07ae0000, 0x07ae0000, 0x082b0000)
 tenured generation   total 160620K, used 154827K [0x19150000, 0x22e2b000, 0x43c00000)
   the space 160620K,  96% used [0x19150000, 0x22882cc8, 0x22882e00, 0x22e2b000)
 Metaspace       used 3543K, capacity 3566K, committed 3648K, reserved 4480K
Event: 4.624 GC heap after
Heap after GC invocations=81 (full 6):
 def new generation   total 123072K, used 6096K [0x03c00000, 0x0c180000, 0x19150000)
  eden space 109440K,   5% used [0x03c00000, 0x041f4358, 0x0a6e0000)
  from space 13632K,   0% used [0x0a6e0000, 0x0a6e0000, 0x0b430000)
  to   space 13632K,   0% used [0x0b430000, 0x0b430000, 0x0c180000)
 tenured generation   total 273248K, used 163947K [0x19150000, 0x29c28000, 0x43c00000)
   the space 273248K,  59% used [0x19150000, 0x2316aff0, 0x2316b000, 0x29c28000)
 Metaspace       used 3543K, capacity 3566K, committed 3648K, reserved 4480K
}
Event: 4.711 GC heap before
{Heap before GC invocations=81 (full 6):
 def new generation   total 123072K, used 109440K [0x03c00000, 0x0c180000, 0x19150000)
  eden space 109440K, 100% used [0x03c00000, 0x0a6e0000, 0x0a6e0000)
  from space 13632K,   0% used [0x0a6e0000, 0x0a6e0000, 0x0b430000)
  to   space 13632K,   0% used [0x0b430000, 0x0b430000, 0x0c180000)
 tenured generation   total 273248K, used 163947K [0x19150000, 0x29c28000, 0x43c00000)
   the space 273248K,  59% used [0x19150000, 0x2316aff0, 0x2316b000, 0x29c28000)
 Metaspace       used 3545K, capacity 3598K, committed 3648K, reserved 4480K

