# JRE version: Java(TM) SE Runtime Environment (8.0_101-b13) (build 1.8.0_101-b13)
# Java VM: Java HotSpot(TM) Client VM (25.101-b13 mixed mode windows-x86 )
Heap:
 def new generation   total 314560K, used 279616K [0x03c00000, 0x19150000, 0x19150000)
  eden space 279616K, 100% used [0x03c00000, 0x14d10000, 0x14d10000)
  from space 34944K,   0% used [0x14d10000, 0x14d10000, 0x16f30000)
  to   space 34944K,  62% used [0x16f30000, 0x1845e6f0, 0x19150000)
 tenured generation   total 699072K, used 477347K [0x19150000, 0x43c00000, 0x43c00000)
   the space 699072K,  68% used [0x19150000, 0x36378f30, 0x36379000, 0x43c00000)
 Metaspace       used 3547K, capacity 3598K, committed 3648K, reserved 4480K
GC Heap History (10 events):
Event: 9.818 GC heap after
Heap after GC invocations=94 (full 7):
 def new generation   total 208512K, used 23167K [0x03c00000, 0x11e40000, 0x19150000)
  eden space 185344K,   0% used [0x03c00000, 0x03c00000, 0x0f100000)
  from space 23168K,  99% used [0x0f100000, 0x1079fff8, 0x107a0000)
  to   space 23168K,   0% used [0x107a0000, 0x107a0000, 0x11e40000)
 tenured generation   total 463300K, used 375213K [0x19150000, 0x355c1000, 0x43c00000)
   the space 463300K,  80% used [0x19150000, 0x2ffbb408, 0x2ffbb600, 0x355c1000)
 Metaspace       used 3547K, capacity 3598K, committed 3648K, reserved 4480K
}
Event: 10.112 GC heap before
{Heap before GC invocations=94 (full 7):
 def new generation   total 208512K, used 208511K [0x03c00000, 0x11e40000, 0x19150000)
  eden space 185344K, 100% used [0x03c00000, 0x0f100000, 0x0f100000)
  from space 23168K,  99% used [0x0f100000, 0x1079fff8, 0x107a0000)
  to   space 23168K,   0% used [0x107a0000, 0x107a0000, 0x11e40000)
 tenured generation   total 463300K, used 375213K [0x19150000, 0x355c1000, 0x43c00000)
   the space 463300K,  80% used [0x19150000, 0x2ffbb408, 0x2ffbb600, 0x355c1000)
 Metaspace       used 3547K, capacity 3598K, committed 3648K, reserved 4480K
Event: 10.226 GC heap after
Heap after GC invocations=95 (full 7):
 def new generation   total 208512K, used 23168K [0x03c00000, 0x11e40000, 0x19150000)
  eden space 185344K,   0% used [0x03c00000, 0x03c00000, 0x0f100000)
  from space 23168K, 100% used [0x107a0000, 0x11e40000, 0x11e40000)
  to   space 23168K,   0% used [0x0f100000, 0x0f100000, 0x107a0000)
 tenured generation   total 463300K, used 401360K [0x19150000, 0x355c1000, 0x43c00000)
   the space 463300K,  86% used [0x19150000, 0x31944368, 0x31944400, 0x355c1000)
 Metaspace       used 3547K, capacity 3598K, committed 3648K, reserved 4480K
}
Event: 10.592 GC heap before
{Heap before GC invocations=95 (full 7):
 def new generation   total 208512K, used 208512K [0x03c00000, 0x11e40000, 0x19150000)
  eden space 185344K, 100% used [0x03c00000, 0x0f100000, 0x0f100000)
  from space 23168K, 100% used [0x107a0000, 0x11e40000, 0x11e40000)
  to   space 23168K,   0% used [0x0f100000, 0x0f100000, 0x107a0000)
 tenured generation   total 463300K, used 401360K [0x19150000, 0x355c1000, 0x43c00000)
   the space 463300K,  86% used [0x19150000, 0x31944368, 0x31944400, 0x355c1000)
 Metaspace       used 3547K, capacity 3598K, committed 3648K, reserved 4480K
Event: 10.722 GC heap after
Heap after GC invocations=96 (full 7):
 def new generation   total 208512K, used 23167K [0x03c00000, 0x11e40000, 0x19150000)
  eden space 185344K,   0% used [0x03c00000, 0x03c00000, 0x0f100000)
  from space 23168K,  99% used [0x0f100000, 0x1079fff8, 0x107a0000)
  to   space 23168K,   0% used [0x107a0000, 0x107a0000, 0x11e40000)
 tenured generation   total 463300K, used 426314K [0x19150000, 0x355c1000, 0x43c00000)
   the space 463300K,  92% used [0x19150000, 0x331a2a10, 0x331a2c00, 0x355c1000)
 Metaspace       used 3547K, capacity 3598K, committed 3648K, reserved 4480K
}
Event: 11.036 GC heap before
{Heap before GC invocations=96 (full 7):
 def new generation   total 208512K, used 208511K [0x03c00000, 0x11e40000, 0x19150000)
  eden space 185344K, 100% used [0x03c00000, 0x0f100000, 0x0f100000)
  from space 23168K,  99% used [0x0f100000, 0x1079fff8, 0x107a0000)
  to   space 23168K,   0% used [0x107a0000, 0x107a0000, 0x11e40000)
 tenured generation   total 463300K, used 426314K [0x19150000, 0x355c1000, 0x43c00000)
   the space 463300K,  92% used [0x19150000, 0x331a2a10, 0x331a2c00, 0x355c1000)
 Metaspace       used 3547K, capacity 3598K, committed 3648K, reserved 4480K
Event: 11.152 GC heap after
Heap after GC invocations=97 (full 7):
 def new generation   total 208512K, used 23168K [0x03c00000, 0x11e40000, 0x19150000)
  eden space 185344K,   0% used [0x03c00000, 0x03c00000, 0x0f100000)
  from space 23168K, 100% used [0x107a0000, 0x11e40000, 0x11e40000)
  to   space 23168K,   0% used [0x0f100000, 0x0f100000, 0x107a0000)
 tenured generation   total 463300K, used 451654K [0x19150000, 0x355c1000, 0x43c00000)
   the space 463300K,  97% used [0x19150000, 0x34a61b30, 0x34a61c00, 0x355c1000)
 Metaspace       used 3547K, capacity 3598K, committed 3648K, reserved 4480K
}
Event: 11.479 GC heap before
{Heap before GC invocations=97 (full 7):
 def new generation   total 208512K, used 208512K [0x03c00000, 0x11e40000, 0x19150000)
  eden space 185344K, 100% used [0x03c00000, 0x0f100000, 0x0f100000)
  from space 23168K, 100% used [0x107a0000, 0x11e40000, 0x11e40000)
  to   space 23168K,   0% used [0x0f100000, 0x0f100000, 0x107a0000)
 tenured generation   total 463300K, used 451654K [0x19150000, 0x355c1000, 0x43c00000)
   the space 463300K,  97% used [0x19150000, 0x34a61b30, 0x34a61c00, 0x355c1000)
 Metaspace       used 3547K, capacity 3598K, committed 3648K, reserved 4480K
Event: 13.099 GC heap after
Heap after GC invocations=98 (full 8):
 def new generation   total 314560K, used 6903K [0x03c00000, 0x19150000, 0x19150000)
  eden space 279616K,   2% used [0x03c00000, 0x042bdf68, 0x14d10000)
  from space 34944K,   0% used [0x14d10000, 0x14d10000, 0x16f30000)
  to   space 34944K,   0% used [0x16f30000, 0x16f30000, 0x19150000)
 tenured generation   total 699072K, used 476612K [0x19150000, 0x43c00000, 0x43c00000)
   the space 699072K,  68% used [0x19150000, 0x362c1000, 0x362c1000, 0x43c00000)
 Metaspace       used 3547K, capacity 3598K, committed 3648K, reserved 4480K
}
Event: 13.591 GC heap before
{Heap before GC invocations=98 (full 8):
 def new generation   total 314560K, used 279616K [0x03c00000, 0x19150000, 0x19150000)
  eden space 279616K, 100% used [0x03c00000, 0x14d10000, 0x14d10000)
  from space 34944K,   0% used [0x14d10000, 0x14d10000, 0x16f30000)
  to   space 34944K,   0% used [0x16f30000, 0x16f30000, 0x19150000)
 tenured generation   total 699072K, used 476612K [0x19150000, 0x43c00000, 0x43c00000)
   the space 699072K,  68% used [0x19150000, 0x362c1000, 0x362c1000, 0x43c00000)
 Metaspace       used 3547K, capacity 3598K, committed 3648K, reserved 4480K

