# JRE version: Java(TM) SE Runtime Environment (8.0_101-b13) (build 1.8.0_101-b13)
# Java VM: Java HotSpot(TM) Client VM (25.101-b13 mixed mode windows-x86 )
Heap:
 def new generation   total 314560K, used 279616K [0x03c00000, 0x19150000, 0x19150000)
  eden space 279616K, 100% used [0x03c00000, 0x14d10000, 0x14d10000)
  from space 34944K,   0% used [0x14d10000, 0x14d10000, 0x16f30000)
  to   space 34944K,   1% used [0x16f30000, 0x16fdea40, 0x19150000)
 tenured generation   total 699072K, used 443739K [0x19150000, 0x43c00000, 0x43c00000)
   the space 699072K,  63% used [0x19150000, 0x342a6fe0, 0x342a7000, 0x43c00000)
 Metaspace       used 3554K, capacity 3598K, committed 3648K, reserved 4480K
GC Heap History (10 events):
Event: 8.635 GC heap after
Heap after GC invocations=93 (full 7):
 def new generation   total 192384K, used 21311K [0x03c00000, 0x10cb0000, 0x19150000)
  eden space 171072K,   0% used [0x03c00000, 0x03c00000, 0x0e310000)
  from space 21312K,  99% used [0x0e310000, 0x0f7dfff8, 0x0f7e0000)
  to   space 21312K,   0% used [0x0f7e0000, 0x0f7e0000, 0x10cb0000)
 tenured generation   total 427228K, used 345378K [0x19150000, 0x33287000, 0x43c00000)
   the space 427228K,  80% used [0x19150000, 0x2e2988b8, 0x2e298a00, 0x33287000)
 Metaspace       used 3554K, capacity 3598K, committed 3648K, reserved 4480K
}
Event: 8.903 GC heap before
{Heap before GC invocations=93 (full 7):
 def new generation   total 192384K, used 192383K [0x03c00000, 0x10cb0000, 0x19150000)
  eden space 171072K, 100% used [0x03c00000, 0x0e310000, 0x0e310000)
  from space 21312K,  99% used [0x0e310000, 0x0f7dfff8, 0x0f7e0000)
  to   space 21312K,   0% used [0x0f7e0000, 0x0f7e0000, 0x10cb0000)
 tenured generation   total 427228K, used 345378K [0x19150000, 0x33287000, 0x43c00000)
   the space 427228K,  80% used [0x19150000, 0x2e2988b8, 0x2e298a00, 0x33287000)
 Metaspace       used 3554K, capacity 3598K, committed 3648K, reserved 4480K
Event: 9.018 GC heap after
Heap after GC invocations=94 (full 7):
 def new generation   total 192384K, used 21312K [0x03c00000, 0x10cb0000, 0x19150000)
  eden space 171072K,   0% used [0x03c00000, 0x03c00000, 0x0e310000)
  from space 21312K, 100% used [0x0f7e0000, 0x10cb0000, 0x10cb0000)
  to   space 21312K,   0% used [0x0e310000, 0x0e310000, 0x0f7e0000)
 tenured generation   total 427228K, used 370998K [0x19150000, 0x33287000, 0x43c00000)
   the space 427228K,  86% used [0x19150000, 0x2fb9d8d0, 0x2fb9da00, 0x33287000)
 Metaspace       used 3554K, capacity 3598K, committed 3648K, reserved 4480K
}
Event: 9.294 GC heap before
{Heap before GC invocations=94 (full 7):
 def new generation   total 192384K, used 192384K [0x03c00000, 0x10cb0000, 0x19150000)
  eden space 171072K, 100% used [0x03c00000, 0x0e310000, 0x0e310000)
  from space 21312K, 100% used [0x0f7e0000, 0x10cb0000, 0x10cb0000)
  to   space 21312K,   0% used [0x0e310000, 0x0e310000, 0x0f7e0000)
 tenured generation   total 427228K, used 370998K [0x19150000, 0x33287000, 0x43c00000)
   the space 427228K,  86% used [0x19150000, 0x2fb9d8d0, 0x2fb9da00, 0x33287000)
 Metaspace       used 3554K, capacity 3598K, committed 3648K, reserved 4480K
Event: 9.406 GC heap after
Heap after GC invocations=95 (full 7):
 def new generation   total 192384K, used 21312K [0x03c00000, 0x10cb0000, 0x19150000)
  eden space 171072K,   0% used [0x03c00000, 0x03c00000, 0x0e310000)
  from space 21312K, 100% used [0x0e310000, 0x0f7e0000, 0x0f7e0000)
  to   space 21312K,   0% used [0x0f7e0000, 0x0f7e0000, 0x10cb0000)
 tenured generation   total 427228K, used 395691K [0x19150000, 0x33287000, 0x43c00000)
   the space 427228K,  92% used [0x19150000, 0x313bacd8, 0x313bae00, 0x33287000)
 Metaspace       used 3554K, capacity 3598K, committed 3648K, reserved 4480K
}
Event: 9.674 GC heap before
{Heap before GC invocations=95 (full 7):
 def new generation   total 192384K, used 192384K [0x03c00000, 0x10cb0000, 0x19150000)
  eden space 171072K, 100% used [0x03c00000, 0x0e310000, 0x0e310000)
  from space 21312K, 100% used [0x0e310000, 0x0f7e0000, 0x0f7e0000)
  to   space 21312K,   0% used [0x0f7e0000, 0x0f7e0000, 0x10cb0000)
 tenured generation   total 427228K, used 395691K [0x19150000, 0x33287000, 0x43c00000)
   the space 427228K,  92% used [0x19150000, 0x313bacd8, 0x313bae00, 0x33287000)
 Metaspace       used 3554K, capacity 3598K, committed 3648K, reserved 4480K
Event: 9.786 GC heap after
Heap after GC invocations=96 (full 7):
 def new generation   total 192384K, used 21311K [0x03c00000, 0x10cb0000, 0x19150000)
  eden space 171072K,   0% used [0x03c00000, 0x03c00000, 0x0e310000)
  from space 21312K,  99% used [0x0f7e0000, 0x10cafff8, 0x10cb0000)
  to   space 21312K,   0% used [0x0e310000, 0x0e310000, 0x0f7e0000)
 tenured generation   total 427228K, used 420225K [0x19150000, 0x33287000, 0x43c00000)
   the space 427228K,  98% used [0x19150000, 0x32bb04f0, 0x32bb0600, 0x33287000)
 Metaspace       used 3554K, capacity 3598K, committed 3648K, reserved 4480K
}
Event: 10.084 GC heap before
{Heap before GC invocations=96 (full 7):
 def new generation   total 192384K, used 192383K [0x03c00000, 0x10cb0000, 0x19150000)
  eden space 171072K, 100% used [0x03c00000, 0x0e310000, 0x0e310000)
  from space 21312K,  99% used [0x0f7e0000, 0x10cafff8, 0x10cb0000)
  to   space 21312K,   0% used [0x0e310000, 0x0e310000, 0x0f7e0000)
 tenured generation   total 427228K, used 420225K [0x19150000, 0x33287000, 0x43c00000)
   the space 427228K,  98% used [0x19150000, 0x32bb04f0, 0x32bb0600, 0x33287000)
 Metaspace       used 3554K, capacity 3598K, committed 3648K, reserved 4480K
Event: 11.486 GC heap after
Heap after GC invocations=97 (full 8):
 def new generation   total 314560K, used 2528K [0x03c00000, 0x19150000, 0x19150000)
  eden space 279616K,   0% used [0x03c00000, 0x03e78190, 0x14d10000)
  from space 34944K,   0% used [0x14d10000, 0x14d10000, 0x16f30000)
  to   space 34944K,   0% used [0x16f30000, 0x16f30000, 0x19150000)
 tenured generation   total 699072K, used 443739K [0x19150000, 0x43c00000, 0x43c00000)
   the space 699072K,  63% used [0x19150000, 0x342a6fe0, 0x342a7000, 0x43c00000)
 Metaspace       used 3554K, capacity 3598K, committed 3648K, reserved 4480K
}
Event: 11.960 GC heap before
{Heap before GC invocations=97 (full 8):
 def new generation   total 314560K, used 279616K [0x03c00000, 0x19150000, 0x19150000)
  eden space 279616K, 100% used [0x03c00000, 0x14d10000, 0x14d10000)
  from space 34944K,   0% used [0x14d10000, 0x14d10000, 0x16f30000)
  to   space 34944K,   0% used [0x16f30000, 0x16f30000, 0x19150000)
 tenured generation   total 699072K, used 443739K [0x19150000, 0x43c00000, 0x43c00000)
   the space 699072K,  63% used [0x19150000, 0x342a6fe0, 0x342a7000, 0x43c00000)
 Metaspace       used 3554K, capacity 3598K, committed 3648K, reserved 4480K

