# JRE version: Java(TM) SE Runtime Environment (8.0_101-b13) (build 1.8.0_101-b13)
# Java VM: Java HotSpot(TM) Client VM (25.101-b13 mixed mode windows-x86 )
Heap:
 def new generation   total 314560K, used 279616K [0x03e00000, 0x19350000, 0x19350000)
  eden space 279616K, 100% used [0x03e00000, 0x14f10000, 0x14f10000)
  from space 34944K,   0% used [0x14f10000, 0x14f10000, 0x17130000)
  to   space 34944K,  84% used [0x17130000, 0x18e16b30, 0x19350000)
 tenured generation   total 699072K, used 456069K [0x19350000, 0x43e00000, 0x43e00000)
   the space 699072K,  65% used [0x19350000, 0x350b1418, 0x350b1600, 0x43e00000)
 Metaspace       used 3552K, capacity 3598K, committed 3648K, reserved 4480K
GC Heap History (10 events):
Event: 8.986 GC heap after
Heap after GC invocations=93 (full 7):
 def new generation   total 198144K, used 22016K [0x03e00000, 0x11500000, 0x19350000)
  eden space 176128K,   0% used [0x03e00000, 0x03e00000, 0x0ea00000)
  from space 22016K, 100% used [0x0ea00000, 0x0ff80000, 0x0ff80000)
  to   space 22016K,   0% used [0x0ff80000, 0x0ff80000, 0x11500000)
 tenured generation   total 440156K, used 357254K [0x19350000, 0x34127000, 0x43e00000)
   the space 440156K,  81% used [0x19350000, 0x2f031b08, 0x2f031c00, 0x34127000)
 Metaspace       used 3552K, capacity 3598K, committed 3648K, reserved 4480K
}
Event: 9.267 GC heap before
{Heap before GC invocations=93 (full 7):
 def new generation   total 198144K, used 198144K [0x03e00000, 0x11500000, 0x19350000)
  eden space 176128K, 100% used [0x03e00000, 0x0ea00000, 0x0ea00000)
  from space 22016K, 100% used [0x0ea00000, 0x0ff80000, 0x0ff80000)
  to   space 22016K,   0% used [0x0ff80000, 0x0ff80000, 0x11500000)
 tenured generation   total 440156K, used 357254K [0x19350000, 0x34127000, 0x43e00000)
   the space 440156K,  81% used [0x19350000, 0x2f031b20, 0x2f031c00, 0x34127000)
 Metaspace       used 3552K, capacity 3598K, committed 3648K, reserved 4480K
Event: 9.386 GC heap after
Heap after GC invocations=94 (full 7):
 def new generation   total 198144K, used 22016K [0x03e00000, 0x11500000, 0x19350000)
  eden space 176128K,   0% used [0x03e00000, 0x03e00000, 0x0ea00000)
  from space 22016K, 100% used [0x0ff80000, 0x11500000, 0x11500000)
  to   space 22016K,   0% used [0x0ea00000, 0x0ea00000, 0x0ff80000)
 tenured generation   total 440156K, used 383164K [0x19350000, 0x34127000, 0x43e00000)
   the space 440156K,  87% used [0x19350000, 0x3097f1f8, 0x3097f200, 0x34127000)
 Metaspace       used 3552K, capacity 3598K, committed 3648K, reserved 4480K
}
Event: 9.663 GC heap before
{Heap before GC invocations=94 (full 7):
 def new generation   total 198144K, used 198144K [0x03e00000, 0x11500000, 0x19350000)
  eden space 176128K, 100% used [0x03e00000, 0x0ea00000, 0x0ea00000)
  from space 22016K, 100% used [0x0ff80000, 0x11500000, 0x11500000)
  to   space 22016K,   0% used [0x0ea00000, 0x0ea00000, 0x0ff80000)
 tenured generation   total 440156K, used 383164K [0x19350000, 0x34127000, 0x43e00000)
   the space 440156K,  87% used [0x19350000, 0x3097f1f8, 0x3097f200, 0x34127000)
 Metaspace       used 3552K, capacity 3598K, committed 3648K, reserved 4480K
Event: 9.779 GC heap after
Heap after GC invocations=95 (full 7):
 def new generation   total 198144K, used 22015K [0x03e00000, 0x11500000, 0x19350000)
  eden space 176128K,   0% used [0x03e00000, 0x03e00000, 0x0ea00000)
  from space 22016K,  99% used [0x0ea00000, 0x0ff7fff8, 0x0ff80000)
  to   space 22016K,   0% used [0x0ff80000, 0x0ff80000, 0x11500000)
 tenured generation   total 440156K, used 408743K [0x19350000, 0x34127000, 0x43e00000)
   the space 440156K,  92% used [0x19350000, 0x32279eb8, 0x3227a000, 0x34127000)
 Metaspace       used 3552K, capacity 3598K, committed 3648K, reserved 4480K
}
Event: 10.053 GC heap before
{Heap before GC invocations=95 (full 7):
 def new generation   total 198144K, used 198143K [0x03e00000, 0x11500000, 0x19350000)
  eden space 176128K, 100% used [0x03e00000, 0x0ea00000, 0x0ea00000)
  from space 22016K,  99% used [0x0ea00000, 0x0ff7fff8, 0x0ff80000)
  to   space 22016K,   0% used [0x0ff80000, 0x0ff80000, 0x11500000)
 tenured generation   total 440156K, used 408743K [0x19350000, 0x34127000, 0x43e00000)
   the space 440156K,  92% used [0x19350000, 0x32279eb8, 0x3227a000, 0x34127000)
 Metaspace       used 3552K, capacity 3598K, committed 3648K, reserved 4480K
Event: 10.165 GC heap after
Heap after GC invocations=96 (full 7):
 def new generation   total 198144K, used 22016K [0x03e00000, 0x11500000, 0x19350000)
  eden space 176128K,   0% used [0x03e00000, 0x03e00000, 0x0ea00000)
  from space 22016K, 100% used [0x0ff80000, 0x11500000, 0x11500000)
  to   space 22016K,   0% used [0x0ea00000, 0x0ea00000, 0x0ff80000)
 tenured generation   total 440156K, used 432050K [0x19350000, 0x34127000, 0x43e00000)
   the space 440156K,  98% used [0x19350000, 0x3393c988, 0x3393ca00, 0x34127000)
 Metaspace       used 3552K, capacity 3598K, committed 3648K, reserved 4480K
}
Event: 10.466 GC heap before
{Heap before GC invocations=96 (full 7):
 def new generation   total 198144K, used 198144K [0x03e00000, 0x11500000, 0x19350000)
  eden space 176128K, 100% used [0x03e00000, 0x0ea00000, 0x0ea00000)
  from space 22016K, 100% used [0x0ff80000, 0x11500000, 0x11500000)
  to   space 22016K,   0% used [0x0ea00000, 0x0ea00000, 0x0ff80000)
 tenured generation   total 440156K, used 432050K [0x19350000, 0x34127000, 0x43e00000)
   the space 440156K,  98% used [0x19350000, 0x3393c988, 0x3393ca00, 0x34127000)
 Metaspace       used 3552K, capacity 3598K, committed 3648K, reserved 4480K
Event: 11.919 GC heap after
Heap after GC invocations=97 (full 8):
 def new generation   total 314560K, used 5084K [0x03e00000, 0x19350000, 0x19350000)
  eden space 279616K,   1% used [0x03e00000, 0x042f7350, 0x14f10000)
  from space 34944K,   0% used [0x14f10000, 0x14f10000, 0x17130000)
  to   space 34944K,   0% used [0x17130000, 0x17130000, 0x19350000)
 tenured generation   total 699072K, used 455259K [0x19350000, 0x43e00000, 0x43e00000)
   the space 699072K,  65% used [0x19350000, 0x34fe6ff0, 0x34fe7000, 0x43e00000)
 Metaspace       used 3552K, capacity 3598K, committed 3648K, reserved 4480K
}
Event: 12.367 GC heap before
{Heap before GC invocations=97 (full 8):
 def new generation   total 314560K, used 279616K [0x03e00000, 0x19350000, 0x19350000)
  eden space 279616K, 100% used [0x03e00000, 0x14f10000, 0x14f10000)
  from space 34944K,   0% used [0x14f10000, 0x14f10000, 0x17130000)
  to   space 34944K,   0% used [0x17130000, 0x17130000, 0x19350000)
 tenured generation   total 699072K, used 455259K [0x19350000, 0x43e00000, 0x43e00000)
   the space 699072K,  65% used [0x19350000, 0x34fe6ff0, 0x34fe7000, 0x43e00000)
 Metaspace       used 3552K, capacity 3598K, committed 3648K, reserved 4480K

