# JRE version: Java(TM) SE Runtime Environment (8.0_101-b13) (build 1.8.0_101-b13)
# Java VM: Java HotSpot(TM) Client VM (25.101-b13 mixed mode windows-x86 )
Heap:
 def new generation   total 67904K, used 7488K [0x03e00000, 0x087a0000, 0x19350000)
  eden space 60416K,   0% used [0x03e00000, 0x03e00000, 0x07900000)
  from space 7488K, 100% used [0x07900000, 0x08050000, 0x08050000)
  to   space 7488K,   0% used [0x08050000, 0x08050000, 0x087a0000)
 tenured generation   total 156016K, used 155971K [0x19350000, 0x22bac000, 0x43e00000)
   the space 156016K,  99% used [0x19350000, 0x22ba0c20, 0x22ba0e00, 0x22bac000)
 Metaspace       used 3547K, capacity 3598K, committed 3648K, reserved 4480K
GC Heap History (10 events):
Event: 3.165 GC heap after
Heap after GC invocations=55 (full 5):
 def new generation   total 67904K, used 7487K [0x03e00000, 0x087a0000, 0x19350000)
  eden space 60416K,   0% used [0x03e00000, 0x03e00000, 0x07900000)
  from space 7488K,  99% used [0x08050000, 0x0879fff8, 0x087a0000)
  to   space 7488K,   0% used [0x07900000, 0x07900000, 0x08050000)
 tenured generation   total 150640K, used 112307K [0x19350000, 0x2266c000, 0x43e00000)
   the space 150640K,  74% used [0x19350000, 0x200fcfc8, 0x200fd000, 0x2266c000)
 Metaspace       used 3546K, capacity 3598K, committed 3648K, reserved 4480K
}
Event: 3.275 GC heap before
{Heap before GC invocations=55 (full 5):
 def new generation   total 67904K, used 67903K [0x03e00000, 0x087a0000, 0x19350000)
  eden space 60416K, 100% used [0x03e00000, 0x07900000, 0x07900000)
  from space 7488K,  99% used [0x08050000, 0x0879fff8, 0x087a0000)
  to   space 7488K,   0% used [0x07900000, 0x07900000, 0x08050000)
 tenured generation   total 150640K, used 112307K [0x19350000, 0x2266c000, 0x43e00000)
   the space 150640K,  74% used [0x19350000, 0x200fcfc8, 0x200fd000, 0x2266c000)
 Metaspace       used 3547K, capacity 3598K, committed 3648K, reserved 4480K
Event: 3.315 GC heap after
Heap after GC invocations=56 (full 5):
 def new generation   total 67904K, used 7487K [0x03e00000, 0x087a0000, 0x19350000)
  eden space 60416K,   0% used [0x03e00000, 0x03e00000, 0x07900000)
  from space 7488K,  99% used [0x07900000, 0x0804fff8, 0x08050000)
  to   space 7488K,   0% used [0x08050000, 0x08050000, 0x087a0000)
 tenured generation   total 150640K, used 121163K [0x19350000, 0x2266c000, 0x43e00000)
   the space 150640K,  80% used [0x19350000, 0x209a2d50, 0x209a2e00, 0x2266c000)
 Metaspace       used 3547K, capacity 3598K, committed 3648K, reserved 4480K
}
Event: 3.436 GC heap before
{Heap before GC invocations=56 (full 5):
 def new generation   total 67904K, used 67903K [0x03e00000, 0x087a0000, 0x19350000)
  eden space 60416K, 100% used [0x03e00000, 0x07900000, 0x07900000)
  from space 7488K,  99% used [0x07900000, 0x0804fff8, 0x08050000)
  to   space 7488K,   0% used [0x08050000, 0x08050000, 0x087a0000)
 tenured generation   total 150640K, used 121163K [0x19350000, 0x2266c000, 0x43e00000)
   the space 150640K,  80% used [0x19350000, 0x209a2d50, 0x209a2e00, 0x2266c000)
 Metaspace       used 3547K, capacity 3598K, committed 3648K, reserved 4480K
Event: 3.479 GC heap after
Heap after GC invocations=57 (full 5):
 def new generation   total 67904K, used 7487K [0x03e00000, 0x087a0000, 0x19350000)
  eden space 60416K,   0% used [0x03e00000, 0x03e00000, 0x07900000)
  from space 7488K,  99% used [0x08050000, 0x0879fff8, 0x087a0000)
  to   space 7488K,   0% used [0x07900000, 0x07900000, 0x08050000)
 tenured generation   total 150640K, used 130887K [0x19350000, 0x2266c000, 0x43e00000)
   the space 150640K,  86% used [0x19350000, 0x21321e50, 0x21322000, 0x2266c000)
 Metaspace       used 3547K, capacity 3598K, committed 3648K, reserved 4480K
}
Event: 3.586 GC heap before
{Heap before GC invocations=57 (full 5):
 def new generation   total 67904K, used 67903K [0x03e00000, 0x087a0000, 0x19350000)
  eden space 60416K, 100% used [0x03e00000, 0x07900000, 0x07900000)
  from space 7488K,  99% used [0x08050000, 0x0879fff8, 0x087a0000)
  to   space 7488K,   0% used [0x07900000, 0x07900000, 0x08050000)
 tenured generation   total 150640K, used 130887K [0x19350000, 0x2266c000, 0x43e00000)
   the space 150640K,  86% used [0x19350000, 0x21321e50, 0x21322000, 0x2266c000)
 Metaspace       used 3547K, capacity 3598K, committed 3648K, reserved 4480K
Event: 3.624 GC heap after
Heap after GC invocations=58 (full 5):
 def new generation   total 67904K, used 7488K [0x03e00000, 0x087a0000, 0x19350000)
  eden space 60416K,   0% used [0x03e00000, 0x03e00000, 0x07900000)
  from space 7488K, 100% used [0x07900000, 0x08050000, 0x08050000)
  to   space 7488K,   0% used [0x08050000, 0x08050000, 0x087a0000)
 tenured generation   total 150640K, used 139401K [0x19350000, 0x2266c000, 0x43e00000)
   the space 150640K,  92% used [0x19350000, 0x21b726d0, 0x21b72800, 0x2266c000)
 Metaspace       used 3547K, capacity 3598K, committed 3648K, reserved 4480K
}
Event: 3.729 GC heap before
{Heap before GC invocations=58 (full 5):
 def new generation   total 67904K, used 67904K [0x03e00000, 0x087a0000, 0x19350000)
  eden space 60416K, 100% used [0x03e00000, 0x07900000, 0x07900000)
  from space 7488K, 100% used [0x07900000, 0x08050000, 0x08050000)
  to   space 7488K,   0% used [0x08050000, 0x08050000, 0x087a0000)
 tenured generation   total 150640K, used 139401K [0x19350000, 0x2266c000, 0x43e00000)
   the space 150640K,  92% used [0x19350000, 0x21b726d0, 0x21b72800, 0x2266c000)
 Metaspace       used 3547K, capacity 3598K, committed 3648K, reserved 4480K
Event: 3.770 GC heap after
Heap after GC invocations=59 (full 5):
 def new generation   total 67904K, used 7487K [0x03e00000, 0x087a0000, 0x19350000)
  eden space 60416K,   0% used [0x03e00000, 0x03e00000, 0x07900000)
  from space 7488K,  99% used [0x08050000, 0x0879fff8, 0x087a0000)
  to   space 7488K,   0% used [0x07900000, 0x07900000, 0x08050000)
 tenured generation   total 150640K, used 148351K [0x19350000, 0x2266c000, 0x43e00000)
   the space 150640K,  98% used [0x19350000, 0x2242fd78, 0x2242fe00, 0x2266c000)
 Metaspace       used 3547K, capacity 3598K, committed 3648K, reserved 4480K
}
Event: 3.870 GC heap before
{Heap before GC invocations=59 (full 5):
 def new generation   total 67904K, used 67903K [0x03e00000, 0x087a0000, 0x19350000)
  eden space 60416K, 100% used [0x03e00000, 0x07900000, 0x07900000)
  from space 7488K,  99% used [0x08050000, 0x0879fff8, 0x087a0000)
  to   space 7488K,   0% used [0x07900000, 0x07900000, 0x08050000)
 tenured generation   total 150640K, used 148351K [0x19350000, 0x2266c000, 0x43e00000)
   the space 150640K,  98% used [0x19350000, 0x2242fd78, 0x2242fe00, 0x2266c000)
 Metaspace       used 3547K, capacity 3598K, committed 3648K, reserved 4480K

