# JRE version: Java(TM) SE Runtime Environment (8.0_101-b13) (build 1.8.0_101-b13)
# Java VM: Java HotSpot(TM) Client VM (25.101-b13 mixed mode windows-x86 )
Heap:
 def new generation   total 70272K, used 7808K [0x03c00000, 0x08840000, 0x19150000)
  eden space 62464K,   0% used [0x03c00000, 0x03c00000, 0x07900000)
  from space 7808K, 100% used [0x07900000, 0x080a0000, 0x080a0000)
  to   space 7808K,   0% used [0x080a0000, 0x080a0000, 0x08840000)
 tenured generation   total 161880K, used 161878K [0x19150000, 0x22f66000, 0x43c00000)
   the space 161880K,  99% used [0x19150000, 0x22f65b90, 0x22f65c00, 0x22f66000)
 Metaspace       used 3552K, capacity 3598K, committed 3648K, reserved 4480K
GC Heap History (10 events):
Event: 3.308 GC heap after
Heap after GC invocations=57 (full 5):
 def new generation   total 70272K, used 7808K [0x03c00000, 0x08840000, 0x19150000)
  eden space 62464K,   0% used [0x03c00000, 0x03c00000, 0x07900000)
  from space 7808K, 100% used [0x080a0000, 0x08840000, 0x08840000)
  to   space 7808K,   0% used [0x07900000, 0x07900000, 0x080a0000)
 tenured generation   total 155992K, used 116982K [0x19150000, 0x229a6000, 0x43c00000)
   the space 155992K,  74% used [0x19150000, 0x2038d958, 0x2038da00, 0x229a6000)
 Metaspace       used 3552K, capacity 3598K, committed 3648K, reserved 4480K
}
Event: 3.404 GC heap before
{Heap before GC invocations=57 (full 5):
 def new generation   total 70272K, used 70272K [0x03c00000, 0x08840000, 0x19150000)
  eden space 62464K, 100% used [0x03c00000, 0x07900000, 0x07900000)
  from space 7808K, 100% used [0x080a0000, 0x08840000, 0x08840000)
  to   space 7808K,   0% used [0x07900000, 0x07900000, 0x080a0000)
 tenured generation   total 155992K, used 116982K [0x19150000, 0x229a6000, 0x43c00000)
   the space 155992K,  74% used [0x19150000, 0x2038d958, 0x2038da00, 0x229a6000)
 Metaspace       used 3552K, capacity 3598K, committed 3648K, reserved 4480K
Event: 3.446 GC heap after
Heap after GC invocations=58 (full 5):
 def new generation   total 70272K, used 7808K [0x03c00000, 0x08840000, 0x19150000)
  eden space 62464K,   0% used [0x03c00000, 0x03c00000, 0x07900000)
  from space 7808K, 100% used [0x07900000, 0x080a0000, 0x080a0000)
  to   space 7808K,   0% used [0x080a0000, 0x080a0000, 0x08840000)
 tenured generation   total 155992K, used 125983K [0x19150000, 0x229a6000, 0x43c00000)
   the space 155992K,  80% used [0x19150000, 0x20c57d90, 0x20c57e00, 0x229a6000)
 Metaspace       used 3552K, capacity 3598K, committed 3648K, reserved 4480K
}
Event: 3.575 GC heap before
{Heap before GC invocations=58 (full 5):
 def new generation   total 70272K, used 70272K [0x03c00000, 0x08840000, 0x19150000)
  eden space 62464K, 100% used [0x03c00000, 0x07900000, 0x07900000)
  from space 7808K, 100% used [0x07900000, 0x080a0000, 0x080a0000)
  to   space 7808K,   0% used [0x080a0000, 0x080a0000, 0x08840000)
 tenured generation   total 155992K, used 125983K [0x19150000, 0x229a6000, 0x43c00000)
   the space 155992K,  80% used [0x19150000, 0x20c57d90, 0x20c57e00, 0x229a6000)
 Metaspace       used 3552K, capacity 3598K, committed 3648K, reserved 4480K
Event: 3.618 GC heap after
Heap after GC invocations=59 (full 5):
 def new generation   total 70272K, used 7807K [0x03c00000, 0x08840000, 0x19150000)
  eden space 62464K,   0% used [0x03c00000, 0x03c00000, 0x07900000)
  from space 7808K,  99% used [0x080a0000, 0x0883fff8, 0x08840000)
  to   space 7808K,   0% used [0x07900000, 0x07900000, 0x080a0000)
 tenured generation   total 155992K, used 135775K [0x19150000, 0x229a6000, 0x43c00000)
   the space 155992K,  87% used [0x19150000, 0x215e7eb0, 0x215e8000, 0x229a6000)
 Metaspace       used 3552K, capacity 3598K, committed 3648K, reserved 4480K
}
Event: 3.732 GC heap before
{Heap before GC invocations=59 (full 5):
 def new generation   total 70272K, used 70271K [0x03c00000, 0x08840000, 0x19150000)
  eden space 62464K, 100% used [0x03c00000, 0x07900000, 0x07900000)
  from space 7808K,  99% used [0x080a0000, 0x0883fff8, 0x08840000)
  to   space 7808K,   0% used [0x07900000, 0x07900000, 0x080a0000)
 tenured generation   total 155992K, used 135775K [0x19150000, 0x229a6000, 0x43c00000)
   the space 155992K,  87% used [0x19150000, 0x215e7eb0, 0x215e8000, 0x229a6000)
 Metaspace       used 3552K, capacity 3598K, committed 3648K, reserved 4480K
Event: 3.773 GC heap after
Heap after GC invocations=60 (full 5):
 def new generation   total 70272K, used 7807K [0x03c00000, 0x08840000, 0x19150000)
  eden space 62464K,   0% used [0x03c00000, 0x03c00000, 0x07900000)
  from space 7808K,  99% used [0x07900000, 0x0809fff8, 0x080a0000)
  to   space 7808K,   0% used [0x080a0000, 0x080a0000, 0x08840000)
 tenured generation   total 155992K, used 144876K [0x19150000, 0x229a6000, 0x43c00000)
   the space 155992K,  92% used [0x19150000, 0x21ecb3d8, 0x21ecb400, 0x229a6000)
 Metaspace       used 3552K, capacity 3598K, committed 3648K, reserved 4480K
}
Event: 3.881 GC heap before
{Heap before GC invocations=60 (full 5):
 def new generation   total 70272K, used 70271K [0x03c00000, 0x08840000, 0x19150000)
  eden space 62464K, 100% used [0x03c00000, 0x07900000, 0x07900000)
  from space 7808K,  99% used [0x07900000, 0x0809fff8, 0x080a0000)
  to   space 7808K,   0% used [0x080a0000, 0x080a0000, 0x08840000)
 tenured generation   total 155992K, used 144876K [0x19150000, 0x229a6000, 0x43c00000)
   the space 155992K,  92% used [0x19150000, 0x21ecb3d8, 0x21ecb400, 0x229a6000)
 Metaspace       used 3552K, capacity 3598K, committed 3648K, reserved 4480K
Event: 3.921 GC heap after
Heap after GC invocations=61 (full 5):
 def new generation   total 70272K, used 7807K [0x03c00000, 0x08840000, 0x19150000)
  eden space 62464K,   0% used [0x03c00000, 0x03c00000, 0x07900000)
  from space 7808K,  99% used [0x080a0000, 0x0883fff8, 0x08840000)
  to   space 7808K,   0% used [0x07900000, 0x07900000, 0x080a0000)
 tenured generation   total 155992K, used 153367K [0x19150000, 0x229a6000, 0x43c00000)
   the space 155992K,  98% used [0x19150000, 0x22715e60, 0x22716000, 0x229a6000)
 Metaspace       used 3552K, capacity 3598K, committed 3648K, reserved 4480K
}
Event: 4.021 GC heap before
{Heap before GC invocations=61 (full 5):
 def new generation   total 70272K, used 70271K [0x03c00000, 0x08840000, 0x19150000)
  eden space 62464K, 100% used [0x03c00000, 0x07900000, 0x07900000)
  from space 7808K,  99% used [0x080a0000, 0x0883fff8, 0x08840000)
  to   space 7808K,   0% used [0x07900000, 0x07900000, 0x080a0000)
 tenured generation   total 155992K, used 153367K [0x19150000, 0x229a6000, 0x43c00000)
   the space 155992K,  98% used [0x19150000, 0x22715e60, 0x22716000, 0x229a6000)
 Metaspace       used 3552K, capacity 3598K, committed 3648K, reserved 4480K

