# JRE version: Java(TM) SE Runtime Environment (8.0_101-b13) (build 1.8.0_101-b13)
# Java VM: Java HotSpot(TM) Client VM (25.101-b13 mixed mode windows-x86 )
Heap:
 def new generation   total 221056K, used 221056K [0x03e00000, 0x12dd0000, 0x19350000)
  eden space 196544K, 100% used [0x03e00000, 0x0fdf0000, 0x0fdf0000)
  from space 24512K, 100% used [0x115e0000, 0x12dd0000, 0x12dd0000)
  to   space 24512K,  83% used [0x0fdf0000, 0x111ebd98, 0x115e0000)
 tenured generation   total 490988K, used 314517K [0x19350000, 0x372cb000, 0x43e00000)
   the space 490988K,  64% used [0x19350000, 0x2c675680, 0x2c675800, 0x372cb000)
 Metaspace       used 3545K, capacity 3598K, committed 3648K, reserved 4480K
GC Heap History (10 events):
Event: 6.197 GC heap after
Heap after GC invocations=87 (full 6):
 def new generation   total 126976K, used 14079K [0x03e00000, 0x0c7c0000, 0x19350000)
  eden space 112896K,   0% used [0x03e00000, 0x03e00000, 0x0ac40000)
  from space 14080K,  99% used [0x0ac40000, 0x0b9ffff8, 0x0ba00000)
  to   space 14080K,   0% used [0x0ba00000, 0x0ba00000, 0x0c7c0000)
 tenured generation   total 282048K, used 245239K [0x19350000, 0x2a6c0000, 0x43e00000)
   the space 282048K,  86% used [0x19350000, 0x282cdcc8, 0x282cde00, 0x2a6c0000)
 Metaspace       used 3545K, capacity 3598K, committed 3648K, reserved 4480K
}
Event: 6.383 GC heap before
{Heap before GC invocations=87 (full 6):
 def new generation   total 126976K, used 126975K [0x03e00000, 0x0c7c0000, 0x19350000)
  eden space 112896K, 100% used [0x03e00000, 0x0ac40000, 0x0ac40000)
  from space 14080K,  99% used [0x0ac40000, 0x0b9ffff8, 0x0ba00000)
  to   space 14080K,   0% used [0x0ba00000, 0x0ba00000, 0x0c7c0000)
 tenured generation   total 282048K, used 245239K [0x19350000, 0x2a6c0000, 0x43e00000)
   the space 282048K,  86% used [0x19350000, 0x282cdcc8, 0x282cde00, 0x2a6c0000)
 Metaspace       used 3545K, capacity 3598K, committed 3648K, reserved 4480K
Event: 6.457 GC heap after
Heap after GC invocations=88 (full 6):
 def new generation   total 126976K, used 14079K [0x03e00000, 0x0c7c0000, 0x19350000)
  eden space 112896K,   0% used [0x03e00000, 0x03e00000, 0x0ac40000)
  from space 14080K,  99% used [0x0ba00000, 0x0c7bfff8, 0x0c7c0000)
  to   space 14080K,   0% used [0x0ac40000, 0x0ac40000, 0x0ba00000)
 tenured generation   total 282048K, used 260617K [0x19350000, 0x2a6c0000, 0x43e00000)
   the space 282048K,  92% used [0x19350000, 0x291d2720, 0x291d2800, 0x2a6c0000)
 Metaspace       used 3545K, capacity 3598K, committed 3648K, reserved 4480K
}
Event: 6.669 GC heap before
{Heap before GC invocations=88 (full 6):
 def new generation   total 126976K, used 126975K [0x03e00000, 0x0c7c0000, 0x19350000)
  eden space 112896K, 100% used [0x03e00000, 0x0ac40000, 0x0ac40000)
  from space 14080K,  99% used [0x0ba00000, 0x0c7bfff8, 0x0c7c0000)
  to   space 14080K,   0% used [0x0ac40000, 0x0ac40000, 0x0ba00000)
 tenured generation   total 282048K, used 260617K [0x19350000, 0x2a6c0000, 0x43e00000)
   the space 282048K,  92% used [0x19350000, 0x291d2720, 0x291d2800, 0x2a6c0000)
 Metaspace       used 3545K, capacity 3598K, committed 3648K, reserved 4480K
Event: 6.745 GC heap after
Heap after GC invocations=89 (full 6):
 def new generation   total 126976K, used 14079K [0x03e00000, 0x0c7c0000, 0x19350000)
  eden space 112896K,   0% used [0x03e00000, 0x03e00000, 0x0ac40000)
  from space 14080K,  99% used [0x0ac40000, 0x0b9ffff8, 0x0ba00000)
  to   space 14080K,   0% used [0x0ba00000, 0x0ba00000, 0x0c7c0000)
 tenured generation   total 282048K, used 277925K [0x19350000, 0x2a6c0000, 0x43e00000)
   the space 282048K,  98% used [0x19350000, 0x2a2b94f0, 0x2a2b9600, 0x2a6c0000)
 Metaspace       used 3545K, capacity 3598K, committed 3648K, reserved 4480K
}
Event: 6.923 GC heap before
{Heap before GC invocations=89 (full 6):
 def new generation   total 126976K, used 126975K [0x03e00000, 0x0c7c0000, 0x19350000)
  eden space 112896K, 100% used [0x03e00000, 0x0ac40000, 0x0ac40000)
  from space 14080K,  99% used [0x0ac40000, 0x0b9ffff8, 0x0ba00000)
  to   space 14080K,   0% used [0x0ba00000, 0x0ba00000, 0x0c7c0000)
 tenured generation   total 282048K, used 277925K [0x19350000, 0x2a6c0000, 0x43e00000)
   the space 282048K,  98% used [0x19350000, 0x2a2b94f0, 0x2a2b9600, 0x2a6c0000)
 Metaspace       used 3545K, capacity 3598K, committed 3648K, reserved 4480K
Event: 7.729 GC heap after
Heap after GC invocations=90 (full 7):
 def new generation   total 221056K, used 13947K [0x03e00000, 0x12dd0000, 0x19350000)
  eden space 196544K,   7% used [0x03e00000, 0x04b9efd0, 0x0fdf0000)
  from space 24512K,   0% used [0x0fdf0000, 0x0fdf0000, 0x115e0000)
  to   space 24512K,   0% used [0x115e0000, 0x115e0000, 0x12dd0000)
 tenured generation   total 490988K, used 294592K [0x19350000, 0x372cb000, 0x43e00000)
   the space 490988K,  59% used [0x19350000, 0x2b300000, 0x2b300000, 0x372cb000)
 Metaspace       used 3545K, capacity 3598K, committed 3648K, reserved 4480K
}
Event: 8.037 GC heap before
{Heap before GC invocations=90 (full 7):
 def new generation   total 221056K, used 196544K [0x03e00000, 0x12dd0000, 0x19350000)
  eden space 196544K, 100% used [0x03e00000, 0x0fdf0000, 0x0fdf0000)
  from space 24512K,   0% used [0x0fdf0000, 0x0fdf0000, 0x115e0000)
  to   space 24512K,   0% used [0x115e0000, 0x115e0000, 0x12dd0000)
 tenured generation   total 490988K, used 294592K [0x19350000, 0x372cb000, 0x43e00000)
   the space 490988K,  59% used [0x19350000, 0x2b300000, 0x2b300000, 0x372cb000)
 Metaspace       used 3545K, capacity 3598K, committed 3648K, reserved 4480K
Event: 8.294 GC heap after
Heap after GC invocations=91 (full 7):
 def new generation   total 221056K, used 24512K [0x03e00000, 0x12dd0000, 0x19350000)
  eden space 196544K,   0% used [0x03e00000, 0x03e00000, 0x0fdf0000)
  from space 24512K, 100% used [0x115e0000, 0x12dd0000, 0x12dd0000)
  to   space 24512K,   0% used [0x0fdf0000, 0x0fdf0000, 0x115e0000)
 tenured generation   total 490988K, used 311862K [0x19350000, 0x372cb000, 0x43e00000)
   the space 490988K,  63% used [0x19350000, 0x2c3dda40, 0x2c3ddc00, 0x372cb000)
 Metaspace       used 3545K, capacity 3598K, committed 3648K, reserved 4480K
}
Event: 8.611 GC heap before
{Heap before GC invocations=91 (full 7):
 def new generation   total 221056K, used 221056K [0x03e00000, 0x12dd0000, 0x19350000)
  eden space 196544K, 100% used [0x03e00000, 0x0fdf0000, 0x0fdf0000)
  from space 24512K, 100% used [0x115e0000, 0x12dd0000, 0x12dd0000)
  to   space 24512K,   0% used [0x0fdf0000, 0x0fdf0000, 0x115e0000)
 tenured generation   total 490988K, used 311862K [0x19350000, 0x372cb000, 0x43e00000)
   the space 490988K,  63% used [0x19350000, 0x2c3dda40, 0x2c3ddc00, 0x372cb000)
 Metaspace       used 3545K, capacity 3598K, committed 3648K, reserved 4480K

