# JRE version: Java(TM) SE Runtime Environment (8.0_101-b13) (build 1.8.0_101-b13)
# Java VM: Java HotSpot(TM) Client VM (25.101-b13 mixed mode windows-x86 )
Heap:
 def new generation   total 39424K, used 39424K [0x03c00000, 0x066c0000, 0x19150000)
  eden space 35072K, 100% used [0x03c00000, 0x05e40000, 0x05e40000)
  from space 4352K, 100% used [0x06280000, 0x066c0000, 0x066c0000)
  to   space 4352K, 100% used [0x05e40000, 0x06280000, 0x06280000)
 tenured generation   total 87440K, used 53696K [0x19150000, 0x1e6b4000, 0x43c00000)
   the space 87440K,  61% used [0x19150000, 0x1c5c00d0, 0x1c5c0200, 0x1e6b4000)
 Metaspace       used 3543K, capacity 3566K, committed 3648K, reserved 4480K
GC Heap History (10 events):
Event: 1.484 GC heap after
Heap after GC invocations=41 (full 3):
 def new generation   total 23296K, used 2560K [0x03c00000, 0x05540000, 0x19150000)
  eden space 20736K,   0% used [0x03c00000, 0x03c00000, 0x05040000)
  from space 2560K, 100% used [0x052c0000, 0x05540000, 0x05540000)
  to   space 2560K,   0% used [0x05040000, 0x05040000, 0x052c0000)
 tenured generation   total 51632K, used 43747K [0x19150000, 0x1c3bc000, 0x43c00000)
   the space 51632K,  84% used [0x19150000, 0x1bc08ca0, 0x1bc08e00, 0x1c3bc000)
 Metaspace       used 3543K, capacity 3566K, committed 3648K, reserved 4480K
}
Event: 1.519 GC heap before
{Heap before GC invocations=41 (full 3):
 def new generation   total 23296K, used 23296K [0x03c00000, 0x05540000, 0x19150000)
  eden space 20736K, 100% used [0x03c00000, 0x05040000, 0x05040000)
  from space 2560K, 100% used [0x052c0000, 0x05540000, 0x05540000)
  to   space 2560K,   0% used [0x05040000, 0x05040000, 0x052c0000)
 tenured generation   total 51632K, used 43747K [0x19150000, 0x1c3bc000, 0x43c00000)
   the space 51632K,  84% used [0x19150000, 0x1bc08ca0, 0x1bc08e00, 0x1c3bc000)
 Metaspace       used 3543K, capacity 3566K, committed 3648K, reserved 4480K
Event: 1.533 GC heap after
Heap after GC invocations=42 (full 3):
 def new generation   total 23296K, used 2560K [0x03c00000, 0x05540000, 0x19150000)
  eden space 20736K,   0% used [0x03c00000, 0x03c00000, 0x05040000)
  from space 2560K, 100% used [0x05040000, 0x052c0000, 0x052c0000)
  to   space 2560K,   0% used [0x052c0000, 0x052c0000, 0x05540000)
 tenured generation   total 51632K, used 46814K [0x19150000, 0x1c3bc000, 0x43c00000)
   the space 51632K,  90% used [0x19150000, 0x1bf07850, 0x1bf07a00, 0x1c3bc000)
 Metaspace       used 3543K, capacity 3566K, committed 3648K, reserved 4480K
}
Event: 1.567 GC heap before
{Heap before GC invocations=42 (full 3):
 def new generation   total 23296K, used 23296K [0x03c00000, 0x05540000, 0x19150000)
  eden space 20736K, 100% used [0x03c00000, 0x05040000, 0x05040000)
  from space 2560K, 100% used [0x05040000, 0x052c0000, 0x052c0000)
  to   space 2560K,   0% used [0x052c0000, 0x052c0000, 0x05540000)
 tenured generation   total 51632K, used 46814K [0x19150000, 0x1c3bc000, 0x43c00000)
   the space 51632K,  90% used [0x19150000, 0x1bf07850, 0x1bf07a00, 0x1c3bc000)
 Metaspace       used 3543K, capacity 3566K, committed 3648K, reserved 4480K
Event: 1.580 GC heap after
Heap after GC invocations=43 (full 3):
 def new generation   total 23296K, used 2560K [0x03c00000, 0x05540000, 0x19150000)
  eden space 20736K,   0% used [0x03c00000, 0x03c00000, 0x05040000)
  from space 2560K, 100% used [0x052c0000, 0x05540000, 0x05540000)
  to   space 2560K,   0% used [0x05040000, 0x05040000, 0x052c0000)
 tenured generation   total 51632K, used 49484K [0x19150000, 0x1c3bc000, 0x43c00000)
   the space 51632K,  95% used [0x19150000, 0x1c1a3368, 0x1c1a3400, 0x1c3bc000)
 Metaspace       used 3543K, capacity 3566K, committed 3648K, reserved 4480K
}
Event: 1.635 GC heap before
{Heap before GC invocations=43 (full 3):
 def new generation   total 23296K, used 23296K [0x03c00000, 0x05540000, 0x19150000)
  eden space 20736K, 100% used [0x03c00000, 0x05040000, 0x05040000)
  from space 2560K, 100% used [0x052c0000, 0x05540000, 0x05540000)
  to   space 2560K,   0% used [0x05040000, 0x05040000, 0x052c0000)
 tenured generation   total 51632K, used 49484K [0x19150000, 0x1c3bc000, 0x43c00000)
   the space 51632K,  95% used [0x19150000, 0x1c1a3368, 0x1c1a3400, 0x1c3bc000)
 Metaspace       used 3543K, capacity 3566K, committed 3648K, reserved 4480K
Event: 1.798 GC heap after
Heap after GC invocations=44 (full 4):
 def new generation   total 39424K, used 0K [0x03c00000, 0x066c0000, 0x19150000)
  eden space 35072K,   0% used [0x03c00000, 0x03c00000, 0x05e40000)
  from space 4352K,   0% used [0x05e40000, 0x05e40000, 0x06280000)
  to   space 4352K,   0% used [0x06280000, 0x06280000, 0x066c0000)
 tenured generation   total 87440K, used 52462K [0x19150000, 0x1e6b4000, 0x43c00000)
   the space 87440K,  59% used [0x19150000, 0x1c48b8a8, 0x1c48ba00, 0x1e6b4000)
 Metaspace       used 3543K, capacity 3566K, committed 3648K, reserved 4480K
}
Event: 1.857 GC heap before
{Heap before GC invocations=44 (full 4):
 def new generation   total 39424K, used 35072K [0x03c00000, 0x066c0000, 0x19150000)
  eden space 35072K, 100% used [0x03c00000, 0x05e40000, 0x05e40000)
  from space 4352K,   0% used [0x05e40000, 0x05e40000, 0x06280000)
  to   space 4352K,   0% used [0x06280000, 0x06280000, 0x066c0000)
 tenured generation   total 87440K, used 52462K [0x19150000, 0x1e6b4000, 0x43c00000)
   the space 87440K,  59% used [0x19150000, 0x1c48b8a8, 0x1c48ba00, 0x1e6b4000)
 Metaspace       used 3543K, capacity 3566K, committed 3648K, reserved 4480K
Event: 1.871 GC heap after
Heap after GC invocations=45 (full 4):
 def new generation   total 39424K, used 4352K [0x03c00000, 0x066c0000, 0x19150000)
  eden space 35072K,   0% used [0x03c00000, 0x03c00000, 0x05e40000)
  from space 4352K, 100% used [0x06280000, 0x066c0000, 0x066c0000)
  to   space 4352K,   0% used [0x05e40000, 0x05e40000, 0x06280000)
 tenured generation   total 87440K, used 53375K [0x19150000, 0x1e6b4000, 0x43c00000)
   the space 87440K,  61% used [0x19150000, 0x1c56ffb8, 0x1c570000, 0x1e6b4000)
 Metaspace       used 3543K, capacity 3566K, committed 3648K, reserved 4480K
}
Event: 1.928 GC heap before
{Heap before GC invocations=45 (full 4):
 def new generation   total 39424K, used 39424K [0x03c00000, 0x066c0000, 0x19150000)
  eden space 35072K, 100% used [0x03c00000, 0x05e40000, 0x05e40000)
  from space 4352K, 100% used [0x06280000, 0x066c0000, 0x066c0000)
  to   space 4352K,   0% used [0x05e40000, 0x05e40000, 0x06280000)
 tenured generation   total 87440K, used 53375K [0x19150000, 0x1e6b4000, 0x43c00000)
   the space 87440K,  61% used [0x19150000, 0x1c56ffb8, 0x1c570000, 0x1e6b4000)
 Metaspace       used 3543K, capacity 3566K, committed 3648K, reserved 4480K

