# JRE version: Java(TM) SE Runtime Environment (8.0_101-b13) (build 1.8.0_101-b13)
# Java VM: Java HotSpot(TM) Client VM (25.101-b13 mixed mode windows-x86 )
Heap:
 def new generation   total 314560K, used 279616K [0x03c00000, 0x19150000, 0x19150000)
  eden space 279616K, 100% used [0x03c00000, 0x14d10000, 0x14d10000)
  from space 34944K,   0% used [0x14d10000, 0x14d10000, 0x16f30000)
  to   space 34944K,   1% used [0x16f30000, 0x16fcf008, 0x19150000)
 tenured generation   total 699072K, used 427827K [0x19150000, 0x43c00000, 0x43c00000)
   the space 699072K,  61% used [0x19150000, 0x3331cff0, 0x3331d000, 0x43c00000)
 Metaspace       used 3547K, capacity 3598K, committed 3648K, reserved 4480K
GC Heap History (10 events):
Event: 11.379 GC heap after
Heap after GC invocations=91 (full 7):
 def new generation   total 185472K, used 20544K [0x03c00000, 0x10530000, 0x19150000)
  eden space 164928K,   0% used [0x03c00000, 0x03c00000, 0x0dd10000)
  from space 20544K, 100% used [0x0dd10000, 0x0f120000, 0x0f120000)
  to   space 20544K,   0% used [0x0f120000, 0x0f120000, 0x10530000)
 tenured generation   total 411956K, used 333494K [0x19150000, 0x3239d000, 0x43c00000)
   the space 411956K,  80% used [0x19150000, 0x2d6fd9e8, 0x2d6fda00, 0x3239d000)
 Metaspace       used 3547K, capacity 3598K, committed 3648K, reserved 4480K
}
Event: 11.638 GC heap before
{Heap before GC invocations=91 (full 7):
 def new generation   total 185472K, used 185472K [0x03c00000, 0x10530000, 0x19150000)
  eden space 164928K, 100% used [0x03c00000, 0x0dd10000, 0x0dd10000)
  from space 20544K, 100% used [0x0dd10000, 0x0f120000, 0x0f120000)
  to   space 20544K,   0% used [0x0f120000, 0x0f120000, 0x10530000)
 tenured generation   total 411956K, used 333494K [0x19150000, 0x3239d000, 0x43c00000)
   the space 411956K,  80% used [0x19150000, 0x2d6fd9e8, 0x2d6fda00, 0x3239d000)
 Metaspace       used 3547K, capacity 3598K, committed 3648K, reserved 4480K
Event: 11.748 GC heap after
Heap after GC invocations=92 (full 7):
 def new generation   total 185472K, used 20544K [0x03c00000, 0x10530000, 0x19150000)
  eden space 164928K,   0% used [0x03c00000, 0x03c00000, 0x0dd10000)
  from space 20544K, 100% used [0x0f120000, 0x10530000, 0x10530000)
  to   space 20544K,   0% used [0x0dd10000, 0x0dd10000, 0x0f120000)
 tenured generation   total 411956K, used 357731K [0x19150000, 0x3239d000, 0x43c00000)
   the space 411956K,  86% used [0x19150000, 0x2eea8e20, 0x2eea9000, 0x3239d000)
 Metaspace       used 3547K, capacity 3598K, committed 3648K, reserved 4480K
}
Event: 12.038 GC heap before
{Heap before GC invocations=92 (full 7):
 def new generation   total 185472K, used 185472K [0x03c00000, 0x10530000, 0x19150000)
  eden space 164928K, 100% used [0x03c00000, 0x0dd10000, 0x0dd10000)
  from space 20544K, 100% used [0x0f120000, 0x10530000, 0x10530000)
  to   space 20544K,   0% used [0x0dd10000, 0x0dd10000, 0x0f120000)
 tenured generation   total 411956K, used 357731K [0x19150000, 0x3239d000, 0x43c00000)
   the space 411956K,  86% used [0x19150000, 0x2eea8e20, 0x2eea9000, 0x3239d000)
 Metaspace       used 3547K, capacity 3598K, committed 3648K, reserved 4480K
Event: 12.153 GC heap after
Heap after GC invocations=93 (full 7):
 def new generation   total 185472K, used 20544K [0x03c00000, 0x10530000, 0x19150000)
  eden space 164928K,   0% used [0x03c00000, 0x03c00000, 0x0dd10000)
  from space 20544K, 100% used [0x0dd10000, 0x0f120000, 0x0f120000)
  to   space 20544K,   0% used [0x0f120000, 0x0f120000, 0x10530000)
 tenured generation   total 411956K, used 382194K [0x19150000, 0x3239d000, 0x43c00000)
   the space 411956K,  92% used [0x19150000, 0x3068c8a0, 0x3068ca00, 0x3239d000)
 Metaspace       used 3547K, capacity 3598K, committed 3648K, reserved 4480K
}
Event: 12.409 GC heap before
{Heap before GC invocations=93 (full 7):
 def new generation   total 185472K, used 185472K [0x03c00000, 0x10530000, 0x19150000)
  eden space 164928K, 100% used [0x03c00000, 0x0dd10000, 0x0dd10000)
  from space 20544K, 100% used [0x0dd10000, 0x0f120000, 0x0f120000)
  to   space 20544K,   0% used [0x0f120000, 0x0f120000, 0x10530000)
 tenured generation   total 411956K, used 382194K [0x19150000, 0x3239d000, 0x43c00000)
   the space 411956K,  92% used [0x19150000, 0x3068c8a0, 0x3068ca00, 0x3239d000)
 Metaspace       used 3547K, capacity 3598K, committed 3648K, reserved 4480K
Event: 12.513 GC heap after
Heap after GC invocations=94 (full 7):
 def new generation   total 185472K, used 20544K [0x03c00000, 0x10530000, 0x19150000)
  eden space 164928K,   0% used [0x03c00000, 0x03c00000, 0x0dd10000)
  from space 20544K, 100% used [0x0f120000, 0x10530000, 0x10530000)
  to   space 20544K,   0% used [0x0dd10000, 0x0dd10000, 0x0f120000)
 tenured generation   total 411956K, used 405228K [0x19150000, 0x3239d000, 0x43c00000)
   the space 411956K,  98% used [0x19150000, 0x31d0b028, 0x31d0b200, 0x3239d000)
 Metaspace       used 3547K, capacity 3598K, committed 3648K, reserved 4480K
}
Event: 12.783 GC heap before
{Heap before GC invocations=94 (full 7):
 def new generation   total 185472K, used 185472K [0x03c00000, 0x10530000, 0x19150000)
  eden space 164928K, 100% used [0x03c00000, 0x0dd10000, 0x0dd10000)
  from space 20544K, 100% used [0x0f120000, 0x10530000, 0x10530000)
  to   space 20544K,   0% used [0x0dd10000, 0x0dd10000, 0x0f120000)
 tenured generation   total 411956K, used 405228K [0x19150000, 0x3239d000, 0x43c00000)
   the space 411956K,  98% used [0x19150000, 0x31d0b028, 0x31d0b200, 0x3239d000)
 Metaspace       used 3547K, capacity 3598K, committed 3648K, reserved 4480K
Event: 14.110 GC heap after
Heap after GC invocations=95 (full 8):
 def new generation   total 314560K, used 3082K [0x03c00000, 0x19150000, 0x19150000)
  eden space 279616K,   1% used [0x03c00000, 0x03f02ab8, 0x14d10000)
  from space 34944K,   0% used [0x14d10000, 0x14d10000, 0x16f30000)
  to   space 34944K,   0% used [0x16f30000, 0x16f30000, 0x19150000)
 tenured generation   total 699072K, used 427827K [0x19150000, 0x43c00000, 0x43c00000)
   the space 699072K,  61% used [0x19150000, 0x3331cff0, 0x3331d000, 0x43c00000)
 Metaspace       used 3547K, capacity 3598K, committed 3648K, reserved 4480K
}
Event: 14.570 GC heap before
{Heap before GC invocations=95 (full 8):
 def new generation   total 314560K, used 279616K [0x03c00000, 0x19150000, 0x19150000)
  eden space 279616K, 100% used [0x03c00000, 0x14d10000, 0x14d10000)
  from space 34944K,   0% used [0x14d10000, 0x14d10000, 0x16f30000)
  to   space 34944K,   0% used [0x16f30000, 0x16f30000, 0x19150000)
 tenured generation   total 699072K, used 427827K [0x19150000, 0x43c00000, 0x43c00000)
   the space 699072K,  61% used [0x19150000, 0x3331cff0, 0x3331d000, 0x43c00000)
 Metaspace       used 3547K, capacity 3598K, committed 3648K, reserved 4480K

