# JRE version: Java(TM) SE Runtime Environment (8.0_101-b13) (build 1.8.0_101-b13)
# Java VM: Java HotSpot(TM) Client VM (25.101-b13 mixed mode windows-x86 )
Heap:
 def new generation   total 195392K, used 21695K [0x03e00000, 0x11200000, 0x19350000)
  eden space 173696K,   0% used [0x03e00000, 0x03e00000, 0x0e7a0000)
  from space 21696K,  99% used [0x0fcd0000, 0x111ffff8, 0x11200000)
  to   space 21696K,   0% used [0x0e7a0000, 0x0e7a0000, 0x0fcd0000)
 tenured generation   total 472872K, used 472854K [0x19350000, 0x3611a000, 0x43e00000)
   the space 472872K,  99% used [0x19350000, 0x36115a78, 0x36115c00, 0x3611a000)
 Metaspace       used 3545K, capacity 3598K, committed 3648K, reserved 4480K
GC Heap History (10 events):
Event: 11.180 GC heap after
Heap after GC invocations=92 (full 7):
 def new generation   total 195392K, used 21696K [0x03e00000, 0x11200000, 0x19350000)
  eden space 173696K,   0% used [0x03e00000, 0x03e00000, 0x0e7a0000)
  from space 21696K, 100% used [0x0e7a0000, 0x0fcd0000, 0x0fcd0000)
  to   space 21696K,   0% used [0x0fcd0000, 0x0fcd0000, 0x11200000)
 tenured generation   total 434088K, used 352649K [0x19350000, 0x33b3a000, 0x43e00000)
   the space 434088K,  81% used [0x19350000, 0x2ebb2778, 0x2ebb2800, 0x33b3a000)
 Metaspace       used 3545K, capacity 3598K, committed 3648K, reserved 4480K
}
Event: 11.489 GC heap before
{Heap before GC invocations=92 (full 7):
 def new generation   total 195392K, used 195392K [0x03e00000, 0x11200000, 0x19350000)
  eden space 173696K, 100% used [0x03e00000, 0x0e7a0000, 0x0e7a0000)
  from space 21696K, 100% used [0x0e7a0000, 0x0fcd0000, 0x0fcd0000)
  to   space 21696K,   0% used [0x0fcd0000, 0x0fcd0000, 0x11200000)
 tenured generation   total 434088K, used 352649K [0x19350000, 0x33b3a000, 0x43e00000)
   the space 434088K,  81% used [0x19350000, 0x2ebb2778, 0x2ebb2800, 0x33b3a000)
 Metaspace       used 3545K, capacity 3598K, committed 3648K, reserved 4480K
Event: 11.617 GC heap after
Heap after GC invocations=93 (full 7):
 def new generation   total 195392K, used 21696K [0x03e00000, 0x11200000, 0x19350000)
  eden space 173696K,   0% used [0x03e00000, 0x03e00000, 0x0e7a0000)
  from space 21696K, 100% used [0x0fcd0000, 0x11200000, 0x11200000)
  to   space 21696K,   0% used [0x0e7a0000, 0x0e7a0000, 0x0fcd0000)
 tenured generation   total 434088K, used 377836K [0x19350000, 0x33b3a000, 0x43e00000)
   the space 434088K,  87% used [0x19350000, 0x3044b1f8, 0x3044b200, 0x33b3a000)
 Metaspace       used 3545K, capacity 3598K, committed 3648K, reserved 4480K
}
Event: 11.889 GC heap before
{Heap before GC invocations=93 (full 7):
 def new generation   total 195392K, used 195392K [0x03e00000, 0x11200000, 0x19350000)
  eden space 173696K, 100% used [0x03e00000, 0x0e7a0000, 0x0e7a0000)
  from space 21696K, 100% used [0x0fcd0000, 0x11200000, 0x11200000)
  to   space 21696K,   0% used [0x0e7a0000, 0x0e7a0000, 0x0fcd0000)
 tenured generation   total 434088K, used 377836K [0x19350000, 0x33b3a000, 0x43e00000)
   the space 434088K,  87% used [0x19350000, 0x3044b1f8, 0x3044b200, 0x33b3a000)
 Metaspace       used 3545K, capacity 3598K, committed 3648K, reserved 4480K
Event: 11.998 GC heap after
Heap after GC invocations=94 (full 7):
 def new generation   total 195392K, used 21695K [0x03e00000, 0x11200000, 0x19350000)
  eden space 173696K,   0% used [0x03e00000, 0x03e00000, 0x0e7a0000)
  from space 21696K,  99% used [0x0e7a0000, 0x0fccfff8, 0x0fcd0000)
  to   space 21696K,   0% used [0x0fcd0000, 0x0fcd0000, 0x11200000)
 tenured generation   total 434088K, used 402514K [0x19350000, 0x33b3a000, 0x43e00000)
   the space 434088K,  92% used [0x19350000, 0x31c64a10, 0x31c64c00, 0x33b3a000)
 Metaspace       used 3545K, capacity 3598K, committed 3648K, reserved 4480K
}
Event: 12.286 GC heap before
{Heap before GC invocations=94 (full 7):
 def new generation   total 195392K, used 195391K [0x03e00000, 0x11200000, 0x19350000)
  eden space 173696K, 100% used [0x03e00000, 0x0e7a0000, 0x0e7a0000)
  from space 21696K,  99% used [0x0e7a0000, 0x0fccfff8, 0x0fcd0000)
  to   space 21696K,   0% used [0x0fcd0000, 0x0fcd0000, 0x11200000)
 tenured generation   total 434088K, used 402514K [0x19350000, 0x33b3a000, 0x43e00000)
   the space 434088K,  92% used [0x19350000, 0x31c64a10, 0x31c64c00, 0x33b3a000)
 Metaspace       used 3545K, capacity 3598K, committed 3648K, reserved 4480K
Event: 12.397 GC heap after
Heap after GC invocations=95 (full 7):
 def new generation   total 195392K, used 21696K [0x03e00000, 0x11200000, 0x19350000)
  eden space 173696K,   0% used [0x03e00000, 0x03e00000, 0x0e7a0000)
  from space 21696K, 100% used [0x0fcd0000, 0x11200000, 0x11200000)
  to   space 21696K,   0% used [0x0e7a0000, 0x0e7a0000, 0x0fcd0000)
 tenured generation   total 434088K, used 426067K [0x19350000, 0x33b3a000, 0x43e00000)
   the space 434088K,  98% used [0x19350000, 0x33364c28, 0x33364e00, 0x33b3a000)
 Metaspace       used 3545K, capacity 3598K, committed 3648K, reserved 4480K
}
Event: 12.662 GC heap before
{Heap before GC invocations=95 (full 7):
 def new generation   total 195392K, used 195392K [0x03e00000, 0x11200000, 0x19350000)
  eden space 173696K, 100% used [0x03e00000, 0x0e7a0000, 0x0e7a0000)
  from space 21696K, 100% used [0x0fcd0000, 0x11200000, 0x11200000)
  to   space 21696K,   0% used [0x0e7a0000, 0x0e7a0000, 0x0fcd0000)
 tenured generation   total 434088K, used 426067K [0x19350000, 0x33b3a000, 0x43e00000)
   the space 434088K,  98% used [0x19350000, 0x33364c88, 0x33364e00, 0x33b3a000)
 Metaspace       used 3545K, capacity 3598K, committed 3648K, reserved 4480K
Event: 12.781 GC heap after
Heap after GC invocations=96 (full 7):
 def new generation   total 195392K, used 21695K [0x03e00000, 0x11200000, 0x19350000)
  eden space 173696K,   0% used [0x03e00000, 0x03e00000, 0x0e7a0000)
  from space 21696K,  99% used [0x0e7a0000, 0x0fccfff8, 0x0fcd0000)
  to   space 21696K,   0% used [0x0fcd0000, 0x0fcd0000, 0x11200000)
 tenured generation   total 451624K, used 451518K [0x19350000, 0x34c5a000, 0x43e00000)
   the space 451624K,  99% used [0x19350000, 0x34c3fb38, 0x34c3fc00, 0x34c5a000)
 Metaspace       used 3545K, capacity 3598K, committed 3648K, reserved 4480K
}
Event: 13.078 GC heap before
{Heap before GC invocations=96 (full 7):
 def new generation   total 195392K, used 195391K [0x03e00000, 0x11200000, 0x19350000)
  eden space 173696K, 100% used [0x03e00000, 0x0e7a0000, 0x0e7a0000)
  from space 21696K,  99% used [0x0e7a0000, 0x0fccfff8, 0x0fcd0000)
  to   space 21696K,   0% used [0x0fcd0000, 0x0fcd0000, 0x11200000)
 tenured generation   total 451624K, used 451518K [0x19350000, 0x34c5a000, 0x43e00000)
   the space 451624K,  99% used [0x19350000, 0x34c3fb38, 0x34c3fc00, 0x34c5a000)
 Metaspace       used 3545K, capacity 3598K, committed 3648K, reserved 4480K

