# JRE version: Java(TM) SE Runtime Environment (8.0_101-b13) (build 1.8.0_101-b13)
# Java VM: Java HotSpot(TM) Client VM (25.101-b13 mixed mode windows-x86 )
Heap:
 def new generation   total 191040K, used 191040K [0x03e00000, 0x10d40000, 0x19350000)
  eden space 169856K, 100% used [0x03e00000, 0x0e3e0000, 0x0e3e0000)
  from space 21184K, 100% used [0x0f890000, 0x10d40000, 0x10d40000)
  to   space 21184K, 100% used [0x0e3e0000, 0x0f890000, 0x0f890000)
 tenured generation   total 424400K, used 400308K [0x19350000, 0x331c4000, 0x43e00000)
   the space 424400K,  94% used [0x19350000, 0x31a3d198, 0x31a3d200, 0x331c4000)
 Metaspace       used 3545K, capacity 3598K, committed 3648K, reserved 4480K
GC Heap History (10 events):
Event: 7.392 GC heap after
Heap after GC invocations=89 (full 7):
 def new generation   total 191040K, used 21184K [0x03e00000, 0x10d40000, 0x19350000)
  eden space 169856K,   0% used [0x03e00000, 0x03e00000, 0x0e3e0000)
  from space 21184K, 100% used [0x0f890000, 0x10d40000, 0x10d40000)
  to   space 21184K,   0% used [0x0e3e0000, 0x0e3e0000, 0x0f890000)
 tenured generation   total 424400K, used 267844K [0x19350000, 0x331c4000, 0x43e00000)
   the space 424400K,  63% used [0x19350000, 0x298e10f0, 0x298e1200, 0x331c4000)
 Metaspace       used 3545K, capacity 3598K, committed 3648K, reserved 4480K
}
Event: 7.702 GC heap before
{Heap before GC invocations=89 (full 7):
 def new generation   total 191040K, used 191040K [0x03e00000, 0x10d40000, 0x19350000)
  eden space 169856K, 100% used [0x03e00000, 0x0e3e0000, 0x0e3e0000)
  from space 21184K, 100% used [0x0f890000, 0x10d40000, 0x10d40000)
  to   space 21184K,   0% used [0x0e3e0000, 0x0e3e0000, 0x0f890000)
 tenured generation   total 424400K, used 267844K [0x19350000, 0x331c4000, 0x43e00000)
   the space 424400K,  63% used [0x19350000, 0x298e10f0, 0x298e1200, 0x331c4000)
 Metaspace       used 3545K, capacity 3598K, committed 3648K, reserved 4480K
Event: 7.826 GC heap after
Heap after GC invocations=90 (full 7):
 def new generation   total 191040K, used 21184K [0x03e00000, 0x10d40000, 0x19350000)
  eden space 169856K,   0% used [0x03e00000, 0x03e00000, 0x0e3e0000)
  from space 21184K, 100% used [0x0e3e0000, 0x0f890000, 0x0f890000)
  to   space 21184K,   0% used [0x0f890000, 0x0f890000, 0x10d40000)
 tenured generation   total 424400K, used 292203K [0x19350000, 0x331c4000, 0x43e00000)
   the space 424400K,  68% used [0x19350000, 0x2b0aaf00, 0x2b0ab000, 0x331c4000)
 Metaspace       used 3545K, capacity 3598K, committed 3648K, reserved 4480K
}
Event: 8.151 GC heap before
{Heap before GC invocations=90 (full 7):
 def new generation   total 191040K, used 191040K [0x03e00000, 0x10d40000, 0x19350000)
  eden space 169856K, 100% used [0x03e00000, 0x0e3e0000, 0x0e3e0000)
  from space 21184K, 100% used [0x0e3e0000, 0x0f890000, 0x0f890000)
  to   space 21184K,   0% used [0x0f890000, 0x0f890000, 0x10d40000)
 tenured generation   total 424400K, used 292203K [0x19350000, 0x331c4000, 0x43e00000)
   the space 424400K,  68% used [0x19350000, 0x2b0aaf00, 0x2b0ab000, 0x331c4000)
 Metaspace       used 3545K, capacity 3598K, committed 3648K, reserved 4480K
Event: 8.277 GC heap after
Heap after GC invocations=91 (full 7):
 def new generation   total 191040K, used 21184K [0x03e00000, 0x10d40000, 0x19350000)
  eden space 169856K,   0% used [0x03e00000, 0x03e00000, 0x0e3e0000)
  from space 21184K, 100% used [0x0f890000, 0x10d40000, 0x10d40000)
  to   space 21184K,   0% used [0x0e3e0000, 0x0e3e0000, 0x0f890000)
 tenured generation   total 424400K, used 318147K [0x19350000, 0x331c4000, 0x43e00000)
   the space 424400K,  74% used [0x19350000, 0x2ca00eb8, 0x2ca01000, 0x331c4000)
 Metaspace       used 3545K, capacity 3598K, committed 3648K, reserved 4480K
}
Event: 8.563 GC heap before
{Heap before GC invocations=91 (full 7):
 def new generation   total 191040K, used 191040K [0x03e00000, 0x10d40000, 0x19350000)
  eden space 169856K, 100% used [0x03e00000, 0x0e3e0000, 0x0e3e0000)
  from space 21184K, 100% used [0x0f890000, 0x10d40000, 0x10d40000)
  to   space 21184K,   0% used [0x0e3e0000, 0x0e3e0000, 0x0f890000)
 tenured generation   total 424400K, used 318147K [0x19350000, 0x331c4000, 0x43e00000)
   the space 424400K,  74% used [0x19350000, 0x2ca00eb8, 0x2ca01000, 0x331c4000)
 Metaspace       used 3545K, capacity 3598K, committed 3648K, reserved 4480K
Event: 8.674 GC heap after
Heap after GC invocations=92 (full 7):
 def new generation   total 191040K, used 21183K [0x03e00000, 0x10d40000, 0x19350000)
  eden space 169856K,   0% used [0x03e00000, 0x03e00000, 0x0e3e0000)
  from space 21184K,  99% used [0x0e3e0000, 0x0f88fff8, 0x0f890000)
  to   space 21184K,   0% used [0x0f890000, 0x0f890000, 0x10d40000)
 tenured generation   total 424400K, used 341369K [0x19350000, 0x331c4000, 0x43e00000)
   the space 424400K,  80% used [0x19350000, 0x2e0ae4d8, 0x2e0ae600, 0x331c4000)
 Metaspace       used 3545K, capacity 3598K, committed 3648K, reserved 4480K
}
Event: 8.970 GC heap before
{Heap before GC invocations=92 (full 7):
 def new generation   total 191040K, used 191039K [0x03e00000, 0x10d40000, 0x19350000)
  eden space 169856K, 100% used [0x03e00000, 0x0e3e0000, 0x0e3e0000)
  from space 21184K,  99% used [0x0e3e0000, 0x0f88fff8, 0x0f890000)
  to   space 21184K,   0% used [0x0f890000, 0x0f890000, 0x10d40000)
 tenured generation   total 424400K, used 341369K [0x19350000, 0x331c4000, 0x43e00000)
   the space 424400K,  80% used [0x19350000, 0x2e0ae4d8, 0x2e0ae600, 0x331c4000)
 Metaspace       used 3545K, capacity 3598K, committed 3648K, reserved 4480K
Event: 9.082 GC heap after
Heap after GC invocations=93 (full 7):
 def new generation   total 191040K, used 21184K [0x03e00000, 0x10d40000, 0x19350000)
  eden space 169856K,   0% used [0x03e00000, 0x03e00000, 0x0e3e0000)
  from space 21184K, 100% used [0x0f890000, 0x10d40000, 0x10d40000)
  to   space 21184K,   0% used [0x0e3e0000, 0x0e3e0000, 0x0f890000)
 tenured generation   total 424400K, used 366295K [0x19350000, 0x331c4000, 0x43e00000)
   the space 424400K,  86% used [0x19350000, 0x2f905c88, 0x2f905e00, 0x331c4000)
 Metaspace       used 3545K, capacity 3598K, committed 3648K, reserved 4480K
}
Event: 9.346 GC heap before
{Heap before GC invocations=93 (full 7):
 def new generation   total 191040K, used 191040K [0x03e00000, 0x10d40000, 0x19350000)
  eden space 169856K, 100% used [0x03e00000, 0x0e3e0000, 0x0e3e0000)
  from space 21184K, 100% used [0x0f890000, 0x10d40000, 0x10d40000)
  to   space 21184K,   0% used [0x0e3e0000, 0x0e3e0000, 0x0f890000)
 tenured generation   total 424400K, used 366295K [0x19350000, 0x331c4000, 0x43e00000)
   the space 424400K,  86% used [0x19350000, 0x2f905c88, 0x2f905e00, 0x331c4000)
 Metaspace       used 3545K, capacity 3598K, committed 3648K, reserved 4480K

