# JRE version: Java(TM) SE Runtime Environment (8.0_101-b13) (build 1.8.0_101-b13)
# Java VM: Java HotSpot(TM) Client VM (25.101-b13 mixed mode windows-x86 )
Heap:
 def new generation   total 111936K, used 111936K [0x03e00000, 0x0b770000, 0x19350000)
  eden space 99520K, 100% used [0x03e00000, 0x09f30000, 0x09f30000)
  from space 12416K, 100% used [0x0ab50000, 0x0b770000, 0x0b770000)
  to   space 12416K, 100% used [0x09f30000, 0x0ab50000, 0x0ab50000)
 tenured generation   total 248568K, used 186263K [0x19350000, 0x2860e000, 0x43e00000)
   the space 248568K,  74% used [0x19350000, 0x24935fc8, 0x24936000, 0x2860e000)
 Metaspace       used 3582K, capacity 3598K, committed 3648K, reserved 4480K
GC Heap History (10 events):
Event: 3.894 GC heap after
Heap after GC invocations=58 (full 5):
 def new generation   total 64320K, used 7104K [0x03e00000, 0x083c0000, 0x19350000)
  eden space 57216K,   0% used [0x03e00000, 0x03e00000, 0x075e0000)
  from space 7104K, 100% used [0x07cd0000, 0x083c0000, 0x083c0000)
  to   space 7104K,   0% used [0x075e0000, 0x075e0000, 0x07cd0000)
 tenured generation   total 142740K, used 139970K [0x19350000, 0x21eb5000, 0x43e00000)
   the space 142740K,  98% used [0x19350000, 0x21c00b38, 0x21c00c00, 0x21eb5000)
 Metaspace       used 3545K, capacity 3598K, committed 3648K, reserved 4480K
}
Event: 4.020 GC heap before
{Heap before GC invocations=58 (full 5):
 def new generation   total 64320K, used 64320K [0x03e00000, 0x083c0000, 0x19350000)
  eden space 57216K, 100% used [0x03e00000, 0x075e0000, 0x075e0000)
  from space 7104K, 100% used [0x07cd0000, 0x083c0000, 0x083c0000)
  to   space 7104K,   0% used [0x075e0000, 0x075e0000, 0x07cd0000)
 tenured generation   total 142740K, used 139970K [0x19350000, 0x21eb5000, 0x43e00000)
   the space 142740K,  98% used [0x19350000, 0x21c00b38, 0x21c00c00, 0x21eb5000)
 Metaspace       used 3545K, capacity 3598K, committed 3648K, reserved 4480K
Event: 4.418 GC heap after
Heap after GC invocations=59 (full 6):
 def new generation   total 111936K, used 7068K [0x03e00000, 0x0b770000, 0x19350000)
  eden space 99520K,   7% used [0x03e00000, 0x044e7250, 0x09f30000)
  from space 12416K,   0% used [0x09f30000, 0x09f30000, 0x0ab50000)
  to   space 12416K,   0% used [0x0ab50000, 0x0ab50000, 0x0b770000)
 tenured generation   total 248568K, used 149140K [0x19350000, 0x2860e000, 0x43e00000)
   the space 248568K,  59% used [0x19350000, 0x224f5000, 0x224f5000, 0x2860e000)
 Metaspace       used 3545K, capacity 3598K, committed 3648K, reserved 4480K
}
Event: 4.602 GC heap before
{Heap before GC invocations=59 (full 6):
 def new generation   total 111936K, used 99520K [0x03e00000, 0x0b770000, 0x19350000)
  eden space 99520K, 100% used [0x03e00000, 0x09f30000, 0x09f30000)
  from space 12416K,   0% used [0x09f30000, 0x09f30000, 0x0ab50000)
  to   space 12416K,   0% used [0x0ab50000, 0x0ab50000, 0x0b770000)
 tenured generation   total 248568K, used 149140K [0x19350000, 0x2860e000, 0x43e00000)
   the space 248568K,  59% used [0x19350000, 0x224f5000, 0x224f5000, 0x2860e000)
 Metaspace       used 3545K, capacity 3598K, committed 3648K, reserved 4480K
Event: 4.727 GC heap after
Heap after GC invocations=60 (full 6):
 def new generation   total 111936K, used 12416K [0x03e00000, 0x0b770000, 0x19350000)
  eden space 99520K,   0% used [0x03e00000, 0x03e00000, 0x09f30000)
  from space 12416K, 100% used [0x0ab50000, 0x0b770000, 0x0b770000)
  to   space 12416K,   0% used [0x09f30000, 0x09f30000, 0x0ab50000)
 tenured generation   total 248568K, used 156407K [0x19350000, 0x2860e000, 0x43e00000)
   the space 248568K,  62% used [0x19350000, 0x22c0dfa0, 0x22c0e000, 0x2860e000)
 Metaspace       used 3545K, capacity 3598K, committed 3648K, reserved 4480K
}
Event: 4.887 GC heap before
{Heap before GC invocations=60 (full 6):
 def new generation   total 111936K, used 111936K [0x03e00000, 0x0b770000, 0x19350000)
  eden space 99520K, 100% used [0x03e00000, 0x09f30000, 0x09f30000)
  from space 12416K, 100% used [0x0ab50000, 0x0b770000, 0x0b770000)
  to   space 12416K,   0% used [0x09f30000, 0x09f30000, 0x0ab50000)
 tenured generation   total 248568K, used 156407K [0x19350000, 0x2860e000, 0x43e00000)
   the space 248568K,  62% used [0x19350000, 0x22c0dfa0, 0x22c0e000, 0x2860e000)
 Metaspace       used 3545K, capacity 3598K, committed 3648K, reserved 4480K
Event: 4.968 GC heap after
Heap after GC invocations=61 (full 6):
 def new generation   total 111936K, used 12416K [0x03e00000, 0x0b770000, 0x19350000)
  eden space 99520K,   0% used [0x03e00000, 0x03e00000, 0x09f30000)
  from space 12416K, 100% used [0x09f30000, 0x0ab50000, 0x0ab50000)
  to   space 12416K,   0% used [0x0ab50000, 0x0ab50000, 0x0b770000)
 tenured generation   total 248568K, used 170543K [0x19350000, 0x2860e000, 0x43e00000)
   the space 248568K,  68% used [0x19350000, 0x239dbd60, 0x239dbe00, 0x2860e000)
 Metaspace       used 3545K, capacity 3598K, committed 3648K, reserved 4480K
}
Event: 5.136 GC heap before
{Heap before GC invocations=61 (full 6):
 def new generation   total 111936K, used 111936K [0x03e00000, 0x0b770000, 0x19350000)
  eden space 99520K, 100% used [0x03e00000, 0x09f30000, 0x09f30000)
  from space 12416K, 100% used [0x09f30000, 0x0ab50000, 0x0ab50000)
  to   space 12416K,   0% used [0x0ab50000, 0x0ab50000, 0x0b770000)
 tenured generation   total 248568K, used 170543K [0x19350000, 0x2860e000, 0x43e00000)
   the space 248568K,  68% used [0x19350000, 0x239dbd60, 0x239dbe00, 0x2860e000)
 Metaspace       used 3545K, capacity 3598K, committed 3648K, reserved 4480K
Event: 5.199 GC heap after
Heap after GC invocations=62 (full 6):
 def new generation   total 111936K, used 12416K [0x03e00000, 0x0b770000, 0x19350000)
  eden space 99520K,   0% used [0x03e00000, 0x03e00000, 0x09f30000)
  from space 12416K, 100% used [0x0ab50000, 0x0b770000, 0x0b770000)
  to   space 12416K,   0% used [0x09f30000, 0x09f30000, 0x0ab50000)
 tenured generation   total 248568K, used 185132K [0x19350000, 0x2860e000, 0x43e00000)
   the space 248568K,  74% used [0x19350000, 0x2481b0f0, 0x2481b200, 0x2860e000)
 Metaspace       used 3545K, capacity 3598K, committed 3648K, reserved 4480K
}
Event: 5.902 GC heap before
{Heap before GC invocations=62 (full 6):
 def new generation   total 111936K, used 111936K [0x03e00000, 0x0b770000, 0x19350000)
  eden space 99520K, 100% used [0x03e00000, 0x09f30000, 0x09f30000)
  from space 12416K, 100% used [0x0ab50000, 0x0b770000, 0x0b770000)
  to   space 12416K,   0% used [0x09f30000, 0x09f30000, 0x0ab50000)
 tenured generation   total 248568K, used 185132K [0x19350000, 0x2860e000, 0x43e00000)
   the space 248568K,  74% used [0x19350000, 0x2481b0f0, 0x2481b200, 0x2860e000)
 Metaspace       used 3582K, capacity 3598K, committed 3648K, reserved 4480K

