# JRE version: Java(TM) SE Runtime Environment (8.0_101-b13) (build 1.8.0_101-b13)
# Java VM: Java HotSpot(TM) Client VM (25.101-b13 mixed mode windows-x86 )
Heap:
 def new generation   total 8576K, used 895K [0x03a00000, 0x04340000, 0x18f50000)
  eden space 7680K,   0% used [0x03a00000, 0x03a00000, 0x04180000)
  from space 896K,  99% used [0x04180000, 0x0425fff8, 0x04260000)
  to   space 896K,   0% used [0x04260000, 0x04260000, 0x04340000)
 tenured generation   total 20032K, used 19965K [0x18f50000, 0x1a2e0000, 0x43a00000)
   the space 20032K,  99% used [0x18f50000, 0x1a2cf450, 0x1a2cf600, 0x1a2e0000)
 Metaspace       used 3547K, capacity 3598K, committed 3648K, reserved 4480K
GC Heap History (10 events):
Event: 0.754 GC heap after
Heap after GC invocations=23 (full 1):
 def new generation   total 8576K, used 638K [0x03a00000, 0x04340000, 0x18f50000)
  eden space 7680K,   0% used [0x03a00000, 0x03a00000, 0x04180000)
  from space 896K,  71% used [0x04260000, 0x042ff870, 0x04340000)
  to   space 896K,   0% used [0x04180000, 0x04180000, 0x04260000)
 tenured generation   total 18880K, used 14012K [0x18f50000, 0x1a1c0000, 0x43a00000)
   the space 18880K,  74% used [0x18f50000, 0x19cff170, 0x19cff200, 0x1a1c0000)
 Metaspace       used 3491K, capacity 3526K, committed 3648K, reserved 4480K
}
Event: 0.776 GC heap before
{Heap before GC invocations=23 (full 1):
 def new generation   total 8576K, used 8318K [0x03a00000, 0x04340000, 0x18f50000)
  eden space 7680K, 100% used [0x03a00000, 0x04180000, 0x04180000)
  from space 896K,  71% used [0x04260000, 0x042ff870, 0x04340000)
  to   space 896K,   0% used [0x04180000, 0x04180000, 0x04260000)
 tenured generation   total 18880K, used 14012K [0x18f50000, 0x1a1c0000, 0x43a00000)
   the space 18880K,  74% used [0x18f50000, 0x19cff170, 0x19cff200, 0x1a1c0000)
 Metaspace       used 3492K, capacity 3558K, committed 3648K, reserved 4480K
Event: 0.782 GC heap after
Heap after GC invocations=24 (full 1):
 def new generation   total 8576K, used 895K [0x03a00000, 0x04340000, 0x18f50000)
  eden space 7680K,   0% used [0x03a00000, 0x03a00000, 0x04180000)
  from space 896K,  99% used [0x04180000, 0x0425fff8, 0x04260000)
  to   space 896K,   0% used [0x04260000, 0x04260000, 0x04340000)
 tenured generation   total 18880K, used 15063K [0x18f50000, 0x1a1c0000, 0x43a00000)
   the space 18880K,  79% used [0x18f50000, 0x19e05c50, 0x19e05e00, 0x1a1c0000)
 Metaspace       used 3492K, capacity 3558K, committed 3648K, reserved 4480K
}
Event: 0.800 GC heap before
{Heap before GC invocations=24 (full 1):
 def new generation   total 8576K, used 8575K [0x03a00000, 0x04340000, 0x18f50000)
  eden space 7680K, 100% used [0x03a00000, 0x04180000, 0x04180000)
  from space 896K,  99% used [0x04180000, 0x0425fff8, 0x04260000)
  to   space 896K,   0% used [0x04260000, 0x04260000, 0x04340000)
 tenured generation   total 18880K, used 15063K [0x18f50000, 0x1a1c0000, 0x43a00000)
   the space 18880K,  79% used [0x18f50000, 0x19e05c50, 0x19e05e00, 0x1a1c0000)
 Metaspace       used 3492K, capacity 3558K, committed 3648K, reserved 4480K
Event: 0.806 GC heap after
Heap after GC invocations=25 (full 1):
 def new generation   total 8576K, used 895K [0x03a00000, 0x04340000, 0x18f50000)
  eden space 7680K,   0% used [0x03a00000, 0x03a00000, 0x04180000)
  from space 896K,  99% used [0x04260000, 0x0433fff8, 0x04340000)
  to   space 896K,   0% used [0x04180000, 0x04180000, 0x04260000)
 tenured generation   total 18880K, used 16550K [0x18f50000, 0x1a1c0000, 0x43a00000)
   the space 18880K,  87% used [0x18f50000, 0x19f79ad8, 0x19f79c00, 0x1a1c0000)
 Metaspace       used 3492K, capacity 3558K, committed 3648K, reserved 4480K
}
Event: 0.823 GC heap before
{Heap before GC invocations=25 (full 1):
 def new generation   total 8576K, used 8575K [0x03a00000, 0x04340000, 0x18f50000)
  eden space 7680K, 100% used [0x03a00000, 0x04180000, 0x04180000)
  from space 896K,  99% used [0x04260000, 0x0433fff8, 0x04340000)
  to   space 896K,   0% used [0x04180000, 0x04180000, 0x04260000)
 tenured generation   total 18880K, used 16550K [0x18f50000, 0x1a1c0000, 0x43a00000)
   the space 18880K,  87% used [0x18f50000, 0x19f79ad8, 0x19f79c00, 0x1a1c0000)
 Metaspace       used 3547K, capacity 3598K, committed 3648K, reserved 4480K
Event: 0.829 GC heap after
Heap after GC invocations=26 (full 1):
 def new generation   total 8576K, used 895K [0x03a00000, 0x04340000, 0x18f50000)
  eden space 7680K,   0% used [0x03a00000, 0x03a00000, 0x04180000)
  from space 896K,  99% used [0x04180000, 0x0425fff8, 0x04260000)
  to   space 896K,   0% used [0x04260000, 0x04260000, 0x04340000)
 tenured generation   total 18880K, used 17793K [0x18f50000, 0x1a1c0000, 0x43a00000)
   the space 18880K,  94% used [0x18f50000, 0x1a0b0770, 0x1a0b0800, 0x1a1c0000)
 Metaspace       used 3547K, capacity 3598K, committed 3648K, reserved 4480K
}
Event: 0.844 GC heap before
{Heap before GC invocations=26 (full 1):
 def new generation   total 8576K, used 8575K [0x03a00000, 0x04340000, 0x18f50000)
  eden space 7680K, 100% used [0x03a00000, 0x04180000, 0x04180000)
  from space 896K,  99% used [0x04180000, 0x0425fff8, 0x04260000)
  to   space 896K,   0% used [0x04260000, 0x04260000, 0x04340000)
 tenured generation   total 18880K, used 17793K [0x18f50000, 0x1a1c0000, 0x43a00000)
   the space 18880K,  94% used [0x18f50000, 0x1a0b0770, 0x1a0b0800, 0x1a1c0000)
 Metaspace       used 3547K, capacity 3598K, committed 3648K, reserved 4480K
Event: 0.849 GC heap after
Heap after GC invocations=27 (full 1):
 def new generation   total 8576K, used 896K [0x03a00000, 0x04340000, 0x18f50000)
  eden space 7680K,   0% used [0x03a00000, 0x03a00000, 0x04180000)
  from space 896K, 100% used [0x04260000, 0x04340000, 0x04340000)
  to   space 896K,   0% used [0x04180000, 0x04180000, 0x04260000)
 tenured generation   total 18880K, used 18847K [0x18f50000, 0x1a1c0000, 0x43a00000)
   the space 18880K,  99% used [0x18f50000, 0x1a1b7e48, 0x1a1b8000, 0x1a1c0000)
 Metaspace       used 3547K, capacity 3598K, committed 3648K, reserved 4480K
}
Event: 0.864 GC heap before
{Heap before GC invocations=27 (full 1):
 def new generation   total 8576K, used 8576K [0x03a00000, 0x04340000, 0x18f50000)
  eden space 7680K, 100% used [0x03a00000, 0x04180000, 0x04180000)
  from space 896K, 100% used [0x04260000, 0x04340000, 0x04340000)
  to   space 896K,   0% used [0x04180000, 0x04180000, 0x04260000)
 tenured generation   total 18880K, used 18847K [0x18f50000, 0x1a1c0000, 0x43a00000)
   the space 18880K,  99% used [0x18f50000, 0x1a1b7e48, 0x1a1b8000, 0x1a1c0000)
 Metaspace       used 3547K, capacity 3598K, committed 3648K, reserved 4480K

