# JRE version: Java(TM) SE Runtime Environment (8.0_101-b13) (build 1.8.0_101-b13)
# Java VM: Java HotSpot(TM) Client VM (25.101-b13 mixed mode windows-x86 )
Heap:
 def new generation   total 314560K, used 314559K [0x03c00000, 0x19150000, 0x19150000)
  eden space 279616K, 100% used [0x03c00000, 0x14d10000, 0x14d10000)
  from space 34944K,  99% used [0x14d10000, 0x16f2fff8, 0x16f30000)
  to   space 34944K, 100% used [0x16f30000, 0x19150000, 0x19150000)
 tenured generation   total 699072K, used 502190K [0x19150000, 0x43c00000, 0x43c00000)
   the space 699072K,  71% used [0x19150000, 0x37bbba98, 0x37bbbc00, 0x43c00000)
 Metaspace       used 3546K, capacity 3598K, committed 3648K, reserved 4480K
GC Heap History (10 events):
Event: 9.014 GC heap after
Heap after GC invocations=93 (full 7):
 def new generation   total 187456K, used 20800K [0x03c00000, 0x10760000, 0x19150000)
  eden space 166656K,   0% used [0x03c00000, 0x03c00000, 0x0dec0000)
  from space 20800K, 100% used [0x0dec0000, 0x0f310000, 0x0f310000)
  to   space 20800K,   0% used [0x0f310000, 0x0f310000, 0x10760000)
 tenured generation   total 416376K, used 384728K [0x19150000, 0x327ee000, 0x43c00000)
   the space 416376K,  92% used [0x19150000, 0x30906288, 0x30906400, 0x327ee000)
 Metaspace       used 3546K, capacity 3598K, committed 3648K, reserved 4480K
}
Event: 9.269 GC heap before
{Heap before GC invocations=93 (full 7):
 def new generation   total 187456K, used 187456K [0x03c00000, 0x10760000, 0x19150000)
  eden space 166656K, 100% used [0x03c00000, 0x0dec0000, 0x0dec0000)
  from space 20800K, 100% used [0x0dec0000, 0x0f310000, 0x0f310000)
  to   space 20800K,   0% used [0x0f310000, 0x0f310000, 0x10760000)
 tenured generation   total 416376K, used 384728K [0x19150000, 0x327ee000, 0x43c00000)
   the space 416376K,  92% used [0x19150000, 0x30906288, 0x30906400, 0x327ee000)
 Metaspace       used 3546K, capacity 3598K, committed 3648K, reserved 4480K
Event: 9.375 GC heap after
Heap after GC invocations=94 (full 7):
 def new generation   total 187456K, used 20799K [0x03c00000, 0x10760000, 0x19150000)
  eden space 166656K,   0% used [0x03c00000, 0x03c00000, 0x0dec0000)
  from space 20800K,  99% used [0x0f310000, 0x1075fff8, 0x10760000)
  to   space 20800K,   0% used [0x0dec0000, 0x0dec0000, 0x0f310000)
 tenured generation   total 416376K, used 409153K [0x19150000, 0x327ee000, 0x43c00000)
   the space 416376K,  98% used [0x19150000, 0x320e0460, 0x320e0600, 0x327ee000)
 Metaspace       used 3546K, capacity 3598K, committed 3648K, reserved 4480K
}
Event: 9.642 GC heap before
{Heap before GC invocations=94 (full 7):
 def new generation   total 187456K, used 187455K [0x03c00000, 0x10760000, 0x19150000)
  eden space 166656K, 100% used [0x03c00000, 0x0dec0000, 0x0dec0000)
  from space 20800K,  99% used [0x0f310000, 0x1075fff8, 0x10760000)
  to   space 20800K,   0% used [0x0dec0000, 0x0dec0000, 0x0f310000)
 tenured generation   total 416376K, used 409153K [0x19150000, 0x327ee000, 0x43c00000)
   the space 416376K,  98% used [0x19150000, 0x320e0460, 0x320e0600, 0x327ee000)
 Metaspace       used 3546K, capacity 3598K, committed 3648K, reserved 4480K
Event: 11.025 GC heap after
Heap after GC invocations=95 (full 8):
 def new generation   total 314560K, used 3470K [0x03c00000, 0x19150000, 0x19150000)
  eden space 279616K,   1% used [0x03c00000, 0x03f63a28, 0x14d10000)
  from space 34944K,   0% used [0x14d10000, 0x14d10000, 0x16f30000)
  to   space 34944K,   0% used [0x16f30000, 0x16f30000, 0x19150000)
 tenured generation   total 699072K, used 431479K [0x19150000, 0x43c00000, 0x43c00000)
   the space 699072K,  61% used [0x19150000, 0x336adff8, 0x336ae000, 0x43c00000)
 Metaspace       used 3546K, capacity 3598K, committed 3648K, reserved 4480K
}
Event: 11.487 GC heap before
{Heap before GC invocations=95 (full 8):
 def new generation   total 314560K, used 279616K [0x03c00000, 0x19150000, 0x19150000)
  eden space 279616K, 100% used [0x03c00000, 0x14d10000, 0x14d10000)
  from space 34944K,   0% used [0x14d10000, 0x14d10010, 0x16f30000)
  to   space 34944K,   0% used [0x16f30000, 0x16f30000, 0x19150000)
 tenured generation   total 699072K, used 431479K [0x19150000, 0x43c00000, 0x43c00000)
   the space 699072K,  61% used [0x19150000, 0x336adff8, 0x336ae000, 0x43c00000)
 Metaspace       used 3546K, capacity 3598K, committed 3648K, reserved 4480K
Event: 11.809 GC heap after
Heap after GC invocations=96 (full 8):
 def new generation   total 314560K, used 34943K [0x03c00000, 0x19150000, 0x19150000)
  eden space 279616K,   0% used [0x03c00000, 0x03c00000, 0x14d10000)
  from space 34944K,  99% used [0x16f30000, 0x1914fff8, 0x19150000)
  to   space 34944K,   0% used [0x14d10000, 0x14d10000, 0x16f30000)
 tenured generation   total 699072K, used 436456K [0x19150000, 0x43c00000, 0x43c00000)
   the space 699072K,  62% used [0x19150000, 0x33b8a368, 0x33b8a400, 0x43c00000)
 Metaspace       used 3546K, capacity 3598K, committed 3648K, reserved 4480K
}
Event: 12.280 GC heap before
{Heap before GC invocations=96 (full 8):
 def new generation   total 314560K, used 314559K [0x03c00000, 0x19150000, 0x19150000)
  eden space 279616K, 100% used [0x03c00000, 0x14d10000, 0x14d10000)
  from space 34944K,  99% used [0x16f30000, 0x1914fff8, 0x19150000)
  to   space 34944K,   0% used [0x14d10000, 0x14d10000, 0x16f30000)
 tenured generation   total 699072K, used 436456K [0x19150000, 0x43c00000, 0x43c00000)
   the space 699072K,  62% used [0x19150000, 0x33b8a368, 0x33b8a400, 0x43c00000)
 Metaspace       used 3546K, capacity 3598K, committed 3648K, reserved 4480K
Event: 12.474 GC heap after
Heap after GC invocations=97 (full 8):
 def new generation   total 314560K, used 34943K [0x03c00000, 0x19150000, 0x19150000)
  eden space 279616K,   0% used [0x03c00000, 0x03c00000, 0x14d10000)
  from space 34944K,  99% used [0x14d10000, 0x16f2fff8, 0x16f30000)
  to   space 34944K,   0% used [0x16f30000, 0x16f30000, 0x19150000)
 tenured generation   total 699072K, used 477503K [0x19150000, 0x43c00000, 0x43c00000)
   the space 699072K,  68% used [0x19150000, 0x3639fc80, 0x3639fe00, 0x43c00000)
 Metaspace       used 3546K, capacity 3598K, committed 3648K, reserved 4480K
}
Event: 14.247 GC heap before
{Heap before GC invocations=97 (full 8):
 def new generation   total 314560K, used 314559K [0x03c00000, 0x19150000, 0x19150000)
  eden space 279616K, 100% used [0x03c00000, 0x14d10000, 0x14d10000)
  from space 34944K,  99% used [0x14d10000, 0x16f2fff8, 0x16f30000)
  to   space 34944K,   0% used [0x16f30000, 0x16f30000, 0x19150000)
 tenured generation   total 699072K, used 477503K [0x19150000, 0x43c00000, 0x43c00000)
   the space 699072K,  68% used [0x19150000, 0x3639fc80, 0x3639fe00, 0x43c00000)
 Metaspace       used 3546K, capacity 3598K, committed 3648K, reserved 4480K

