# JRE version: Java(TM) SE Runtime Environment (8.0_101-b13) (build 1.8.0_101-b13)
# Java VM: Java HotSpot(TM) Client VM (25.101-b13 mixed mode windows-x86 )
Heap:
 def new generation   total 314560K, used 314559K [0x03c00000, 0x19150000, 0x19150000)
  eden space 279616K, 100% used [0x03c00000, 0x14d10000, 0x14d10000)
  from space 34944K,  99% used [0x16f30000, 0x1914fff8, 0x19150000)
  to   space 34944K,  20% used [0x14d10000, 0x153f8cb8, 0x16f30000)
 tenured generation   total 699072K, used 573544K [0x19150000, 0x43c00000, 0x43c00000)
   the space 699072K,  82% used [0x19150000, 0x3c16a240, 0x3c16a400, 0x43c00000)
 Metaspace       used 3549K, capacity 3598K, committed 3648K, reserved 4480K
GC Heap History (10 events):
Event: 20.016 GC heap after
Heap after GC invocations=97 (full 7):
 def new generation   total 220416K, used 24448K [0x03c00000, 0x12b20000, 0x19150000)
  eden space 195968K,   0% used [0x03c00000, 0x03c00000, 0x0fb60000)
  from space 24448K, 100% used [0x11340000, 0x12b20000, 0x12b20000)
  to   space 24448K,   0% used [0x0fb60000, 0x0fb60000, 0x11340000)
 tenured generation   total 489648K, used 422542K [0x19150000, 0x36f7c000, 0x43c00000)
   the space 489648K,  86% used [0x19150000, 0x32df39f0, 0x32df3a00, 0x36f7c000)
 Metaspace       used 3545K, capacity 3566K, committed 3648K, reserved 4480K
}
Event: 20.409 GC heap before
{Heap before GC invocations=97 (full 7):
 def new generation   total 220416K, used 220416K [0x03c00000, 0x12b20000, 0x19150000)
  eden space 195968K, 100% used [0x03c00000, 0x0fb60000, 0x0fb60000)
  from space 24448K, 100% used [0x11340000, 0x12b20000, 0x12b20000)
  to   space 24448K,   0% used [0x0fb60000, 0x0fb60000, 0x11340000)
 tenured generation   total 489648K, used 422542K [0x19150000, 0x36f7c000, 0x43c00000)
   the space 489648K,  86% used [0x19150000, 0x32df39f0, 0x32df3a00, 0x36f7c000)
 Metaspace       used 3545K, capacity 3566K, committed 3648K, reserved 4480K
Event: 20.533 GC heap after
Heap after GC invocations=98 (full 7):
 def new generation   total 220416K, used 24447K [0x03c00000, 0x12b20000, 0x19150000)
  eden space 195968K,   0% used [0x03c00000, 0x03c00000, 0x0fb60000)
  from space 24448K,  99% used [0x0fb60000, 0x1133fff8, 0x11340000)
  to   space 24448K,   0% used [0x11340000, 0x11340000, 0x12b20000)
 tenured generation   total 489648K, used 450070K [0x19150000, 0x36f7c000, 0x43c00000)
   the space 489648K,  91% used [0x19150000, 0x348d5900, 0x348d5a00, 0x36f7c000)
 Metaspace       used 3545K, capacity 3566K, committed 3648K, reserved 4480K
}
Event: 21.015 GC heap before
{Heap before GC invocations=98 (full 7):
 def new generation   total 220416K, used 220415K [0x03c00000, 0x12b20000, 0x19150000)
  eden space 195968K, 100% used [0x03c00000, 0x0fb60000, 0x0fb60000)
  from space 24448K,  99% used [0x0fb60000, 0x1133fff8, 0x11340000)
  to   space 24448K,   0% used [0x11340000, 0x11340000, 0x12b20000)
 tenured generation   total 489648K, used 450070K [0x19150000, 0x36f7c000, 0x43c00000)
   the space 489648K,  91% used [0x19150000, 0x348d5900, 0x348d5a00, 0x36f7c000)
 Metaspace       used 3545K, capacity 3566K, committed 3648K, reserved 4480K
Event: 21.138 GC heap after
Heap after GC invocations=99 (full 7):
 def new generation   total 220416K, used 24448K [0x03c00000, 0x12b20000, 0x19150000)
  eden space 195968K,   0% used [0x03c00000, 0x03c00000, 0x0fb60000)
  from space 24448K, 100% used [0x11340000, 0x12b20000, 0x12b20000)
  to   space 24448K,   0% used [0x0fb60000, 0x0fb60000, 0x11340000)
 tenured generation   total 489648K, used 475927K [0x19150000, 0x36f7c000, 0x43c00000)
   the space 489648K,  97% used [0x19150000, 0x36215f80, 0x36216000, 0x36f7c000)
 Metaspace       used 3545K, capacity 3566K, committed 3648K, reserved 4480K
}
Event: 21.514 GC heap before
{Heap before GC invocations=99 (full 7):
 def new generation   total 220416K, used 220416K [0x03c00000, 0x12b20000, 0x19150000)
  eden space 195968K, 100% used [0x03c00000, 0x0fb60000, 0x0fb60000)
  from space 24448K, 100% used [0x11340000, 0x12b20000, 0x12b20000)
  to   space 24448K,   0% used [0x0fb60000, 0x0fb60000, 0x11340000)
 tenured generation   total 489648K, used 475927K [0x19150000, 0x36f7c000, 0x43c00000)
   the space 489648K,  97% used [0x19150000, 0x36215f80, 0x36216000, 0x36f7c000)
 Metaspace       used 3545K, capacity 3566K, committed 3648K, reserved 4480K
Event: 23.083 GC heap after
Heap after GC invocations=100 (full 8):
 def new generation   total 314560K, used 6823K [0x03c00000, 0x19150000, 0x19150000)
  eden space 279616K,   2% used [0x03c00000, 0x042a9c48, 0x14d10000)
  from space 34944K,   0% used [0x14d10000, 0x14d10000, 0x16f30000)
  to   space 34944K,   0% used [0x16f30000, 0x16f30000, 0x19150000)
 tenured generation   total 699072K, used 504367K [0x19150000, 0x43c00000, 0x43c00000)
   the space 699072K,  72% used [0x19150000, 0x37ddbff0, 0x37ddc000, 0x43c00000)
 Metaspace       used 3545K, capacity 3566K, committed 3648K, reserved 4480K
}
Event: 24.919 GC heap before
{Heap before GC invocations=100 (full 8):
 def new generation   total 314560K, used 279616K [0x03c00000, 0x19150000, 0x19150000)
  eden space 279616K, 100% used [0x03c00000, 0x14d10000, 0x14d10000)
  from space 34944K,   0% used [0x14d10000, 0x14d10000, 0x16f30000)
  to   space 34944K,   0% used [0x16f30000, 0x16f30000, 0x19150000)
 tenured generation   total 699072K, used 504367K [0x19150000, 0x43c00000, 0x43c00000)
   the space 699072K,  72% used [0x19150000, 0x37ddbff0, 0x37ddc000, 0x43c00000)
 Metaspace       used 3545K, capacity 3566K, committed 3648K, reserved 4480K
Event: 25.320 GC heap after
Heap after GC invocations=101 (full 8):
 def new generation   total 314560K, used 34943K [0x03c00000, 0x19150000, 0x19150000)
  eden space 279616K,   0% used [0x03c00000, 0x03c00000, 0x14d10000)
  from space 34944K,  99% used [0x16f30000, 0x1914fff8, 0x19150000)
  to   space 34944K,   0% used [0x14d10000, 0x14d10000, 0x16f30000)
 tenured generation   total 699072K, used 558136K [0x19150000, 0x43c00000, 0x43c00000)
   the space 699072K,  79% used [0x19150000, 0x3b25e0a0, 0x3b25e200, 0x43c00000)
 Metaspace       used 3545K, capacity 3566K, committed 3648K, reserved 4480K
}
Event: 25.839 GC heap before
{Heap before GC invocations=101 (full 8):
 def new generation   total 314560K, used 314559K [0x03c00000, 0x19150000, 0x19150000)
  eden space 279616K, 100% used [0x03c00000, 0x14d10000, 0x14d10000)
  from space 34944K,  99% used [0x16f30000, 0x1914fff8, 0x19150000)
  to   space 34944K,   0% used [0x14d10000, 0x14d10000, 0x16f30000)
 tenured generation   total 699072K, used 558136K [0x19150000, 0x43c00000, 0x43c00000)
   the space 699072K,  79% used [0x19150000, 0x3b25e0a0, 0x3b25e200, 0x43c00000)
 Metaspace       used 3549K, capacity 3598K, committed 3648K, reserved 4480K

