# JRE version: Java(TM) SE Runtime Environment (8.0_101-b13) (build 1.8.0_101-b13)
# Java VM: Java HotSpot(TM) Client VM (25.101-b13 mixed mode windows-x86 )
Heap:
 def new generation   total 193088K, used 21440K [0x03c00000, 0x10d80000, 0x19150000)
  eden space 171648K,   0% used [0x03c00000, 0x03c00000, 0x0e3a0000)
  from space 21440K, 100% used [0x0e3a0000, 0x0f890000, 0x0f890000)
  to   space 21440K,   0% used [0x0f890000, 0x0f890000, 0x10d80000)
 tenured generation   total 443488K, used 443422K [0x19150000, 0x34268000, 0x43c00000)
   the space 443488K,  99% used [0x19150000, 0x34257880, 0x34257a00, 0x34268000)
 Metaspace       used 3547K, capacity 3598K, committed 3648K, reserved 4480K
GC Heap History (10 events):
Event: 8.225 GC heap after
Heap after GC invocations=92 (full 7):
 def new generation   total 193088K, used 21440K [0x03c00000, 0x10d80000, 0x19150000)
  eden space 171648K,   0% used [0x03c00000, 0x03c00000, 0x0e3a0000)
  from space 21440K, 100% used [0x0f890000, 0x10d80000, 0x10d80000)
  to   space 21440K,   0% used [0x0e3a0000, 0x0e3a0000, 0x0f890000)
 tenured generation   total 428896K, used 321564K [0x19150000, 0x33428000, 0x43c00000)
   the space 428896K,  74% used [0x19150000, 0x2cb57130, 0x2cb57200, 0x33428000)
 Metaspace       used 3547K, capacity 3598K, committed 3648K, reserved 4480K
}
Event: 8.507 GC heap before
{Heap before GC invocations=92 (full 7):
 def new generation   total 193088K, used 193088K [0x03c00000, 0x10d80000, 0x19150000)
  eden space 171648K, 100% used [0x03c00000, 0x0e3a0000, 0x0e3a0000)
  from space 21440K, 100% used [0x0f890000, 0x10d80000, 0x10d80000)
  to   space 21440K,   0% used [0x0e3a0000, 0x0e3a0000, 0x0f890000)
 tenured generation   total 428896K, used 321564K [0x19150000, 0x33428000, 0x43c00000)
   the space 428896K,  74% used [0x19150000, 0x2cb57130, 0x2cb57200, 0x33428000)
 Metaspace       used 3547K, capacity 3598K, committed 3648K, reserved 4480K
Event: 8.620 GC heap after
Heap after GC invocations=93 (full 7):
 def new generation   total 193088K, used 21439K [0x03c00000, 0x10d80000, 0x19150000)
  eden space 171648K,   0% used [0x03c00000, 0x03c00000, 0x0e3a0000)
  from space 21440K,  99% used [0x0e3a0000, 0x0f88fff8, 0x0f890000)
  to   space 21440K,   0% used [0x0f890000, 0x0f890000, 0x10d80000)
 tenured generation   total 428896K, used 344811K [0x19150000, 0x33428000, 0x43c00000)
   the space 428896K,  80% used [0x19150000, 0x2e20af70, 0x2e20b000, 0x33428000)
 Metaspace       used 3547K, capacity 3598K, committed 3648K, reserved 4480K
}
Event: 8.925 GC heap before
{Heap before GC invocations=93 (full 7):
 def new generation   total 193088K, used 193087K [0x03c00000, 0x10d80000, 0x19150000)
  eden space 171648K, 100% used [0x03c00000, 0x0e3a0000, 0x0e3a0000)
  from space 21440K,  99% used [0x0e3a0000, 0x0f88fff8, 0x0f890000)
  to   space 21440K,   0% used [0x0f890000, 0x0f890000, 0x10d80000)
 tenured generation   total 428896K, used 344811K [0x19150000, 0x33428000, 0x43c00000)
   the space 428896K,  80% used [0x19150000, 0x2e20af70, 0x2e20b000, 0x33428000)
 Metaspace       used 3547K, capacity 3598K, committed 3648K, reserved 4480K
Event: 9.039 GC heap after
Heap after GC invocations=94 (full 7):
 def new generation   total 193088K, used 21440K [0x03c00000, 0x10d80000, 0x19150000)
  eden space 171648K,   0% used [0x03c00000, 0x03c00000, 0x0e3a0000)
  from space 21440K, 100% used [0x0f890000, 0x10d80000, 0x10d80000)
  to   space 21440K,   0% used [0x0e3a0000, 0x0e3a0000, 0x0f890000)
 tenured generation   total 428896K, used 370381K [0x19150000, 0x33428000, 0x43c00000)
   the space 428896K,  86% used [0x19150000, 0x2fb03428, 0x2fb03600, 0x33428000)
 Metaspace       used 3547K, capacity 3598K, committed 3648K, reserved 4480K
}
Event: 9.308 GC heap before
{Heap before GC invocations=94 (full 7):
 def new generation   total 193088K, used 193088K [0x03c00000, 0x10d80000, 0x19150000)
  eden space 171648K, 100% used [0x03c00000, 0x0e3a0000, 0x0e3a0000)
  from space 21440K, 100% used [0x0f890000, 0x10d80000, 0x10d80000)
  to   space 21440K,   0% used [0x0e3a0000, 0x0e3a0000, 0x0f890000)
 tenured generation   total 428896K, used 370381K [0x19150000, 0x33428000, 0x43c00000)
   the space 428896K,  86% used [0x19150000, 0x2fb03428, 0x2fb03600, 0x33428000)
 Metaspace       used 3547K, capacity 3598K, committed 3648K, reserved 4480K
Event: 9.424 GC heap after
Heap after GC invocations=95 (full 7):
 def new generation   total 193088K, used 21439K [0x03c00000, 0x10d80000, 0x19150000)
  eden space 171648K,   0% used [0x03c00000, 0x03c00000, 0x0e3a0000)
  from space 21440K,  99% used [0x0e3a0000, 0x0f88fff8, 0x0f890000)
  to   space 21440K,   0% used [0x0f890000, 0x0f890000, 0x10d80000)
 tenured generation   total 428896K, used 395407K [0x19150000, 0x33428000, 0x43c00000)
   the space 428896K,  92% used [0x19150000, 0x31373ec0, 0x31374000, 0x33428000)
 Metaspace       used 3547K, capacity 3598K, committed 3648K, reserved 4480K
}
Event: 9.715 GC heap before
{Heap before GC invocations=95 (full 7):
 def new generation   total 193088K, used 193087K [0x03c00000, 0x10d80000, 0x19150000)
  eden space 171648K, 100% used [0x03c00000, 0x0e3a0000, 0x0e3a0000)
  from space 21440K,  99% used [0x0e3a0000, 0x0f88fff8, 0x0f890000)
  to   space 21440K,   0% used [0x0f890000, 0x0f890000, 0x10d80000)
 tenured generation   total 428896K, used 395407K [0x19150000, 0x33428000, 0x43c00000)
   the space 428896K,  92% used [0x19150000, 0x31373ec0, 0x31374000, 0x33428000)
 Metaspace       used 3547K, capacity 3598K, committed 3648K, reserved 4480K
Event: 9.824 GC heap after
Heap after GC invocations=96 (full 7):
 def new generation   total 193088K, used 21439K [0x03c00000, 0x10d80000, 0x19150000)
  eden space 171648K,   0% used [0x03c00000, 0x03c00000, 0x0e3a0000)
  from space 21440K,  99% used [0x0f890000, 0x10d7fff8, 0x10d80000)
  to   space 21440K,   0% used [0x0e3a0000, 0x0e3a0000, 0x0f890000)
 tenured generation   total 428896K, used 419066K [0x19150000, 0x33428000, 0x43c00000)
   the space 428896K,  97% used [0x19150000, 0x32a8e9a0, 0x32a8ea00, 0x33428000)
 Metaspace       used 3547K, capacity 3598K, committed 3648K, reserved 4480K
}
Event: 10.094 GC heap before
{Heap before GC invocations=96 (full 7):
 def new generation   total 193088K, used 193087K [0x03c00000, 0x10d80000, 0x19150000)
  eden space 171648K, 100% used [0x03c00000, 0x0e3a0000, 0x0e3a0000)
  from space 21440K,  99% used [0x0f890000, 0x10d7fff8, 0x10d80000)
  to   space 21440K,   0% used [0x0e3a0000, 0x0e3a0000, 0x0f890000)
 tenured generation   total 428896K, used 419066K [0x19150000, 0x33428000, 0x43c00000)
   the space 428896K,  97% used [0x19150000, 0x32a8e9a0, 0x32a8ea00, 0x33428000)
 Metaspace       used 3547K, capacity 3598K, committed 3648K, reserved 4480K

