# JRE version: Java(TM) SE Runtime Environment (8.0_101-b13) (build 1.8.0_101-b13)
# Java VM: Java HotSpot(TM) Client VM (25.101-b13 mixed mode windows-x86 )
Heap:
 def new generation   total 314560K, used 314560K [0x03c00000, 0x19150000, 0x19150000)
  eden space 279616K, 100% used [0x03c00000, 0x14d10000, 0x14d10000)
  from space 34944K, 100% used [0x14d10000, 0x16f30000, 0x16f30000)
  to   space 34944K,  59% used [0x16f30000, 0x18393dc8, 0x19150000)
 tenured generation   total 699072K, used 699072K [0x19150000, 0x43c00000, 0x43c00000)
   the space 699072K, 100% used [0x19150000, 0x43c00000, 0x43c00000, 0x43c00000)
 Metaspace       used 3554K, capacity 3598K, committed 3648K, reserved 4480K
GC Heap History (10 events):
Event: 11.029 GC heap after
Heap after GC invocations=98 (full 7):
 def new generation   total 220992K, used 24511K [0x03c00000, 0x12bc0000, 0x19150000)
  eden space 196480K,   0% used [0x03c00000, 0x03c00000, 0x0fbe0000)
  from space 24512K,  99% used [0x113d0000, 0x12bbfff8, 0x12bc0000)
  to   space 24512K,   0% used [0x0fbe0000, 0x0fbe0000, 0x113d0000)
 tenured generation   total 490880K, used 476836K [0x19150000, 0x370b0000, 0x43c00000)
   the space 490880K,  97% used [0x19150000, 0x362f9000, 0x362f9000, 0x370b0000)
 Metaspace       used 3550K, capacity 3598K, committed 3648K, reserved 4480K
}
Event: 11.356 GC heap before
{Heap before GC invocations=98 (full 7):
 def new generation   total 220992K, used 220991K [0x03c00000, 0x12bc0000, 0x19150000)
  eden space 196480K, 100% used [0x03c00000, 0x0fbe0000, 0x0fbe0000)
  from space 24512K,  99% used [0x113d0000, 0x12bbfff8, 0x12bc0000)
  to   space 24512K,   0% used [0x0fbe0000, 0x0fbe0000, 0x113d0000)
 tenured generation   total 490880K, used 476836K [0x19150000, 0x370b0000, 0x43c00000)
   the space 490880K,  97% used [0x19150000, 0x362f9000, 0x362f9000, 0x370b0000)
 Metaspace       used 3550K, capacity 3598K, committed 3648K, reserved 4480K
Event: 12.980 GC heap after
Heap after GC invocations=99 (full 8):
 def new generation   total 314560K, used 4808K [0x03c00000, 0x19150000, 0x19150000)
  eden space 279616K,   1% used [0x03c00000, 0x040b2320, 0x14d10000)
  from space 34944K,   0% used [0x14d10000, 0x14d10000, 0x16f30000)
  to   space 34944K,   0% used [0x16f30000, 0x16f30000, 0x19150000)
 tenured generation   total 699072K, used 505344K [0x19150000, 0x43c00000, 0x43c00000)
   the space 699072K,  72% used [0x19150000, 0x37ed0000, 0x37ed0000, 0x43c00000)
 Metaspace       used 3550K, capacity 3598K, committed 3648K, reserved 4480K
}
Event: 14.710 GC heap before
{Heap before GC invocations=99 (full 8):
 def new generation   total 314560K, used 279616K [0x03c00000, 0x19150000, 0x19150000)
  eden space 279616K, 100% used [0x03c00000, 0x14d10000, 0x14d10000)
  from space 34944K,   0% used [0x14d10000, 0x14d10000, 0x16f30000)
  to   space 34944K,   0% used [0x16f30000, 0x16f30000, 0x19150000)
 tenured generation   total 699072K, used 505344K [0x19150000, 0x43c00000, 0x43c00000)
   the space 699072K,  72% used [0x19150000, 0x37ed0000, 0x37ed0000, 0x43c00000)
 Metaspace       used 3550K, capacity 3598K, committed 3648K, reserved 4480K
Event: 15.115 GC heap after
Heap after GC invocations=100 (full 8):
 def new generation   total 314560K, used 34943K [0x03c00000, 0x19150000, 0x19150000)
  eden space 279616K,   0% used [0x03c00000, 0x03c00000, 0x14d10000)
  from space 34944K,  99% used [0x16f30000, 0x1914fff8, 0x19150000)
  to   space 34944K,   0% used [0x14d10000, 0x14d10000, 0x16f30000)
 tenured generation   total 699072K, used 558044K [0x19150000, 0x43c00000, 0x43c00000)
   the space 699072K,  79% used [0x19150000, 0x3b2470e8, 0x3b247200, 0x43c00000)
 Metaspace       used 3550K, capacity 3598K, committed 3648K, reserved 4480K
}
Event: 15.611 GC heap before
{Heap before GC invocations=100 (full 8):
 def new generation   total 314560K, used 314559K [0x03c00000, 0x19150000, 0x19150000)
  eden space 279616K, 100% used [0x03c00000, 0x14d10000, 0x14d10000)
  from space 34944K,  99% used [0x16f30000, 0x1914fff8, 0x19150000)
  to   space 34944K,   0% used [0x14d10000, 0x14d10000, 0x16f30000)
 tenured generation   total 699072K, used 558044K [0x19150000, 0x43c00000, 0x43c00000)
   the space 699072K,  79% used [0x19150000, 0x3b2470e8, 0x3b247200, 0x43c00000)
 Metaspace       used 3554K, capacity 3598K, committed 3648K, reserved 4480K
Event: 15.789 GC heap after
Heap after GC invocations=101 (full 8):
 def new generation   total 314560K, used 34944K [0x03c00000, 0x19150000, 0x19150000)
  eden space 279616K,   0% used [0x03c00000, 0x03c00000, 0x14d10000)
  from space 34944K, 100% used [0x14d10000, 0x16f30000, 0x16f30000)
  to   space 34944K,   0% used [0x16f30000, 0x16f30000, 0x19150000)
 tenured generation   total 699072K, used 602276K [0x19150000, 0x43c00000, 0x43c00000)
   the space 699072K,  86% used [0x19150000, 0x3dd79100, 0x3dd79200, 0x43c00000)
 Metaspace       used 3554K, capacity 3598K, committed 3648K, reserved 4480K
}
Event: 16.803 GC heap before
{Heap before GC invocations=101 (full 8):
 def new generation   total 314560K, used 314560K [0x03c00000, 0x19150000, 0x19150000)
  eden space 279616K, 100% used [0x03c00000, 0x14d10000, 0x14d10000)
  from space 34944K, 100% used [0x14d10000, 0x16f30000, 0x16f30000)
  to   space 34944K,   0% used [0x16f30000, 0x16f30000, 0x19150000)
 tenured generation   total 699072K, used 602276K [0x19150000, 0x43c00000, 0x43c00000)
   the space 699072K,  86% used [0x19150000, 0x3dd79100, 0x3dd79200, 0x43c00000)
 Metaspace       used 3554K, capacity 3598K, committed 3648K, reserved 4480K
Event: 16.889 GC heap after
Heap after GC invocations=102 (full 8):
 def new generation   total 314560K, used 20879K [0x03c00000, 0x19150000, 0x19150000)
  eden space 279616K,   0% used [0x03c00000, 0x03c00000, 0x14d10000)
  from space 34944K,  59% used [0x16f30000, 0x18393dc8, 0x19150000)
  to   space 34944K,   0% used [0x14d10000, 0x14d10000, 0x16f30000)
 tenured generation   total 699072K, used 634724K [0x19150000, 0x43c00000, 0x43c00000)
   the space 699072K,  90% used [0x19150000, 0x3fd29250, 0x3fd29400, 0x43c00000)
 Metaspace       used 3554K, capacity 3598K, committed 3648K, reserved 4480K
}
Event: 18.422 GC heap before
{Heap before GC invocations=102 (full 8):
 def new generation   total 314560K, used 300495K [0x03c00000, 0x19150000, 0x19150000)
  eden space 279616K, 100% used [0x03c00000, 0x14d10000, 0x14d10000)
  from space 34944K,  59% used [0x16f30000, 0x18393dc8, 0x19150000)
  to   space 34944K,   0% used [0x14d10000, 0x14d10000, 0x16f30000)
 tenured generation   total 699072K, used 634724K [0x19150000, 0x43c00000, 0x43c00000)
   the space 699072K,  90% used [0x19150000, 0x3fd29250, 0x3fd29400, 0x43c00000)
 Metaspace       used 3554K, capacity 3598K, committed 3648K, reserved 4480K

