# JRE version: Java(TM) SE Runtime Environment (8.0_101-b13) (build 1.8.0_101-b13)
# Java VM: Java HotSpot(TM) Client VM (25.101-b13 mixed mode windows-x86 )
Heap:
 def new generation   total 191552K, used 21247K [0x03c00000, 0x10bd0000, 0x19150000)
  eden space 170304K,   0% used [0x03c00000, 0x03c00000, 0x0e250000)
  from space 21248K,  99% used [0x0e250000, 0x0f70fff8, 0x0f710000)
  to   space 21248K,   0% used [0x0f710000, 0x0f710000, 0x10bd0000)
 tenured generation   total 441472K, used 441402K [0x19150000, 0x34070000, 0x43c00000)
   the space 441472K,  99% used [0x19150000, 0x3405ea28, 0x3405ec00, 0x34070000)
 Metaspace       used 3546K, capacity 3598K, committed 3648K, reserved 4480K
GC Heap History (10 events):
Event: 8.073 GC heap after
Heap after GC invocations=91 (full 7):
 def new generation   total 191552K, used 21248K [0x03c00000, 0x10bd0000, 0x19150000)
  eden space 170304K,   0% used [0x03c00000, 0x03c00000, 0x0e250000)
  from space 21248K, 100% used [0x0f710000, 0x10bd0000, 0x10bd0000)
  to   space 21248K,   0% used [0x0e250000, 0x0e250000, 0x0f710000)
 tenured generation   total 425472K, used 320013K [0x19150000, 0x330d0000, 0x43c00000)
   the space 425472K,  75% used [0x19150000, 0x2c9d3788, 0x2c9d3800, 0x330d0000)
 Metaspace       used 3546K, capacity 3598K, committed 3648K, reserved 4480K
}
Event: 8.348 GC heap before
{Heap before GC invocations=91 (full 7):
 def new generation   total 191552K, used 191552K [0x03c00000, 0x10bd0000, 0x19150000)
  eden space 170304K, 100% used [0x03c00000, 0x0e250000, 0x0e250000)
  from space 21248K, 100% used [0x0f710000, 0x10bd0000, 0x10bd0000)
  to   space 21248K,   0% used [0x0e250000, 0x0e250000, 0x0f710000)
 tenured generation   total 425472K, used 320013K [0x19150000, 0x330d0000, 0x43c00000)
   the space 425472K,  75% used [0x19150000, 0x2c9d3788, 0x2c9d3800, 0x330d0000)
 Metaspace       used 3546K, capacity 3598K, committed 3648K, reserved 4480K
Event: 8.457 GC heap after
Heap after GC invocations=92 (full 7):
 def new generation   total 191552K, used 21248K [0x03c00000, 0x10bd0000, 0x19150000)
  eden space 170304K,   0% used [0x03c00000, 0x03c00000, 0x0e250000)
  from space 21248K, 100% used [0x0e250000, 0x0f710000, 0x0f710000)
  to   space 21248K,   0% used [0x0f710000, 0x0f710000, 0x10bd0000)
 tenured generation   total 425472K, used 343470K [0x19150000, 0x330d0000, 0x43c00000)
   the space 425472K,  80% used [0x19150000, 0x2e0bbb48, 0x2e0bbc00, 0x330d0000)
 Metaspace       used 3546K, capacity 3598K, committed 3648K, reserved 4480K
}
Event: 8.726 GC heap before
{Heap before GC invocations=92 (full 7):
 def new generation   total 191552K, used 191552K [0x03c00000, 0x10bd0000, 0x19150000)
  eden space 170304K, 100% used [0x03c00000, 0x0e250000, 0x0e250000)
  from space 21248K, 100% used [0x0e250000, 0x0f710000, 0x0f710000)
  to   space 21248K,   0% used [0x0f710000, 0x0f710000, 0x10bd0000)
 tenured generation   total 425472K, used 343470K [0x19150000, 0x330d0000, 0x43c00000)
   the space 425472K,  80% used [0x19150000, 0x2e0bbb48, 0x2e0bbc00, 0x330d0000)
 Metaspace       used 3546K, capacity 3598K, committed 3648K, reserved 4480K
Event: 8.839 GC heap after
Heap after GC invocations=93 (full 7):
 def new generation   total 191552K, used 21247K [0x03c00000, 0x10bd0000, 0x19150000)
  eden space 170304K,   0% used [0x03c00000, 0x03c00000, 0x0e250000)
  from space 21248K,  99% used [0x0f710000, 0x10bcfff8, 0x10bd0000)
  to   space 21248K,   0% used [0x0e250000, 0x0e250000, 0x0f710000)
 tenured generation   total 425472K, used 368801K [0x19150000, 0x330d0000, 0x43c00000)
   the space 425472K,  86% used [0x19150000, 0x2f9787b8, 0x2f978800, 0x330d0000)
 Metaspace       used 3546K, capacity 3598K, committed 3648K, reserved 4480K
}
Event: 9.133 GC heap before
{Heap before GC invocations=93 (full 7):
 def new generation   total 191552K, used 191551K [0x03c00000, 0x10bd0000, 0x19150000)
  eden space 170304K, 100% used [0x03c00000, 0x0e250000, 0x0e250000)
  from space 21248K,  99% used [0x0f710000, 0x10bcfff8, 0x10bd0000)
  to   space 21248K,   0% used [0x0e250000, 0x0e250000, 0x0f710000)
 tenured generation   total 425472K, used 368801K [0x19150000, 0x330d0000, 0x43c00000)
   the space 425472K,  86% used [0x19150000, 0x2f9787b8, 0x2f978800, 0x330d0000)
 Metaspace       used 3546K, capacity 3598K, committed 3648K, reserved 4480K
Event: 9.250 GC heap after
Heap after GC invocations=94 (full 7):
 def new generation   total 191552K, used 21248K [0x03c00000, 0x10bd0000, 0x19150000)
  eden space 170304K,   0% used [0x03c00000, 0x03c00000, 0x0e250000)
  from space 21248K, 100% used [0x0e250000, 0x0f710000, 0x0f710000)
  to   space 21248K,   0% used [0x0f710000, 0x0f710000, 0x10bd0000)
 tenured generation   total 425472K, used 393481K [0x19150000, 0x330d0000, 0x43c00000)
   the space 425472K,  92% used [0x19150000, 0x311924d0, 0x31192600, 0x330d0000)
 Metaspace       used 3546K, capacity 3598K, committed 3648K, reserved 4480K
}
Event: 9.528 GC heap before
{Heap before GC invocations=94 (full 7):
 def new generation   total 191552K, used 191552K [0x03c00000, 0x10bd0000, 0x19150000)
  eden space 170304K, 100% used [0x03c00000, 0x0e250000, 0x0e250000)
  from space 21248K, 100% used [0x0e250000, 0x0f710000, 0x0f710000)
  to   space 21248K,   0% used [0x0f710000, 0x0f710000, 0x10bd0000)
 tenured generation   total 425472K, used 393481K [0x19150000, 0x330d0000, 0x43c00000)
   the space 425472K,  92% used [0x19150000, 0x311924d0, 0x31192600, 0x330d0000)
 Metaspace       used 3546K, capacity 3598K, committed 3648K, reserved 4480K
Event: 9.635 GC heap after
Heap after GC invocations=95 (full 7):
 def new generation   total 191552K, used 21248K [0x03c00000, 0x10bd0000, 0x19150000)
  eden space 170304K,   0% used [0x03c00000, 0x03c00000, 0x0e250000)
  from space 21248K, 100% used [0x0f710000, 0x10bd0000, 0x10bd0000)
  to   space 21248K,   0% used [0x0e250000, 0x0e250000, 0x0f710000)
 tenured generation   total 425472K, used 417369K [0x19150000, 0x330d0000, 0x43c00000)
   the space 425472K,  98% used [0x19150000, 0x328e6660, 0x328e6800, 0x330d0000)
 Metaspace       used 3546K, capacity 3598K, committed 3648K, reserved 4480K
}
Event: 9.903 GC heap before
{Heap before GC invocations=95 (full 7):
 def new generation   total 191552K, used 191552K [0x03c00000, 0x10bd0000, 0x19150000)
  eden space 170304K, 100% used [0x03c00000, 0x0e250000, 0x0e250000)
  from space 21248K, 100% used [0x0f710000, 0x10bd0000, 0x10bd0000)
  to   space 21248K,   0% used [0x0e250000, 0x0e250000, 0x0f710000)
 tenured generation   total 425472K, used 417369K [0x19150000, 0x330d0000, 0x43c00000)
   the space 425472K,  98% used [0x19150000, 0x328e6660, 0x328e6800, 0x330d0000)
 Metaspace       used 3546K, capacity 3598K, committed 3648K, reserved 4480K

