# JRE version: Java(TM) SE Runtime Environment (8.0_101-b13) (build 1.8.0_101-b13)
# Java VM: Java HotSpot(TM) Client VM (25.101-b13 mixed mode windows-x86 )
Heap:
 def new generation   total 63296K, used 6975K [0x03c00000, 0x080a0000, 0x19150000)
  eden space 56320K,   0% used [0x03c00000, 0x03c00000, 0x07300000)
  from space 6976K,  99% used [0x07300000, 0x079cfff8, 0x079d0000)
  to   space 6976K,   0% used [0x079d0000, 0x079d0000, 0x080a0000)
 tenured generation   total 146816K, used 146768K [0x19150000, 0x220b0000, 0x43c00000)
   the space 146816K,  99% used [0x19150000, 0x220a4358, 0x220a4400, 0x220b0000)
 Metaspace       used 3546K, capacity 3598K, committed 3648K, reserved 4480K
GC Heap History (10 events):
Event: 3.052 GC heap after
Heap after GC invocations=54 (full 5):
 def new generation   total 63296K, used 6975K [0x03c00000, 0x080a0000, 0x19150000)
  eden space 56320K,   0% used [0x03c00000, 0x03c00000, 0x07300000)
  from space 6976K,  99% used [0x079d0000, 0x0809fff8, 0x080a0000)
  to   space 6976K,   0% used [0x07300000, 0x07300000, 0x079d0000)
 tenured generation   total 140416K, used 105080K [0x19150000, 0x21a70000, 0x43c00000)
   the space 140416K,  74% used [0x19150000, 0x1f7ee088, 0x1f7ee200, 0x21a70000)
 Metaspace       used 3545K, capacity 3598K, committed 3648K, reserved 4480K
}
Event: 3.145 GC heap before
{Heap before GC invocations=54 (full 5):
 def new generation   total 63296K, used 63295K [0x03c00000, 0x080a0000, 0x19150000)
  eden space 56320K, 100% used [0x03c00000, 0x07300000, 0x07300000)
  from space 6976K,  99% used [0x079d0000, 0x0809fff8, 0x080a0000)
  to   space 6976K,   0% used [0x07300000, 0x07300000, 0x079d0000)
 tenured generation   total 140416K, used 105080K [0x19150000, 0x21a70000, 0x43c00000)
   the space 140416K,  74% used [0x19150000, 0x1f7ee088, 0x1f7ee200, 0x21a70000)
 Metaspace       used 3545K, capacity 3598K, committed 3648K, reserved 4480K
Event: 3.183 GC heap after
Heap after GC invocations=55 (full 5):
 def new generation   total 63296K, used 6976K [0x03c00000, 0x080a0000, 0x19150000)
  eden space 56320K,   0% used [0x03c00000, 0x03c00000, 0x07300000)
  from space 6976K, 100% used [0x07300000, 0x079d0000, 0x079d0000)
  to   space 6976K,   0% used [0x079d0000, 0x079d0000, 0x080a0000)
 tenured generation   total 140416K, used 113660K [0x19150000, 0x21a70000, 0x43c00000)
   the space 140416K,  80% used [0x19150000, 0x2004f060, 0x2004f200, 0x21a70000)
 Metaspace       used 3545K, capacity 3598K, committed 3648K, reserved 4480K
}
Event: 3.295 GC heap before
{Heap before GC invocations=55 (full 5):
 def new generation   total 63296K, used 63296K [0x03c00000, 0x080a0000, 0x19150000)
  eden space 56320K, 100% used [0x03c00000, 0x07300000, 0x07300000)
  from space 6976K, 100% used [0x07300000, 0x079d0000, 0x079d0000)
  to   space 6976K,   0% used [0x079d0000, 0x079d0000, 0x080a0000)
 tenured generation   total 140416K, used 113660K [0x19150000, 0x21a70000, 0x43c00000)
   the space 140416K,  80% used [0x19150000, 0x2004f060, 0x2004f200, 0x21a70000)
 Metaspace       used 3545K, capacity 3598K, committed 3648K, reserved 4480K
Event: 3.332 GC heap after
Heap after GC invocations=56 (full 5):
 def new generation   total 63296K, used 6976K [0x03c00000, 0x080a0000, 0x19150000)
  eden space 56320K,   0% used [0x03c00000, 0x03c00000, 0x07300000)
  from space 6976K, 100% used [0x079d0000, 0x080a0000, 0x080a0000)
  to   space 6976K,   0% used [0x07300000, 0x07300000, 0x079d0000)
 tenured generation   total 140416K, used 121732K [0x19150000, 0x21a70000, 0x43c00000)
   the space 140416K,  86% used [0x19150000, 0x20831288, 0x20831400, 0x21a70000)
 Metaspace       used 3545K, capacity 3598K, committed 3648K, reserved 4480K
}
Event: 3.439 GC heap before
{Heap before GC invocations=56 (full 5):
 def new generation   total 63296K, used 63296K [0x03c00000, 0x080a0000, 0x19150000)
  eden space 56320K, 100% used [0x03c00000, 0x07300000, 0x07300000)
  from space 6976K, 100% used [0x079d0000, 0x080a0000, 0x080a0000)
  to   space 6976K,   0% used [0x07300000, 0x07300000, 0x079d0000)
 tenured generation   total 140416K, used 121732K [0x19150000, 0x21a70000, 0x43c00000)
   the space 140416K,  86% used [0x19150000, 0x20831288, 0x20831400, 0x21a70000)
 Metaspace       used 3546K, capacity 3598K, committed 3648K, reserved 4480K
Event: 3.479 GC heap after
Heap after GC invocations=57 (full 5):
 def new generation   total 63296K, used 6976K [0x03c00000, 0x080a0000, 0x19150000)
  eden space 56320K,   0% used [0x03c00000, 0x03c00000, 0x07300000)
  from space 6976K, 100% used [0x07300000, 0x079d0000, 0x079d0000)
  to   space 6976K,   0% used [0x079d0000, 0x079d0000, 0x080a0000)
 tenured generation   total 140416K, used 130803K [0x19150000, 0x21a70000, 0x43c00000)
   the space 140416K,  93% used [0x19150000, 0x2110cec8, 0x2110d000, 0x21a70000)
 Metaspace       used 3546K, capacity 3598K, committed 3648K, reserved 4480K
}
Event: 3.588 GC heap before
{Heap before GC invocations=57 (full 5):
 def new generation   total 63296K, used 63296K [0x03c00000, 0x080a0000, 0x19150000)
  eden space 56320K, 100% used [0x03c00000, 0x07300000, 0x07300000)
  from space 6976K, 100% used [0x07300000, 0x079d0000, 0x079d0000)
  to   space 6976K,   0% used [0x079d0000, 0x079d0000, 0x080a0000)
 tenured generation   total 140416K, used 130803K [0x19150000, 0x21a70000, 0x43c00000)
   the space 140416K,  93% used [0x19150000, 0x2110cec8, 0x2110d000, 0x21a70000)
 Metaspace       used 3546K, capacity 3598K, committed 3648K, reserved 4480K
Event: 3.627 GC heap after
Heap after GC invocations=58 (full 5):
 def new generation   total 63296K, used 6976K [0x03c00000, 0x080a0000, 0x19150000)
  eden space 56320K,   0% used [0x03c00000, 0x03c00000, 0x07300000)
  from space 6976K, 100% used [0x079d0000, 0x080a0000, 0x080a0000)
  to   space 6976K,   0% used [0x07300000, 0x07300000, 0x079d0000)
 tenured generation   total 140416K, used 138613K [0x19150000, 0x21a70000, 0x43c00000)
   the space 140416K,  98% used [0x19150000, 0x218ad668, 0x218ad800, 0x21a70000)
 Metaspace       used 3546K, capacity 3598K, committed 3648K, reserved 4480K
}
Event: 3.717 GC heap before
{Heap before GC invocations=58 (full 5):
 def new generation   total 63296K, used 63296K [0x03c00000, 0x080a0000, 0x19150000)
  eden space 56320K, 100% used [0x03c00000, 0x07300000, 0x07300000)
  from space 6976K, 100% used [0x079d0000, 0x080a0000, 0x080a0000)
  to   space 6976K,   0% used [0x07300000, 0x07300000, 0x079d0000)
 tenured generation   total 140416K, used 138613K [0x19150000, 0x21a70000, 0x43c00000)
   the space 140416K,  98% used [0x19150000, 0x218ad668, 0x218ad800, 0x21a70000)
 Metaspace       used 3546K, capacity 3598K, committed 3648K, reserved 4480K

