# JRE version: Java(TM) SE Runtime Environment (8.0_101-b13) (build 1.8.0_101-b13)
# Java VM: Java HotSpot(TM) Client VM (25.101-b13 mixed mode windows-x86 )
Heap:
 def new generation   total 23424K, used 2512K [0x03c00000, 0x05560000, 0x19150000)
  eden space 20864K,   0% used [0x03c00000, 0x03c00000, 0x05060000)
  from space 2560K,  98% used [0x05060000, 0x052d41c8, 0x052e0000)
  to   space 2560K,   0% used [0x052e0000, 0x052e0000, 0x05560000)
 tenured generation   total 52352K, used 52328K [0x19150000, 0x1c470000, 0x43c00000)
   the space 52352K,  99% used [0x19150000, 0x1c46a180, 0x1c46a200, 0x1c470000)
 Metaspace       used 3525K, capacity 3528K, committed 3648K, reserved 4480K
GC Heap History (10 events):
Event: 2.863 GC heap after
Heap after GC invocations=57 (full 3):
 def new generation   total 23424K, used 2560K [0x03c00000, 0x05560000, 0x19150000)
  eden space 20864K,   0% used [0x03c00000, 0x03c00000, 0x05060000)
  from space 2560K, 100% used [0x052e0000, 0x05560000, 0x05560000)
  to   space 2560K,   0% used [0x05060000, 0x05060000, 0x052e0000)
 tenured generation   total 51840K, used 39144K [0x19150000, 0x1c3f0000, 0x43c00000)
   the space 51840K,  75% used [0x19150000, 0x1b78a098, 0x1b78a200, 0x1c3f0000)
 Metaspace       used 3524K, capacity 3528K, committed 3648K, reserved 4480K
}
Event: 2.895 GC heap before
{Heap before GC invocations=57 (full 3):
 def new generation   total 23424K, used 23424K [0x03c00000, 0x05560000, 0x19150000)
  eden space 20864K, 100% used [0x03c00000, 0x05060000, 0x05060000)
  from space 2560K, 100% used [0x052e0000, 0x05560000, 0x05560000)
  to   space 2560K,   0% used [0x05060000, 0x05060000, 0x052e0000)
 tenured generation   total 51840K, used 39144K [0x19150000, 0x1c3f0000, 0x43c00000)
   the space 51840K,  75% used [0x19150000, 0x1b78a098, 0x1b78a200, 0x1c3f0000)
 Metaspace       used 3524K, capacity 3528K, committed 3648K, reserved 4480K
Event: 2.908 GC heap after
Heap after GC invocations=58 (full 3):
 def new generation   total 23424K, used 2559K [0x03c00000, 0x05560000, 0x19150000)
  eden space 20864K,   0% used [0x03c00000, 0x03c00000, 0x05060000)
  from space 2560K,  99% used [0x05060000, 0x052dfff8, 0x052e0000)
  to   space 2560K,   0% used [0x052e0000, 0x052e0000, 0x05560000)
 tenured generation   total 51840K, used 41898K [0x19150000, 0x1c3f0000, 0x43c00000)
   the space 51840K,  80% used [0x19150000, 0x1ba3a9a8, 0x1ba3aa00, 0x1c3f0000)
 Metaspace       used 3524K, capacity 3528K, committed 3648K, reserved 4480K
}
Event: 2.943 GC heap before
{Heap before GC invocations=58 (full 3):
 def new generation   total 23424K, used 23423K [0x03c00000, 0x05560000, 0x19150000)
  eden space 20864K, 100% used [0x03c00000, 0x05060000, 0x05060000)
  from space 2560K,  99% used [0x05060000, 0x052dfff8, 0x052e0000)
  to   space 2560K,   0% used [0x052e0000, 0x052e0000, 0x05560000)
 tenured generation   total 51840K, used 41898K [0x19150000, 0x1c3f0000, 0x43c00000)
   the space 51840K,  80% used [0x19150000, 0x1ba3a9a8, 0x1ba3aa00, 0x1c3f0000)
 Metaspace       used 3524K, capacity 3528K, committed 3648K, reserved 4480K
Event: 2.956 GC heap after
Heap after GC invocations=59 (full 3):
 def new generation   total 23424K, used 2560K [0x03c00000, 0x05560000, 0x19150000)
  eden space 20864K,   0% used [0x03c00000, 0x03c00000, 0x05060000)
  from space 2560K, 100% used [0x052e0000, 0x05560000, 0x05560000)
  to   space 2560K,   0% used [0x05060000, 0x05060000, 0x052e0000)
 tenured generation   total 51840K, used 44737K [0x19150000, 0x1c3f0000, 0x43c00000)
   the space 51840K,  86% used [0x19150000, 0x1bd00648, 0x1bd00800, 0x1c3f0000)
 Metaspace       used 3524K, capacity 3528K, committed 3648K, reserved 4480K
}
Event: 3.000 GC heap before
{Heap before GC invocations=59 (full 3):
 def new generation   total 23424K, used 23424K [0x03c00000, 0x05560000, 0x19150000)
  eden space 20864K, 100% used [0x03c00000, 0x05060000, 0x05060000)
  from space 2560K, 100% used [0x052e0000, 0x05560000, 0x05560000)
  to   space 2560K,   0% used [0x05060000, 0x05060000, 0x052e0000)
 tenured generation   total 51840K, used 44739K [0x19150000, 0x1c3f0000, 0x43c00000)
   the space 51840K,  86% used [0x19150000, 0x1bd00d08, 0x1bd00e00, 0x1c3f0000)
 Metaspace       used 3524K, capacity 3528K, committed 3648K, reserved 4480K
Event: 3.011 GC heap after
Heap after GC invocations=60 (full 3):
 def new generation   total 23424K, used 2559K [0x03c00000, 0x05560000, 0x19150000)
  eden space 20864K,   0% used [0x03c00000, 0x03c00000, 0x05060000)
  from space 2560K,  99% used [0x05060000, 0x052dff58, 0x052e0000)
  to   space 2560K,   0% used [0x052e0000, 0x052e0000, 0x05560000)
 tenured generation   total 51840K, used 46713K [0x19150000, 0x1c3f0000, 0x43c00000)
   the space 51840K,  90% used [0x19150000, 0x1beee6b0, 0x1beee800, 0x1c3f0000)
 Metaspace       used 3524K, capacity 3528K, committed 3648K, reserved 4480K
}
Event: 3.045 GC heap before
{Heap before GC invocations=60 (full 3):
 def new generation   total 23424K, used 23423K [0x03c00000, 0x05560000, 0x19150000)
  eden space 20864K, 100% used [0x03c00000, 0x05060000, 0x05060000)
  from space 2560K,  99% used [0x05060000, 0x052dff58, 0x052e0000)
  to   space 2560K,   0% used [0x052e0000, 0x052e0000, 0x05560000)
 tenured generation   total 51840K, used 46713K [0x19150000, 0x1c3f0000, 0x43c00000)
   the space 51840K,  90% used [0x19150000, 0x1beee6b0, 0x1beee800, 0x1c3f0000)
 Metaspace       used 3524K, capacity 3528K, committed 3648K, reserved 4480K
Event: 3.058 GC heap after
Heap after GC invocations=61 (full 3):
 def new generation   total 23424K, used 2560K [0x03c00000, 0x05560000, 0x19150000)
  eden space 20864K,   0% used [0x03c00000, 0x03c00000, 0x05060000)
  from space 2560K, 100% used [0x052e0000, 0x05560000, 0x05560000)
  to   space 2560K,   0% used [0x05060000, 0x05060000, 0x052e0000)
 tenured generation   total 51840K, used 50141K [0x19150000, 0x1c3f0000, 0x43c00000)
   the space 51840K,  96% used [0x19150000, 0x1c247698, 0x1c247800, 0x1c3f0000)
 Metaspace       used 3524K, capacity 3528K, committed 3648K, reserved 4480K
}
Event: 3.099 GC heap before
{Heap before GC invocations=61 (full 3):
 def new generation   total 23424K, used 23424K [0x03c00000, 0x05560000, 0x19150000)
  eden space 20864K, 100% used [0x03c00000, 0x05060000, 0x05060000)
  from space 2560K, 100% used [0x052e0000, 0x05560000, 0x05560000)
  to   space 2560K,   0% used [0x05060000, 0x05060000, 0x052e0000)
 tenured generation   total 51840K, used 50141K [0x19150000, 0x1c3f0000, 0x43c00000)
   the space 51840K,  96% used [0x19150000, 0x1c247698, 0x1c247800, 0x1c3f0000)
 Metaspace       used 3525K, capacity 3528K, committed 3648K, reserved 4480K

