# JRE version: Java(TM) SE Runtime Environment (8.0_101-b13) (build 1.8.0_101-b13)
# Java VM: Java HotSpot(TM) Client VM (25.101-b13 mixed mode windows-x86 )
Heap:
 def new generation   total 63552K, used 7039K [0x03e00000, 0x082f0000, 0x19350000)
  eden space 56512K,   0% used [0x03e00000, 0x03e00000, 0x07530000)
  from space 7040K,  99% used [0x07530000, 0x07c0fff8, 0x07c10000)
  to   space 7040K,   0% used [0x07c10000, 0x07c10000, 0x082f0000)
 tenured generation   total 147300K, used 147242K [0x19350000, 0x22329000, 0x43e00000)
   the space 147300K,  99% used [0x19350000, 0x2231a998, 0x2231aa00, 0x22329000)
 Metaspace       used 3527K, capacity 3560K, committed 3648K, reserved 4480K
GC Heap History (10 events):
Event: 3.075 GC heap after
Heap after GC invocations=55 (full 5):
 def new generation   total 63552K, used 7040K [0x03e00000, 0x082f0000, 0x19350000)
  eden space 56512K,   0% used [0x03e00000, 0x03e00000, 0x07530000)
  from space 7040K, 100% used [0x07c10000, 0x082f0000, 0x082f0000)
  to   space 7040K,   0% used [0x07530000, 0x07530000, 0x07c10000)
 tenured generation   total 141028K, used 105221K [0x19350000, 0x21d09000, 0x43e00000)
   the space 141028K,  74% used [0x19350000, 0x1fa11670, 0x1fa11800, 0x21d09000)
 Metaspace       used 3526K, capacity 3558K, committed 3648K, reserved 4480K
}
Event: 3.165 GC heap before
{Heap before GC invocations=55 (full 5):
 def new generation   total 63552K, used 63552K [0x03e00000, 0x082f0000, 0x19350000)
  eden space 56512K, 100% used [0x03e00000, 0x07530000, 0x07530000)
  from space 7040K, 100% used [0x07c10000, 0x082f0000, 0x082f0000)
  to   space 7040K,   0% used [0x07530000, 0x07530000, 0x07c10000)
 tenured generation   total 141028K, used 105221K [0x19350000, 0x21d09000, 0x43e00000)
   the space 141028K,  74% used [0x19350000, 0x1fa11670, 0x1fa11800, 0x21d09000)
 Metaspace       used 3526K, capacity 3558K, committed 3648K, reserved 4480K
Event: 3.204 GC heap after
Heap after GC invocations=56 (full 5):
 def new generation   total 63552K, used 7040K [0x03e00000, 0x082f0000, 0x19350000)
  eden space 56512K,   0% used [0x03e00000, 0x03e00000, 0x07530000)
  from space 7040K, 100% used [0x07530000, 0x07c10000, 0x07c10000)
  to   space 7040K,   0% used [0x07c10000, 0x07c10000, 0x082f0000)
 tenured generation   total 141028K, used 113823K [0x19350000, 0x21d09000, 0x43e00000)
   the space 141028K,  80% used [0x19350000, 0x20277d80, 0x20277e00, 0x21d09000)
 Metaspace       used 3526K, capacity 3558K, committed 3648K, reserved 4480K
}
Event: 3.301 GC heap before
{Heap before GC invocations=56 (full 5):
 def new generation   total 63552K, used 63552K [0x03e00000, 0x082f0000, 0x19350000)
  eden space 56512K, 100% used [0x03e00000, 0x07530000, 0x07530000)
  from space 7040K, 100% used [0x07530000, 0x07c10000, 0x07c10000)
  to   space 7040K,   0% used [0x07c10000, 0x07c10000, 0x082f0000)
 tenured generation   total 141028K, used 113823K [0x19350000, 0x21d09000, 0x43e00000)
   the space 141028K,  80% used [0x19350000, 0x20277d80, 0x20277e00, 0x21d09000)
 Metaspace       used 3526K, capacity 3560K, committed 3648K, reserved 4480K
Event: 3.339 GC heap after
Heap after GC invocations=57 (full 5):
 def new generation   total 63552K, used 7039K [0x03e00000, 0x082f0000, 0x19350000)
  eden space 56512K,   0% used [0x03e00000, 0x03e00000, 0x07530000)
  from space 7040K,  99% used [0x07c10000, 0x082efff8, 0x082f0000)
  to   space 7040K,   0% used [0x07530000, 0x07530000, 0x07c10000)
 tenured generation   total 141028K, used 121718K [0x19350000, 0x21d09000, 0x43e00000)
   the space 141028K,  86% used [0x19350000, 0x20a2dbe0, 0x20a2dc00, 0x21d09000)
 Metaspace       used 3526K, capacity 3560K, committed 3648K, reserved 4480K
}
Event: 3.447 GC heap before
{Heap before GC invocations=57 (full 5):
 def new generation   total 63552K, used 63551K [0x03e00000, 0x082f0000, 0x19350000)
  eden space 56512K, 100% used [0x03e00000, 0x07530000, 0x07530000)
  from space 7040K,  99% used [0x07c10000, 0x082efff8, 0x082f0000)
  to   space 7040K,   0% used [0x07530000, 0x07530000, 0x07c10000)
 tenured generation   total 141028K, used 121718K [0x19350000, 0x21d09000, 0x43e00000)
   the space 141028K,  86% used [0x19350000, 0x20a2dbe0, 0x20a2dc00, 0x21d09000)
 Metaspace       used 3527K, capacity 3560K, committed 3648K, reserved 4480K
Event: 3.489 GC heap after
Heap after GC invocations=58 (full 5):
 def new generation   total 63552K, used 7040K [0x03e00000, 0x082f0000, 0x19350000)
  eden space 56512K,   0% used [0x03e00000, 0x03e00000, 0x07530000)
  from space 7040K, 100% used [0x07530000, 0x07c10000, 0x07c10000)
  to   space 7040K,   0% used [0x07c10000, 0x07c10000, 0x082f0000)
 tenured generation   total 141028K, used 131203K [0x19350000, 0x21d09000, 0x43e00000)
   the space 141028K,  93% used [0x19350000, 0x21370d50, 0x21370e00, 0x21d09000)
 Metaspace       used 3527K, capacity 3560K, committed 3648K, reserved 4480K
}
Event: 3.596 GC heap before
{Heap before GC invocations=58 (full 5):
 def new generation   total 63552K, used 63552K [0x03e00000, 0x082f0000, 0x19350000)
  eden space 56512K, 100% used [0x03e00000, 0x07530000, 0x07530000)
  from space 7040K, 100% used [0x07530000, 0x07c10000, 0x07c10000)
  to   space 7040K,   0% used [0x07c10000, 0x07c10000, 0x082f0000)
 tenured generation   total 141028K, used 131203K [0x19350000, 0x21d09000, 0x43e00000)
   the space 141028K,  93% used [0x19350000, 0x21370d50, 0x21370e00, 0x21d09000)
 Metaspace       used 3527K, capacity 3560K, committed 3648K, reserved 4480K
Event: 3.631 GC heap after
Heap after GC invocations=59 (full 5):
 def new generation   total 63552K, used 7040K [0x03e00000, 0x082f0000, 0x19350000)
  eden space 56512K,   0% used [0x03e00000, 0x03e00000, 0x07530000)
  from space 7040K, 100% used [0x07c10000, 0x082f0000, 0x082f0000)
  to   space 7040K,   0% used [0x07530000, 0x07530000, 0x07c10000)
 tenured generation   total 141028K, used 138918K [0x19350000, 0x21d09000, 0x43e00000)
   the space 141028K,  98% used [0x19350000, 0x21af9850, 0x21af9a00, 0x21d09000)
 Metaspace       used 3527K, capacity 3560K, committed 3648K, reserved 4480K
}
Event: 3.721 GC heap before
{Heap before GC invocations=59 (full 5):
 def new generation   total 63552K, used 63552K [0x03e00000, 0x082f0000, 0x19350000)
  eden space 56512K, 100% used [0x03e00000, 0x07530000, 0x07530000)
  from space 7040K, 100% used [0x07c10000, 0x082f0000, 0x082f0000)
  to   space 7040K,   0% used [0x07530000, 0x07530000, 0x07c10000)
 tenured generation   total 141028K, used 138918K [0x19350000, 0x21d09000, 0x43e00000)
   the space 141028K,  98% used [0x19350000, 0x21af9850, 0x21af9a00, 0x21d09000)
 Metaspace       used 3527K, capacity 3560K, committed 3648K, reserved 4480K

