# JRE version: Java(TM) SE Runtime Environment (8.0_101-b13) (build 1.8.0_101-b13)
# Java VM: Java HotSpot(TM) Client VM (25.101-b13 mixed mode windows-x86 )
Heap:
 def new generation   total 119104K, used 49246K [0x03c00000, 0x0bd30000, 0x19150000)
  eden space 105920K,  34% used [0x03c00000, 0x05f37a78, 0x0a370000)
  from space 13184K, 100% used [0x0a370000, 0x0b050000, 0x0b050000)
  to   space 13184K,   0% used [0x0b050000, 0x0b050000, 0x0bd30000)
 tenured generation   total 264424K, used 182861K [0x19150000, 0x2938a000, 0x43c00000)
   the space 264424K,  69% used [0x19150000, 0x243e34b0, 0x243e3600, 0x2938a000)
 Metaspace       used 3645K, capacity 3694K, committed 3776K, reserved 4480K
GC Heap History (10 events):
Event: 3.621 GC heap before
{Heap before GC invocations=57 (full 5):
 def new generation   total 68864K, used 68863K [0x03c00000, 0x086b0000, 0x19150000)
  eden space 61248K, 100% used [0x03c00000, 0x077d0000, 0x077d0000)
  from space 7616K,  99% used [0x07f40000, 0x086afff8, 0x086b0000)
  to   space 7616K,   0% used [0x077d0000, 0x077d0000, 0x07f40000)
 tenured generation   total 152908K, used 133604K [0x19150000, 0x226a3000, 0x43c00000)
   the space 152908K,  87% used [0x19150000, 0x213c9190, 0x213c9200, 0x226a3000)
 Metaspace       used 3552K, capacity 3598K, committed 3648K, reserved 4480K
Event: 3.667 GC heap after
Heap after GC invocations=58 (full 5):
 def new generation   total 68864K, used 7615K [0x03c00000, 0x086b0000, 0x19150000)
  eden space 61248K,   0% used [0x03c00000, 0x03c00000, 0x077d0000)
  from space 7616K,  99% used [0x077d0000, 0x07f3fff8, 0x07f40000)
  to   space 7616K,   0% used [0x07f40000, 0x07f40000, 0x086b0000)
 tenured generation   total 152908K, used 142222K [0x19150000, 0x226a3000, 0x43c00000)
   the space 152908K,  93% used [0x19150000, 0x21c33b58, 0x21c33c00, 0x226a3000)
 Metaspace       used 3552K, capacity 3598K, committed 3648K, reserved 4480K
}
Event: 3.783 GC heap before
{Heap before GC invocations=58 (full 5):
 def new generation   total 68864K, used 68863K [0x03c00000, 0x086b0000, 0x19150000)
  eden space 61248K, 100% used [0x03c00000, 0x077d0000, 0x077d0000)
  from space 7616K,  99% used [0x077d0000, 0x07f3fff8, 0x07f40000)
  to   space 7616K,   0% used [0x07f40000, 0x07f40000, 0x086b0000)
 tenured generation   total 152908K, used 142222K [0x19150000, 0x226a3000, 0x43c00000)
   the space 152908K,  93% used [0x19150000, 0x21c33b58, 0x21c33c00, 0x226a3000)
 Metaspace       used 3552K, capacity 3598K, committed 3648K, reserved 4480K
Event: 3.829 GC heap after
Heap after GC invocations=59 (full 5):
 def new generation   total 68864K, used 7616K [0x03c00000, 0x086b0000, 0x19150000)
  eden space 61248K,   0% used [0x03c00000, 0x03c00000, 0x077d0000)
  from space 7616K, 100% used [0x07f40000, 0x086b0000, 0x086b0000)
  to   space 7616K,   0% used [0x077d0000, 0x077d0000, 0x07f40000)
 tenured generation   total 152908K, used 151481K [0x19150000, 0x226a3000, 0x43c00000)
   the space 152908K,  99% used [0x19150000, 0x2253e610, 0x2253e800, 0x226a3000)
 Metaspace       used 3552K, capacity 3598K, committed 3648K, reserved 4480K
}
Event: 3.948 GC heap before
{Heap before GC invocations=59 (full 5):
 def new generation   total 68864K, used 68864K [0x03c00000, 0x086b0000, 0x19150000)
  eden space 61248K, 100% used [0x03c00000, 0x077d0000, 0x077d0000)
  from space 7616K, 100% used [0x07f40000, 0x086b0000, 0x086b0000)
  to   space 7616K,   0% used [0x077d0000, 0x077d0000, 0x07f40000)
 tenured generation   total 152908K, used 151481K [0x19150000, 0x226a3000, 0x43c00000)
   the space 152908K,  99% used [0x19150000, 0x2253e610, 0x2253e800, 0x226a3000)
 Metaspace       used 3552K, capacity 3598K, committed 3648K, reserved 4480K
Event: 4.354 GC heap after
Heap after GC invocations=60 (full 6):
 def new generation   total 119104K, used 7607K [0x03c00000, 0x0bd30000, 0x19150000)
  eden space 105920K,   7% used [0x03c00000, 0x0436df50, 0x0a370000)
  from space 13184K,   0% used [0x0a370000, 0x0a370000, 0x0b050000)
  to   space 13184K,   0% used [0x0b050000, 0x0b050000, 0x0bd30000)
 tenured generation   total 264424K, used 158653K [0x19150000, 0x2938a000, 0x43c00000)
   the space 264424K,  59% used [0x19150000, 0x22c3f5e0, 0x22c3f600, 0x2938a000)
 Metaspace       used 3552K, capacity 3598K, committed 3648K, reserved 4480K
}
Event: 4.536 GC heap before
{Heap before GC invocations=60 (full 6):
 def new generation   total 119104K, used 105920K [0x03c00000, 0x0bd30000, 0x19150000)
  eden space 105920K, 100% used [0x03c00000, 0x0a370000, 0x0a370000)
  from space 13184K,   0% used [0x0a370000, 0x0a370000, 0x0b050000)
  to   space 13184K,   0% used [0x0b050000, 0x0b050000, 0x0bd30000)
 tenured generation   total 264424K, used 158653K [0x19150000, 0x2938a000, 0x43c00000)
   the space 264424K,  59% used [0x19150000, 0x22c3f5e0, 0x22c3f600, 0x2938a000)
 Metaspace       used 3552K, capacity 3598K, committed 3648K, reserved 4480K
Event: 4.671 GC heap after
Heap after GC invocations=61 (full 6):
 def new generation   total 119104K, used 13183K [0x03c00000, 0x0bd30000, 0x19150000)
  eden space 105920K,   0% used [0x03c00000, 0x03c00000, 0x0a370000)
  from space 13184K,  99% used [0x0b050000, 0x0bd2fff8, 0x0bd30000)
  to   space 13184K,   0% used [0x0a370000, 0x0a370000, 0x0b050000)
 tenured generation   total 264424K, used 166748K [0x19150000, 0x2938a000, 0x43c00000)
   the space 264424K,  63% used [0x19150000, 0x23427078, 0x23427200, 0x2938a000)
 Metaspace       used 3552K, capacity 3598K, committed 3648K, reserved 4480K
}
Event: 5.433 GC heap before
{Heap before GC invocations=61 (full 6):
 def new generation   total 119104K, used 119103K [0x03c00000, 0x0bd30000, 0x19150000)
  eden space 105920K, 100% used [0x03c00000, 0x0a370000, 0x0a370000)
  from space 13184K,  99% used [0x0b050000, 0x0bd2fff8, 0x0bd30000)
  to   space 13184K,   0% used [0x0a370000, 0x0a370000, 0x0b050000)
 tenured generation   total 264424K, used 166748K [0x19150000, 0x2938a000, 0x43c00000)
   the space 264424K,  63% used [0x19150000, 0x23427078, 0x23427200, 0x2938a000)
 Metaspace       used 3645K, capacity 3694K, committed 3776K, reserved 4480K
Event: 5.528 GC heap after
Heap after GC invocations=62 (full 6):
 def new generation   total 119104K, used 13184K [0x03c00000, 0x0bd30000, 0x19150000)
  eden space 105920K,   0% used [0x03c00000, 0x03c00000, 0x0a370000)
  from space 13184K, 100% used [0x0a370000, 0x0b050000, 0x0b050000)
  to   space 13184K,   0% used [0x0b050000, 0x0b050000, 0x0bd30000)
 tenured generation   total 264424K, used 182861K [0x19150000, 0x2938a000, 0x43c00000)
   the space 264424K,  69% used [0x19150000, 0x243e34b0, 0x243e3600, 0x2938a000)
 Metaspace       used 3645K, capacity 3694K, committed 3776K, reserved 4480K
}

