# JRE version: Java(TM) SE Runtime Environment (8.0_101-b13) (build 1.8.0_101-b13)
# Java VM: Java HotSpot(TM) Client VM (25.101-b13 mixed mode windows-x86 )
Heap:
 def new generation   total 314560K, used 279616K [0x03c00000, 0x19150000, 0x19150000)
  eden space 279616K, 100% used [0x03c00000, 0x14d10000, 0x14d10000)
  from space 34944K,   0% used [0x14d10000, 0x14d10000, 0x16f30000)
  to   space 34944K,  47% used [0x16f30000, 0x17f6d1e0, 0x19150000)
 tenured generation   total 699072K, used 489766K [0x19150000, 0x43c00000, 0x43c00000)
   the space 699072K,  70% used [0x19150000, 0x36f99bc8, 0x36f99c00, 0x43c00000)
 Metaspace       used 3547K, capacity 3598K, committed 3648K, reserved 4480K
GC Heap History (10 events):
Event: 9.604 GC heap after
Heap after GC invocations=95 (full 7):
 def new generation   total 214080K, used 23744K [0x03c00000, 0x12440000, 0x19150000)
  eden space 190336K,   0% used [0x03c00000, 0x03c00000, 0x0f5e0000)
  from space 23744K, 100% used [0x0f5e0000, 0x10d10000, 0x10d10000)
  to   space 23744K,   0% used [0x10d10000, 0x10d10000, 0x12440000)
 tenured generation   total 475600K, used 385086K [0x19150000, 0x361c4000, 0x43c00000)
   the space 475600K,  80% used [0x19150000, 0x3095f8d8, 0x3095fa00, 0x361c4000)
 Metaspace       used 3547K, capacity 3598K, committed 3648K, reserved 4480K
}
Event: 9.917 GC heap before
{Heap before GC invocations=95 (full 7):
 def new generation   total 214080K, used 214080K [0x03c00000, 0x12440000, 0x19150000)
  eden space 190336K, 100% used [0x03c00000, 0x0f5e0000, 0x0f5e0000)
  from space 23744K, 100% used [0x0f5e0000, 0x10d10000, 0x10d10000)
  to   space 23744K,   0% used [0x10d10000, 0x10d10000, 0x12440000)
 tenured generation   total 475600K, used 385086K [0x19150000, 0x361c4000, 0x43c00000)
   the space 475600K,  80% used [0x19150000, 0x3095f8d8, 0x3095fa00, 0x361c4000)
 Metaspace       used 3547K, capacity 3598K, committed 3648K, reserved 4480K
Event: 10.036 GC heap after
Heap after GC invocations=96 (full 7):
 def new generation   total 214080K, used 23744K [0x03c00000, 0x12440000, 0x19150000)
  eden space 190336K,   0% used [0x03c00000, 0x03c00000, 0x0f5e0000)
  from space 23744K, 100% used [0x10d10000, 0x12440000, 0x12440000)
  to   space 23744K,   0% used [0x0f5e0000, 0x0f5e0000, 0x10d10000)
 tenured generation   total 475600K, used 411705K [0x19150000, 0x361c4000, 0x43c00000)
   the space 475600K,  86% used [0x19150000, 0x3235e548, 0x3235e600, 0x361c4000)
 Metaspace       used 3547K, capacity 3598K, committed 3648K, reserved 4480K
}
Event: 10.355 GC heap before
{Heap before GC invocations=96 (full 7):
 def new generation   total 214080K, used 214080K [0x03c00000, 0x12440000, 0x19150000)
  eden space 190336K, 100% used [0x03c00000, 0x0f5e0000, 0x0f5e0000)
  from space 23744K, 100% used [0x10d10000, 0x12440000, 0x12440000)
  to   space 23744K,   0% used [0x0f5e0000, 0x0f5e0000, 0x10d10000)
 tenured generation   total 475600K, used 411705K [0x19150000, 0x361c4000, 0x43c00000)
   the space 475600K,  86% used [0x19150000, 0x3235e548, 0x3235e600, 0x361c4000)
 Metaspace       used 3547K, capacity 3598K, committed 3648K, reserved 4480K
Event: 10.479 GC heap after
Heap after GC invocations=97 (full 7):
 def new generation   total 214080K, used 23743K [0x03c00000, 0x12440000, 0x19150000)
  eden space 190336K,   0% used [0x03c00000, 0x03c00000, 0x0f5e0000)
  from space 23744K,  99% used [0x0f5e0000, 0x10d0fff8, 0x10d10000)
  to   space 23744K,   0% used [0x10d10000, 0x10d10000, 0x12440000)
 tenured generation   total 475600K, used 438579K [0x19150000, 0x361c4000, 0x43c00000)
   the space 475600K,  92% used [0x19150000, 0x33d9cfa8, 0x33d9d000, 0x361c4000)
 Metaspace       used 3547K, capacity 3598K, committed 3648K, reserved 4480K
}
Event: 10.774 GC heap before
{Heap before GC invocations=97 (full 7):
 def new generation   total 214080K, used 214079K [0x03c00000, 0x12440000, 0x19150000)
  eden space 190336K, 100% used [0x03c00000, 0x0f5e0000, 0x0f5e0000)
  from space 23744K,  99% used [0x0f5e0000, 0x10d0fff8, 0x10d10000)
  to   space 23744K,   0% used [0x10d10000, 0x10d10000, 0x12440000)
 tenured generation   total 475600K, used 438579K [0x19150000, 0x361c4000, 0x43c00000)
   the space 475600K,  92% used [0x19150000, 0x33d9cfa8, 0x33d9d000, 0x361c4000)
 Metaspace       used 3547K, capacity 3598K, committed 3648K, reserved 4480K
Event: 10.890 GC heap after
Heap after GC invocations=98 (full 7):
 def new generation   total 214080K, used 23744K [0x03c00000, 0x12440000, 0x19150000)
  eden space 190336K,   0% used [0x03c00000, 0x03c00000, 0x0f5e0000)
  from space 23744K, 100% used [0x10d10000, 0x12440000, 0x12440000)
  to   space 23744K,   0% used [0x0f5e0000, 0x0f5e0000, 0x10d10000)
 tenured generation   total 475600K, used 462843K [0x19150000, 0x361c4000, 0x43c00000)
   the space 475600K,  97% used [0x19150000, 0x3554eee8, 0x3554f000, 0x361c4000)
 Metaspace       used 3547K, capacity 3598K, committed 3648K, reserved 4480K
}
Event: 11.222 GC heap before
{Heap before GC invocations=98 (full 7):
 def new generation   total 214080K, used 214080K [0x03c00000, 0x12440000, 0x19150000)
  eden space 190336K, 100% used [0x03c00000, 0x0f5e0000, 0x0f5e0000)
  from space 23744K, 100% used [0x10d10000, 0x12440000, 0x12440000)
  to   space 23744K,   0% used [0x0f5e0000, 0x0f5e0000, 0x10d10000)
 tenured generation   total 475600K, used 462843K [0x19150000, 0x361c4000, 0x43c00000)
   the space 475600K,  97% used [0x19150000, 0x3554eee8, 0x3554f000, 0x361c4000)
 Metaspace       used 3547K, capacity 3598K, committed 3648K, reserved 4480K
Event: 12.806 GC heap after
Heap after GC invocations=99 (full 8):
 def new generation   total 314560K, used 5922K [0x03c00000, 0x19150000, 0x19150000)
  eden space 279616K,   2% used [0x03c00000, 0x041c8878, 0x14d10000)
  from space 34944K,   0% used [0x14d10000, 0x14d10000, 0x16f30000)
  to   space 34944K,   0% used [0x16f30000, 0x16f30000, 0x19150000)
 tenured generation   total 699072K, used 489168K [0x19150000, 0x43c00000, 0x43c00000)
   the space 699072K,  69% used [0x19150000, 0x36f04000, 0x36f04000, 0x43c00000)
 Metaspace       used 3547K, capacity 3598K, committed 3648K, reserved 4480K
}
Event: 13.411 GC heap before
{Heap before GC invocations=99 (full 8):
 def new generation   total 314560K, used 279616K [0x03c00000, 0x19150000, 0x19150000)
  eden space 279616K, 100% used [0x03c00000, 0x14d10000, 0x14d10000)
  from space 34944K,   0% used [0x14d10000, 0x14d10000, 0x16f30000)
  to   space 34944K,   0% used [0x16f30000, 0x16f30000, 0x19150000)
 tenured generation   total 699072K, used 489168K [0x19150000, 0x43c00000, 0x43c00000)
   the space 699072K,  69% used [0x19150000, 0x36f04000, 0x36f04000, 0x43c00000)
 Metaspace       used 3547K, capacity 3598K, committed 3648K, reserved 4480K

