# JRE version: Java(TM) SE Runtime Environment (8.0_101-b13) (build 1.8.0_101-b13)
# Java VM: Java HotSpot(TM) Client VM (25.101-b13 mixed mode windows-x86 )
Heap:
 def new generation   total 314560K, used 314560K [0x03e00000, 0x19350000, 0x19350000)
  eden space 279616K, 100% used [0x03e00000, 0x14f10000, 0x14f10000)
  from space 34944K, 100% used [0x17130000, 0x19350000, 0x19350000)
  to   space 34944K, 100% used [0x14f10000, 0x17130000, 0x17130000)
 tenured generation   total 699072K, used 542624K [0x19350000, 0x43e00000, 0x43e00000)
   the space 699072K,  77% used [0x19350000, 0x3a538080, 0x3a538200, 0x43e00000)
 Metaspace       used 3553K, capacity 3598K, committed 3648K, reserved 4480K
GC Heap History (10 events):
Event: 9.396 GC heap after
Heap after GC invocations=94 (full 7):
 def new generation   total 204416K, used 22655K [0x03e00000, 0x11bc0000, 0x19350000)
  eden space 181760K,   0% used [0x03e00000, 0x03e00000, 0x0ef80000)
  from space 22656K,  99% used [0x105a0000, 0x11bbfff8, 0x11bc0000)
  to   space 22656K,   0% used [0x0ef80000, 0x0ef80000, 0x105a0000)
 tenured generation   total 453976K, used 393392K [0x19350000, 0x34ea6000, 0x43e00000)
   the space 453976K,  86% used [0x19350000, 0x3137c0b0, 0x3137c200, 0x34ea6000)
 Metaspace       used 3553K, capacity 3598K, committed 3648K, reserved 4480K
}
Event: 9.689 GC heap before
{Heap before GC invocations=94 (full 7):
 def new generation   total 204416K, used 204415K [0x03e00000, 0x11bc0000, 0x19350000)
  eden space 181760K, 100% used [0x03e00000, 0x0ef80000, 0x0ef80000)
  from space 22656K,  99% used [0x105a0000, 0x11bbfff8, 0x11bc0000)
  to   space 22656K,   0% used [0x0ef80000, 0x0ef80000, 0x105a0000)
 tenured generation   total 453976K, used 393392K [0x19350000, 0x34ea6000, 0x43e00000)
   the space 453976K,  86% used [0x19350000, 0x3137c0b0, 0x3137c200, 0x34ea6000)
 Metaspace       used 3553K, capacity 3598K, committed 3648K, reserved 4480K
Event: 9.803 GC heap after
Heap after GC invocations=95 (full 7):
 def new generation   total 204416K, used 22656K [0x03e00000, 0x11bc0000, 0x19350000)
  eden space 181760K,   0% used [0x03e00000, 0x03e00000, 0x0ef80000)
  from space 22656K, 100% used [0x0ef80000, 0x105a0000, 0x105a0000)
  to   space 22656K,   0% used [0x105a0000, 0x105a0000, 0x11bc0000)
 tenured generation   total 453976K, used 419161K [0x19350000, 0x34ea6000, 0x43e00000)
   the space 453976K,  92% used [0x19350000, 0x32ca64a8, 0x32ca6600, 0x34ea6000)
 Metaspace       used 3553K, capacity 3598K, committed 3648K, reserved 4480K
}
Event: 10.094 GC heap before
{Heap before GC invocations=95 (full 7):
 def new generation   total 204416K, used 204416K [0x03e00000, 0x11bc0000, 0x19350000)
  eden space 181760K, 100% used [0x03e00000, 0x0ef80000, 0x0ef80000)
  from space 22656K, 100% used [0x0ef80000, 0x105a0000, 0x105a0000)
  to   space 22656K,   0% used [0x105a0000, 0x105a0000, 0x11bc0000)
 tenured generation   total 453976K, used 419161K [0x19350000, 0x34ea6000, 0x43e00000)
   the space 453976K,  92% used [0x19350000, 0x32ca64a8, 0x32ca6600, 0x34ea6000)
 Metaspace       used 3553K, capacity 3598K, committed 3648K, reserved 4480K
Event: 10.208 GC heap after
Heap after GC invocations=96 (full 7):
 def new generation   total 204416K, used 22655K [0x03e00000, 0x11bc0000, 0x19350000)
  eden space 181760K,   0% used [0x03e00000, 0x03e00000, 0x0ef80000)
  from space 22656K,  99% used [0x105a0000, 0x11bbfff8, 0x11bc0000)
  to   space 22656K,   0% used [0x0ef80000, 0x0ef80000, 0x105a0000)
 tenured generation   total 453976K, used 444340K [0x19350000, 0x34ea6000, 0x43e00000)
   the space 453976K,  97% used [0x19350000, 0x3453d1b0, 0x3453d200, 0x34ea6000)
 Metaspace       used 3553K, capacity 3598K, committed 3648K, reserved 4480K
}
Event: 10.507 GC heap before
{Heap before GC invocations=96 (full 7):
 def new generation   total 204416K, used 204415K [0x03e00000, 0x11bc0000, 0x19350000)
  eden space 181760K, 100% used [0x03e00000, 0x0ef80000, 0x0ef80000)
  from space 22656K,  99% used [0x105a0000, 0x11bbfff8, 0x11bc0000)
  to   space 22656K,   0% used [0x0ef80000, 0x0ef80000, 0x105a0000)
 tenured generation   total 453976K, used 444340K [0x19350000, 0x34ea6000, 0x43e00000)
   the space 453976K,  97% used [0x19350000, 0x3453d1b0, 0x3453d200, 0x34ea6000)
 Metaspace       used 3553K, capacity 3598K, committed 3648K, reserved 4480K
Event: 11.982 GC heap after
Heap after GC invocations=97 (full 8):
 def new generation   total 314560K, used 4899K [0x03e00000, 0x19350000, 0x19350000)
  eden space 279616K,   1% used [0x03e00000, 0x042c8ca8, 0x14f10000)
  from space 34944K,   0% used [0x14f10000, 0x14f10000, 0x17130000)
  to   space 34944K,   0% used [0x17130000, 0x17130000, 0x19350000)
 tenured generation   total 699072K, used 466900K [0x19350000, 0x43e00000, 0x43e00000)
   the space 699072K,  66% used [0x19350000, 0x35b45088, 0x35b45200, 0x43e00000)
 Metaspace       used 3553K, capacity 3598K, committed 3648K, reserved 4480K
}
Event: 12.451 GC heap before
{Heap before GC invocations=97 (full 8):
 def new generation   total 314560K, used 279616K [0x03e00000, 0x19350000, 0x19350000)
  eden space 279616K, 100% used [0x03e00000, 0x14f10000, 0x14f10000)
  from space 34944K,   0% used [0x14f10000, 0x14f10000, 0x17130000)
  to   space 34944K,   0% used [0x17130000, 0x17130000, 0x19350000)
 tenured generation   total 699072K, used 466900K [0x19350000, 0x43e00000, 0x43e00000)
   the space 699072K,  66% used [0x19350000, 0x35b45088, 0x35b45200, 0x43e00000)
 Metaspace       used 3553K, capacity 3598K, committed 3648K, reserved 4480K
Event: 12.807 GC heap after
Heap after GC invocations=98 (full 8):
 def new generation   total 314560K, used 34944K [0x03e00000, 0x19350000, 0x19350000)
  eden space 279616K,   0% used [0x03e00000, 0x03e00000, 0x14f10000)
  from space 34944K, 100% used [0x17130000, 0x19350000, 0x19350000)
  to   space 34944K,   0% used [0x14f10000, 0x14f10000, 0x17130000)
 tenured generation   total 699072K, used 476726K [0x19350000, 0x43e00000, 0x43e00000)
   the space 699072K,  68% used [0x19350000, 0x364dda88, 0x364ddc00, 0x43e00000)
 Metaspace       used 3553K, capacity 3598K, committed 3648K, reserved 4480K
}
Event: 14.498 GC heap before
{Heap before GC invocations=98 (full 8):
 def new generation   total 314560K, used 314560K [0x03e00000, 0x19350000, 0x19350000)
  eden space 279616K, 100% used [0x03e00000, 0x14f10000, 0x14f10000)
  from space 34944K, 100% used [0x17130000, 0x19350000, 0x19350000)
  to   space 34944K,   0% used [0x14f10000, 0x14f10000, 0x17130000)
 tenured generation   total 699072K, used 476726K [0x19350000, 0x43e00000, 0x43e00000)
   the space 699072K,  68% used [0x19350000, 0x364dda88, 0x364ddc00, 0x43e00000)
 Metaspace       used 3553K, capacity 3598K, committed 3648K, reserved 4480K

