# JRE version: Java(TM) SE Runtime Environment (8.0_101-b13) (build 1.8.0_101-b13)
# Java VM: Java HotSpot(TM) Client VM (25.101-b13 mixed mode windows-x86 )
Heap:
 def new generation   total 204032K, used 204032K [0x03e00000, 0x11b60000, 0x19350000)
  eden space 181376K, 100% used [0x03e00000, 0x0ef20000, 0x0ef20000)
  from space 22656K, 100% used [0x10540000, 0x11b60000, 0x11b60000)
  to   space 22656K,  88% used [0x0ef20000, 0x102c5378, 0x10540000)
 tenured generation   total 456624K, used 456606K [0x19350000, 0x3513c000, 0x43e00000)
   the space 456624K,  99% used [0x19350000, 0x35137ae0, 0x35137c00, 0x3513c000)
 Metaspace       used 3560K, capacity 3598K, committed 3648K, reserved 4480K
GC Heap History (10 events):
Event: 9.291 GC heap after
Heap after GC invocations=92 (full 7):
 def new generation   total 204032K, used 22655K [0x03e00000, 0x11b60000, 0x19350000)
  eden space 181376K,   0% used [0x03e00000, 0x03e00000, 0x0ef20000)
  from space 22656K,  99% used [0x10540000, 0x11b5fff8, 0x11b60000)
  to   space 22656K,   0% used [0x0ef20000, 0x0ef20000, 0x10540000)
 tenured generation   total 453296K, used 339191K [0x19350000, 0x34dfc000, 0x43e00000)
   the space 453296K,  74% used [0x19350000, 0x2de8df90, 0x2de8e000, 0x34dfc000)
 Metaspace       used 3560K, capacity 3598K, committed 3648K, reserved 4480K
}
Event: 9.585 GC heap before
{Heap before GC invocations=92 (full 7):
 def new generation   total 204032K, used 204031K [0x03e00000, 0x11b60000, 0x19350000)
  eden space 181376K, 100% used [0x03e00000, 0x0ef20000, 0x0ef20000)
  from space 22656K,  99% used [0x10540000, 0x11b5fff8, 0x11b60000)
  to   space 22656K,   0% used [0x0ef20000, 0x0ef20000, 0x10540000)
 tenured generation   total 453296K, used 339191K [0x19350000, 0x34dfc000, 0x43e00000)
   the space 453296K,  74% used [0x19350000, 0x2de8df90, 0x2de8e000, 0x34dfc000)
 Metaspace       used 3560K, capacity 3598K, committed 3648K, reserved 4480K
Event: 9.706 GC heap after
Heap after GC invocations=93 (full 7):
 def new generation   total 204032K, used 22656K [0x03e00000, 0x11b60000, 0x19350000)
  eden space 181376K,   0% used [0x03e00000, 0x03e00000, 0x0ef20000)
  from space 22656K, 100% used [0x0ef20000, 0x10540000, 0x10540000)
  to   space 22656K,   0% used [0x10540000, 0x10540000, 0x11b60000)
 tenured generation   total 453296K, used 366379K [0x19350000, 0x34dfc000, 0x43e00000)
   the space 453296K,  80% used [0x19350000, 0x2f91af90, 0x2f91b000, 0x34dfc000)
 Metaspace       used 3560K, capacity 3598K, committed 3648K, reserved 4480K
}
Event: 9.994 GC heap before
{Heap before GC invocations=93 (full 7):
 def new generation   total 204032K, used 204032K [0x03e00000, 0x11b60000, 0x19350000)
  eden space 181376K, 100% used [0x03e00000, 0x0ef20000, 0x0ef20000)
  from space 22656K, 100% used [0x0ef20000, 0x10540000, 0x10540000)
  to   space 22656K,   0% used [0x10540000, 0x10540000, 0x11b60000)
 tenured generation   total 453296K, used 366379K [0x19350000, 0x34dfc000, 0x43e00000)
   the space 453296K,  80% used [0x19350000, 0x2f91af90, 0x2f91b000, 0x34dfc000)
 Metaspace       used 3560K, capacity 3598K, committed 3648K, reserved 4480K
Event: 10.111 GC heap after
Heap after GC invocations=94 (full 7):
 def new generation   total 204032K, used 22656K [0x03e00000, 0x11b60000, 0x19350000)
  eden space 181376K,   0% used [0x03e00000, 0x03e00000, 0x0ef20000)
  from space 22656K, 100% used [0x10540000, 0x11b60000, 0x11b60000)
  to   space 22656K,   0% used [0x0ef20000, 0x0ef20000, 0x10540000)
 tenured generation   total 453296K, used 392261K [0x19350000, 0x34dfc000, 0x43e00000)
   the space 453296K,  86% used [0x19350000, 0x31261758, 0x31261800, 0x34dfc000)
 Metaspace       used 3560K, capacity 3598K, committed 3648K, reserved 4480K
}
Event: 10.400 GC heap before
{Heap before GC invocations=94 (full 7):
 def new generation   total 204032K, used 204032K [0x03e00000, 0x11b60000, 0x19350000)
  eden space 181376K, 100% used [0x03e00000, 0x0ef20000, 0x0ef20000)
  from space 22656K, 100% used [0x10540000, 0x11b60000, 0x11b60000)
  to   space 22656K,   0% used [0x0ef20000, 0x0ef20000, 0x10540000)
 tenured generation   total 453296K, used 392261K [0x19350000, 0x34dfc000, 0x43e00000)
   the space 453296K,  86% used [0x19350000, 0x31261758, 0x31261800, 0x34dfc000)
 Metaspace       used 3560K, capacity 3598K, committed 3648K, reserved 4480K
Event: 10.513 GC heap after
Heap after GC invocations=95 (full 7):
 def new generation   total 204032K, used 22656K [0x03e00000, 0x11b60000, 0x19350000)
  eden space 181376K,   0% used [0x03e00000, 0x03e00000, 0x0ef20000)
  from space 22656K, 100% used [0x0ef20000, 0x10540000, 0x10540000)
  to   space 22656K,   0% used [0x10540000, 0x10540000, 0x11b60000)
 tenured generation   total 453296K, used 418076K [0x19350000, 0x34dfc000, 0x43e00000)
   the space 453296K,  92% used [0x19350000, 0x32b971f0, 0x32b97200, 0x34dfc000)
 Metaspace       used 3560K, capacity 3598K, committed 3648K, reserved 4480K
}
Event: 10.800 GC heap before
{Heap before GC invocations=95 (full 7):
 def new generation   total 204032K, used 204032K [0x03e00000, 0x11b60000, 0x19350000)
  eden space 181376K, 100% used [0x03e00000, 0x0ef20000, 0x0ef20000)
  from space 22656K, 100% used [0x0ef20000, 0x10540000, 0x10540000)
  to   space 22656K,   0% used [0x10540000, 0x10540000, 0x11b60000)
 tenured generation   total 453296K, used 418076K [0x19350000, 0x34dfc000, 0x43e00000)
   the space 453296K,  92% used [0x19350000, 0x32b971f0, 0x32b97200, 0x34dfc000)
 Metaspace       used 3560K, capacity 3598K, committed 3648K, reserved 4480K
Event: 10.914 GC heap after
Heap after GC invocations=96 (full 7):
 def new generation   total 204032K, used 22656K [0x03e00000, 0x11b60000, 0x19350000)
  eden space 181376K,   0% used [0x03e00000, 0x03e00000, 0x0ef20000)
  from space 22656K, 100% used [0x10540000, 0x11b60000, 0x11b60000)
  to   space 22656K,   0% used [0x0ef20000, 0x0ef20000, 0x10540000)
 tenured generation   total 453296K, used 442941K [0x19350000, 0x34dfc000, 0x43e00000)
   the space 453296K,  97% used [0x19350000, 0x343df540, 0x343df600, 0x34dfc000)
 Metaspace       used 3560K, capacity 3598K, committed 3648K, reserved 4480K
}
Event: 11.210 GC heap before
{Heap before GC invocations=96 (full 7):
 def new generation   total 204032K, used 204032K [0x03e00000, 0x11b60000, 0x19350000)
  eden space 181376K, 100% used [0x03e00000, 0x0ef20000, 0x0ef20000)
  from space 22656K, 100% used [0x10540000, 0x11b60000, 0x11b60000)
  to   space 22656K,   0% used [0x0ef20000, 0x0ef20000, 0x10540000)
 tenured generation   total 453296K, used 442941K [0x19350000, 0x34dfc000, 0x43e00000)
   the space 453296K,  97% used [0x19350000, 0x343df540, 0x343df600, 0x34dfc000)
 Metaspace       used 3560K, capacity 3598K, committed 3648K, reserved 4480K

