# JRE version: Java(TM) SE Runtime Environment (8.0_101-b13) (build 1.8.0_101-b13)
# Java VM: Java HotSpot(TM) Client VM (25.101-b13 mixed mode windows-x86 )
Heap:
 def new generation   total 66816K, used 7424K [0x03e00000, 0x08680000, 0x19350000)
  eden space 59392K,   0% used [0x03e00000, 0x03e00000, 0x07800000)
  from space 7424K, 100% used [0x07800000, 0x07f40000, 0x07f40000)
  to   space 7424K,   0% used [0x07f40000, 0x07f40000, 0x08680000)
 tenured generation   total 152320K, used 152205K [0x19350000, 0x22810000, 0x43e00000)
   the space 152320K,  99% used [0x19350000, 0x227f3628, 0x227f3800, 0x22810000)
 Metaspace       used 3544K, capacity 3566K, committed 3648K, reserved 4480K
GC Heap History (10 events):
Event: 3.212 GC heap after
Heap after GC invocations=74 (full 5):
 def new generation   total 66816K, used 7424K [0x03e00000, 0x08680000, 0x19350000)
  eden space 59392K,   0% used [0x03e00000, 0x03e00000, 0x07800000)
  from space 7424K, 100% used [0x07f40000, 0x08680000, 0x08680000)
  to   space 7424K,   0% used [0x07800000, 0x07800000, 0x07f40000)
 tenured generation   total 148352K, used 113977K [0x19350000, 0x22430000, 0x43e00000)
   the space 148352K,  76% used [0x19350000, 0x2029e418, 0x2029e600, 0x22430000)
 Metaspace       used 3543K, capacity 3566K, committed 3648K, reserved 4480K
}
Event: 3.306 GC heap before
{Heap before GC invocations=74 (full 5):
 def new generation   total 66816K, used 66816K [0x03e00000, 0x08680000, 0x19350000)
  eden space 59392K, 100% used [0x03e00000, 0x07800000, 0x07800000)
  from space 7424K, 100% used [0x07f40000, 0x08680000, 0x08680000)
  to   space 7424K,   0% used [0x07800000, 0x07800000, 0x07f40000)
 tenured generation   total 148352K, used 113977K [0x19350000, 0x22430000, 0x43e00000)
   the space 148352K,  76% used [0x19350000, 0x2029e418, 0x2029e600, 0x22430000)
 Metaspace       used 3543K, capacity 3566K, committed 3648K, reserved 4480K
Event: 3.340 GC heap after
Heap after GC invocations=75 (full 5):
 def new generation   total 66816K, used 7423K [0x03e00000, 0x08680000, 0x19350000)
  eden space 59392K,   0% used [0x03e00000, 0x03e00000, 0x07800000)
  from space 7424K,  99% used [0x07800000, 0x07f3fff8, 0x07f40000)
  to   space 7424K,   0% used [0x07f40000, 0x07f40000, 0x08680000)
 tenured generation   total 148352K, used 122406K [0x19350000, 0x22430000, 0x43e00000)
   the space 148352K,  82% used [0x19350000, 0x20ad9a38, 0x20ad9c00, 0x22430000)
 Metaspace       used 3543K, capacity 3566K, committed 3648K, reserved 4480K
}
Event: 3.453 GC heap before
{Heap before GC invocations=75 (full 5):
 def new generation   total 66816K, used 66815K [0x03e00000, 0x08680000, 0x19350000)
  eden space 59392K, 100% used [0x03e00000, 0x07800000, 0x07800000)
  from space 7424K,  99% used [0x07800000, 0x07f3fff8, 0x07f40000)
  to   space 7424K,   0% used [0x07f40000, 0x07f40000, 0x08680000)
 tenured generation   total 148352K, used 122406K [0x19350000, 0x22430000, 0x43e00000)
   the space 148352K,  82% used [0x19350000, 0x20ad9a38, 0x20ad9c00, 0x22430000)
 Metaspace       used 3543K, capacity 3566K, committed 3648K, reserved 4480K
Event: 3.483 GC heap after
Heap after GC invocations=76 (full 5):
 def new generation   total 66816K, used 7285K [0x03e00000, 0x08680000, 0x19350000)
  eden space 59392K,   0% used [0x03e00000, 0x03e00000, 0x07800000)
  from space 7424K,  98% used [0x07f40000, 0x0865d600, 0x08680000)
  to   space 7424K,   0% used [0x07800000, 0x07800000, 0x07f40000)
 tenured generation   total 148352K, used 128805K [0x19350000, 0x22430000, 0x43e00000)
   the space 148352K,  86% used [0x19350000, 0x21119720, 0x21119800, 0x22430000)
 Metaspace       used 3543K, capacity 3566K, committed 3648K, reserved 4480K
}
Event: 3.577 GC heap before
{Heap before GC invocations=76 (full 5):
 def new generation   total 66816K, used 66677K [0x03e00000, 0x08680000, 0x19350000)
  eden space 59392K, 100% used [0x03e00000, 0x07800000, 0x07800000)
  from space 7424K,  98% used [0x07f40000, 0x0865d600, 0x08680000)
  to   space 7424K,   0% used [0x07800000, 0x07800000, 0x07f40000)
 tenured generation   total 148352K, used 128805K [0x19350000, 0x22430000, 0x43e00000)
   the space 148352K,  86% used [0x19350000, 0x21119720, 0x21119800, 0x22430000)
 Metaspace       used 3543K, capacity 3566K, committed 3648K, reserved 4480K
Event: 3.612 GC heap after
Heap after GC invocations=77 (full 5):
 def new generation   total 66816K, used 7423K [0x03e00000, 0x08680000, 0x19350000)
  eden space 59392K,   0% used [0x03e00000, 0x03e00000, 0x07800000)
  from space 7424K,  99% used [0x07800000, 0x07f3fff8, 0x07f40000)
  to   space 7424K,   0% used [0x07f40000, 0x07f40000, 0x08680000)
 tenured generation   total 148352K, used 136654K [0x19350000, 0x22430000, 0x43e00000)
   the space 148352K,  92% used [0x19350000, 0x218c38b0, 0x218c3a00, 0x22430000)
 Metaspace       used 3543K, capacity 3566K, committed 3648K, reserved 4480K
}
Event: 3.708 GC heap before
{Heap before GC invocations=77 (full 5):
 def new generation   total 66816K, used 66815K [0x03e00000, 0x08680000, 0x19350000)
  eden space 59392K, 100% used [0x03e00000, 0x07800000, 0x07800000)
  from space 7424K,  99% used [0x07800000, 0x07f3fff8, 0x07f40000)
  to   space 7424K,   0% used [0x07f40000, 0x07f40000, 0x08680000)
 tenured generation   total 148352K, used 136654K [0x19350000, 0x22430000, 0x43e00000)
   the space 148352K,  92% used [0x19350000, 0x218c38b0, 0x218c3a00, 0x22430000)
 Metaspace       used 3544K, capacity 3566K, committed 3648K, reserved 4480K
Event: 3.750 GC heap after
Heap after GC invocations=78 (full 5):
 def new generation   total 66816K, used 7423K [0x03e00000, 0x08680000, 0x19350000)
  eden space 59392K,   0% used [0x03e00000, 0x03e00000, 0x07800000)
  from space 7424K,  99% used [0x07f40000, 0x0867fff8, 0x08680000)
  to   space 7424K,   0% used [0x07800000, 0x07800000, 0x07f40000)
 tenured generation   total 148352K, used 144695K [0x19350000, 0x22430000, 0x43e00000)
   the space 148352K,  97% used [0x19350000, 0x2209dc18, 0x2209de00, 0x22430000)
 Metaspace       used 3544K, capacity 3566K, committed 3648K, reserved 4480K
}
Event: 3.850 GC heap before
{Heap before GC invocations=78 (full 5):
 def new generation   total 66816K, used 66815K [0x03e00000, 0x08680000, 0x19350000)
  eden space 59392K, 100% used [0x03e00000, 0x07800000, 0x07800000)
  from space 7424K,  99% used [0x07f40000, 0x0867fff8, 0x08680000)
  to   space 7424K,   0% used [0x07800000, 0x07800000, 0x07f40000)
 tenured generation   total 148352K, used 144695K [0x19350000, 0x22430000, 0x43e00000)
   the space 148352K,  97% used [0x19350000, 0x2209dc18, 0x2209de00, 0x22430000)
 Metaspace       used 3544K, capacity 3566K, committed 3648K, reserved 4480K

