# JRE version: Java(TM) SE Runtime Environment (8.0_101-b13) (build 1.8.0_101-b13)
# Java VM: Java HotSpot(TM) Client VM (25.101-b13 mixed mode windows-x86 )
Heap:
 def new generation   total 314560K, used 279616K [0x03c00000, 0x19150000, 0x19150000)
  eden space 279616K, 100% used [0x03c00000, 0x14d10000, 0x14d10000)
  from space 34944K,   0% used [0x14d10000, 0x14d10000, 0x16f30000)
  to   space 34944K,  60% used [0x16f30000, 0x183afbe0, 0x19150000)
 tenured generation   total 699072K, used 467336K [0x19150000, 0x43c00000, 0x43c00000)
   the space 699072K,  66% used [0x19150000, 0x359b2148, 0x359b2200, 0x43c00000)
 Metaspace       used 3546K, capacity 3598K, committed 3648K, reserved 4480K
GC Heap History (10 events):
Event: 9.547 GC heap after
Heap after GC invocations=95 (full 7):
 def new generation   total 204544K, used 22720K [0x03c00000, 0x119f0000, 0x19150000)
  eden space 181824K,   0% used [0x03c00000, 0x03c00000, 0x0ed90000)
  from space 22720K, 100% used [0x0ed90000, 0x103c0000, 0x103c0000)
  to   space 22720K,   0% used [0x103c0000, 0x103c0000, 0x119f0000)
 tenured generation   total 454380K, used 366996K [0x19150000, 0x34d0b000, 0x43c00000)
   the space 454380K,  80% used [0x19150000, 0x2f7b5200, 0x2f7b5200, 0x34d0b000)
 Metaspace       used 3546K, capacity 3598K, committed 3648K, reserved 4480K
}
Event: 9.892 GC heap before
{Heap before GC invocations=95 (full 7):
 def new generation   total 204544K, used 204544K [0x03c00000, 0x119f0000, 0x19150000)
  eden space 181824K, 100% used [0x03c00000, 0x0ed90000, 0x0ed90000)
  from space 22720K, 100% used [0x0ed90000, 0x103c0000, 0x103c0000)
  to   space 22720K,   0% used [0x103c0000, 0x103c0000, 0x119f0000)
 tenured generation   total 454380K, used 366996K [0x19150000, 0x34d0b000, 0x43c00000)
   the space 454380K,  80% used [0x19150000, 0x2f7b5200, 0x2f7b5200, 0x34d0b000)
 Metaspace       used 3546K, capacity 3598K, committed 3648K, reserved 4480K
Event: 10.023 GC heap after
Heap after GC invocations=96 (full 7):
 def new generation   total 204544K, used 22719K [0x03c00000, 0x119f0000, 0x19150000)
  eden space 181824K,   0% used [0x03c00000, 0x03c00000, 0x0ed90000)
  from space 22720K,  99% used [0x103c0000, 0x119efff8, 0x119f0000)
  to   space 22720K,   0% used [0x0ed90000, 0x0ed90000, 0x103c0000)
 tenured generation   total 454380K, used 393225K [0x19150000, 0x34d0b000, 0x43c00000)
   the space 454380K,  86% used [0x19150000, 0x31152468, 0x31152600, 0x34d0b000)
 Metaspace       used 3546K, capacity 3598K, committed 3648K, reserved 4480K
}
Event: 10.368 GC heap before
{Heap before GC invocations=96 (full 7):
 def new generation   total 204544K, used 204543K [0x03c00000, 0x119f0000, 0x19150000)
  eden space 181824K, 100% used [0x03c00000, 0x0ed90000, 0x0ed90000)
  from space 22720K,  99% used [0x103c0000, 0x119efff8, 0x119f0000)
  to   space 22720K,   0% used [0x0ed90000, 0x0ed90000, 0x103c0000)
 tenured generation   total 454380K, used 393225K [0x19150000, 0x34d0b000, 0x43c00000)
   the space 454380K,  86% used [0x19150000, 0x31152468, 0x31152600, 0x34d0b000)
 Metaspace       used 3546K, capacity 3598K, committed 3648K, reserved 4480K
Event: 10.483 GC heap after
Heap after GC invocations=97 (full 7):
 def new generation   total 204544K, used 22720K [0x03c00000, 0x119f0000, 0x19150000)
  eden space 181824K,   0% used [0x03c00000, 0x03c00000, 0x0ed90000)
  from space 22720K, 100% used [0x0ed90000, 0x103c0000, 0x103c0000)
  to   space 22720K,   0% used [0x103c0000, 0x103c0000, 0x119f0000)
 tenured generation   total 454380K, used 419213K [0x19150000, 0x34d0b000, 0x43c00000)
   the space 454380K,  92% used [0x19150000, 0x32ab3500, 0x32ab3600, 0x34d0b000)
 Metaspace       used 3546K, capacity 3598K, committed 3648K, reserved 4480K
}
Event: 10.794 GC heap before
{Heap before GC invocations=97 (full 7):
 def new generation   total 204544K, used 204544K [0x03c00000, 0x119f0000, 0x19150000)
  eden space 181824K, 100% used [0x03c00000, 0x0ed90000, 0x0ed90000)
  from space 22720K, 100% used [0x0ed90000, 0x103c0000, 0x103c0000)
  to   space 22720K,   0% used [0x103c0000, 0x103c0000, 0x119f0000)
 tenured generation   total 454380K, used 419213K [0x19150000, 0x34d0b000, 0x43c00000)
   the space 454380K,  92% used [0x19150000, 0x32ab3500, 0x32ab3600, 0x34d0b000)
 Metaspace       used 3546K, capacity 3598K, committed 3648K, reserved 4480K
Event: 10.912 GC heap after
Heap after GC invocations=98 (full 7):
 def new generation   total 204544K, used 22719K [0x03c00000, 0x119f0000, 0x19150000)
  eden space 181824K,   0% used [0x03c00000, 0x03c00000, 0x0ed90000)
  from space 22720K,  99% used [0x103c0000, 0x119efff8, 0x119f0000)
  to   space 22720K,   0% used [0x0ed90000, 0x0ed90000, 0x103c0000)
 tenured generation   total 454380K, used 444747K [0x19150000, 0x34d0b000, 0x43c00000)
   the space 454380K,  97% used [0x19150000, 0x343a2d40, 0x343a2e00, 0x34d0b000)
 Metaspace       used 3546K, capacity 3598K, committed 3648K, reserved 4480K
}
Event: 11.215 GC heap before
{Heap before GC invocations=98 (full 7):
 def new generation   total 204544K, used 204543K [0x03c00000, 0x119f0000, 0x19150000)
  eden space 181824K, 100% used [0x03c00000, 0x0ed90000, 0x0ed90000)
  from space 22720K,  99% used [0x103c0000, 0x119efff8, 0x119f0000)
  to   space 22720K,   0% used [0x0ed90000, 0x0ed90000, 0x103c0000)
 tenured generation   total 454380K, used 444747K [0x19150000, 0x34d0b000, 0x43c00000)
   the space 454380K,  97% used [0x19150000, 0x343a2d40, 0x343a2e00, 0x34d0b000)
 Metaspace       used 3546K, capacity 3598K, committed 3648K, reserved 4480K
Event: 12.730 GC heap after
Heap after GC invocations=99 (full 8):
 def new generation   total 314560K, used 3999K [0x03c00000, 0x19150000, 0x19150000)
  eden space 279616K,   1% used [0x03c00000, 0x03fe7e70, 0x14d10000)
  from space 34944K,   0% used [0x14d10000, 0x14d10000, 0x16f30000)
  to   space 34944K,   0% used [0x16f30000, 0x16f30000, 0x19150000)
 tenured generation   total 699072K, used 466795K [0x19150000, 0x43c00000, 0x43c00000)
   the space 699072K,  66% used [0x19150000, 0x3592aff8, 0x3592b000, 0x43c00000)
 Metaspace       used 3546K, capacity 3598K, committed 3648K, reserved 4480K
}
Event: 13.711 GC heap before
{Heap before GC invocations=99 (full 8):
 def new generation   total 314560K, used 279616K [0x03c00000, 0x19150000, 0x19150000)
  eden space 279616K, 100% used [0x03c00000, 0x14d10000, 0x14d10000)
  from space 34944K,   0% used [0x14d10000, 0x14d10000, 0x16f30000)
  to   space 34944K,   0% used [0x16f30000, 0x16f30000, 0x19150000)
 tenured generation   total 699072K, used 466795K [0x19150000, 0x43c00000, 0x43c00000)
   the space 699072K,  66% used [0x19150000, 0x3592aff8, 0x3592b000, 0x43c00000)
 Metaspace       used 3546K, capacity 3598K, committed 3648K, reserved 4480K

