# JRE version: Java(TM) SE Runtime Environment (8.0_101-b13) (build 1.8.0_101-b13)
# Java VM: Java HotSpot(TM) Client VM (25.101-b13 mixed mode windows-x86 )
Heap:
 def new generation   total 208896K, used 208896K [0x03e00000, 0x120a0000, 0x19350000)
  eden space 185728K, 100% used [0x03e00000, 0x0f360000, 0x0f360000)
  from space 23168K, 100% used [0x0f360000, 0x10a00000, 0x10a00000)
  to   space 23168K, 100% used [0x10a00000, 0x120a0000, 0x120a0000)
 tenured generation   total 463976K, used 388986K [0x19350000, 0x3586a000, 0x43e00000)
   the space 463976K,  83% used [0x19350000, 0x30f2e868, 0x30f2ea00, 0x3586a000)
 Metaspace       used 3548K, capacity 3598K, committed 3648K, reserved 4480K
GC Heap History (10 events):
Event: 7.321 GC heap after
Heap after GC invocations=90 (full 7):
 def new generation   total 208896K, used 13433K [0x03e00000, 0x120a0000, 0x19350000)
  eden space 185728K,   7% used [0x03e00000, 0x04b1e7a0, 0x0f360000)
  from space 23168K,   0% used [0x0f360000, 0x0f360000, 0x10a00000)
  to   space 23168K,   0% used [0x10a00000, 0x10a00000, 0x120a0000)
 tenured generation   total 463976K, used 278384K [0x19350000, 0x3586a000, 0x43e00000)
   the space 463976K,  59% used [0x19350000, 0x2a32c000, 0x2a32c000, 0x3586a000)
 Metaspace       used 3548K, capacity 3598K, committed 3648K, reserved 4480K
}
Event: 7.621 GC heap before
{Heap before GC invocations=90 (full 7):
 def new generation   total 208896K, used 185728K [0x03e00000, 0x120a0000, 0x19350000)
  eden space 185728K, 100% used [0x03e00000, 0x0f360000, 0x0f360000)
  from space 23168K,   0% used [0x0f360000, 0x0f360000, 0x10a00000)
  to   space 23168K,   0% used [0x10a00000, 0x10a00000, 0x120a0000)
 tenured generation   total 463976K, used 278384K [0x19350000, 0x3586a000, 0x43e00000)
   the space 463976K,  59% used [0x19350000, 0x2a32c000, 0x2a32c000, 0x3586a000)
 Metaspace       used 3548K, capacity 3598K, committed 3648K, reserved 4480K
Event: 7.855 GC heap after
Heap after GC invocations=91 (full 7):
 def new generation   total 208896K, used 23168K [0x03e00000, 0x120a0000, 0x19350000)
  eden space 185728K,   0% used [0x03e00000, 0x03e00000, 0x0f360000)
  from space 23168K, 100% used [0x10a00000, 0x120a0000, 0x120a0000)
  to   space 23168K,   0% used [0x0f360000, 0x0f360000, 0x10a00000)
 tenured generation   total 463976K, used 294492K [0x19350000, 0x3586a000, 0x43e00000)
   the space 463976K,  63% used [0x19350000, 0x2b2e7060, 0x2b2e7200, 0x3586a000)
 Metaspace       used 3548K, capacity 3598K, committed 3648K, reserved 4480K
}
Event: 8.161 GC heap before
{Heap before GC invocations=91 (full 7):
 def new generation   total 208896K, used 208896K [0x03e00000, 0x120a0000, 0x19350000)
  eden space 185728K, 100% used [0x03e00000, 0x0f360000, 0x0f360000)
  from space 23168K, 100% used [0x10a00000, 0x120a0000, 0x120a0000)
  to   space 23168K,   0% used [0x0f360000, 0x0f360000, 0x10a00000)
 tenured generation   total 463976K, used 294492K [0x19350000, 0x3586a000, 0x43e00000)
   the space 463976K,  63% used [0x19350000, 0x2b2e7060, 0x2b2e7200, 0x3586a000)
 Metaspace       used 3548K, capacity 3598K, committed 3648K, reserved 4480K
Event: 8.297 GC heap after
Heap after GC invocations=92 (full 7):
 def new generation   total 208896K, used 23167K [0x03e00000, 0x120a0000, 0x19350000)
  eden space 185728K,   0% used [0x03e00000, 0x03e00000, 0x0f360000)
  from space 23168K,  99% used [0x0f360000, 0x109ffff8, 0x10a00000)
  to   space 23168K,   0% used [0x10a00000, 0x10a00000, 0x120a0000)
 tenured generation   total 463976K, used 321810K [0x19350000, 0x3586a000, 0x43e00000)
   the space 463976K,  69% used [0x19350000, 0x2cd94b88, 0x2cd94c00, 0x3586a000)
 Metaspace       used 3548K, capacity 3598K, committed 3648K, reserved 4480K
}
Event: 8.614 GC heap before
{Heap before GC invocations=92 (full 7):
 def new generation   total 208896K, used 208895K [0x03e00000, 0x120a0000, 0x19350000)
  eden space 185728K, 100% used [0x03e00000, 0x0f360000, 0x0f360000)
  from space 23168K,  99% used [0x0f360000, 0x109ffff8, 0x10a00000)
  to   space 23168K,   0% used [0x10a00000, 0x10a00000, 0x120a0000)
 tenured generation   total 463976K, used 321810K [0x19350000, 0x3586a000, 0x43e00000)
   the space 463976K,  69% used [0x19350000, 0x2cd94b88, 0x2cd94c00, 0x3586a000)
 Metaspace       used 3548K, capacity 3598K, committed 3648K, reserved 4480K
Event: 8.738 GC heap after
Heap after GC invocations=93 (full 7):
 def new generation   total 208896K, used 23167K [0x03e00000, 0x120a0000, 0x19350000)
  eden space 185728K,   0% used [0x03e00000, 0x03e00000, 0x0f360000)
  from space 23168K,  99% used [0x10a00000, 0x1209fff8, 0x120a0000)
  to   space 23168K,   0% used [0x0f360000, 0x0f360000, 0x10a00000)
 tenured generation   total 463976K, used 348199K [0x19350000, 0x3586a000, 0x43e00000)
   the space 463976K,  75% used [0x19350000, 0x2e759c10, 0x2e759e00, 0x3586a000)
 Metaspace       used 3548K, capacity 3598K, committed 3648K, reserved 4480K
}
Event: 9.054 GC heap before
{Heap before GC invocations=93 (full 7):
 def new generation   total 208896K, used 208895K [0x03e00000, 0x120a0000, 0x19350000)
  eden space 185728K, 100% used [0x03e00000, 0x0f360000, 0x0f360000)
  from space 23168K,  99% used [0x10a00000, 0x1209fff8, 0x120a0000)
  to   space 23168K,   0% used [0x0f360000, 0x0f360000, 0x10a00000)
 tenured generation   total 463976K, used 348199K [0x19350000, 0x3586a000, 0x43e00000)
   the space 463976K,  75% used [0x19350000, 0x2e759c10, 0x2e759e00, 0x3586a000)
 Metaspace       used 3548K, capacity 3598K, committed 3648K, reserved 4480K
Event: 9.179 GC heap after
Heap after GC invocations=94 (full 7):
 def new generation   total 208896K, used 23168K [0x03e00000, 0x120a0000, 0x19350000)
  eden space 185728K,   0% used [0x03e00000, 0x03e00000, 0x0f360000)
  from space 23168K, 100% used [0x0f360000, 0x10a00000, 0x10a00000)
  to   space 23168K,   0% used [0x10a00000, 0x10a00000, 0x120a0000)
 tenured generation   total 463976K, used 375613K [0x19350000, 0x3586a000, 0x43e00000)
   the space 463976K,  80% used [0x19350000, 0x3021f790, 0x3021f800, 0x3586a000)
 Metaspace       used 3548K, capacity 3598K, committed 3648K, reserved 4480K
}
Event: 9.484 GC heap before
{Heap before GC invocations=94 (full 7):
 def new generation   total 208896K, used 208896K [0x03e00000, 0x120a0000, 0x19350000)
  eden space 185728K, 100% used [0x03e00000, 0x0f360000, 0x0f360000)
  from space 23168K, 100% used [0x0f360000, 0x10a00000, 0x10a00000)
  to   space 23168K,   0% used [0x10a00000, 0x10a00000, 0x120a0000)
 tenured generation   total 463976K, used 375613K [0x19350000, 0x3586a000, 0x43e00000)
   the space 463976K,  80% used [0x19350000, 0x3021f790, 0x3021f800, 0x3586a000)
 Metaspace       used 3548K, capacity 3598K, committed 3648K, reserved 4480K

