# JRE version: Java(TM) SE Runtime Environment (8.0_101-b13) (build 1.8.0_101-b13)
# Java VM: Java HotSpot(TM) Client VM (25.101-b13 mixed mode windows-x86 )
Heap:
 def new generation   total 115584K, used 80547K [0x03c00000, 0x0b960000, 0x19150000)
  eden space 102784K,  65% used [0x03c00000, 0x07e28fd0, 0x0a060000)
  from space 12800K, 100% used [0x0ace0000, 0x0b960000, 0x0b960000)
  to   space 12800K,   0% used [0x0a060000, 0x0a060000, 0x0ace0000)
 tenured generation   total 256716K, used 192012K [0x19150000, 0x28c03000, 0x43c00000)
   the space 256716K,  74% used [0x19150000, 0x24cd3170, 0x24cd3200, 0x28c03000)
 Metaspace       used 3666K, capacity 3726K, committed 3776K, reserved 4480K
GC Heap History (10 events):
Event: 3.854 GC heap before
{Heap before GC invocations=59 (full 5):
 def new generation   total 67136K, used 67136K [0x03c00000, 0x084d0000, 0x19150000)
  eden space 59712K, 100% used [0x03c00000, 0x07650000, 0x07650000)
  from space 7424K, 100% used [0x07650000, 0x07d90000, 0x07d90000)
  to   space 7424K,   0% used [0x07d90000, 0x07d90000, 0x084d0000)
 tenured generation   total 149036K, used 137523K [0x19150000, 0x222db000, 0x43c00000)
   the space 149036K,  92% used [0x19150000, 0x2179cd00, 0x2179ce00, 0x222db000)
 Metaspace       used 3547K, capacity 3598K, committed 3648K, reserved 4480K
Event: 3.894 GC heap after
Heap after GC invocations=60 (full 5):
 def new generation   total 67136K, used 7424K [0x03c00000, 0x084d0000, 0x19150000)
  eden space 59712K,   0% used [0x03c00000, 0x03c00000, 0x07650000)
  from space 7424K, 100% used [0x07d90000, 0x084d0000, 0x084d0000)
  to   space 7424K,   0% used [0x07650000, 0x07650000, 0x07d90000)
 tenured generation   total 149036K, used 146233K [0x19150000, 0x222db000, 0x43c00000)
   the space 149036K,  98% used [0x19150000, 0x2201e7a8, 0x2201e800, 0x222db000)
 Metaspace       used 3547K, capacity 3598K, committed 3648K, reserved 4480K
}
Event: 3.991 GC heap before
{Heap before GC invocations=60 (full 5):
 def new generation   total 67136K, used 67136K [0x03c00000, 0x084d0000, 0x19150000)
  eden space 59712K, 100% used [0x03c00000, 0x07650000, 0x07650000)
  from space 7424K, 100% used [0x07d90000, 0x084d0000, 0x084d0000)
  to   space 7424K,   0% used [0x07650000, 0x07650000, 0x07d90000)
 tenured generation   total 149036K, used 146233K [0x19150000, 0x222db000, 0x43c00000)
   the space 149036K,  98% used [0x19150000, 0x2201e7a8, 0x2201e800, 0x222db000)
 Metaspace       used 3547K, capacity 3598K, committed 3648K, reserved 4480K
Event: 4.389 GC heap after
Heap after GC invocations=61 (full 6):
 def new generation   total 115584K, used 7406K [0x03c00000, 0x0b960000, 0x19150000)
  eden space 102784K,   7% used [0x03c00000, 0x0433bb90, 0x0a060000)
  from space 12800K,   0% used [0x0a060000, 0x0a060000, 0x0ace0000)
  to   space 12800K,   0% used [0x0ace0000, 0x0ace0000, 0x0b960000)
 tenured generation   total 256716K, used 154028K [0x19150000, 0x28c03000, 0x43c00000)
   the space 256716K,  59% used [0x19150000, 0x227bb000, 0x227bb000, 0x28c03000)
 Metaspace       used 3547K, capacity 3598K, committed 3648K, reserved 4480K
}
Event: 4.562 GC heap before
{Heap before GC invocations=61 (full 6):
 def new generation   total 115584K, used 102784K [0x03c00000, 0x0b960000, 0x19150000)
  eden space 102784K, 100% used [0x03c00000, 0x0a060000, 0x0a060000)
  from space 12800K,   0% used [0x0a060000, 0x0a060000, 0x0ace0000)
  to   space 12800K,   0% used [0x0ace0000, 0x0ace0000, 0x0b960000)
 tenured generation   total 256716K, used 154028K [0x19150000, 0x28c03000, 0x43c00000)
   the space 256716K,  59% used [0x19150000, 0x227bb000, 0x227bb000, 0x28c03000)
 Metaspace       used 3547K, capacity 3598K, committed 3648K, reserved 4480K
Event: 4.694 GC heap after
Heap after GC invocations=62 (full 6):
 def new generation   total 115584K, used 12799K [0x03c00000, 0x0b960000, 0x19150000)
  eden space 102784K,   0% used [0x03c00000, 0x03c00000, 0x0a060000)
  from space 12800K,  99% used [0x0ace0000, 0x0b95fff8, 0x0b960000)
  to   space 12800K,   0% used [0x0a060000, 0x0a060000, 0x0ace0000)
 tenured generation   total 256716K, used 161997K [0x19150000, 0x28c03000, 0x43c00000)
   the space 256716K,  63% used [0x19150000, 0x22f83748, 0x22f83800, 0x28c03000)
 Metaspace       used 3547K, capacity 3598K, committed 3648K, reserved 4480K
}
Event: 4.858 GC heap before
{Heap before GC invocations=62 (full 6):
 def new generation   total 115584K, used 115583K [0x03c00000, 0x0b960000, 0x19150000)
  eden space 102784K, 100% used [0x03c00000, 0x0a060000, 0x0a060000)
  from space 12800K,  99% used [0x0ace0000, 0x0b95fff8, 0x0b960000)
  to   space 12800K,   0% used [0x0a060000, 0x0a060000, 0x0ace0000)
 tenured generation   total 256716K, used 161997K [0x19150000, 0x28c03000, 0x43c00000)
   the space 256716K,  63% used [0x19150000, 0x22f83748, 0x22f83800, 0x28c03000)
 Metaspace       used 3547K, capacity 3598K, committed 3648K, reserved 4480K
Event: 4.938 GC heap after
Heap after GC invocations=63 (full 6):
 def new generation   total 115584K, used 12800K [0x03c00000, 0x0b960000, 0x19150000)
  eden space 102784K,   0% used [0x03c00000, 0x03c00000, 0x0a060000)
  from space 12800K, 100% used [0x0a060000, 0x0ace0000, 0x0ace0000)
  to   space 12800K,   0% used [0x0ace0000, 0x0ace0000, 0x0b960000)
 tenured generation   total 256716K, used 177618K [0x19150000, 0x28c03000, 0x43c00000)
   the space 256716K,  69% used [0x19150000, 0x23ec4ac0, 0x23ec4c00, 0x28c03000)
 Metaspace       used 3547K, capacity 3598K, committed 3648K, reserved 4480K
}
Event: 5.689 GC heap before
{Heap before GC invocations=63 (full 6):
 def new generation   total 115584K, used 115584K [0x03c00000, 0x0b960000, 0x19150000)
  eden space 102784K, 100% used [0x03c00000, 0x0a060000, 0x0a060000)
  from space 12800K, 100% used [0x0a060000, 0x0ace0000, 0x0ace0000)
  to   space 12800K,   0% used [0x0ace0000, 0x0ace0000, 0x0b960000)
 tenured generation   total 256716K, used 177618K [0x19150000, 0x28c03000, 0x43c00000)
   the space 256716K,  69% used [0x19150000, 0x23ec4ac0, 0x23ec4c00, 0x28c03000)
 Metaspace       used 3639K, capacity 3694K, committed 3776K, reserved 4480K
Event: 5.770 GC heap after
Heap after GC invocations=64 (full 6):
 def new generation   total 115584K, used 12800K [0x03c00000, 0x0b960000, 0x19150000)
  eden space 102784K,   0% used [0x03c00000, 0x03c00000, 0x0a060000)
  from space 12800K, 100% used [0x0ace0000, 0x0b960000, 0x0b960000)
  to   space 12800K,   0% used [0x0a060000, 0x0a060000, 0x0ace0000)
 tenured generation   total 256716K, used 192012K [0x19150000, 0x28c03000, 0x43c00000)
   the space 256716K,  74% used [0x19150000, 0x24cd3170, 0x24cd3200, 0x28c03000)
 Metaspace       used 3639K, capacity 3694K, committed 3776K, reserved 4480K
}

