# JRE version: Java(TM) SE Runtime Environment (8.0_101-b13) (build 1.8.0_101-b13)
# Java VM: Java HotSpot(TM) Client VM (25.101-b13 mixed mode windows-x86 )
Heap:
 def new generation   total 39936K, used 4415K [0x03c00000, 0x06750000, 0x19150000)
  eden space 35520K,   0% used [0x03c00000, 0x03c00000, 0x05eb0000)
  from space 4416K,  99% used [0x06300000, 0x0674fff8, 0x06750000)
  to   space 4416K,   0% used [0x05eb0000, 0x05eb0000, 0x06300000)
 tenured generation   total 89504K, used 89458K [0x19150000, 0x1e8b8000, 0x43c00000)
   the space 89504K,  99% used [0x19150000, 0x1e8acb88, 0x1e8acc00, 0x1e8b8000)
 Metaspace       used 3546K, capacity 3598K, committed 3648K, reserved 4480K
GC Heap History (10 events):
Event: 2.075 GC heap after
Heap after GC invocations=47 (full 4):
 def new generation   total 39936K, used 1764K [0x03c00000, 0x06750000, 0x19150000)
  eden space 35520K,   0% used [0x03c00000, 0x03c00000, 0x05eb0000)
  from space 4416K,  39% used [0x05eb0000, 0x06069080, 0x06300000)
  to   space 4416K,   0% used [0x06300000, 0x06300000, 0x06750000)
 tenured generation   total 88608K, used 68084K [0x19150000, 0x1e7d8000, 0x43c00000)
   the space 88608K,  76% used [0x19150000, 0x1d3cd2a0, 0x1d3cd400, 0x1e7d8000)
 Metaspace       used 3546K, capacity 3598K, committed 3648K, reserved 4480K
}
Event: 2.121 GC heap before
{Heap before GC invocations=47 (full 4):
 def new generation   total 39936K, used 37284K [0x03c00000, 0x06750000, 0x19150000)
  eden space 35520K, 100% used [0x03c00000, 0x05eb0000, 0x05eb0000)
  from space 4416K,  39% used [0x05eb0000, 0x06069080, 0x06300000)
  to   space 4416K,   0% used [0x06300000, 0x06300000, 0x06750000)
 tenured generation   total 88608K, used 68084K [0x19150000, 0x1e7d8000, 0x43c00000)
   the space 88608K,  76% used [0x19150000, 0x1d3cd2a0, 0x1d3cd400, 0x1e7d8000)
 Metaspace       used 3546K, capacity 3598K, committed 3648K, reserved 4480K
Event: 2.136 GC heap after
Heap after GC invocations=48 (full 4):
 def new generation   total 39936K, used 4416K [0x03c00000, 0x06750000, 0x19150000)
  eden space 35520K,   0% used [0x03c00000, 0x03c00000, 0x05eb0000)
  from space 4416K, 100% used [0x06300000, 0x06750000, 0x06750000)
  to   space 4416K,   0% used [0x05eb0000, 0x05eb0000, 0x06300000)
 tenured generation   total 88608K, used 69571K [0x19150000, 0x1e7d8000, 0x43c00000)
   the space 88608K,  78% used [0x19150000, 0x1d540c80, 0x1d540e00, 0x1e7d8000)
 Metaspace       used 3546K, capacity 3598K, committed 3648K, reserved 4480K
}
Event: 2.194 GC heap before
{Heap before GC invocations=48 (full 4):
 def new generation   total 39936K, used 39936K [0x03c00000, 0x06750000, 0x19150000)
  eden space 35520K, 100% used [0x03c00000, 0x05eb0000, 0x05eb0000)
  from space 4416K, 100% used [0x06300000, 0x06750000, 0x06750000)
  to   space 4416K,   0% used [0x05eb0000, 0x05eb0000, 0x06300000)
 tenured generation   total 88608K, used 69571K [0x19150000, 0x1e7d8000, 0x43c00000)
   the space 88608K,  78% used [0x19150000, 0x1d540cb8, 0x1d540e00, 0x1e7d8000)
 Metaspace       used 3546K, capacity 3598K, committed 3648K, reserved 4480K
Event: 2.215 GC heap after
Heap after GC invocations=49 (full 4):
 def new generation   total 39936K, used 4416K [0x03c00000, 0x06750000, 0x19150000)
  eden space 35520K,   0% used [0x03c00000, 0x03c00000, 0x05eb0000)
  from space 4416K, 100% used [0x05eb0000, 0x06300000, 0x06300000)
  to   space 4416K,   0% used [0x06300000, 0x06300000, 0x06750000)
 tenured generation   total 88608K, used 74078K [0x19150000, 0x1e7d8000, 0x43c00000)
   the space 88608K,  83% used [0x19150000, 0x1d9a7898, 0x1d9a7a00, 0x1e7d8000)
 Metaspace       used 3546K, capacity 3598K, committed 3648K, reserved 4480K
}
Event: 2.287 GC heap before
{Heap before GC invocations=49 (full 4):
 def new generation   total 39936K, used 39936K [0x03c00000, 0x06750000, 0x19150000)
  eden space 35520K, 100% used [0x03c00000, 0x05eb0000, 0x05eb0000)
  from space 4416K, 100% used [0x05eb0000, 0x06300000, 0x06300000)
  to   space 4416K,   0% used [0x06300000, 0x06300000, 0x06750000)
 tenured generation   total 88608K, used 74078K [0x19150000, 0x1e7d8000, 0x43c00000)
   the space 88608K,  83% used [0x19150000, 0x1d9a7898, 0x1d9a7a00, 0x1e7d8000)
 Metaspace       used 3546K, capacity 3598K, committed 3648K, reserved 4480K
Event: 2.310 GC heap after
Heap after GC invocations=50 (full 4):
 def new generation   total 39936K, used 4415K [0x03c00000, 0x06750000, 0x19150000)
  eden space 35520K,   0% used [0x03c00000, 0x03c00000, 0x05eb0000)
  from space 4416K,  99% used [0x06300000, 0x0674fff8, 0x06750000)
  to   space 4416K,   0% used [0x05eb0000, 0x05eb0000, 0x06300000)
 tenured generation   total 88608K, used 78987K [0x19150000, 0x1e7d8000, 0x43c00000)
   the space 88608K,  89% used [0x19150000, 0x1de72ea0, 0x1de73000, 0x1e7d8000)
 Metaspace       used 3546K, capacity 3598K, committed 3648K, reserved 4480K
}
Event: 2.373 GC heap before
{Heap before GC invocations=50 (full 4):
 def new generation   total 39936K, used 39935K [0x03c00000, 0x06750000, 0x19150000)
  eden space 35520K, 100% used [0x03c00000, 0x05eb0000, 0x05eb0000)
  from space 4416K,  99% used [0x06300000, 0x0674fff8, 0x06750000)
  to   space 4416K,   0% used [0x05eb0000, 0x05eb0000, 0x06300000)
 tenured generation   total 88608K, used 78987K [0x19150000, 0x1e7d8000, 0x43c00000)
   the space 88608K,  89% used [0x19150000, 0x1de72ea0, 0x1de73000, 0x1e7d8000)
 Metaspace       used 3546K, capacity 3598K, committed 3648K, reserved 4480K
Event: 2.396 GC heap after
Heap after GC invocations=51 (full 4):
 def new generation   total 39936K, used 4415K [0x03c00000, 0x06750000, 0x19150000)
  eden space 35520K,   0% used [0x03c00000, 0x03c00000, 0x05eb0000)
  from space 4416K,  99% used [0x05eb0000, 0x062ffff8, 0x06300000)
  to   space 4416K,   0% used [0x06300000, 0x06300000, 0x06750000)
 tenured generation   total 88608K, used 83867K [0x19150000, 0x1e7d8000, 0x43c00000)
   the space 88608K,  94% used [0x19150000, 0x1e336fa8, 0x1e337000, 0x1e7d8000)
 Metaspace       used 3546K, capacity 3598K, committed 3648K, reserved 4480K
}
Event: 2.453 GC heap before
{Heap before GC invocations=51 (full 4):
 def new generation   total 39936K, used 39935K [0x03c00000, 0x06750000, 0x19150000)
  eden space 35520K, 100% used [0x03c00000, 0x05eb0000, 0x05eb0000)
  from space 4416K,  99% used [0x05eb0000, 0x062ffff8, 0x06300000)
  to   space 4416K,   0% used [0x06300000, 0x06300000, 0x06750000)
 tenured generation   total 88608K, used 83867K [0x19150000, 0x1e7d8000, 0x43c00000)
   the space 88608K,  94% used [0x19150000, 0x1e336fa8, 0x1e337000, 0x1e7d8000)
 Metaspace       used 3546K, capacity 3598K, committed 3648K, reserved 4480K

