# JRE version: Java(TM) SE Runtime Environment (8.0_101-b13) (build 1.8.0_101-b13)
# Java VM: Java HotSpot(TM) Client VM (25.101-b13 mixed mode windows-x86 )
Heap:
 def new generation   total 69120K, used 7680K [0x03e00000, 0x08900000, 0x19350000)
  eden space 61440K,   0% used [0x03e00000, 0x03e00000, 0x07a00000)
  from space 7680K, 100% used [0x08180000, 0x08900000, 0x08900000)
  to   space 7680K,   0% used [0x07a00000, 0x07a00000, 0x08180000)
 tenured generation   total 159400K, used 159342K [0x19350000, 0x22efa000, 0x43e00000)
   the space 159400K,  99% used [0x19350000, 0x22eeba00, 0x22eeba00, 0x22efa000)
 Metaspace       used 3545K, capacity 3598K, committed 3648K, reserved 4480K
GC Heap History (10 events):
Event: 3.727 GC heap after
Heap after GC invocations=58 (full 5):
 def new generation   total 69120K, used 7679K [0x03e00000, 0x08900000, 0x19350000)
  eden space 61440K,   0% used [0x03e00000, 0x03e00000, 0x07a00000)
  from space 7680K,  99% used [0x07a00000, 0x0817fff8, 0x08180000)
  to   space 7680K,   0% used [0x08180000, 0x08180000, 0x08900000)
 tenured generation   total 153512K, used 123941K [0x19350000, 0x2293a000, 0x43e00000)
   the space 153512K,  80% used [0x19350000, 0x20c59798, 0x20c59800, 0x2293a000)
 Metaspace       used 3545K, capacity 3598K, committed 3648K, reserved 4480K
}
Event: 3.827 GC heap before
{Heap before GC invocations=58 (full 5):
 def new generation   total 69120K, used 69119K [0x03e00000, 0x08900000, 0x19350000)
  eden space 61440K, 100% used [0x03e00000, 0x07a00000, 0x07a00000)
  from space 7680K,  99% used [0x07a00000, 0x0817fff8, 0x08180000)
  to   space 7680K,   0% used [0x08180000, 0x08180000, 0x08900000)
 tenured generation   total 153512K, used 123941K [0x19350000, 0x2293a000, 0x43e00000)
   the space 153512K,  80% used [0x19350000, 0x20c59798, 0x20c59800, 0x2293a000)
 Metaspace       used 3545K, capacity 3598K, committed 3648K, reserved 4480K
Event: 3.872 GC heap after
Heap after GC invocations=59 (full 5):
 def new generation   total 69120K, used 7680K [0x03e00000, 0x08900000, 0x19350000)
  eden space 61440K,   0% used [0x03e00000, 0x03e00000, 0x07a00000)
  from space 7680K, 100% used [0x08180000, 0x08900000, 0x08900000)
  to   space 7680K,   0% used [0x07a00000, 0x07a00000, 0x08180000)
 tenured generation   total 153512K, used 134099K [0x19350000, 0x2293a000, 0x43e00000)
   the space 153512K,  87% used [0x19350000, 0x21644ec8, 0x21645000, 0x2293a000)
 Metaspace       used 3545K, capacity 3598K, committed 3648K, reserved 4480K
}
Event: 4.015 GC heap before
{Heap before GC invocations=59 (full 5):
 def new generation   total 69120K, used 69120K [0x03e00000, 0x08900000, 0x19350000)
  eden space 61440K, 100% used [0x03e00000, 0x07a00000, 0x07a00000)
  from space 7680K, 100% used [0x08180000, 0x08900000, 0x08900000)
  to   space 7680K,   0% used [0x07a00000, 0x07a00000, 0x08180000)
 tenured generation   total 153512K, used 134099K [0x19350000, 0x2293a000, 0x43e00000)
   the space 153512K,  87% used [0x19350000, 0x21644ec8, 0x21645000, 0x2293a000)
 Metaspace       used 3545K, capacity 3598K, committed 3648K, reserved 4480K
Event: 4.055 GC heap after
Heap after GC invocations=60 (full 5):
 def new generation   total 69120K, used 7680K [0x03e00000, 0x08900000, 0x19350000)
  eden space 61440K,   0% used [0x03e00000, 0x03e00000, 0x07a00000)
  from space 7680K, 100% used [0x07a00000, 0x08180000, 0x08180000)
  to   space 7680K,   0% used [0x08180000, 0x08180000, 0x08900000)
 tenured generation   total 153512K, used 142169K [0x19350000, 0x2293a000, 0x43e00000)
   the space 153512K,  92% used [0x19350000, 0x21e26488, 0x21e26600, 0x2293a000)
 Metaspace       used 3545K, capacity 3598K, committed 3648K, reserved 4480K
}
Event: 4.166 GC heap before
{Heap before GC invocations=60 (full 5):
 def new generation   total 69120K, used 69120K [0x03e00000, 0x08900000, 0x19350000)
  eden space 61440K, 100% used [0x03e00000, 0x07a00000, 0x07a00000)
  from space 7680K, 100% used [0x07a00000, 0x08180000, 0x08180000)
  to   space 7680K,   0% used [0x08180000, 0x08180000, 0x08900000)
 tenured generation   total 153512K, used 142169K [0x19350000, 0x2293a000, 0x43e00000)
   the space 153512K,  92% used [0x19350000, 0x21e264b0, 0x21e26600, 0x2293a000)
 Metaspace       used 3545K, capacity 3598K, committed 3648K, reserved 4480K
Event: 4.212 GC heap after
Heap after GC invocations=61 (full 5):
 def new generation   total 69120K, used 7680K [0x03e00000, 0x08900000, 0x19350000)
  eden space 61440K,   0% used [0x03e00000, 0x03e00000, 0x07a00000)
  from space 7680K, 100% used [0x08180000, 0x08900000, 0x08900000)
  to   space 7680K,   0% used [0x07a00000, 0x07a00000, 0x08180000)
 tenured generation   total 153512K, used 151336K [0x19350000, 0x2293a000, 0x43e00000)
   the space 153512K,  98% used [0x19350000, 0x2271a000, 0x2271a000, 0x2293a000)
 Metaspace       used 3545K, capacity 3598K, committed 3648K, reserved 4480K
}
Event: 4.214 GC heap before
{Heap before GC invocations=61 (full 5):
 def new generation   total 69120K, used 8847K [0x03e00000, 0x08900000, 0x19350000)
  eden space 61440K,   1% used [0x03e00000, 0x03f23e20, 0x07a00000)
  from space 7680K, 100% used [0x08180000, 0x08900000, 0x08900000)
  to   space 7680K,   0% used [0x07a00000, 0x07a00000, 0x08180000)
 tenured generation   total 153512K, used 151336K [0x19350000, 0x2293a000, 0x43e00000)
   the space 153512K,  98% used [0x19350000, 0x2271a000, 0x2271a000, 0x2293a000)
 Metaspace       used 3545K, capacity 3598K, committed 3648K, reserved 4480K
Event: 4.233 GC heap after
Heap after GC invocations=62 (full 5):
 def new generation   total 69120K, used 298K [0x03e00000, 0x08900000, 0x19350000)
  eden space 61440K,   0% used [0x03e00000, 0x03e00000, 0x07a00000)
  from space 7680K,   3% used [0x07a00000, 0x07a4a9a0, 0x08180000)
  to   space 7680K,   0% used [0x08180000, 0x08180000, 0x08900000)
 tenured generation   total 158888K, used 158818K [0x19350000, 0x22e7a000, 0x43e00000)
   the space 158888K,  99% used [0x19350000, 0x22e68a68, 0x22e68c00, 0x22e7a000)
 Metaspace       used 3545K, capacity 3598K, committed 3648K, reserved 4480K
}
Event: 4.339 GC heap before
{Heap before GC invocations=62 (full 5):
 def new generation   total 69120K, used 61738K [0x03e00000, 0x08900000, 0x19350000)
  eden space 61440K, 100% used [0x03e00000, 0x07a00000, 0x07a00000)
  from space 7680K,   3% used [0x07a00000, 0x07a4a9a0, 0x08180000)
  to   space 7680K,   0% used [0x08180000, 0x08180000, 0x08900000)
 tenured generation   total 158888K, used 158818K [0x19350000, 0x22e7a000, 0x43e00000)
   the space 158888K,  99% used [0x19350000, 0x22e68a68, 0x22e68c00, 0x22e7a000)
 Metaspace       used 3545K, capacity 3598K, committed 3648K, reserved 4480K

