# JRE version: Java(TM) SE Runtime Environment (8.0_101-b13) (build 1.8.0_101-b13)
# Java VM: Java HotSpot(TM) Client VM (25.101-b13 mixed mode windows-x86 )
Heap:
 def new generation   total 198336K, used 198335K [0x03c00000, 0x11330000, 0x19150000)
  eden space 176320K, 100% used [0x03c00000, 0x0e830000, 0x0e830000)
  from space 22016K,  99% used [0x0fdb0000, 0x1132fff8, 0x11330000)
  to   space 22016K, 100% used [0x0e830000, 0x0fdb0000, 0x0fdb0000)
 tenured generation   total 440560K, used 414436K [0x19150000, 0x33f8c000, 0x43c00000)
   the space 440560K,  94% used [0x19150000, 0x32609398, 0x32609400, 0x33f8c000)
 Metaspace       used 3546K, capacity 3598K, committed 3648K, reserved 4480K
GC Heap History (10 events):
Event: 7.693 GC heap after
Heap after GC invocations=89 (full 7):
 def new generation   total 198336K, used 22016K [0x03c00000, 0x11330000, 0x19150000)
  eden space 176320K,   0% used [0x03c00000, 0x03c00000, 0x0e830000)
  from space 22016K, 100% used [0x0fdb0000, 0x11330000, 0x11330000)
  to   space 22016K,   0% used [0x0e830000, 0x0e830000, 0x0fdb0000)
 tenured generation   total 440560K, used 279697K [0x19150000, 0x33f8c000, 0x43c00000)
   the space 440560K,  63% used [0x19150000, 0x2a274658, 0x2a274800, 0x33f8c000)
 Metaspace       used 3546K, capacity 3598K, committed 3648K, reserved 4480K
}
Event: 7.968 GC heap before
{Heap before GC invocations=89 (full 7):
 def new generation   total 198336K, used 198336K [0x03c00000, 0x11330000, 0x19150000)
  eden space 176320K, 100% used [0x03c00000, 0x0e830000, 0x0e830000)
  from space 22016K, 100% used [0x0fdb0000, 0x11330000, 0x11330000)
  to   space 22016K,   0% used [0x0e830000, 0x0e830000, 0x0fdb0000)
 tenured generation   total 440560K, used 279697K [0x19150000, 0x33f8c000, 0x43c00000)
   the space 440560K,  63% used [0x19150000, 0x2a274658, 0x2a274800, 0x33f8c000)
 Metaspace       used 3546K, capacity 3598K, committed 3648K, reserved 4480K
Event: 8.111 GC heap after
Heap after GC invocations=90 (full 7):
 def new generation   total 198336K, used 22016K [0x03c00000, 0x11330000, 0x19150000)
  eden space 176320K,   0% used [0x03c00000, 0x03c00000, 0x0e830000)
  from space 22016K, 100% used [0x0e830000, 0x0fdb0000, 0x0fdb0000)
  to   space 22016K,   0% used [0x0fdb0000, 0x0fdb0000, 0x11330000)
 tenured generation   total 440560K, used 306777K [0x19150000, 0x33f8c000, 0x43c00000)
   the space 440560K,  69% used [0x19150000, 0x2bce6400, 0x2bce6400, 0x33f8c000)
 Metaspace       used 3546K, capacity 3598K, committed 3648K, reserved 4480K
}
Event: 8.397 GC heap before
{Heap before GC invocations=90 (full 7):
 def new generation   total 198336K, used 198336K [0x03c00000, 0x11330000, 0x19150000)
  eden space 176320K, 100% used [0x03c00000, 0x0e830000, 0x0e830000)
  from space 22016K, 100% used [0x0e830000, 0x0fdb0000, 0x0fdb0000)
  to   space 22016K,   0% used [0x0fdb0000, 0x0fdb0000, 0x11330000)
 tenured generation   total 440560K, used 306777K [0x19150000, 0x33f8c000, 0x43c00000)
   the space 440560K,  69% used [0x19150000, 0x2bce6400, 0x2bce6400, 0x33f8c000)
 Metaspace       used 3546K, capacity 3598K, committed 3648K, reserved 4480K
Event: 8.517 GC heap after
Heap after GC invocations=91 (full 7):
 def new generation   total 198336K, used 22016K [0x03c00000, 0x11330000, 0x19150000)
  eden space 176320K,   0% used [0x03c00000, 0x03c00000, 0x0e830000)
  from space 22016K, 100% used [0x0fdb0000, 0x11330000, 0x11330000)
  to   space 22016K,   0% used [0x0e830000, 0x0e830000, 0x0fdb0000)
 tenured generation   total 440560K, used 331553K [0x19150000, 0x33f8c000, 0x43c00000)
   the space 440560K,  75% used [0x19150000, 0x2d5185e0, 0x2d518600, 0x33f8c000)
 Metaspace       used 3546K, capacity 3598K, committed 3648K, reserved 4480K
}
Event: 8.803 GC heap before
{Heap before GC invocations=91 (full 7):
 def new generation   total 198336K, used 198336K [0x03c00000, 0x11330000, 0x19150000)
  eden space 176320K, 100% used [0x03c00000, 0x0e830000, 0x0e830000)
  from space 22016K, 100% used [0x0fdb0000, 0x11330000, 0x11330000)
  to   space 22016K,   0% used [0x0e830000, 0x0e830000, 0x0fdb0000)
 tenured generation   total 440560K, used 331553K [0x19150000, 0x33f8c000, 0x43c00000)
   the space 440560K,  75% used [0x19150000, 0x2d5185e0, 0x2d518600, 0x33f8c000)
 Metaspace       used 3546K, capacity 3598K, committed 3648K, reserved 4480K
Event: 8.924 GC heap after
Heap after GC invocations=92 (full 7):
 def new generation   total 198336K, used 22016K [0x03c00000, 0x11330000, 0x19150000)
  eden space 176320K,   0% used [0x03c00000, 0x03c00000, 0x0e830000)
  from space 22016K, 100% used [0x0e830000, 0x0fdb0000, 0x0fdb0000)
  to   space 22016K,   0% used [0x0fdb0000, 0x0fdb0000, 0x11330000)
 tenured generation   total 440560K, used 357220K [0x19150000, 0x33f8c000, 0x43c00000)
   the space 440560K,  81% used [0x19150000, 0x2ee292b8, 0x2ee29400, 0x33f8c000)
 Metaspace       used 3546K, capacity 3598K, committed 3648K, reserved 4480K
}
Event: 9.233 GC heap before
{Heap before GC invocations=92 (full 7):
 def new generation   total 198336K, used 198336K [0x03c00000, 0x11330000, 0x19150000)
  eden space 176320K, 100% used [0x03c00000, 0x0e830000, 0x0e830000)
  from space 22016K, 100% used [0x0e830000, 0x0fdb0000, 0x0fdb0000)
  to   space 22016K,   0% used [0x0fdb0000, 0x0fdb0000, 0x11330000)
 tenured generation   total 440560K, used 357220K [0x19150000, 0x33f8c000, 0x43c00000)
   the space 440560K,  81% used [0x19150000, 0x2ee292b8, 0x2ee29400, 0x33f8c000)
 Metaspace       used 3546K, capacity 3598K, committed 3648K, reserved 4480K
Event: 9.355 GC heap after
Heap after GC invocations=93 (full 7):
 def new generation   total 198336K, used 22015K [0x03c00000, 0x11330000, 0x19150000)
  eden space 176320K,   0% used [0x03c00000, 0x03c00000, 0x0e830000)
  from space 22016K,  99% used [0x0fdb0000, 0x1132fff8, 0x11330000)
  to   space 22016K,   0% used [0x0e830000, 0x0e830000, 0x0fdb0000)
 tenured generation   total 440560K, used 382809K [0x19150000, 0x33f8c000, 0x43c00000)
   the space 440560K,  86% used [0x19150000, 0x30726440, 0x30726600, 0x33f8c000)
 Metaspace       used 3546K, capacity 3598K, committed 3648K, reserved 4480K
}
Event: 9.632 GC heap before
{Heap before GC invocations=93 (full 7):
 def new generation   total 198336K, used 198335K [0x03c00000, 0x11330000, 0x19150000)
  eden space 176320K, 100% used [0x03c00000, 0x0e830000, 0x0e830000)
  from space 22016K,  99% used [0x0fdb0000, 0x1132fff8, 0x11330000)
  to   space 22016K,   0% used [0x0e830000, 0x0e830000, 0x0fdb0000)
 tenured generation   total 440560K, used 382809K [0x19150000, 0x33f8c000, 0x43c00000)
   the space 440560K,  86% used [0x19150000, 0x30726440, 0x30726600, 0x33f8c000)
 Metaspace       used 3546K, capacity 3598K, committed 3648K, reserved 4480K

