# JRE version: Java(TM) SE Runtime Environment (8.0_101-b13) (build 1.8.0_101-b13)
# Java VM: Java HotSpot(TM) Client VM (25.101-b13 mixed mode windows-x86 )
Heap:
 def new generation   total 314560K, used 279616K [0x03c00000, 0x19150000, 0x19150000)
  eden space 279616K, 100% used [0x03c00000, 0x14d10000, 0x14d10000)
  from space 34944K,   0% used [0x14d10000, 0x14d10000, 0x16f30000)
  to   space 34944K,   1% used [0x16f30000, 0x16fadbd8, 0x19150000)
 tenured generation   total 699072K, used 502727K [0x19150000, 0x43c00000, 0x43c00000)
   the space 699072K,  71% used [0x19150000, 0x37c41ff8, 0x37c42000, 0x43c00000)
 Metaspace       used 3547K, capacity 3598K, committed 3648K, reserved 4480K
GC Heap History (10 events):
Event: 9.501 GC heap after
Heap after GC invocations=94 (full 7):
 def new generation   total 219968K, used 24384K [0x03c00000, 0x12aa0000, 0x19150000)
  eden space 195584K,   0% used [0x03c00000, 0x03c00000, 0x0fb00000)
  from space 24384K, 100% used [0x0fb00000, 0x112d0000, 0x112d0000)
  to   space 24384K,   0% used [0x112d0000, 0x112d0000, 0x12aa0000)
 tenured generation   total 488648K, used 394115K [0x19150000, 0x36e82000, 0x43c00000)
   the space 488648K,  80% used [0x19150000, 0x31230f30, 0x31231000, 0x36e82000)
 Metaspace       used 3547K, capacity 3598K, committed 3648K, reserved 4480K
}
Event: 9.828 GC heap before
{Heap before GC invocations=94 (full 7):
 def new generation   total 219968K, used 219968K [0x03c00000, 0x12aa0000, 0x19150000)
  eden space 195584K, 100% used [0x03c00000, 0x0fb00000, 0x0fb00000)
  from space 24384K, 100% used [0x0fb00000, 0x112d0000, 0x112d0000)
  to   space 24384K,   0% used [0x112d0000, 0x112d0000, 0x12aa0000)
 tenured generation   total 488648K, used 394115K [0x19150000, 0x36e82000, 0x43c00000)
   the space 488648K,  80% used [0x19150000, 0x31230f30, 0x31231000, 0x36e82000)
 Metaspace       used 3547K, capacity 3598K, committed 3648K, reserved 4480K
Event: 9.950 GC heap after
Heap after GC invocations=95 (full 7):
 def new generation   total 219968K, used 24383K [0x03c00000, 0x12aa0000, 0x19150000)
  eden space 195584K,   0% used [0x03c00000, 0x03c00000, 0x0fb00000)
  from space 24384K,  99% used [0x112d0000, 0x12a9fff8, 0x12aa0000)
  to   space 24384K,   0% used [0x0fb00000, 0x0fb00000, 0x112d0000)
 tenured generation   total 488648K, used 421062K [0x19150000, 0x36e82000, 0x43c00000)
   the space 488648K,  86% used [0x19150000, 0x32c81a68, 0x32c81c00, 0x36e82000)
 Metaspace       used 3547K, capacity 3598K, committed 3648K, reserved 4480K
}
Event: 10.252 GC heap before
{Heap before GC invocations=95 (full 7):
 def new generation   total 219968K, used 219967K [0x03c00000, 0x12aa0000, 0x19150000)
  eden space 195584K, 100% used [0x03c00000, 0x0fb00000, 0x0fb00000)
  from space 24384K,  99% used [0x112d0000, 0x12a9fff8, 0x12aa0000)
  to   space 24384K,   0% used [0x0fb00000, 0x0fb00000, 0x112d0000)
 tenured generation   total 488648K, used 421062K [0x19150000, 0x36e82000, 0x43c00000)
   the space 488648K,  86% used [0x19150000, 0x32c81a68, 0x32c81c00, 0x36e82000)
 Metaspace       used 3547K, capacity 3598K, committed 3648K, reserved 4480K
Event: 10.372 GC heap after
Heap after GC invocations=96 (full 7):
 def new generation   total 219968K, used 24384K [0x03c00000, 0x12aa0000, 0x19150000)
  eden space 195584K,   0% used [0x03c00000, 0x03c00000, 0x0fb00000)
  from space 24384K, 100% used [0x0fb00000, 0x112d0000, 0x112d0000)
  to   space 24384K,   0% used [0x112d0000, 0x112d0000, 0x12aa0000)
 tenured generation   total 488648K, used 447972K [0x19150000, 0x36e82000, 0x43c00000)
   the space 488648K,  91% used [0x19150000, 0x346c90e0, 0x346c9200, 0x36e82000)
 Metaspace       used 3547K, capacity 3598K, committed 3648K, reserved 4480K
}
Event: 10.699 GC heap before
{Heap before GC invocations=96 (full 7):
 def new generation   total 219968K, used 219968K [0x03c00000, 0x12aa0000, 0x19150000)
  eden space 195584K, 100% used [0x03c00000, 0x0fb00000, 0x0fb00000)
  from space 24384K, 100% used [0x0fb00000, 0x112d0000, 0x112d0000)
  to   space 24384K,   0% used [0x112d0000, 0x112d0000, 0x12aa0000)
 tenured generation   total 488648K, used 447972K [0x19150000, 0x36e82000, 0x43c00000)
   the space 488648K,  91% used [0x19150000, 0x346c90f8, 0x346c9200, 0x36e82000)
 Metaspace       used 3547K, capacity 3598K, committed 3648K, reserved 4480K
Event: 10.820 GC heap after
Heap after GC invocations=97 (full 7):
 def new generation   total 219968K, used 24384K [0x03c00000, 0x12aa0000, 0x19150000)
  eden space 195584K,   0% used [0x03c00000, 0x03c00000, 0x0fb00000)
  from space 24384K, 100% used [0x112d0000, 0x12aa0000, 0x12aa0000)
  to   space 24384K,   0% used [0x0fb00000, 0x0fb00000, 0x112d0000)
 tenured generation   total 488648K, used 474204K [0x19150000, 0x36e82000, 0x43c00000)
   the space 488648K,  97% used [0x19150000, 0x36067060, 0x36067200, 0x36e82000)
 Metaspace       used 3547K, capacity 3598K, committed 3648K, reserved 4480K
}
Event: 11.163 GC heap before
{Heap before GC invocations=97 (full 7):
 def new generation   total 219968K, used 219968K [0x03c00000, 0x12aa0000, 0x19150000)
  eden space 195584K, 100% used [0x03c00000, 0x0fb00000, 0x0fb00000)
  from space 24384K, 100% used [0x112d0000, 0x12aa0000, 0x12aa0000)
  to   space 24384K,   0% used [0x0fb00000, 0x0fb00000, 0x112d0000)
 tenured generation   total 488648K, used 474204K [0x19150000, 0x36e82000, 0x43c00000)
   the space 488648K,  97% used [0x19150000, 0x36067060, 0x36067200, 0x36e82000)
 Metaspace       used 3547K, capacity 3598K, committed 3648K, reserved 4480K
Event: 12.760 GC heap after
Heap after GC invocations=98 (full 8):
 def new generation   total 314560K, used 5174K [0x03c00000, 0x19150000, 0x19150000)
  eden space 279616K,   1% used [0x03c00000, 0x0410d8e0, 0x14d10000)
  from space 34944K,   0% used [0x14d10000, 0x14d10000, 0x16f30000)
  to   space 34944K,   0% used [0x16f30000, 0x16f30000, 0x19150000)
 tenured generation   total 699072K, used 502727K [0x19150000, 0x43c00000, 0x43c00000)
   the space 699072K,  71% used [0x19150000, 0x37c41ff8, 0x37c42000, 0x43c00000)
 Metaspace       used 3547K, capacity 3598K, committed 3648K, reserved 4480K
}
Event: 14.607 GC heap before
{Heap before GC invocations=98 (full 8):
 def new generation   total 314560K, used 279616K [0x03c00000, 0x19150000, 0x19150000)
  eden space 279616K, 100% used [0x03c00000, 0x14d10000, 0x14d10000)
  from space 34944K,   0% used [0x14d10000, 0x14d10000, 0x16f30000)
  to   space 34944K,   0% used [0x16f30000, 0x16f30000, 0x19150000)
 tenured generation   total 699072K, used 502727K [0x19150000, 0x43c00000, 0x43c00000)
   the space 699072K,  71% used [0x19150000, 0x37c41ff8, 0x37c42000, 0x43c00000)
 Metaspace       used 3547K, capacity 3598K, committed 3648K, reserved 4480K

