# JRE version: Java(TM) SE Runtime Environment (8.0_101-b13) (build 1.8.0_101-b13)
# Java VM: Java HotSpot(TM) Client VM (25.101-b13 mixed mode windows-x86 )
Heap:
 def new generation   total 218048K, used 24191K [0x03e00000, 0x12a90000, 0x19350000)
  eden space 193856K,   0% used [0x03e00000, 0x03e00000, 0x0fb50000)
  from space 24192K,  99% used [0x0fb50000, 0x112efff8, 0x112f0000)
  to   space 24192K,   0% used [0x112f0000, 0x112f0000, 0x12a90000)
 tenured generation   total 501008K, used 500943K [0x19350000, 0x37c94000, 0x43e00000)
   the space 501008K,  99% used [0x19350000, 0x37c83f60, 0x37c84000, 0x37c94000)
 Metaspace       used 3547K, capacity 3598K, committed 3648K, reserved 4480K
GC Heap History (10 events):
Event: 9.026 GC heap after
Heap after GC invocations=93 (full 7):
 def new generation   total 218048K, used 24192K [0x03e00000, 0x12a90000, 0x19350000)
  eden space 193856K,   0% used [0x03e00000, 0x03e00000, 0x0fb50000)
  from space 24192K, 100% used [0x112f0000, 0x12a90000, 0x12a90000)
  to   space 24192K,   0% used [0x0fb50000, 0x0fb50000, 0x112f0000)
 tenured generation   total 484368K, used 363196K [0x19350000, 0x36c54000, 0x43e00000)
   the space 484368K,  74% used [0x19350000, 0x2f5ff048, 0x2f5ff200, 0x36c54000)
 Metaspace       used 3547K, capacity 3598K, committed 3648K, reserved 4480K
}
Event: 9.346 GC heap before
{Heap before GC invocations=93 (full 7):
 def new generation   total 218048K, used 218048K [0x03e00000, 0x12a90000, 0x19350000)
  eden space 193856K, 100% used [0x03e00000, 0x0fb50000, 0x0fb50000)
  from space 24192K, 100% used [0x112f0000, 0x12a90000, 0x12a90000)
  to   space 24192K,   0% used [0x0fb50000, 0x0fb50000, 0x112f0000)
 tenured generation   total 484368K, used 363196K [0x19350000, 0x36c54000, 0x43e00000)
   the space 484368K,  74% used [0x19350000, 0x2f5ff048, 0x2f5ff200, 0x36c54000)
 Metaspace       used 3547K, capacity 3598K, committed 3648K, reserved 4480K
Event: 9.482 GC heap after
Heap after GC invocations=94 (full 7):
 def new generation   total 218048K, used 24192K [0x03e00000, 0x12a90000, 0x19350000)
  eden space 193856K,   0% used [0x03e00000, 0x03e00000, 0x0fb50000)
  from space 24192K, 100% used [0x0fb50000, 0x112f0000, 0x112f0000)
  to   space 24192K,   0% used [0x112f0000, 0x112f0000, 0x12a90000)
 tenured generation   total 484368K, used 391477K [0x19350000, 0x36c54000, 0x43e00000)
   the space 484368K,  80% used [0x19350000, 0x3119d690, 0x3119d800, 0x36c54000)
 Metaspace       used 3547K, capacity 3598K, committed 3648K, reserved 4480K
}
Event: 9.778 GC heap before
{Heap before GC invocations=94 (full 7):
 def new generation   total 218048K, used 218048K [0x03e00000, 0x12a90000, 0x19350000)
  eden space 193856K, 100% used [0x03e00000, 0x0fb50000, 0x0fb50000)
  from space 24192K, 100% used [0x0fb50000, 0x112f0000, 0x112f0000)
  to   space 24192K,   0% used [0x112f0000, 0x112f0000, 0x12a90000)
 tenured generation   total 484368K, used 391477K [0x19350000, 0x36c54000, 0x43e00000)
   the space 484368K,  80% used [0x19350000, 0x3119d690, 0x3119d800, 0x36c54000)
 Metaspace       used 3547K, capacity 3598K, committed 3648K, reserved 4480K
Event: 9.901 GC heap after
Heap after GC invocations=95 (full 7):
 def new generation   total 218048K, used 24191K [0x03e00000, 0x12a90000, 0x19350000)
  eden space 193856K,   0% used [0x03e00000, 0x03e00000, 0x0fb50000)
  from space 24192K,  99% used [0x112f0000, 0x12a8fff8, 0x12a90000)
  to   space 24192K,   0% used [0x0fb50000, 0x0fb50000, 0x112f0000)
 tenured generation   total 484368K, used 418172K [0x19350000, 0x36c54000, 0x43e00000)
   the space 484368K,  86% used [0x19350000, 0x32baf1d8, 0x32baf200, 0x36c54000)
 Metaspace       used 3547K, capacity 3598K, committed 3648K, reserved 4480K
}
Event: 10.204 GC heap before
{Heap before GC invocations=95 (full 7):
 def new generation   total 218048K, used 218047K [0x03e00000, 0x12a90000, 0x19350000)
  eden space 193856K, 100% used [0x03e00000, 0x0fb50000, 0x0fb50000)
  from space 24192K,  99% used [0x112f0000, 0x12a8fff8, 0x12a90000)
  to   space 24192K,   0% used [0x0fb50000, 0x0fb50000, 0x112f0000)
 tenured generation   total 484368K, used 418172K [0x19350000, 0x36c54000, 0x43e00000)
   the space 484368K,  86% used [0x19350000, 0x32baf1d8, 0x32baf200, 0x36c54000)
 Metaspace       used 3547K, capacity 3598K, committed 3648K, reserved 4480K
Event: 10.335 GC heap after
Heap after GC invocations=96 (full 7):
 def new generation   total 218048K, used 24192K [0x03e00000, 0x12a90000, 0x19350000)
  eden space 193856K,   0% used [0x03e00000, 0x03e00000, 0x0fb50000)
  from space 24192K, 100% used [0x0fb50000, 0x112f0000, 0x112f0000)
  to   space 24192K,   0% used [0x112f0000, 0x112f0000, 0x12a90000)
 tenured generation   total 484368K, used 445798K [0x19350000, 0x36c54000, 0x43e00000)
   the space 484368K,  92% used [0x19350000, 0x346a9a28, 0x346a9c00, 0x36c54000)
 Metaspace       used 3547K, capacity 3598K, committed 3648K, reserved 4480K
}
Event: 10.659 GC heap before
{Heap before GC invocations=96 (full 7):
 def new generation   total 218048K, used 218048K [0x03e00000, 0x12a90000, 0x19350000)
  eden space 193856K, 100% used [0x03e00000, 0x0fb50000, 0x0fb50000)
  from space 24192K, 100% used [0x0fb50000, 0x112f0000, 0x112f0000)
  to   space 24192K,   0% used [0x112f0000, 0x112f0000, 0x12a90000)
 tenured generation   total 484368K, used 445798K [0x19350000, 0x36c54000, 0x43e00000)
   the space 484368K,  92% used [0x19350000, 0x346a9a28, 0x346a9c00, 0x36c54000)
 Metaspace       used 3547K, capacity 3598K, committed 3648K, reserved 4480K
Event: 10.781 GC heap after
Heap after GC invocations=97 (full 7):
 def new generation   total 218048K, used 24192K [0x03e00000, 0x12a90000, 0x19350000)
  eden space 193856K,   0% used [0x03e00000, 0x03e00000, 0x0fb50000)
  from space 24192K, 100% used [0x112f0000, 0x12a90000, 0x12a90000)
  to   space 24192K,   0% used [0x0fb50000, 0x0fb50000, 0x112f0000)
 tenured generation   total 484368K, used 469950K [0x19350000, 0x36c54000, 0x43e00000)
   the space 484368K,  97% used [0x19350000, 0x35e3f8f8, 0x35e3fa00, 0x36c54000)
 Metaspace       used 3547K, capacity 3598K, committed 3648K, reserved 4480K
}
Event: 11.099 GC heap before
{Heap before GC invocations=97 (full 7):
 def new generation   total 218048K, used 218048K [0x03e00000, 0x12a90000, 0x19350000)
  eden space 193856K, 100% used [0x03e00000, 0x0fb50000, 0x0fb50000)
  from space 24192K, 100% used [0x112f0000, 0x12a90000, 0x12a90000)
  to   space 24192K,   0% used [0x0fb50000, 0x0fb50000, 0x112f0000)
 tenured generation   total 484368K, used 469950K [0x19350000, 0x36c54000, 0x43e00000)
   the space 484368K,  97% used [0x19350000, 0x35e3f8f8, 0x35e3fa00, 0x36c54000)
 Metaspace       used 3547K, capacity 3598K, committed 3648K, reserved 4480K

