# JRE version: Java(TM) SE Runtime Environment (8.0_101-b13) (build 1.8.0_101-b13)
# Java VM: Java HotSpot(TM) Client VM (25.101-b13 mixed mode windows-x86 )
Heap:
 def new generation   total 13760K, used 1472K [0x03e00000, 0x04ce0000, 0x19350000)
  eden space 12288K,   0% used [0x03e00000, 0x03e00000, 0x04a00000)
  from space 1472K, 100% used [0x04a00000, 0x04b70000, 0x04b70000)
  to   space 1472K,   0% used [0x04b70000, 0x04b70000, 0x04ce0000)
 tenured generation   total 32056K, used 31985K [0x19350000, 0x1b29e000, 0x43e00000)
   the space 32056K,  99% used [0x19350000, 0x1b28c490, 0x1b28c600, 0x1b29e000)
 Metaspace       used 3551K, capacity 3598K, committed 3648K, reserved 4480K
GC Heap History (10 events):
Event: 1.071 GC heap after
Heap after GC invocations=30 (full 2):
 def new generation   total 13760K, used 1471K [0x03e00000, 0x04ce0000, 0x19350000)
  eden space 12288K,   0% used [0x03e00000, 0x03e00000, 0x04a00000)
  from space 1472K,  99% used [0x04b70000, 0x04cdfff8, 0x04ce0000)
  to   space 1472K,   0% used [0x04a00000, 0x04a00000, 0x04b70000)
 tenured generation   total 30392K, used 22097K [0x19350000, 0x1b0fe000, 0x43e00000)
   the space 30392K,  72% used [0x19350000, 0x1a8e4430, 0x1a8e4600, 0x1b0fe000)
 Metaspace       used 3547K, capacity 3598K, committed 3648K, reserved 4480K
}
Event: 1.104 GC heap before
{Heap before GC invocations=30 (full 2):
 def new generation   total 13760K, used 13759K [0x03e00000, 0x04ce0000, 0x19350000)
  eden space 12288K, 100% used [0x03e00000, 0x04a00000, 0x04a00000)
  from space 1472K,  99% used [0x04b70000, 0x04cdfff8, 0x04ce0000)
  to   space 1472K,   0% used [0x04a00000, 0x04a00000, 0x04b70000)
 tenured generation   total 30392K, used 22097K [0x19350000, 0x1b0fe000, 0x43e00000)
   the space 30392K,  72% used [0x19350000, 0x1a8e4430, 0x1a8e4600, 0x1b0fe000)
 Metaspace       used 3547K, capacity 3598K, committed 3648K, reserved 4480K
Event: 1.114 GC heap after
Heap after GC invocations=31 (full 2):
 def new generation   total 13760K, used 1471K [0x03e00000, 0x04ce0000, 0x19350000)
  eden space 12288K,   0% used [0x03e00000, 0x03e00000, 0x04a00000)
  from space 1472K,  99% used [0x04a00000, 0x04b6fff8, 0x04b70000)
  to   space 1472K,   0% used [0x04b70000, 0x04b70000, 0x04ce0000)
 tenured generation   total 30392K, used 24148K [0x19350000, 0x1b0fe000, 0x43e00000)
   the space 30392K,  79% used [0x19350000, 0x1aae53f0, 0x1aae5400, 0x1b0fe000)
 Metaspace       used 3547K, capacity 3598K, committed 3648K, reserved 4480K
}
Event: 1.137 GC heap before
{Heap before GC invocations=31 (full 2):
 def new generation   total 13760K, used 13759K [0x03e00000, 0x04ce0000, 0x19350000)
  eden space 12288K, 100% used [0x03e00000, 0x04a00000, 0x04a00000)
  from space 1472K,  99% used [0x04a00000, 0x04b6fff8, 0x04b70000)
  to   space 1472K,   0% used [0x04b70000, 0x04b70000, 0x04ce0000)
 tenured generation   total 30392K, used 24148K [0x19350000, 0x1b0fe000, 0x43e00000)
   the space 30392K,  79% used [0x19350000, 0x1aae53f0, 0x1aae5400, 0x1b0fe000)
 Metaspace       used 3547K, capacity 3598K, committed 3648K, reserved 4480K
Event: 1.149 GC heap after
Heap after GC invocations=32 (full 2):
 def new generation   total 13760K, used 1472K [0x03e00000, 0x04ce0000, 0x19350000)
  eden space 12288K,   0% used [0x03e00000, 0x03e00000, 0x04a00000)
  from space 1472K, 100% used [0x04b70000, 0x04ce0000, 0x04ce0000)
  to   space 1472K,   0% used [0x04a00000, 0x04a00000, 0x04b70000)
 tenured generation   total 30392K, used 26024K [0x19350000, 0x1b0fe000, 0x43e00000)
   the space 30392K,  85% used [0x19350000, 0x1acba240, 0x1acba400, 0x1b0fe000)
 Metaspace       used 3547K, capacity 3598K, committed 3648K, reserved 4480K
}
Event: 1.185 GC heap before
{Heap before GC invocations=32 (full 2):
 def new generation   total 13760K, used 13760K [0x03e00000, 0x04ce0000, 0x19350000)
  eden space 12288K, 100% used [0x03e00000, 0x04a00000, 0x04a00000)
  from space 1472K, 100% used [0x04b70000, 0x04ce0000, 0x04ce0000)
  to   space 1472K,   0% used [0x04a00000, 0x04a00000, 0x04b70000)
 tenured generation   total 30392K, used 26024K [0x19350000, 0x1b0fe000, 0x43e00000)
   the space 30392K,  85% used [0x19350000, 0x1acba240, 0x1acba400, 0x1b0fe000)
 Metaspace       used 3547K, capacity 3598K, committed 3648K, reserved 4480K
Event: 1.198 GC heap after
Heap after GC invocations=33 (full 2):
 def new generation   total 13760K, used 1471K [0x03e00000, 0x04ce0000, 0x19350000)
  eden space 12288K,   0% used [0x03e00000, 0x03e00000, 0x04a00000)
  from space 1472K,  99% used [0x04a00000, 0x04b6fff8, 0x04b70000)
  to   space 1472K,   0% used [0x04b70000, 0x04b70000, 0x04ce0000)
 tenured generation   total 30392K, used 27912K [0x19350000, 0x1b0fe000, 0x43e00000)
   the space 30392K,  91% used [0x19350000, 0x1ae92318, 0x1ae92400, 0x1b0fe000)
 Metaspace       used 3547K, capacity 3598K, committed 3648K, reserved 4480K
}
Event: 1.226 GC heap before
{Heap before GC invocations=33 (full 2):
 def new generation   total 13760K, used 13759K [0x03e00000, 0x04ce0000, 0x19350000)
  eden space 12288K, 100% used [0x03e00000, 0x04a00000, 0x04a00000)
  from space 1472K,  99% used [0x04a00000, 0x04b6fff8, 0x04b70000)
  to   space 1472K,   0% used [0x04b70000, 0x04b70000, 0x04ce0000)
 tenured generation   total 30392K, used 27912K [0x19350000, 0x1b0fe000, 0x43e00000)
   the space 30392K,  91% used [0x19350000, 0x1ae92318, 0x1ae92400, 0x1b0fe000)
 Metaspace       used 3547K, capacity 3598K, committed 3648K, reserved 4480K
Event: 1.239 GC heap after
Heap after GC invocations=34 (full 2):
 def new generation   total 13760K, used 1472K [0x03e00000, 0x04ce0000, 0x19350000)
  eden space 12288K,   0% used [0x03e00000, 0x03e00000, 0x04a00000)
  from space 1472K, 100% used [0x04b70000, 0x04ce0000, 0x04ce0000)
  to   space 1472K,   0% used [0x04a00000, 0x04a00000, 0x04b70000)
 tenured generation   total 30392K, used 30063K [0x19350000, 0x1b0fe000, 0x43e00000)
   the space 30392K,  98% used [0x19350000, 0x1b0abdd0, 0x1b0abe00, 0x1b0fe000)
 Metaspace       used 3547K, capacity 3598K, committed 3648K, reserved 4480K
}
Event: 1.275 GC heap before
{Heap before GC invocations=34 (full 2):
 def new generation   total 13760K, used 13760K [0x03e00000, 0x04ce0000, 0x19350000)
  eden space 12288K, 100% used [0x03e00000, 0x04a00000, 0x04a00000)
  from space 1472K, 100% used [0x04b70000, 0x04ce0000, 0x04ce0000)
  to   space 1472K,   0% used [0x04a00000, 0x04a00000, 0x04b70000)
 tenured generation   total 30392K, used 30063K [0x19350000, 0x1b0fe000, 0x43e00000)
   the space 30392K,  98% used [0x19350000, 0x1b0abdd0, 0x1b0abe00, 0x1b0fe000)
 Metaspace       used 3551K, capacity 3598K, committed 3648K, reserved 4480K

