# JRE version: Java(TM) SE Runtime Environment (8.0_101-b13) (build 1.8.0_101-b13)
# Java VM: Java HotSpot(TM) Client VM (25.101-b13 mixed mode windows-x86 )
Heap:
 def new generation   total 68224K, used 7552K [0x03c00000, 0x08600000, 0x19150000)
  eden space 60672K,   0% used [0x03c00000, 0x03c00000, 0x07740000)
  from space 7552K, 100% used [0x07ea0000, 0x08600000, 0x08600000)
  to   space 7552K,   0% used [0x07740000, 0x07740000, 0x07ea0000)
 tenured generation   total 158392K, used 158279K [0x19150000, 0x22bfe000, 0x43c00000)
   the space 158392K,  99% used [0x19150000, 0x22be1e80, 0x22be2000, 0x22bfe000)
 Metaspace       used 3544K, capacity 3566K, committed 3648K, reserved 4480K
GC Heap History (10 events):
Event: 3.524 GC heap after
Heap after GC invocations=77 (full 5):
 def new generation   total 68224K, used 7552K [0x03c00000, 0x08600000, 0x19150000)
  eden space 60672K,   0% used [0x03c00000, 0x03c00000, 0x07740000)
  from space 7552K, 100% used [0x07740000, 0x07ea0000, 0x07ea0000)
  to   space 7552K,   0% used [0x07ea0000, 0x07ea0000, 0x08600000)
 tenured generation   total 151480K, used 117638K [0x19150000, 0x2253e000, 0x43c00000)
   the space 151480K,  77% used [0x19150000, 0x20431948, 0x20431a00, 0x2253e000)
 Metaspace       used 3544K, capacity 3566K, committed 3648K, reserved 4480K
}
Event: 3.645 GC heap before
{Heap before GC invocations=77 (full 5):
 def new generation   total 68224K, used 68224K [0x03c00000, 0x08600000, 0x19150000)
  eden space 60672K, 100% used [0x03c00000, 0x07740000, 0x07740000)
  from space 7552K, 100% used [0x07740000, 0x07ea0000, 0x07ea0000)
  to   space 7552K,   0% used [0x07ea0000, 0x07ea0000, 0x08600000)
 tenured generation   total 151480K, used 117638K [0x19150000, 0x2253e000, 0x43c00000)
   the space 151480K,  77% used [0x19150000, 0x20431948, 0x20431a00, 0x2253e000)
 Metaspace       used 3544K, capacity 3566K, committed 3648K, reserved 4480K
Event: 3.687 GC heap after
Heap after GC invocations=78 (full 5):
 def new generation   total 68224K, used 7552K [0x03c00000, 0x08600000, 0x19150000)
  eden space 60672K,   0% used [0x03c00000, 0x03c00000, 0x07740000)
  from space 7552K, 100% used [0x07ea0000, 0x08600000, 0x08600000)
  to   space 7552K,   0% used [0x07740000, 0x07740000, 0x07ea0000)
 tenured generation   total 151480K, used 127315K [0x19150000, 0x2253e000, 0x43c00000)
   the space 151480K,  84% used [0x19150000, 0x20da4c60, 0x20da4e00, 0x2253e000)
 Metaspace       used 3544K, capacity 3566K, committed 3648K, reserved 4480K
}
Event: 3.804 GC heap before
{Heap before GC invocations=78 (full 5):
 def new generation   total 68224K, used 68224K [0x03c00000, 0x08600000, 0x19150000)
  eden space 60672K, 100% used [0x03c00000, 0x07740000, 0x07740000)
  from space 7552K, 100% used [0x07ea0000, 0x08600000, 0x08600000)
  to   space 7552K,   0% used [0x07740000, 0x07740000, 0x07ea0000)
 tenured generation   total 151480K, used 127315K [0x19150000, 0x2253e000, 0x43c00000)
   the space 151480K,  84% used [0x19150000, 0x20da4c60, 0x20da4e00, 0x2253e000)
 Metaspace       used 3544K, capacity 3566K, committed 3648K, reserved 4480K
Event: 3.844 GC heap after
Heap after GC invocations=79 (full 5):
 def new generation   total 68224K, used 7551K [0x03c00000, 0x08600000, 0x19150000)
  eden space 60672K,   0% used [0x03c00000, 0x03c00000, 0x07740000)
  from space 7552K,  99% used [0x07740000, 0x07e9fff8, 0x07ea0000)
  to   space 7552K,   0% used [0x07ea0000, 0x07ea0000, 0x08600000)
 tenured generation   total 151480K, used 136814K [0x19150000, 0x2253e000, 0x43c00000)
   the space 151480K,  90% used [0x19150000, 0x216eba38, 0x216ebc00, 0x2253e000)
 Metaspace       used 3544K, capacity 3566K, committed 3648K, reserved 4480K
}
Event: 3.956 GC heap before
{Heap before GC invocations=79 (full 5):
 def new generation   total 68224K, used 68223K [0x03c00000, 0x08600000, 0x19150000)
  eden space 60672K, 100% used [0x03c00000, 0x07740000, 0x07740000)
  from space 7552K,  99% used [0x07740000, 0x07e9fff8, 0x07ea0000)
  to   space 7552K,   0% used [0x07ea0000, 0x07ea0000, 0x08600000)
 tenured generation   total 151480K, used 136814K [0x19150000, 0x2253e000, 0x43c00000)
   the space 151480K,  90% used [0x19150000, 0x216eba38, 0x216ebc00, 0x2253e000)
 Metaspace       used 3544K, capacity 3566K, committed 3648K, reserved 4480K
Event: 3.992 GC heap after
Heap after GC invocations=80 (full 5):
 def new generation   total 68224K, used 7551K [0x03c00000, 0x08600000, 0x19150000)
  eden space 60672K,   0% used [0x03c00000, 0x03c00000, 0x07740000)
  from space 7552K,  99% used [0x07ea0000, 0x085ffff8, 0x08600000)
  to   space 7552K,   0% used [0x07740000, 0x07740000, 0x07ea0000)
 tenured generation   total 151480K, used 143985K [0x19150000, 0x2253e000, 0x43c00000)
   the space 151480K,  95% used [0x19150000, 0x21dec560, 0x21dec600, 0x2253e000)
 Metaspace       used 3544K, capacity 3566K, committed 3648K, reserved 4480K
}
Event: 4.092 GC heap before
{Heap before GC invocations=80 (full 5):
 def new generation   total 68224K, used 68223K [0x03c00000, 0x08600000, 0x19150000)
  eden space 60672K, 100% used [0x03c00000, 0x07740000, 0x07740000)
  from space 7552K,  99% used [0x07ea0000, 0x085ffff8, 0x08600000)
  to   space 7552K,   0% used [0x07740000, 0x07740000, 0x07ea0000)
 tenured generation   total 151480K, used 143985K [0x19150000, 0x2253e000, 0x43c00000)
   the space 151480K,  95% used [0x19150000, 0x21dec560, 0x21dec600, 0x2253e000)
 Metaspace       used 3544K, capacity 3566K, committed 3648K, reserved 4480K
Event: 4.123 GC heap after
Heap after GC invocations=81 (full 5):
 def new generation   total 68224K, used 7552K [0x03c00000, 0x08600000, 0x19150000)
  eden space 60672K,   0% used [0x03c00000, 0x03c00000, 0x07740000)
  from space 7552K, 100% used [0x07740000, 0x07ea0000, 0x07ea0000)
  to   space 7552K,   0% used [0x07ea0000, 0x07ea0000, 0x08600000)
 tenured generation   total 151480K, used 150116K [0x19150000, 0x2253e000, 0x43c00000)
   the space 151480K,  99% used [0x19150000, 0x223e91e0, 0x223e9200, 0x2253e000)
 Metaspace       used 3544K, capacity 3566K, committed 3648K, reserved 4480K
}
Event: 4.221 GC heap before
{Heap before GC invocations=81 (full 5):
 def new generation   total 68224K, used 68224K [0x03c00000, 0x08600000, 0x19150000)
  eden space 60672K, 100% used [0x03c00000, 0x07740000, 0x07740000)
  from space 7552K, 100% used [0x07740000, 0x07ea0000, 0x07ea0000)
  to   space 7552K,   0% used [0x07ea0000, 0x07ea0000, 0x08600000)
 tenured generation   total 151480K, used 150116K [0x19150000, 0x2253e000, 0x43c00000)
   the space 151480K,  99% used [0x19150000, 0x223e91e0, 0x223e9200, 0x2253e000)
 Metaspace       used 3544K, capacity 3566K, committed 3648K, reserved 4480K

