# JRE version: Java(TM) SE Runtime Environment (8.0_101-b13) (build 1.8.0_101-b13)
# Java VM: Java HotSpot(TM) Client VM (25.101-b13 mixed mode windows-x86 )
Heap:
 def new generation   total 314560K, used 279616K [0x03e00000, 0x19350000, 0x19350000)
  eden space 279616K, 100% used [0x03e00000, 0x14f10000, 0x14f10000)
  from space 34944K,   0% used [0x14f10000, 0x14f10000, 0x17130000)
  to   space 34944K,   0% used [0x17130000, 0x1717bd90, 0x19350000)
 tenured generation   total 699072K, used 423380K [0x19350000, 0x43e00000, 0x43e00000)
   the space 699072K,  60% used [0x19350000, 0x330c5000, 0x330c5000, 0x43e00000)
 Metaspace       used 3547K, capacity 3598K, committed 3648K, reserved 4480K
GC Heap History (10 events):
Event: 8.093 GC heap after
Heap after GC invocations=92 (full 7):
 def new generation   total 183360K, used 20352K [0x03e00000, 0x104f0000, 0x19350000)
  eden space 163008K,   0% used [0x03e00000, 0x03e00000, 0x0dd30000)
  from space 20352K, 100% used [0x0dd30000, 0x0f110000, 0x0f110000)
  to   space 20352K,   0% used [0x0f110000, 0x0f110000, 0x104f0000)
 tenured generation   total 407252K, used 329843K [0x19350000, 0x32105000, 0x43e00000)
   the space 407252K,  80% used [0x19350000, 0x2d56cd50, 0x2d56ce00, 0x32105000)
 Metaspace       used 3547K, capacity 3598K, committed 3648K, reserved 4480K
}
Event: 8.347 GC heap before
{Heap before GC invocations=92 (full 7):
 def new generation   total 183360K, used 183360K [0x03e00000, 0x104f0000, 0x19350000)
  eden space 163008K, 100% used [0x03e00000, 0x0dd30000, 0x0dd30000)
  from space 20352K, 100% used [0x0dd30000, 0x0f110000, 0x0f110000)
  to   space 20352K,   0% used [0x0f110000, 0x0f110000, 0x104f0000)
 tenured generation   total 407252K, used 329843K [0x19350000, 0x32105000, 0x43e00000)
   the space 407252K,  80% used [0x19350000, 0x2d56cd50, 0x2d56ce00, 0x32105000)
 Metaspace       used 3547K, capacity 3598K, committed 3648K, reserved 4480K
Event: 8.457 GC heap after
Heap after GC invocations=93 (full 7):
 def new generation   total 183360K, used 20352K [0x03e00000, 0x104f0000, 0x19350000)
  eden space 163008K,   0% used [0x03e00000, 0x03e00000, 0x0dd30000)
  from space 20352K, 100% used [0x0f110000, 0x104f0000, 0x104f0000)
  to   space 20352K,   0% used [0x0dd30000, 0x0dd30000, 0x0f110000)
 tenured generation   total 407252K, used 354203K [0x19350000, 0x32105000, 0x43e00000)
   the space 407252K,  86% used [0x19350000, 0x2ed36cb8, 0x2ed36e00, 0x32105000)
 Metaspace       used 3547K, capacity 3598K, committed 3648K, reserved 4480K
}
Event: 8.736 GC heap before
{Heap before GC invocations=93 (full 7):
 def new generation   total 183360K, used 183360K [0x03e00000, 0x104f0000, 0x19350000)
  eden space 163008K, 100% used [0x03e00000, 0x0dd30000, 0x0dd30000)
  from space 20352K, 100% used [0x0f110000, 0x104f0000, 0x104f0000)
  to   space 20352K,   0% used [0x0dd30000, 0x0dd30000, 0x0f110000)
 tenured generation   total 407252K, used 354203K [0x19350000, 0x32105000, 0x43e00000)
   the space 407252K,  86% used [0x19350000, 0x2ed36cb8, 0x2ed36e00, 0x32105000)
 Metaspace       used 3547K, capacity 3598K, committed 3648K, reserved 4480K
Event: 8.845 GC heap after
Heap after GC invocations=94 (full 7):
 def new generation   total 183360K, used 20352K [0x03e00000, 0x104f0000, 0x19350000)
  eden space 163008K,   0% used [0x03e00000, 0x03e00000, 0x0dd30000)
  from space 20352K, 100% used [0x0dd30000, 0x0f110000, 0x0f110000)
  to   space 20352K,   0% used [0x0f110000, 0x0f110000, 0x104f0000)
 tenured generation   total 407252K, used 377570K [0x19350000, 0x32105000, 0x43e00000)
   the space 407252K,  92% used [0x19350000, 0x30408b98, 0x30408c00, 0x32105000)
 Metaspace       used 3547K, capacity 3598K, committed 3648K, reserved 4480K
}
Event: 9.101 GC heap before
{Heap before GC invocations=94 (full 7):
 def new generation   total 183360K, used 183360K [0x03e00000, 0x104f0000, 0x19350000)
  eden space 163008K, 100% used [0x03e00000, 0x0dd30000, 0x0dd30000)
  from space 20352K, 100% used [0x0dd30000, 0x0f110000, 0x0f110000)
  to   space 20352K,   0% used [0x0f110000, 0x0f110000, 0x104f0000)
 tenured generation   total 407252K, used 377570K [0x19350000, 0x32105000, 0x43e00000)
   the space 407252K,  92% used [0x19350000, 0x30408b98, 0x30408c00, 0x32105000)
 Metaspace       used 3547K, capacity 3598K, committed 3648K, reserved 4480K
Event: 9.203 GC heap after
Heap after GC invocations=95 (full 7):
 def new generation   total 183360K, used 20352K [0x03e00000, 0x104f0000, 0x19350000)
  eden space 163008K,   0% used [0x03e00000, 0x03e00000, 0x0dd30000)
  from space 20352K, 100% used [0x0f110000, 0x104f0000, 0x104f0000)
  to   space 20352K,   0% used [0x0dd30000, 0x0dd30000, 0x0f110000)
 tenured generation   total 407252K, used 400550K [0x19350000, 0x32105000, 0x43e00000)
   the space 407252K,  98% used [0x19350000, 0x31a79968, 0x31a79a00, 0x32105000)
 Metaspace       used 3547K, capacity 3598K, committed 3648K, reserved 4480K
}
Event: 9.466 GC heap before
{Heap before GC invocations=95 (full 7):
 def new generation   total 183360K, used 183360K [0x03e00000, 0x104f0000, 0x19350000)
  eden space 163008K, 100% used [0x03e00000, 0x0dd30000, 0x0dd30000)
  from space 20352K, 100% used [0x0f110000, 0x104f0000, 0x104f0000)
  to   space 20352K,   0% used [0x0dd30000, 0x0dd30000, 0x0f110000)
 tenured generation   total 407252K, used 400550K [0x19350000, 0x32105000, 0x43e00000)
   the space 407252K,  98% used [0x19350000, 0x31a79968, 0x31a79a00, 0x32105000)
 Metaspace       used 3547K, capacity 3598K, committed 3648K, reserved 4480K
Event: 10.800 GC heap after
Heap after GC invocations=96 (full 8):
 def new generation   total 314560K, used 3779K [0x03e00000, 0x19350000, 0x19350000)
  eden space 279616K,   1% used [0x03e00000, 0x041b0ce0, 0x14f10000)
  from space 34944K,   0% used [0x14f10000, 0x14f10000, 0x17130000)
  to   space 34944K,   0% used [0x17130000, 0x17130000, 0x19350000)
 tenured generation   total 699072K, used 423380K [0x19350000, 0x43e00000, 0x43e00000)
   the space 699072K,  60% used [0x19350000, 0x330c5000, 0x330c5000, 0x43e00000)
 Metaspace       used 3547K, capacity 3598K, committed 3648K, reserved 4480K
}
Event: 11.269 GC heap before
{Heap before GC invocations=96 (full 8):
 def new generation   total 314560K, used 279616K [0x03e00000, 0x19350000, 0x19350000)
  eden space 279616K, 100% used [0x03e00000, 0x14f10000, 0x14f10000)
  from space 34944K,   0% used [0x14f10000, 0x14f10000, 0x17130000)
  to   space 34944K,   0% used [0x17130000, 0x17130000, 0x19350000)
 tenured generation   total 699072K, used 423380K [0x19350000, 0x43e00000, 0x43e00000)
   the space 699072K,  60% used [0x19350000, 0x330c5000, 0x330c5000, 0x43e00000)
 Metaspace       used 3547K, capacity 3598K, committed 3648K, reserved 4480K

