# JRE version: Java(TM) SE Runtime Environment (8.0_101-b13) (build 1.8.0_101-b13)
# Java VM: Java HotSpot(TM) Client VM (25.101-b13 mixed mode windows-x86 )
Heap:
 def new generation   total 193344K, used 21440K [0x03c00000, 0x10dc0000, 0x19150000)
  eden space 171904K,   0% used [0x03c00000, 0x03c00000, 0x0e3e0000)
  from space 21440K, 100% used [0x0e3e0000, 0x0f8d0000, 0x0f8d0000)
  to   space 21440K,   0% used [0x0f8d0000, 0x0f8d0000, 0x10dc0000)
 tenured generation   total 445940K, used 445854K [0x19150000, 0x344cd000, 0x43c00000)
   the space 445940K,  99% used [0x19150000, 0x344b7af0, 0x344b7c00, 0x344cd000)
 Metaspace       used 3545K, capacity 3598K, committed 3648K, reserved 4480K
GC Heap History (10 events):
Event: 8.265 GC heap after
Heap after GC invocations=90 (full 7):
 def new generation   total 193344K, used 21440K [0x03c00000, 0x10dc0000, 0x19150000)
  eden space 171904K,   0% used [0x03c00000, 0x03c00000, 0x0e3e0000)
  from space 21440K, 100% used [0x0f8d0000, 0x10dc0000, 0x10dc0000)
  to   space 21440K,   0% used [0x0e3e0000, 0x0e3e0000, 0x0f8d0000)
 tenured generation   total 429428K, used 323477K [0x19150000, 0x334ad000, 0x43c00000)
   the space 429428K,  75% used [0x19150000, 0x2cd357c0, 0x2cd35800, 0x334ad000)
 Metaspace       used 3545K, capacity 3598K, committed 3648K, reserved 4480K
}
Event: 8.561 GC heap before
{Heap before GC invocations=90 (full 7):
 def new generation   total 193344K, used 193344K [0x03c00000, 0x10dc0000, 0x19150000)
  eden space 171904K, 100% used [0x03c00000, 0x0e3e0000, 0x0e3e0000)
  from space 21440K, 100% used [0x0f8d0000, 0x10dc0000, 0x10dc0000)
  to   space 21440K,   0% used [0x0e3e0000, 0x0e3e0000, 0x0f8d0000)
 tenured generation   total 429428K, used 323477K [0x19150000, 0x334ad000, 0x43c00000)
   the space 429428K,  75% used [0x19150000, 0x2cd357c0, 0x2cd35800, 0x334ad000)
 Metaspace       used 3545K, capacity 3598K, committed 3648K, reserved 4480K
Event: 8.671 GC heap after
Heap after GC invocations=91 (full 7):
 def new generation   total 193344K, used 21439K [0x03c00000, 0x10dc0000, 0x19150000)
  eden space 171904K,   0% used [0x03c00000, 0x03c00000, 0x0e3e0000)
  from space 21440K,  99% used [0x0e3e0000, 0x0f8cfff8, 0x0f8d0000)
  to   space 21440K,   0% used [0x0f8d0000, 0x0f8d0000, 0x10dc0000)
 tenured generation   total 429428K, used 347140K [0x19150000, 0x334ad000, 0x43c00000)
   the space 429428K,  80% used [0x19150000, 0x2e4513d0, 0x2e451400, 0x334ad000)
 Metaspace       used 3545K, capacity 3598K, committed 3648K, reserved 4480K
}
Event: 8.951 GC heap before
{Heap before GC invocations=91 (full 7):
 def new generation   total 193344K, used 193343K [0x03c00000, 0x10dc0000, 0x19150000)
  eden space 171904K, 100% used [0x03c00000, 0x0e3e0000, 0x0e3e0000)
  from space 21440K,  99% used [0x0e3e0000, 0x0f8cfff8, 0x0f8d0000)
  to   space 21440K,   0% used [0x0f8d0000, 0x0f8d0000, 0x10dc0000)
 tenured generation   total 429428K, used 347140K [0x19150000, 0x334ad000, 0x43c00000)
   the space 429428K,  80% used [0x19150000, 0x2e4513d0, 0x2e451400, 0x334ad000)
 Metaspace       used 3545K, capacity 3598K, committed 3648K, reserved 4480K
Event: 9.065 GC heap after
Heap after GC invocations=92 (full 7):
 def new generation   total 193344K, used 21440K [0x03c00000, 0x10dc0000, 0x19150000)
  eden space 171904K,   0% used [0x03c00000, 0x03c00000, 0x0e3e0000)
  from space 21440K, 100% used [0x0f8d0000, 0x10dc0000, 0x10dc0000)
  to   space 21440K,   0% used [0x0e3e0000, 0x0e3e0000, 0x0f8d0000)
 tenured generation   total 429428K, used 372757K [0x19150000, 0x334ad000, 0x43c00000)
   the space 429428K,  86% used [0x19150000, 0x2fd55588, 0x2fd55600, 0x334ad000)
 Metaspace       used 3545K, capacity 3598K, committed 3648K, reserved 4480K
}
Event: 9.337 GC heap before
{Heap before GC invocations=92 (full 7):
 def new generation   total 193344K, used 193344K [0x03c00000, 0x10dc0000, 0x19150000)
  eden space 171904K, 100% used [0x03c00000, 0x0e3e0000, 0x0e3e0000)
  from space 21440K, 100% used [0x0f8d0000, 0x10dc0000, 0x10dc0000)
  to   space 21440K,   0% used [0x0e3e0000, 0x0e3e0000, 0x0f8d0000)
 tenured generation   total 429428K, used 372757K [0x19150000, 0x334ad000, 0x43c00000)
   the space 429428K,  86% used [0x19150000, 0x2fd55588, 0x2fd55600, 0x334ad000)
 Metaspace       used 3545K, capacity 3598K, committed 3648K, reserved 4480K
Event: 9.449 GC heap after
Heap after GC invocations=93 (full 7):
 def new generation   total 193344K, used 21439K [0x03c00000, 0x10dc0000, 0x19150000)
  eden space 171904K,   0% used [0x03c00000, 0x03c00000, 0x0e3e0000)
  from space 21440K,  99% used [0x0e3e0000, 0x0f8cfff8, 0x0f8d0000)
  to   space 21440K,   0% used [0x0f8d0000, 0x0f8d0000, 0x10dc0000)
 tenured generation   total 429428K, used 397806K [0x19150000, 0x334ad000, 0x43c00000)
   the space 429428K,  92% used [0x19150000, 0x315cb900, 0x315cba00, 0x334ad000)
 Metaspace       used 3545K, capacity 3598K, committed 3648K, reserved 4480K
}
Event: 9.732 GC heap before
{Heap before GC invocations=93 (full 7):
 def new generation   total 193344K, used 193343K [0x03c00000, 0x10dc0000, 0x19150000)
  eden space 171904K, 100% used [0x03c00000, 0x0e3e0000, 0x0e3e0000)
  from space 21440K,  99% used [0x0e3e0000, 0x0f8cfff8, 0x0f8d0000)
  to   space 21440K,   0% used [0x0f8d0000, 0x0f8d0000, 0x10dc0000)
 tenured generation   total 429428K, used 397806K [0x19150000, 0x334ad000, 0x43c00000)
   the space 429428K,  92% used [0x19150000, 0x315cb900, 0x315cba00, 0x334ad000)
 Metaspace       used 3545K, capacity 3598K, committed 3648K, reserved 4480K
Event: 9.840 GC heap after
Heap after GC invocations=94 (full 7):
 def new generation   total 193344K, used 21440K [0x03c00000, 0x10dc0000, 0x19150000)
  eden space 171904K,   0% used [0x03c00000, 0x03c00000, 0x0e3e0000)
  from space 21440K, 100% used [0x0f8d0000, 0x10dc0000, 0x10dc0000)
  to   space 21440K,   0% used [0x0e3e0000, 0x0e3e0000, 0x0f8d0000)
 tenured generation   total 429428K, used 421482K [0x19150000, 0x334ad000, 0x43c00000)
   the space 429428K,  98% used [0x19150000, 0x32cea8a8, 0x32ceaa00, 0x334ad000)
 Metaspace       used 3545K, capacity 3598K, committed 3648K, reserved 4480K
}
Event: 10.125 GC heap before
{Heap before GC invocations=94 (full 7):
 def new generation   total 193344K, used 193344K [0x03c00000, 0x10dc0000, 0x19150000)
  eden space 171904K, 100% used [0x03c00000, 0x0e3e0000, 0x0e3e0000)
  from space 21440K, 100% used [0x0f8d0000, 0x10dc0000, 0x10dc0000)
  to   space 21440K,   0% used [0x0e3e0000, 0x0e3e0000, 0x0f8d0000)
 tenured generation   total 429428K, used 421482K [0x19150000, 0x334ad000, 0x43c00000)
   the space 429428K,  98% used [0x19150000, 0x32cea8a8, 0x32ceaa00, 0x334ad000)
 Metaspace       used 3545K, capacity 3598K, committed 3648K, reserved 4480K

