# JRE version: Java(TM) SE Runtime Environment (8.0_101-b13) (build 1.8.0_101-b13)
# Java VM: Java HotSpot(TM) Client VM (25.101-b13 mixed mode windows-x86 )
Heap:
 def new generation   total 23360K, used 2560K [0x03c00000, 0x05550000, 0x19150000)
  eden space 20800K,   0% used [0x03c00000, 0x03c00000, 0x05050000)
  from space 2560K, 100% used [0x05050000, 0x052d0000, 0x052d0000)
  to   space 2560K,   0% used [0x052d0000, 0x052d0000, 0x05550000)
 tenured generation   total 53236K, used 53134K [0x19150000, 0x1c54d000, 0x43c00000)
   the space 53236K,  99% used [0x19150000, 0x1c533a30, 0x1c533c00, 0x1c54d000)
 Metaspace       used 3543K, capacity 3566K, committed 3648K, reserved 4480K
GC Heap History (10 events):
Event: 1.475 GC heap after
Heap after GC invocations=39 (full 3):
 def new generation   total 23360K, used 2559K [0x03c00000, 0x05550000, 0x19150000)
  eden space 20800K,   0% used [0x03c00000, 0x03c00000, 0x05050000)
  from space 2560K,  99% used [0x052d0000, 0x0554fff8, 0x05550000)
  to   space 2560K,   0% used [0x05050000, 0x05050000, 0x052d0000)
 tenured generation   total 51700K, used 39069K [0x19150000, 0x1c3cd000, 0x43c00000)
   the space 51700K,  75% used [0x19150000, 0x1b777508, 0x1b777600, 0x1c3cd000)
 Metaspace       used 3543K, capacity 3566K, committed 3648K, reserved 4480K
}
Event: 1.513 GC heap before
{Heap before GC invocations=39 (full 3):
 def new generation   total 23360K, used 23359K [0x03c00000, 0x05550000, 0x19150000)
  eden space 20800K, 100% used [0x03c00000, 0x05050000, 0x05050000)
  from space 2560K,  99% used [0x052d0000, 0x0554fff8, 0x05550000)
  to   space 2560K,   0% used [0x05050000, 0x05050000, 0x052d0000)
 tenured generation   total 51700K, used 39069K [0x19150000, 0x1c3cd000, 0x43c00000)
   the space 51700K,  75% used [0x19150000, 0x1b777508, 0x1b777600, 0x1c3cd000)
 Metaspace       used 3543K, capacity 3566K, committed 3648K, reserved 4480K
Event: 1.527 GC heap after
Heap after GC invocations=40 (full 3):
 def new generation   total 23360K, used 2560K [0x03c00000, 0x05550000, 0x19150000)
  eden space 20800K,   0% used [0x03c00000, 0x03c00000, 0x05050000)
  from space 2560K, 100% used [0x05050000, 0x052d0000, 0x052d0000)
  to   space 2560K,   0% used [0x052d0000, 0x052d0000, 0x05550000)
 tenured generation   total 51700K, used 41960K [0x19150000, 0x1c3cd000, 0x43c00000)
   the space 51700K,  81% used [0x19150000, 0x1ba4a210, 0x1ba4a400, 0x1c3cd000)
 Metaspace       used 3543K, capacity 3566K, committed 3648K, reserved 4480K
}
Event: 1.574 GC heap before
{Heap before GC invocations=40 (full 3):
 def new generation   total 23360K, used 23360K [0x03c00000, 0x05550000, 0x19150000)
  eden space 20800K, 100% used [0x03c00000, 0x05050000, 0x05050000)
  from space 2560K, 100% used [0x05050000, 0x052d0000, 0x052d0000)
  to   space 2560K,   0% used [0x052d0000, 0x052d0000, 0x05550000)
 tenured generation   total 51700K, used 41960K [0x19150000, 0x1c3cd000, 0x43c00000)
   the space 51700K,  81% used [0x19150000, 0x1ba4a210, 0x1ba4a400, 0x1c3cd000)
 Metaspace       used 3543K, capacity 3566K, committed 3648K, reserved 4480K
Event: 1.586 GC heap after
Heap after GC invocations=41 (full 3):
 def new generation   total 23360K, used 2524K [0x03c00000, 0x05550000, 0x19150000)
  eden space 20800K,   0% used [0x03c00000, 0x03c00000, 0x05050000)
  from space 2560K,  98% used [0x052d0000, 0x05547200, 0x05550000)
  to   space 2560K,   0% used [0x05050000, 0x05050000, 0x052d0000)
 tenured generation   total 51700K, used 44202K [0x19150000, 0x1c3cd000, 0x43c00000)
   the space 51700K,  85% used [0x19150000, 0x1bc7a8e8, 0x1bc7aa00, 0x1c3cd000)
 Metaspace       used 3543K, capacity 3566K, committed 3648K, reserved 4480K
}
Event: 1.627 GC heap before
{Heap before GC invocations=41 (full 3):
 def new generation   total 23360K, used 23324K [0x03c00000, 0x05550000, 0x19150000)
  eden space 20800K, 100% used [0x03c00000, 0x05050000, 0x05050000)
  from space 2560K,  98% used [0x052d0000, 0x05547200, 0x05550000)
  to   space 2560K,   0% used [0x05050000, 0x05050000, 0x052d0000)
 tenured generation   total 51700K, used 44202K [0x19150000, 0x1c3cd000, 0x43c00000)
   the space 51700K,  85% used [0x19150000, 0x1bc7a8e8, 0x1bc7aa00, 0x1c3cd000)
 Metaspace       used 3543K, capacity 3566K, committed 3648K, reserved 4480K
Event: 1.639 GC heap after
Heap after GC invocations=42 (full 3):
 def new generation   total 23360K, used 2560K [0x03c00000, 0x05550000, 0x19150000)
  eden space 20800K,   0% used [0x03c00000, 0x03c00000, 0x05050000)
  from space 2560K, 100% used [0x05050000, 0x052d0000, 0x052d0000)
  to   space 2560K,   0% used [0x052d0000, 0x052d0000, 0x05550000)
 tenured generation   total 51700K, used 46999K [0x19150000, 0x1c3cd000, 0x43c00000)
   the space 51700K,  90% used [0x19150000, 0x1bf35cd8, 0x1bf35e00, 0x1c3cd000)
 Metaspace       used 3543K, capacity 3566K, committed 3648K, reserved 4480K
}
Event: 1.674 GC heap before
{Heap before GC invocations=42 (full 3):
 def new generation   total 23360K, used 23360K [0x03c00000, 0x05550000, 0x19150000)
  eden space 20800K, 100% used [0x03c00000, 0x05050000, 0x05050000)
  from space 2560K, 100% used [0x05050000, 0x052d0000, 0x052d0000)
  to   space 2560K,   0% used [0x052d0000, 0x052d0000, 0x05550000)
 tenured generation   total 51700K, used 46999K [0x19150000, 0x1c3cd000, 0x43c00000)
   the space 51700K,  90% used [0x19150000, 0x1bf35cd8, 0x1bf35e00, 0x1c3cd000)
 Metaspace       used 3543K, capacity 3566K, committed 3648K, reserved 4480K
Event: 1.686 GC heap after
Heap after GC invocations=43 (full 3):
 def new generation   total 23360K, used 2560K [0x03c00000, 0x05550000, 0x19150000)
  eden space 20800K,   0% used [0x03c00000, 0x03c00000, 0x05050000)
  from space 2560K, 100% used [0x052d0000, 0x05550000, 0x05550000)
  to   space 2560K,   0% used [0x05050000, 0x05050000, 0x052d0000)
 tenured generation   total 51700K, used 49597K [0x19150000, 0x1c3cd000, 0x43c00000)
   the space 51700K,  95% used [0x19150000, 0x1c1bf7f8, 0x1c1bf800, 0x1c3cd000)
 Metaspace       used 3543K, capacity 3566K, committed 3648K, reserved 4480K
}
Event: 1.735 GC heap before
{Heap before GC invocations=43 (full 3):
 def new generation   total 23360K, used 23360K [0x03c00000, 0x05550000, 0x19150000)
  eden space 20800K, 100% used [0x03c00000, 0x05050000, 0x05050000)
  from space 2560K, 100% used [0x052d0000, 0x05550000, 0x05550000)
  to   space 2560K,   0% used [0x05050000, 0x05050000, 0x052d0000)
 tenured generation   total 51700K, used 49597K [0x19150000, 0x1c3cd000, 0x43c00000)
   the space 51700K,  95% used [0x19150000, 0x1c1bf7f8, 0x1c1bf800, 0x1c3cd000)
 Metaspace       used 3543K, capacity 3566K, committed 3648K, reserved 4480K

