# JRE version: Java(TM) SE Runtime Environment (8.0_101-b13) (build 1.8.0_101-b13)
# Java VM: Java HotSpot(TM) Client VM (25.101-b13 mixed mode windows-x86 )
Heap:
 def new generation   total 109888K, used 12160K [0x03c00000, 0x0b330000, 0x19150000)
  eden space 97728K,   0% used [0x03c00000, 0x03c00000, 0x09b70000)
  from space 12160K, 100% used [0x09b70000, 0x0a750000, 0x0a750000)
  to   space 12160K,   0% used [0x0a750000, 0x0a750000, 0x0b330000)
 tenured generation   total 250140K, used 250024K [0x19150000, 0x28597000, 0x43c00000)
   the space 250140K,  99% used [0x19150000, 0x2857a1d0, 0x2857a200, 0x28597000)
 Metaspace       used 3545K, capacity 3598K, committed 3648K, reserved 4480K
GC Heap History (10 events):
Event: 6.491 GC heap after
Heap after GC invocations=83 (full 6):
 def new generation   total 109888K, used 12160K [0x03c00000, 0x0b330000, 0x19150000)
  eden space 97728K,   0% used [0x03c00000, 0x03c00000, 0x09b70000)
  from space 12160K, 100% used [0x0a750000, 0x0b330000, 0x0b330000)
  to   space 12160K,   0% used [0x09b70000, 0x09b70000, 0x0a750000)
 tenured generation   total 243996K, used 192313K [0x19150000, 0x27f97000, 0x43c00000)
   the space 243996K,  78% used [0x19150000, 0x24d1e708, 0x24d1e800, 0x27f97000)
 Metaspace       used 3545K, capacity 3598K, committed 3648K, reserved 4480K
}
Event: 6.641 GC heap before
{Heap before GC invocations=83 (full 6):
 def new generation   total 109888K, used 109888K [0x03c00000, 0x0b330000, 0x19150000)
  eden space 97728K, 100% used [0x03c00000, 0x09b70000, 0x09b70000)
  from space 12160K, 100% used [0x0a750000, 0x0b330000, 0x0b330000)
  to   space 12160K,   0% used [0x09b70000, 0x09b70000, 0x0a750000)
 tenured generation   total 243996K, used 192313K [0x19150000, 0x27f97000, 0x43c00000)
   the space 243996K,  78% used [0x19150000, 0x24d1e708, 0x24d1e800, 0x27f97000)
 Metaspace       used 3545K, capacity 3598K, committed 3648K, reserved 4480K
Event: 6.706 GC heap after
Heap after GC invocations=84 (full 6):
 def new generation   total 109888K, used 12160K [0x03c00000, 0x0b330000, 0x19150000)
  eden space 97728K,   0% used [0x03c00000, 0x03c00000, 0x09b70000)
  from space 12160K, 100% used [0x09b70000, 0x0a750000, 0x0a750000)
  to   space 12160K,   0% used [0x0a750000, 0x0a750000, 0x0b330000)
 tenured generation   total 243996K, used 206624K [0x19150000, 0x27f97000, 0x43c00000)
   the space 243996K,  84% used [0x19150000, 0x25b181c0, 0x25b18200, 0x27f97000)
 Metaspace       used 3545K, capacity 3598K, committed 3648K, reserved 4480K
}
Event: 6.857 GC heap before
{Heap before GC invocations=84 (full 6):
 def new generation   total 109888K, used 109888K [0x03c00000, 0x0b330000, 0x19150000)
  eden space 97728K, 100% used [0x03c00000, 0x09b70000, 0x09b70000)
  from space 12160K, 100% used [0x09b70000, 0x0a750000, 0x0a750000)
  to   space 12160K,   0% used [0x0a750000, 0x0a750000, 0x0b330000)
 tenured generation   total 243996K, used 206624K [0x19150000, 0x27f97000, 0x43c00000)
   the space 243996K,  84% used [0x19150000, 0x25b181f8, 0x25b18200, 0x27f97000)
 Metaspace       used 3545K, capacity 3598K, committed 3648K, reserved 4480K
Event: 6.921 GC heap after
Heap after GC invocations=85 (full 6):
 def new generation   total 109888K, used 12160K [0x03c00000, 0x0b330000, 0x19150000)
  eden space 97728K,   0% used [0x03c00000, 0x03c00000, 0x09b70000)
  from space 12160K, 100% used [0x0a750000, 0x0b330000, 0x0b330000)
  to   space 12160K,   0% used [0x09b70000, 0x09b70000, 0x0a750000)
 tenured generation   total 243996K, used 220575K [0x19150000, 0x27f97000, 0x43c00000)
   the space 243996K,  90% used [0x19150000, 0x268b7c70, 0x268b7e00, 0x27f97000)
 Metaspace       used 3545K, capacity 3598K, committed 3648K, reserved 4480K
}
Event: 6.922 GC heap before
{Heap before GC invocations=85 (full 6):
 def new generation   total 109888K, used 13231K [0x03c00000, 0x0b330000, 0x19150000)
  eden space 97728K,   1% used [0x03c00000, 0x03d0be80, 0x09b70000)
  from space 12160K, 100% used [0x0a750000, 0x0b330000, 0x0b330000)
  to   space 12160K,   0% used [0x09b70000, 0x09b70000, 0x0a750000)
 tenured generation   total 243996K, used 220575K [0x19150000, 0x27f97000, 0x43c00000)
   the space 243996K,  90% used [0x19150000, 0x268b7c70, 0x268b7e00, 0x27f97000)
 Metaspace       used 3545K, capacity 3598K, committed 3648K, reserved 4480K
Event: 6.950 GC heap after
Heap after GC invocations=86 (full 6):
 def new generation   total 109888K, used 1K [0x03c00000, 0x0b330000, 0x19150000)
  eden space 97728K,   0% used [0x03c00000, 0x03c00000, 0x09b70000)
  from space 12160K,   0% used [0x09b70000, 0x09b707c0, 0x0a750000)
  to   space 12160K,   0% used [0x0a750000, 0x0a750000, 0x0b330000)
 tenured generation   total 243996K, used 232732K [0x19150000, 0x27f97000, 0x43c00000)
   the space 243996K,  95% used [0x19150000, 0x274971b8, 0x27497200, 0x27f97000)
 Metaspace       used 3545K, capacity 3598K, committed 3648K, reserved 4480K
}
Event: 7.123 GC heap before
{Heap before GC invocations=86 (full 6):
 def new generation   total 109888K, used 97729K [0x03c00000, 0x0b330000, 0x19150000)
  eden space 97728K, 100% used [0x03c00000, 0x09b70000, 0x09b70000)
  from space 12160K,   0% used [0x09b70000, 0x09b707c0, 0x0a750000)
  to   space 12160K,   0% used [0x0a750000, 0x0a750000, 0x0b330000)
 tenured generation   total 243996K, used 232732K [0x19150000, 0x27f97000, 0x43c00000)
   the space 243996K,  95% used [0x19150000, 0x274971b8, 0x27497200, 0x27f97000)
 Metaspace       used 3545K, capacity 3598K, committed 3648K, reserved 4480K
Event: 7.163 GC heap after
Heap after GC invocations=87 (full 6):
 def new generation   total 109888K, used 12159K [0x03c00000, 0x0b330000, 0x19150000)
  eden space 97728K,   0% used [0x03c00000, 0x03c00000, 0x09b70000)
  from space 12160K,  99% used [0x0a750000, 0x0b32fff8, 0x0b330000)
  to   space 12160K,   0% used [0x09b70000, 0x09b70000, 0x0a750000)
 tenured generation   total 243996K, used 234977K [0x19150000, 0x27f97000, 0x43c00000)
   the space 243996K,  96% used [0x19150000, 0x276c8630, 0x276c8800, 0x27f97000)
 Metaspace       used 3545K, capacity 3598K, committed 3648K, reserved 4480K
}
Event: 7.311 GC heap before
{Heap before GC invocations=87 (full 6):
 def new generation   total 109888K, used 109887K [0x03c00000, 0x0b330000, 0x19150000)
  eden space 97728K, 100% used [0x03c00000, 0x09b70000, 0x09b70000)
  from space 12160K,  99% used [0x0a750000, 0x0b32fff8, 0x0b330000)
  to   space 12160K,   0% used [0x09b70000, 0x09b70000, 0x0a750000)
 tenured generation   total 243996K, used 234977K [0x19150000, 0x27f97000, 0x43c00000)
   the space 243996K,  96% used [0x19150000, 0x276c8630, 0x276c8800, 0x27f97000)
 Metaspace       used 3545K, capacity 3598K, committed 3648K, reserved 4480K

