# JRE version: Java(TM) SE Runtime Environment (8.0_101-b13) (build 1.8.0_101-b13)
# Java VM: Java HotSpot(TM) Client VM (25.101-b13 mixed mode windows-x86 )
Heap:
 def new generation   total 202112K, used 22400K [0x03c00000, 0x11740000, 0x19150000)
  eden space 179712K,   0% used [0x03c00000, 0x03c00000, 0x0eb80000)
  from space 22400K, 100% used [0x0eb80000, 0x10160000, 0x10160000)
  to   space 22400K,   0% used [0x10160000, 0x10160000, 0x11740000)
 tenured generation   total 464120K, used 464088K [0x19150000, 0x3568e000, 0x43c00000)
   the space 464120K,  99% used [0x19150000, 0x35686200, 0x35686200, 0x3568e000)
 Metaspace       used 3552K, capacity 3598K, committed 3648K, reserved 4480K
GC Heap History (10 events):
Event: 8.488 GC heap after
Heap after GC invocations=93 (full 7):
 def new generation   total 202112K, used 22400K [0x03c00000, 0x11740000, 0x19150000)
  eden space 179712K,   0% used [0x03c00000, 0x03c00000, 0x0eb80000)
  from space 22400K, 100% used [0x10160000, 0x11740000, 0x11740000)
  to   space 22400K,   0% used [0x0eb80000, 0x0eb80000, 0x10160000)
 tenured generation   total 448888K, used 337768K [0x19150000, 0x347ae000, 0x43c00000)
   the space 448888K,  75% used [0x19150000, 0x2db2a358, 0x2db2a400, 0x347ae000)
 Metaspace       used 3552K, capacity 3598K, committed 3648K, reserved 4480K
}
Event: 8.781 GC heap before
{Heap before GC invocations=93 (full 7):
 def new generation   total 202112K, used 202112K [0x03c00000, 0x11740000, 0x19150000)
  eden space 179712K, 100% used [0x03c00000, 0x0eb80000, 0x0eb80000)
  from space 22400K, 100% used [0x10160000, 0x11740000, 0x11740000)
  to   space 22400K,   0% used [0x0eb80000, 0x0eb80000, 0x10160000)
 tenured generation   total 448888K, used 337768K [0x19150000, 0x347ae000, 0x43c00000)
   the space 448888K,  75% used [0x19150000, 0x2db2a378, 0x2db2a400, 0x347ae000)
 Metaspace       used 3552K, capacity 3598K, committed 3648K, reserved 4480K
Event: 8.902 GC heap after
Heap after GC invocations=94 (full 7):
 def new generation   total 202112K, used 22399K [0x03c00000, 0x11740000, 0x19150000)
  eden space 179712K,   0% used [0x03c00000, 0x03c00000, 0x0eb80000)
  from space 22400K,  99% used [0x0eb80000, 0x1015fff8, 0x10160000)
  to   space 22400K,   0% used [0x10160000, 0x10160000, 0x11740000)
 tenured generation   total 448888K, used 364327K [0x19150000, 0x347ae000, 0x43c00000)
   the space 448888K,  81% used [0x19150000, 0x2f519c70, 0x2f519e00, 0x347ae000)
 Metaspace       used 3552K, capacity 3598K, committed 3648K, reserved 4480K
}
Event: 9.214 GC heap before
{Heap before GC invocations=94 (full 7):
 def new generation   total 202112K, used 202111K [0x03c00000, 0x11740000, 0x19150000)
  eden space 179712K, 100% used [0x03c00000, 0x0eb80000, 0x0eb80000)
  from space 22400K,  99% used [0x0eb80000, 0x1015fff8, 0x10160000)
  to   space 22400K,   0% used [0x10160000, 0x10160000, 0x11740000)
 tenured generation   total 448888K, used 364327K [0x19150000, 0x347ae000, 0x43c00000)
   the space 448888K,  81% used [0x19150000, 0x2f519c70, 0x2f519e00, 0x347ae000)
 Metaspace       used 3552K, capacity 3598K, committed 3648K, reserved 4480K
Event: 9.340 GC heap after
Heap after GC invocations=95 (full 7):
 def new generation   total 202112K, used 22400K [0x03c00000, 0x11740000, 0x19150000)
  eden space 179712K,   0% used [0x03c00000, 0x03c00000, 0x0eb80000)
  from space 22400K, 100% used [0x10160000, 0x11740000, 0x11740000)
  to   space 22400K,   0% used [0x0eb80000, 0x0eb80000, 0x10160000)
 tenured generation   total 448888K, used 390485K [0x19150000, 0x347ae000, 0x43c00000)
   the space 448888K,  86% used [0x19150000, 0x30ea57b0, 0x30ea5800, 0x347ae000)
 Metaspace       used 3552K, capacity 3598K, committed 3648K, reserved 4480K
}
Event: 9.637 GC heap before
{Heap before GC invocations=95 (full 7):
 def new generation   total 202112K, used 202112K [0x03c00000, 0x11740000, 0x19150000)
  eden space 179712K, 100% used [0x03c00000, 0x0eb80000, 0x0eb80000)
  from space 22400K, 100% used [0x10160000, 0x11740000, 0x11740000)
  to   space 22400K,   0% used [0x0eb80000, 0x0eb80000, 0x10160000)
 tenured generation   total 448888K, used 390485K [0x19150000, 0x347ae000, 0x43c00000)
   the space 448888K,  86% used [0x19150000, 0x30ea57b0, 0x30ea5800, 0x347ae000)
 Metaspace       used 3552K, capacity 3598K, committed 3648K, reserved 4480K
Event: 9.752 GC heap after
Heap after GC invocations=96 (full 7):
 def new generation   total 202112K, used 22400K [0x03c00000, 0x11740000, 0x19150000)
  eden space 179712K,   0% used [0x03c00000, 0x03c00000, 0x0eb80000)
  from space 22400K, 100% used [0x0eb80000, 0x10160000, 0x10160000)
  to   space 22400K,   0% used [0x10160000, 0x10160000, 0x11740000)
 tenured generation   total 448888K, used 415818K [0x19150000, 0x347ae000, 0x43c00000)
   the space 448888K,  92% used [0x19150000, 0x32762a08, 0x32762c00, 0x347ae000)
 Metaspace       used 3552K, capacity 3598K, committed 3648K, reserved 4480K
}
Event: 10.058 GC heap before
{Heap before GC invocations=96 (full 7):
 def new generation   total 202112K, used 202112K [0x03c00000, 0x11740000, 0x19150000)
  eden space 179712K, 100% used [0x03c00000, 0x0eb80000, 0x0eb80000)
  from space 22400K, 100% used [0x0eb80000, 0x10160000, 0x10160000)
  to   space 22400K,   0% used [0x10160000, 0x10160000, 0x11740000)
 tenured generation   total 448888K, used 415818K [0x19150000, 0x347ae000, 0x43c00000)
   the space 448888K,  92% used [0x19150000, 0x32762a08, 0x32762c00, 0x347ae000)
 Metaspace       used 3552K, capacity 3598K, committed 3648K, reserved 4480K
Event: 10.174 GC heap after
Heap after GC invocations=97 (full 7):
 def new generation   total 202112K, used 22400K [0x03c00000, 0x11740000, 0x19150000)
  eden space 179712K,   0% used [0x03c00000, 0x03c00000, 0x0eb80000)
  from space 22400K, 100% used [0x10160000, 0x11740000, 0x11740000)
  to   space 22400K,   0% used [0x0eb80000, 0x0eb80000, 0x10160000)
 tenured generation   total 448888K, used 441226K [0x19150000, 0x347ae000, 0x43c00000)
   the space 448888K,  98% used [0x19150000, 0x34032b68, 0x34032c00, 0x347ae000)
 Metaspace       used 3552K, capacity 3598K, committed 3648K, reserved 4480K
}
Event: 10.461 GC heap before
{Heap before GC invocations=97 (full 7):
 def new generation   total 202112K, used 202112K [0x03c00000, 0x11740000, 0x19150000)
  eden space 179712K, 100% used [0x03c00000, 0x0eb80000, 0x0eb80000)
  from space 22400K, 100% used [0x10160000, 0x11740000, 0x11740000)
  to   space 22400K,   0% used [0x0eb80000, 0x0eb80000, 0x10160000)
 tenured generation   total 448888K, used 441226K [0x19150000, 0x347ae000, 0x43c00000)
   the space 448888K,  98% used [0x19150000, 0x34032b68, 0x34032c00, 0x347ae000)
 Metaspace       used 3552K, capacity 3598K, committed 3648K, reserved 4480K

