# JRE version: Java(TM) SE Runtime Environment (8.0_101-b13) (build 1.8.0_101-b13)
# Java VM: Java HotSpot(TM) Client VM (25.101-b13 mixed mode windows-x86 )
Heap:
 def new generation   total 24256K, used 2688K [0x03c00000, 0x05650000, 0x19150000)
  eden space 21568K,   0% used [0x03c00000, 0x03c00000, 0x05110000)
  from space 2688K, 100% used [0x05110000, 0x053b0000, 0x053b0000)
  to   space 2688K,   0% used [0x053b0000, 0x053b0000, 0x05650000)
 tenured generation   total 54712K, used 54673K [0x19150000, 0x1c6be000, 0x43c00000)
   the space 54712K,  99% used [0x19150000, 0x1c6b44f0, 0x1c6b4600, 0x1c6be000)
 Metaspace       used 3544K, capacity 3566K, committed 3648K, reserved 4480K
GC Heap History (10 events):
Event: 1.402 GC heap after
Heap after GC invocations=39 (full 3):
 def new generation   total 24256K, used 2687K [0x03c00000, 0x05650000, 0x19150000)
  eden space 21568K,   0% used [0x03c00000, 0x03c00000, 0x05110000)
  from space 2688K,  99% used [0x053b0000, 0x0564fff8, 0x05650000)
  to   space 2688K,   0% used [0x05110000, 0x05110000, 0x053b0000)
 tenured generation   total 53816K, used 39847K [0x19150000, 0x1c5de000, 0x43c00000)
   the space 53816K,  74% used [0x19150000, 0x1b839d50, 0x1b839e00, 0x1c5de000)
 Metaspace       used 3544K, capacity 3566K, committed 3648K, reserved 4480K
}
Event: 1.438 GC heap before
{Heap before GC invocations=39 (full 3):
 def new generation   total 24256K, used 24255K [0x03c00000, 0x05650000, 0x19150000)
  eden space 21568K, 100% used [0x03c00000, 0x05110000, 0x05110000)
  from space 2688K,  99% used [0x053b0000, 0x0564fff8, 0x05650000)
  to   space 2688K,   0% used [0x05110000, 0x05110000, 0x053b0000)
 tenured generation   total 53816K, used 39847K [0x19150000, 0x1c5de000, 0x43c00000)
   the space 53816K,  74% used [0x19150000, 0x1b839d50, 0x1b839e00, 0x1c5de000)
 Metaspace       used 3544K, capacity 3566K, committed 3648K, reserved 4480K
Event: 1.452 GC heap after
Heap after GC invocations=40 (full 3):
 def new generation   total 24256K, used 2688K [0x03c00000, 0x05650000, 0x19150000)
  eden space 21568K,   0% used [0x03c00000, 0x03c00000, 0x05110000)
  from space 2688K, 100% used [0x05110000, 0x053b0000, 0x053b0000)
  to   space 2688K,   0% used [0x053b0000, 0x053b0000, 0x05650000)
 tenured generation   total 53816K, used 42851K [0x19150000, 0x1c5de000, 0x43c00000)
   the space 53816K,  79% used [0x19150000, 0x1bb28ef8, 0x1bb29000, 0x1c5de000)
 Metaspace       used 3544K, capacity 3566K, committed 3648K, reserved 4480K
}
Event: 1.488 GC heap before
{Heap before GC invocations=40 (full 3):
 def new generation   total 24256K, used 24256K [0x03c00000, 0x05650000, 0x19150000)
  eden space 21568K, 100% used [0x03c00000, 0x05110000, 0x05110000)
  from space 2688K, 100% used [0x05110000, 0x053b0000, 0x053b0000)
  to   space 2688K,   0% used [0x053b0000, 0x053b0000, 0x05650000)
 tenured generation   total 53816K, used 42851K [0x19150000, 0x1c5de000, 0x43c00000)
   the space 53816K,  79% used [0x19150000, 0x1bb28ef8, 0x1bb29000, 0x1c5de000)
 Metaspace       used 3544K, capacity 3566K, committed 3648K, reserved 4480K
Event: 1.499 GC heap after
Heap after GC invocations=41 (full 3):
 def new generation   total 24256K, used 2661K [0x03c00000, 0x05650000, 0x19150000)
  eden space 21568K,   0% used [0x03c00000, 0x03c00000, 0x05110000)
  from space 2688K,  99% used [0x053b0000, 0x05649780, 0x05650000)
  to   space 2688K,   0% used [0x05110000, 0x05110000, 0x053b0000)
 tenured generation   total 53816K, used 45009K [0x19150000, 0x1c5de000, 0x43c00000)
   the space 53816K,  83% used [0x19150000, 0x1bd44590, 0x1bd44600, 0x1c5de000)
 Metaspace       used 3544K, capacity 3566K, committed 3648K, reserved 4480K
}
Event: 1.536 GC heap before
{Heap before GC invocations=41 (full 3):
 def new generation   total 24256K, used 24229K [0x03c00000, 0x05650000, 0x19150000)
  eden space 21568K, 100% used [0x03c00000, 0x05110000, 0x05110000)
  from space 2688K,  99% used [0x053b0000, 0x05649780, 0x05650000)
  to   space 2688K,   0% used [0x05110000, 0x05110000, 0x053b0000)
 tenured generation   total 53816K, used 45009K [0x19150000, 0x1c5de000, 0x43c00000)
   the space 53816K,  83% used [0x19150000, 0x1bd44590, 0x1bd44600, 0x1c5de000)
 Metaspace       used 3544K, capacity 3566K, committed 3648K, reserved 4480K
Event: 1.551 GC heap after
Heap after GC invocations=42 (full 3):
 def new generation   total 24256K, used 2687K [0x03c00000, 0x05650000, 0x19150000)
  eden space 21568K,   0% used [0x03c00000, 0x03c00000, 0x05110000)
  from space 2688K,  99% used [0x05110000, 0x053afff8, 0x053b0000)
  to   space 2688K,   0% used [0x053b0000, 0x053b0000, 0x05650000)
 tenured generation   total 53816K, used 48643K [0x19150000, 0x1c5de000, 0x43c00000)
   the space 53816K,  90% used [0x19150000, 0x1c0d0ee8, 0x1c0d1000, 0x1c5de000)
 Metaspace       used 3544K, capacity 3566K, committed 3648K, reserved 4480K
}
Event: 1.600 GC heap before
{Heap before GC invocations=42 (full 3):
 def new generation   total 24256K, used 24255K [0x03c00000, 0x05650000, 0x19150000)
  eden space 21568K, 100% used [0x03c00000, 0x05110000, 0x05110000)
  from space 2688K,  99% used [0x05110000, 0x053afff8, 0x053b0000)
  to   space 2688K,   0% used [0x053b0000, 0x053b0000, 0x05650000)
 tenured generation   total 53816K, used 48643K [0x19150000, 0x1c5de000, 0x43c00000)
   the space 53816K,  90% used [0x19150000, 0x1c0d0ee8, 0x1c0d1000, 0x1c5de000)
 Metaspace       used 3544K, capacity 3566K, committed 3648K, reserved 4480K
Event: 1.612 GC heap after
Heap after GC invocations=43 (full 3):
 def new generation   total 24256K, used 2688K [0x03c00000, 0x05650000, 0x19150000)
  eden space 21568K,   0% used [0x03c00000, 0x03c00000, 0x05110000)
  from space 2688K, 100% used [0x053b0000, 0x05650000, 0x05650000)
  to   space 2688K,   0% used [0x05110000, 0x05110000, 0x053b0000)
 tenured generation   total 53816K, used 50973K [0x19150000, 0x1c5de000, 0x43c00000)
   the space 53816K,  94% used [0x19150000, 0x1c317630, 0x1c317800, 0x1c5de000)
 Metaspace       used 3544K, capacity 3566K, committed 3648K, reserved 4480K
}
Event: 1.650 GC heap before
{Heap before GC invocations=43 (full 3):
 def new generation   total 24256K, used 24256K [0x03c00000, 0x05650000, 0x19150000)
  eden space 21568K, 100% used [0x03c00000, 0x05110000, 0x05110000)
  from space 2688K, 100% used [0x053b0000, 0x05650000, 0x05650000)
  to   space 2688K,   0% used [0x05110000, 0x05110000, 0x053b0000)
 tenured generation   total 53816K, used 50973K [0x19150000, 0x1c5de000, 0x43c00000)
   the space 53816K,  94% used [0x19150000, 0x1c317630, 0x1c317800, 0x1c5de000)
 Metaspace       used 3544K, capacity 3566K, committed 3648K, reserved 4480K

