# JRE version: Java(TM) SE Runtime Environment (8.0_101-b13) (build 1.8.0_101-b13)
# Java VM: Java HotSpot(TM) Client VM (25.101-b13 mixed mode windows-x86 )
Heap:
 def new generation   total 314560K, used 279616K [0x03c00000, 0x19150000, 0x19150000)
  eden space 279616K, 100% used [0x03c00000, 0x14d10000, 0x14d10000)
  from space 34944K,   0% used [0x14d10000, 0x14d10000, 0x16f30000)
  to   space 34944K,   3% used [0x16f30000, 0x17037210, 0x19150000)
 tenured generation   total 699072K, used 496779K [0x19150000, 0x43c00000, 0x43c00000)
   the space 699072K,  71% used [0x19150000, 0x37672fe8, 0x37673000, 0x43c00000)
 Metaspace       used 3545K, capacity 3598K, committed 3648K, reserved 4480K
GC Heap History (10 events):
Event: 10.231 GC heap after
Heap after GC invocations=94 (full 7):
 def new generation   total 216512K, used 24000K [0x03c00000, 0x126e0000, 0x19150000)
  eden space 192512K,   0% used [0x03c00000, 0x03c00000, 0x0f800000)
  from space 24000K, 100% used [0x0f800000, 0x10f70000, 0x10f70000)
  to   space 24000K,   0% used [0x10f70000, 0x10f70000, 0x126e0000)
 tenured generation   total 480908K, used 388714K [0x19150000, 0x366f3000, 0x43c00000)
   the space 480908K,  80% used [0x19150000, 0x30cea978, 0x30ceaa00, 0x366f3000)
 Metaspace       used 3545K, capacity 3598K, committed 3648K, reserved 4480K
}
Event: 10.562 GC heap before
{Heap before GC invocations=94 (full 7):
 def new generation   total 216512K, used 216512K [0x03c00000, 0x126e0000, 0x19150000)
  eden space 192512K, 100% used [0x03c00000, 0x0f800000, 0x0f800000)
  from space 24000K, 100% used [0x0f800000, 0x10f70000, 0x10f70000)
  to   space 24000K,   0% used [0x10f70000, 0x10f70000, 0x126e0000)
 tenured generation   total 480908K, used 388714K [0x19150000, 0x366f3000, 0x43c00000)
   the space 480908K,  80% used [0x19150000, 0x30cea978, 0x30ceaa00, 0x366f3000)
 Metaspace       used 3545K, capacity 3598K, committed 3648K, reserved 4480K
Event: 10.678 GC heap after
Heap after GC invocations=95 (full 7):
 def new generation   total 216512K, used 24000K [0x03c00000, 0x126e0000, 0x19150000)
  eden space 192512K,   0% used [0x03c00000, 0x03c00000, 0x0f800000)
  from space 24000K, 100% used [0x10f70000, 0x126e0000, 0x126e0000)
  to   space 24000K,   0% used [0x0f800000, 0x0f800000, 0x10f70000)
 tenured generation   total 480908K, used 414234K [0x19150000, 0x366f3000, 0x43c00000)
   the space 480908K,  86% used [0x19150000, 0x325d6bf8, 0x325d6c00, 0x366f3000)
 Metaspace       used 3545K, capacity 3598K, committed 3648K, reserved 4480K
}
Event: 10.993 GC heap before
{Heap before GC invocations=95 (full 7):
 def new generation   total 216512K, used 216512K [0x03c00000, 0x126e0000, 0x19150000)
  eden space 192512K, 100% used [0x03c00000, 0x0f800000, 0x0f800000)
  from space 24000K, 100% used [0x10f70000, 0x126e0000, 0x126e0000)
  to   space 24000K,   0% used [0x0f800000, 0x0f800000, 0x10f70000)
 tenured generation   total 480908K, used 414234K [0x19150000, 0x366f3000, 0x43c00000)
   the space 480908K,  86% used [0x19150000, 0x325d6bf8, 0x325d6c00, 0x366f3000)
 Metaspace       used 3545K, capacity 3598K, committed 3648K, reserved 4480K
Event: 11.122 GC heap after
Heap after GC invocations=96 (full 7):
 def new generation   total 216512K, used 24000K [0x03c00000, 0x126e0000, 0x19150000)
  eden space 192512K,   0% used [0x03c00000, 0x03c00000, 0x0f800000)
  from space 24000K, 100% used [0x0f800000, 0x10f70000, 0x10f70000)
  to   space 24000K,   0% used [0x10f70000, 0x10f70000, 0x126e0000)
 tenured generation   total 480908K, used 442854K [0x19150000, 0x366f3000, 0x43c00000)
   the space 480908K,  92% used [0x19150000, 0x341c9b60, 0x341c9c00, 0x366f3000)
 Metaspace       used 3545K, capacity 3598K, committed 3648K, reserved 4480K
}
Event: 11.464 GC heap before
{Heap before GC invocations=96 (full 7):
 def new generation   total 216512K, used 216512K [0x03c00000, 0x126e0000, 0x19150000)
  eden space 192512K, 100% used [0x03c00000, 0x0f800000, 0x0f800000)
  from space 24000K, 100% used [0x0f800000, 0x10f70000, 0x10f70000)
  to   space 24000K,   0% used [0x10f70000, 0x10f70000, 0x126e0000)
 tenured generation   total 480908K, used 442854K [0x19150000, 0x366f3000, 0x43c00000)
   the space 480908K,  92% used [0x19150000, 0x341c9b60, 0x341c9c00, 0x366f3000)
 Metaspace       used 3545K, capacity 3598K, committed 3648K, reserved 4480K
Event: 11.583 GC heap after
Heap after GC invocations=97 (full 7):
 def new generation   total 216512K, used 23999K [0x03c00000, 0x126e0000, 0x19150000)
  eden space 192512K,   0% used [0x03c00000, 0x03c00000, 0x0f800000)
  from space 24000K,  99% used [0x10f70000, 0x126dfff8, 0x126e0000)
  to   space 24000K,   0% used [0x0f800000, 0x0f800000, 0x10f70000)
 tenured generation   total 480908K, used 466885K [0x19150000, 0x366f3000, 0x43c00000)
   the space 480908K,  97% used [0x19150000, 0x35941748, 0x35941800, 0x366f3000)
 Metaspace       used 3545K, capacity 3598K, committed 3648K, reserved 4480K
}
Event: 11.943 GC heap before
{Heap before GC invocations=97 (full 7):
 def new generation   total 216512K, used 216511K [0x03c00000, 0x126e0000, 0x19150000)
  eden space 192512K, 100% used [0x03c00000, 0x0f800000, 0x0f800000)
  from space 24000K,  99% used [0x10f70000, 0x126dfff8, 0x126e0000)
  to   space 24000K,   0% used [0x0f800000, 0x0f800000, 0x10f70000)
 tenured generation   total 480908K, used 466885K [0x19150000, 0x366f3000, 0x43c00000)
   the space 480908K,  97% used [0x19150000, 0x35941748, 0x35941800, 0x366f3000)
 Metaspace       used 3545K, capacity 3598K, committed 3648K, reserved 4480K
Event: 13.529 GC heap after
Heap after GC invocations=98 (full 8):
 def new generation   total 314560K, used 5899K [0x03c00000, 0x19150000, 0x19150000)
  eden space 279616K,   2% used [0x03c00000, 0x041c2f90, 0x14d10000)
  from space 34944K,   0% used [0x14d10000, 0x14d10000, 0x16f30000)
  to   space 34944K,   0% used [0x16f30000, 0x16f30000, 0x19150000)
 tenured generation   total 699072K, used 496779K [0x19150000, 0x43c00000, 0x43c00000)
   the space 699072K,  71% used [0x19150000, 0x37672fe8, 0x37673000, 0x43c00000)
 Metaspace       used 3545K, capacity 3598K, committed 3648K, reserved 4480K
}
Event: 15.266 GC heap before
{Heap before GC invocations=98 (full 8):
 def new generation   total 314560K, used 279616K [0x03c00000, 0x19150000, 0x19150000)
  eden space 279616K, 100% used [0x03c00000, 0x14d10000, 0x14d10000)
  from space 34944K,   0% used [0x14d10000, 0x14d10000, 0x16f30000)
  to   space 34944K,   0% used [0x16f30000, 0x16f30000, 0x19150000)
 tenured generation   total 699072K, used 496779K [0x19150000, 0x43c00000, 0x43c00000)
   the space 699072K,  71% used [0x19150000, 0x37672fe8, 0x37673000, 0x43c00000)
 Metaspace       used 3545K, capacity 3598K, committed 3648K, reserved 4480K

