# JRE version: Java(TM) SE Runtime Environment (8.0_101-b13) (build 1.8.0_101-b13)
# Java VM: Java HotSpot(TM) Client VM (25.101-b13 mixed mode windows-x86 )
Heap:
 def new generation   total 191104K, used 191104K [0x03c00000, 0x10b50000, 0x19150000)
  eden space 169920K, 100% used [0x03c00000, 0x0e1f0000, 0x0e1f0000)
  from space 21184K, 100% used [0x0f6a0000, 0x10b50000, 0x10b50000)
  to   space 21184K,  75% used [0x0e1f0000, 0x0f193fc0, 0x0f6a0000)
 tenured generation   total 424420K, used 272819K [0x19150000, 0x32fc9000, 0x43c00000)
   the space 424420K,  64% used [0x19150000, 0x29bbcc00, 0x29bbcc00, 0x32fc9000)
 Metaspace       used 3545K, capacity 3598K, committed 3648K, reserved 4480K
GC Heap History (10 events):
Event: 5.387 GC heap after
Heap after GC invocations=86 (full 6):
 def new generation   total 111872K, used 12415K [0x03c00000, 0x0b560000, 0x19150000)
  eden space 99456K,   0% used [0x03c00000, 0x03c00000, 0x09d20000)
  from space 12416K,  99% used [0x09d20000, 0x0a93fff8, 0x0a940000)
  to   space 12416K,   0% used [0x0a940000, 0x0a940000, 0x0b560000)
 tenured generation   total 248508K, used 210631K [0x19150000, 0x283ff000, 0x43c00000)
   the space 248508K,  84% used [0x19150000, 0x25f01df0, 0x25f01e00, 0x283ff000)
 Metaspace       used 3545K, capacity 3598K, committed 3648K, reserved 4480K
}
Event: 5.543 GC heap before
{Heap before GC invocations=86 (full 6):
 def new generation   total 111872K, used 111871K [0x03c00000, 0x0b560000, 0x19150000)
  eden space 99456K, 100% used [0x03c00000, 0x09d20000, 0x09d20000)
  from space 12416K,  99% used [0x09d20000, 0x0a93fff8, 0x0a940000)
  to   space 12416K,   0% used [0x0a940000, 0x0a940000, 0x0b560000)
 tenured generation   total 248508K, used 210631K [0x19150000, 0x283ff000, 0x43c00000)
   the space 248508K,  84% used [0x19150000, 0x25f01df0, 0x25f01e00, 0x283ff000)
 Metaspace       used 3545K, capacity 3598K, committed 3648K, reserved 4480K
Event: 5.612 GC heap after
Heap after GC invocations=87 (full 6):
 def new generation   total 111872K, used 12415K [0x03c00000, 0x0b560000, 0x19150000)
  eden space 99456K,   0% used [0x03c00000, 0x03c00000, 0x09d20000)
  from space 12416K,  99% used [0x0a940000, 0x0b55fff8, 0x0b560000)
  to   space 12416K,   0% used [0x09d20000, 0x09d20000, 0x0a940000)
 tenured generation   total 248508K, used 225298K [0x19150000, 0x283ff000, 0x43c00000)
   the space 248508K,  90% used [0x19150000, 0x26d54b10, 0x26d54c00, 0x283ff000)
 Metaspace       used 3545K, capacity 3598K, committed 3648K, reserved 4480K
}
Event: 5.793 GC heap before
{Heap before GC invocations=87 (full 6):
 def new generation   total 111872K, used 111871K [0x03c00000, 0x0b560000, 0x19150000)
  eden space 99456K, 100% used [0x03c00000, 0x09d20000, 0x09d20000)
  from space 12416K,  99% used [0x0a940000, 0x0b55fff8, 0x0b560000)
  to   space 12416K,   0% used [0x09d20000, 0x09d20000, 0x0a940000)
 tenured generation   total 248508K, used 225298K [0x19150000, 0x283ff000, 0x43c00000)
   the space 248508K,  90% used [0x19150000, 0x26d54b10, 0x26d54c00, 0x283ff000)
 Metaspace       used 3545K, capacity 3598K, committed 3648K, reserved 4480K
Event: 5.857 GC heap after
Heap after GC invocations=88 (full 6):
 def new generation   total 111872K, used 12415K [0x03c00000, 0x0b560000, 0x19150000)
  eden space 99456K,   0% used [0x03c00000, 0x03c00000, 0x09d20000)
  from space 12416K,  99% used [0x09d20000, 0x0a93fff8, 0x0a940000)
  to   space 12416K,   0% used [0x0a940000, 0x0a940000, 0x0b560000)
 tenured generation   total 248508K, used 239049K [0x19150000, 0x283ff000, 0x43c00000)
   the space 248508K,  96% used [0x19150000, 0x27ac2580, 0x27ac2600, 0x283ff000)
 Metaspace       used 3545K, capacity 3598K, committed 3648K, reserved 4480K
}
Event: 6.014 GC heap before
{Heap before GC invocations=88 (full 6):
 def new generation   total 111872K, used 111871K [0x03c00000, 0x0b560000, 0x19150000)
  eden space 99456K, 100% used [0x03c00000, 0x09d20000, 0x09d20000)
  from space 12416K,  99% used [0x09d20000, 0x0a93fff8, 0x0a940000)
  to   space 12416K,   0% used [0x0a940000, 0x0a940000, 0x0b560000)
 tenured generation   total 248508K, used 239049K [0x19150000, 0x283ff000, 0x43c00000)
   the space 248508K,  96% used [0x19150000, 0x27ac2580, 0x27ac2600, 0x283ff000)
 Metaspace       used 3545K, capacity 3598K, committed 3648K, reserved 4480K
Event: 6.707 GC heap after
Heap after GC invocations=89 (full 7):
 def new generation   total 191104K, used 11713K [0x03c00000, 0x10b50000, 0x19150000)
  eden space 169920K,   6% used [0x03c00000, 0x047707f8, 0x0e1f0000)
  from space 21184K,   0% used [0x0e1f0000, 0x0e1f0000, 0x0f6a0000)
  to   space 21184K,   0% used [0x0f6a0000, 0x0f6a0000, 0x10b50000)
 tenured generation   total 424420K, used 254651K [0x19150000, 0x32fc9000, 0x43c00000)
   the space 424420K,  59% used [0x19150000, 0x289feec0, 0x289ff000, 0x32fc9000)
 Metaspace       used 3545K, capacity 3598K, committed 3648K, reserved 4480K
}
Event: 6.983 GC heap before
{Heap before GC invocations=89 (full 7):
 def new generation   total 191104K, used 169920K [0x03c00000, 0x10b50000, 0x19150000)
  eden space 169920K, 100% used [0x03c00000, 0x0e1f0000, 0x0e1f0000)
  from space 21184K,   0% used [0x0e1f0000, 0x0e1f0000, 0x0f6a0000)
  to   space 21184K,   0% used [0x0f6a0000, 0x0f6a0000, 0x10b50000)
 tenured generation   total 424420K, used 254651K [0x19150000, 0x32fc9000, 0x43c00000)
   the space 424420K,  59% used [0x19150000, 0x289feec0, 0x289ff000, 0x32fc9000)
 Metaspace       used 3545K, capacity 3598K, committed 3648K, reserved 4480K
Event: 7.194 GC heap after
Heap after GC invocations=90 (full 7):
 def new generation   total 191104K, used 21184K [0x03c00000, 0x10b50000, 0x19150000)
  eden space 169920K,   0% used [0x03c00000, 0x03c00000, 0x0e1f0000)
  from space 21184K, 100% used [0x0f6a0000, 0x10b50000, 0x10b50000)
  to   space 21184K,   0% used [0x0e1f0000, 0x0e1f0000, 0x0f6a0000)
 tenured generation   total 424420K, used 268525K [0x19150000, 0x32fc9000, 0x43c00000)
   the space 424420K,  63% used [0x19150000, 0x2978b7b0, 0x2978b800, 0x32fc9000)
 Metaspace       used 3545K, capacity 3598K, committed 3648K, reserved 4480K
}
Event: 7.480 GC heap before
{Heap before GC invocations=90 (full 7):
 def new generation   total 191104K, used 191104K [0x03c00000, 0x10b50000, 0x19150000)
  eden space 169920K, 100% used [0x03c00000, 0x0e1f0000, 0x0e1f0000)
  from space 21184K, 100% used [0x0f6a0000, 0x10b50000, 0x10b50000)
  to   space 21184K,   0% used [0x0e1f0000, 0x0e1f0000, 0x0f6a0000)
 tenured generation   total 424420K, used 268525K [0x19150000, 0x32fc9000, 0x43c00000)
   the space 424420K,  63% used [0x19150000, 0x2978b7b0, 0x2978b800, 0x32fc9000)
 Metaspace       used 3545K, capacity 3598K, committed 3648K, reserved 4480K

