# JRE version: Java(TM) SE Runtime Environment (8.0_101-b13) (build 1.8.0_101-b13)
# Java VM: Java HotSpot(TM) Client VM (25.101-b13 mixed mode windows-x86 )
Heap:
 def new generation   total 314560K, used 314559K [0x03c00000, 0x19150000, 0x19150000)
  eden space 279616K, 100% used [0x03c00000, 0x14d10000, 0x14d10000)
  from space 34944K,  99% used [0x14d10000, 0x16f2fff8, 0x16f30000)
  to   space 34944K,   0% used [0x16f30000, 0x16f30000, 0x19150000)
 tenured generation   total 699072K, used 511228K [0x19150000, 0x43c00000, 0x43c00000)
   the space 699072K,  73% used [0x19150000, 0x3848f3b8, 0x3848f400, 0x43c00000)
 Metaspace       used 3551K, capacity 3598K, committed 3648K, reserved 4480K
GC Heap History (10 events):
Event: 9.876 GC heap before
{Heap before GC invocations=95 (full 7):
 def new generation   total 199168K, used 199167K [0x03c00000, 0x11410000, 0x19150000)
  eden space 177088K, 100% used [0x03c00000, 0x0e8f0000, 0x0e8f0000)
  from space 22080K,  99% used [0x0e8f0000, 0x0fe7fff8, 0x0fe80000)
  to   space 22080K,   0% used [0x0fe80000, 0x0fe80000, 0x11410000)
 tenured generation   total 442416K, used 409325K [0x19150000, 0x3415c000, 0x43c00000)
   the space 442416K,  92% used [0x19150000, 0x3210b590, 0x3210b600, 0x3415c000)
 Metaspace       used 3547K, capacity 3598K, committed 3648K, reserved 4480K
Event: 9.990 GC heap after
Heap after GC invocations=96 (full 7):
 def new generation   total 199168K, used 22079K [0x03c00000, 0x11410000, 0x19150000)
  eden space 177088K,   0% used [0x03c00000, 0x03c00000, 0x0e8f0000)
  from space 22080K,  99% used [0x0fe80000, 0x1140fff8, 0x11410000)
  to   space 22080K,   0% used [0x0e8f0000, 0x0e8f0000, 0x0fe80000)
 tenured generation   total 442416K, used 433596K [0x19150000, 0x3415c000, 0x43c00000)
   the space 442416K,  98% used [0x19150000, 0x338bf298, 0x338bf400, 0x3415c000)
 Metaspace       used 3547K, capacity 3598K, committed 3648K, reserved 4480K
}
Event: 9.993 GC heap before
{Heap before GC invocations=96 (full 7):
 def new generation   total 199168K, used 24922K [0x03c00000, 0x11410000, 0x19150000)
  eden space 177088K,   1% used [0x03c00000, 0x03ec6b98, 0x0e8f0000)
  from space 22080K,  99% used [0x0fe80000, 0x1140fff8, 0x11410000)
  to   space 22080K,   0% used [0x0e8f0000, 0x0e8f0000, 0x0fe80000)
 tenured generation   total 442416K, used 433596K [0x19150000, 0x3415c000, 0x43c00000)
   the space 442416K,  98% used [0x19150000, 0x338bf298, 0x338bf400, 0x3415c000)
 Metaspace       used 3547K, capacity 3598K, committed 3648K, reserved 4480K
Event: 10.046 GC heap after
Heap after GC invocations=97 (full 7):
 def new generation   total 199168K, used 365K [0x03c00000, 0x11410000, 0x19150000)
  eden space 177088K,   0% used [0x03c00000, 0x03c00000, 0x0e8f0000)
  from space 22080K,   1% used [0x0e8f0000, 0x0e94b7d0, 0x0fe80000)
  to   space 22080K,   0% used [0x0fe80000, 0x0fe80000, 0x11410000)
 tenured generation   total 455728K, used 455662K [0x19150000, 0x34e5c000, 0x43c00000)
   the space 455728K,  99% used [0x19150000, 0x34e4ba88, 0x34e4bc00, 0x34e5c000)
 Metaspace       used 3547K, capacity 3598K, committed 3648K, reserved 4480K
}
Event: 10.344 GC heap before
{Heap before GC invocations=97 (full 7):
 def new generation   total 199168K, used 177453K [0x03c00000, 0x11410000, 0x19150000)
  eden space 177088K, 100% used [0x03c00000, 0x0e8f0000, 0x0e8f0000)
  from space 22080K,   1% used [0x0e8f0000, 0x0e94b7d0, 0x0fe80000)
  to   space 22080K,   0% used [0x0fe80000, 0x0fe80000, 0x11410000)
 tenured generation   total 455728K, used 455662K [0x19150000, 0x34e5c000, 0x43c00000)
   the space 455728K,  99% used [0x19150000, 0x34e4ba88, 0x34e4bc00, 0x34e5c000)
 Metaspace       used 3547K, capacity 3598K, committed 3648K, reserved 4480K
Event: 11.745 GC heap after
Heap after GC invocations=98 (full 8):
 def new generation   total 314560K, used 3586K [0x03c00000, 0x19150000, 0x19150000)
  eden space 279616K,   1% used [0x03c00000, 0x03f809a8, 0x14d10000)
  from space 34944K,   0% used [0x14d10000, 0x14d10000, 0x16f30000)
  to   space 34944K,   0% used [0x16f30000, 0x16f30000, 0x19150000)
 tenured generation   total 699072K, used 456879K [0x19150000, 0x43c00000, 0x43c00000)
   the space 699072K,  65% used [0x19150000, 0x34f7bff0, 0x34f7c000, 0x43c00000)
 Metaspace       used 3547K, capacity 3598K, committed 3648K, reserved 4480K
}
Event: 12.196 GC heap before
{Heap before GC invocations=98 (full 8):
 def new generation   total 314560K, used 279616K [0x03c00000, 0x19150000, 0x19150000)
  eden space 279616K, 100% used [0x03c00000, 0x14d10000, 0x14d10000)
  from space 34944K,   0% used [0x14d10000, 0x14d10000, 0x16f30000)
  to   space 34944K,   0% used [0x16f30000, 0x16f30000, 0x19150000)
 tenured generation   total 699072K, used 456879K [0x19150000, 0x43c00000, 0x43c00000)
   the space 699072K,  65% used [0x19150000, 0x34f7bff0, 0x34f7c000, 0x43c00000)
 Metaspace       used 3547K, capacity 3598K, committed 3648K, reserved 4480K
Event: 12.547 GC heap after
Heap after GC invocations=99 (full 8):
 def new generation   total 314560K, used 34944K [0x03c00000, 0x19150000, 0x19150000)
  eden space 279616K,   0% used [0x03c00000, 0x03c00000, 0x14d10000)
  from space 34944K, 100% used [0x16f30000, 0x19150000, 0x19150000)
  to   space 34944K,   0% used [0x14d10000, 0x14d10000, 0x16f30000)
 tenured generation   total 699072K, used 466596K [0x19150000, 0x43c00000, 0x43c00000)
   the space 699072K,  66% used [0x19150000, 0x358f9200, 0x358f9200, 0x43c00000)
 Metaspace       used 3547K, capacity 3598K, committed 3648K, reserved 4480K
}
Event: 13.470 GC heap before
{Heap before GC invocations=99 (full 8):
 def new generation   total 314560K, used 314560K [0x03c00000, 0x19150000, 0x19150000)
  eden space 279616K, 100% used [0x03c00000, 0x14d10000, 0x14d10000)
  from space 34944K, 100% used [0x16f30000, 0x19150000, 0x19150000)
  to   space 34944K,   0% used [0x14d10000, 0x14d10000, 0x16f30000)
 tenured generation   total 699072K, used 466596K [0x19150000, 0x43c00000, 0x43c00000)
   the space 699072K,  66% used [0x19150000, 0x358f9200, 0x358f9200, 0x43c00000)
 Metaspace       used 3547K, capacity 3598K, committed 3648K, reserved 4480K
Event: 13.673 GC heap after
Heap after GC invocations=100 (full 8):
 def new generation   total 314560K, used 34943K [0x03c00000, 0x19150000, 0x19150000)
  eden space 279616K,   0% used [0x03c00000, 0x03c00000, 0x14d10000)
  from space 34944K,  99% used [0x14d10000, 0x16f2fff8, 0x16f30000)
  to   space 34944K,   0% used [0x16f30000, 0x16f30000, 0x19150000)
 tenured generation   total 699072K, used 511228K [0x19150000, 0x43c00000, 0x43c00000)
   the space 699072K,  73% used [0x19150000, 0x3848f3b8, 0x3848f400, 0x43c00000)
 Metaspace       used 3547K, capacity 3598K, committed 3648K, reserved 4480K
}

