# JRE version: Java(TM) SE Runtime Environment (8.0_101-b13) (build 1.8.0_101-b13)
# Java VM: Java HotSpot(TM) Client VM (25.101-b13 mixed mode windows-x86 )
Heap:
 def new generation   total 119040K, used 105856K [0x03c00000, 0x0bd20000, 0x19150000)
  eden space 105856K, 100% used [0x03c00000, 0x0a360000, 0x0a360000)
  from space 13184K,   0% used [0x0a360000, 0x0a360000, 0x0b040000)
  to   space 13184K,  99% used [0x0b040000, 0x0bd1fff8, 0x0bd20000)
 tenured generation   total 264376K, used 193683K [0x19150000, 0x2937e000, 0x43c00000)
   the space 264376K,  73% used [0x19150000, 0x24e74c80, 0x24e74e00, 0x2937e000)
 Metaspace       used 3555K, capacity 3598K, committed 3648K, reserved 4480K
GC Heap History (10 events):
Event: 3.498 GC heap after
Heap after GC invocations=57 (full 5):
 def new generation   total 68736K, used 7615K [0x03c00000, 0x08690000, 0x19150000)
  eden space 61120K,   0% used [0x03c00000, 0x03c00000, 0x077b0000)
  from space 7616K,  99% used [0x07f20000, 0x0868fff8, 0x08690000)
  to   space 7616K,   0% used [0x077b0000, 0x077b0000, 0x07f20000)
 tenured generation   total 152608K, used 133070K [0x19150000, 0x22658000, 0x43c00000)
   the space 152608K,  87% used [0x19150000, 0x21343ab0, 0x21343c00, 0x22658000)
 Metaspace       used 3535K, capacity 3560K, committed 3648K, reserved 4480K
}
Event: 3.498 GC heap before
{Heap before GC invocations=57 (full 5):
 def new generation   total 68736K, used 8599K [0x03c00000, 0x08690000, 0x19150000)
  eden space 61120K,   1% used [0x03c00000, 0x03cf5ea8, 0x077b0000)
  from space 7616K,  99% used [0x07f20000, 0x0868fff8, 0x08690000)
  to   space 7616K,   0% used [0x077b0000, 0x077b0000, 0x07f20000)
 tenured generation   total 152608K, used 133070K [0x19150000, 0x22658000, 0x43c00000)
   the space 152608K,  87% used [0x19150000, 0x21343ab0, 0x21343c00, 0x22658000)
 Metaspace       used 3535K, capacity 3560K, committed 3648K, reserved 4480K
Event: 3.516 GC heap after
Heap after GC invocations=58 (full 5):
 def new generation   total 68736K, used 5K [0x03c00000, 0x08690000, 0x19150000)
  eden space 61120K,   0% used [0x03c00000, 0x03c00000, 0x077b0000)
  from space 7616K,   0% used [0x077b0000, 0x077b16e8, 0x07f20000)
  to   space 7616K,   0% used [0x07f20000, 0x07f20000, 0x08690000)
 tenured generation   total 152608K, used 140684K [0x19150000, 0x22658000, 0x43c00000)
   the space 152608K,  92% used [0x19150000, 0x21ab31c0, 0x21ab3200, 0x22658000)
 Metaspace       used 3535K, capacity 3560K, committed 3648K, reserved 4480K
}
Event: 3.626 GC heap before
{Heap before GC invocations=58 (full 5):
 def new generation   total 68736K, used 61125K [0x03c00000, 0x08690000, 0x19150000)
  eden space 61120K, 100% used [0x03c00000, 0x077b0000, 0x077b0000)
  from space 7616K,   0% used [0x077b0000, 0x077b16e8, 0x07f20000)
  to   space 7616K,   0% used [0x07f20000, 0x07f20000, 0x08690000)
 tenured generation   total 152608K, used 140684K [0x19150000, 0x22658000, 0x43c00000)
   the space 152608K,  92% used [0x19150000, 0x21ab31c0, 0x21ab3200, 0x22658000)
 Metaspace       used 3555K, capacity 3598K, committed 3648K, reserved 4480K
Event: 3.650 GC heap after
Heap after GC invocations=59 (full 5):
 def new generation   total 68736K, used 7616K [0x03c00000, 0x08690000, 0x19150000)
  eden space 61120K,   0% used [0x03c00000, 0x03c00000, 0x077b0000)
  from space 7616K, 100% used [0x07f20000, 0x08690000, 0x08690000)
  to   space 7616K,   0% used [0x077b0000, 0x077b0000, 0x07f20000)
 tenured generation   total 152608K, used 141785K [0x19150000, 0x22658000, 0x43c00000)
   the space 152608K,  92% used [0x19150000, 0x21bc6518, 0x21bc6600, 0x22658000)
 Metaspace       used 3555K, capacity 3598K, committed 3648K, reserved 4480K
}
Event: 3.747 GC heap before
{Heap before GC invocations=59 (full 5):
 def new generation   total 68736K, used 68736K [0x03c00000, 0x08690000, 0x19150000)
  eden space 61120K, 100% used [0x03c00000, 0x077b0000, 0x077b0000)
  from space 7616K, 100% used [0x07f20000, 0x08690000, 0x08690000)
  to   space 7616K,   0% used [0x077b0000, 0x077b0000, 0x07f20000)
 tenured generation   total 152608K, used 141785K [0x19150000, 0x22658000, 0x43c00000)
   the space 152608K,  92% used [0x19150000, 0x21bc6518, 0x21bc6600, 0x22658000)
 Metaspace       used 3555K, capacity 3598K, committed 3648K, reserved 4480K
Event: 3.790 GC heap after
Heap after GC invocations=60 (full 5):
 def new generation   total 68736K, used 7616K [0x03c00000, 0x08690000, 0x19150000)
  eden space 61120K,   0% used [0x03c00000, 0x03c00000, 0x077b0000)
  from space 7616K, 100% used [0x077b0000, 0x07f20000, 0x07f20000)
  to   space 7616K,   0% used [0x07f20000, 0x07f20000, 0x08690000)
 tenured generation   total 152608K, used 151138K [0x19150000, 0x22658000, 0x43c00000)
   the space 152608K,  99% used [0x19150000, 0x224e8af0, 0x224e8c00, 0x22658000)
 Metaspace       used 3555K, capacity 3598K, committed 3648K, reserved 4480K
}
Event: 3.912 GC heap before
{Heap before GC invocations=60 (full 5):
 def new generation   total 68736K, used 68736K [0x03c00000, 0x08690000, 0x19150000)
  eden space 61120K, 100% used [0x03c00000, 0x077b0000, 0x077b0000)
  from space 7616K, 100% used [0x077b0000, 0x07f20000, 0x07f20000)
  to   space 7616K,   0% used [0x07f20000, 0x07f20000, 0x08690000)
 tenured generation   total 152608K, used 151138K [0x19150000, 0x22658000, 0x43c00000)
   the space 152608K,  99% used [0x19150000, 0x224e8af0, 0x224e8c00, 0x22658000)
 Metaspace       used 3555K, capacity 3598K, committed 3648K, reserved 4480K
Event: 4.313 GC heap after
Heap after GC invocations=61 (full 6):
 def new generation   total 119040K, used 7597K [0x03c00000, 0x0bd20000, 0x19150000)
  eden space 105856K,   7% used [0x03c00000, 0x0436b698, 0x0a360000)
  from space 13184K,   0% used [0x0a360000, 0x0a360000, 0x0b040000)
  to   space 13184K,   0% used [0x0b040000, 0x0b040000, 0x0bd20000)
 tenured generation   total 264376K, used 158623K [0x19150000, 0x2937e000, 0x43c00000)
   the space 264376K,  59% used [0x19150000, 0x22c37ff8, 0x22c38000, 0x2937e000)
 Metaspace       used 3555K, capacity 3598K, committed 3648K, reserved 4480K
}
Event: 4.499 GC heap before
{Heap before GC invocations=61 (full 6):
 def new generation   total 119040K, used 105856K [0x03c00000, 0x0bd20000, 0x19150000)
  eden space 105856K, 100% used [0x03c00000, 0x0a360000, 0x0a360000)
  from space 13184K,   0% used [0x0a360000, 0x0a360000, 0x0b040000)
  to   space 13184K,   0% used [0x0b040000, 0x0b040000, 0x0bd20000)
 tenured generation   total 264376K, used 158623K [0x19150000, 0x2937e000, 0x43c00000)
   the space 264376K,  59% used [0x19150000, 0x22c37ff8, 0x22c38000, 0x2937e000)
 Metaspace       used 3555K, capacity 3598K, committed 3648K, reserved 4480K

