# JRE version: Java(TM) SE Runtime Environment (8.0_101-b13) (build 1.8.0_101-b13)
# Java VM: Java HotSpot(TM) Client VM (25.101-b13 mixed mode windows-x86 )
Heap:
 def new generation   total 23232K, used 23232K [0x03e00000, 0x05730000, 0x19350000)
  eden space 20672K, 100% used [0x03e00000, 0x05230000, 0x05230000)
  from space 2560K, 100% used [0x05230000, 0x054b0000, 0x054b0000)
  to   space 2560K,  50% used [0x054b0000, 0x055f6518, 0x05730000)
 tenured generation   total 699072K, used 37919K [0x19350000, 0x43e00000, 0x43e00000)
   the space 699072K,   5% used [0x19350000, 0x1b857fc8, 0x1b858000, 0x43e00000)
 Metaspace       used 3550K, capacity 3598K, committed 3648K, reserved 4480K
GC Heap History (10 events):
Event: 1.097 GC heap after
Heap after GC invocations=33 (full 2):
 def new generation   total 13184K, used 1408K [0x03e00000, 0x04c40000, 0x19350000)
  eden space 11776K,   0% used [0x03e00000, 0x03e00000, 0x04980000)
  from space 1408K, 100% used [0x04980000, 0x04ae0000, 0x04ae0000)
  to   space 1408K,   0% used [0x04ae0000, 0x04ae0000, 0x04c40000)
 tenured generation   total 29068K, used 27117K [0x19350000, 0x1afb3000, 0x43e00000)
   the space 29068K,  93% used [0x19350000, 0x1adcb738, 0x1adcb800, 0x1afb3000)
 Metaspace       used 3546K, capacity 3598K, committed 3648K, reserved 4480K
}
Event: 1.120 GC heap before
{Heap before GC invocations=33 (full 2):
 def new generation   total 13184K, used 13184K [0x03e00000, 0x04c40000, 0x19350000)
  eden space 11776K, 100% used [0x03e00000, 0x04980000, 0x04980000)
  from space 1408K, 100% used [0x04980000, 0x04ae0000, 0x04ae0000)
  to   space 1408K,   0% used [0x04ae0000, 0x04ae0000, 0x04c40000)
 tenured generation   total 29068K, used 27117K [0x19350000, 0x1afb3000, 0x43e00000)
   the space 29068K,  93% used [0x19350000, 0x1adcb738, 0x1adcb800, 0x1afb3000)
 Metaspace       used 3546K, capacity 3598K, committed 3648K, reserved 4480K
Event: 1.127 GC heap after
Heap after GC invocations=34 (full 2):
 def new generation   total 13184K, used 1408K [0x03e00000, 0x04c40000, 0x19350000)
  eden space 11776K,   0% used [0x03e00000, 0x03e00000, 0x04980000)
  from space 1408K, 100% used [0x04ae0000, 0x04c40000, 0x04c40000)
  to   space 1408K,   0% used [0x04980000, 0x04980000, 0x04ae0000)
 tenured generation   total 29068K, used 28578K [0x19350000, 0x1afb3000, 0x43e00000)
   the space 29068K,  98% used [0x19350000, 0x1af38a18, 0x1af38c00, 0x1afb3000)
 Metaspace       used 3546K, capacity 3598K, committed 3648K, reserved 4480K
}
Event: 1.149 GC heap before
{Heap before GC invocations=34 (full 2):
 def new generation   total 13184K, used 13184K [0x03e00000, 0x04c40000, 0x19350000)
  eden space 11776K, 100% used [0x03e00000, 0x04980000, 0x04980000)
  from space 1408K, 100% used [0x04ae0000, 0x04c40000, 0x04c40000)
  to   space 1408K,   0% used [0x04980000, 0x04980000, 0x04ae0000)
 tenured generation   total 29068K, used 28578K [0x19350000, 0x1afb3000, 0x43e00000)
   the space 29068K,  98% used [0x19350000, 0x1af38a18, 0x1af38c00, 0x1afb3000)
 Metaspace       used 3546K, capacity 3598K, committed 3648K, reserved 4480K
Event: 1.227 GC heap after
Heap after GC invocations=35 (full 3):
 def new generation   total 23232K, used 1294K [0x03e00000, 0x05730000, 0x19350000)
  eden space 20672K,   6% used [0x03e00000, 0x03f43ba0, 0x05230000)
  from space 2560K,   0% used [0x05230000, 0x05230000, 0x054b0000)
  to   space 2560K,   0% used [0x054b0000, 0x054b0000, 0x05730000)
 tenured generation   total 51428K, used 30855K [0x19350000, 0x1c589000, 0x43e00000)
   the space 51428K,  59% used [0x19350000, 0x1b171eb0, 0x1b172000, 0x1c589000)
 Metaspace       used 3546K, capacity 3598K, committed 3648K, reserved 4480K
}
Event: 1.259 GC heap before
{Heap before GC invocations=35 (full 3):
 def new generation   total 23232K, used 20672K [0x03e00000, 0x05730000, 0x19350000)
  eden space 20672K, 100% used [0x03e00000, 0x05230000, 0x05230000)
  from space 2560K,   0% used [0x05230000, 0x05230000, 0x054b0000)
  to   space 2560K,   0% used [0x054b0000, 0x054b0000, 0x05730000)
 tenured generation   total 51428K, used 30855K [0x19350000, 0x1c589000, 0x43e00000)
   the space 51428K,  59% used [0x19350000, 0x1b171eb0, 0x1b172000, 0x1c589000)
 Metaspace       used 3550K, capacity 3598K, committed 3648K, reserved 4480K
Event: 1.285 GC heap after
Heap after GC invocations=36 (full 3):
 def new generation   total 23232K, used 2559K [0x03e00000, 0x05730000, 0x19350000)
  eden space 20672K,   0% used [0x03e00000, 0x03e00000, 0x05230000)
  from space 2560K,  99% used [0x054b0000, 0x0572fff8, 0x05730000)
  to   space 2560K,   0% used [0x05230000, 0x05230000, 0x054b0000)
 tenured generation   total 51428K, used 33009K [0x19350000, 0x1c589000, 0x43e00000)
   the space 51428K,  64% used [0x19350000, 0x1b38c550, 0x1b38c600, 0x1c589000)
 Metaspace       used 3550K, capacity 3598K, committed 3648K, reserved 4480K
}
Event: 1.323 GC heap before
{Heap before GC invocations=36 (full 3):
 def new generation   total 23232K, used 23231K [0x03e00000, 0x05730000, 0x19350000)
  eden space 20672K, 100% used [0x03e00000, 0x05230000, 0x05230000)
  from space 2560K,  99% used [0x054b0000, 0x0572fff8, 0x05730000)
  to   space 2560K,   0% used [0x05230000, 0x05230000, 0x054b0000)
 tenured generation   total 51428K, used 33009K [0x19350000, 0x1c589000, 0x43e00000)
   the space 51428K,  64% used [0x19350000, 0x1b38c550, 0x1b38c600, 0x1c589000)
 Metaspace       used 3550K, capacity 3598K, committed 3648K, reserved 4480K
Event: 1.338 GC heap after
Heap after GC invocations=37 (full 3):
 def new generation   total 23232K, used 2560K [0x03e00000, 0x05730000, 0x19350000)
  eden space 20672K,   0% used [0x03e00000, 0x03e00000, 0x05230000)
  from space 2560K, 100% used [0x05230000, 0x054b0000, 0x054b0000)
  to   space 2560K,   0% used [0x054b0000, 0x054b0000, 0x05730000)
 tenured generation   total 51428K, used 35927K [0x19350000, 0x1c589000, 0x43e00000)
   the space 51428K,  69% used [0x19350000, 0x1b665d30, 0x1b665e00, 0x1c589000)
 Metaspace       used 3550K, capacity 3598K, committed 3648K, reserved 4480K
}
Event: 1.372 GC heap before
{Heap before GC invocations=37 (full 3):
 def new generation   total 23232K, used 23232K [0x03e00000, 0x05730000, 0x19350000)
  eden space 20672K, 100% used [0x03e00000, 0x05230000, 0x05230000)
  from space 2560K, 100% used [0x05230000, 0x054b0000, 0x054b0000)
  to   space 2560K,   0% used [0x054b0000, 0x054b0000, 0x05730000)
 tenured generation   total 51428K, used 35927K [0x19350000, 0x1c589000, 0x43e00000)
   the space 51428K,  69% used [0x19350000, 0x1b665d30, 0x1b665e00, 0x1c589000)
 Metaspace       used 3550K, capacity 3598K, committed 3648K, reserved 4480K

