# JRE version: Java(TM) SE Runtime Environment (8.0_101-b13) (build 1.8.0_101-b13)
# Java VM: Java HotSpot(TM) Client VM (25.101-b13 mixed mode windows-x86 )
Heap:
 def new generation   total 41472K, used 4543K [0x03c00000, 0x068f0000, 0x19150000)
  eden space 36928K,   0% used [0x03c00000, 0x03c00000, 0x06010000)
  from space 4544K,  99% used [0x06480000, 0x068efff8, 0x068f0000)
  to   space 4544K,   0% used [0x06010000, 0x06010000, 0x06480000)
 tenured generation   total 97136K, used 97098K [0x19150000, 0x1f02c000, 0x43c00000)
   the space 97136K,  99% used [0x19150000, 0x1f0228f0, 0x1f022a00, 0x1f02c000)
 Metaspace       used 3543K, capacity 3566K, committed 3648K, reserved 4480K
GC Heap History (10 events):
Event: 2.308 GC heap after
Heap after GC invocations=67 (full 4):
 def new generation   total 41472K, used 4544K [0x03c00000, 0x068f0000, 0x19150000)
  eden space 36928K,   0% used [0x03c00000, 0x03c00000, 0x06010000)
  from space 4544K, 100% used [0x06010000, 0x06480000, 0x06480000)
  to   space 4544K,   0% used [0x06480000, 0x06480000, 0x068f0000)
 tenured generation   total 91888K, used 71570K [0x19150000, 0x1eb0c000, 0x43c00000)
   the space 91888K,  77% used [0x19150000, 0x1d734990, 0x1d734a00, 0x1eb0c000)
 Metaspace       used 3543K, capacity 3566K, committed 3648K, reserved 4480K
}
Event: 2.372 GC heap before
{Heap before GC invocations=67 (full 4):
 def new generation   total 41472K, used 41472K [0x03c00000, 0x068f0000, 0x19150000)
  eden space 36928K, 100% used [0x03c00000, 0x06010000, 0x06010000)
  from space 4544K, 100% used [0x06010000, 0x06480000, 0x06480000)
  to   space 4544K,   0% used [0x06480000, 0x06480000, 0x068f0000)
 tenured generation   total 91888K, used 71570K [0x19150000, 0x1eb0c000, 0x43c00000)
   the space 91888K,  77% used [0x19150000, 0x1d734990, 0x1d734a00, 0x1eb0c000)
 Metaspace       used 3543K, capacity 3566K, committed 3648K, reserved 4480K
Event: 2.397 GC heap after
Heap after GC invocations=68 (full 4):
 def new generation   total 41472K, used 4544K [0x03c00000, 0x068f0000, 0x19150000)
  eden space 36928K,   0% used [0x03c00000, 0x03c00000, 0x06010000)
  from space 4544K, 100% used [0x06480000, 0x068f0000, 0x068f0000)
  to   space 4544K,   0% used [0x06010000, 0x06010000, 0x06480000)
 tenured generation   total 91888K, used 76767K [0x19150000, 0x1eb0c000, 0x43c00000)
   the space 91888K,  83% used [0x19150000, 0x1dc47ff0, 0x1dc48000, 0x1eb0c000)
 Metaspace       used 3543K, capacity 3566K, committed 3648K, reserved 4480K
}
Event: 2.460 GC heap before
{Heap before GC invocations=68 (full 4):
 def new generation   total 41472K, used 41472K [0x03c00000, 0x068f0000, 0x19150000)
  eden space 36928K, 100% used [0x03c00000, 0x06010000, 0x06010000)
  from space 4544K, 100% used [0x06480000, 0x068f0000, 0x068f0000)
  to   space 4544K,   0% used [0x06010000, 0x06010000, 0x06480000)
 tenured generation   total 91888K, used 76767K [0x19150000, 0x1eb0c000, 0x43c00000)
   the space 91888K,  83% used [0x19150000, 0x1dc47ff0, 0x1dc48000, 0x1eb0c000)
 Metaspace       used 3543K, capacity 3566K, committed 3648K, reserved 4480K
Event: 2.482 GC heap after
Heap after GC invocations=69 (full 4):
 def new generation   total 41472K, used 4543K [0x03c00000, 0x068f0000, 0x19150000)
  eden space 36928K,   0% used [0x03c00000, 0x03c00000, 0x06010000)
  from space 4544K,  99% used [0x06010000, 0x0647fff8, 0x06480000)
  to   space 4544K,   0% used [0x06480000, 0x06480000, 0x068f0000)
 tenured generation   total 91888K, used 81862K [0x19150000, 0x1eb0c000, 0x43c00000)
   the space 91888K,  89% used [0x19150000, 0x1e141b20, 0x1e141c00, 0x1eb0c000)
 Metaspace       used 3543K, capacity 3566K, committed 3648K, reserved 4480K
}
Event: 2.540 GC heap before
{Heap before GC invocations=69 (full 4):
 def new generation   total 41472K, used 41471K [0x03c00000, 0x068f0000, 0x19150000)
  eden space 36928K, 100% used [0x03c00000, 0x06010000, 0x06010000)
  from space 4544K,  99% used [0x06010000, 0x0647fff8, 0x06480000)
  to   space 4544K,   0% used [0x06480000, 0x06480000, 0x068f0000)
 tenured generation   total 91888K, used 81862K [0x19150000, 0x1eb0c000, 0x43c00000)
   the space 91888K,  89% used [0x19150000, 0x1e141b20, 0x1e141c00, 0x1eb0c000)
 Metaspace       used 3543K, capacity 3566K, committed 3648K, reserved 4480K
Event: 2.563 GC heap after
Heap after GC invocations=70 (full 4):
 def new generation   total 41472K, used 4544K [0x03c00000, 0x068f0000, 0x19150000)
  eden space 36928K,   0% used [0x03c00000, 0x03c00000, 0x06010000)
  from space 4544K, 100% used [0x06480000, 0x068f0000, 0x068f0000)
  to   space 4544K,   0% used [0x06010000, 0x06010000, 0x06480000)
 tenured generation   total 91888K, used 86817K [0x19150000, 0x1eb0c000, 0x43c00000)
   the space 91888K,  94% used [0x19150000, 0x1e6187e0, 0x1e618800, 0x1eb0c000)
 Metaspace       used 3543K, capacity 3566K, committed 3648K, reserved 4480K
}
Event: 2.619 GC heap before
{Heap before GC invocations=70 (full 4):
 def new generation   total 41472K, used 41472K [0x03c00000, 0x068f0000, 0x19150000)
  eden space 36928K, 100% used [0x03c00000, 0x06010000, 0x06010000)
  from space 4544K, 100% used [0x06480000, 0x068f0000, 0x068f0000)
  to   space 4544K,   0% used [0x06010000, 0x06010000, 0x06480000)
 tenured generation   total 91888K, used 86817K [0x19150000, 0x1eb0c000, 0x43c00000)
   the space 91888K,  94% used [0x19150000, 0x1e6187e0, 0x1e618800, 0x1eb0c000)
 Metaspace       used 3543K, capacity 3566K, committed 3648K, reserved 4480K
Event: 2.640 GC heap after
Heap after GC invocations=71 (full 4):
 def new generation   total 41472K, used 4544K [0x03c00000, 0x068f0000, 0x19150000)
  eden space 36928K,   0% used [0x03c00000, 0x03c00000, 0x06010000)
  from space 4544K, 100% used [0x06010000, 0x06480000, 0x06480000)
  to   space 4544K,   0% used [0x06480000, 0x06480000, 0x068f0000)
 tenured generation   total 91888K, used 91657K [0x19150000, 0x1eb0c000, 0x43c00000)
   the space 91888K,  99% used [0x19150000, 0x1ead2418, 0x1ead2600, 0x1eb0c000)
 Metaspace       used 3543K, capacity 3566K, committed 3648K, reserved 4480K
}
Event: 2.704 GC heap before
{Heap before GC invocations=71 (full 4):
 def new generation   total 41472K, used 41472K [0x03c00000, 0x068f0000, 0x19150000)
  eden space 36928K, 100% used [0x03c00000, 0x06010000, 0x06010000)
  from space 4544K, 100% used [0x06010000, 0x06480000, 0x06480000)
  to   space 4544K,   0% used [0x06480000, 0x06480000, 0x068f0000)
 tenured generation   total 91888K, used 91657K [0x19150000, 0x1eb0c000, 0x43c00000)
   the space 91888K,  99% used [0x19150000, 0x1ead2418, 0x1ead2600, 0x1eb0c000)
 Metaspace       used 3543K, capacity 3566K, committed 3648K, reserved 4480K

