# JRE version: Java(TM) SE Runtime Environment (8.0_101-b13) (build 1.8.0_101-b13)
# Java VM: Java HotSpot(TM) Client VM (25.101-b13 mixed mode windows-x86 )
Heap:
 def new generation   total 69248K, used 69248K [0x03e00000, 0x08920000, 0x19350000)
  eden space 61568K, 100% used [0x03e00000, 0x07a20000, 0x07a20000)
  from space 7680K, 100% used [0x07a20000, 0x081a0000, 0x081a0000)
  to   space 7680K, 100% used [0x081a0000, 0x08920000, 0x08920000)
 tenured generation   total 153756K, used 149731K [0x19350000, 0x22977000, 0x43e00000)
   the space 153756K,  97% used [0x19350000, 0x22588ce8, 0x22588e00, 0x22977000)
 Metaspace       used 3546K, capacity 3598K, committed 3648K, reserved 4480K
GC Heap History (10 events):
Event: 3.048 GC heap after
Heap after GC invocations=54 (full 5):
 def new generation   total 69248K, used 7679K [0x03e00000, 0x08920000, 0x19350000)
  eden space 61568K,   0% used [0x03e00000, 0x03e00000, 0x07a20000)
  from space 7680K,  99% used [0x07a20000, 0x0819fff8, 0x081a0000)
  to   space 7680K,   0% used [0x081a0000, 0x081a0000, 0x08920000)
 tenured generation   total 153756K, used 106262K [0x19350000, 0x22977000, 0x43e00000)
   the space 153756K,  69% used [0x19350000, 0x1fb15b98, 0x1fb15c00, 0x22977000)
 Metaspace       used 3545K, capacity 3598K, committed 3648K, reserved 4480K
}
Event: 3.148 GC heap before
{Heap before GC invocations=54 (full 5):
 def new generation   total 69248K, used 69247K [0x03e00000, 0x08920000, 0x19350000)
  eden space 61568K, 100% used [0x03e00000, 0x07a20000, 0x07a20000)
  from space 7680K,  99% used [0x07a20000, 0x0819fff8, 0x081a0000)
  to   space 7680K,   0% used [0x081a0000, 0x081a0000, 0x08920000)
 tenured generation   total 153756K, used 106262K [0x19350000, 0x22977000, 0x43e00000)
   the space 153756K,  69% used [0x19350000, 0x1fb15b98, 0x1fb15c00, 0x22977000)
 Metaspace       used 3545K, capacity 3598K, committed 3648K, reserved 4480K
Event: 3.191 GC heap after
Heap after GC invocations=55 (full 5):
 def new generation   total 69248K, used 7680K [0x03e00000, 0x08920000, 0x19350000)
  eden space 61568K,   0% used [0x03e00000, 0x03e00000, 0x07a20000)
  from space 7680K, 100% used [0x081a0000, 0x08920000, 0x08920000)
  to   space 7680K,   0% used [0x07a20000, 0x07a20000, 0x081a0000)
 tenured generation   total 153756K, used 115290K [0x19350000, 0x22977000, 0x43e00000)
   the space 153756K,  74% used [0x19350000, 0x203e6818, 0x203e6a00, 0x22977000)
 Metaspace       used 3545K, capacity 3598K, committed 3648K, reserved 4480K
}
Event: 3.292 GC heap before
{Heap before GC invocations=55 (full 5):
 def new generation   total 69248K, used 69248K [0x03e00000, 0x08920000, 0x19350000)
  eden space 61568K, 100% used [0x03e00000, 0x07a20000, 0x07a20000)
  from space 7680K, 100% used [0x081a0000, 0x08920000, 0x08920000)
  to   space 7680K,   0% used [0x07a20000, 0x07a20000, 0x081a0000)
 tenured generation   total 153756K, used 115290K [0x19350000, 0x22977000, 0x43e00000)
   the space 153756K,  74% used [0x19350000, 0x203e6818, 0x203e6a00, 0x22977000)
 Metaspace       used 3546K, capacity 3598K, committed 3648K, reserved 4480K
Event: 3.335 GC heap after
Heap after GC invocations=56 (full 5):
 def new generation   total 69248K, used 7679K [0x03e00000, 0x08920000, 0x19350000)
  eden space 61568K,   0% used [0x03e00000, 0x03e00000, 0x07a20000)
  from space 7680K,  99% used [0x07a20000, 0x0819fff8, 0x081a0000)
  to   space 7680K,   0% used [0x081a0000, 0x081a0000, 0x08920000)
 tenured generation   total 153756K, used 124177K [0x19350000, 0x22977000, 0x43e00000)
   the space 153756K,  80% used [0x19350000, 0x20c94538, 0x20c94600, 0x22977000)
 Metaspace       used 3546K, capacity 3598K, committed 3648K, reserved 4480K
}
Event: 3.444 GC heap before
{Heap before GC invocations=56 (full 5):
 def new generation   total 69248K, used 69247K [0x03e00000, 0x08920000, 0x19350000)
  eden space 61568K, 100% used [0x03e00000, 0x07a20000, 0x07a20000)
  from space 7680K,  99% used [0x07a20000, 0x0819fff8, 0x081a0000)
  to   space 7680K,   0% used [0x081a0000, 0x081a0000, 0x08920000)
 tenured generation   total 153756K, used 124177K [0x19350000, 0x22977000, 0x43e00000)
   the space 153756K,  80% used [0x19350000, 0x20c94538, 0x20c94600, 0x22977000)
 Metaspace       used 3546K, capacity 3598K, committed 3648K, reserved 4480K
Event: 3.488 GC heap after
Heap after GC invocations=57 (full 5):
 def new generation   total 69248K, used 7680K [0x03e00000, 0x08920000, 0x19350000)
  eden space 61568K,   0% used [0x03e00000, 0x03e00000, 0x07a20000)
  from space 7680K, 100% used [0x081a0000, 0x08920000, 0x08920000)
  to   space 7680K,   0% used [0x07a20000, 0x07a20000, 0x081a0000)
 tenured generation   total 153756K, used 134078K [0x19350000, 0x22977000, 0x43e00000)
   the space 153756K,  87% used [0x19350000, 0x2163fa28, 0x2163fc00, 0x22977000)
 Metaspace       used 3546K, capacity 3598K, committed 3648K, reserved 4480K
}
Event: 3.597 GC heap before
{Heap before GC invocations=57 (full 5):
 def new generation   total 69248K, used 69248K [0x03e00000, 0x08920000, 0x19350000)
  eden space 61568K, 100% used [0x03e00000, 0x07a20000, 0x07a20000)
  from space 7680K, 100% used [0x081a0000, 0x08920000, 0x08920000)
  to   space 7680K,   0% used [0x07a20000, 0x07a20000, 0x081a0000)
 tenured generation   total 153756K, used 134078K [0x19350000, 0x22977000, 0x43e00000)
   the space 153756K,  87% used [0x19350000, 0x2163fa28, 0x2163fc00, 0x22977000)
 Metaspace       used 3546K, capacity 3598K, committed 3648K, reserved 4480K
Event: 3.636 GC heap after
Heap after GC invocations=58 (full 5):
 def new generation   total 69248K, used 7680K [0x03e00000, 0x08920000, 0x19350000)
  eden space 61568K,   0% used [0x03e00000, 0x03e00000, 0x07a20000)
  from space 7680K, 100% used [0x07a20000, 0x081a0000, 0x081a0000)
  to   space 7680K,   0% used [0x081a0000, 0x081a0000, 0x08920000)
 tenured generation   total 153756K, used 142723K [0x19350000, 0x22977000, 0x43e00000)
   the space 153756K,  92% used [0x19350000, 0x21eb0d38, 0x21eb0e00, 0x22977000)
 Metaspace       used 3546K, capacity 3598K, committed 3648K, reserved 4480K
}
Event: 3.735 GC heap before
{Heap before GC invocations=58 (full 5):
 def new generation   total 69248K, used 69248K [0x03e00000, 0x08920000, 0x19350000)
  eden space 61568K, 100% used [0x03e00000, 0x07a20000, 0x07a20000)
  from space 7680K, 100% used [0x07a20000, 0x081a0000, 0x081a0000)
  to   space 7680K,   0% used [0x081a0000, 0x081a0000, 0x08920000)
 tenured generation   total 153756K, used 142723K [0x19350000, 0x22977000, 0x43e00000)
   the space 153756K,  92% used [0x19350000, 0x21eb0d38, 0x21eb0e00, 0x22977000)
 Metaspace       used 3546K, capacity 3598K, committed 3648K, reserved 4480K

