# JRE version: Java(TM) SE Runtime Environment (8.0_101-b13) (build 1.8.0_101-b13)
# Java VM: Java HotSpot(TM) Client VM (25.101-b13 mixed mode windows-x86 )
Heap:
 def new generation   total 205696K, used 22848K [0x03c00000, 0x11b30000, 0x19150000)
  eden space 182848K,   0% used [0x03c00000, 0x03c00000, 0x0ee90000)
  from space 22848K, 100% used [0x0ee90000, 0x104e0000, 0x104e0000)
  to   space 22848K,   0% used [0x104e0000, 0x104e0000, 0x11b30000)
 tenured generation   total 468964K, used 468851K [0x19150000, 0x35b49000, 0x43c00000)
   the space 468964K,  99% used [0x19150000, 0x35b2cfe0, 0x35b2d000, 0x35b49000)
 Metaspace       used 3547K, capacity 3598K, committed 3648K, reserved 4480K
GC Heap History (10 events):
Event: 8.980 GC heap after
Heap after GC invocations=94 (full 7):
 def new generation   total 205696K, used 22847K [0x03c00000, 0x11b30000, 0x19150000)
  eden space 182848K,   0% used [0x03c00000, 0x03c00000, 0x0ee90000)
  from space 22848K,  99% used [0x104e0000, 0x11b2fff8, 0x11b30000)
  to   space 22848K,   0% used [0x0ee90000, 0x0ee90000, 0x104e0000)
 tenured generation   total 456932K, used 341414K [0x19150000, 0x34f89000, 0x43c00000)
   the space 456932K,  74% used [0x19150000, 0x2deb9aa0, 0x2deb9c00, 0x34f89000)
 Metaspace       used 3547K, capacity 3598K, committed 3648K, reserved 4480K
}
Event: 9.349 GC heap before
{Heap before GC invocations=94 (full 7):
 def new generation   total 205696K, used 205695K [0x03c00000, 0x11b30000, 0x19150000)
  eden space 182848K, 100% used [0x03c00000, 0x0ee90000, 0x0ee90000)
  from space 22848K,  99% used [0x104e0000, 0x11b2fff8, 0x11b30000)
  to   space 22848K,   0% used [0x0ee90000, 0x0ee90000, 0x104e0000)
 tenured generation   total 456932K, used 341414K [0x19150000, 0x34f89000, 0x43c00000)
   the space 456932K,  74% used [0x19150000, 0x2deb9aa0, 0x2deb9c00, 0x34f89000)
 Metaspace       used 3547K, capacity 3598K, committed 3648K, reserved 4480K
Event: 9.471 GC heap after
Heap after GC invocations=95 (full 7):
 def new generation   total 205696K, used 22848K [0x03c00000, 0x11b30000, 0x19150000)
  eden space 182848K,   0% used [0x03c00000, 0x03c00000, 0x0ee90000)
  from space 22848K, 100% used [0x0ee90000, 0x104e0000, 0x104e0000)
  to   space 22848K,   0% used [0x104e0000, 0x104e0000, 0x11b30000)
 tenured generation   total 456932K, used 368697K [0x19150000, 0x34f89000, 0x43c00000)
   the space 456932K,  80% used [0x19150000, 0x2f95e588, 0x2f95e600, 0x34f89000)
 Metaspace       used 3547K, capacity 3598K, committed 3648K, reserved 4480K
}
Event: 9.797 GC heap before
{Heap before GC invocations=95 (full 7):
 def new generation   total 205696K, used 205696K [0x03c00000, 0x11b30000, 0x19150000)
  eden space 182848K, 100% used [0x03c00000, 0x0ee90000, 0x0ee90000)
  from space 22848K, 100% used [0x0ee90000, 0x104e0000, 0x104e0000)
  to   space 22848K,   0% used [0x104e0000, 0x104e0000, 0x11b30000)
 tenured generation   total 456932K, used 368697K [0x19150000, 0x34f89000, 0x43c00000)
   the space 456932K,  80% used [0x19150000, 0x2f95e588, 0x2f95e600, 0x34f89000)
 Metaspace       used 3547K, capacity 3598K, committed 3648K, reserved 4480K
Event: 9.921 GC heap after
Heap after GC invocations=96 (full 7):
 def new generation   total 205696K, used 22848K [0x03c00000, 0x11b30000, 0x19150000)
  eden space 182848K,   0% used [0x03c00000, 0x03c00000, 0x0ee90000)
  from space 22848K, 100% used [0x104e0000, 0x11b30000, 0x11b30000)
  to   space 22848K,   0% used [0x0ee90000, 0x0ee90000, 0x104e0000)
 tenured generation   total 456932K, used 395394K [0x19150000, 0x34f89000, 0x43c00000)
   the space 456932K,  86% used [0x19150000, 0x31370858, 0x31370a00, 0x34f89000)
 Metaspace       used 3547K, capacity 3598K, committed 3648K, reserved 4480K
}
Event: 10.219 GC heap before
{Heap before GC invocations=96 (full 7):
 def new generation   total 205696K, used 205696K [0x03c00000, 0x11b30000, 0x19150000)
  eden space 182848K, 100% used [0x03c00000, 0x0ee90000, 0x0ee90000)
  from space 22848K, 100% used [0x104e0000, 0x11b30000, 0x11b30000)
  to   space 22848K,   0% used [0x0ee90000, 0x0ee90000, 0x104e0000)
 tenured generation   total 456932K, used 395394K [0x19150000, 0x34f89000, 0x43c00000)
   the space 456932K,  86% used [0x19150000, 0x31370858, 0x31370a00, 0x34f89000)
 Metaspace       used 3547K, capacity 3598K, committed 3648K, reserved 4480K
Event: 10.335 GC heap after
Heap after GC invocations=97 (full 7):
 def new generation   total 205696K, used 22847K [0x03c00000, 0x11b30000, 0x19150000)
  eden space 182848K,   0% used [0x03c00000, 0x03c00000, 0x0ee90000)
  from space 22848K,  99% used [0x0ee90000, 0x104dfff8, 0x104e0000)
  to   space 22848K,   0% used [0x104e0000, 0x104e0000, 0x11b30000)
 tenured generation   total 456932K, used 421524K [0x19150000, 0x34f89000, 0x43c00000)
   the space 456932K,  92% used [0x19150000, 0x32cf5240, 0x32cf5400, 0x34f89000)
 Metaspace       used 3547K, capacity 3598K, committed 3648K, reserved 4480K
}
Event: 10.621 GC heap before
{Heap before GC invocations=97 (full 7):
 def new generation   total 205696K, used 205695K [0x03c00000, 0x11b30000, 0x19150000)
  eden space 182848K, 100% used [0x03c00000, 0x0ee90000, 0x0ee90000)
  from space 22848K,  99% used [0x0ee90000, 0x104dfff8, 0x104e0000)
  to   space 22848K,   0% used [0x104e0000, 0x104e0000, 0x11b30000)
 tenured generation   total 456932K, used 421524K [0x19150000, 0x34f89000, 0x43c00000)
   the space 456932K,  92% used [0x19150000, 0x32cf5240, 0x32cf5400, 0x34f89000)
 Metaspace       used 3547K, capacity 3598K, committed 3648K, reserved 4480K
Event: 10.737 GC heap after
Heap after GC invocations=98 (full 7):
 def new generation   total 205696K, used 22847K [0x03c00000, 0x11b30000, 0x19150000)
  eden space 182848K,   0% used [0x03c00000, 0x03c00000, 0x0ee90000)
  from space 22848K,  99% used [0x104e0000, 0x11b2fff8, 0x11b30000)
  to   space 22848K,   0% used [0x0ee90000, 0x0ee90000, 0x104e0000)
 tenured generation   total 456932K, used 446693K [0x19150000, 0x34f89000, 0x43c00000)
   the space 456932K,  97% used [0x19150000, 0x34589440, 0x34589600, 0x34f89000)
 Metaspace       used 3547K, capacity 3598K, committed 3648K, reserved 4480K
}
Event: 11.054 GC heap before
{Heap before GC invocations=98 (full 7):
 def new generation   total 205696K, used 205695K [0x03c00000, 0x11b30000, 0x19150000)
  eden space 182848K, 100% used [0x03c00000, 0x0ee90000, 0x0ee90000)
  from space 22848K,  99% used [0x104e0000, 0x11b2fff8, 0x11b30000)
  to   space 22848K,   0% used [0x0ee90000, 0x0ee90000, 0x104e0000)
 tenured generation   total 456932K, used 446693K [0x19150000, 0x34f89000, 0x43c00000)
   the space 456932K,  97% used [0x19150000, 0x34589440, 0x34589600, 0x34f89000)
 Metaspace       used 3547K, capacity 3598K, committed 3648K, reserved 4480K

