# JRE version: Java(TM) SE Runtime Environment (8.0_101-b13) (build 1.8.0_101-b13)
# Java VM: Java HotSpot(TM) Client VM (25.101-b13 mixed mode windows-x86 )
Heap:
 def new generation   total 120384K, used 120384K [0x03c00000, 0x0bea0000, 0x19150000)
  eden space 107008K, 100% used [0x03c00000, 0x0a480000, 0x0a480000)
  from space 13376K, 100% used [0x0b190000, 0x0bea0000, 0x0bea0000)
  to   space 13376K, 100% used [0x0a480000, 0x0b190000, 0x0b190000)
 tenured generation   total 267448K, used 184113K [0x19150000, 0x2967e000, 0x43c00000)
   the space 267448K,  68% used [0x19150000, 0x2451c6f0, 0x2451c800, 0x2967e000)
 Metaspace       used 3639K, capacity 3662K, committed 3776K, reserved 4480K
GC Heap History (10 events):
Event: 3.558 GC heap after
Heap after GC invocations=60 (full 5):
 def new generation   total 69760K, used 7744K [0x03c00000, 0x087b0000, 0x19150000)
  eden space 62016K,   0% used [0x03c00000, 0x03c00000, 0x07890000)
  from space 7744K, 100% used [0x08020000, 0x087b0000, 0x087b0000)
  to   space 7744K,   0% used [0x07890000, 0x07890000, 0x08020000)
 tenured generation   total 154836K, used 134875K [0x19150000, 0x22885000, 0x43c00000)
   the space 154836K,  87% used [0x19150000, 0x21506ca8, 0x21506e00, 0x22885000)
 Metaspace       used 3547K, capacity 3598K, committed 3648K, reserved 4480K
}
Event: 3.684 GC heap before
{Heap before GC invocations=60 (full 5):
 def new generation   total 69760K, used 69760K [0x03c00000, 0x087b0000, 0x19150000)
  eden space 62016K, 100% used [0x03c00000, 0x07890000, 0x07890000)
  from space 7744K, 100% used [0x08020000, 0x087b0000, 0x087b0000)
  to   space 7744K,   0% used [0x07890000, 0x07890000, 0x08020000)
 tenured generation   total 154836K, used 134875K [0x19150000, 0x22885000, 0x43c00000)
   the space 154836K,  87% used [0x19150000, 0x21506ca8, 0x21506e00, 0x22885000)
 Metaspace       used 3547K, capacity 3598K, committed 3648K, reserved 4480K
Event: 3.723 GC heap after
Heap after GC invocations=61 (full 5):
 def new generation   total 69760K, used 7744K [0x03c00000, 0x087b0000, 0x19150000)
  eden space 62016K,   0% used [0x03c00000, 0x03c00000, 0x07890000)
  from space 7744K, 100% used [0x07890000, 0x08020000, 0x08020000)
  to   space 7744K,   0% used [0x08020000, 0x08020000, 0x087b0000)
 tenured generation   total 154836K, used 143485K [0x19150000, 0x22885000, 0x43c00000)
   the space 154836K,  92% used [0x19150000, 0x21d6f4f0, 0x21d6f600, 0x22885000)
 Metaspace       used 3547K, capacity 3598K, committed 3648K, reserved 4480K
}
Event: 3.827 GC heap before
{Heap before GC invocations=61 (full 5):
 def new generation   total 69760K, used 69760K [0x03c00000, 0x087b0000, 0x19150000)
  eden space 62016K, 100% used [0x03c00000, 0x07890000, 0x07890000)
  from space 7744K, 100% used [0x07890000, 0x08020000, 0x08020000)
  to   space 7744K,   0% used [0x08020000, 0x08020000, 0x087b0000)
 tenured generation   total 154836K, used 143485K [0x19150000, 0x22885000, 0x43c00000)
   the space 154836K,  92% used [0x19150000, 0x21d6f4f0, 0x21d6f600, 0x22885000)
 Metaspace       used 3547K, capacity 3598K, committed 3648K, reserved 4480K
Event: 3.867 GC heap after
Heap after GC invocations=62 (full 5):
 def new generation   total 69760K, used 7744K [0x03c00000, 0x087b0000, 0x19150000)
  eden space 62016K,   0% used [0x03c00000, 0x03c00000, 0x07890000)
  from space 7744K, 100% used [0x08020000, 0x087b0000, 0x087b0000)
  to   space 7744K,   0% used [0x07890000, 0x07890000, 0x08020000)
 tenured generation   total 154836K, used 152143K [0x19150000, 0x22885000, 0x43c00000)
   the space 154836K,  98% used [0x19150000, 0x225e3f40, 0x225e4000, 0x22885000)
 Metaspace       used 3547K, capacity 3598K, committed 3648K, reserved 4480K
}
Event: 3.965 GC heap before
{Heap before GC invocations=62 (full 5):
 def new generation   total 69760K, used 69760K [0x03c00000, 0x087b0000, 0x19150000)
  eden space 62016K, 100% used [0x03c00000, 0x07890000, 0x07890000)
  from space 7744K, 100% used [0x08020000, 0x087b0000, 0x087b0000)
  to   space 7744K,   0% used [0x07890000, 0x07890000, 0x08020000)
 tenured generation   total 154836K, used 152143K [0x19150000, 0x22885000, 0x43c00000)
   the space 154836K,  98% used [0x19150000, 0x225e3f40, 0x225e4000, 0x22885000)
 Metaspace       used 3547K, capacity 3598K, committed 3648K, reserved 4480K
Event: 4.372 GC heap after
Heap after GC invocations=63 (full 6):
 def new generation   total 120384K, used 7620K [0x03c00000, 0x0bea0000, 0x19150000)
  eden space 107008K,   7% used [0x03c00000, 0x04371260, 0x0a480000)
  from space 13376K,   0% used [0x0a480000, 0x0a480000, 0x0b190000)
  to   space 13376K,   0% used [0x0b190000, 0x0b190000, 0x0bea0000)
 tenured generation   total 267448K, used 160467K [0x19150000, 0x2967e000, 0x43c00000)
   the space 267448K,  59% used [0x19150000, 0x22e04ff0, 0x22e05000, 0x2967e000)
 Metaspace       used 3547K, capacity 3598K, committed 3648K, reserved 4480K
}
Event: 4.558 GC heap before
{Heap before GC invocations=63 (full 6):
 def new generation   total 120384K, used 107008K [0x03c00000, 0x0bea0000, 0x19150000)
  eden space 107008K, 100% used [0x03c00000, 0x0a480000, 0x0a480000)
  from space 13376K,   0% used [0x0a480000, 0x0a480000, 0x0b190000)
  to   space 13376K,   0% used [0x0b190000, 0x0b190000, 0x0bea0000)
 tenured generation   total 267448K, used 160467K [0x19150000, 0x2967e000, 0x43c00000)
   the space 267448K,  59% used [0x19150000, 0x22e04ff0, 0x22e05000, 0x2967e000)
 Metaspace       used 3547K, capacity 3598K, committed 3648K, reserved 4480K
Event: 4.691 GC heap after
Heap after GC invocations=64 (full 6):
 def new generation   total 120384K, used 13376K [0x03c00000, 0x0bea0000, 0x19150000)
  eden space 107008K,   0% used [0x03c00000, 0x03c00000, 0x0a480000)
  from space 13376K, 100% used [0x0b190000, 0x0bea0000, 0x0bea0000)
  to   space 13376K,   0% used [0x0a480000, 0x0a480000, 0x0b190000)
 tenured generation   total 267448K, used 169022K [0x19150000, 0x2967e000, 0x43c00000)
   the space 267448K,  63% used [0x19150000, 0x2365fbf8, 0x2365fc00, 0x2967e000)
 Metaspace       used 3547K, capacity 3598K, committed 3648K, reserved 4480K
}
Event: 5.621 GC heap before
{Heap before GC invocations=64 (full 6):
 def new generation   total 120384K, used 120384K [0x03c00000, 0x0bea0000, 0x19150000)
  eden space 107008K, 100% used [0x03c00000, 0x0a480000, 0x0a480000)
  from space 13376K, 100% used [0x0b190000, 0x0bea0000, 0x0bea0000)
  to   space 13376K,   0% used [0x0a480000, 0x0a480000, 0x0b190000)
 tenured generation   total 267448K, used 169022K [0x19150000, 0x2967e000, 0x43c00000)
   the space 267448K,  63% used [0x19150000, 0x2365fbf8, 0x2365fc00, 0x2967e000)
 Metaspace       used 3639K, capacity 3662K, committed 3776K, reserved 4480K

