# JRE version: Java(TM) SE Runtime Environment (8.0_101-b13) (build 1.8.0_101-b13)
# Java VM: Java HotSpot(TM) Client VM (25.101-b13 mixed mode windows-x86 )
Heap:
 def new generation   total 192640K, used 192640K [0x03e00000, 0x10f00000, 0x19350000)
  eden space 171264K, 100% used [0x03e00000, 0x0e540000, 0x0e540000)
  from space 21376K, 100% used [0x0e540000, 0x0fa20000, 0x0fa20000)
  to   space 21376K,  60% used [0x0fa20000, 0x106d1700, 0x10f00000)
 tenured generation   total 427940K, used 297656K [0x19350000, 0x33539000, 0x43e00000)
   the space 427940K,  69% used [0x19350000, 0x2b5fe2f0, 0x2b5fe400, 0x33539000)
 Metaspace       used 3547K, capacity 3598K, committed 3648K, reserved 4480K
GC Heap History (10 events):
Event: 5.681 GC heap after
Heap after GC invocations=86 (full 6):
 def new generation   total 113856K, used 12608K [0x03e00000, 0x0b980000, 0x19350000)
  eden space 101248K,   0% used [0x03e00000, 0x03e00000, 0x0a0e0000)
  from space 12608K, 100% used [0x0ad30000, 0x0b980000, 0x0b980000)
  to   space 12608K,   0% used [0x0a0e0000, 0x0a0e0000, 0x0ad30000)
 tenured generation   total 252796K, used 226863K [0x19350000, 0x28a2f000, 0x43e00000)
   the space 252796K,  89% used [0x19350000, 0x270dbe78, 0x270dc000, 0x28a2f000)
 Metaspace       used 3547K, capacity 3598K, committed 3648K, reserved 4480K
}
Event: 5.857 GC heap before
{Heap before GC invocations=86 (full 6):
 def new generation   total 113856K, used 113856K [0x03e00000, 0x0b980000, 0x19350000)
  eden space 101248K, 100% used [0x03e00000, 0x0a0e0000, 0x0a0e0000)
  from space 12608K, 100% used [0x0ad30000, 0x0b980000, 0x0b980000)
  to   space 12608K,   0% used [0x0a0e0000, 0x0a0e0000, 0x0ad30000)
 tenured generation   total 252796K, used 226863K [0x19350000, 0x28a2f000, 0x43e00000)
   the space 252796K,  89% used [0x19350000, 0x270dbe78, 0x270dc000, 0x28a2f000)
 Metaspace       used 3547K, capacity 3598K, committed 3648K, reserved 4480K
Event: 5.925 GC heap after
Heap after GC invocations=87 (full 6):
 def new generation   total 113856K, used 12607K [0x03e00000, 0x0b980000, 0x19350000)
  eden space 101248K,   0% used [0x03e00000, 0x03e00000, 0x0a0e0000)
  from space 12608K,  99% used [0x0a0e0000, 0x0ad2fff8, 0x0ad30000)
  to   space 12608K,   0% used [0x0ad30000, 0x0ad30000, 0x0b980000)
 tenured generation   total 252796K, used 241261K [0x19350000, 0x28a2f000, 0x43e00000)
   the space 252796K,  95% used [0x19350000, 0x27eeb6c0, 0x27eeb800, 0x28a2f000)
 Metaspace       used 3547K, capacity 3598K, committed 3648K, reserved 4480K
}
Event: 6.087 GC heap before
{Heap before GC invocations=87 (full 6):
 def new generation   total 113856K, used 113855K [0x03e00000, 0x0b980000, 0x19350000)
  eden space 101248K, 100% used [0x03e00000, 0x0a0e0000, 0x0a0e0000)
  from space 12608K,  99% used [0x0a0e0000, 0x0ad2fff8, 0x0ad30000)
  to   space 12608K,   0% used [0x0ad30000, 0x0ad30000, 0x0b980000)
 tenured generation   total 252796K, used 241261K [0x19350000, 0x28a2f000, 0x43e00000)
   the space 252796K,  95% used [0x19350000, 0x27eeb6c0, 0x27eeb800, 0x28a2f000)
 Metaspace       used 3547K, capacity 3598K, committed 3648K, reserved 4480K
Event: 6.790 GC heap after
Heap after GC invocations=88 (full 7):
 def new generation   total 192640K, used 12532K [0x03e00000, 0x10f00000, 0x19350000)
  eden space 171264K,   7% used [0x03e00000, 0x04a3d280, 0x0e540000)
  from space 21376K,   0% used [0x0e540000, 0x0e540000, 0x0fa20000)
  to   space 21376K,   0% used [0x0fa20000, 0x0fa20000, 0x10f00000)
 tenured generation   total 427940K, used 256764K [0x19350000, 0x33539000, 0x43e00000)
   the space 427940K,  60% used [0x19350000, 0x28e0f000, 0x28e0f000, 0x33539000)
 Metaspace       used 3547K, capacity 3598K, committed 3648K, reserved 4480K
}
Event: 7.080 GC heap before
{Heap before GC invocations=88 (full 7):
 def new generation   total 192640K, used 171264K [0x03e00000, 0x10f00000, 0x19350000)
  eden space 171264K, 100% used [0x03e00000, 0x0e540000, 0x0e540000)
  from space 21376K,   0% used [0x0e540000, 0x0e540000, 0x0fa20000)
  to   space 21376K,   0% used [0x0fa20000, 0x0fa20000, 0x10f00000)
 tenured generation   total 427940K, used 256764K [0x19350000, 0x33539000, 0x43e00000)
   the space 427940K,  60% used [0x19350000, 0x28e0f000, 0x28e0f000, 0x33539000)
 Metaspace       used 3547K, capacity 3598K, committed 3648K, reserved 4480K
Event: 7.292 GC heap after
Heap after GC invocations=89 (full 7):
 def new generation   total 192640K, used 21376K [0x03e00000, 0x10f00000, 0x19350000)
  eden space 171264K,   0% used [0x03e00000, 0x03e00000, 0x0e540000)
  from space 21376K, 100% used [0x0fa20000, 0x10f00000, 0x10f00000)
  to   space 21376K,   0% used [0x0e540000, 0x0e540000, 0x0fa20000)
 tenured generation   total 427940K, used 271800K [0x19350000, 0x33539000, 0x43e00000)
   the space 427940K,  63% used [0x19350000, 0x29cbe070, 0x29cbe200, 0x33539000)
 Metaspace       used 3547K, capacity 3598K, committed 3648K, reserved 4480K
}
Event: 7.573 GC heap before
{Heap before GC invocations=89 (full 7):
 def new generation   total 192640K, used 192640K [0x03e00000, 0x10f00000, 0x19350000)
  eden space 171264K, 100% used [0x03e00000, 0x0e540000, 0x0e540000)
  from space 21376K, 100% used [0x0fa20000, 0x10f00000, 0x10f00000)
  to   space 21376K,   0% used [0x0e540000, 0x0e540000, 0x0fa20000)
 tenured generation   total 427940K, used 271800K [0x19350000, 0x33539000, 0x43e00000)
   the space 427940K,  63% used [0x19350000, 0x29cbe070, 0x29cbe200, 0x33539000)
 Metaspace       used 3547K, capacity 3598K, committed 3648K, reserved 4480K
Event: 7.701 GC heap after
Heap after GC invocations=90 (full 7):
 def new generation   total 192640K, used 21376K [0x03e00000, 0x10f00000, 0x19350000)
  eden space 171264K,   0% used [0x03e00000, 0x03e00000, 0x0e540000)
  from space 21376K, 100% used [0x0e540000, 0x0fa20000, 0x0fa20000)
  to   space 21376K,   0% used [0x0fa20000, 0x0fa20000, 0x10f00000)
 tenured generation   total 427940K, used 296929K [0x19350000, 0x33539000, 0x43e00000)
   the space 427940K,  69% used [0x19350000, 0x2b5485d8, 0x2b548600, 0x33539000)
 Metaspace       used 3547K, capacity 3598K, committed 3648K, reserved 4480K
}
Event: 7.967 GC heap before
{Heap before GC invocations=90 (full 7):
 def new generation   total 192640K, used 192640K [0x03e00000, 0x10f00000, 0x19350000)
  eden space 171264K, 100% used [0x03e00000, 0x0e540000, 0x0e540000)
  from space 21376K, 100% used [0x0e540000, 0x0fa20000, 0x0fa20000)
  to   space 21376K,   0% used [0x0fa20000, 0x0fa20000, 0x10f00000)
 tenured generation   total 427940K, used 296929K [0x19350000, 0x33539000, 0x43e00000)
   the space 427940K,  69% used [0x19350000, 0x2b5485d8, 0x2b548600, 0x33539000)
 Metaspace       used 3547K, capacity 3598K, committed 3648K, reserved 4480K

