# JRE version: Java(TM) SE Runtime Environment (8.0_101-b13) (build 1.8.0_101-b13)
# Java VM: Java HotSpot(TM) Client VM (25.101-b13 mixed mode windows-x86 )
Heap:
 def new generation   total 41216K, used 4544K [0x03e00000, 0x06ab0000, 0x19350000)
  eden space 36672K,   0% used [0x03e00000, 0x03e00000, 0x061d0000)
  from space 4544K, 100% used [0x061d0000, 0x06640000, 0x06640000)
  to   space 4544K,   0% used [0x06640000, 0x06640000, 0x06ab0000)
 tenured generation   total 92844K, used 92837K [0x19350000, 0x1edfb000, 0x43e00000)
   the space 92844K,  99% used [0x19350000, 0x1edf97f8, 0x1edf9800, 0x1edfb000)
 Metaspace       used 3526K, capacity 3558K, committed 3648K, reserved 4480K
GC Heap History (10 events):
Event: 2.226 GC heap after
Heap after GC invocations=49 (full 4):
 def new generation   total 41216K, used 1977K [0x03e00000, 0x06ab0000, 0x19350000)
  eden space 36672K,   0% used [0x03e00000, 0x03e00000, 0x061d0000)
  from space 4544K,  43% used [0x06640000, 0x0682e670, 0x06ab0000)
  to   space 4544K,   0% used [0x061d0000, 0x061d0000, 0x06640000)
 tenured generation   total 91436K, used 68988K [0x19350000, 0x1ec9b000, 0x43e00000)
   the space 91436K,  75% used [0x19350000, 0x1d6af080, 0x1d6af200, 0x1ec9b000)
 Metaspace       used 3526K, capacity 3558K, committed 3648K, reserved 4480K
}
Event: 2.282 GC heap before
{Heap before GC invocations=49 (full 4):
 def new generation   total 41216K, used 38649K [0x03e00000, 0x06ab0000, 0x19350000)
  eden space 36672K, 100% used [0x03e00000, 0x061d0000, 0x061d0000)
  from space 4544K,  43% used [0x06640000, 0x0682e670, 0x06ab0000)
  to   space 4544K,   0% used [0x061d0000, 0x061d0000, 0x06640000)
 tenured generation   total 91436K, used 68988K [0x19350000, 0x1ec9b000, 0x43e00000)
   the space 91436K,  75% used [0x19350000, 0x1d6af080, 0x1d6af200, 0x1ec9b000)
 Metaspace       used 3526K, capacity 3558K, committed 3648K, reserved 4480K
Event: 2.301 GC heap after
Heap after GC invocations=50 (full 4):
 def new generation   total 41216K, used 4543K [0x03e00000, 0x06ab0000, 0x19350000)
  eden space 36672K,   0% used [0x03e00000, 0x03e00000, 0x061d0000)
  from space 4544K,  99% used [0x061d0000, 0x0663fff8, 0x06640000)
  to   space 4544K,   0% used [0x06640000, 0x06640000, 0x06ab0000)
 tenured generation   total 91436K, used 71564K [0x19350000, 0x1ec9b000, 0x43e00000)
   the space 91436K,  78% used [0x19350000, 0x1d9331a8, 0x1d933200, 0x1ec9b000)
 Metaspace       used 3526K, capacity 3558K, committed 3648K, reserved 4480K
}
Event: 2.366 GC heap before
{Heap before GC invocations=50 (full 4):
 def new generation   total 41216K, used 41215K [0x03e00000, 0x06ab0000, 0x19350000)
  eden space 36672K, 100% used [0x03e00000, 0x061d0000, 0x061d0000)
  from space 4544K,  99% used [0x061d0000, 0x0663fff8, 0x06640000)
  to   space 4544K,   0% used [0x06640000, 0x06640000, 0x06ab0000)
 tenured generation   total 91436K, used 71564K [0x19350000, 0x1ec9b000, 0x43e00000)
   the space 91436K,  78% used [0x19350000, 0x1d9331a8, 0x1d933200, 0x1ec9b000)
 Metaspace       used 3526K, capacity 3558K, committed 3648K, reserved 4480K
Event: 2.389 GC heap after
Heap after GC invocations=51 (full 4):
 def new generation   total 41216K, used 4544K [0x03e00000, 0x06ab0000, 0x19350000)
  eden space 36672K,   0% used [0x03e00000, 0x03e00000, 0x061d0000)
  from space 4544K, 100% used [0x06640000, 0x06ab0000, 0x06ab0000)
  to   space 4544K,   0% used [0x061d0000, 0x061d0000, 0x06640000)
 tenured generation   total 91436K, used 76173K [0x19350000, 0x1ec9b000, 0x43e00000)
   the space 91436K,  83% used [0x19350000, 0x1ddb34c8, 0x1ddb3600, 0x1ec9b000)
 Metaspace       used 3526K, capacity 3558K, committed 3648K, reserved 4480K
}
Event: 2.453 GC heap before
{Heap before GC invocations=51 (full 4):
 def new generation   total 41216K, used 41216K [0x03e00000, 0x06ab0000, 0x19350000)
  eden space 36672K, 100% used [0x03e00000, 0x061d0000, 0x061d0000)
  from space 4544K, 100% used [0x06640000, 0x06ab0000, 0x06ab0000)
  to   space 4544K,   0% used [0x061d0000, 0x061d0000, 0x06640000)
 tenured generation   total 91436K, used 76173K [0x19350000, 0x1ec9b000, 0x43e00000)
   the space 91436K,  83% used [0x19350000, 0x1ddb34c8, 0x1ddb3600, 0x1ec9b000)
 Metaspace       used 3526K, capacity 3558K, committed 3648K, reserved 4480K
Event: 2.477 GC heap after
Heap after GC invocations=52 (full 4):
 def new generation   total 41216K, used 4544K [0x03e00000, 0x06ab0000, 0x19350000)
  eden space 36672K,   0% used [0x03e00000, 0x03e00000, 0x061d0000)
  from space 4544K, 100% used [0x061d0000, 0x06640000, 0x06640000)
  to   space 4544K,   0% used [0x06640000, 0x06640000, 0x06ab0000)
 tenured generation   total 91436K, used 81379K [0x19350000, 0x1ec9b000, 0x43e00000)
   the space 91436K,  89% used [0x19350000, 0x1e2c8ef8, 0x1e2c9000, 0x1ec9b000)
 Metaspace       used 3526K, capacity 3558K, committed 3648K, reserved 4480K
}
Event: 2.543 GC heap before
{Heap before GC invocations=52 (full 4):
 def new generation   total 41216K, used 41216K [0x03e00000, 0x06ab0000, 0x19350000)
  eden space 36672K, 100% used [0x03e00000, 0x061d0000, 0x061d0000)
  from space 4544K, 100% used [0x061d0000, 0x06640000, 0x06640000)
  to   space 4544K,   0% used [0x06640000, 0x06640000, 0x06ab0000)
 tenured generation   total 91436K, used 81379K [0x19350000, 0x1ec9b000, 0x43e00000)
   the space 91436K,  89% used [0x19350000, 0x1e2c8ef8, 0x1e2c9000, 0x1ec9b000)
 Metaspace       used 3526K, capacity 3558K, committed 3648K, reserved 4480K
Event: 2.569 GC heap after
Heap after GC invocations=53 (full 4):
 def new generation   total 41216K, used 4543K [0x03e00000, 0x06ab0000, 0x19350000)
  eden space 36672K,   0% used [0x03e00000, 0x03e00000, 0x061d0000)
  from space 4544K,  99% used [0x06640000, 0x06aafff8, 0x06ab0000)
  to   space 4544K,   0% used [0x061d0000, 0x061d0000, 0x06640000)
 tenured generation   total 91436K, used 86909K [0x19350000, 0x1ec9b000, 0x43e00000)
   the space 91436K,  95% used [0x19350000, 0x1e82f4f8, 0x1e82f600, 0x1ec9b000)
 Metaspace       used 3526K, capacity 3558K, committed 3648K, reserved 4480K
}
Event: 2.632 GC heap before
{Heap before GC invocations=53 (full 4):
 def new generation   total 41216K, used 41215K [0x03e00000, 0x06ab0000, 0x19350000)
  eden space 36672K, 100% used [0x03e00000, 0x061d0000, 0x061d0000)
  from space 4544K,  99% used [0x06640000, 0x06aafff8, 0x06ab0000)
  to   space 4544K,   0% used [0x061d0000, 0x061d0000, 0x06640000)
 tenured generation   total 91436K, used 86909K [0x19350000, 0x1ec9b000, 0x43e00000)
   the space 91436K,  95% used [0x19350000, 0x1e82f4f8, 0x1e82f600, 0x1ec9b000)
 Metaspace       used 3526K, capacity 3558K, committed 3648K, reserved 4480K

