# JRE version: Java(TM) SE Runtime Environment (8.0_101-b13) (build 1.8.0_101-b13)
# Java VM: Java HotSpot(TM) Client VM (25.101-b13 mixed mode windows-x86 )
Heap:
 def new generation   total 217728K, used 217727K [0x03e00000, 0x12a40000, 0x19350000)
  eden space 193536K, 100% used [0x03e00000, 0x0fb00000, 0x0fb00000)
  from space 24192K,  99% used [0x0fb00000, 0x1129fff8, 0x112a0000)
  to   space 24192K, 100% used [0x112a0000, 0x12a40000, 0x12a40000)
 tenured generation   total 515944K, used 515921K [0x19350000, 0x38b2a000, 0x43e00000)
   the space 515944K,  99% used [0x19350000, 0x38b24680, 0x38b24800, 0x38b2a000)
 Metaspace       used 3549K, capacity 3598K, committed 3648K, reserved 4480K
GC Heap History (10 events):
Event: 9.236 GC heap after
Heap after GC invocations=94 (full 7):
 def new generation   total 217728K, used 24191K [0x03e00000, 0x12a40000, 0x19350000)
  eden space 193536K,   0% used [0x03e00000, 0x03e00000, 0x0fb00000)
  from space 24192K,  99% used [0x0fb00000, 0x1129fff8, 0x112a0000)
  to   space 24192K,   0% used [0x112a0000, 0x112a0000, 0x12a40000)
 tenured generation   total 483720K, used 363397K [0x19350000, 0x36bb2000, 0x43e00000)
   the space 483720K,  75% used [0x19350000, 0x2f631420, 0x2f631600, 0x36bb2000)
 Metaspace       used 3549K, capacity 3598K, committed 3648K, reserved 4480K
}
Event: 9.567 GC heap before
{Heap before GC invocations=94 (full 7):
 def new generation   total 217728K, used 217727K [0x03e00000, 0x12a40000, 0x19350000)
  eden space 193536K, 100% used [0x03e00000, 0x0fb00000, 0x0fb00000)
  from space 24192K,  99% used [0x0fb00000, 0x1129fff8, 0x112a0000)
  to   space 24192K,   0% used [0x112a0000, 0x112a0000, 0x12a40000)
 tenured generation   total 483720K, used 363397K [0x19350000, 0x36bb2000, 0x43e00000)
   the space 483720K,  75% used [0x19350000, 0x2f631420, 0x2f631600, 0x36bb2000)
 Metaspace       used 3549K, capacity 3598K, committed 3648K, reserved 4480K
Event: 9.695 GC heap after
Heap after GC invocations=95 (full 7):
 def new generation   total 217728K, used 24192K [0x03e00000, 0x12a40000, 0x19350000)
  eden space 193536K,   0% used [0x03e00000, 0x03e00000, 0x0fb00000)
  from space 24192K, 100% used [0x112a0000, 0x12a40000, 0x12a40000)
  to   space 24192K,   0% used [0x0fb00000, 0x0fb00000, 0x112a0000)
 tenured generation   total 483720K, used 391384K [0x19350000, 0x36bb2000, 0x43e00000)
   the space 483720K,  80% used [0x19350000, 0x31186080, 0x31186200, 0x36bb2000)
 Metaspace       used 3549K, capacity 3598K, committed 3648K, reserved 4480K
}
Event: 10.041 GC heap before
{Heap before GC invocations=95 (full 7):
 def new generation   total 217728K, used 217728K [0x03e00000, 0x12a40000, 0x19350000)
  eden space 193536K, 100% used [0x03e00000, 0x0fb00000, 0x0fb00000)
  from space 24192K, 100% used [0x112a0000, 0x12a40000, 0x12a40000)
  to   space 24192K,   0% used [0x0fb00000, 0x0fb00000, 0x112a0000)
 tenured generation   total 483720K, used 391384K [0x19350000, 0x36bb2000, 0x43e00000)
   the space 483720K,  80% used [0x19350000, 0x31186080, 0x31186200, 0x36bb2000)
 Metaspace       used 3549K, capacity 3598K, committed 3648K, reserved 4480K
Event: 10.167 GC heap after
Heap after GC invocations=96 (full 7):
 def new generation   total 217728K, used 24192K [0x03e00000, 0x12a40000, 0x19350000)
  eden space 193536K,   0% used [0x03e00000, 0x03e00000, 0x0fb00000)
  from space 24192K, 100% used [0x0fb00000, 0x112a0000, 0x112a0000)
  to   space 24192K,   0% used [0x112a0000, 0x112a0000, 0x12a40000)
 tenured generation   total 483720K, used 418445K [0x19350000, 0x36bb2000, 0x43e00000)
   the space 483720K,  86% used [0x19350000, 0x32bf3700, 0x32bf3800, 0x36bb2000)
 Metaspace       used 3549K, capacity 3598K, committed 3648K, reserved 4480K
}
Event: 10.475 GC heap before
{Heap before GC invocations=96 (full 7):
 def new generation   total 217728K, used 217728K [0x03e00000, 0x12a40000, 0x19350000)
  eden space 193536K, 100% used [0x03e00000, 0x0fb00000, 0x0fb00000)
  from space 24192K, 100% used [0x0fb00000, 0x112a0000, 0x112a0000)
  to   space 24192K,   0% used [0x112a0000, 0x112a0000, 0x12a40000)
 tenured generation   total 483720K, used 418445K [0x19350000, 0x36bb2000, 0x43e00000)
   the space 483720K,  86% used [0x19350000, 0x32bf3700, 0x32bf3800, 0x36bb2000)
 Metaspace       used 3549K, capacity 3598K, committed 3648K, reserved 4480K
Event: 10.599 GC heap after
Heap after GC invocations=97 (full 7):
 def new generation   total 217728K, used 24192K [0x03e00000, 0x12a40000, 0x19350000)
  eden space 193536K,   0% used [0x03e00000, 0x03e00000, 0x0fb00000)
  from space 24192K, 100% used [0x112a0000, 0x12a40000, 0x12a40000)
  to   space 24192K,   0% used [0x0fb00000, 0x0fb00000, 0x112a0000)
 tenured generation   total 483720K, used 445984K [0x19350000, 0x36bb2000, 0x43e00000)
   the space 483720K,  92% used [0x19350000, 0x346d8270, 0x346d8400, 0x36bb2000)
 Metaspace       used 3549K, capacity 3598K, committed 3648K, reserved 4480K
}
Event: 10.930 GC heap before
{Heap before GC invocations=97 (full 7):
 def new generation   total 217728K, used 217728K [0x03e00000, 0x12a40000, 0x19350000)
  eden space 193536K, 100% used [0x03e00000, 0x0fb00000, 0x0fb00000)
  from space 24192K, 100% used [0x112a0000, 0x12a40000, 0x12a40000)
  to   space 24192K,   0% used [0x0fb00000, 0x0fb00000, 0x112a0000)
 tenured generation   total 483720K, used 445984K [0x19350000, 0x36bb2000, 0x43e00000)
   the space 483720K,  92% used [0x19350000, 0x346d8270, 0x346d8400, 0x36bb2000)
 Metaspace       used 3549K, capacity 3598K, committed 3648K, reserved 4480K
Event: 11.052 GC heap after
Heap after GC invocations=98 (full 7):
 def new generation   total 217728K, used 24191K [0x03e00000, 0x12a40000, 0x19350000)
  eden space 193536K,   0% used [0x03e00000, 0x03e00000, 0x0fb00000)
  from space 24192K,  99% used [0x0fb00000, 0x1129fff8, 0x112a0000)
  to   space 24192K,   0% used [0x112a0000, 0x112a0000, 0x12a40000)
 tenured generation   total 483720K, used 470100K [0x19350000, 0x36bb2000, 0x43e00000)
   the space 483720K,  97% used [0x19350000, 0x35e65098, 0x35e65200, 0x36bb2000)
 Metaspace       used 3549K, capacity 3598K, committed 3648K, reserved 4480K
}
Event: 11.380 GC heap before
{Heap before GC invocations=98 (full 7):
 def new generation   total 217728K, used 217727K [0x03e00000, 0x12a40000, 0x19350000)
  eden space 193536K, 100% used [0x03e00000, 0x0fb00000, 0x0fb00000)
  from space 24192K,  99% used [0x0fb00000, 0x1129fff8, 0x112a0000)
  to   space 24192K,   0% used [0x112a0000, 0x112a0000, 0x12a40000)
 tenured generation   total 483720K, used 470100K [0x19350000, 0x36bb2000, 0x43e00000)
   the space 483720K,  97% used [0x19350000, 0x35e65098, 0x35e65200, 0x36bb2000)
 Metaspace       used 3549K, capacity 3598K, committed 3648K, reserved 4480K

