# JRE version: Java(TM) SE Runtime Environment (8.0_101-b13) (build 1.8.0_101-b13)
# Java VM: Java HotSpot(TM) Client VM (25.101-b13 mixed mode windows-x86 )
Heap:
 def new generation   total 117312K, used 104320K [0x03c00000, 0x0bb40000, 0x19150000)
  eden space 104320K, 100% used [0x03c00000, 0x0a1e0000, 0x0a1e0000)
  from space 12992K,   0% used [0x0a1e0000, 0x0a1e0000, 0x0ae90000)
  to   space 12992K,  99% used [0x0ae90000, 0x0bb3fff8, 0x0bb40000)
 tenured generation   total 260448K, used 159235K [0x19150000, 0x28fa8000, 0x43c00000)
   the space 260448K,  61% used [0x19150000, 0x22cd0ea0, 0x22cd1000, 0x28fa8000)
 Metaspace       used 3545K, capacity 3598K, committed 3648K, reserved 4480K
GC Heap History (10 events):
Event: 3.408 GC heap after
Heap after GC invocations=56 (full 5):
 def new generation   total 68032K, used 7552K [0x03c00000, 0x085d0000, 0x19150000)
  eden space 60480K,   0% used [0x03c00000, 0x03c00000, 0x07710000)
  from space 7552K, 100% used [0x07710000, 0x07e70000, 0x07e70000)
  to   space 7552K,   0% used [0x07e70000, 0x07e70000, 0x085d0000)
 tenured generation   total 151020K, used 121277K [0x19150000, 0x224cb000, 0x43c00000)
   the space 151020K,  80% used [0x19150000, 0x207bf730, 0x207bf800, 0x224cb000)
 Metaspace       used 3545K, capacity 3598K, committed 3648K, reserved 4480K
}
Event: 3.510 GC heap before
{Heap before GC invocations=56 (full 5):
 def new generation   total 68032K, used 68032K [0x03c00000, 0x085d0000, 0x19150000)
  eden space 60480K, 100% used [0x03c00000, 0x07710000, 0x07710000)
  from space 7552K, 100% used [0x07710000, 0x07e70000, 0x07e70000)
  to   space 7552K,   0% used [0x07e70000, 0x07e70000, 0x085d0000)
 tenured generation   total 151020K, used 121277K [0x19150000, 0x224cb000, 0x43c00000)
   the space 151020K,  80% used [0x19150000, 0x207bf730, 0x207bf800, 0x224cb000)
 Metaspace       used 3545K, capacity 3598K, committed 3648K, reserved 4480K
Event: 3.555 GC heap after
Heap after GC invocations=57 (full 5):
 def new generation   total 68032K, used 7552K [0x03c00000, 0x085d0000, 0x19150000)
  eden space 60480K,   0% used [0x03c00000, 0x03c00000, 0x07710000)
  from space 7552K, 100% used [0x07e70000, 0x085d0000, 0x085d0000)
  to   space 7552K,   0% used [0x07710000, 0x07710000, 0x07e70000)
 tenured generation   total 151020K, used 131180K [0x19150000, 0x224cb000, 0x43c00000)
   the space 151020K,  86% used [0x19150000, 0x2116b118, 0x2116b200, 0x224cb000)
 Metaspace       used 3545K, capacity 3598K, committed 3648K, reserved 4480K
}
Event: 3.675 GC heap before
{Heap before GC invocations=57 (full 5):
 def new generation   total 68032K, used 68032K [0x03c00000, 0x085d0000, 0x19150000)
  eden space 60480K, 100% used [0x03c00000, 0x07710000, 0x07710000)
  from space 7552K, 100% used [0x07e70000, 0x085d0000, 0x085d0000)
  to   space 7552K,   0% used [0x07710000, 0x07710000, 0x07e70000)
 tenured generation   total 151020K, used 131180K [0x19150000, 0x224cb000, 0x43c00000)
   the space 151020K,  86% used [0x19150000, 0x2116b118, 0x2116b200, 0x224cb000)
 Metaspace       used 3545K, capacity 3598K, committed 3648K, reserved 4480K
Event: 3.714 GC heap after
Heap after GC invocations=58 (full 5):
 def new generation   total 68032K, used 7552K [0x03c00000, 0x085d0000, 0x19150000)
  eden space 60480K,   0% used [0x03c00000, 0x03c00000, 0x07710000)
  from space 7552K, 100% used [0x07710000, 0x07e70000, 0x07e70000)
  to   space 7552K,   0% used [0x07e70000, 0x07e70000, 0x085d0000)
 tenured generation   total 151020K, used 139822K [0x19150000, 0x224cb000, 0x43c00000)
   the space 151020K,  92% used [0x19150000, 0x219dbbf8, 0x219dbc00, 0x224cb000)
 Metaspace       used 3545K, capacity 3598K, committed 3648K, reserved 4480K
}
Event: 3.814 GC heap before
{Heap before GC invocations=58 (full 5):
 def new generation   total 68032K, used 68032K [0x03c00000, 0x085d0000, 0x19150000)
  eden space 60480K, 100% used [0x03c00000, 0x07710000, 0x07710000)
  from space 7552K, 100% used [0x07710000, 0x07e70000, 0x07e70000)
  to   space 7552K,   0% used [0x07e70000, 0x07e70000, 0x085d0000)
 tenured generation   total 151020K, used 139822K [0x19150000, 0x224cb000, 0x43c00000)
   the space 151020K,  92% used [0x19150000, 0x219dbbf8, 0x219dbc00, 0x224cb000)
 Metaspace       used 3545K, capacity 3598K, committed 3648K, reserved 4480K
Event: 3.855 GC heap after
Heap after GC invocations=59 (full 5):
 def new generation   total 68032K, used 7552K [0x03c00000, 0x085d0000, 0x19150000)
  eden space 60480K,   0% used [0x03c00000, 0x03c00000, 0x07710000)
  from space 7552K, 100% used [0x07e70000, 0x085d0000, 0x085d0000)
  to   space 7552K,   0% used [0x07710000, 0x07710000, 0x07e70000)
 tenured generation   total 151020K, used 148475K [0x19150000, 0x224cb000, 0x43c00000)
   the space 151020K,  98% used [0x19150000, 0x2224ec50, 0x2224ee00, 0x224cb000)
 Metaspace       used 3545K, capacity 3598K, committed 3648K, reserved 4480K
}
Event: 3.978 GC heap before
{Heap before GC invocations=59 (full 5):
 def new generation   total 68032K, used 68032K [0x03c00000, 0x085d0000, 0x19150000)
  eden space 60480K, 100% used [0x03c00000, 0x07710000, 0x07710000)
  from space 7552K, 100% used [0x07e70000, 0x085d0000, 0x085d0000)
  to   space 7552K,   0% used [0x07710000, 0x07710000, 0x07e70000)
 tenured generation   total 151020K, used 148475K [0x19150000, 0x224cb000, 0x43c00000)
   the space 151020K,  98% used [0x19150000, 0x2224ec50, 0x2224ee00, 0x224cb000)
 Metaspace       used 3545K, capacity 3598K, committed 3648K, reserved 4480K
Event: 4.387 GC heap after
Heap after GC invocations=60 (full 6):
 def new generation   total 117312K, used 7535K [0x03c00000, 0x0bb40000, 0x19150000)
  eden space 104320K,   7% used [0x03c00000, 0x0435bf40, 0x0a1e0000)
  from space 12992K,   0% used [0x0a1e0000, 0x0a1e0000, 0x0ae90000)
  to   space 12992K,   0% used [0x0ae90000, 0x0ae90000, 0x0bb40000)
 tenured generation   total 260448K, used 156267K [0x19150000, 0x28fa8000, 0x43c00000)
   the space 260448K,  59% used [0x19150000, 0x229eaff8, 0x229eb000, 0x28fa8000)
 Metaspace       used 3545K, capacity 3598K, committed 3648K, reserved 4480K
}
Event: 4.568 GC heap before
{Heap before GC invocations=60 (full 6):
 def new generation   total 117312K, used 104320K [0x03c00000, 0x0bb40000, 0x19150000)
  eden space 104320K, 100% used [0x03c00000, 0x0a1e0000, 0x0a1e0000)
  from space 12992K,   0% used [0x0a1e0000, 0x0a1e0000, 0x0ae90000)
  to   space 12992K,   0% used [0x0ae90000, 0x0ae90000, 0x0bb40000)
 tenured generation   total 260448K, used 156267K [0x19150000, 0x28fa8000, 0x43c00000)
   the space 260448K,  59% used [0x19150000, 0x229eaff8, 0x229eb000, 0x28fa8000)
 Metaspace       used 3545K, capacity 3598K, committed 3648K, reserved 4480K

