# JRE version: Java(TM) SE Runtime Environment (8.0_101-b13) (build 1.8.0_101-b13)
# Java VM: Java HotSpot(TM) Client VM (25.101-b13 mixed mode windows-x86 )
Heap:
 def new generation   total 203968K, used 203968K [0x03e00000, 0x11b50000, 0x19350000)
  eden space 181312K, 100% used [0x03e00000, 0x0ef10000, 0x0ef10000)
  from space 22656K, 100% used [0x0ef10000, 0x10530000, 0x10530000)
  to   space 22656K,  69% used [0x10530000, 0x114a3e50, 0x11b50000)
 tenured generation   total 699072K, used 315582K [0x19350000, 0x43e00000, 0x43e00000)
   the space 699072K,  45% used [0x19350000, 0x2c77f870, 0x2c77fa00, 0x43e00000)
 Metaspace       used 3553K, capacity 3598K, committed 3648K, reserved 4480K
GC Heap History (10 events):
Event: 6.059 GC heap after
Heap after GC invocations=87 (full 6):
 def new generation   total 118656K, used 13120K [0x03e00000, 0x0beb0000, 0x19350000)
  eden space 105536K,   0% used [0x03e00000, 0x03e00000, 0x0a510000)
  from space 13120K, 100% used [0x0b1e0000, 0x0beb0000, 0x0beb0000)
  to   space 13120K,   0% used [0x0a510000, 0x0a510000, 0x0b1e0000)
 tenured generation   total 263440K, used 240740K [0x19350000, 0x29494000, 0x43e00000)
   the space 263440K,  91% used [0x19350000, 0x27e693b8, 0x27e69400, 0x29494000)
 Metaspace       used 3553K, capacity 3598K, committed 3648K, reserved 4480K
}
Event: 6.286 GC heap before
{Heap before GC invocations=87 (full 6):
 def new generation   total 118656K, used 118656K [0x03e00000, 0x0beb0000, 0x19350000)
  eden space 105536K, 100% used [0x03e00000, 0x0a510000, 0x0a510000)
  from space 13120K, 100% used [0x0b1e0000, 0x0beb0000, 0x0beb0000)
  to   space 13120K,   0% used [0x0a510000, 0x0a510000, 0x0b1e0000)
 tenured generation   total 263440K, used 240740K [0x19350000, 0x29494000, 0x43e00000)
   the space 263440K,  91% used [0x19350000, 0x27e693b8, 0x27e69400, 0x29494000)
 Metaspace       used 3553K, capacity 3598K, committed 3648K, reserved 4480K
Event: 6.357 GC heap after
Heap after GC invocations=88 (full 6):
 def new generation   total 118656K, used 13119K [0x03e00000, 0x0beb0000, 0x19350000)
  eden space 105536K,   0% used [0x03e00000, 0x03e00000, 0x0a510000)
  from space 13120K,  99% used [0x0a510000, 0x0b1dfff8, 0x0b1e0000)
  to   space 13120K,   0% used [0x0b1e0000, 0x0b1e0000, 0x0beb0000)
 tenured generation   total 263440K, used 256139K [0x19350000, 0x29494000, 0x43e00000)
   the space 263440K,  97% used [0x19350000, 0x28d72ce0, 0x28d72e00, 0x29494000)
 Metaspace       used 3553K, capacity 3598K, committed 3648K, reserved 4480K
}
Event: 6.557 GC heap before
{Heap before GC invocations=88 (full 6):
 def new generation   total 118656K, used 118655K [0x03e00000, 0x0beb0000, 0x19350000)
  eden space 105536K, 100% used [0x03e00000, 0x0a510000, 0x0a510000)
  from space 13120K,  99% used [0x0a510000, 0x0b1dfff8, 0x0b1e0000)
  to   space 13120K,   0% used [0x0b1e0000, 0x0b1e0000, 0x0beb0000)
 tenured generation   total 263440K, used 256139K [0x19350000, 0x29494000, 0x43e00000)
   the space 263440K,  97% used [0x19350000, 0x28d72ce0, 0x28d72e00, 0x29494000)
 Metaspace       used 3553K, capacity 3598K, committed 3648K, reserved 4480K
Event: 7.296 GC heap after
Heap after GC invocations=89 (full 7):
 def new generation   total 203968K, used 13045K [0x03e00000, 0x11b50000, 0x19350000)
  eden space 181312K,   7% used [0x03e00000, 0x04abd680, 0x0ef10000)
  from space 22656K,   0% used [0x0ef10000, 0x0ef10000, 0x10530000)
  to   space 22656K,   0% used [0x10530000, 0x10530000, 0x11b50000)
 tenured generation   total 453148K, used 271887K [0x19350000, 0x34dd7000, 0x43e00000)
   the space 453148K,  59% used [0x19350000, 0x29cd3ff0, 0x29cd4000, 0x34dd7000)
 Metaspace       used 3553K, capacity 3598K, committed 3648K, reserved 4480K
}
Event: 7.591 GC heap before
{Heap before GC invocations=89 (full 7):
 def new generation   total 203968K, used 181312K [0x03e00000, 0x11b50000, 0x19350000)
  eden space 181312K, 100% used [0x03e00000, 0x0ef10000, 0x0ef10000)
  from space 22656K,   0% used [0x0ef10000, 0x0ef10000, 0x10530000)
  to   space 22656K,   0% used [0x10530000, 0x10530000, 0x11b50000)
 tenured generation   total 453148K, used 271887K [0x19350000, 0x34dd7000, 0x43e00000)
   the space 453148K,  59% used [0x19350000, 0x29cd3ff0, 0x29cd4000, 0x34dd7000)
 Metaspace       used 3553K, capacity 3598K, committed 3648K, reserved 4480K
Event: 7.817 GC heap after
Heap after GC invocations=90 (full 7):
 def new generation   total 203968K, used 22656K [0x03e00000, 0x11b50000, 0x19350000)
  eden space 181312K,   0% used [0x03e00000, 0x03e00000, 0x0ef10000)
  from space 22656K, 100% used [0x10530000, 0x11b50000, 0x11b50000)
  to   space 22656K,   0% used [0x0ef10000, 0x0ef10000, 0x10530000)
 tenured generation   total 453148K, used 287111K [0x19350000, 0x34dd7000, 0x43e00000)
   the space 453148K,  63% used [0x19350000, 0x2abb1d90, 0x2abb1e00, 0x34dd7000)
 Metaspace       used 3553K, capacity 3598K, committed 3648K, reserved 4480K
}
Event: 8.123 GC heap before
{Heap before GC invocations=90 (full 7):
 def new generation   total 203968K, used 203968K [0x03e00000, 0x11b50000, 0x19350000)
  eden space 181312K, 100% used [0x03e00000, 0x0ef10000, 0x0ef10000)
  from space 22656K, 100% used [0x10530000, 0x11b50000, 0x11b50000)
  to   space 22656K,   0% used [0x0ef10000, 0x0ef10000, 0x10530000)
 tenured generation   total 453148K, used 287111K [0x19350000, 0x34dd7000, 0x43e00000)
   the space 453148K,  63% used [0x19350000, 0x2abb1d90, 0x2abb1e00, 0x34dd7000)
 Metaspace       used 3553K, capacity 3598K, committed 3648K, reserved 4480K
Event: 8.267 GC heap after
Heap after GC invocations=91 (full 7):
 def new generation   total 203968K, used 22656K [0x03e00000, 0x11b50000, 0x19350000)
  eden space 181312K,   0% used [0x03e00000, 0x03e00000, 0x0ef10000)
  from space 22656K, 100% used [0x0ef10000, 0x10530000, 0x10530000)
  to   space 22656K,   0% used [0x10530000, 0x10530000, 0x11b50000)
 tenured generation   total 453148K, used 314737K [0x19350000, 0x34dd7000, 0x43e00000)
   the space 453148K,  69% used [0x19350000, 0x2c6ac6d8, 0x2c6ac800, 0x34dd7000)
 Metaspace       used 3553K, capacity 3598K, committed 3648K, reserved 4480K
}
Event: 8.574 GC heap before
{Heap before GC invocations=91 (full 7):
 def new generation   total 203968K, used 203968K [0x03e00000, 0x11b50000, 0x19350000)
  eden space 181312K, 100% used [0x03e00000, 0x0ef10000, 0x0ef10000)
  from space 22656K, 100% used [0x0ef10000, 0x10530000, 0x10530000)
  to   space 22656K,   0% used [0x10530000, 0x10530000, 0x11b50000)
 tenured generation   total 453148K, used 314737K [0x19350000, 0x34dd7000, 0x43e00000)
   the space 453148K,  69% used [0x19350000, 0x2c6ac6d8, 0x2c6ac800, 0x34dd7000)
 Metaspace       used 3553K, capacity 3598K, committed 3648K, reserved 4480K

