# JRE version: Java(TM) SE Runtime Environment (8.0_101-b13) (build 1.8.0_101-b13)
# Java VM: Java HotSpot(TM) Client VM (25.101-b13 mixed mode windows-x86 )
Heap:
 def new generation   total 65280K, used 65279K [0x03e00000, 0x084d0000, 0x19350000)
  eden space 58048K, 100% used [0x03e00000, 0x076b0000, 0x076b0000)
  from space 7232K,  99% used [0x07dc0000, 0x084cfff8, 0x084d0000)
  to   space 7232K,  54% used [0x076b0000, 0x07a8b4a8, 0x07dc0000)
 tenured generation   total 144864K, used 108731K [0x19350000, 0x220c8000, 0x43e00000)
   the space 144864K,  75% used [0x19350000, 0x1fd7edb0, 0x1fd7ee00, 0x220c8000)
 Metaspace       used 3547K, capacity 3598K, committed 3648K, reserved 4480K
GC Heap History (10 events):
Event: 2.311 GC heap after
Heap after GC invocations=50 (full 4):
 def new generation   total 38912K, used 4288K [0x03e00000, 0x06830000, 0x19350000)
  eden space 34624K,   0% used [0x03e00000, 0x03e00000, 0x05fd0000)
  from space 4288K, 100% used [0x05fd0000, 0x06400000, 0x06400000)
  to   space 4288K,   0% used [0x06400000, 0x06400000, 0x06830000)
 tenured generation   total 86328K, used 81891K [0x19350000, 0x1e79e000, 0x43e00000)
   the space 86328K,  94% used [0x19350000, 0x1e348dd8, 0x1e348e00, 0x1e79e000)
 Metaspace       used 3546K, capacity 3598K, committed 3648K, reserved 4480K
}
Event: 2.370 GC heap before
{Heap before GC invocations=50 (full 4):
 def new generation   total 38912K, used 38912K [0x03e00000, 0x06830000, 0x19350000)
  eden space 34624K, 100% used [0x03e00000, 0x05fd0000, 0x05fd0000)
  from space 4288K, 100% used [0x05fd0000, 0x06400000, 0x06400000)
  to   space 4288K,   0% used [0x06400000, 0x06400000, 0x06830000)
 tenured generation   total 86328K, used 81927K [0x19350000, 0x1e79e000, 0x43e00000)
   the space 86328K,  94% used [0x19350000, 0x1e351dd0, 0x1e351e00, 0x1e79e000)
 Metaspace       used 3546K, capacity 3598K, committed 3648K, reserved 4480K
Event: 2.593 GC heap after
Heap after GC invocations=51 (full 5):
 def new generation   total 65280K, used 4248K [0x03e00000, 0x084d0000, 0x19350000)
  eden space 58048K,   7% used [0x03e00000, 0x042262a8, 0x076b0000)
  from space 7232K,   0% used [0x076b0000, 0x076b0000, 0x07dc0000)
  to   space 7232K,   0% used [0x07dc0000, 0x07dc0000, 0x084d0000)
 tenured generation   total 144864K, used 86917K [0x19350000, 0x220c8000, 0x43e00000)
   the space 144864K,  59% used [0x19350000, 0x1e8316e8, 0x1e831800, 0x220c8000)
 Metaspace       used 3546K, capacity 3598K, committed 3648K, reserved 4480K
}
Event: 2.692 GC heap before
{Heap before GC invocations=51 (full 5):
 def new generation   total 65280K, used 58048K [0x03e00000, 0x084d0000, 0x19350000)
  eden space 58048K, 100% used [0x03e00000, 0x076b0000, 0x076b0000)
  from space 7232K,   0% used [0x076b0000, 0x076b0000, 0x07dc0000)
  to   space 7232K,   0% used [0x07dc0000, 0x07dc0000, 0x084d0000)
 tenured generation   total 144864K, used 86917K [0x19350000, 0x220c8000, 0x43e00000)
   the space 144864K,  59% used [0x19350000, 0x1e8316e8, 0x1e831800, 0x220c8000)
 Metaspace       used 3546K, capacity 3598K, committed 3648K, reserved 4480K
Event: 2.764 GC heap after
Heap after GC invocations=52 (full 5):
 def new generation   total 65280K, used 7232K [0x03e00000, 0x084d0000, 0x19350000)
  eden space 58048K,   0% used [0x03e00000, 0x03e00000, 0x076b0000)
  from space 7232K, 100% used [0x07dc0000, 0x084d0000, 0x084d0000)
  to   space 7232K,   0% used [0x076b0000, 0x076b0000, 0x07dc0000)
 tenured generation   total 144864K, used 91421K [0x19350000, 0x220c8000, 0x43e00000)
   the space 144864K,  63% used [0x19350000, 0x1ec974a0, 0x1ec97600, 0x220c8000)
 Metaspace       used 3546K, capacity 3598K, committed 3648K, reserved 4480K
}
Event: 2.869 GC heap before
{Heap before GC invocations=52 (full 5):
 def new generation   total 65280K, used 65280K [0x03e00000, 0x084d0000, 0x19350000)
  eden space 58048K, 100% used [0x03e00000, 0x076b0000, 0x076b0000)
  from space 7232K, 100% used [0x07dc0000, 0x084d0000, 0x084d0000)
  to   space 7232K,   0% used [0x076b0000, 0x076b0000, 0x07dc0000)
 tenured generation   total 144864K, used 91421K [0x19350000, 0x220c8000, 0x43e00000)
   the space 144864K,  63% used [0x19350000, 0x1ec974a0, 0x1ec97600, 0x220c8000)
 Metaspace       used 3546K, capacity 3598K, committed 3648K, reserved 4480K
Event: 2.908 GC heap after
Heap after GC invocations=53 (full 5):
 def new generation   total 65280K, used 7232K [0x03e00000, 0x084d0000, 0x19350000)
  eden space 58048K,   0% used [0x03e00000, 0x03e00000, 0x076b0000)
  from space 7232K, 100% used [0x076b0000, 0x07dc0000, 0x07dc0000)
  to   space 7232K,   0% used [0x07dc0000, 0x07dc0000, 0x084d0000)
 tenured generation   total 144864K, used 99254K [0x19350000, 0x220c8000, 0x43e00000)
   the space 144864K,  68% used [0x19350000, 0x1f43d848, 0x1f43da00, 0x220c8000)
 Metaspace       used 3546K, capacity 3598K, committed 3648K, reserved 4480K
}
Event: 3.004 GC heap before
{Heap before GC invocations=53 (full 5):
 def new generation   total 65280K, used 65280K [0x03e00000, 0x084d0000, 0x19350000)
  eden space 58048K, 100% used [0x03e00000, 0x076b0000, 0x076b0000)
  from space 7232K, 100% used [0x076b0000, 0x07dc0000, 0x07dc0000)
  to   space 7232K,   0% used [0x07dc0000, 0x07dc0000, 0x084d0000)
 tenured generation   total 144864K, used 99254K [0x19350000, 0x220c8000, 0x43e00000)
   the space 144864K,  68% used [0x19350000, 0x1f43d848, 0x1f43da00, 0x220c8000)
 Metaspace       used 3546K, capacity 3598K, committed 3648K, reserved 4480K
Event: 3.045 GC heap after
Heap after GC invocations=54 (full 5):
 def new generation   total 65280K, used 7231K [0x03e00000, 0x084d0000, 0x19350000)
  eden space 58048K,   0% used [0x03e00000, 0x03e00000, 0x076b0000)
  from space 7232K,  99% used [0x07dc0000, 0x084cfff8, 0x084d0000)
  to   space 7232K,   0% used [0x076b0000, 0x076b0000, 0x07dc0000)
 tenured generation   total 144864K, used 108461K [0x19350000, 0x220c8000, 0x43e00000)
   the space 144864K,  74% used [0x19350000, 0x1fd3b490, 0x1fd3b600, 0x220c8000)
 Metaspace       used 3546K, capacity 3598K, committed 3648K, reserved 4480K
}
Event: 3.139 GC heap before
{Heap before GC invocations=54 (full 5):
 def new generation   total 65280K, used 65279K [0x03e00000, 0x084d0000, 0x19350000)
  eden space 58048K, 100% used [0x03e00000, 0x076b0000, 0x076b0000)
  from space 7232K,  99% used [0x07dc0000, 0x084cfff8, 0x084d0000)
  to   space 7232K,   0% used [0x076b0000, 0x076b0000, 0x07dc0000)
 tenured generation   total 144864K, used 108461K [0x19350000, 0x220c8000, 0x43e00000)
   the space 144864K,  74% used [0x19350000, 0x1fd3b490, 0x1fd3b600, 0x220c8000)
 Metaspace       used 3547K, capacity 3598K, committed 3648K, reserved 4480K

