# JRE version: Java(TM) SE Runtime Environment (8.0_101-b13) (build 1.8.0_101-b13)
# Java VM: Java HotSpot(TM) Client VM (25.101-b13 mixed mode windows-x86 )
Heap:
 def new generation   total 314560K, used 279616K [0x03e00000, 0x19350000, 0x19350000)
  eden space 279616K, 100% used [0x03e00000, 0x14f10000, 0x14f10000)
  from space 34944K,   0% used [0x14f10000, 0x14f10000, 0x17130000)
  to   space 34944K,   1% used [0x17130000, 0x1718c1b0, 0x19350000)
 tenured generation   total 699072K, used 506019K [0x19350000, 0x43e00000, 0x43e00000)
   the space 699072K,  72% used [0x19350000, 0x38178fe8, 0x38179000, 0x43e00000)
 Metaspace       used 3551K, capacity 3598K, committed 3648K, reserved 4480K
GC Heap History (10 events):
Event: 9.551 GC heap after
Heap after GC invocations=95 (full 7):
 def new generation   total 221184K, used 24511K [0x03e00000, 0x12df0000, 0x19350000)
  eden space 196672K,   0% used [0x03e00000, 0x03e00000, 0x0fe10000)
  from space 24512K,  99% used [0x0fe10000, 0x115ffff8, 0x11600000)
  to   space 24512K,   0% used [0x11600000, 0x11600000, 0x12df0000)
 tenured generation   total 491300K, used 396641K [0x19350000, 0x37319000, 0x43e00000)
   the space 491300K,  80% used [0x19350000, 0x316a8448, 0x316a8600, 0x37319000)
 Metaspace       used 3547K, capacity 3598K, committed 3648K, reserved 4480K
}
Event: 9.878 GC heap before
{Heap before GC invocations=95 (full 7):
 def new generation   total 221184K, used 221183K [0x03e00000, 0x12df0000, 0x19350000)
  eden space 196672K, 100% used [0x03e00000, 0x0fe10000, 0x0fe10000)
  from space 24512K,  99% used [0x0fe10000, 0x115ffff8, 0x11600000)
  to   space 24512K,   0% used [0x11600000, 0x11600000, 0x12df0000)
 tenured generation   total 491300K, used 396641K [0x19350000, 0x37319000, 0x43e00000)
   the space 491300K,  80% used [0x19350000, 0x316a8448, 0x316a8600, 0x37319000)
 Metaspace       used 3547K, capacity 3598K, committed 3648K, reserved 4480K
Event: 10.001 GC heap after
Heap after GC invocations=96 (full 7):
 def new generation   total 221184K, used 24512K [0x03e00000, 0x12df0000, 0x19350000)
  eden space 196672K,   0% used [0x03e00000, 0x03e00000, 0x0fe10000)
  from space 24512K, 100% used [0x11600000, 0x12df0000, 0x12df0000)
  to   space 24512K,   0% used [0x0fe10000, 0x0fe10000, 0x11600000)
 tenured generation   total 491300K, used 423363K [0x19350000, 0x37319000, 0x43e00000)
   the space 491300K,  86% used [0x19350000, 0x330c0c50, 0x330c0e00, 0x37319000)
 Metaspace       used 3547K, capacity 3598K, committed 3648K, reserved 4480K
}
Event: 10.340 GC heap before
{Heap before GC invocations=96 (full 7):
 def new generation   total 221184K, used 221184K [0x03e00000, 0x12df0000, 0x19350000)
  eden space 196672K, 100% used [0x03e00000, 0x0fe10000, 0x0fe10000)
  from space 24512K, 100% used [0x11600000, 0x12df0000, 0x12df0000)
  to   space 24512K,   0% used [0x0fe10000, 0x0fe10000, 0x11600000)
 tenured generation   total 491300K, used 423363K [0x19350000, 0x37319000, 0x43e00000)
   the space 491300K,  86% used [0x19350000, 0x330c0c50, 0x330c0e00, 0x37319000)
 Metaspace       used 3547K, capacity 3598K, committed 3648K, reserved 4480K
Event: 10.458 GC heap after
Heap after GC invocations=97 (full 7):
 def new generation   total 221184K, used 24512K [0x03e00000, 0x12df0000, 0x19350000)
  eden space 196672K,   0% used [0x03e00000, 0x03e00000, 0x0fe10000)
  from space 24512K, 100% used [0x0fe10000, 0x11600000, 0x11600000)
  to   space 24512K,   0% used [0x11600000, 0x11600000, 0x12df0000)
 tenured generation   total 491300K, used 449575K [0x19350000, 0x37319000, 0x43e00000)
   the space 491300K,  91% used [0x19350000, 0x34a59d18, 0x34a59e00, 0x37319000)
 Metaspace       used 3547K, capacity 3598K, committed 3648K, reserved 4480K
}
Event: 10.782 GC heap before
{Heap before GC invocations=97 (full 7):
 def new generation   total 221184K, used 221184K [0x03e00000, 0x12df0000, 0x19350000)
  eden space 196672K, 100% used [0x03e00000, 0x0fe10000, 0x0fe10000)
  from space 24512K, 100% used [0x0fe10000, 0x11600000, 0x11600000)
  to   space 24512K,   0% used [0x11600000, 0x11600000, 0x12df0000)
 tenured generation   total 491300K, used 449575K [0x19350000, 0x37319000, 0x43e00000)
   the space 491300K,  91% used [0x19350000, 0x34a59d18, 0x34a59e00, 0x37319000)
 Metaspace       used 3547K, capacity 3598K, committed 3648K, reserved 4480K
Event: 10.906 GC heap after
Heap after GC invocations=98 (full 7):
 def new generation   total 221184K, used 24511K [0x03e00000, 0x12df0000, 0x19350000)
  eden space 196672K,   0% used [0x03e00000, 0x03e00000, 0x0fe10000)
  from space 24512K,  99% used [0x11600000, 0x12defff8, 0x12df0000)
  to   space 24512K,   0% used [0x0fe10000, 0x0fe10000, 0x11600000)
 tenured generation   total 491300K, used 476553K [0x19350000, 0x37319000, 0x43e00000)
   the space 491300K,  96% used [0x19350000, 0x364b26c8, 0x364b2800, 0x37319000)
 Metaspace       used 3547K, capacity 3598K, committed 3648K, reserved 4480K
}
Event: 11.261 GC heap before
{Heap before GC invocations=98 (full 7):
 def new generation   total 221184K, used 221183K [0x03e00000, 0x12df0000, 0x19350000)
  eden space 196672K, 100% used [0x03e00000, 0x0fe10000, 0x0fe10000)
  from space 24512K,  99% used [0x11600000, 0x12defff8, 0x12df0000)
  to   space 24512K,   0% used [0x0fe10000, 0x0fe10000, 0x11600000)
 tenured generation   total 491300K, used 476553K [0x19350000, 0x37319000, 0x43e00000)
   the space 491300K,  96% used [0x19350000, 0x364b26c8, 0x364b2800, 0x37319000)
 Metaspace       used 3547K, capacity 3598K, committed 3648K, reserved 4480K
Event: 12.885 GC heap after
Heap after GC invocations=99 (full 8):
 def new generation   total 314560K, used 6220K [0x03e00000, 0x19350000, 0x19350000)
  eden space 279616K,   2% used [0x03e00000, 0x044133a0, 0x14f10000)
  from space 34944K,   0% used [0x14f10000, 0x14f10000, 0x17130000)
  to   space 34944K,   0% used [0x17130000, 0x17130000, 0x19350000)
 tenured generation   total 699072K, used 506019K [0x19350000, 0x43e00000, 0x43e00000)
   the space 699072K,  72% used [0x19350000, 0x38178fe8, 0x38179000, 0x43e00000)
 Metaspace       used 3547K, capacity 3598K, committed 3648K, reserved 4480K
}
Event: 14.561 GC heap before
{Heap before GC invocations=99 (full 8):
 def new generation   total 314560K, used 279616K [0x03e00000, 0x19350000, 0x19350000)
  eden space 279616K, 100% used [0x03e00000, 0x14f10000, 0x14f10000)
  from space 34944K,   0% used [0x14f10000, 0x14f10000, 0x17130000)
  to   space 34944K,   0% used [0x17130000, 0x17130000, 0x19350000)
 tenured generation   total 699072K, used 506019K [0x19350000, 0x43e00000, 0x43e00000)
   the space 699072K,  72% used [0x19350000, 0x38178fe8, 0x38179000, 0x43e00000)
 Metaspace       used 3551K, capacity 3598K, committed 3648K, reserved 4480K

