# JRE version: Java(TM) SE Runtime Environment (8.0_101-b13) (build 1.8.0_101-b13)
# Java VM: Java HotSpot(TM) Client VM (25.101-b13 mixed mode windows-x86 )
Heap:
 def new generation   total 39808K, used 4416K [0x03a00000, 0x06530000, 0x18f50000)
  eden space 35392K,   0% used [0x03a00000, 0x03a00000, 0x05c90000)
  from space 4416K, 100% used [0x060e0000, 0x06530000, 0x06530000)
  to   space 4416K,   0% used [0x05c90000, 0x05c90000, 0x060e0000)
 tenured generation   total 89344K, used 89274K [0x18f50000, 0x1e690000, 0x43a00000)
   the space 89344K,  99% used [0x18f50000, 0x1e67e858, 0x1e67ea00, 0x1e690000)
 Metaspace       used 3552K, capacity 3598K, committed 3648K, reserved 4480K
GC Heap History (10 events):
Event: 2.214 GC heap after
Heap after GC invocations=49 (full 4):
 def new generation   total 39808K, used 2524K [0x03a00000, 0x06530000, 0x18f50000)
  eden space 35392K,   0% used [0x03a00000, 0x03a00000, 0x05c90000)
  from space 4416K,  57% used [0x05c90000, 0x05f07210, 0x060e0000)
  to   space 4416K,   0% used [0x060e0000, 0x060e0000, 0x06530000)
 tenured generation   total 88320K, used 67898K [0x18f50000, 0x1e590000, 0x43a00000)
   the space 88320K,  76% used [0x18f50000, 0x1d19ea90, 0x1d19ec00, 0x1e590000)
 Metaspace       used 3552K, capacity 3598K, committed 3648K, reserved 4480K
}
Event: 2.257 GC heap before
{Heap before GC invocations=49 (full 4):
 def new generation   total 39808K, used 37916K [0x03a00000, 0x06530000, 0x18f50000)
  eden space 35392K, 100% used [0x03a00000, 0x05c90000, 0x05c90000)
  from space 4416K,  57% used [0x05c90000, 0x05f07210, 0x060e0000)
  to   space 4416K,   0% used [0x060e0000, 0x060e0000, 0x06530000)
 tenured generation   total 88320K, used 67898K [0x18f50000, 0x1e590000, 0x43a00000)
   the space 88320K,  76% used [0x18f50000, 0x1d19ea90, 0x1d19ec00, 0x1e590000)
 Metaspace       used 3552K, capacity 3598K, committed 3648K, reserved 4480K
Event: 2.271 GC heap after
Heap after GC invocations=50 (full 4):
 def new generation   total 39808K, used 3384K [0x03a00000, 0x06530000, 0x18f50000)
  eden space 35392K,   0% used [0x03a00000, 0x03a00000, 0x05c90000)
  from space 4416K,  76% used [0x060e0000, 0x0642e148, 0x06530000)
  to   space 4416K,   0% used [0x05c90000, 0x05c90000, 0x060e0000)
 tenured generation   total 88320K, used 70212K [0x18f50000, 0x1e590000, 0x43a00000)
   the space 88320K,  79% used [0x18f50000, 0x1d3e1350, 0x1d3e1400, 0x1e590000)
 Metaspace       used 3552K, capacity 3598K, committed 3648K, reserved 4480K
}
Event: 2.333 GC heap before
{Heap before GC invocations=50 (full 4):
 def new generation   total 39808K, used 38776K [0x03a00000, 0x06530000, 0x18f50000)
  eden space 35392K, 100% used [0x03a00000, 0x05c90000, 0x05c90000)
  from space 4416K,  76% used [0x060e0000, 0x0642e158, 0x06530000)
  to   space 4416K,   0% used [0x05c90000, 0x05c90000, 0x060e0000)
 tenured generation   total 88320K, used 70212K [0x18f50000, 0x1e590000, 0x43a00000)
   the space 88320K,  79% used [0x18f50000, 0x1d3e1350, 0x1d3e1400, 0x1e590000)
 Metaspace       used 3552K, capacity 3598K, committed 3648K, reserved 4480K
Event: 2.359 GC heap after
Heap after GC invocations=51 (full 4):
 def new generation   total 39808K, used 4416K [0x03a00000, 0x06530000, 0x18f50000)
  eden space 35392K,   0% used [0x03a00000, 0x03a00000, 0x05c90000)
  from space 4416K, 100% used [0x05c90000, 0x060e0000, 0x060e0000)
  to   space 4416K,   0% used [0x060e0000, 0x060e0000, 0x06530000)
 tenured generation   total 88320K, used 74357K [0x18f50000, 0x1e590000, 0x43a00000)
   the space 88320K,  84% used [0x18f50000, 0x1d7ed698, 0x1d7ed800, 0x1e590000)
 Metaspace       used 3552K, capacity 3598K, committed 3648K, reserved 4480K
}
Event: 2.424 GC heap before
{Heap before GC invocations=51 (full 4):
 def new generation   total 39808K, used 39808K [0x03a00000, 0x06530000, 0x18f50000)
  eden space 35392K, 100% used [0x03a00000, 0x05c90000, 0x05c90000)
  from space 4416K, 100% used [0x05c90000, 0x060e0000, 0x060e0000)
  to   space 4416K,   0% used [0x060e0000, 0x060e0000, 0x06530000)
 tenured generation   total 88320K, used 74357K [0x18f50000, 0x1e590000, 0x43a00000)
   the space 88320K,  84% used [0x18f50000, 0x1d7ed698, 0x1d7ed800, 0x1e590000)
 Metaspace       used 3552K, capacity 3598K, committed 3648K, reserved 4480K
Event: 2.446 GC heap after
Heap after GC invocations=52 (full 4):
 def new generation   total 39808K, used 4416K [0x03a00000, 0x06530000, 0x18f50000)
  eden space 35392K,   0% used [0x03a00000, 0x03a00000, 0x05c90000)
  from space 4416K, 100% used [0x060e0000, 0x06530000, 0x06530000)
  to   space 4416K,   0% used [0x05c90000, 0x05c90000, 0x060e0000)
 tenured generation   total 88320K, used 78605K [0x18f50000, 0x1e590000, 0x43a00000)
   the space 88320K,  89% used [0x18f50000, 0x1dc13778, 0x1dc13800, 0x1e590000)
 Metaspace       used 3552K, capacity 3598K, committed 3648K, reserved 4480K
}
Event: 2.510 GC heap before
{Heap before GC invocations=52 (full 4):
 def new generation   total 39808K, used 39808K [0x03a00000, 0x06530000, 0x18f50000)
  eden space 35392K, 100% used [0x03a00000, 0x05c90000, 0x05c90000)
  from space 4416K, 100% used [0x060e0000, 0x06530000, 0x06530000)
  to   space 4416K,   0% used [0x05c90000, 0x05c90000, 0x060e0000)
 tenured generation   total 88320K, used 78605K [0x18f50000, 0x1e590000, 0x43a00000)
   the space 88320K,  89% used [0x18f50000, 0x1dc13778, 0x1dc13800, 0x1e590000)
 Metaspace       used 3552K, capacity 3598K, committed 3648K, reserved 4480K
Event: 2.534 GC heap after
Heap after GC invocations=53 (full 4):
 def new generation   total 39808K, used 4416K [0x03a00000, 0x06530000, 0x18f50000)
  eden space 35392K,   0% used [0x03a00000, 0x03a00000, 0x05c90000)
  from space 4416K, 100% used [0x05c90000, 0x060e0000, 0x060e0000)
  to   space 4416K,   0% used [0x060e0000, 0x060e0000, 0x06530000)
 tenured generation   total 88320K, used 83693K [0x18f50000, 0x1e590000, 0x43a00000)
   the space 88320K,  94% used [0x18f50000, 0x1e10b648, 0x1e10b800, 0x1e590000)
 Metaspace       used 3552K, capacity 3598K, committed 3648K, reserved 4480K
}
Event: 2.597 GC heap before
{Heap before GC invocations=53 (full 4):
 def new generation   total 39808K, used 39808K [0x03a00000, 0x06530000, 0x18f50000)
  eden space 35392K, 100% used [0x03a00000, 0x05c90000, 0x05c90000)
  from space 4416K, 100% used [0x05c90000, 0x060e0000, 0x060e0000)
  to   space 4416K,   0% used [0x060e0000, 0x060e0000, 0x06530000)
 tenured generation   total 88320K, used 83693K [0x18f50000, 0x1e590000, 0x43a00000)
   the space 88320K,  94% used [0x18f50000, 0x1e10b648, 0x1e10b800, 0x1e590000)
 Metaspace       used 3552K, capacity 3598K, committed 3648K, reserved 4480K

