# JRE version: Java(TM) SE Runtime Environment (8.0_101-b13) (build 1.8.0_101-b13)
# Java VM: Java HotSpot(TM) Client VM (25.101-b13 mixed mode windows-x86 )
Heap:
 def new generation   total 314560K, used 279616K [0x03c00000, 0x19150000, 0x19150000)
  eden space 279616K, 100% used [0x03c00000, 0x14d10000, 0x14d10000)
  from space 34944K,   0% used [0x14d10000, 0x14d10000, 0x16f30000)
  to   space 34944K,   0% used [0x16f30000, 0x16f5fa30, 0x19150000)
 tenured generation   total 699072K, used 451135K [0x19150000, 0x43c00000, 0x43c00000)
   the space 699072K,  64% used [0x19150000, 0x349dfff0, 0x349e0000, 0x43c00000)
 Metaspace       used 3546K, capacity 3598K, committed 3648K, reserved 4480K
GC Heap History (10 events):
Event: 8.794 GC heap after
Heap after GC invocations=93 (full 7):
 def new generation   total 195520K, used 21695K [0x03c00000, 0x11020000, 0x19150000)
  eden space 173824K,   0% used [0x03c00000, 0x03c00000, 0x0e5c0000)
  from space 21696K,  99% used [0x0e5c0000, 0x0faefff8, 0x0faf0000)
  to   space 21696K,   0% used [0x0faf0000, 0x0faf0000, 0x11020000)
 tenured generation   total 434368K, used 351696K [0x19150000, 0x33980000, 0x43c00000)
   the space 434368K,  80% used [0x19150000, 0x2e8c4368, 0x2e8c4400, 0x33980000)
 Metaspace       used 3546K, capacity 3598K, committed 3648K, reserved 4480K
}
Event: 9.066 GC heap before
{Heap before GC invocations=93 (full 7):
 def new generation   total 195520K, used 195519K [0x03c00000, 0x11020000, 0x19150000)
  eden space 173824K, 100% used [0x03c00000, 0x0e5c0000, 0x0e5c0000)
  from space 21696K,  99% used [0x0e5c0000, 0x0faefff8, 0x0faf0000)
  to   space 21696K,   0% used [0x0faf0000, 0x0faf0000, 0x11020000)
 tenured generation   total 434368K, used 351696K [0x19150000, 0x33980000, 0x43c00000)
   the space 434368K,  80% used [0x19150000, 0x2e8c4368, 0x2e8c4400, 0x33980000)
 Metaspace       used 3546K, capacity 3598K, committed 3648K, reserved 4480K
Event: 9.184 GC heap after
Heap after GC invocations=94 (full 7):
 def new generation   total 195520K, used 21695K [0x03c00000, 0x11020000, 0x19150000)
  eden space 173824K,   0% used [0x03c00000, 0x03c00000, 0x0e5c0000)
  from space 21696K,  99% used [0x0faf0000, 0x1101fff8, 0x11020000)
  to   space 21696K,   0% used [0x0e5c0000, 0x0e5c0000, 0x0faf0000)
 tenured generation   total 434368K, used 377765K [0x19150000, 0x33980000, 0x43c00000)
   the space 434368K,  86% used [0x19150000, 0x30239438, 0x30239600, 0x33980000)
 Metaspace       used 3546K, capacity 3598K, committed 3648K, reserved 4480K
}
Event: 9.463 GC heap before
{Heap before GC invocations=94 (full 7):
 def new generation   total 195520K, used 195519K [0x03c00000, 0x11020000, 0x19150000)
  eden space 173824K, 100% used [0x03c00000, 0x0e5c0000, 0x0e5c0000)
  from space 21696K,  99% used [0x0faf0000, 0x1101fff8, 0x11020000)
  to   space 21696K,   0% used [0x0e5c0000, 0x0e5c0000, 0x0faf0000)
 tenured generation   total 434368K, used 377765K [0x19150000, 0x33980000, 0x43c00000)
   the space 434368K,  86% used [0x19150000, 0x30239438, 0x30239600, 0x33980000)
 Metaspace       used 3546K, capacity 3598K, committed 3648K, reserved 4480K
Event: 9.574 GC heap after
Heap after GC invocations=95 (full 7):
 def new generation   total 195520K, used 21695K [0x03c00000, 0x11020000, 0x19150000)
  eden space 173824K,   0% used [0x03c00000, 0x03c00000, 0x0e5c0000)
  from space 21696K,  99% used [0x0e5c0000, 0x0faefff8, 0x0faf0000)
  to   space 21696K,   0% used [0x0faf0000, 0x0faf0000, 0x11020000)
 tenured generation   total 434368K, used 402379K [0x19150000, 0x33980000, 0x43c00000)
   the space 434368K,  92% used [0x19150000, 0x31a42c90, 0x31a42e00, 0x33980000)
 Metaspace       used 3546K, capacity 3598K, committed 3648K, reserved 4480K
}
Event: 9.885 GC heap before
{Heap before GC invocations=95 (full 7):
 def new generation   total 195520K, used 195519K [0x03c00000, 0x11020000, 0x19150000)
  eden space 173824K, 100% used [0x03c00000, 0x0e5c0000, 0x0e5c0000)
  from space 21696K,  99% used [0x0e5c0000, 0x0faefff8, 0x0faf0000)
  to   space 21696K,   0% used [0x0faf0000, 0x0faf0000, 0x11020000)
 tenured generation   total 434368K, used 402379K [0x19150000, 0x33980000, 0x43c00000)
   the space 434368K,  92% used [0x19150000, 0x31a42c90, 0x31a42e00, 0x33980000)
 Metaspace       used 3546K, capacity 3598K, committed 3648K, reserved 4480K
Event: 9.995 GC heap after
Heap after GC invocations=96 (full 7):
 def new generation   total 195520K, used 21696K [0x03c00000, 0x11020000, 0x19150000)
  eden space 173824K,   0% used [0x03c00000, 0x03c00000, 0x0e5c0000)
  from space 21696K, 100% used [0x0faf0000, 0x11020000, 0x11020000)
  to   space 21696K,   0% used [0x0e5c0000, 0x0e5c0000, 0x0faf0000)
 tenured generation   total 434368K, used 426758K [0x19150000, 0x33980000, 0x43c00000)
   the space 434368K,  98% used [0x19150000, 0x33211820, 0x33211a00, 0x33980000)
 Metaspace       used 3546K, capacity 3598K, committed 3648K, reserved 4480K
}
Event: 10.273 GC heap before
{Heap before GC invocations=96 (full 7):
 def new generation   total 195520K, used 195520K [0x03c00000, 0x11020000, 0x19150000)
  eden space 173824K, 100% used [0x03c00000, 0x0e5c0000, 0x0e5c0000)
  from space 21696K, 100% used [0x0faf0000, 0x11020000, 0x11020000)
  to   space 21696K,   0% used [0x0e5c0000, 0x0e5c0000, 0x0faf0000)
 tenured generation   total 434368K, used 426758K [0x19150000, 0x33980000, 0x43c00000)
   the space 434368K,  98% used [0x19150000, 0x33211820, 0x33211a00, 0x33980000)
 Metaspace       used 3546K, capacity 3598K, committed 3648K, reserved 4480K
Event: 11.712 GC heap after
Heap after GC invocations=97 (full 8):
 def new generation   total 314560K, used 1322K [0x03c00000, 0x19150000, 0x19150000)
  eden space 279616K,   0% used [0x03c00000, 0x03d4aaf8, 0x14d10000)
  from space 34944K,   0% used [0x14d10000, 0x14d10000, 0x16f30000)
  to   space 34944K,   0% used [0x16f30000, 0x16f30000, 0x19150000)
 tenured generation   total 699072K, used 451135K [0x19150000, 0x43c00000, 0x43c00000)
   the space 699072K,  64% used [0x19150000, 0x349dfff0, 0x349e0000, 0x43c00000)
 Metaspace       used 3546K, capacity 3598K, committed 3648K, reserved 4480K
}
Event: 12.159 GC heap before
{Heap before GC invocations=97 (full 8):
 def new generation   total 314560K, used 279616K [0x03c00000, 0x19150000, 0x19150000)
  eden space 279616K, 100% used [0x03c00000, 0x14d10000, 0x14d10000)
  from space 34944K,   0% used [0x14d10000, 0x14d10000, 0x16f30000)
  to   space 34944K,   0% used [0x16f30000, 0x16f30000, 0x19150000)
 tenured generation   total 699072K, used 451135K [0x19150000, 0x43c00000, 0x43c00000)
   the space 699072K,  64% used [0x19150000, 0x349dfff0, 0x349e0000, 0x43c00000)
 Metaspace       used 3546K, capacity 3598K, committed 3648K, reserved 4480K

