# JRE version: Java(TM) SE Runtime Environment (8.0_101-b13) (build 1.8.0_101-b13)
# Java VM: Java HotSpot(TM) Client VM (25.101-b13 mixed mode windows-x86 )
Heap:
 def new generation   total 111936K, used 100978K [0x03e00000, 0x0b770000, 0x19350000)
  eden space 99520K, 100% used [0x03e00000, 0x09f30000, 0x09f30000)
  from space 12416K,  11% used [0x09f30000, 0x0a09c868, 0x0ab50000)
  to   space 12416K,  40% used [0x0ab50000, 0x0b031028, 0x0b770000)
 tenured generation   total 248616K, used 175284K [0x19350000, 0x2861a000, 0x43e00000)
   the space 248616K,  70% used [0x19350000, 0x23e7d308, 0x23e7d400, 0x2861a000)
 Metaspace       used 3553K, capacity 3598K, committed 3648K, reserved 4480K
GC Heap History (10 events):
Event: 4.145 GC heap after
Heap after GC invocations=80 (full 6):
 def new generation   total 111936K, used 3782K [0x03e00000, 0x0b770000, 0x19350000)
  eden space 99520K,   3% used [0x03e00000, 0x041b1ac0, 0x09f30000)
  from space 12416K,   0% used [0x09f30000, 0x09f30000, 0x0ab50000)
  to   space 12416K,   0% used [0x0ab50000, 0x0ab50000, 0x0b770000)
 tenured generation   total 248616K, used 149168K [0x19350000, 0x2861a000, 0x43e00000)
   the space 248616K,  59% used [0x19350000, 0x224fc000, 0x224fc000, 0x2861a000)
 Metaspace       used 3552K, capacity 3598K, committed 3648K, reserved 4480K
}
Event: 4.320 GC heap before
{Heap before GC invocations=80 (full 6):
 def new generation   total 111936K, used 99526K [0x03e00000, 0x0b770000, 0x19350000)
  eden space 99520K, 100% used [0x03e00000, 0x09f30000, 0x09f30000)
  from space 12416K,   0% used [0x09f30000, 0x09f31a38, 0x0ab50000)
  to   space 12416K,   0% used [0x0ab50000, 0x0ab50000, 0x0b770000)
 tenured generation   total 248616K, used 149168K [0x19350000, 0x2861a000, 0x43e00000)
   the space 248616K,  59% used [0x19350000, 0x224fc000, 0x224fc000, 0x2861a000)
 Metaspace       used 3552K, capacity 3598K, committed 3648K, reserved 4480K
Event: 4.433 GC heap after
Heap after GC invocations=81 (full 6):
 def new generation   total 111936K, used 12416K [0x03e00000, 0x0b770000, 0x19350000)
  eden space 99520K,   0% used [0x03e00000, 0x03e00000, 0x09f30000)
  from space 12416K, 100% used [0x0ab50000, 0x0b770000, 0x0b770000)
  to   space 12416K,   0% used [0x09f30000, 0x09f30000, 0x0ab50000)
 tenured generation   total 248616K, used 153255K [0x19350000, 0x2861a000, 0x43e00000)
   the space 248616K,  61% used [0x19350000, 0x228f9c50, 0x228f9e00, 0x2861a000)
 Metaspace       used 3552K, capacity 3598K, committed 3648K, reserved 4480K
}
Event: 4.433 GC heap before
{Heap before GC invocations=81 (full 6):
 def new generation   total 111936K, used 13914K [0x03e00000, 0x0b770000, 0x19350000)
  eden space 99520K,   1% used [0x03e00000, 0x03f76828, 0x09f30000)
  from space 12416K, 100% used [0x0ab50000, 0x0b770000, 0x0b770000)
  to   space 12416K,   0% used [0x09f30000, 0x09f30000, 0x0ab50000)
 tenured generation   total 248616K, used 153255K [0x19350000, 0x2861a000, 0x43e00000)
   the space 248616K,  61% used [0x19350000, 0x228f9c50, 0x228f9e00, 0x2861a000)
 Metaspace       used 3552K, capacity 3598K, committed 3648K, reserved 4480K
Event: 4.461 GC heap after
Heap after GC invocations=82 (full 6):
 def new generation   total 111936K, used 39K [0x03e00000, 0x0b770000, 0x19350000)
  eden space 99520K,   0% used [0x03e00000, 0x03e00000, 0x09f30000)
  from space 12416K,   0% used [0x09f30000, 0x09f39d10, 0x0ab50000)
  to   space 12416K,   0% used [0x0ab50000, 0x0ab50000, 0x0b770000)
 tenured generation   total 248616K, used 165661K [0x19350000, 0x2861a000, 0x43e00000)
   the space 248616K,  66% used [0x19350000, 0x235174f8, 0x23517600, 0x2861a000)
 Metaspace       used 3552K, capacity 3598K, committed 3648K, reserved 4480K
}
Event: 4.575 GC heap before
{Heap before GC invocations=82 (full 6):
 def new generation   total 111936K, used 99559K [0x03e00000, 0x0b770000, 0x19350000)
  eden space 99520K, 100% used [0x03e00000, 0x09f30000, 0x09f30000)
  from space 12416K,   0% used [0x09f30000, 0x09f39d10, 0x0ab50000)
  to   space 12416K,   0% used [0x0ab50000, 0x0ab50000, 0x0b770000)
 tenured generation   total 248616K, used 165661K [0x19350000, 0x2861a000, 0x43e00000)
   the space 248616K,  66% used [0x19350000, 0x235174f8, 0x23517600, 0x2861a000)
 Metaspace       used 3553K, capacity 3598K, committed 3648K, reserved 4480K
Event: 4.600 GC heap after
Heap after GC invocations=83 (full 6):
 def new generation   total 111936K, used 9900K [0x03e00000, 0x0b770000, 0x19350000)
  eden space 99520K,   0% used [0x03e00000, 0x03e00000, 0x09f30000)
  from space 12416K,  79% used [0x0ab50000, 0x0b4fb0e8, 0x0b770000)
  to   space 12416K,   0% used [0x09f30000, 0x09f30000, 0x0ab50000)
 tenured generation   total 248616K, used 165661K [0x19350000, 0x2861a000, 0x43e00000)
   the space 248616K,  66% used [0x19350000, 0x235174f8, 0x23517600, 0x2861a000)
 Metaspace       used 3553K, capacity 3598K, committed 3648K, reserved 4480K
}
Event: 4.668 GC heap before
{Heap before GC invocations=83 (full 6):
 def new generation   total 111936K, used 109420K [0x03e00000, 0x0b770000, 0x19350000)
  eden space 99520K, 100% used [0x03e00000, 0x09f30000, 0x09f30000)
  from space 12416K,  79% used [0x0ab50000, 0x0b4fb0e8, 0x0b770000)
  to   space 12416K,   0% used [0x09f30000, 0x09f30000, 0x0ab50000)
 tenured generation   total 248616K, used 165661K [0x19350000, 0x2861a000, 0x43e00000)
   the space 248616K,  66% used [0x19350000, 0x235174f8, 0x23517600, 0x2861a000)
 Metaspace       used 3553K, capacity 3598K, committed 3648K, reserved 4480K
Event: 4.691 GC heap after
Heap after GC invocations=84 (full 6):
 def new generation   total 111936K, used 1458K [0x03e00000, 0x0b770000, 0x19350000)
  eden space 99520K,   0% used [0x03e00000, 0x03e00000, 0x09f30000)
  from space 12416K,  11% used [0x09f30000, 0x0a09c868, 0x0ab50000)
  to   space 12416K,   0% used [0x0ab50000, 0x0ab50000, 0x0b770000)
 tenured generation   total 248616K, used 175284K [0x19350000, 0x2861a000, 0x43e00000)
   the space 248616K,  70% used [0x19350000, 0x23e7d308, 0x23e7d400, 0x2861a000)
 Metaspace       used 3553K, capacity 3598K, committed 3648K, reserved 4480K
}
Event: 4.862 GC heap before
{Heap before GC invocations=84 (full 6):
 def new generation   total 111936K, used 100978K [0x03e00000, 0x0b770000, 0x19350000)
  eden space 99520K, 100% used [0x03e00000, 0x09f30000, 0x09f30000)
  from space 12416K,  11% used [0x09f30000, 0x0a09c868, 0x0ab50000)
  to   space 12416K,   0% used [0x0ab50000, 0x0ab50000, 0x0b770000)
 tenured generation   total 248616K, used 175284K [0x19350000, 0x2861a000, 0x43e00000)
   the space 248616K,  70% used [0x19350000, 0x23e7d308, 0x23e7d400, 0x2861a000)
 Metaspace       used 3553K, capacity 3598K, committed 3648K, reserved 4480K

