# JRE version: Java(TM) SE Runtime Environment (8.0_101-b13) (build 1.8.0_101-b13)
# Java VM: Java HotSpot(TM) Client VM (25.101-b13 mixed mode windows-x86 )
Heap:
 def new generation   total 72320K, used 8000K [0x03e00000, 0x08c70000, 0x19350000)
  eden space 64320K,   0% used [0x03e00000, 0x03e00000, 0x07cd0000)
  from space 8000K, 100% used [0x07cd0000, 0x084a0000, 0x084a0000)
  to   space 8000K,   0% used [0x084a0000, 0x084a0000, 0x08c70000)
 tenured generation   total 166140K, used 166057K [0x19350000, 0x2358f000, 0x43e00000)
   the space 166140K,  99% used [0x19350000, 0x2357a478, 0x2357a600, 0x2358f000)
 Metaspace       used 3526K, capacity 3558K, committed 3648K, reserved 4480K
GC Heap History (10 events):
Event: 3.425 GC heap after
Heap after GC invocations=57 (full 5):
 def new generation   total 72320K, used 8000K [0x03e00000, 0x08c70000, 0x19350000)
  eden space 64320K,   0% used [0x03e00000, 0x03e00000, 0x07cd0000)
  from space 8000K, 100% used [0x084a0000, 0x08c70000, 0x08c70000)
  to   space 8000K,   0% used [0x07cd0000, 0x07cd0000, 0x084a0000)
 tenured generation   total 160508K, used 120291K [0x19350000, 0x2300f000, 0x43e00000)
   the space 160508K,  74% used [0x19350000, 0x208c8fc8, 0x208c9000, 0x2300f000)
 Metaspace       used 3526K, capacity 3558K, committed 3648K, reserved 4480K
}
Event: 3.551 GC heap before
{Heap before GC invocations=57 (full 5):
 def new generation   total 72320K, used 72320K [0x03e00000, 0x08c70000, 0x19350000)
  eden space 64320K, 100% used [0x03e00000, 0x07cd0000, 0x07cd0000)
  from space 8000K, 100% used [0x084a0000, 0x08c70000, 0x08c70000)
  to   space 8000K,   0% used [0x07cd0000, 0x07cd0000, 0x084a0000)
 tenured generation   total 160508K, used 120291K [0x19350000, 0x2300f000, 0x43e00000)
   the space 160508K,  74% used [0x19350000, 0x208c8fc8, 0x208c9000, 0x2300f000)
 Metaspace       used 3526K, capacity 3558K, committed 3648K, reserved 4480K
Event: 3.601 GC heap after
Heap after GC invocations=58 (full 5):
 def new generation   total 72320K, used 8000K [0x03e00000, 0x08c70000, 0x19350000)
  eden space 64320K,   0% used [0x03e00000, 0x03e00000, 0x07cd0000)
  from space 8000K, 100% used [0x07cd0000, 0x084a0000, 0x084a0000)
  to   space 8000K,   0% used [0x084a0000, 0x084a0000, 0x08c70000)
 tenured generation   total 160508K, used 131083K [0x19350000, 0x2300f000, 0x43e00000)
   the space 160508K,  81% used [0x19350000, 0x21352e28, 0x21353000, 0x2300f000)
 Metaspace       used 3526K, capacity 3558K, committed 3648K, reserved 4480K
}
Event: 3.720 GC heap before
{Heap before GC invocations=58 (full 5):
 def new generation   total 72320K, used 72320K [0x03e00000, 0x08c70000, 0x19350000)
  eden space 64320K, 100% used [0x03e00000, 0x07cd0000, 0x07cd0000)
  from space 8000K, 100% used [0x07cd0000, 0x084a0000, 0x084a0000)
  to   space 8000K,   0% used [0x084a0000, 0x084a0000, 0x08c70000)
 tenured generation   total 160508K, used 131083K [0x19350000, 0x2300f000, 0x43e00000)
   the space 160508K,  81% used [0x19350000, 0x21352e28, 0x21353000, 0x2300f000)
 Metaspace       used 3526K, capacity 3558K, committed 3648K, reserved 4480K
Event: 3.760 GC heap after
Heap after GC invocations=59 (full 5):
 def new generation   total 72320K, used 8000K [0x03e00000, 0x08c70000, 0x19350000)
  eden space 64320K,   0% used [0x03e00000, 0x03e00000, 0x07cd0000)
  from space 8000K, 100% used [0x084a0000, 0x08c70000, 0x08c70000)
  to   space 8000K,   0% used [0x07cd0000, 0x07cd0000, 0x084a0000)
 tenured generation   total 160508K, used 139654K [0x19350000, 0x2300f000, 0x43e00000)
   the space 160508K,  87% used [0x19350000, 0x21bb18f8, 0x21bb1a00, 0x2300f000)
 Metaspace       used 3526K, capacity 3558K, committed 3648K, reserved 4480K
}
Event: 3.863 GC heap before
{Heap before GC invocations=59 (full 5):
 def new generation   total 72320K, used 72320K [0x03e00000, 0x08c70000, 0x19350000)
  eden space 64320K, 100% used [0x03e00000, 0x07cd0000, 0x07cd0000)
  from space 8000K, 100% used [0x084a0000, 0x08c70000, 0x08c70000)
  to   space 8000K,   0% used [0x07cd0000, 0x07cd0000, 0x084a0000)
 tenured generation   total 160508K, used 139654K [0x19350000, 0x2300f000, 0x43e00000)
   the space 160508K,  87% used [0x19350000, 0x21bb18f8, 0x21bb1a00, 0x2300f000)
 Metaspace       used 3526K, capacity 3558K, committed 3648K, reserved 4480K
Event: 3.906 GC heap after
Heap after GC invocations=60 (full 5):
 def new generation   total 72320K, used 8000K [0x03e00000, 0x08c70000, 0x19350000)
  eden space 64320K,   0% used [0x03e00000, 0x03e00000, 0x07cd0000)
  from space 8000K, 100% used [0x07cd0000, 0x084a0000, 0x084a0000)
  to   space 8000K,   0% used [0x084a0000, 0x084a0000, 0x08c70000)
 tenured generation   total 160508K, used 149367K [0x19350000, 0x2300f000, 0x43e00000)
   the space 160508K,  93% used [0x19350000, 0x2252df58, 0x2252e000, 0x2300f000)
 Metaspace       used 3526K, capacity 3558K, committed 3648K, reserved 4480K
}
Event: 4.009 GC heap before
{Heap before GC invocations=60 (full 5):
 def new generation   total 72320K, used 72320K [0x03e00000, 0x08c70000, 0x19350000)
  eden space 64320K, 100% used [0x03e00000, 0x07cd0000, 0x07cd0000)
  from space 8000K, 100% used [0x07cd0000, 0x084a0000, 0x084a0000)
  to   space 8000K,   0% used [0x084a0000, 0x084a0000, 0x08c70000)
 tenured generation   total 160508K, used 149367K [0x19350000, 0x2300f000, 0x43e00000)
   the space 160508K,  93% used [0x19350000, 0x2252df58, 0x2252e000, 0x2300f000)
 Metaspace       used 3526K, capacity 3558K, committed 3648K, reserved 4480K
Event: 4.048 GC heap after
Heap after GC invocations=61 (full 5):
 def new generation   total 72320K, used 8000K [0x03e00000, 0x08c70000, 0x19350000)
  eden space 64320K,   0% used [0x03e00000, 0x03e00000, 0x07cd0000)
  from space 8000K, 100% used [0x084a0000, 0x08c70000, 0x08c70000)
  to   space 8000K,   0% used [0x07cd0000, 0x07cd0000, 0x084a0000)
 tenured generation   total 160508K, used 157419K [0x19350000, 0x2300f000, 0x43e00000)
   the space 160508K,  98% used [0x19350000, 0x22d0ae08, 0x22d0b000, 0x2300f000)
 Metaspace       used 3526K, capacity 3558K, committed 3648K, reserved 4480K
}
Event: 4.178 GC heap before
{Heap before GC invocations=61 (full 5):
 def new generation   total 72320K, used 72320K [0x03e00000, 0x08c70000, 0x19350000)
  eden space 64320K, 100% used [0x03e00000, 0x07cd0000, 0x07cd0000)
  from space 8000K, 100% used [0x084a0000, 0x08c70000, 0x08c70000)
  to   space 8000K,   0% used [0x07cd0000, 0x07cd0000, 0x084a0000)
 tenured generation   total 160508K, used 157419K [0x19350000, 0x2300f000, 0x43e00000)
   the space 160508K,  98% used [0x19350000, 0x22d0ae08, 0x22d0b000, 0x2300f000)
 Metaspace       used 3526K, capacity 3558K, committed 3648K, reserved 4480K

