# JRE version: Java(TM) SE Runtime Environment (8.0_101-b13) (build 1.8.0_101-b13)
# Java VM: Java HotSpot(TM) Client VM (25.101-b13 mixed mode windows-x86 )
Heap:
 def new generation   total 73280K, used 73280K [0x03e00000, 0x08d80000, 0x19350000)
  eden space 65152K, 100% used [0x03e00000, 0x07da0000, 0x07da0000)
  from space 8128K, 100% used [0x07da0000, 0x08590000, 0x08590000)
  to   space 8128K,  58% used [0x08590000, 0x08a2ba98, 0x08d80000)
 tenured generation   total 162736K, used 147629K [0x19350000, 0x2323c000, 0x43e00000)
   the space 162736K,  90% used [0x19350000, 0x2237b570, 0x2237b600, 0x2323c000)
 Metaspace       used 3544K, capacity 3566K, committed 3648K, reserved 4480K
GC Heap History (10 events):
Event: 2.502 GC heap after
Heap after GC invocations=72 (full 4):
 def new generation   total 41728K, used 4607K [0x03e00000, 0x06b40000, 0x19350000)
  eden space 37120K,   0% used [0x03e00000, 0x03e00000, 0x06240000)
  from space 4608K,  99% used [0x066c0000, 0x06b3fff8, 0x06b40000)
  to   space 4608K,   0% used [0x06240000, 0x06240000, 0x066c0000)
 tenured generation   total 92524K, used 87212K [0x19350000, 0x1edab000, 0x43e00000)
   the space 92524K,  94% used [0x19350000, 0x1e87b340, 0x1e87b400, 0x1edab000)
 Metaspace       used 3544K, capacity 3566K, committed 3648K, reserved 4480K
}
Event: 2.564 GC heap before
{Heap before GC invocations=72 (full 4):
 def new generation   total 41728K, used 41727K [0x03e00000, 0x06b40000, 0x19350000)
  eden space 37120K, 100% used [0x03e00000, 0x06240000, 0x06240000)
  from space 4608K,  99% used [0x066c0000, 0x06b3fff8, 0x06b40000)
  to   space 4608K,   0% used [0x06240000, 0x06240000, 0x066c0000)
 tenured generation   total 92524K, used 87212K [0x19350000, 0x1edab000, 0x43e00000)
   the space 92524K,  94% used [0x19350000, 0x1e87b340, 0x1e87b400, 0x1edab000)
 Metaspace       used 3544K, capacity 3566K, committed 3648K, reserved 4480K
Event: 2.591 GC heap after
Heap after GC invocations=73 (full 4):
 def new generation   total 41728K, used 4607K [0x03e00000, 0x06b40000, 0x19350000)
  eden space 37120K,   0% used [0x03e00000, 0x03e00000, 0x06240000)
  from space 4608K,  99% used [0x06240000, 0x066bfff8, 0x066c0000)
  to   space 4608K,   0% used [0x066c0000, 0x066c0000, 0x06b40000)
 tenured generation   total 92524K, used 92248K [0x19350000, 0x1edab000, 0x43e00000)
   the space 92524K,  99% used [0x19350000, 0x1ed661c8, 0x1ed66200, 0x1edab000)
 Metaspace       used 3544K, capacity 3566K, committed 3648K, reserved 4480K
}
Event: 2.647 GC heap before
{Heap before GC invocations=73 (full 4):
 def new generation   total 41728K, used 41727K [0x03e00000, 0x06b40000, 0x19350000)
  eden space 37120K, 100% used [0x03e00000, 0x06240000, 0x06240000)
  from space 4608K,  99% used [0x06240000, 0x066bfff8, 0x066c0000)
  to   space 4608K,   0% used [0x066c0000, 0x066c0000, 0x06b40000)
 tenured generation   total 92524K, used 92248K [0x19350000, 0x1edab000, 0x43e00000)
   the space 92524K,  99% used [0x19350000, 0x1ed661c8, 0x1ed66200, 0x1edab000)
 Metaspace       used 3544K, capacity 3566K, committed 3648K, reserved 4480K
Event: 2.895 GC heap after
Heap after GC invocations=74 (full 5):
 def new generation   total 73280K, used 4592K [0x03e00000, 0x08d80000, 0x19350000)
  eden space 65152K,   7% used [0x03e00000, 0x0427c1c8, 0x07da0000)
  from space 8128K,   0% used [0x07da0000, 0x07da0000, 0x08590000)
  to   space 8128K,   0% used [0x08590000, 0x08590000, 0x08d80000)
 tenured generation   total 162736K, used 97639K [0x19350000, 0x2323c000, 0x43e00000)
   the space 162736K,  59% used [0x19350000, 0x1f2a9eb0, 0x1f2aa000, 0x2323c000)
 Metaspace       used 3544K, capacity 3566K, committed 3648K, reserved 4480K
}
Event: 3.013 GC heap before
{Heap before GC invocations=74 (full 5):
 def new generation   total 73280K, used 65152K [0x03e00000, 0x08d80000, 0x19350000)
  eden space 65152K, 100% used [0x03e00000, 0x07da0000, 0x07da0000)
  from space 8128K,   0% used [0x07da0000, 0x07da0000, 0x08590000)
  to   space 8128K,   0% used [0x08590000, 0x08590000, 0x08d80000)
 tenured generation   total 162736K, used 97639K [0x19350000, 0x2323c000, 0x43e00000)
   the space 162736K,  59% used [0x19350000, 0x1f2a9eb0, 0x1f2aa000, 0x2323c000)
 Metaspace       used 3544K, capacity 3566K, committed 3648K, reserved 4480K
Event: 3.096 GC heap after
Heap after GC invocations=75 (full 5):
 def new generation   total 73280K, used 8127K [0x03e00000, 0x08d80000, 0x19350000)
  eden space 65152K,   0% used [0x03e00000, 0x03e00000, 0x07da0000)
  from space 8128K,  99% used [0x08590000, 0x08d7fff8, 0x08d80000)
  to   space 8128K,   0% used [0x07da0000, 0x07da0000, 0x08590000)
 tenured generation   total 162736K, used 103487K [0x19350000, 0x2323c000, 0x43e00000)
   the space 162736K,  63% used [0x19350000, 0x1f85ffe0, 0x1f860000, 0x2323c000)
 Metaspace       used 3544K, capacity 3566K, committed 3648K, reserved 4480K
}
Event: 3.199 GC heap before
{Heap before GC invocations=75 (full 5):
 def new generation   total 73280K, used 73279K [0x03e00000, 0x08d80000, 0x19350000)
  eden space 65152K, 100% used [0x03e00000, 0x07da0000, 0x07da0000)
  from space 8128K,  99% used [0x08590000, 0x08d7fff8, 0x08d80000)
  to   space 8128K,   0% used [0x07da0000, 0x07da0000, 0x08590000)
 tenured generation   total 162736K, used 103487K [0x19350000, 0x2323c000, 0x43e00000)
   the space 162736K,  63% used [0x19350000, 0x1f85ffe0, 0x1f860000, 0x2323c000)
 Metaspace       used 3544K, capacity 3566K, committed 3648K, reserved 4480K
Event: 3.251 GC heap after
Heap after GC invocations=76 (full 5):
 def new generation   total 73280K, used 8128K [0x03e00000, 0x08d80000, 0x19350000)
  eden space 65152K,   0% used [0x03e00000, 0x03e00000, 0x07da0000)
  from space 8128K, 100% used [0x07da0000, 0x08590000, 0x08590000)
  to   space 8128K,   0% used [0x08590000, 0x08590000, 0x08d80000)
 tenured generation   total 162736K, used 115112K [0x19350000, 0x2323c000, 0x43e00000)
   the space 162736K,  70% used [0x19350000, 0x203ba240, 0x203ba400, 0x2323c000)
 Metaspace       used 3544K, capacity 3566K, committed 3648K, reserved 4480K
}
Event: 3.365 GC heap before
{Heap before GC invocations=76 (full 5):
 def new generation   total 73280K, used 73280K [0x03e00000, 0x08d80000, 0x19350000)
  eden space 65152K, 100% used [0x03e00000, 0x07da0000, 0x07da0000)
  from space 8128K, 100% used [0x07da0000, 0x08590000, 0x08590000)
  to   space 8128K,   0% used [0x08590000, 0x08590000, 0x08d80000)
 tenured generation   total 162736K, used 115112K [0x19350000, 0x2323c000, 0x43e00000)
   the space 162736K,  70% used [0x19350000, 0x203ba240, 0x203ba400, 0x2323c000)
 Metaspace       used 3544K, capacity 3566K, committed 3648K, reserved 4480K

