# JRE version: Java(TM) SE Runtime Environment (8.0_101-b13) (build 1.8.0_101-b13)
# Java VM: Java HotSpot(TM) Client VM (25.101-b13 mixed mode windows-x86 )
Heap:
 def new generation   total 218048K, used 24192K [0x03c00000, 0x12890000, 0x19150000)
  eden space 193856K,   0% used [0x03c00000, 0x03c00000, 0x0f950000)
  from space 24192K, 100% used [0x0f950000, 0x110f0000, 0x110f0000)
  to   space 24192K,   0% used [0x110f0000, 0x110f0000, 0x12890000)
 tenured generation   total 502640K, used 502512K [0x19150000, 0x37c2c000, 0x43c00000)
   the space 502640K,  99% used [0x19150000, 0x37c0c378, 0x37c0c400, 0x37c2c000)
 Metaspace       used 3545K, capacity 3598K, committed 3648K, reserved 4480K
GC Heap History (10 events):
Event: 9.757 GC heap after
Heap after GC invocations=94 (full 7):
 def new generation   total 218048K, used 24192K [0x03c00000, 0x12890000, 0x19150000)
  eden space 193856K,   0% used [0x03c00000, 0x03c00000, 0x0f950000)
  from space 24192K, 100% used [0x110f0000, 0x12890000, 0x12890000)
  to   space 24192K,   0% used [0x0f950000, 0x0f950000, 0x110f0000)
 tenured generation   total 484336K, used 363455K [0x19150000, 0x36a4c000, 0x43c00000)
   the space 484336K,  75% used [0x19150000, 0x2f43fdd8, 0x2f43fe00, 0x36a4c000)
 Metaspace       used 3545K, capacity 3598K, committed 3648K, reserved 4480K
}
Event: 10.079 GC heap before
{Heap before GC invocations=94 (full 7):
 def new generation   total 218048K, used 218048K [0x03c00000, 0x12890000, 0x19150000)
  eden space 193856K, 100% used [0x03c00000, 0x0f950000, 0x0f950000)
  from space 24192K, 100% used [0x110f0000, 0x12890000, 0x12890000)
  to   space 24192K,   0% used [0x0f950000, 0x0f950000, 0x110f0000)
 tenured generation   total 484336K, used 363455K [0x19150000, 0x36a4c000, 0x43c00000)
   the space 484336K,  75% used [0x19150000, 0x2f43fdd8, 0x2f43fe00, 0x36a4c000)
 Metaspace       used 3545K, capacity 3598K, committed 3648K, reserved 4480K
Event: 10.214 GC heap after
Heap after GC invocations=95 (full 7):
 def new generation   total 218048K, used 24192K [0x03c00000, 0x12890000, 0x19150000)
  eden space 193856K,   0% used [0x03c00000, 0x03c00000, 0x0f950000)
  from space 24192K, 100% used [0x0f950000, 0x110f0000, 0x110f0000)
  to   space 24192K,   0% used [0x110f0000, 0x110f0000, 0x12890000)
 tenured generation   total 484336K, used 391636K [0x19150000, 0x36a4c000, 0x43c00000)
   the space 484336K,  80% used [0x19150000, 0x30fc5008, 0x30fc5200, 0x36a4c000)
 Metaspace       used 3545K, capacity 3598K, committed 3648K, reserved 4480K
}
Event: 10.559 GC heap before
{Heap before GC invocations=95 (full 7):
 def new generation   total 218048K, used 218048K [0x03c00000, 0x12890000, 0x19150000)
  eden space 193856K, 100% used [0x03c00000, 0x0f950000, 0x0f950000)
  from space 24192K, 100% used [0x0f950000, 0x110f0000, 0x110f0000)
  to   space 24192K,   0% used [0x110f0000, 0x110f0000, 0x12890000)
 tenured generation   total 484336K, used 391636K [0x19150000, 0x36a4c000, 0x43c00000)
   the space 484336K,  80% used [0x19150000, 0x30fc5008, 0x30fc5200, 0x36a4c000)
 Metaspace       used 3545K, capacity 3598K, committed 3648K, reserved 4480K
Event: 10.694 GC heap after
Heap after GC invocations=96 (full 7):
 def new generation   total 218048K, used 24191K [0x03c00000, 0x12890000, 0x19150000)
  eden space 193856K,   0% used [0x03c00000, 0x03c00000, 0x0f950000)
  from space 24192K,  99% used [0x110f0000, 0x1288fff8, 0x12890000)
  to   space 24192K,   0% used [0x0f950000, 0x0f950000, 0x110f0000)
 tenured generation   total 484336K, used 419092K [0x19150000, 0x36a4c000, 0x43c00000)
   the space 484336K,  86% used [0x19150000, 0x32a95350, 0x32a95400, 0x36a4c000)
 Metaspace       used 3545K, capacity 3598K, committed 3648K, reserved 4480K
}
Event: 11.009 GC heap before
{Heap before GC invocations=96 (full 7):
 def new generation   total 218048K, used 218047K [0x03c00000, 0x12890000, 0x19150000)
  eden space 193856K, 100% used [0x03c00000, 0x0f950000, 0x0f950000)
  from space 24192K,  99% used [0x110f0000, 0x1288fff8, 0x12890000)
  to   space 24192K,   0% used [0x0f950000, 0x0f950000, 0x110f0000)
 tenured generation   total 484336K, used 419092K [0x19150000, 0x36a4c000, 0x43c00000)
   the space 484336K,  86% used [0x19150000, 0x32a95350, 0x32a95400, 0x36a4c000)
 Metaspace       used 3545K, capacity 3598K, committed 3648K, reserved 4480K
Event: 11.137 GC heap after
Heap after GC invocations=97 (full 7):
 def new generation   total 218048K, used 24192K [0x03c00000, 0x12890000, 0x19150000)
  eden space 193856K,   0% used [0x03c00000, 0x03c00000, 0x0f950000)
  from space 24192K, 100% used [0x0f950000, 0x110f0000, 0x110f0000)
  to   space 24192K,   0% used [0x110f0000, 0x110f0000, 0x12890000)
 tenured generation   total 484336K, used 446470K [0x19150000, 0x36a4c000, 0x43c00000)
   the space 484336K,  92% used [0x19150000, 0x34551bd8, 0x34551c00, 0x36a4c000)
 Metaspace       used 3545K, capacity 3598K, committed 3648K, reserved 4480K
}
Event: 11.473 GC heap before
{Heap before GC invocations=97 (full 7):
 def new generation   total 218048K, used 218048K [0x03c00000, 0x12890000, 0x19150000)
  eden space 193856K, 100% used [0x03c00000, 0x0f950000, 0x0f950000)
  from space 24192K, 100% used [0x0f950000, 0x110f0000, 0x110f0000)
  to   space 24192K,   0% used [0x110f0000, 0x110f0000, 0x12890000)
 tenured generation   total 484336K, used 446470K [0x19150000, 0x36a4c000, 0x43c00000)
   the space 484336K,  92% used [0x19150000, 0x34551bd8, 0x34551c00, 0x36a4c000)
 Metaspace       used 3545K, capacity 3598K, committed 3648K, reserved 4480K
Event: 11.593 GC heap after
Heap after GC invocations=98 (full 7):
 def new generation   total 218048K, used 24191K [0x03c00000, 0x12890000, 0x19150000)
  eden space 193856K,   0% used [0x03c00000, 0x03c00000, 0x0f950000)
  from space 24192K,  99% used [0x110f0000, 0x1288fff8, 0x12890000)
  to   space 24192K,   0% used [0x0f950000, 0x0f950000, 0x110f0000)
 tenured generation   total 484336K, used 470720K [0x19150000, 0x36a4c000, 0x43c00000)
   the space 484336K,  97% used [0x19150000, 0x35d00120, 0x35d00200, 0x36a4c000)
 Metaspace       used 3545K, capacity 3598K, committed 3648K, reserved 4480K
}
Event: 11.916 GC heap before
{Heap before GC invocations=98 (full 7):
 def new generation   total 218048K, used 218047K [0x03c00000, 0x12890000, 0x19150000)
  eden space 193856K, 100% used [0x03c00000, 0x0f950000, 0x0f950000)
  from space 24192K,  99% used [0x110f0000, 0x1288fff8, 0x12890000)
  to   space 24192K,   0% used [0x0f950000, 0x0f950000, 0x110f0000)
 tenured generation   total 484336K, used 470720K [0x19150000, 0x36a4c000, 0x43c00000)
   the space 484336K,  97% used [0x19150000, 0x35d00120, 0x35d00200, 0x36a4c000)
 Metaspace       used 3545K, capacity 3598K, committed 3648K, reserved 4480K

