# JRE version: Java(TM) SE Runtime Environment (8.0_101-b13) (build 1.8.0_101-b13)
# Java VM: Java HotSpot(TM) Client VM (25.101-b13 mixed mode windows-x86 )
Heap:
 def new generation   total 314560K, used 314559K [0x03e00000, 0x19350000, 0x19350000)
  eden space 279616K, 100% used [0x03e00000, 0x14f10000, 0x14f10000)
  from space 34944K,  99% used [0x17130000, 0x1934fff8, 0x19350000)
  to   space 34944K,   0% used [0x14f10000, 0x14f4cb78, 0x17130000)
 tenured generation   total 699072K, used 448694K [0x19350000, 0x43e00000, 0x43e00000)
   the space 699072K,  64% used [0x19350000, 0x3497d990, 0x3497da00, 0x43e00000)
 Metaspace       used 3546K, capacity 3598K, committed 3648K, reserved 4480K
GC Heap History (10 events):
Event: 9.123 GC heap after
Heap after GC invocations=92 (full 7):
 def new generation   total 192832K, used 21375K [0x03e00000, 0x10f30000, 0x19350000)
  eden space 171456K,   0% used [0x03e00000, 0x03e00000, 0x0e570000)
  from space 21376K,  99% used [0x0fa50000, 0x10f2fff8, 0x10f30000)
  to   space 21376K,   0% used [0x0e570000, 0x0e570000, 0x0fa50000)
 tenured generation   total 428276K, used 368246K [0x19350000, 0x3358d000, 0x43e00000)
   the space 428276K,  85% used [0x19350000, 0x2faedbf0, 0x2faedc00, 0x3358d000)
 Metaspace       used 3546K, capacity 3598K, committed 3648K, reserved 4480K
}
Event: 9.411 GC heap before
{Heap before GC invocations=92 (full 7):
 def new generation   total 192832K, used 192831K [0x03e00000, 0x10f30000, 0x19350000)
  eden space 171456K, 100% used [0x03e00000, 0x0e570000, 0x0e570000)
  from space 21376K,  99% used [0x0fa50000, 0x10f2fff8, 0x10f30000)
  to   space 21376K,   0% used [0x0e570000, 0x0e570000, 0x0fa50000)
 tenured generation   total 428276K, used 368246K [0x19350000, 0x3358d000, 0x43e00000)
   the space 428276K,  85% used [0x19350000, 0x2faedbf0, 0x2faedc00, 0x3358d000)
 Metaspace       used 3546K, capacity 3598K, committed 3648K, reserved 4480K
Event: 9.525 GC heap after
Heap after GC invocations=93 (full 7):
 def new generation   total 192832K, used 21375K [0x03e00000, 0x10f30000, 0x19350000)
  eden space 171456K,   0% used [0x03e00000, 0x03e00000, 0x0e570000)
  from space 21376K,  99% used [0x0e570000, 0x0fa4fff8, 0x0fa50000)
  to   space 21376K,   0% used [0x0fa50000, 0x0fa50000, 0x10f30000)
 tenured generation   total 428276K, used 393141K [0x19350000, 0x3358d000, 0x43e00000)
   the space 428276K,  91% used [0x19350000, 0x3133d608, 0x3133d800, 0x3358d000)
 Metaspace       used 3546K, capacity 3598K, committed 3648K, reserved 4480K
}
Event: 9.810 GC heap before
{Heap before GC invocations=93 (full 7):
 def new generation   total 192832K, used 192831K [0x03e00000, 0x10f30000, 0x19350000)
  eden space 171456K, 100% used [0x03e00000, 0x0e570000, 0x0e570000)
  from space 21376K,  99% used [0x0e570000, 0x0fa4fff8, 0x0fa50000)
  to   space 21376K,   0% used [0x0fa50000, 0x0fa50000, 0x10f30000)
 tenured generation   total 428276K, used 393141K [0x19350000, 0x3358d000, 0x43e00000)
   the space 428276K,  91% used [0x19350000, 0x3133d608, 0x3133d800, 0x3358d000)
 Metaspace       used 3546K, capacity 3598K, committed 3648K, reserved 4480K
Event: 9.916 GC heap after
Heap after GC invocations=94 (full 7):
 def new generation   total 192832K, used 21375K [0x03e00000, 0x10f30000, 0x19350000)
  eden space 171456K,   0% used [0x03e00000, 0x03e00000, 0x0e570000)
  from space 21376K,  99% used [0x0fa50000, 0x10f2fff8, 0x10f30000)
  to   space 21376K,   0% used [0x0e570000, 0x0e570000, 0x0fa50000)
 tenured generation   total 428276K, used 417036K [0x19350000, 0x3358d000, 0x43e00000)
   the space 428276K,  97% used [0x19350000, 0x32a93050, 0x32a93200, 0x3358d000)
 Metaspace       used 3546K, capacity 3598K, committed 3648K, reserved 4480K
}
Event: 10.199 GC heap before
{Heap before GC invocations=94 (full 7):
 def new generation   total 192832K, used 192831K [0x03e00000, 0x10f30000, 0x19350000)
  eden space 171456K, 100% used [0x03e00000, 0x0e570000, 0x0e570000)
  from space 21376K,  99% used [0x0fa50000, 0x10f2fff8, 0x10f30000)
  to   space 21376K,   0% used [0x0e570000, 0x0e570000, 0x0fa50000)
 tenured generation   total 428276K, used 417036K [0x19350000, 0x3358d000, 0x43e00000)
   the space 428276K,  97% used [0x19350000, 0x32a93050, 0x32a93200, 0x3358d000)
 Metaspace       used 3546K, capacity 3598K, committed 3648K, reserved 4480K
Event: 11.613 GC heap after
Heap after GC invocations=95 (full 8):
 def new generation   total 314560K, used 3534K [0x03e00000, 0x19350000, 0x19350000)
  eden space 279616K,   1% used [0x03e00000, 0x04173b80, 0x14f10000)
  from space 34944K,   0% used [0x14f10000, 0x14f10000, 0x17130000)
  to   space 34944K,   0% used [0x17130000, 0x17130000, 0x19350000)
 tenured generation   total 699072K, used 441202K [0x19350000, 0x43e00000, 0x43e00000)
   the space 699072K,  63% used [0x19350000, 0x3422c9f8, 0x3422ca00, 0x43e00000)
 Metaspace       used 3546K, capacity 3598K, committed 3648K, reserved 4480K
}
Event: 12.103 GC heap before
{Heap before GC invocations=95 (full 8):
 def new generation   total 314560K, used 279616K [0x03e00000, 0x19350000, 0x19350000)
  eden space 279616K, 100% used [0x03e00000, 0x14f10000, 0x14f10000)
  from space 34944K,   0% used [0x14f10000, 0x14f10000, 0x17130000)
  to   space 34944K,   0% used [0x17130000, 0x17130000, 0x19350000)
 tenured generation   total 699072K, used 441202K [0x19350000, 0x43e00000, 0x43e00000)
   the space 699072K,  63% used [0x19350000, 0x3422c9f8, 0x3422ca00, 0x43e00000)
 Metaspace       used 3546K, capacity 3598K, committed 3648K, reserved 4480K
Event: 12.444 GC heap after
Heap after GC invocations=96 (full 8):
 def new generation   total 314560K, used 34943K [0x03e00000, 0x19350000, 0x19350000)
  eden space 279616K,   0% used [0x03e00000, 0x03e00000, 0x14f10000)
  from space 34944K,  99% used [0x17130000, 0x1934fff8, 0x19350000)
  to   space 34944K,   0% used [0x14f10000, 0x14f10000, 0x17130000)
 tenured generation   total 699072K, used 446430K [0x19350000, 0x43e00000, 0x43e00000)
   the space 699072K,  63% used [0x19350000, 0x34747920, 0x34747a00, 0x43e00000)
 Metaspace       used 3546K, capacity 3598K, committed 3648K, reserved 4480K
}
Event: 12.940 GC heap before
{Heap before GC invocations=96 (full 8):
 def new generation   total 314560K, used 314559K [0x03e00000, 0x19350000, 0x19350000)
  eden space 279616K, 100% used [0x03e00000, 0x14f10000, 0x14f10000)
  from space 34944K,  99% used [0x17130000, 0x1934fff8, 0x19350000)
  to   space 34944K,   0% used [0x14f10000, 0x14f10000, 0x17130000)
 tenured generation   total 699072K, used 446430K [0x19350000, 0x43e00000, 0x43e00000)
   the space 699072K,  63% used [0x19350000, 0x34747950, 0x34747a00, 0x43e00000)
 Metaspace       used 3546K, capacity 3598K, committed 3648K, reserved 4480K

