# JRE version: Java(TM) SE Runtime Environment (8.0_101-b13) (build 1.8.0_101-b13)
# Java VM: Java HotSpot(TM) Client VM (25.101-b13 mixed mode windows-x86 )
Heap:
 def new generation   total 68352K, used 68352K [0x03e00000, 0x08820000, 0x19350000)
  eden space 60800K, 100% used [0x03e00000, 0x07960000, 0x07960000)
  from space 7552K, 100% used [0x080c0000, 0x08820000, 0x08820000)
  to   space 7552K,   6% used [0x07960000, 0x079d8e70, 0x080c0000)
 tenured generation   total 699072K, used 96984K [0x19350000, 0x43e00000, 0x43e00000)
   the space 699072K,  13% used [0x19350000, 0x1f206028, 0x1f206200, 0x43e00000)
 Metaspace       used 3533K, capacity 3560K, committed 3648K, reserved 4480K
GC Heap History (10 events):
Event: 2.338 GC heap after
Heap after GC invocations=49 (full 4):
 def new generation   total 40640K, used 4479K [0x03e00000, 0x06a10000, 0x19350000)
  eden space 36160K,   0% used [0x03e00000, 0x03e00000, 0x06150000)
  from space 4480K,  99% used [0x06150000, 0x065afff8, 0x065b0000)
  to   space 4480K,   0% used [0x065b0000, 0x065b0000, 0x06a10000)
 tenured generation   total 90100K, used 75088K [0x19350000, 0x1eb4d000, 0x43e00000)
   the space 90100K,  83% used [0x19350000, 0x1dca41f8, 0x1dca4200, 0x1eb4d000)
 Metaspace       used 3533K, capacity 3560K, committed 3648K, reserved 4480K
}
Event: 2.405 GC heap before
{Heap before GC invocations=49 (full 4):
 def new generation   total 40640K, used 40639K [0x03e00000, 0x06a10000, 0x19350000)
  eden space 36160K, 100% used [0x03e00000, 0x06150000, 0x06150000)
  from space 4480K,  99% used [0x06150000, 0x065afff8, 0x065b0000)
  to   space 4480K,   0% used [0x065b0000, 0x065b0000, 0x06a10000)
 tenured generation   total 90100K, used 75088K [0x19350000, 0x1eb4d000, 0x43e00000)
   the space 90100K,  83% used [0x19350000, 0x1dca41f8, 0x1dca4200, 0x1eb4d000)
 Metaspace       used 3533K, capacity 3560K, committed 3648K, reserved 4480K
Event: 2.429 GC heap after
Heap after GC invocations=50 (full 4):
 def new generation   total 40640K, used 4480K [0x03e00000, 0x06a10000, 0x19350000)
  eden space 36160K,   0% used [0x03e00000, 0x03e00000, 0x06150000)
  from space 4480K, 100% used [0x065b0000, 0x06a10000, 0x06a10000)
  to   space 4480K,   0% used [0x06150000, 0x06150000, 0x065b0000)
 tenured generation   total 90100K, used 80531K [0x19350000, 0x1eb4d000, 0x43e00000)
   the space 90100K,  89% used [0x19350000, 0x1e1f4f68, 0x1e1f5000, 0x1eb4d000)
 Metaspace       used 3533K, capacity 3560K, committed 3648K, reserved 4480K
}
Event: 2.491 GC heap before
{Heap before GC invocations=50 (full 4):
 def new generation   total 40640K, used 40640K [0x03e00000, 0x06a10000, 0x19350000)
  eden space 36160K, 100% used [0x03e00000, 0x06150000, 0x06150000)
  from space 4480K, 100% used [0x065b0000, 0x06a10000, 0x06a10000)
  to   space 4480K,   0% used [0x06150000, 0x06150000, 0x065b0000)
 tenured generation   total 90100K, used 80531K [0x19350000, 0x1eb4d000, 0x43e00000)
   the space 90100K,  89% used [0x19350000, 0x1e1f4f68, 0x1e1f5000, 0x1eb4d000)
 Metaspace       used 3533K, capacity 3560K, committed 3648K, reserved 4480K
Event: 2.515 GC heap after
Heap after GC invocations=51 (full 4):
 def new generation   total 40640K, used 4480K [0x03e00000, 0x06a10000, 0x19350000)
  eden space 36160K,   0% used [0x03e00000, 0x03e00000, 0x06150000)
  from space 4480K, 100% used [0x06150000, 0x065b0000, 0x065b0000)
  to   space 4480K,   0% used [0x065b0000, 0x065b0000, 0x06a10000)
 tenured generation   total 90100K, used 85321K [0x19350000, 0x1eb4d000, 0x43e00000)
   the space 90100K,  94% used [0x19350000, 0x1e6a2518, 0x1e6a2600, 0x1eb4d000)
 Metaspace       used 3533K, capacity 3560K, committed 3648K, reserved 4480K
}
Event: 2.578 GC heap before
{Heap before GC invocations=51 (full 4):
 def new generation   total 40640K, used 40640K [0x03e00000, 0x06a10000, 0x19350000)
  eden space 36160K, 100% used [0x03e00000, 0x06150000, 0x06150000)
  from space 4480K, 100% used [0x06150000, 0x065b0000, 0x065b0000)
  to   space 4480K,   0% used [0x065b0000, 0x065b0000, 0x06a10000)
 tenured generation   total 90100K, used 85321K [0x19350000, 0x1eb4d000, 0x43e00000)
   the space 90100K,  94% used [0x19350000, 0x1e6a2518, 0x1e6a2600, 0x1eb4d000)
 Metaspace       used 3533K, capacity 3560K, committed 3648K, reserved 4480K
Event: 2.814 GC heap after
Heap after GC invocations=52 (full 5):
 def new generation   total 68352K, used 4465K [0x03e00000, 0x08820000, 0x19350000)
  eden space 60800K,   7% used [0x03e00000, 0x0425c4d8, 0x07960000)
  from space 7552K,   0% used [0x07960000, 0x07960000, 0x080c0000)
  to   space 7552K,   0% used [0x080c0000, 0x080c0000, 0x08820000)
 tenured generation   total 151660K, used 90995K [0x19350000, 0x2276b000, 0x43e00000)
   the space 151660K,  59% used [0x19350000, 0x1ec2cff0, 0x1ec2d000, 0x2276b000)
 Metaspace       used 3533K, capacity 3560K, committed 3648K, reserved 4480K
}
Event: 2.917 GC heap before
{Heap before GC invocations=52 (full 5):
 def new generation   total 68352K, used 60800K [0x03e00000, 0x08820000, 0x19350000)
  eden space 60800K, 100% used [0x03e00000, 0x07960000, 0x07960000)
  from space 7552K,   0% used [0x07960000, 0x07960000, 0x080c0000)
  to   space 7552K,   0% used [0x080c0000, 0x080c0000, 0x08820000)
 tenured generation   total 151660K, used 90995K [0x19350000, 0x2276b000, 0x43e00000)
   the space 151660K,  59% used [0x19350000, 0x1ec2cff0, 0x1ec2d000, 0x2276b000)
 Metaspace       used 3533K, capacity 3560K, committed 3648K, reserved 4480K
Event: 2.993 GC heap after
Heap after GC invocations=53 (full 5):
 def new generation   total 68352K, used 7552K [0x03e00000, 0x08820000, 0x19350000)
  eden space 60800K,   0% used [0x03e00000, 0x03e00000, 0x07960000)
  from space 7552K, 100% used [0x080c0000, 0x08820000, 0x08820000)
  to   space 7552K,   0% used [0x07960000, 0x07960000, 0x080c0000)
 tenured generation   total 151660K, used 96123K [0x19350000, 0x2276b000, 0x43e00000)
   the space 151660K,  63% used [0x19350000, 0x1f12ec40, 0x1f12ee00, 0x2276b000)
 Metaspace       used 3533K, capacity 3560K, committed 3648K, reserved 4480K
}
Event: 3.100 GC heap before
{Heap before GC invocations=53 (full 5):
 def new generation   total 68352K, used 68352K [0x03e00000, 0x08820000, 0x19350000)
  eden space 60800K, 100% used [0x03e00000, 0x07960000, 0x07960000)
  from space 7552K, 100% used [0x080c0000, 0x08820000, 0x08820000)
  to   space 7552K,   0% used [0x07960000, 0x07960000, 0x080c0000)
 tenured generation   total 151660K, used 96123K [0x19350000, 0x2276b000, 0x43e00000)
   the space 151660K,  63% used [0x19350000, 0x1f12ec40, 0x1f12ee00, 0x2276b000)
 Metaspace       used 3533K, capacity 3560K, committed 3648K, reserved 4480K

