# JRE version: Java(TM) SE Runtime Environment (8.0_101-b13) (build 1.8.0_101-b13)
# Java VM: Java HotSpot(TM) Client VM (25.101-b13 mixed mode windows-x86 )
Heap:
 def new generation   total 69184K, used 69184K [0x03e00000, 0x08910000, 0x19350000)
  eden space 61504K, 100% used [0x03e00000, 0x07a10000, 0x07a10000)
  from space 7680K, 100% used [0x08190000, 0x08910000, 0x08910000)
  to   space 7680K, 100% used [0x07a10000, 0x08190000, 0x08190000)
 tenured generation   total 153608K, used 146321K [0x19350000, 0x22952000, 0x43e00000)
   the space 153608K,  95% used [0x19350000, 0x22234638, 0x22234800, 0x22952000)
 Metaspace       used 3553K, capacity 3598K, committed 3648K, reserved 4480K
GC Heap History (10 events):
Event: 2.852 GC heap after
Heap after GC invocations=51 (full 4):
 def new generation   total 40896K, used 4479K [0x03e00000, 0x06a50000, 0x19350000)
  eden space 36416K,   0% used [0x03e00000, 0x03e00000, 0x06190000)
  from space 4480K,  99% used [0x06190000, 0x065efff8, 0x065f0000)
  to   space 4480K,   0% used [0x065f0000, 0x065f0000, 0x06a50000)
 tenured generation   total 90648K, used 86368K [0x19350000, 0x1ebd6000, 0x43e00000)
   the space 90648K,  95% used [0x19350000, 0x1e7a8340, 0x1e7a8400, 0x1ebd6000)
 Metaspace       used 3552K, capacity 3598K, committed 3648K, reserved 4480K
}
Event: 2.918 GC heap before
{Heap before GC invocations=51 (full 4):
 def new generation   total 40896K, used 40895K [0x03e00000, 0x06a50000, 0x19350000)
  eden space 36416K, 100% used [0x03e00000, 0x06190000, 0x06190000)
  from space 4480K,  99% used [0x06190000, 0x065efff8, 0x065f0000)
  to   space 4480K,   0% used [0x065f0000, 0x065f0000, 0x06a50000)
 tenured generation   total 90648K, used 86368K [0x19350000, 0x1ebd6000, 0x43e00000)
   the space 90648K,  95% used [0x19350000, 0x1e7a8340, 0x1e7a8400, 0x1ebd6000)
 Metaspace       used 3552K, capacity 3598K, committed 3648K, reserved 4480K
Event: 3.159 GC heap after
Heap after GC invocations=52 (full 5):
 def new generation   total 69184K, used 4472K [0x03e00000, 0x08910000, 0x19350000)
  eden space 61504K,   7% used [0x03e00000, 0x0425e3f0, 0x07a10000)
  from space 7680K,   0% used [0x07a10000, 0x07a10000, 0x08190000)
  to   space 7680K,   0% used [0x08190000, 0x08190000, 0x08910000)
 tenured generation   total 153608K, used 92163K [0x19350000, 0x22952000, 0x43e00000)
   the space 153608K,  59% used [0x19350000, 0x1ed50ea0, 0x1ed51000, 0x22952000)
 Metaspace       used 3552K, capacity 3598K, committed 3648K, reserved 4480K
}
Event: 3.264 GC heap before
{Heap before GC invocations=52 (full 5):
 def new generation   total 69184K, used 61504K [0x03e00000, 0x08910000, 0x19350000)
  eden space 61504K, 100% used [0x03e00000, 0x07a10000, 0x07a10000)
  from space 7680K,   0% used [0x07a10000, 0x07a10000, 0x08190000)
  to   space 7680K,   0% used [0x08190000, 0x08190000, 0x08910000)
 tenured generation   total 153608K, used 92163K [0x19350000, 0x22952000, 0x43e00000)
   the space 153608K,  59% used [0x19350000, 0x1ed50ea0, 0x1ed51000, 0x22952000)
 Metaspace       used 3552K, capacity 3598K, committed 3648K, reserved 4480K
Event: 3.338 GC heap after
Heap after GC invocations=53 (full 5):
 def new generation   total 69184K, used 7680K [0x03e00000, 0x08910000, 0x19350000)
  eden space 61504K,   0% used [0x03e00000, 0x03e00000, 0x07a10000)
  from space 7680K, 100% used [0x08190000, 0x08910000, 0x08910000)
  to   space 7680K,   0% used [0x07a10000, 0x07a10000, 0x08190000)
 tenured generation   total 153608K, used 96297K [0x19350000, 0x22952000, 0x43e00000)
   the space 153608K,  62% used [0x19350000, 0x1f15a740, 0x1f15a800, 0x22952000)
 Metaspace       used 3552K, capacity 3598K, committed 3648K, reserved 4480K
}
Event: 3.444 GC heap before
{Heap before GC invocations=53 (full 5):
 def new generation   total 69184K, used 69184K [0x03e00000, 0x08910000, 0x19350000)
  eden space 61504K, 100% used [0x03e00000, 0x07a10000, 0x07a10000)
  from space 7680K, 100% used [0x08190000, 0x08910000, 0x08910000)
  to   space 7680K,   0% used [0x07a10000, 0x07a10000, 0x08190000)
 tenured generation   total 153608K, used 96297K [0x19350000, 0x22952000, 0x43e00000)
   the space 153608K,  62% used [0x19350000, 0x1f15a740, 0x1f15a800, 0x22952000)
 Metaspace       used 3552K, capacity 3598K, committed 3648K, reserved 4480K
Event: 3.487 GC heap after
Heap after GC invocations=54 (full 5):
 def new generation   total 69184K, used 7680K [0x03e00000, 0x08910000, 0x19350000)
  eden space 61504K,   0% used [0x03e00000, 0x03e00000, 0x07a10000)
  from space 7680K, 100% used [0x07a10000, 0x08190000, 0x08190000)
  to   space 7680K,   0% used [0x08190000, 0x08190000, 0x08910000)
 tenured generation   total 153608K, used 105207K [0x19350000, 0x22952000, 0x43e00000)
   the space 153608K,  68% used [0x19350000, 0x1fa0dfc0, 0x1fa0e000, 0x22952000)
 Metaspace       used 3552K, capacity 3598K, committed 3648K, reserved 4480K
}
Event: 3.591 GC heap before
{Heap before GC invocations=54 (full 5):
 def new generation   total 69184K, used 69184K [0x03e00000, 0x08910000, 0x19350000)
  eden space 61504K, 100% used [0x03e00000, 0x07a10000, 0x07a10000)
  from space 7680K, 100% used [0x07a10000, 0x08190000, 0x08190000)
  to   space 7680K,   0% used [0x08190000, 0x08190000, 0x08910000)
 tenured generation   total 153608K, used 105207K [0x19350000, 0x22952000, 0x43e00000)
   the space 153608K,  68% used [0x19350000, 0x1fa0dfc0, 0x1fa0e000, 0x22952000)
 Metaspace       used 3553K, capacity 3598K, committed 3648K, reserved 4480K
Event: 3.632 GC heap after
Heap after GC invocations=55 (full 5):
 def new generation   total 69184K, used 7680K [0x03e00000, 0x08910000, 0x19350000)
  eden space 61504K,   0% used [0x03e00000, 0x03e00000, 0x07a10000)
  from space 7680K, 100% used [0x08190000, 0x08910000, 0x08910000)
  to   space 7680K,   0% used [0x07a10000, 0x07a10000, 0x08190000)
 tenured generation   total 153608K, used 113858K [0x19350000, 0x22952000, 0x43e00000)
   the space 153608K,  74% used [0x19350000, 0x20280838, 0x20280a00, 0x22952000)
 Metaspace       used 3553K, capacity 3598K, committed 3648K, reserved 4480K
}
Event: 3.731 GC heap before
{Heap before GC invocations=55 (full 5):
 def new generation   total 69184K, used 69184K [0x03e00000, 0x08910000, 0x19350000)
  eden space 61504K, 100% used [0x03e00000, 0x07a10000, 0x07a10000)
  from space 7680K, 100% used [0x08190000, 0x08910000, 0x08910000)
  to   space 7680K,   0% used [0x07a10000, 0x07a10000, 0x08190000)
 tenured generation   total 153608K, used 113858K [0x19350000, 0x22952000, 0x43e00000)
   the space 153608K,  74% used [0x19350000, 0x20280838, 0x20280a00, 0x22952000)
 Metaspace       used 3553K, capacity 3598K, committed 3648K, reserved 4480K

