# JRE version: Java(TM) SE Runtime Environment (8.0_101-b13) (build 1.8.0_101-b13)
# Java VM: Java HotSpot(TM) Client VM (25.101-b13 mixed mode windows-x86 )
Heap:
 def new generation   total 314560K, used 314560K [0x03c00000, 0x19150000, 0x19150000)
  eden space 279616K, 100% used [0x03c00000, 0x14d10000, 0x14d10000)
  from space 34944K, 100% used [0x16f30000, 0x19150000, 0x19150000)
  to   space 34944K,   0% used [0x14d10000, 0x14d10000, 0x16f30000)
 tenured generation   total 699072K, used 687475K [0x19150000, 0x43c00000, 0x43c00000)
   the space 699072K,  98% used [0x19150000, 0x430acda8, 0x430ace00, 0x43c00000)
 Metaspace       used 3553K, capacity 3598K, committed 3648K, reserved 4480K
GC Heap History (10 events):
Event: 11.191 GC heap after
Heap after GC invocations=97 (full 7):
 def new generation   total 219200K, used 24320K [0x03c00000, 0x129d0000, 0x19150000)
  eden space 194880K,   0% used [0x03c00000, 0x03c00000, 0x0fa50000)
  from space 24320K, 100% used [0x11210000, 0x129d0000, 0x129d0000)
  to   space 24320K,   0% used [0x0fa50000, 0x0fa50000, 0x11210000)
 tenured generation   total 486988K, used 472756K [0x19150000, 0x36ce3000, 0x43c00000)
   the space 486988K,  97% used [0x19150000, 0x35efd1b8, 0x35efd200, 0x36ce3000)
 Metaspace       used 3548K, capacity 3598K, committed 3648K, reserved 4480K
}
Event: 11.517 GC heap before
{Heap before GC invocations=97 (full 7):
 def new generation   total 219200K, used 219200K [0x03c00000, 0x129d0000, 0x19150000)
  eden space 194880K, 100% used [0x03c00000, 0x0fa50000, 0x0fa50000)
  from space 24320K, 100% used [0x11210000, 0x129d0000, 0x129d0000)
  to   space 24320K,   0% used [0x0fa50000, 0x0fa50000, 0x11210000)
 tenured generation   total 486988K, used 472756K [0x19150000, 0x36ce3000, 0x43c00000)
   the space 486988K,  97% used [0x19150000, 0x35efd1b8, 0x35efd200, 0x36ce3000)
 Metaspace       used 3548K, capacity 3598K, committed 3648K, reserved 4480K
Event: 13.124 GC heap after
Heap after GC invocations=98 (full 8):
 def new generation   total 314560K, used 5479K [0x03c00000, 0x19150000, 0x19150000)
  eden space 279616K,   1% used [0x03c00000, 0x04159f58, 0x14d10000)
  from space 34944K,   0% used [0x14d10000, 0x14d10000, 0x16f30000)
  to   space 34944K,   0% used [0x16f30000, 0x16f30000, 0x19150000)
 tenured generation   total 699072K, used 500555K [0x19150000, 0x43c00000, 0x43c00000)
   the space 699072K,  71% used [0x19150000, 0x37a22ff8, 0x37a23000, 0x43c00000)
 Metaspace       used 3548K, capacity 3598K, committed 3648K, reserved 4480K
}
Event: 14.929 GC heap before
{Heap before GC invocations=98 (full 8):
 def new generation   total 314560K, used 279616K [0x03c00000, 0x19150000, 0x19150000)
  eden space 279616K, 100% used [0x03c00000, 0x14d10000, 0x14d10000)
  from space 34944K,   0% used [0x14d10000, 0x14d10000, 0x16f30000)
  to   space 34944K,   0% used [0x16f30000, 0x16f30000, 0x19150000)
 tenured generation   total 699072K, used 500555K [0x19150000, 0x43c00000, 0x43c00000)
   the space 699072K,  71% used [0x19150000, 0x37a22ff8, 0x37a23000, 0x43c00000)
 Metaspace       used 3548K, capacity 3598K, committed 3648K, reserved 4480K
Event: 15.337 GC heap after
Heap after GC invocations=99 (full 8):
 def new generation   total 314560K, used 34943K [0x03c00000, 0x19150000, 0x19150000)
  eden space 279616K,   0% used [0x03c00000, 0x03c00000, 0x14d10000)
  from space 34944K,  99% used [0x16f30000, 0x1914fff8, 0x19150000)
  to   space 34944K,   0% used [0x14d10000, 0x14d10000, 0x16f30000)
 tenured generation   total 699072K, used 546404K [0x19150000, 0x43c00000, 0x43c00000)
   the space 699072K,  78% used [0x19150000, 0x3a6e9060, 0x3a6e9200, 0x43c00000)
 Metaspace       used 3548K, capacity 3598K, committed 3648K, reserved 4480K
}
Event: 15.803 GC heap before
{Heap before GC invocations=99 (full 8):
 def new generation   total 314560K, used 314559K [0x03c00000, 0x19150000, 0x19150000)
  eden space 279616K, 100% used [0x03c00000, 0x14d10000, 0x14d10000)
  from space 34944K,  99% used [0x16f30000, 0x1914fff8, 0x19150000)
  to   space 34944K,   0% used [0x14d10000, 0x14d10000, 0x16f30000)
 tenured generation   total 699072K, used 546404K [0x19150000, 0x43c00000, 0x43c00000)
   the space 699072K,  78% used [0x19150000, 0x3a6e9060, 0x3a6e9200, 0x43c00000)
 Metaspace       used 3553K, capacity 3598K, committed 3648K, reserved 4480K
Event: 15.950 GC heap after
Heap after GC invocations=100 (full 8):
 def new generation   total 314560K, used 34943K [0x03c00000, 0x19150000, 0x19150000)
  eden space 279616K,   0% used [0x03c00000, 0x03c00000, 0x14d10000)
  from space 34944K,  99% used [0x14d10000, 0x16f2fff8, 0x16f30000)
  to   space 34944K,   0% used [0x16f30000, 0x16f30000, 0x19150000)
 tenured generation   total 699072K, used 597977K [0x19150000, 0x43c00000, 0x43c00000)
   the space 699072K,  85% used [0x19150000, 0x3d946540, 0x3d946600, 0x43c00000)
 Metaspace       used 3553K, capacity 3598K, committed 3648K, reserved 4480K
}
Event: 16.915 GC heap before
{Heap before GC invocations=100 (full 8):
 def new generation   total 314560K, used 314559K [0x03c00000, 0x19150000, 0x19150000)
  eden space 279616K, 100% used [0x03c00000, 0x14d10000, 0x14d10000)
  from space 34944K,  99% used [0x14d10000, 0x16f2fff8, 0x16f30000)
  to   space 34944K,   0% used [0x16f30000, 0x16f30000, 0x19150000)
 tenured generation   total 699072K, used 597977K [0x19150000, 0x43c00000, 0x43c00000)
   the space 699072K,  85% used [0x19150000, 0x3d946540, 0x3d946600, 0x43c00000)
 Metaspace       used 3553K, capacity 3598K, committed 3648K, reserved 4480K
Event: 17.091 GC heap after
Heap after GC invocations=101 (full 8):
 def new generation   total 314560K, used 34944K [0x03c00000, 0x19150000, 0x19150000)
  eden space 279616K,   0% used [0x03c00000, 0x03c00000, 0x14d10000)
  from space 34944K, 100% used [0x16f30000, 0x19150000, 0x19150000)
  to   space 34944K,   0% used [0x14d10000, 0x14d10000, 0x16f30000)
 tenured generation   total 699072K, used 687475K [0x19150000, 0x43c00000, 0x43c00000)
   the space 699072K,  98% used [0x19150000, 0x430acda8, 0x430ace00, 0x43c00000)
 Metaspace       used 3553K, capacity 3598K, committed 3648K, reserved 4480K
}
Event: 18.728 GC heap before
{Heap before GC invocations=101 (full 8):
 def new generation   total 314560K, used 314560K [0x03c00000, 0x19150000, 0x19150000)
  eden space 279616K, 100% used [0x03c00000, 0x14d10000, 0x14d10000)
  from space 34944K, 100% used [0x16f30000, 0x19150000, 0x19150000)
  to   space 34944K,   0% used [0x14d10000, 0x14d10000, 0x16f30000)
 tenured generation   total 699072K, used 687475K [0x19150000, 0x43c00000, 0x43c00000)
   the space 699072K,  98% used [0x19150000, 0x430acda8, 0x430ace00, 0x43c00000)
 Metaspace       used 3553K, capacity 3598K, committed 3648K, reserved 4480K

