# JRE version: Java(TM) SE Runtime Environment (8.0_101-b13) (build 1.8.0_101-b13)
# Java VM: Java HotSpot(TM) Client VM (25.101-b13 mixed mode windows-x86 )
Heap:
 def new generation   total 204544K, used 204544K [0x03e00000, 0x11bf0000, 0x19350000)
  eden space 181824K, 100% used [0x03e00000, 0x0ef90000, 0x0ef90000)
  from space 22720K, 100% used [0x105c0000, 0x11bf0000, 0x11bf0000)
  to   space 22720K,  64% used [0x0ef90000, 0x0fdce1a0, 0x105c0000)
 tenured generation   total 454396K, used 292238K [0x19350000, 0x34f0f000, 0x43e00000)
   the space 454396K,  64% used [0x19350000, 0x2b0b3a70, 0x2b0b3c00, 0x34f0f000)
 Metaspace       used 3547K, capacity 3598K, committed 3648K, reserved 4480K
GC Heap History (10 events):
Event: 5.712 GC heap after
Heap after GC invocations=87 (full 6):
 def new generation   total 119360K, used 13247K [0x03e00000, 0x0bf80000, 0x19350000)
  eden space 106112K,   0% used [0x03e00000, 0x03e00000, 0x0a5a0000)
  from space 13248K,  99% used [0x0a5a0000, 0x0b28fff8, 0x0b290000)
  to   space 13248K,   0% used [0x0b290000, 0x0b290000, 0x0bf80000)
 tenured generation   total 265084K, used 225872K [0x19350000, 0x2962f000, 0x43e00000)
   the space 265084K,  85% used [0x19350000, 0x26fe4018, 0x26fe4200, 0x2962f000)
 Metaspace       used 3547K, capacity 3598K, committed 3648K, reserved 4480K
}
Event: 5.885 GC heap before
{Heap before GC invocations=87 (full 6):
 def new generation   total 119360K, used 119359K [0x03e00000, 0x0bf80000, 0x19350000)
  eden space 106112K, 100% used [0x03e00000, 0x0a5a0000, 0x0a5a0000)
  from space 13248K,  99% used [0x0a5a0000, 0x0b28fff8, 0x0b290000)
  to   space 13248K,   0% used [0x0b290000, 0x0b290000, 0x0bf80000)
 tenured generation   total 265084K, used 225872K [0x19350000, 0x2962f000, 0x43e00000)
   the space 265084K,  85% used [0x19350000, 0x26fe4018, 0x26fe4200, 0x2962f000)
 Metaspace       used 3547K, capacity 3598K, committed 3648K, reserved 4480K
Event: 5.957 GC heap after
Heap after GC invocations=88 (full 6):
 def new generation   total 119360K, used 13247K [0x03e00000, 0x0bf80000, 0x19350000)
  eden space 106112K,   0% used [0x03e00000, 0x03e00000, 0x0a5a0000)
  from space 13248K,  99% used [0x0b290000, 0x0bf7fff8, 0x0bf80000)
  to   space 13248K,   0% used [0x0a5a0000, 0x0a5a0000, 0x0b290000)
 tenured generation   total 265084K, used 241270K [0x19350000, 0x2962f000, 0x43e00000)
   the space 265084K,  91% used [0x19350000, 0x27eed988, 0x27eeda00, 0x2962f000)
 Metaspace       used 3547K, capacity 3598K, committed 3648K, reserved 4480K
}
Event: 6.146 GC heap before
{Heap before GC invocations=88 (full 6):
 def new generation   total 119360K, used 119359K [0x03e00000, 0x0bf80000, 0x19350000)
  eden space 106112K, 100% used [0x03e00000, 0x0a5a0000, 0x0a5a0000)
  from space 13248K,  99% used [0x0b290000, 0x0bf7fff8, 0x0bf80000)
  to   space 13248K,   0% used [0x0a5a0000, 0x0a5a0000, 0x0b290000)
 tenured generation   total 265084K, used 241270K [0x19350000, 0x2962f000, 0x43e00000)
   the space 265084K,  91% used [0x19350000, 0x27eed988, 0x27eeda00, 0x2962f000)
 Metaspace       used 3547K, capacity 3598K, committed 3648K, reserved 4480K
Event: 6.217 GC heap after
Heap after GC invocations=89 (full 6):
 def new generation   total 119360K, used 13248K [0x03e00000, 0x0bf80000, 0x19350000)
  eden space 106112K,   0% used [0x03e00000, 0x03e00000, 0x0a5a0000)
  from space 13248K, 100% used [0x0a5a0000, 0x0b290000, 0x0b290000)
  to   space 13248K,   0% used [0x0b290000, 0x0b290000, 0x0bf80000)
 tenured generation   total 265084K, used 256336K [0x19350000, 0x2962f000, 0x43e00000)
   the space 265084K,  96% used [0x19350000, 0x28da41d8, 0x28da4200, 0x2962f000)
 Metaspace       used 3547K, capacity 3598K, committed 3648K, reserved 4480K
}
Event: 6.402 GC heap before
{Heap before GC invocations=89 (full 6):
 def new generation   total 119360K, used 119360K [0x03e00000, 0x0bf80000, 0x19350000)
  eden space 106112K, 100% used [0x03e00000, 0x0a5a0000, 0x0a5a0000)
  from space 13248K, 100% used [0x0a5a0000, 0x0b290000, 0x0b290000)
  to   space 13248K,   0% used [0x0b290000, 0x0b290000, 0x0bf80000)
 tenured generation   total 265084K, used 256336K [0x19350000, 0x2962f000, 0x43e00000)
   the space 265084K,  96% used [0x19350000, 0x28da41d8, 0x28da4200, 0x2962f000)
 Metaspace       used 3547K, capacity 3598K, committed 3648K, reserved 4480K
Event: 7.137 GC heap after
Heap after GC invocations=90 (full 7):
 def new generation   total 204544K, used 13188K [0x03e00000, 0x11bf0000, 0x19350000)
  eden space 181824K,   7% used [0x03e00000, 0x04ae1230, 0x0ef90000)
  from space 22720K,   0% used [0x0ef90000, 0x0ef90000, 0x105c0000)
  to   space 22720K,   0% used [0x105c0000, 0x105c0000, 0x11bf0000)
 tenured generation   total 454396K, used 272635K [0x19350000, 0x34f0f000, 0x43e00000)
   the space 454396K,  59% used [0x19350000, 0x29d8eff8, 0x29d8f000, 0x34f0f000)
 Metaspace       used 3547K, capacity 3598K, committed 3648K, reserved 4480K
}
Event: 7.421 GC heap before
{Heap before GC invocations=90 (full 7):
 def new generation   total 204544K, used 181824K [0x03e00000, 0x11bf0000, 0x19350000)
  eden space 181824K, 100% used [0x03e00000, 0x0ef90000, 0x0ef90000)
  from space 22720K,   0% used [0x0ef90000, 0x0ef90000, 0x105c0000)
  to   space 22720K,   0% used [0x105c0000, 0x105c0000, 0x11bf0000)
 tenured generation   total 454396K, used 272635K [0x19350000, 0x34f0f000, 0x43e00000)
   the space 454396K,  59% used [0x19350000, 0x29d8eff8, 0x29d8f000, 0x34f0f000)
 Metaspace       used 3547K, capacity 3598K, committed 3648K, reserved 4480K
Event: 7.649 GC heap after
Heap after GC invocations=91 (full 7):
 def new generation   total 204544K, used 22720K [0x03e00000, 0x11bf0000, 0x19350000)
  eden space 181824K,   0% used [0x03e00000, 0x03e00000, 0x0ef90000)
  from space 22720K, 100% used [0x105c0000, 0x11bf0000, 0x11bf0000)
  to   space 22720K,   0% used [0x0ef90000, 0x0ef90000, 0x105c0000)
 tenured generation   total 454396K, used 288068K [0x19350000, 0x34f0f000, 0x43e00000)
   the space 454396K,  63% used [0x19350000, 0x2aca1240, 0x2aca1400, 0x34f0f000)
 Metaspace       used 3547K, capacity 3598K, committed 3648K, reserved 4480K
}
Event: 7.955 GC heap before
{Heap before GC invocations=91 (full 7):
 def new generation   total 204544K, used 204544K [0x03e00000, 0x11bf0000, 0x19350000)
  eden space 181824K, 100% used [0x03e00000, 0x0ef90000, 0x0ef90000)
  from space 22720K, 100% used [0x105c0000, 0x11bf0000, 0x11bf0000)
  to   space 22720K,   0% used [0x0ef90000, 0x0ef90000, 0x105c0000)
 tenured generation   total 454396K, used 288068K [0x19350000, 0x34f0f000, 0x43e00000)
   the space 454396K,  63% used [0x19350000, 0x2aca1240, 0x2aca1400, 0x34f0f000)
 Metaspace       used 3547K, capacity 3598K, committed 3648K, reserved 4480K

