# JRE version: Java(TM) SE Runtime Environment (8.0_101-b13) (build 1.8.0_101-b13)
# Java VM: Java HotSpot(TM) Client VM (25.101-b13 mixed mode windows-x86 )
Heap:
 def new generation   total 110464K, used 12224K [0x03c00000, 0x0b3d0000, 0x19150000)
  eden space 98240K,   0% used [0x03c00000, 0x03c00000, 0x09bf0000)
  from space 12224K, 100% used [0x0a7e0000, 0x0b3d0000, 0x0b3d0000)
  to   space 12224K,   0% used [0x09bf0000, 0x09bf0000, 0x0a7e0000)
 tenured generation   total 251064K, used 251055K [0x19150000, 0x2867e000, 0x43c00000)
   the space 251064K,  99% used [0x19150000, 0x2867bff0, 0x2867c000, 0x2867e000)
 Metaspace       used 3547K, capacity 3598K, committed 3648K, reserved 4480K
GC Heap History (10 events):
Event: 5.179 GC heap after
Heap after GC invocations=83 (full 6):
 def new generation   total 110464K, used 12224K [0x03c00000, 0x0b3d0000, 0x19150000)
  eden space 98240K,   0% used [0x03c00000, 0x03c00000, 0x09bf0000)
  from space 12224K, 100% used [0x09bf0000, 0x0a7e0000, 0x0a7e0000)
  to   space 12224K,   0% used [0x0a7e0000, 0x0a7e0000, 0x0b3d0000)
 tenured generation   total 245304K, used 179993K [0x19150000, 0x280de000, 0x43c00000)
   the space 245304K,  73% used [0x19150000, 0x241167e0, 0x24116800, 0x280de000)
 Metaspace       used 3546K, capacity 3598K, committed 3648K, reserved 4480K
}
Event: 5.336 GC heap before
{Heap before GC invocations=83 (full 6):
 def new generation   total 110464K, used 110464K [0x03c00000, 0x0b3d0000, 0x19150000)
  eden space 98240K, 100% used [0x03c00000, 0x09bf0000, 0x09bf0000)
  from space 12224K, 100% used [0x09bf0000, 0x0a7e0000, 0x0a7e0000)
  to   space 12224K,   0% used [0x0a7e0000, 0x0a7e0000, 0x0b3d0000)
 tenured generation   total 245304K, used 179993K [0x19150000, 0x280de000, 0x43c00000)
   the space 245304K,  73% used [0x19150000, 0x241167e0, 0x24116800, 0x280de000)
 Metaspace       used 3546K, capacity 3598K, committed 3648K, reserved 4480K
Event: 5.401 GC heap after
Heap after GC invocations=84 (full 6):
 def new generation   total 110464K, used 12223K [0x03c00000, 0x0b3d0000, 0x19150000)
  eden space 98240K,   0% used [0x03c00000, 0x03c00000, 0x09bf0000)
  from space 12224K,  99% used [0x0a7e0000, 0x0b3cfff8, 0x0b3d0000)
  to   space 12224K,   0% used [0x09bf0000, 0x09bf0000, 0x0a7e0000)
 tenured generation   total 245304K, used 193382K [0x19150000, 0x280de000, 0x43c00000)
   the space 245304K,  78% used [0x19150000, 0x24e29a50, 0x24e29c00, 0x280de000)
 Metaspace       used 3546K, capacity 3598K, committed 3648K, reserved 4480K
}
Event: 5.587 GC heap before
{Heap before GC invocations=84 (full 6):
 def new generation   total 110464K, used 110463K [0x03c00000, 0x0b3d0000, 0x19150000)
  eden space 98240K, 100% used [0x03c00000, 0x09bf0000, 0x09bf0000)
  from space 12224K,  99% used [0x0a7e0000, 0x0b3cfff8, 0x0b3d0000)
  to   space 12224K,   0% used [0x09bf0000, 0x09bf0000, 0x0a7e0000)
 tenured generation   total 245304K, used 193382K [0x19150000, 0x280de000, 0x43c00000)
   the space 245304K,  78% used [0x19150000, 0x24e29a50, 0x24e29c00, 0x280de000)
 Metaspace       used 3546K, capacity 3598K, committed 3648K, reserved 4480K
Event: 5.653 GC heap after
Heap after GC invocations=85 (full 6):
 def new generation   total 110464K, used 12223K [0x03c00000, 0x0b3d0000, 0x19150000)
  eden space 98240K,   0% used [0x03c00000, 0x03c00000, 0x09bf0000)
  from space 12224K,  99% used [0x09bf0000, 0x0a7dfff8, 0x0a7e0000)
  to   space 12224K,   0% used [0x0a7e0000, 0x0a7e0000, 0x0b3d0000)
 tenured generation   total 245304K, used 207408K [0x19150000, 0x280de000, 0x43c00000)
   the space 245304K,  84% used [0x19150000, 0x25bdc2f8, 0x25bdc400, 0x280de000)
 Metaspace       used 3546K, capacity 3598K, committed 3648K, reserved 4480K
}
Event: 5.812 GC heap before
{Heap before GC invocations=85 (full 6):
 def new generation   total 110464K, used 110463K [0x03c00000, 0x0b3d0000, 0x19150000)
  eden space 98240K, 100% used [0x03c00000, 0x09bf0000, 0x09bf0000)
  from space 12224K,  99% used [0x09bf0000, 0x0a7dfff8, 0x0a7e0000)
  to   space 12224K,   0% used [0x0a7e0000, 0x0a7e0000, 0x0b3d0000)
 tenured generation   total 245304K, used 207408K [0x19150000, 0x280de000, 0x43c00000)
   the space 245304K,  84% used [0x19150000, 0x25bdc2f8, 0x25bdc400, 0x280de000)
 Metaspace       used 3547K, capacity 3598K, committed 3648K, reserved 4480K
Event: 5.880 GC heap after
Heap after GC invocations=86 (full 6):
 def new generation   total 110464K, used 12224K [0x03c00000, 0x0b3d0000, 0x19150000)
  eden space 98240K,   0% used [0x03c00000, 0x03c00000, 0x09bf0000)
  from space 12224K, 100% used [0x0a7e0000, 0x0b3d0000, 0x0b3d0000)
  to   space 12224K,   0% used [0x09bf0000, 0x09bf0000, 0x0a7e0000)
 tenured generation   total 245304K, used 221916K [0x19150000, 0x280de000, 0x43c00000)
   the space 245304K,  90% used [0x19150000, 0x26a07258, 0x26a07400, 0x280de000)
 Metaspace       used 3547K, capacity 3598K, committed 3648K, reserved 4480K
}
Event: 6.070 GC heap before
{Heap before GC invocations=86 (full 6):
 def new generation   total 110464K, used 110464K [0x03c00000, 0x0b3d0000, 0x19150000)
  eden space 98240K, 100% used [0x03c00000, 0x09bf0000, 0x09bf0000)
  from space 12224K, 100% used [0x0a7e0000, 0x0b3d0000, 0x0b3d0000)
  to   space 12224K,   0% used [0x09bf0000, 0x09bf0000, 0x0a7e0000)
 tenured generation   total 245304K, used 221916K [0x19150000, 0x280de000, 0x43c00000)
   the space 245304K,  90% used [0x19150000, 0x26a07258, 0x26a07400, 0x280de000)
 Metaspace       used 3547K, capacity 3598K, committed 3648K, reserved 4480K
Event: 6.136 GC heap after
Heap after GC invocations=87 (full 6):
 def new generation   total 110464K, used 12224K [0x03c00000, 0x0b3d0000, 0x19150000)
  eden space 98240K,   0% used [0x03c00000, 0x03c00000, 0x09bf0000)
  from space 12224K, 100% used [0x09bf0000, 0x0a7e0000, 0x0a7e0000)
  to   space 12224K,   0% used [0x0a7e0000, 0x0a7e0000, 0x0b3d0000)
 tenured generation   total 245304K, used 235505K [0x19150000, 0x280de000, 0x43c00000)
   the space 245304K,  96% used [0x19150000, 0x2774c678, 0x2774c800, 0x280de000)
 Metaspace       used 3547K, capacity 3598K, committed 3648K, reserved 4480K
}
Event: 6.318 GC heap before
{Heap before GC invocations=87 (full 6):
 def new generation   total 110464K, used 110464K [0x03c00000, 0x0b3d0000, 0x19150000)
  eden space 98240K, 100% used [0x03c00000, 0x09bf0000, 0x09bf0000)
  from space 12224K, 100% used [0x09bf0000, 0x0a7e0000, 0x0a7e0000)
  to   space 12224K,   0% used [0x0a7e0000, 0x0a7e0000, 0x0b3d0000)
 tenured generation   total 245304K, used 235505K [0x19150000, 0x280de000, 0x43c00000)
   the space 245304K,  96% used [0x19150000, 0x2774c678, 0x2774c800, 0x280de000)
 Metaspace       used 3547K, capacity 3598K, committed 3648K, reserved 4480K

