# JRE version: Java(TM) SE Runtime Environment (8.0_101-b13) (build 1.8.0_101-b13)
# Java VM: Java HotSpot(TM) Client VM (25.101-b13 mixed mode windows-x86 )
Heap:
 def new generation   total 215296K, used 215296K [0x03e00000, 0x12790000, 0x19350000)
  eden space 191424K, 100% used [0x03e00000, 0x0f8f0000, 0x0f8f0000)
  from space 23872K, 100% used [0x11040000, 0x12790000, 0x12790000)
  to   space 23872K, 100% used [0x0f8f0000, 0x11040000, 0x11040000)
 tenured generation   total 699072K, used 309214K [0x19350000, 0x43e00000, 0x43e00000)
   the space 699072K,  44% used [0x19350000, 0x2c147970, 0x2c147a00, 0x43e00000)
 Metaspace       used 3548K, capacity 3598K, committed 3648K, reserved 4480K
GC Heap History (10 events):
Event: 6.091 GC heap after
Heap after GC invocations=89 (full 6):
 def new generation   total 124928K, used 13823K [0x03e00000, 0x0c580000, 0x19350000)
  eden space 111104K,   0% used [0x03e00000, 0x03e00000, 0x0aa80000)
  from space 13824K,  99% used [0x0aa80000, 0x0b7ffff8, 0x0b800000)
  to   space 13824K,   0% used [0x0b800000, 0x0b800000, 0x0c580000)
 tenured generation   total 277356K, used 238867K [0x19350000, 0x2a22b000, 0x43e00000)
   the space 277356K,  86% used [0x19350000, 0x27c94e18, 0x27c95000, 0x2a22b000)
 Metaspace       used 3548K, capacity 3598K, committed 3648K, reserved 4480K
}
Event: 6.265 GC heap before
{Heap before GC invocations=89 (full 6):
 def new generation   total 124928K, used 124927K [0x03e00000, 0x0c580000, 0x19350000)
  eden space 111104K, 100% used [0x03e00000, 0x0aa80000, 0x0aa80000)
  from space 13824K,  99% used [0x0aa80000, 0x0b7ffff8, 0x0b800000)
  to   space 13824K,   0% used [0x0b800000, 0x0b800000, 0x0c580000)
 tenured generation   total 277356K, used 238867K [0x19350000, 0x2a22b000, 0x43e00000)
   the space 277356K,  86% used [0x19350000, 0x27c94e18, 0x27c95000, 0x2a22b000)
 Metaspace       used 3548K, capacity 3598K, committed 3648K, reserved 4480K
Event: 6.343 GC heap after
Heap after GC invocations=90 (full 6):
 def new generation   total 124928K, used 13824K [0x03e00000, 0x0c580000, 0x19350000)
  eden space 111104K,   0% used [0x03e00000, 0x03e00000, 0x0aa80000)
  from space 13824K, 100% used [0x0b800000, 0x0c580000, 0x0c580000)
  to   space 13824K,   0% used [0x0aa80000, 0x0aa80000, 0x0b800000)
 tenured generation   total 277356K, used 255786K [0x19350000, 0x2a22b000, 0x43e00000)
   the space 277356K,  92% used [0x19350000, 0x28d1abc8, 0x28d1ac00, 0x2a22b000)
 Metaspace       used 3548K, capacity 3598K, committed 3648K, reserved 4480K
}
Event: 6.539 GC heap before
{Heap before GC invocations=90 (full 6):
 def new generation   total 124928K, used 124928K [0x03e00000, 0x0c580000, 0x19350000)
  eden space 111104K, 100% used [0x03e00000, 0x0aa80000, 0x0aa80000)
  from space 13824K, 100% used [0x0b800000, 0x0c580000, 0x0c580000)
  to   space 13824K,   0% used [0x0aa80000, 0x0aa80000, 0x0b800000)
 tenured generation   total 277356K, used 255786K [0x19350000, 0x2a22b000, 0x43e00000)
   the space 277356K,  92% used [0x19350000, 0x28d1abc8, 0x28d1ac00, 0x2a22b000)
 Metaspace       used 3548K, capacity 3598K, committed 3648K, reserved 4480K
Event: 6.613 GC heap after
Heap after GC invocations=91 (full 6):
 def new generation   total 124928K, used 13824K [0x03e00000, 0x0c580000, 0x19350000)
  eden space 111104K,   0% used [0x03e00000, 0x03e00000, 0x0aa80000)
  from space 13824K, 100% used [0x0aa80000, 0x0b800000, 0x0b800000)
  to   space 13824K,   0% used [0x0b800000, 0x0b800000, 0x0c580000)
 tenured generation   total 277356K, used 272026K [0x19350000, 0x2a22b000, 0x43e00000)
   the space 277356K,  98% used [0x19350000, 0x29cf6808, 0x29cf6a00, 0x2a22b000)
 Metaspace       used 3548K, capacity 3598K, committed 3648K, reserved 4480K
}
Event: 6.816 GC heap before
{Heap before GC invocations=91 (full 6):
 def new generation   total 124928K, used 124928K [0x03e00000, 0x0c580000, 0x19350000)
  eden space 111104K, 100% used [0x03e00000, 0x0aa80000, 0x0aa80000)
  from space 13824K, 100% used [0x0aa80000, 0x0b800000, 0x0b800000)
  to   space 13824K,   0% used [0x0b800000, 0x0b800000, 0x0c580000)
 tenured generation   total 277356K, used 272026K [0x19350000, 0x2a22b000, 0x43e00000)
   the space 277356K,  98% used [0x19350000, 0x29cf6808, 0x29cf6a00, 0x2a22b000)
 Metaspace       used 3548K, capacity 3598K, committed 3648K, reserved 4480K
Event: 7.595 GC heap after
Heap after GC invocations=92 (full 7):
 def new generation   total 215296K, used 13788K [0x03e00000, 0x12790000, 0x19350000)
  eden space 191424K,   7% used [0x03e00000, 0x04b77008, 0x0f8f0000)
  from space 23872K,   0% used [0x0f8f0000, 0x0f8f0000, 0x11040000)
  to   space 23872K,   0% used [0x11040000, 0x11040000, 0x12790000)
 tenured generation   total 478260K, used 286955K [0x19350000, 0x3665d000, 0x43e00000)
   the space 478260K,  59% used [0x19350000, 0x2ab8aff8, 0x2ab8b000, 0x3665d000)
 Metaspace       used 3548K, capacity 3598K, committed 3648K, reserved 4480K
}
Event: 7.897 GC heap before
{Heap before GC invocations=92 (full 7):
 def new generation   total 215296K, used 191424K [0x03e00000, 0x12790000, 0x19350000)
  eden space 191424K, 100% used [0x03e00000, 0x0f8f0000, 0x0f8f0000)
  from space 23872K,   0% used [0x0f8f0000, 0x0f8f0000, 0x11040000)
  to   space 23872K,   0% used [0x11040000, 0x11040000, 0x12790000)
 tenured generation   total 478260K, used 286955K [0x19350000, 0x3665d000, 0x43e00000)
   the space 478260K,  59% used [0x19350000, 0x2ab8aff8, 0x2ab8b000, 0x3665d000)
 Metaspace       used 3548K, capacity 3598K, committed 3648K, reserved 4480K
Event: 8.147 GC heap after
Heap after GC invocations=93 (full 7):
 def new generation   total 215296K, used 23872K [0x03e00000, 0x12790000, 0x19350000)
  eden space 191424K,   0% used [0x03e00000, 0x03e00000, 0x0f8f0000)
  from space 23872K, 100% used [0x11040000, 0x12790000, 0x12790000)
  to   space 23872K,   0% used [0x0f8f0000, 0x0f8f0000, 0x11040000)
 tenured generation   total 478260K, used 304716K [0x19350000, 0x3665d000, 0x43e00000)
   the space 478260K,  63% used [0x19350000, 0x2bce33e8, 0x2bce3400, 0x3665d000)
 Metaspace       used 3548K, capacity 3598K, committed 3648K, reserved 4480K
}
Event: 8.461 GC heap before
{Heap before GC invocations=93 (full 7):
 def new generation   total 215296K, used 215296K [0x03e00000, 0x12790000, 0x19350000)
  eden space 191424K, 100% used [0x03e00000, 0x0f8f0000, 0x0f8f0000)
  from space 23872K, 100% used [0x11040000, 0x12790000, 0x12790000)
  to   space 23872K,   0% used [0x0f8f0000, 0x0f8f0000, 0x11040000)
 tenured generation   total 478260K, used 304716K [0x19350000, 0x3665d000, 0x43e00000)
   the space 478260K,  63% used [0x19350000, 0x2bce33e8, 0x2bce3400, 0x3665d000)
 Metaspace       used 3548K, capacity 3598K, committed 3648K, reserved 4480K

