# JRE version: Java(TM) SE Runtime Environment (8.0_101-b13) (build 1.8.0_101-b13)
# Java VM: Java HotSpot(TM) Client VM (25.101-b13 mixed mode windows-x86 )
Heap:
 def new generation   total 113024K, used 113024K [0x03e00000, 0x0b8a0000, 0x19350000)
  eden space 100480K, 100% used [0x03e00000, 0x0a020000, 0x0a020000)
  from space 12544K, 100% used [0x0a020000, 0x0ac60000, 0x0ac60000)
  to   space 12544K,   9% used [0x0ac60000, 0x0ad80420, 0x0b8a0000)
 tenured generation   total 251016K, used 210595K [0x19350000, 0x28872000, 0x43e00000)
   the space 251016K,  83% used [0x19350000, 0x260f8c10, 0x260f8e00, 0x28872000)
 Metaspace       used 3551K, capacity 3598K, committed 3648K, reserved 4480K
GC Heap History (10 events):
Event: 4.666 GC heap after
Heap after GC invocations=81 (full 6):
 def new generation   total 113024K, used 8093K [0x03e00000, 0x0b8a0000, 0x19350000)
  eden space 100480K,   0% used [0x03e00000, 0x03e00000, 0x0a020000)
  from space 12544K,  64% used [0x0a020000, 0x0a8074a0, 0x0ac60000)
  to   space 12544K,   0% used [0x0ac60000, 0x0ac60000, 0x0b8a0000)
 tenured generation   total 251016K, used 167170K [0x19350000, 0x28872000, 0x43e00000)
   the space 251016K,  66% used [0x19350000, 0x23690990, 0x23690a00, 0x28872000)
 Metaspace       used 3551K, capacity 3598K, committed 3648K, reserved 4480K
}
Event: 4.766 GC heap before
{Heap before GC invocations=81 (full 6):
 def new generation   total 113024K, used 108573K [0x03e00000, 0x0b8a0000, 0x19350000)
  eden space 100480K, 100% used [0x03e00000, 0x0a020000, 0x0a020000)
  from space 12544K,  64% used [0x0a020000, 0x0a8074a0, 0x0ac60000)
  to   space 12544K,   0% used [0x0ac60000, 0x0ac60000, 0x0b8a0000)
 tenured generation   total 251016K, used 167170K [0x19350000, 0x28872000, 0x43e00000)
   the space 251016K,  66% used [0x19350000, 0x23690990, 0x23690a00, 0x28872000)
 Metaspace       used 3551K, capacity 3598K, committed 3648K, reserved 4480K
Event: 4.792 GC heap after
Heap after GC invocations=82 (full 6):
 def new generation   total 113024K, used 4226K [0x03e00000, 0x0b8a0000, 0x19350000)
  eden space 100480K,   0% used [0x03e00000, 0x03e00000, 0x0a020000)
  from space 12544K,  33% used [0x0ac60000, 0x0b080b30, 0x0b8a0000)
  to   space 12544K,   0% used [0x0a020000, 0x0a020000, 0x0ac60000)
 tenured generation   total 251016K, used 175023K [0x19350000, 0x28872000, 0x43e00000)
   the space 251016K,  69% used [0x19350000, 0x23e3bc50, 0x23e3be00, 0x28872000)
 Metaspace       used 3551K, capacity 3598K, committed 3648K, reserved 4480K
}
Event: 4.974 GC heap before
{Heap before GC invocations=82 (full 6):
 def new generation   total 113024K, used 104706K [0x03e00000, 0x0b8a0000, 0x19350000)
  eden space 100480K, 100% used [0x03e00000, 0x0a020000, 0x0a020000)
  from space 12544K,  33% used [0x0ac60000, 0x0b080b30, 0x0b8a0000)
  to   space 12544K,   0% used [0x0a020000, 0x0a020000, 0x0ac60000)
 tenured generation   total 251016K, used 175023K [0x19350000, 0x28872000, 0x43e00000)
   the space 251016K,  69% used [0x19350000, 0x23e3bc50, 0x23e3be00, 0x28872000)
 Metaspace       used 3551K, capacity 3598K, committed 3648K, reserved 4480K
Event: 5.026 GC heap after
Heap after GC invocations=83 (full 6):
 def new generation   total 113024K, used 12544K [0x03e00000, 0x0b8a0000, 0x19350000)
  eden space 100480K,   0% used [0x03e00000, 0x03e00000, 0x0a020000)
  from space 12544K, 100% used [0x0a020000, 0x0ac60000, 0x0ac60000)
  to   space 12544K,   0% used [0x0ac60000, 0x0ac60000, 0x0b8a0000)
 tenured generation   total 251016K, used 181224K [0x19350000, 0x28872000, 0x43e00000)
   the space 251016K,  72% used [0x19350000, 0x2444a040, 0x2444a200, 0x28872000)
 Metaspace       used 3551K, capacity 3598K, committed 3648K, reserved 4480K
}
Event: 5.192 GC heap before
{Heap before GC invocations=83 (full 6):
 def new generation   total 113024K, used 113024K [0x03e00000, 0x0b8a0000, 0x19350000)
  eden space 100480K, 100% used [0x03e00000, 0x0a020000, 0x0a020000)
  from space 12544K, 100% used [0x0a020000, 0x0ac60000, 0x0ac60000)
  to   space 12544K,   0% used [0x0ac60000, 0x0ac60000, 0x0b8a0000)
 tenured generation   total 251016K, used 181224K [0x19350000, 0x28872000, 0x43e00000)
   the space 251016K,  72% used [0x19350000, 0x2444a040, 0x2444a200, 0x28872000)
 Metaspace       used 3551K, capacity 3598K, committed 3648K, reserved 4480K
Event: 5.258 GC heap after
Heap after GC invocations=84 (full 6):
 def new generation   total 113024K, used 12543K [0x03e00000, 0x0b8a0000, 0x19350000)
  eden space 100480K,   0% used [0x03e00000, 0x03e00000, 0x0a020000)
  from space 12544K,  99% used [0x0ac60000, 0x0b89fff8, 0x0b8a0000)
  to   space 12544K,   0% used [0x0a020000, 0x0a020000, 0x0ac60000)
 tenured generation   total 251016K, used 194917K [0x19350000, 0x28872000, 0x43e00000)
   the space 251016K,  77% used [0x19350000, 0x251a9620, 0x251a9800, 0x28872000)
 Metaspace       used 3551K, capacity 3598K, committed 3648K, reserved 4480K
}
Event: 5.426 GC heap before
{Heap before GC invocations=84 (full 6):
 def new generation   total 113024K, used 113023K [0x03e00000, 0x0b8a0000, 0x19350000)
  eden space 100480K, 100% used [0x03e00000, 0x0a020000, 0x0a020000)
  from space 12544K,  99% used [0x0ac60000, 0x0b89fff8, 0x0b8a0000)
  to   space 12544K,   0% used [0x0a020000, 0x0a020000, 0x0ac60000)
 tenured generation   total 251016K, used 194917K [0x19350000, 0x28872000, 0x43e00000)
   the space 251016K,  77% used [0x19350000, 0x251a9620, 0x251a9800, 0x28872000)
 Metaspace       used 3551K, capacity 3598K, committed 3648K, reserved 4480K
Event: 5.495 GC heap after
Heap after GC invocations=85 (full 6):
 def new generation   total 113024K, used 12544K [0x03e00000, 0x0b8a0000, 0x19350000)
  eden space 100480K,   0% used [0x03e00000, 0x03e00000, 0x0a020000)
  from space 12544K, 100% used [0x0a020000, 0x0ac60000, 0x0ac60000)
  to   space 12544K,   0% used [0x0ac60000, 0x0ac60000, 0x0b8a0000)
 tenured generation   total 251016K, used 209819K [0x19350000, 0x28872000, 0x43e00000)
   the space 251016K,  83% used [0x19350000, 0x26036cc8, 0x26036e00, 0x28872000)
 Metaspace       used 3551K, capacity 3598K, committed 3648K, reserved 4480K
}
Event: 5.679 GC heap before
{Heap before GC invocations=85 (full 6):
 def new generation   total 113024K, used 113024K [0x03e00000, 0x0b8a0000, 0x19350000)
  eden space 100480K, 100% used [0x03e00000, 0x0a020000, 0x0a020000)
  from space 12544K, 100% used [0x0a020000, 0x0ac60000, 0x0ac60000)
  to   space 12544K,   0% used [0x0ac60000, 0x0ac60000, 0x0b8a0000)
 tenured generation   total 251016K, used 209819K [0x19350000, 0x28872000, 0x43e00000)
   the space 251016K,  83% used [0x19350000, 0x26036cc8, 0x26036e00, 0x28872000)
 Metaspace       used 3551K, capacity 3598K, committed 3648K, reserved 4480K

