# JRE version: Java(TM) SE Runtime Environment (8.0_101-b13) (build 1.8.0_101-b13)
# Java VM: Java HotSpot(TM) Client VM (25.101-b13 mixed mode windows-x86 )
Heap:
 def new generation   total 215744K, used 23935K [0x03e00000, 0x12810000, 0x19350000)
  eden space 191808K,   0% used [0x03e00000, 0x03e00000, 0x0f950000)
  from space 23936K,  99% used [0x0f950000, 0x110afff8, 0x110b0000)
  to   space 23936K,   0% used [0x110b0000, 0x110b0000, 0x12810000)
 tenured generation   total 494972K, used 494881K [0x19350000, 0x376af000, 0x43e00000)
   the space 494972K,  99% used [0x19350000, 0x376985d0, 0x37698600, 0x376af000)
 Metaspace       used 3559K, capacity 3598K, committed 3648K, reserved 4480K
GC Heap History (10 events):
Event: 9.109 GC heap after
Heap after GC invocations=94 (full 7):
 def new generation   total 215744K, used 23936K [0x03e00000, 0x12810000, 0x19350000)
  eden space 191808K,   0% used [0x03e00000, 0x03e00000, 0x0f950000)
  from space 23936K, 100% used [0x110b0000, 0x12810000, 0x12810000)
  to   space 23936K,   0% used [0x0f950000, 0x0f950000, 0x110b0000)
 tenured generation   total 479228K, used 359644K [0x19350000, 0x3674f000, 0x43e00000)
   the space 479228K,  75% used [0x19350000, 0x2f287010, 0x2f287200, 0x3674f000)
 Metaspace       used 3559K, capacity 3598K, committed 3648K, reserved 4480K
}
Event: 9.414 GC heap before
{Heap before GC invocations=94 (full 7):
 def new generation   total 215744K, used 215744K [0x03e00000, 0x12810000, 0x19350000)
  eden space 191808K, 100% used [0x03e00000, 0x0f950000, 0x0f950000)
  from space 23936K, 100% used [0x110b0000, 0x12810000, 0x12810000)
  to   space 23936K,   0% used [0x0f950000, 0x0f950000, 0x110b0000)
 tenured generation   total 479228K, used 359644K [0x19350000, 0x3674f000, 0x43e00000)
   the space 479228K,  75% used [0x19350000, 0x2f287010, 0x2f287200, 0x3674f000)
 Metaspace       used 3559K, capacity 3598K, committed 3648K, reserved 4480K
Event: 9.544 GC heap after
Heap after GC invocations=95 (full 7):
 def new generation   total 215744K, used 23936K [0x03e00000, 0x12810000, 0x19350000)
  eden space 191808K,   0% used [0x03e00000, 0x03e00000, 0x0f950000)
  from space 23936K, 100% used [0x0f950000, 0x110b0000, 0x110b0000)
  to   space 23936K,   0% used [0x110b0000, 0x110b0000, 0x12810000)
 tenured generation   total 479228K, used 387893K [0x19350000, 0x3674f000, 0x43e00000)
   the space 479228K,  80% used [0x19350000, 0x30e1d778, 0x30e1d800, 0x3674f000)
 Metaspace       used 3559K, capacity 3598K, committed 3648K, reserved 4480K
}
Event: 9.847 GC heap before
{Heap before GC invocations=95 (full 7):
 def new generation   total 215744K, used 215744K [0x03e00000, 0x12810000, 0x19350000)
  eden space 191808K, 100% used [0x03e00000, 0x0f950000, 0x0f950000)
  from space 23936K, 100% used [0x0f950000, 0x110b0000, 0x110b0000)
  to   space 23936K,   0% used [0x110b0000, 0x110b0000, 0x12810000)
 tenured generation   total 479228K, used 387893K [0x19350000, 0x3674f000, 0x43e00000)
   the space 479228K,  80% used [0x19350000, 0x30e1d778, 0x30e1d800, 0x3674f000)
 Metaspace       used 3559K, capacity 3598K, committed 3648K, reserved 4480K
Event: 9.968 GC heap after
Heap after GC invocations=96 (full 7):
 def new generation   total 215744K, used 23936K [0x03e00000, 0x12810000, 0x19350000)
  eden space 191808K,   0% used [0x03e00000, 0x03e00000, 0x0f950000)
  from space 23936K, 100% used [0x110b0000, 0x12810000, 0x12810000)
  to   space 23936K,   0% used [0x0f950000, 0x0f950000, 0x110b0000)
 tenured generation   total 479228K, used 414975K [0x19350000, 0x3674f000, 0x43e00000)
   the space 479228K,  86% used [0x19350000, 0x3288fe00, 0x3288fe00, 0x3674f000)
 Metaspace       used 3559K, capacity 3598K, committed 3648K, reserved 4480K
}
Event: 10.271 GC heap before
{Heap before GC invocations=96 (full 7):
 def new generation   total 215744K, used 215744K [0x03e00000, 0x12810000, 0x19350000)
  eden space 191808K, 100% used [0x03e00000, 0x0f950000, 0x0f950000)
  from space 23936K, 100% used [0x110b0000, 0x12810000, 0x12810000)
  to   space 23936K,   0% used [0x0f950000, 0x0f950000, 0x110b0000)
 tenured generation   total 479228K, used 414975K [0x19350000, 0x3674f000, 0x43e00000)
   the space 479228K,  86% used [0x19350000, 0x3288fe00, 0x3288fe00, 0x3674f000)
 Metaspace       used 3559K, capacity 3598K, committed 3648K, reserved 4480K
Event: 10.395 GC heap after
Heap after GC invocations=97 (full 7):
 def new generation   total 215744K, used 23936K [0x03e00000, 0x12810000, 0x19350000)
  eden space 191808K,   0% used [0x03e00000, 0x03e00000, 0x0f950000)
  from space 23936K, 100% used [0x0f950000, 0x110b0000, 0x110b0000)
  to   space 23936K,   0% used [0x110b0000, 0x110b0000, 0x12810000)
 tenured generation   total 479228K, used 442159K [0x19350000, 0x3674f000, 0x43e00000)
   the space 479228K,  92% used [0x19350000, 0x3431bfe0, 0x3431c000, 0x3674f000)
 Metaspace       used 3559K, capacity 3598K, committed 3648K, reserved 4480K
}
Event: 10.723 GC heap before
{Heap before GC invocations=97 (full 7):
 def new generation   total 215744K, used 215744K [0x03e00000, 0x12810000, 0x19350000)
  eden space 191808K, 100% used [0x03e00000, 0x0f950000, 0x0f950000)
  from space 23936K, 100% used [0x0f950000, 0x110b0000, 0x110b0000)
  to   space 23936K,   0% used [0x110b0000, 0x110b0000, 0x12810000)
 tenured generation   total 479228K, used 442159K [0x19350000, 0x3674f000, 0x43e00000)
   the space 479228K,  92% used [0x19350000, 0x3431bfe0, 0x3431c000, 0x3674f000)
 Metaspace       used 3559K, capacity 3598K, committed 3648K, reserved 4480K
Event: 10.836 GC heap after
Heap after GC invocations=98 (full 7):
 def new generation   total 215744K, used 23851K [0x03e00000, 0x12810000, 0x19350000)
  eden space 191808K,   0% used [0x03e00000, 0x03e00000, 0x0f950000)
  from space 23936K,  99% used [0x110b0000, 0x127fafe0, 0x12810000)
  to   space 23936K,   0% used [0x0f950000, 0x0f950000, 0x110b0000)
 tenured generation   total 479228K, used 465471K [0x19350000, 0x3674f000, 0x43e00000)
   the space 479228K,  97% used [0x19350000, 0x359dfe60, 0x359e0000, 0x3674f000)
 Metaspace       used 3559K, capacity 3598K, committed 3648K, reserved 4480K
}
Event: 11.157 GC heap before
{Heap before GC invocations=98 (full 7):
 def new generation   total 215744K, used 215659K [0x03e00000, 0x12810000, 0x19350000)
  eden space 191808K, 100% used [0x03e00000, 0x0f950000, 0x0f950000)
  from space 23936K,  99% used [0x110b0000, 0x127fafe0, 0x12810000)
  to   space 23936K,   0% used [0x0f950000, 0x0f950000, 0x110b0000)
 tenured generation   total 479228K, used 465471K [0x19350000, 0x3674f000, 0x43e00000)
   the space 479228K,  97% used [0x19350000, 0x359dfe60, 0x359e0000, 0x3674f000)
 Metaspace       used 3559K, capacity 3598K, committed 3648K, reserved 4480K

