# JRE version: Java(TM) SE Runtime Environment (8.0_101-b13) (build 1.8.0_101-b13)
# Java VM: Java HotSpot(TM) Client VM (25.101-b13 mixed mode windows-x86 )
Heap:
 def new generation   total 314560K, used 279616K [0x03c00000, 0x19150000, 0x19150000)
  eden space 279616K, 100% used [0x03c00000, 0x14d10000, 0x14d10000)
  from space 34944K,   0% used [0x14d10000, 0x14d10000, 0x16f30000)
  to   space 34944K,   2% used [0x16f30000, 0x17026f20, 0x19150000)
 tenured generation   total 699072K, used 476971K [0x19150000, 0x43c00000, 0x43c00000)
   the space 699072K,  68% used [0x19150000, 0x3631afe8, 0x3631b000, 0x43c00000)
 Metaspace       used 3551K, capacity 3598K, committed 3648K, reserved 4480K
GC Heap History (10 events):
Event: 9.242 GC heap after
Heap after GC invocations=94 (full 7):
 def new generation   total 208704K, used 23168K [0x03c00000, 0x11e70000, 0x19150000)
  eden space 185536K,   0% used [0x03c00000, 0x03c00000, 0x0f130000)
  from space 23168K, 100% used [0x0f130000, 0x107d0000, 0x107d0000)
  to   space 23168K,   0% used [0x107d0000, 0x107d0000, 0x11e70000)
 tenured generation   total 463660K, used 375398K [0x19150000, 0x3561b000, 0x43c00000)
   the space 463660K,  80% used [0x19150000, 0x2ffe9bb0, 0x2ffe9c00, 0x3561b000)
 Metaspace       used 3551K, capacity 3598K, committed 3648K, reserved 4480K
}
Event: 9.542 GC heap before
{Heap before GC invocations=94 (full 7):
 def new generation   total 208704K, used 208704K [0x03c00000, 0x11e70000, 0x19150000)
  eden space 185536K, 100% used [0x03c00000, 0x0f130000, 0x0f130000)
  from space 23168K, 100% used [0x0f130000, 0x107d0000, 0x107d0000)
  to   space 23168K,   0% used [0x107d0000, 0x107d0000, 0x11e70000)
 tenured generation   total 463660K, used 375398K [0x19150000, 0x3561b000, 0x43c00000)
   the space 463660K,  80% used [0x19150000, 0x2ffe9bb0, 0x2ffe9c00, 0x3561b000)
 Metaspace       used 3551K, capacity 3598K, committed 3648K, reserved 4480K
Event: 9.658 GC heap after
Heap after GC invocations=95 (full 7):
 def new generation   total 208704K, used 23168K [0x03c00000, 0x11e70000, 0x19150000)
  eden space 185536K,   0% used [0x03c00000, 0x03c00000, 0x0f130000)
  from space 23168K, 100% used [0x107d0000, 0x11e70000, 0x11e70000)
  to   space 23168K,   0% used [0x0f130000, 0x0f130000, 0x107d0000)
 tenured generation   total 463660K, used 401472K [0x19150000, 0x3561b000, 0x43c00000)
   the space 463660K,  86% used [0x19150000, 0x31960088, 0x31960200, 0x3561b000)
 Metaspace       used 3551K, capacity 3598K, committed 3648K, reserved 4480K
}
Event: 9.986 GC heap before
{Heap before GC invocations=95 (full 7):
 def new generation   total 208704K, used 208704K [0x03c00000, 0x11e70000, 0x19150000)
  eden space 185536K, 100% used [0x03c00000, 0x0f130000, 0x0f130000)
  from space 23168K, 100% used [0x107d0000, 0x11e70000, 0x11e70000)
  to   space 23168K,   0% used [0x0f130000, 0x0f130000, 0x107d0000)
 tenured generation   total 463660K, used 401472K [0x19150000, 0x3561b000, 0x43c00000)
   the space 463660K,  86% used [0x19150000, 0x31960088, 0x31960200, 0x3561b000)
 Metaspace       used 3551K, capacity 3598K, committed 3648K, reserved 4480K
Event: 10.102 GC heap after
Heap after GC invocations=96 (full 7):
 def new generation   total 208704K, used 23168K [0x03c00000, 0x11e70000, 0x19150000)
  eden space 185536K,   0% used [0x03c00000, 0x03c00000, 0x0f130000)
  from space 23168K, 100% used [0x0f130000, 0x107d0000, 0x107d0000)
  to   space 23168K,   0% used [0x107d0000, 0x107d0000, 0x11e70000)
 tenured generation   total 463660K, used 426573K [0x19150000, 0x3561b000, 0x43c00000)
   the space 463660K,  92% used [0x19150000, 0x331e37a0, 0x331e3800, 0x3561b000)
 Metaspace       used 3551K, capacity 3598K, committed 3648K, reserved 4480K
}
Event: 10.394 GC heap before
{Heap before GC invocations=96 (full 7):
 def new generation   total 208704K, used 208704K [0x03c00000, 0x11e70000, 0x19150000)
  eden space 185536K, 100% used [0x03c00000, 0x0f130000, 0x0f130000)
  from space 23168K, 100% used [0x0f130000, 0x107d0000, 0x107d0000)
  to   space 23168K,   0% used [0x107d0000, 0x107d0000, 0x11e70000)
 tenured generation   total 463660K, used 426573K [0x19150000, 0x3561b000, 0x43c00000)
   the space 463660K,  92% used [0x19150000, 0x331e37a0, 0x331e3800, 0x3561b000)
 Metaspace       used 3551K, capacity 3598K, committed 3648K, reserved 4480K
Event: 10.510 GC heap after
Heap after GC invocations=97 (full 7):
 def new generation   total 208704K, used 23168K [0x03c00000, 0x11e70000, 0x19150000)
  eden space 185536K,   0% used [0x03c00000, 0x03c00000, 0x0f130000)
  from space 23168K, 100% used [0x107d0000, 0x11e70000, 0x11e70000)
  to   space 23168K,   0% used [0x0f130000, 0x0f130000, 0x107d0000)
 tenured generation   total 463660K, used 451867K [0x19150000, 0x3561b000, 0x43c00000)
   the space 463660K,  97% used [0x19150000, 0x34a96f88, 0x34a97000, 0x3561b000)
 Metaspace       used 3551K, capacity 3598K, committed 3648K, reserved 4480K
}
Event: 10.830 GC heap before
{Heap before GC invocations=97 (full 7):
 def new generation   total 208704K, used 208704K [0x03c00000, 0x11e70000, 0x19150000)
  eden space 185536K, 100% used [0x03c00000, 0x0f130000, 0x0f130000)
  from space 23168K, 100% used [0x107d0000, 0x11e70000, 0x11e70000)
  to   space 23168K,   0% used [0x0f130000, 0x0f130000, 0x107d0000)
 tenured generation   total 463660K, used 451867K [0x19150000, 0x3561b000, 0x43c00000)
   the space 463660K,  97% used [0x19150000, 0x34a96f88, 0x34a97000, 0x3561b000)
 Metaspace       used 3551K, capacity 3598K, committed 3648K, reserved 4480K
Event: 12.353 GC heap after
Heap after GC invocations=98 (full 8):
 def new generation   total 314560K, used 6603K [0x03c00000, 0x19150000, 0x19150000)
  eden space 279616K,   2% used [0x03c00000, 0x04272db8, 0x14d10000)
  from space 34944K,   0% used [0x14d10000, 0x14d10000, 0x16f30000)
  to   space 34944K,   0% used [0x16f30000, 0x16f30000, 0x19150000)
 tenured generation   total 699072K, used 476971K [0x19150000, 0x43c00000, 0x43c00000)
   the space 699072K,  68% used [0x19150000, 0x3631afe8, 0x3631b000, 0x43c00000)
 Metaspace       used 3551K, capacity 3598K, committed 3648K, reserved 4480K
}
Event: 12.825 GC heap before
{Heap before GC invocations=98 (full 8):
 def new generation   total 314560K, used 279616K [0x03c00000, 0x19150000, 0x19150000)
  eden space 279616K, 100% used [0x03c00000, 0x14d10000, 0x14d10000)
  from space 34944K,   0% used [0x14d10000, 0x14d10000, 0x16f30000)
  to   space 34944K,   0% used [0x16f30000, 0x16f30000, 0x19150000)
 tenured generation   total 699072K, used 476971K [0x19150000, 0x43c00000, 0x43c00000)
   the space 699072K,  68% used [0x19150000, 0x3631afe8, 0x3631b000, 0x43c00000)
 Metaspace       used 3551K, capacity 3598K, committed 3648K, reserved 4480K

