# JRE version: Java(TM) SE Runtime Environment (8.0_101-b13) (build 1.8.0_101-b13)
# Java VM: Java HotSpot(TM) Client VM (25.101-b13 mixed mode windows-x86 )
Heap:
 def new generation   total 41472K, used 41471K [0x03c00000, 0x06900000, 0x19150000)
  eden space 36864K, 100% used [0x03c00000, 0x06000000, 0x06000000)
  from space 4608K,  99% used [0x06000000, 0x0647fff8, 0x06480000)
  to   space 4608K,  99% used [0x06480000, 0x068ffff8, 0x06900000)
 tenured generation   total 92036K, used 84985K [0x19150000, 0x1eb31000, 0x43c00000)
   the space 92036K,  92% used [0x19150000, 0x1e44e6d0, 0x1e44e800, 0x1eb31000)
 Metaspace       used 3543K, capacity 3566K, committed 3648K, reserved 4480K
GC Heap History (10 events):
Event: 2.046 GC heap after
Heap after GC invocations=65 (full 4):
 def new generation   total 41472K, used 4607K [0x03c00000, 0x06900000, 0x19150000)
  eden space 36864K,   0% used [0x03c00000, 0x03c00000, 0x06000000)
  from space 4608K,  99% used [0x06000000, 0x0647fff8, 0x06480000)
  to   space 4608K,   0% used [0x06480000, 0x06480000, 0x06900000)
 tenured generation   total 92036K, used 61379K [0x19150000, 0x1eb31000, 0x43c00000)
   the space 92036K,  66% used [0x19150000, 0x1cd40dd0, 0x1cd40e00, 0x1eb31000)
 Metaspace       used 3543K, capacity 3566K, committed 3648K, reserved 4480K
}
Event: 2.126 GC heap before
{Heap before GC invocations=65 (full 4):
 def new generation   total 41472K, used 41471K [0x03c00000, 0x06900000, 0x19150000)
  eden space 36864K, 100% used [0x03c00000, 0x06000000, 0x06000000)
  from space 4608K,  99% used [0x06000000, 0x0647fff8, 0x06480000)
  to   space 4608K,   0% used [0x06480000, 0x06480000, 0x06900000)
 tenured generation   total 92036K, used 61379K [0x19150000, 0x1eb31000, 0x43c00000)
   the space 92036K,  66% used [0x19150000, 0x1cd40dd0, 0x1cd40e00, 0x1eb31000)
 Metaspace       used 3543K, capacity 3566K, committed 3648K, reserved 4480K
Event: 2.148 GC heap after
Heap after GC invocations=66 (full 4):
 def new generation   total 41472K, used 4607K [0x03c00000, 0x06900000, 0x19150000)
  eden space 36864K,   0% used [0x03c00000, 0x03c00000, 0x06000000)
  from space 4608K,  99% used [0x06480000, 0x068ffff8, 0x06900000)
  to   space 4608K,   0% used [0x06000000, 0x06000000, 0x06480000)
 tenured generation   total 92036K, used 66535K [0x19150000, 0x1eb31000, 0x43c00000)
   the space 92036K,  72% used [0x19150000, 0x1d249ee0, 0x1d24a000, 0x1eb31000)
 Metaspace       used 3543K, capacity 3566K, committed 3648K, reserved 4480K
}
Event: 2.201 GC heap before
{Heap before GC invocations=66 (full 4):
 def new generation   total 41472K, used 41471K [0x03c00000, 0x06900000, 0x19150000)
  eden space 36864K, 100% used [0x03c00000, 0x06000000, 0x06000000)
  from space 4608K,  99% used [0x06480000, 0x068ffff8, 0x06900000)
  to   space 4608K,   0% used [0x06000000, 0x06000000, 0x06480000)
 tenured generation   total 92036K, used 66535K [0x19150000, 0x1eb31000, 0x43c00000)
   the space 92036K,  72% used [0x19150000, 0x1d249ee0, 0x1d24a000, 0x1eb31000)
 Metaspace       used 3543K, capacity 3566K, committed 3648K, reserved 4480K
Event: 2.224 GC heap after
Heap after GC invocations=67 (full 4):
 def new generation   total 41472K, used 4608K [0x03c00000, 0x06900000, 0x19150000)
  eden space 36864K,   0% used [0x03c00000, 0x03c00000, 0x06000000)
  from space 4608K, 100% used [0x06000000, 0x06480000, 0x06480000)
  to   space 4608K,   0% used [0x06480000, 0x06480000, 0x06900000)
 tenured generation   total 92036K, used 71456K [0x19150000, 0x1eb31000, 0x43c00000)
   the space 92036K,  77% used [0x19150000, 0x1d718228, 0x1d718400, 0x1eb31000)
 Metaspace       used 3543K, capacity 3566K, committed 3648K, reserved 4480K
}
Event: 2.280 GC heap before
{Heap before GC invocations=67 (full 4):
 def new generation   total 41472K, used 41472K [0x03c00000, 0x06900000, 0x19150000)
  eden space 36864K, 100% used [0x03c00000, 0x06000000, 0x06000000)
  from space 4608K, 100% used [0x06000000, 0x06480000, 0x06480000)
  to   space 4608K,   0% used [0x06480000, 0x06480000, 0x06900000)
 tenured generation   total 92036K, used 71456K [0x19150000, 0x1eb31000, 0x43c00000)
   the space 92036K,  77% used [0x19150000, 0x1d718228, 0x1d718400, 0x1eb31000)
 Metaspace       used 3543K, capacity 3566K, committed 3648K, reserved 4480K
Event: 2.303 GC heap after
Heap after GC invocations=68 (full 4):
 def new generation   total 41472K, used 4608K [0x03c00000, 0x06900000, 0x19150000)
  eden space 36864K,   0% used [0x03c00000, 0x03c00000, 0x06000000)
  from space 4608K, 100% used [0x06480000, 0x06900000, 0x06900000)
  to   space 4608K,   0% used [0x06000000, 0x06000000, 0x06480000)
 tenured generation   total 92036K, used 76847K [0x19150000, 0x1eb31000, 0x43c00000)
   the space 92036K,  83% used [0x19150000, 0x1dc5be28, 0x1dc5c000, 0x1eb31000)
 Metaspace       used 3543K, capacity 3566K, committed 3648K, reserved 4480K
}
Event: 2.368 GC heap before
{Heap before GC invocations=68 (full 4):
 def new generation   total 41472K, used 41472K [0x03c00000, 0x06900000, 0x19150000)
  eden space 36864K, 100% used [0x03c00000, 0x06000000, 0x06000000)
  from space 4608K, 100% used [0x06480000, 0x06900000, 0x06900000)
  to   space 4608K,   0% used [0x06000000, 0x06000000, 0x06480000)
 tenured generation   total 92036K, used 76847K [0x19150000, 0x1eb31000, 0x43c00000)
   the space 92036K,  83% used [0x19150000, 0x1dc5be28, 0x1dc5c000, 0x1eb31000)
 Metaspace       used 3543K, capacity 3566K, committed 3648K, reserved 4480K
Event: 2.390 GC heap after
Heap after GC invocations=69 (full 4):
 def new generation   total 41472K, used 4607K [0x03c00000, 0x06900000, 0x19150000)
  eden space 36864K,   0% used [0x03c00000, 0x03c00000, 0x06000000)
  from space 4608K,  99% used [0x06000000, 0x0647fff8, 0x06480000)
  to   space 4608K,   0% used [0x06480000, 0x06480000, 0x06900000)
 tenured generation   total 92036K, used 81279K [0x19150000, 0x1eb31000, 0x43c00000)
   the space 92036K,  88% used [0x19150000, 0x1e0afe30, 0x1e0b0000, 0x1eb31000)
 Metaspace       used 3543K, capacity 3566K, committed 3648K, reserved 4480K
}
Event: 2.446 GC heap before
{Heap before GC invocations=69 (full 4):
 def new generation   total 41472K, used 41471K [0x03c00000, 0x06900000, 0x19150000)
  eden space 36864K, 100% used [0x03c00000, 0x06000000, 0x06000000)
  from space 4608K,  99% used [0x06000000, 0x0647fff8, 0x06480000)
  to   space 4608K,   0% used [0x06480000, 0x06480000, 0x06900000)
 tenured generation   total 92036K, used 81279K [0x19150000, 0x1eb31000, 0x43c00000)
   the space 92036K,  88% used [0x19150000, 0x1e0afe30, 0x1e0b0000, 0x1eb31000)
 Metaspace       used 3543K, capacity 3566K, committed 3648K, reserved 4480K

