# JRE version: Java(TM) SE Runtime Environment (8.0_101-b13) (build 1.8.0_101-b13)
# Java VM: Java HotSpot(TM) Client VM (25.101-b13 mixed mode windows-x86 )
Heap:
 def new generation   total 67456K, used 7487K [0x03c00000, 0x08530000, 0x19150000)
  eden space 59968K,   0% used [0x03c00000, 0x03c00000, 0x07690000)
  from space 7488K,  99% used [0x07de0000, 0x0852fff8, 0x08530000)
  to   space 7488K,   0% used [0x07690000, 0x07690000, 0x07de0000)
 tenured generation   total 155032K, used 154966K [0x19150000, 0x228b6000, 0x43c00000)
   the space 155032K,  99% used [0x19150000, 0x228a5b28, 0x228a5c00, 0x228b6000)
 Metaspace       used 3559K, capacity 3598K, committed 3648K, reserved 4480K
GC Heap History (10 events):
Event: 3.373 GC heap after
Heap after GC invocations=56 (full 5):
 def new generation   total 67456K, used 7488K [0x03c00000, 0x08530000, 0x19150000)
  eden space 59968K,   0% used [0x03c00000, 0x03c00000, 0x07690000)
  from space 7488K, 100% used [0x07690000, 0x07de0000, 0x07de0000)
  to   space 7488K,   0% used [0x07de0000, 0x07de0000, 0x08530000)
 tenured generation   total 149784K, used 111599K [0x19150000, 0x22396000, 0x43c00000)
   the space 149784K,  74% used [0x19150000, 0x1fe4bca0, 0x1fe4be00, 0x22396000)
 Metaspace       used 3558K, capacity 3598K, committed 3648K, reserved 4480K
}
Event: 3.469 GC heap before
{Heap before GC invocations=56 (full 5):
 def new generation   total 67456K, used 67456K [0x03c00000, 0x08530000, 0x19150000)
  eden space 59968K, 100% used [0x03c00000, 0x07690000, 0x07690000)
  from space 7488K, 100% used [0x07690000, 0x07de0000, 0x07de0000)
  to   space 7488K,   0% used [0x07de0000, 0x07de0000, 0x08530000)
 tenured generation   total 149784K, used 111599K [0x19150000, 0x22396000, 0x43c00000)
   the space 149784K,  74% used [0x19150000, 0x1fe4bca0, 0x1fe4be00, 0x22396000)
 Metaspace       used 3559K, capacity 3598K, committed 3648K, reserved 4480K
Event: 3.511 GC heap after
Heap after GC invocations=57 (full 5):
 def new generation   total 67456K, used 7488K [0x03c00000, 0x08530000, 0x19150000)
  eden space 59968K,   0% used [0x03c00000, 0x03c00000, 0x07690000)
  from space 7488K, 100% used [0x07de0000, 0x08530000, 0x08530000)
  to   space 7488K,   0% used [0x07690000, 0x07690000, 0x07de0000)
 tenured generation   total 149784K, used 120408K [0x19150000, 0x22396000, 0x43c00000)
   the space 149784K,  80% used [0x19150000, 0x206e6208, 0x206e6400, 0x22396000)
 Metaspace       used 3559K, capacity 3598K, committed 3648K, reserved 4480K
}
Event: 3.611 GC heap before
{Heap before GC invocations=57 (full 5):
 def new generation   total 67456K, used 67456K [0x03c00000, 0x08530000, 0x19150000)
  eden space 59968K, 100% used [0x03c00000, 0x07690000, 0x07690000)
  from space 7488K, 100% used [0x07de0000, 0x08530000, 0x08530000)
  to   space 7488K,   0% used [0x07690000, 0x07690000, 0x07de0000)
 tenured generation   total 149784K, used 120408K [0x19150000, 0x22396000, 0x43c00000)
   the space 149784K,  80% used [0x19150000, 0x206e6208, 0x206e6400, 0x22396000)
 Metaspace       used 3559K, capacity 3598K, committed 3648K, reserved 4480K
Event: 3.656 GC heap after
Heap after GC invocations=58 (full 5):
 def new generation   total 67456K, used 7488K [0x03c00000, 0x08530000, 0x19150000)
  eden space 59968K,   0% used [0x03c00000, 0x03c00000, 0x07690000)
  from space 7488K, 100% used [0x07690000, 0x07de0000, 0x07de0000)
  to   space 7488K,   0% used [0x07de0000, 0x07de0000, 0x08530000)
 tenured generation   total 149784K, used 130227K [0x19150000, 0x22396000, 0x43c00000)
   the space 149784K,  86% used [0x19150000, 0x2107cfb0, 0x2107d000, 0x22396000)
 Metaspace       used 3559K, capacity 3598K, committed 3648K, reserved 4480K
}
Event: 3.757 GC heap before
{Heap before GC invocations=58 (full 5):
 def new generation   total 67456K, used 67456K [0x03c00000, 0x08530000, 0x19150000)
  eden space 59968K, 100% used [0x03c00000, 0x07690000, 0x07690000)
  from space 7488K, 100% used [0x07690000, 0x07de0000, 0x07de0000)
  to   space 7488K,   0% used [0x07de0000, 0x07de0000, 0x08530000)
 tenured generation   total 149784K, used 130227K [0x19150000, 0x22396000, 0x43c00000)
   the space 149784K,  86% used [0x19150000, 0x2107cfb0, 0x2107d000, 0x22396000)
 Metaspace       used 3559K, capacity 3598K, committed 3648K, reserved 4480K
Event: 3.795 GC heap after
Heap after GC invocations=59 (full 5):
 def new generation   total 67456K, used 7487K [0x03c00000, 0x08530000, 0x19150000)
  eden space 59968K,   0% used [0x03c00000, 0x03c00000, 0x07690000)
  from space 7488K,  99% used [0x07de0000, 0x0852fff8, 0x08530000)
  to   space 7488K,   0% used [0x07690000, 0x07690000, 0x07de0000)
 tenured generation   total 149784K, used 138629K [0x19150000, 0x22396000, 0x43c00000)
   the space 149784K,  92% used [0x19150000, 0x218b1430, 0x218b1600, 0x22396000)
 Metaspace       used 3559K, capacity 3598K, committed 3648K, reserved 4480K
}
Event: 3.897 GC heap before
{Heap before GC invocations=59 (full 5):
 def new generation   total 67456K, used 67455K [0x03c00000, 0x08530000, 0x19150000)
  eden space 59968K, 100% used [0x03c00000, 0x07690000, 0x07690000)
  from space 7488K,  99% used [0x07de0000, 0x0852fff8, 0x08530000)
  to   space 7488K,   0% used [0x07690000, 0x07690000, 0x07de0000)
 tenured generation   total 149784K, used 138629K [0x19150000, 0x22396000, 0x43c00000)
   the space 149784K,  92% used [0x19150000, 0x218b1430, 0x218b1600, 0x22396000)
 Metaspace       used 3559K, capacity 3598K, committed 3648K, reserved 4480K
Event: 3.939 GC heap after
Heap after GC invocations=60 (full 5):
 def new generation   total 67456K, used 7488K [0x03c00000, 0x08530000, 0x19150000)
  eden space 59968K,   0% used [0x03c00000, 0x03c00000, 0x07690000)
  from space 7488K, 100% used [0x07690000, 0x07de0000, 0x07de0000)
  to   space 7488K,   0% used [0x07de0000, 0x07de0000, 0x08530000)
 tenured generation   total 149784K, used 147502K [0x19150000, 0x22396000, 0x43c00000)
   the space 149784K,  98% used [0x19150000, 0x2215b990, 0x2215ba00, 0x22396000)
 Metaspace       used 3559K, capacity 3598K, committed 3648K, reserved 4480K
}
Event: 4.047 GC heap before
{Heap before GC invocations=60 (full 5):
 def new generation   total 67456K, used 67456K [0x03c00000, 0x08530000, 0x19150000)
  eden space 59968K, 100% used [0x03c00000, 0x07690000, 0x07690000)
  from space 7488K, 100% used [0x07690000, 0x07de0000, 0x07de0000)
  to   space 7488K,   0% used [0x07de0000, 0x07de0000, 0x08530000)
 tenured generation   total 149784K, used 147502K [0x19150000, 0x22396000, 0x43c00000)
   the space 149784K,  98% used [0x19150000, 0x2215b990, 0x2215ba00, 0x22396000)
 Metaspace       used 3559K, capacity 3598K, committed 3648K, reserved 4480K

