# JRE version: Java(TM) SE Runtime Environment (8.0_101-b13) (build 1.8.0_101-b13)
# Java VM: Java HotSpot(TM) Client VM (25.101-b13 mixed mode windows-x86 )
Heap:
 def new generation   total 313216K, used 313216K [0x03e00000, 0x191d0000, 0x19350000)
  eden space 278464K, 100% used [0x03e00000, 0x14df0000, 0x14df0000)
  from space 34752K, 100% used [0x16fe0000, 0x191d0000, 0x191d0000)
  to   space 34752K,   0% used [0x14df0000, 0x14df0000, 0x16fe0000)
 tenured generation   total 695888K, used 661634K [0x19350000, 0x43ae4000, 0x43e00000)
   the space 695888K,  95% used [0x19350000, 0x41970b58, 0x41970c00, 0x43ae4000)
 Metaspace       used 3550K, capacity 3598K, committed 3648K, reserved 4480K
GC Heap History (10 events):
Event: 14.479 GC heap after
Heap after GC invocations=98 (full 8):
 def new generation   total 313216K, used 34751K [0x03e00000, 0x191d0000, 0x19350000)
  eden space 278464K,   0% used [0x03e00000, 0x03e00000, 0x14df0000)
  from space 34752K,  99% used [0x16fe0000, 0x191cfff8, 0x191d0000)
  to   space 34752K,   0% used [0x14df0000, 0x14df0000, 0x16fe0000)
 tenured generation   total 695888K, used 423976K [0x19350000, 0x43ae4000, 0x43e00000)
   the space 695888K,  60% used [0x19350000, 0x3315a070, 0x3315a200, 0x43ae4000)
 Metaspace       used 3545K, capacity 3598K, committed 3648K, reserved 4480K
}
Event: 21.189 GC heap before
{Heap before GC invocations=98 (full 8):
 def new generation   total 313216K, used 313215K [0x03e00000, 0x191d0000, 0x19350000)
  eden space 278464K, 100% used [0x03e00000, 0x14df0000, 0x14df0000)
  from space 34752K,  99% used [0x16fe0000, 0x191cfff8, 0x191d0000)
  to   space 34752K,   0% used [0x14df0000, 0x14df0000, 0x16fe0000)
 tenured generation   total 695888K, used 423976K [0x19350000, 0x43ae4000, 0x43e00000)
   the space 695888K,  60% used [0x19350000, 0x3315a070, 0x3315a200, 0x43ae4000)
 Metaspace       used 3545K, capacity 3598K, committed 3648K, reserved 4480K
Event: 21.384 GC heap after
Heap after GC invocations=99 (full 8):
 def new generation   total 313216K, used 34751K [0x03e00000, 0x191d0000, 0x19350000)
  eden space 278464K,   0% used [0x03e00000, 0x03e00000, 0x14df0000)
  from space 34752K,  99% used [0x14df0000, 0x16fdfff8, 0x16fe0000)
  to   space 34752K,   0% used [0x16fe0000, 0x16fe0000, 0x191d0000)
 tenured generation   total 695888K, used 460710K [0x19350000, 0x43ae4000, 0x43e00000)
   the space 695888K,  66% used [0x19350000, 0x35539af0, 0x35539c00, 0x43ae4000)
 Metaspace       used 3545K, capacity 3598K, committed 3648K, reserved 4480K
}
Event: 23.597 GC heap before
{Heap before GC invocations=99 (full 8):
 def new generation   total 313216K, used 313215K [0x03e00000, 0x191d0000, 0x19350000)
  eden space 278464K, 100% used [0x03e00000, 0x14df0000, 0x14df0000)
  from space 34752K,  99% used [0x14df0000, 0x16fdfff8, 0x16fe0000)
  to   space 34752K,   0% used [0x16fe0000, 0x16fe0000, 0x191d0000)
 tenured generation   total 695888K, used 460710K [0x19350000, 0x43ae4000, 0x43e00000)
   the space 695888K,  66% used [0x19350000, 0x35539af0, 0x35539c00, 0x43ae4000)
 Metaspace       used 3545K, capacity 3598K, committed 3648K, reserved 4480K
Event: 23.825 GC heap after
Heap after GC invocations=100 (full 8):
 def new generation   total 313216K, used 34752K [0x03e00000, 0x191d0000, 0x19350000)
  eden space 278464K,   0% used [0x03e00000, 0x03e00000, 0x14df0000)
  from space 34752K, 100% used [0x16fe0000, 0x191d0000, 0x191d0000)
  to   space 34752K,   0% used [0x14df0000, 0x14df0000, 0x16fe0000)
 tenured generation   total 695888K, used 510016K [0x19350000, 0x43ae4000, 0x43e00000)
   the space 695888K,  73% used [0x19350000, 0x38560360, 0x38560400, 0x43ae4000)
 Metaspace       used 3545K, capacity 3598K, committed 3648K, reserved 4480K
}
Event: 24.329 GC heap before
{Heap before GC invocations=100 (full 8):
 def new generation   total 313216K, used 313216K [0x03e00000, 0x191d0000, 0x19350000)
  eden space 278464K, 100% used [0x03e00000, 0x14df0000, 0x14df0000)
  from space 34752K, 100% used [0x16fe0000, 0x191d0000, 0x191d0000)
  to   space 34752K,   0% used [0x14df0000, 0x14df0000, 0x16fe0000)
 tenured generation   total 695888K, used 510016K [0x19350000, 0x43ae4000, 0x43e00000)
   the space 695888K,  73% used [0x19350000, 0x38560360, 0x38560400, 0x43ae4000)
 Metaspace       used 3550K, capacity 3598K, committed 3648K, reserved 4480K
Event: 24.533 GC heap after
Heap after GC invocations=101 (full 8):
 def new generation   total 313216K, used 34752K [0x03e00000, 0x191d0000, 0x19350000)
  eden space 278464K,   0% used [0x03e00000, 0x03e00000, 0x14df0000)
  from space 34752K, 100% used [0x14df0000, 0x16fe0000, 0x16fe0000)
  to   space 34752K,   0% used [0x16fe0000, 0x16fe0000, 0x191d0000)
 tenured generation   total 695888K, used 618502K [0x19350000, 0x43ae4000, 0x43e00000)
   the space 695888K,  88% used [0x19350000, 0x3ef51888, 0x3ef51a00, 0x43ae4000)
 Metaspace       used 3550K, capacity 3598K, committed 3648K, reserved 4480K
}
Event: 26.043 GC heap before
{Heap before GC invocations=101 (full 8):
 def new generation   total 313216K, used 313216K [0x03e00000, 0x191d0000, 0x19350000)
  eden space 278464K, 100% used [0x03e00000, 0x14df0000, 0x14df0000)
  from space 34752K, 100% used [0x14df0000, 0x16fe0000, 0x16fe0000)
  to   space 34752K,   0% used [0x16fe0000, 0x16fe0000, 0x191d0000)
 tenured generation   total 695888K, used 618502K [0x19350000, 0x43ae4000, 0x43e00000)
   the space 695888K,  88% used [0x19350000, 0x3ef51888, 0x3ef51a00, 0x43ae4000)
 Metaspace       used 3550K, capacity 3598K, committed 3648K, reserved 4480K
Event: 26.172 GC heap after
Heap after GC invocations=102 (full 8):
 def new generation   total 313216K, used 34752K [0x03e00000, 0x191d0000, 0x19350000)
  eden space 278464K,   0% used [0x03e00000, 0x03e00000, 0x14df0000)
  from space 34752K, 100% used [0x16fe0000, 0x191d0000, 0x191d0000)
  to   space 34752K,   0% used [0x14df0000, 0x14df0000, 0x16fe0000)
 tenured generation   total 695888K, used 661634K [0x19350000, 0x43ae4000, 0x43e00000)
   the space 695888K,  95% used [0x19350000, 0x41970b58, 0x41970c00, 0x43ae4000)
 Metaspace       used 3550K, capacity 3598K, committed 3648K, reserved 4480K
}
Event: 27.882 GC heap before
{Heap before GC invocations=102 (full 8):
 def new generation   total 313216K, used 313216K [0x03e00000, 0x191d0000, 0x19350000)
  eden space 278464K, 100% used [0x03e00000, 0x14df0000, 0x14df0000)
  from space 34752K, 100% used [0x16fe0000, 0x191d0000, 0x191d0000)
  to   space 34752K,   0% used [0x14df0000, 0x14df0000, 0x16fe0000)
 tenured generation   total 695888K, used 661634K [0x19350000, 0x43ae4000, 0x43e00000)
   the space 695888K,  95% used [0x19350000, 0x41970b58, 0x41970c00, 0x43ae4000)
 Metaspace       used 3550K, capacity 3598K, committed 3648K, reserved 4480K

