# JRE version: Java(TM) SE Runtime Environment (8.0_101-b13) (build 1.8.0_101-b13)
# Java VM: Java HotSpot(TM) Client VM (25.101-b13 mixed mode windows-x86 )
Heap:
 def new generation   total 184384K, used 20480K [0x03e00000, 0x10610000, 0x19350000)
  eden space 163904K,   0% used [0x03e00000, 0x03e00000, 0x0de10000)
  from space 20480K, 100% used [0x0de10000, 0x0f210000, 0x0f210000)
  to   space 20480K,   0% used [0x0f210000, 0x0f210000, 0x10610000)
 tenured generation   total 425500K, used 425464K [0x19350000, 0x332d7000, 0x43e00000)
   the space 425500K,  99% used [0x19350000, 0x332ce3c8, 0x332ce400, 0x332d7000)
 Metaspace       used 3547K, capacity 3598K, committed 3648K, reserved 4480K
GC Heap History (10 events):
Event: 7.952 GC heap after
Heap after GC invocations=90 (full 7):
 def new generation   total 184384K, used 20479K [0x03e00000, 0x10610000, 0x19350000)
  eden space 163904K,   0% used [0x03e00000, 0x03e00000, 0x0de10000)
  from space 20480K,  99% used [0x0f210000, 0x1060fff8, 0x10610000)
  to   space 20480K,   0% used [0x0de10000, 0x0de10000, 0x0f210000)
 tenured generation   total 409628K, used 308473K [0x19350000, 0x32357000, 0x43e00000)
   the space 409628K,  75% used [0x19350000, 0x2c08e7f8, 0x2c08e800, 0x32357000)
 Metaspace       used 3547K, capacity 3598K, committed 3648K, reserved 4480K
}
Event: 8.235 GC heap before
{Heap before GC invocations=90 (full 7):
 def new generation   total 184384K, used 184383K [0x03e00000, 0x10610000, 0x19350000)
  eden space 163904K, 100% used [0x03e00000, 0x0de10000, 0x0de10000)
  from space 20480K,  99% used [0x0f210000, 0x1060fff8, 0x10610000)
  to   space 20480K,   0% used [0x0de10000, 0x0de10000, 0x0f210000)
 tenured generation   total 409628K, used 308473K [0x19350000, 0x32357000, 0x43e00000)
   the space 409628K,  75% used [0x19350000, 0x2c08e7f8, 0x2c08e800, 0x32357000)
 Metaspace       used 3547K, capacity 3598K, committed 3648K, reserved 4480K
Event: 8.341 GC heap after
Heap after GC invocations=91 (full 7):
 def new generation   total 184384K, used 20480K [0x03e00000, 0x10610000, 0x19350000)
  eden space 163904K,   0% used [0x03e00000, 0x03e00000, 0x0de10000)
  from space 20480K, 100% used [0x0de10000, 0x0f210000, 0x0f210000)
  to   space 20480K,   0% used [0x0f210000, 0x0f210000, 0x10610000)
 tenured generation   total 409628K, used 331274K [0x19350000, 0x32357000, 0x43e00000)
   the space 409628K,  80% used [0x19350000, 0x2d6d2980, 0x2d6d2a00, 0x32357000)
 Metaspace       used 3547K, capacity 3598K, committed 3648K, reserved 4480K
}
Event: 8.601 GC heap before
{Heap before GC invocations=91 (full 7):
 def new generation   total 184384K, used 184384K [0x03e00000, 0x10610000, 0x19350000)
  eden space 163904K, 100% used [0x03e00000, 0x0de10000, 0x0de10000)
  from space 20480K, 100% used [0x0de10000, 0x0f210000, 0x0f210000)
  to   space 20480K,   0% used [0x0f210000, 0x0f210000, 0x10610000)
 tenured generation   total 409628K, used 331274K [0x19350000, 0x32357000, 0x43e00000)
   the space 409628K,  80% used [0x19350000, 0x2d6d2980, 0x2d6d2a00, 0x32357000)
 Metaspace       used 3547K, capacity 3598K, committed 3648K, reserved 4480K
Event: 8.716 GC heap after
Heap after GC invocations=92 (full 7):
 def new generation   total 184384K, used 20480K [0x03e00000, 0x10610000, 0x19350000)
  eden space 163904K,   0% used [0x03e00000, 0x03e00000, 0x0de10000)
  from space 20480K, 100% used [0x0f210000, 0x10610000, 0x10610000)
  to   space 20480K,   0% used [0x0de10000, 0x0de10000, 0x0f210000)
 tenured generation   total 409628K, used 356034K [0x19350000, 0x32357000, 0x43e00000)
   the space 409628K,  86% used [0x19350000, 0x2ef00868, 0x2ef00a00, 0x32357000)
 Metaspace       used 3547K, capacity 3598K, committed 3648K, reserved 4480K
}
Event: 8.973 GC heap before
{Heap before GC invocations=92 (full 7):
 def new generation   total 184384K, used 184384K [0x03e00000, 0x10610000, 0x19350000)
  eden space 163904K, 100% used [0x03e00000, 0x0de10000, 0x0de10000)
  from space 20480K, 100% used [0x0f210000, 0x10610000, 0x10610000)
  to   space 20480K,   0% used [0x0de10000, 0x0de10000, 0x0f210000)
 tenured generation   total 409628K, used 356034K [0x19350000, 0x32357000, 0x43e00000)
   the space 409628K,  86% used [0x19350000, 0x2ef00868, 0x2ef00a00, 0x32357000)
 Metaspace       used 3547K, capacity 3598K, committed 3648K, reserved 4480K
Event: 9.084 GC heap after
Heap after GC invocations=93 (full 7):
 def new generation   total 184384K, used 20480K [0x03e00000, 0x10610000, 0x19350000)
  eden space 163904K,   0% used [0x03e00000, 0x03e00000, 0x0de10000)
  from space 20480K, 100% used [0x0de10000, 0x0f210000, 0x0f210000)
  to   space 20480K,   0% used [0x0f210000, 0x0f210000, 0x10610000)
 tenured generation   total 409628K, used 380046K [0x19350000, 0x32357000, 0x43e00000)
   the space 409628K,  92% used [0x19350000, 0x30673958, 0x30673a00, 0x32357000)
 Metaspace       used 3547K, capacity 3598K, committed 3648K, reserved 4480K
}
Event: 9.364 GC heap before
{Heap before GC invocations=93 (full 7):
 def new generation   total 184384K, used 184384K [0x03e00000, 0x10610000, 0x19350000)
  eden space 163904K, 100% used [0x03e00000, 0x0de10000, 0x0de10000)
  from space 20480K, 100% used [0x0de10000, 0x0f210000, 0x0f210000)
  to   space 20480K,   0% used [0x0f210000, 0x0f210000, 0x10610000)
 tenured generation   total 409628K, used 380046K [0x19350000, 0x32357000, 0x43e00000)
   the space 409628K,  92% used [0x19350000, 0x30673958, 0x30673a00, 0x32357000)
 Metaspace       used 3547K, capacity 3598K, committed 3648K, reserved 4480K
Event: 9.466 GC heap after
Heap after GC invocations=94 (full 7):
 def new generation   total 184384K, used 20480K [0x03e00000, 0x10610000, 0x19350000)
  eden space 163904K,   0% used [0x03e00000, 0x03e00000, 0x0de10000)
  from space 20480K, 100% used [0x0f210000, 0x10610000, 0x10610000)
  to   space 20480K,   0% used [0x0de10000, 0x0de10000, 0x0f210000)
 tenured generation   total 409628K, used 402813K [0x19350000, 0x32357000, 0x43e00000)
   the space 409628K,  98% used [0x19350000, 0x31caf478, 0x31caf600, 0x32357000)
 Metaspace       used 3547K, capacity 3598K, committed 3648K, reserved 4480K
}
Event: 9.723 GC heap before
{Heap before GC invocations=94 (full 7):
 def new generation   total 184384K, used 184384K [0x03e00000, 0x10610000, 0x19350000)
  eden space 163904K, 100% used [0x03e00000, 0x0de10000, 0x0de10000)
  from space 20480K, 100% used [0x0f210000, 0x10610000, 0x10610000)
  to   space 20480K,   0% used [0x0de10000, 0x0de10000, 0x0f210000)
 tenured generation   total 409628K, used 402813K [0x19350000, 0x32357000, 0x43e00000)
   the space 409628K,  98% used [0x19350000, 0x31caf478, 0x31caf600, 0x32357000)
 Metaspace       used 3547K, capacity 3598K, committed 3648K, reserved 4480K

