# JRE version: Java(TM) SE Runtime Environment (8.0_101-b13) (build 1.8.0_101-b13)
# Java VM: Java HotSpot(TM) Client VM (25.101-b13 mixed mode windows-x86 )
Heap:
 def new generation   total 116096K, used 19907K [0x03c00000, 0x0b9f0000, 0x19150000)
  eden space 103232K,   6% used [0x03c00000, 0x042e0f38, 0x0a0d0000)
  from space 12864K, 100% used [0x0a0d0000, 0x0ad60000, 0x0ad60000)
  to   space 12864K,   0% used [0x0ad60000, 0x0ad60000, 0x0b9f0000)
 tenured generation   total 257776K, used 208138K [0x19150000, 0x28d0c000, 0x43c00000)
   the space 257776K,  80% used [0x19150000, 0x25c929e0, 0x25c92a00, 0x28d0c000)
 Metaspace       used 3664K, capacity 3694K, committed 3776K, reserved 4480K
GC Heap History (10 events):
Event: 3.912 GC heap before
{Heap before GC invocations=59 (full 5):
 def new generation   total 67392K, used 67392K [0x03c00000, 0x08520000, 0x19150000)
  eden space 59904K, 100% used [0x03c00000, 0x07680000, 0x07680000)
  from space 7488K, 100% used [0x07dd0000, 0x08520000, 0x08520000)
  to   space 7488K,   0% used [0x07680000, 0x07680000, 0x07dd0000)
 tenured generation   total 149672K, used 147334K [0x19150000, 0x2237a000, 0x43c00000)
   the space 149672K,  98% used [0x19150000, 0x22131860, 0x22131a00, 0x2237a000)
 Metaspace       used 3545K, capacity 3598K, committed 3648K, reserved 4480K
Event: 4.308 GC heap after
Heap after GC invocations=60 (full 6):
 def new generation   total 116096K, used 7470K [0x03c00000, 0x0b9f0000, 0x19150000)
  eden space 103232K,   7% used [0x03c00000, 0x0434b858, 0x0a0d0000)
  from space 12864K,   0% used [0x0a0d0000, 0x0a0d0000, 0x0ad60000)
  to   space 12864K,   0% used [0x0ad60000, 0x0ad60000, 0x0b9f0000)
 tenured generation   total 257776K, used 154663K [0x19150000, 0x28d0c000, 0x43c00000)
   the space 257776K,  59% used [0x19150000, 0x22859ff8, 0x2285a000, 0x28d0c000)
 Metaspace       used 3545K, capacity 3598K, committed 3648K, reserved 4480K
}
Event: 4.480 GC heap before
{Heap before GC invocations=60 (full 6):
 def new generation   total 116096K, used 103232K [0x03c00000, 0x0b9f0000, 0x19150000)
  eden space 103232K, 100% used [0x03c00000, 0x0a0d0000, 0x0a0d0000)
  from space 12864K,   0% used [0x0a0d0000, 0x0a0d0000, 0x0ad60000)
  to   space 12864K,   0% used [0x0ad60000, 0x0ad60000, 0x0b9f0000)
 tenured generation   total 257776K, used 154663K [0x19150000, 0x28d0c000, 0x43c00000)
   the space 257776K,  59% used [0x19150000, 0x22859ff8, 0x2285a000, 0x28d0c000)
 Metaspace       used 3545K, capacity 3598K, committed 3648K, reserved 4480K
Event: 4.607 GC heap after
Heap after GC invocations=61 (full 6):
 def new generation   total 116096K, used 12864K [0x03c00000, 0x0b9f0000, 0x19150000)
  eden space 103232K,   0% used [0x03c00000, 0x03c00000, 0x0a0d0000)
  from space 12864K, 100% used [0x0ad60000, 0x0b9f0000, 0x0b9f0000)
  to   space 12864K,   0% used [0x0a0d0000, 0x0a0d0000, 0x0ad60000)
 tenured generation   total 257776K, used 162502K [0x19150000, 0x28d0c000, 0x43c00000)
   the space 257776K,  63% used [0x19150000, 0x23001ac8, 0x23001c00, 0x28d0c000)
 Metaspace       used 3545K, capacity 3598K, committed 3648K, reserved 4480K
}
Event: 4.770 GC heap before
{Heap before GC invocations=61 (full 6):
 def new generation   total 116096K, used 116096K [0x03c00000, 0x0b9f0000, 0x19150000)
  eden space 103232K, 100% used [0x03c00000, 0x0a0d0000, 0x0a0d0000)
  from space 12864K, 100% used [0x0ad60000, 0x0b9f0000, 0x0b9f0000)
  to   space 12864K,   0% used [0x0a0d0000, 0x0a0d0000, 0x0ad60000)
 tenured generation   total 257776K, used 162502K [0x19150000, 0x28d0c000, 0x43c00000)
   the space 257776K,  63% used [0x19150000, 0x23001ac8, 0x23001c00, 0x28d0c000)
 Metaspace       used 3545K, capacity 3598K, committed 3648K, reserved 4480K
Event: 4.847 GC heap after
Heap after GC invocations=62 (full 6):
 def new generation   total 116096K, used 12864K [0x03c00000, 0x0b9f0000, 0x19150000)
  eden space 103232K,   0% used [0x03c00000, 0x03c00000, 0x0a0d0000)
  from space 12864K, 100% used [0x0a0d0000, 0x0ad60000, 0x0ad60000)
  to   space 12864K,   0% used [0x0ad60000, 0x0ad60000, 0x0b9f0000)
 tenured generation   total 257776K, used 179091K [0x19150000, 0x28d0c000, 0x43c00000)
   the space 257776K,  69% used [0x19150000, 0x24034e70, 0x24035000, 0x28d0c000)
 Metaspace       used 3545K, capacity 3598K, committed 3648K, reserved 4480K
}
Event: 5.040 GC heap before
{Heap before GC invocations=62 (full 6):
 def new generation   total 116096K, used 116096K [0x03c00000, 0x0b9f0000, 0x19150000)
  eden space 103232K, 100% used [0x03c00000, 0x0a0d0000, 0x0a0d0000)
  from space 12864K, 100% used [0x0a0d0000, 0x0ad60000, 0x0ad60000)
  to   space 12864K,   0% used [0x0ad60000, 0x0ad60000, 0x0b9f0000)
 tenured generation   total 257776K, used 179091K [0x19150000, 0x28d0c000, 0x43c00000)
   the space 257776K,  69% used [0x19150000, 0x24034e70, 0x24035000, 0x28d0c000)
 Metaspace       used 3549K, capacity 3598K, committed 3648K, reserved 4480K
Event: 5.103 GC heap after
Heap after GC invocations=63 (full 6):
 def new generation   total 116096K, used 12864K [0x03c00000, 0x0b9f0000, 0x19150000)
  eden space 103232K,   0% used [0x03c00000, 0x03c00000, 0x0a0d0000)
  from space 12864K, 100% used [0x0ad60000, 0x0b9f0000, 0x0b9f0000)
  to   space 12864K,   0% used [0x0a0d0000, 0x0a0d0000, 0x0ad60000)
 tenured generation   total 257776K, used 192797K [0x19150000, 0x28d0c000, 0x43c00000)
   the space 257776K,  74% used [0x19150000, 0x24d974b0, 0x24d97600, 0x28d0c000)
 Metaspace       used 3549K, capacity 3598K, committed 3648K, reserved 4480K
}
Event: 6.289 GC heap before
{Heap before GC invocations=63 (full 6):
 def new generation   total 116096K, used 116096K [0x03c00000, 0x0b9f0000, 0x19150000)
  eden space 103232K, 100% used [0x03c00000, 0x0a0d0000, 0x0a0d0000)
  from space 12864K, 100% used [0x0ad60000, 0x0b9f0000, 0x0b9f0000)
  to   space 12864K,   0% used [0x0a0d0000, 0x0a0d0000, 0x0ad60000)
 tenured generation   total 257776K, used 192797K [0x19150000, 0x28d0c000, 0x43c00000)
   the space 257776K,  74% used [0x19150000, 0x24d974b0, 0x24d97600, 0x28d0c000)
 Metaspace       used 3656K, capacity 3662K, committed 3776K, reserved 4480K
Event: 6.377 GC heap after
Heap after GC invocations=64 (full 6):
 def new generation   total 116096K, used 12864K [0x03c00000, 0x0b9f0000, 0x19150000)
  eden space 103232K,   0% used [0x03c00000, 0x03c00000, 0x0a0d0000)
  from space 12864K, 100% used [0x0a0d0000, 0x0ad60000, 0x0ad60000)
  to   space 12864K,   0% used [0x0ad60000, 0x0ad60000, 0x0b9f0000)
 tenured generation   total 257776K, used 208138K [0x19150000, 0x28d0c000, 0x43c00000)
   the space 257776K,  80% used [0x19150000, 0x25c929e0, 0x25c92a00, 0x28d0c000)
 Metaspace       used 3656K, capacity 3662K, committed 3776K, reserved 4480K
}

