# JRE version: Java(TM) SE Runtime Environment (8.0_101-b13) (build 1.8.0_101-b13)
# Java VM: Java HotSpot(TM) Client VM (25.101-b13 mixed mode windows-x86 )
Heap:
 def new generation   total 314560K, used 314559K [0x03e00000, 0x19350000, 0x19350000)
  eden space 279616K, 100% used [0x03e00000, 0x14f10000, 0x14f10000)
  from space 34944K,  99% used [0x14f10000, 0x1712fff8, 0x17130000)
  to   space 34944K,   0% used [0x17130000, 0x17130000, 0x19350000)
 tenured generation   total 699072K, used 641078K [0x19350000, 0x43e00000, 0x43e00000)
   the space 699072K,  91% used [0x19350000, 0x4055daf0, 0x4055dc00, 0x43e00000)
 Metaspace       used 3551K, capacity 3598K, committed 3648K, reserved 4480K
GC Heap History (10 events):
Event: 10.448 GC heap after
Heap after GC invocations=96 (full 7):
 def new generation   total 221888K, used 24640K [0x03e00000, 0x12ec0000, 0x19350000)
  eden space 197248K,   0% used [0x03e00000, 0x03e00000, 0x0fea0000)
  from space 24640K, 100% used [0x0fea0000, 0x116b0000, 0x116b0000)
  to   space 24640K,   0% used [0x116b0000, 0x116b0000, 0x12ec0000)
 tenured generation   total 492988K, used 450098K [0x19350000, 0x374bf000, 0x43e00000)
   the space 492988K,  91% used [0x19350000, 0x34adc9c0, 0x34adca00, 0x374bf000)
 Metaspace       used 3547K, capacity 3598K, committed 3648K, reserved 4480K
}
Event: 10.784 GC heap before
{Heap before GC invocations=96 (full 7):
 def new generation   total 221888K, used 221888K [0x03e00000, 0x12ec0000, 0x19350000)
  eden space 197248K, 100% used [0x03e00000, 0x0fea0000, 0x0fea0000)
  from space 24640K, 100% used [0x0fea0000, 0x116b0000, 0x116b0000)
  to   space 24640K,   0% used [0x116b0000, 0x116b0000, 0x12ec0000)
 tenured generation   total 492988K, used 450098K [0x19350000, 0x374bf000, 0x43e00000)
   the space 492988K,  91% used [0x19350000, 0x34adc9c0, 0x34adca00, 0x374bf000)
 Metaspace       used 3547K, capacity 3598K, committed 3648K, reserved 4480K
Event: 10.916 GC heap after
Heap after GC invocations=97 (full 7):
 def new generation   total 221888K, used 24640K [0x03e00000, 0x12ec0000, 0x19350000)
  eden space 197248K,   0% used [0x03e00000, 0x03e00000, 0x0fea0000)
  from space 24640K, 100% used [0x116b0000, 0x12ec0000, 0x12ec0000)
  to   space 24640K,   0% used [0x0fea0000, 0x0fea0000, 0x116b0000)
 tenured generation   total 492988K, used 478000K [0x19350000, 0x374bf000, 0x43e00000)
   the space 492988K,  96% used [0x19350000, 0x3661c2b8, 0x3661c400, 0x374bf000)
 Metaspace       used 3547K, capacity 3598K, committed 3648K, reserved 4480K
}
Event: 11.257 GC heap before
{Heap before GC invocations=97 (full 7):
 def new generation   total 221888K, used 221888K [0x03e00000, 0x12ec0000, 0x19350000)
  eden space 197248K, 100% used [0x03e00000, 0x0fea0000, 0x0fea0000)
  from space 24640K, 100% used [0x116b0000, 0x12ec0000, 0x12ec0000)
  to   space 24640K,   0% used [0x0fea0000, 0x0fea0000, 0x116b0000)
 tenured generation   total 492988K, used 478000K [0x19350000, 0x374bf000, 0x43e00000)
   the space 492988K,  96% used [0x19350000, 0x3661c2b8, 0x3661c400, 0x374bf000)
 Metaspace       used 3547K, capacity 3598K, committed 3648K, reserved 4480K
Event: 12.884 GC heap after
Heap after GC invocations=98 (full 8):
 def new generation   total 314560K, used 6378K [0x03e00000, 0x19350000, 0x19350000)
  eden space 279616K,   2% used [0x03e00000, 0x0443a858, 0x14f10000)
  from space 34944K,   0% used [0x14f10000, 0x14f10000, 0x17130000)
  to   space 34944K,   0% used [0x17130000, 0x17130000, 0x19350000)
 tenured generation   total 699072K, used 507579K [0x19350000, 0x43e00000, 0x43e00000)
   the space 699072K,  72% used [0x19350000, 0x382fee48, 0x382ff000, 0x43e00000)
 Metaspace       used 3547K, capacity 3598K, committed 3648K, reserved 4480K
}
Event: 14.591 GC heap before
{Heap before GC invocations=98 (full 8):
 def new generation   total 314560K, used 279616K [0x03e00000, 0x19350000, 0x19350000)
  eden space 279616K, 100% used [0x03e00000, 0x14f10000, 0x14f10000)
  from space 34944K,   0% used [0x14f10000, 0x14f10000, 0x17130000)
  to   space 34944K,   0% used [0x17130000, 0x17130000, 0x19350000)
 tenured generation   total 699072K, used 507579K [0x19350000, 0x43e00000, 0x43e00000)
   the space 699072K,  72% used [0x19350000, 0x382fee48, 0x382ff000, 0x43e00000)
 Metaspace       used 3547K, capacity 3598K, committed 3648K, reserved 4480K
Event: 15.013 GC heap after
Heap after GC invocations=99 (full 8):
 def new generation   total 314560K, used 34944K [0x03e00000, 0x19350000, 0x19350000)
  eden space 279616K,   0% used [0x03e00000, 0x03e00000, 0x14f10000)
  from space 34944K, 100% used [0x17130000, 0x19350000, 0x19350000)
  to   space 34944K,   0% used [0x14f10000, 0x14f10000, 0x17130000)
 tenured generation   total 699072K, used 578474K [0x19350000, 0x43e00000, 0x43e00000)
   the space 699072K,  82% used [0x19350000, 0x3c83abd8, 0x3c83ac00, 0x43e00000)
 Metaspace       used 3547K, capacity 3598K, committed 3648K, reserved 4480K
}
Event: 15.574 GC heap before
{Heap before GC invocations=99 (full 8):
 def new generation   total 314560K, used 314560K [0x03e00000, 0x19350000, 0x19350000)
  eden space 279616K, 100% used [0x03e00000, 0x14f10000, 0x14f10000)
  from space 34944K, 100% used [0x17130000, 0x19350000, 0x19350000)
  to   space 34944K,   0% used [0x14f10000, 0x14f10000, 0x17130000)
 tenured generation   total 699072K, used 578474K [0x19350000, 0x43e00000, 0x43e00000)
   the space 699072K,  82% used [0x19350000, 0x3c83abd8, 0x3c83ac00, 0x43e00000)
 Metaspace       used 3551K, capacity 3598K, committed 3648K, reserved 4480K
Event: 15.750 GC heap after
Heap after GC invocations=100 (full 8):
 def new generation   total 314560K, used 34943K [0x03e00000, 0x19350000, 0x19350000)
  eden space 279616K,   0% used [0x03e00000, 0x03e00000, 0x14f10000)
  from space 34944K,  99% used [0x14f10000, 0x1712fff8, 0x17130000)
  to   space 34944K,   0% used [0x17130000, 0x17130000, 0x19350000)
 tenured generation   total 699072K, used 641078K [0x19350000, 0x43e00000, 0x43e00000)
   the space 699072K,  91% used [0x19350000, 0x4055daf0, 0x4055dc00, 0x43e00000)
 Metaspace       used 3551K, capacity 3598K, committed 3648K, reserved 4480K
}
Event: 16.636 GC heap before
{Heap before GC invocations=100 (full 8):
 def new generation   total 314560K, used 314559K [0x03e00000, 0x19350000, 0x19350000)
  eden space 279616K, 100% used [0x03e00000, 0x14f10000, 0x14f10000)
  from space 34944K,  99% used [0x14f10000, 0x1712fff8, 0x17130000)
  to   space 34944K,   0% used [0x17130000, 0x17130000, 0x19350000)
 tenured generation   total 699072K, used 641078K [0x19350000, 0x43e00000, 0x43e00000)
   the space 699072K,  91% used [0x19350000, 0x4055daf0, 0x4055dc00, 0x43e00000)
 Metaspace       used 3551K, capacity 3598K, committed 3648K, reserved 4480K

