# JRE version: Java(TM) SE Runtime Environment (8.0_101-b13) (build 1.8.0_101-b13)
# Java VM: Java HotSpot(TM) Client VM (25.101-b13 mixed mode windows-x86 )
Heap:
 def new generation   total 74048K, used 16K [0x03c00000, 0x08c50000, 0x19150000)
  eden space 65856K,   0% used [0x03c00000, 0x03c00000, 0x07c50000)
  from space 8192K,   0% used [0x08450000, 0x08454098, 0x08c50000)
  to   space 8192K,   0% used [0x07c50000, 0x07c50000, 0x08450000)
 tenured generation   total 171300K, used 171186K [0x19150000, 0x23899000, 0x43c00000)
   the space 171300K,  99% used [0x19150000, 0x2387ca88, 0x2387cc00, 0x23899000)
 Metaspace       used 3545K, capacity 3598K, committed 3648K, reserved 4480K
GC Heap History (10 events):
Event: 6.798 GC heap after
Heap after GC invocations=77 (full 5):
 def new generation   total 74048K, used 8192K [0x03c00000, 0x08c50000, 0x19150000)
  eden space 65856K,   0% used [0x03c00000, 0x03c00000, 0x07c50000)
  from space 8192K, 100% used [0x07c50000, 0x08450000, 0x08450000)
  to   space 8192K,   0% used [0x08450000, 0x08450000, 0x08c50000)
 tenured generation   total 164388K, used 128511K [0x19150000, 0x231d9000, 0x43c00000)
   the space 164388K,  78% used [0x19150000, 0x20ecfec8, 0x20ed0000, 0x231d9000)
 Metaspace       used 3543K, capacity 3566K, committed 3648K, reserved 4480K
}
Event: 6.955 GC heap before
{Heap before GC invocations=77 (full 5):
 def new generation   total 74048K, used 74048K [0x03c00000, 0x08c50000, 0x19150000)
  eden space 65856K, 100% used [0x03c00000, 0x07c50000, 0x07c50000)
  from space 8192K, 100% used [0x07c50000, 0x08450000, 0x08450000)
  to   space 8192K,   0% used [0x08450000, 0x08450000, 0x08c50000)
 tenured generation   total 164388K, used 128511K [0x19150000, 0x231d9000, 0x43c00000)
   the space 164388K,  78% used [0x19150000, 0x20ecfec8, 0x20ed0000, 0x231d9000)
 Metaspace       used 3544K, capacity 3566K, committed 3648K, reserved 4480K
Event: 6.999 GC heap after
Heap after GC invocations=78 (full 5):
 def new generation   total 74048K, used 8191K [0x03c00000, 0x08c50000, 0x19150000)
  eden space 65856K,   0% used [0x03c00000, 0x03c00000, 0x07c50000)
  from space 8192K,  99% used [0x08450000, 0x08c4fff8, 0x08c50000)
  to   space 8192K,   0% used [0x07c50000, 0x07c50000, 0x08450000)
 tenured generation   total 164388K, used 139411K [0x19150000, 0x231d9000, 0x43c00000)
   the space 164388K,  84% used [0x19150000, 0x21974cb0, 0x21974e00, 0x231d9000)
 Metaspace       used 3544K, capacity 3566K, committed 3648K, reserved 4480K
}
Event: 7.236 GC heap before
{Heap before GC invocations=78 (full 5):
 def new generation   total 74048K, used 74047K [0x03c00000, 0x08c50000, 0x19150000)
  eden space 65856K, 100% used [0x03c00000, 0x07c50000, 0x07c50000)
  from space 8192K,  99% used [0x08450000, 0x08c4fff8, 0x08c50000)
  to   space 8192K,   0% used [0x07c50000, 0x07c50000, 0x08450000)
 tenured generation   total 164388K, used 139411K [0x19150000, 0x231d9000, 0x43c00000)
   the space 164388K,  84% used [0x19150000, 0x21974cb0, 0x21974e00, 0x231d9000)
 Metaspace       used 3544K, capacity 3566K, committed 3648K, reserved 4480K
Event: 7.270 GC heap after
Heap after GC invocations=79 (full 5):
 def new generation   total 74048K, used 8191K [0x03c00000, 0x08c50000, 0x19150000)
  eden space 65856K,   0% used [0x03c00000, 0x03c00000, 0x07c50000)
  from space 8192K,  99% used [0x07c50000, 0x0844fff8, 0x08450000)
  to   space 8192K,   0% used [0x08450000, 0x08450000, 0x08c50000)
 tenured generation   total 164388K, used 145191K [0x19150000, 0x231d9000, 0x43c00000)
   the space 164388K,  88% used [0x19150000, 0x21f19de8, 0x21f19e00, 0x231d9000)
 Metaspace       used 3544K, capacity 3566K, committed 3648K, reserved 4480K
}
Event: 7.388 GC heap before
{Heap before GC invocations=79 (full 5):
 def new generation   total 74048K, used 74047K [0x03c00000, 0x08c50000, 0x19150000)
  eden space 65856K, 100% used [0x03c00000, 0x07c50000, 0x07c50000)
  from space 8192K,  99% used [0x07c50000, 0x0844fff8, 0x08450000)
  to   space 8192K,   0% used [0x08450000, 0x08450000, 0x08c50000)
 tenured generation   total 164388K, used 145191K [0x19150000, 0x231d9000, 0x43c00000)
   the space 164388K,  88% used [0x19150000, 0x21f19de8, 0x21f19e00, 0x231d9000)
 Metaspace       used 3544K, capacity 3566K, committed 3648K, reserved 4480K
Event: 7.425 GC heap after
Heap after GC invocations=80 (full 5):
 def new generation   total 74048K, used 8191K [0x03c00000, 0x08c50000, 0x19150000)
  eden space 65856K,   0% used [0x03c00000, 0x03c00000, 0x07c50000)
  from space 8192K,  99% used [0x08450000, 0x08c4fff8, 0x08c50000)
  to   space 8192K,   0% used [0x07c50000, 0x07c50000, 0x08450000)
 tenured generation   total 164388K, used 152922K [0x19150000, 0x231d9000, 0x43c00000)
   the space 164388K,  93% used [0x19150000, 0x226a6a90, 0x226a6c00, 0x231d9000)
 Metaspace       used 3544K, capacity 3566K, committed 3648K, reserved 4480K
}
Event: 7.538 GC heap before
{Heap before GC invocations=80 (full 5):
 def new generation   total 74048K, used 74047K [0x03c00000, 0x08c50000, 0x19150000)
  eden space 65856K, 100% used [0x03c00000, 0x07c50000, 0x07c50000)
  from space 8192K,  99% used [0x08450000, 0x08c4fff8, 0x08c50000)
  to   space 8192K,   0% used [0x07c50000, 0x07c50000, 0x08450000)
 tenured generation   total 164388K, used 152922K [0x19150000, 0x231d9000, 0x43c00000)
   the space 164388K,  93% used [0x19150000, 0x226a6a90, 0x226a6c00, 0x231d9000)
 Metaspace       used 3545K, capacity 3598K, committed 3648K, reserved 4480K
Event: 7.580 GC heap after
Heap after GC invocations=81 (full 5):
 def new generation   total 74048K, used 8191K [0x03c00000, 0x08c50000, 0x19150000)
  eden space 65856K,   0% used [0x03c00000, 0x03c00000, 0x07c50000)
  from space 8192K,  99% used [0x07c50000, 0x0844fff8, 0x08450000)
  to   space 8192K,   0% used [0x08450000, 0x08450000, 0x08c50000)
 tenured generation   total 164388K, used 163004K [0x19150000, 0x231d9000, 0x43c00000)
   the space 164388K,  99% used [0x19150000, 0x2307f200, 0x2307f200, 0x231d9000)
 Metaspace       used 3545K, capacity 3598K, committed 3648K, reserved 4480K
}
Event: 7.620 GC heap before
{Heap before GC invocations=81 (full 5):
 def new generation   total 74048K, used 74047K [0x03c00000, 0x08c50000, 0x19150000)
  eden space 65856K, 100% used [0x03c00000, 0x07c50000, 0x07c50000)
  from space 8192K,  99% used [0x07c50000, 0x0844fff8, 0x08450000)
  to   space 8192K,   0% used [0x08450000, 0x08450000, 0x08c50000)
 tenured generation   total 164388K, used 163004K [0x19150000, 0x231d9000, 0x43c00000)
   the space 164388K,  99% used [0x19150000, 0x2307f200, 0x2307f200, 0x231d9000)
 Metaspace       used 3545K, capacity 3598K, committed 3648K, reserved 4480K

