# JRE version: Java(TM) SE Runtime Environment (8.0_101-b13) (build 1.8.0_101-b13)
# Java VM: Java HotSpot(TM) Client VM (25.101-b13 mixed mode windows-x86 )
Heap:
 def new generation   total 127744K, used 121322K [0x03c00000, 0x0c690000, 0x19150000)
  eden space 113600K, 100% used [0x03c00000, 0x0aaf0000, 0x0aaf0000)
  from space 14144K,  54% used [0x0b8c0000, 0x0c04a9a0, 0x0c690000)
  to   space 14144K,   1% used [0x0aaf0000, 0x0ab36770, 0x0b8c0000)
 tenured generation   total 699072K, used 170362K [0x19150000, 0x43c00000, 0x43c00000)
   the space 699072K,  24% used [0x19150000, 0x237ae8d8, 0x237aea00, 0x43c00000)
 Metaspace       used 3524K, capacity 3528K, committed 3648K, reserved 4480K
GC Heap History (10 events):
Event: 14.760 GC heap after
Heap after GC invocations=79 (full 5):
 def new generation   total 73344K, used 8127K [0x03c00000, 0x08b90000, 0x19150000)
  eden space 65216K,   0% used [0x03c00000, 0x03c00000, 0x07bb0000)
  from space 8128K,  99% used [0x07bb0000, 0x0839fff8, 0x083a0000)
  to   space 8128K,   0% used [0x083a0000, 0x083a0000, 0x08b90000)
 tenured generation   total 162780K, used 144241K [0x19150000, 0x23047000, 0x43c00000)
   the space 162780K,  88% used [0x19150000, 0x21e2c788, 0x21e2c800, 0x23047000)
 Metaspace       used 3523K, capacity 3528K, committed 3648K, reserved 4480K
}
Event: 14.863 GC heap before
{Heap before GC invocations=79 (full 5):
 def new generation   total 73344K, used 73343K [0x03c00000, 0x08b90000, 0x19150000)
  eden space 65216K, 100% used [0x03c00000, 0x07bb0000, 0x07bb0000)
  from space 8128K,  99% used [0x07bb0000, 0x0839fff8, 0x083a0000)
  to   space 8128K,   0% used [0x083a0000, 0x083a0000, 0x08b90000)
 tenured generation   total 162780K, used 144241K [0x19150000, 0x23047000, 0x43c00000)
   the space 162780K,  88% used [0x19150000, 0x21e2c788, 0x21e2c800, 0x23047000)
 Metaspace       used 3523K, capacity 3528K, committed 3648K, reserved 4480K
Event: 14.898 GC heap after
Heap after GC invocations=80 (full 5):
 def new generation   total 73344K, used 7780K [0x03c00000, 0x08b90000, 0x19150000)
  eden space 65216K,   0% used [0x03c00000, 0x03c00000, 0x07bb0000)
  from space 8128K,  95% used [0x083a0000, 0x08b39258, 0x08b90000)
  to   space 8128K,   0% used [0x07bb0000, 0x07bb0000, 0x083a0000)
 tenured generation   total 162780K, used 151675K [0x19150000, 0x23047000, 0x43c00000)
   the space 162780K,  93% used [0x19150000, 0x2256ee38, 0x2256f000, 0x23047000)
 Metaspace       used 3523K, capacity 3528K, committed 3648K, reserved 4480K
}
Event: 15.014 GC heap before
{Heap before GC invocations=80 (full 5):
 def new generation   total 73344K, used 72996K [0x03c00000, 0x08b90000, 0x19150000)
  eden space 65216K, 100% used [0x03c00000, 0x07bb0000, 0x07bb0000)
  from space 8128K,  95% used [0x083a0000, 0x08b39258, 0x08b90000)
  to   space 8128K,   0% used [0x07bb0000, 0x07bb0000, 0x083a0000)
 tenured generation   total 162780K, used 151675K [0x19150000, 0x23047000, 0x43c00000)
   the space 162780K,  93% used [0x19150000, 0x2256ee38, 0x2256f000, 0x23047000)
 Metaspace       used 3524K, capacity 3528K, committed 3648K, reserved 4480K
Event: 15.057 GC heap after
Heap after GC invocations=81 (full 5):
 def new generation   total 73344K, used 8128K [0x03c00000, 0x08b90000, 0x19150000)
  eden space 65216K,   0% used [0x03c00000, 0x03c00000, 0x07bb0000)
  from space 8128K, 100% used [0x07bb0000, 0x083a0000, 0x083a0000)
  to   space 8128K,   0% used [0x083a0000, 0x083a0000, 0x08b90000)
 tenured generation   total 162780K, used 162153K [0x19150000, 0x23047000, 0x43c00000)
   the space 162780K,  99% used [0x19150000, 0x22faa6e0, 0x22faa800, 0x23047000)
 Metaspace       used 3524K, capacity 3528K, committed 3648K, reserved 4480K
}
Event: 15.094 GC heap before
{Heap before GC invocations=81 (full 5):
 def new generation   total 73344K, used 73344K [0x03c00000, 0x08b90000, 0x19150000)
  eden space 65216K, 100% used [0x03c00000, 0x07bb0000, 0x07bb0000)
  from space 8128K, 100% used [0x07bb0000, 0x083a0000, 0x083a0000)
  to   space 8128K,   0% used [0x083a0000, 0x083a0000, 0x08b90000)
 tenured generation   total 162780K, used 162153K [0x19150000, 0x23047000, 0x43c00000)
   the space 162780K,  99% used [0x19150000, 0x22faa6e0, 0x22faa800, 0x23047000)
 Metaspace       used 3524K, capacity 3528K, committed 3648K, reserved 4480K
Event: 15.464 GC heap after
Heap after GC invocations=82 (full 6):
 def new generation   total 127744K, used 361K [0x03c00000, 0x0c690000, 0x19150000)
  eden space 113600K,   0% used [0x03c00000, 0x03c5a558, 0x0aaf0000)
  from space 14144K,   0% used [0x0aaf0000, 0x0aaf0000, 0x0b8c0000)
  to   space 14144K,   0% used [0x0b8c0000, 0x0b8c0000, 0x0c690000)
 tenured generation   total 283656K, used 170191K [0x19150000, 0x2a652000, 0x43c00000)
   the space 283656K,  59% used [0x19150000, 0x23783e78, 0x23784000, 0x2a652000)
 Metaspace       used 3524K, capacity 3528K, committed 3648K, reserved 4480K
}
Event: 15.654 GC heap before
{Heap before GC invocations=82 (full 6):
 def new generation   total 127744K, used 113600K [0x03c00000, 0x0c690000, 0x19150000)
  eden space 113600K, 100% used [0x03c00000, 0x0aaf0000, 0x0aaf0000)
  from space 14144K,   0% used [0x0aaf0000, 0x0aaf0000, 0x0b8c0000)
  to   space 14144K,   0% used [0x0b8c0000, 0x0b8c0000, 0x0c690000)
 tenured generation   total 283656K, used 170191K [0x19150000, 0x2a652000, 0x43c00000)
   the space 283656K,  59% used [0x19150000, 0x23783e78, 0x23784000, 0x2a652000)
 Metaspace       used 3524K, capacity 3528K, committed 3648K, reserved 4480K
Event: 15.756 GC heap after
Heap after GC invocations=83 (full 6):
 def new generation   total 127744K, used 7722K [0x03c00000, 0x0c690000, 0x19150000)
  eden space 113600K,   0% used [0x03c00000, 0x03c00000, 0x0aaf0000)
  from space 14144K,  54% used [0x0b8c0000, 0x0c04a9a0, 0x0c690000)
  to   space 14144K,   0% used [0x0aaf0000, 0x0aaf0000, 0x0b8c0000)
 tenured generation   total 283656K, used 170191K [0x19150000, 0x2a652000, 0x43c00000)
   the space 283656K,  59% used [0x19150000, 0x23783e78, 0x23784000, 0x2a652000)
 Metaspace       used 3524K, capacity 3528K, committed 3648K, reserved 4480K
}
Event: 15.983 GC heap before
{Heap before GC invocations=83 (full 6):
 def new generation   total 127744K, used 121322K [0x03c00000, 0x0c690000, 0x19150000)
  eden space 113600K, 100% used [0x03c00000, 0x0aaf0000, 0x0aaf0000)
  from space 14144K,  54% used [0x0b8c0000, 0x0c04a9a0, 0x0c690000)
  to   space 14144K,   0% used [0x0aaf0000, 0x0aaf0000, 0x0b8c0000)
 tenured generation   total 283656K, used 170191K [0x19150000, 0x2a652000, 0x43c00000)
   the space 283656K,  59% used [0x19150000, 0x23783e78, 0x23784000, 0x2a652000)
 Metaspace       used 3524K, capacity 3528K, committed 3648K, reserved 4480K

