# JRE version: Java(TM) SE Runtime Environment (8.0_101-b13) (build 1.8.0_101-b13)
# Java VM: Java HotSpot(TM) Client VM (25.101-b13 mixed mode windows-x86 )
Heap:
 def new generation   total 13376K, used 1472K [0x03c00000, 0x04a80000, 0x19150000)
  eden space 11904K,   0% used [0x03c00000, 0x03c00000, 0x047a0000)
  from space 1472K, 100% used [0x047a0000, 0x04910000, 0x04910000)
  to   space 1472K,   0% used [0x04910000, 0x04910000, 0x04a80000)
 tenured generation   total 30900K, used 30897K [0x19150000, 0x1af7d000, 0x43c00000)
   the space 30900K,  99% used [0x19150000, 0x1af7c548, 0x1af7c600, 0x1af7d000)
 Metaspace       used 3539K, capacity 3566K, committed 3648K, reserved 4480K
GC Heap History (10 events):
Event: 1.091 GC heap after
Heap after GC invocations=49 (full 2):
 def new generation   total 13376K, used 1471K [0x03c00000, 0x04a80000, 0x19150000)
  eden space 11904K,   0% used [0x03c00000, 0x03c00000, 0x047a0000)
  from space 1472K,  99% used [0x04910000, 0x04a7fff8, 0x04a80000)
  to   space 1472K,   0% used [0x047a0000, 0x047a0000, 0x04910000)
 tenured generation   total 29620K, used 21922K [0x19150000, 0x1ae3d000, 0x43c00000)
   the space 29620K,  74% used [0x19150000, 0x1a6b89f0, 0x1a6b8a00, 0x1ae3d000)
 Metaspace       used 3539K, capacity 3566K, committed 3648K, reserved 4480K
}
Event: 1.124 GC heap before
{Heap before GC invocations=49 (full 2):
 def new generation   total 13376K, used 13375K [0x03c00000, 0x04a80000, 0x19150000)
  eden space 11904K, 100% used [0x03c00000, 0x047a0000, 0x047a0000)
  from space 1472K,  99% used [0x04910000, 0x04a7fff8, 0x04a80000)
  to   space 1472K,   0% used [0x047a0000, 0x047a0000, 0x04910000)
 tenured generation   total 29620K, used 21922K [0x19150000, 0x1ae3d000, 0x43c00000)
   the space 29620K,  74% used [0x19150000, 0x1a6b89f0, 0x1a6b8a00, 0x1ae3d000)
 Metaspace       used 3539K, capacity 3566K, committed 3648K, reserved 4480K
Event: 1.136 GC heap after
Heap after GC invocations=50 (full 2):
 def new generation   total 13376K, used 1471K [0x03c00000, 0x04a80000, 0x19150000)
  eden space 11904K,   0% used [0x03c00000, 0x03c00000, 0x047a0000)
  from space 1472K,  99% used [0x047a0000, 0x0490fff8, 0x04910000)
  to   space 1472K,   0% used [0x04910000, 0x04910000, 0x04a80000)
 tenured generation   total 29620K, used 23854K [0x19150000, 0x1ae3d000, 0x43c00000)
   the space 29620K,  80% used [0x19150000, 0x1a89b850, 0x1a89ba00, 0x1ae3d000)
 Metaspace       used 3539K, capacity 3566K, committed 3648K, reserved 4480K
}
Event: 1.172 GC heap before
{Heap before GC invocations=50 (full 2):
 def new generation   total 13376K, used 13375K [0x03c00000, 0x04a80000, 0x19150000)
  eden space 11904K, 100% used [0x03c00000, 0x047a0000, 0x047a0000)
  from space 1472K,  99% used [0x047a0000, 0x0490fff8, 0x04910000)
  to   space 1472K,   0% used [0x04910000, 0x04910000, 0x04a80000)
 tenured generation   total 29620K, used 23854K [0x19150000, 0x1ae3d000, 0x43c00000)
   the space 29620K,  80% used [0x19150000, 0x1a89b850, 0x1a89ba00, 0x1ae3d000)
 Metaspace       used 3539K, capacity 3566K, committed 3648K, reserved 4480K
Event: 1.181 GC heap after
Heap after GC invocations=51 (full 2):
 def new generation   total 13376K, used 1472K [0x03c00000, 0x04a80000, 0x19150000)
  eden space 11904K,   0% used [0x03c00000, 0x03c00000, 0x047a0000)
  from space 1472K, 100% used [0x04910000, 0x04a80000, 0x04a80000)
  to   space 1472K,   0% used [0x047a0000, 0x047a0000, 0x04910000)
 tenured generation   total 29620K, used 25317K [0x19150000, 0x1ae3d000, 0x43c00000)
   the space 29620K,  85% used [0x19150000, 0x1aa095c0, 0x1aa09600, 0x1ae3d000)
 Metaspace       used 3539K, capacity 3566K, committed 3648K, reserved 4480K
}
Event: 1.206 GC heap before
{Heap before GC invocations=51 (full 2):
 def new generation   total 13376K, used 13376K [0x03c00000, 0x04a80000, 0x19150000)
  eden space 11904K, 100% used [0x03c00000, 0x047a0000, 0x047a0000)
  from space 1472K, 100% used [0x04910000, 0x04a80000, 0x04a80000)
  to   space 1472K,   0% used [0x047a0000, 0x047a0000, 0x04910000)
 tenured generation   total 29620K, used 25317K [0x19150000, 0x1ae3d000, 0x43c00000)
   the space 29620K,  85% used [0x19150000, 0x1aa095c0, 0x1aa09600, 0x1ae3d000)
 Metaspace       used 3539K, capacity 3566K, committed 3648K, reserved 4480K
Event: 1.214 GC heap after
Heap after GC invocations=52 (full 2):
 def new generation   total 13376K, used 1471K [0x03c00000, 0x04a80000, 0x19150000)
  eden space 11904K,   0% used [0x03c00000, 0x03c00000, 0x047a0000)
  from space 1472K,  99% used [0x047a0000, 0x0490fff8, 0x04910000)
  to   space 1472K,   0% used [0x04910000, 0x04910000, 0x04a80000)
 tenured generation   total 29620K, used 27008K [0x19150000, 0x1ae3d000, 0x43c00000)
   the space 29620K,  91% used [0x19150000, 0x1abb0350, 0x1abb0400, 0x1ae3d000)
 Metaspace       used 3539K, capacity 3566K, committed 3648K, reserved 4480K
}
Event: 1.234 GC heap before
{Heap before GC invocations=52 (full 2):
 def new generation   total 13376K, used 13375K [0x03c00000, 0x04a80000, 0x19150000)
  eden space 11904K, 100% used [0x03c00000, 0x047a0000, 0x047a0000)
  from space 1472K,  99% used [0x047a0000, 0x0490fff8, 0x04910000)
  to   space 1472K,   0% used [0x04910000, 0x04910000, 0x04a80000)
 tenured generation   total 29620K, used 27009K [0x19150000, 0x1ae3d000, 0x43c00000)
   the space 29620K,  91% used [0x19150000, 0x1abb0400, 0x1abb0400, 0x1ae3d000)
 Metaspace       used 3539K, capacity 3566K, committed 3648K, reserved 4480K
Event: 1.243 GC heap after
Heap after GC invocations=53 (full 2):
 def new generation   total 13376K, used 1471K [0x03c00000, 0x04a80000, 0x19150000)
  eden space 11904K,   0% used [0x03c00000, 0x03c00000, 0x047a0000)
  from space 1472K,  99% used [0x04910000, 0x04a7fff8, 0x04a80000)
  to   space 1472K,   0% used [0x047a0000, 0x047a0000, 0x04910000)
 tenured generation   total 29620K, used 29111K [0x19150000, 0x1ae3d000, 0x43c00000)
   the space 29620K,  98% used [0x19150000, 0x1adbde60, 0x1adbe000, 0x1ae3d000)
 Metaspace       used 3539K, capacity 3566K, committed 3648K, reserved 4480K
}
Event: 1.262 GC heap before
{Heap before GC invocations=53 (full 2):
 def new generation   total 13376K, used 13375K [0x03c00000, 0x04a80000, 0x19150000)
  eden space 11904K, 100% used [0x03c00000, 0x047a0000, 0x047a0000)
  from space 1472K,  99% used [0x04910000, 0x04a7fff8, 0x04a80000)
  to   space 1472K,   0% used [0x047a0000, 0x047a0000, 0x04910000)
 tenured generation   total 29620K, used 29111K [0x19150000, 0x1ae3d000, 0x43c00000)
   the space 29620K,  98% used [0x19150000, 0x1adbde60, 0x1adbe000, 0x1ae3d000)
 Metaspace       used 3539K, capacity 3566K, committed 3648K, reserved 4480K

