# JRE version: Java(TM) SE Runtime Environment (8.0_101-b13) (build 1.8.0_101-b13)
# Java VM: Java HotSpot(TM) Client VM (25.101-b13 mixed mode windows-x86 )
Heap:
 def new generation   total 314560K, used 314559K [0x03e00000, 0x19350000, 0x19350000)
  eden space 279616K, 100% used [0x03e00000, 0x14f10000, 0x14f10000)
  from space 34944K,  99% used [0x17130000, 0x1934fff8, 0x19350000)
  to   space 34944K, 100% used [0x14f10000, 0x17130000, 0x17130000)
 tenured generation   total 699072K, used 496152K [0x19350000, 0x43e00000, 0x43e00000)
   the space 699072K,  70% used [0x19350000, 0x377d6148, 0x377d6200, 0x43e00000)
 Metaspace       used 3545K, capacity 3598K, committed 3648K, reserved 4480K
GC Heap History (10 events):
Event: 10.272 GC heap after
Heap after GC invocations=96 (full 7):
 def new generation   total 203456K, used 22592K [0x03e00000, 0x11ac0000, 0x19350000)
  eden space 180864K,   0% used [0x03e00000, 0x03e00000, 0x0eea0000)
  from space 22592K, 100% used [0x104b0000, 0x11ac0000, 0x11ac0000)
  to   space 22592K,   0% used [0x0eea0000, 0x0eea0000, 0x104b0000)
 tenured generation   total 451980K, used 391773K [0x19350000, 0x34cb3000, 0x43e00000)
   the space 451980K,  86% used [0x19350000, 0x311e7478, 0x311e7600, 0x34cb3000)
 Metaspace       used 3545K, capacity 3598K, committed 3648K, reserved 4480K
}
Event: 10.586 GC heap before
{Heap before GC invocations=96 (full 7):
 def new generation   total 203456K, used 203456K [0x03e00000, 0x11ac0000, 0x19350000)
  eden space 180864K, 100% used [0x03e00000, 0x0eea0000, 0x0eea0000)
  from space 22592K, 100% used [0x104b0000, 0x11ac0000, 0x11ac0000)
  to   space 22592K,   0% used [0x0eea0000, 0x0eea0000, 0x104b0000)
 tenured generation   total 451980K, used 391773K [0x19350000, 0x34cb3000, 0x43e00000)
   the space 451980K,  86% used [0x19350000, 0x311e7478, 0x311e7600, 0x34cb3000)
 Metaspace       used 3545K, capacity 3598K, committed 3648K, reserved 4480K
Event: 10.701 GC heap after
Heap after GC invocations=97 (full 7):
 def new generation   total 203456K, used 22591K [0x03e00000, 0x11ac0000, 0x19350000)
  eden space 180864K,   0% used [0x03e00000, 0x03e00000, 0x0eea0000)
  from space 22592K,  99% used [0x0eea0000, 0x104afff8, 0x104b0000)
  to   space 22592K,   0% used [0x104b0000, 0x104b0000, 0x11ac0000)
 tenured generation   total 451980K, used 417175K [0x19350000, 0x34cb3000, 0x43e00000)
   the space 451980K,  92% used [0x19350000, 0x32ab5ed0, 0x32ab6000, 0x34cb3000)
 Metaspace       used 3545K, capacity 3598K, committed 3648K, reserved 4480K
}
Event: 10.988 GC heap before
{Heap before GC invocations=97 (full 7):
 def new generation   total 203456K, used 203455K [0x03e00000, 0x11ac0000, 0x19350000)
  eden space 180864K, 100% used [0x03e00000, 0x0eea0000, 0x0eea0000)
  from space 22592K,  99% used [0x0eea0000, 0x104afff8, 0x104b0000)
  to   space 22592K,   0% used [0x104b0000, 0x104b0000, 0x11ac0000)
 tenured generation   total 451980K, used 417175K [0x19350000, 0x34cb3000, 0x43e00000)
   the space 451980K,  92% used [0x19350000, 0x32ab5ed0, 0x32ab6000, 0x34cb3000)
 Metaspace       used 3545K, capacity 3598K, committed 3648K, reserved 4480K
Event: 11.103 GC heap after
Heap after GC invocations=98 (full 7):
 def new generation   total 203456K, used 22592K [0x03e00000, 0x11ac0000, 0x19350000)
  eden space 180864K,   0% used [0x03e00000, 0x03e00000, 0x0eea0000)
  from space 22592K, 100% used [0x104b0000, 0x11ac0000, 0x11ac0000)
  to   space 22592K,   0% used [0x0eea0000, 0x0eea0000, 0x104b0000)
 tenured generation   total 451980K, used 442431K [0x19350000, 0x34cb3000, 0x43e00000)
   the space 451980K,  97% used [0x19350000, 0x3435fc40, 0x3435fe00, 0x34cb3000)
 Metaspace       used 3545K, capacity 3598K, committed 3648K, reserved 4480K
}
Event: 11.407 GC heap before
{Heap before GC invocations=98 (full 7):
 def new generation   total 203456K, used 203456K [0x03e00000, 0x11ac0000, 0x19350000)
  eden space 180864K, 100% used [0x03e00000, 0x0eea0000, 0x0eea0000)
  from space 22592K, 100% used [0x104b0000, 0x11ac0000, 0x11ac0000)
  to   space 22592K,   0% used [0x0eea0000, 0x0eea0000, 0x104b0000)
 tenured generation   total 451980K, used 442431K [0x19350000, 0x34cb3000, 0x43e00000)
   the space 451980K,  97% used [0x19350000, 0x3435fc40, 0x3435fe00, 0x34cb3000)
 Metaspace       used 3545K, capacity 3598K, committed 3648K, reserved 4480K
Event: 12.885 GC heap after
Heap after GC invocations=99 (full 8):
 def new generation   total 314560K, used 4710K [0x03e00000, 0x19350000, 0x19350000)
  eden space 279616K,   1% used [0x03e00000, 0x04299a98, 0x14f10000)
  from space 34944K,   0% used [0x14f10000, 0x14f10000, 0x17130000)
  to   space 34944K,   0% used [0x17130000, 0x17130000, 0x19350000)
 tenured generation   total 699072K, used 464908K [0x19350000, 0x43e00000, 0x43e00000)
   the space 699072K,  66% used [0x19350000, 0x35953000, 0x35953000, 0x43e00000)
 Metaspace       used 3545K, capacity 3598K, committed 3648K, reserved 4480K
}
Event: 13.359 GC heap before
{Heap before GC invocations=99 (full 8):
 def new generation   total 314560K, used 279616K [0x03e00000, 0x19350000, 0x19350000)
  eden space 279616K, 100% used [0x03e00000, 0x14f10000, 0x14f10000)
  from space 34944K,   0% used [0x14f10000, 0x14f10000, 0x17130000)
  to   space 34944K,   0% used [0x17130000, 0x17130000, 0x19350000)
 tenured generation   total 699072K, used 464908K [0x19350000, 0x43e00000, 0x43e00000)
   the space 699072K,  66% used [0x19350000, 0x35953000, 0x35953000, 0x43e00000)
 Metaspace       used 3545K, capacity 3598K, committed 3648K, reserved 4480K
Event: 13.728 GC heap after
Heap after GC invocations=100 (full 8):
 def new generation   total 314560K, used 34943K [0x03e00000, 0x19350000, 0x19350000)
  eden space 279616K,   0% used [0x03e00000, 0x03e00000, 0x14f10000)
  from space 34944K,  99% used [0x17130000, 0x1934fff8, 0x19350000)
  to   space 34944K,   0% used [0x14f10000, 0x14f10000, 0x17130000)
 tenured generation   total 699072K, used 477763K [0x19350000, 0x43e00000, 0x43e00000)
   the space 699072K,  68% used [0x19350000, 0x365e0db0, 0x365e0e00, 0x43e00000)
 Metaspace       used 3545K, capacity 3598K, committed 3648K, reserved 4480K
}
Event: 15.436 GC heap before
{Heap before GC invocations=100 (full 8):
 def new generation   total 314560K, used 314559K [0x03e00000, 0x19350000, 0x19350000)
  eden space 279616K, 100% used [0x03e00000, 0x14f10000, 0x14f10000)
  from space 34944K,  99% used [0x17130000, 0x1934fff8, 0x19350000)
  to   space 34944K,   0% used [0x14f10000, 0x14f10000, 0x17130000)
 tenured generation   total 699072K, used 477763K [0x19350000, 0x43e00000, 0x43e00000)
   the space 699072K,  68% used [0x19350000, 0x365e0db0, 0x365e0e00, 0x43e00000)
 Metaspace       used 3545K, capacity 3598K, committed 3648K, reserved 4480K

