# JRE version: Java(TM) SE Runtime Environment (8.0_101-b13) (build 1.8.0_101-b13)
# Java VM: Java HotSpot(TM) Client VM (25.101-b13 mixed mode windows-x86 )
Heap:
 def new generation   total 75072K, used 8320K [0x03c00000, 0x08d70000, 0x19150000)
  eden space 66752K,   0% used [0x03c00000, 0x03c00000, 0x07d30000)
  from space 8320K, 100% used [0x07d30000, 0x08550000, 0x08550000)
  to   space 8320K,   0% used [0x08550000, 0x08550000, 0x08d70000)
 tenured generation   total 168184K, used 168129K [0x19150000, 0x2358e000, 0x43c00000)
   the space 168184K,  99% used [0x19150000, 0x23580478, 0x23580600, 0x2358e000)
 Metaspace       used 3554K, capacity 3598K, committed 3648K, reserved 4480K
GC Heap History (10 events):
Event: 3.384 GC heap after
Heap after GC invocations=78 (full 5):
 def new generation   total 75072K, used 8320K [0x03c00000, 0x08d70000, 0x19150000)
  eden space 66752K,   0% used [0x03c00000, 0x03c00000, 0x07d30000)
  from space 8320K, 100% used [0x08550000, 0x08d70000, 0x08d70000)
  to   space 8320K,   0% used [0x07d30000, 0x07d30000, 0x08550000)
 tenured generation   total 166648K, used 128037K [0x19150000, 0x2340e000, 0x43c00000)
   the space 166648K,  76% used [0x19150000, 0x20e59418, 0x20e59600, 0x2340e000)
 Metaspace       used 3553K, capacity 3598K, committed 3648K, reserved 4480K
}
Event: 3.485 GC heap before
{Heap before GC invocations=78 (full 5):
 def new generation   total 75072K, used 75072K [0x03c00000, 0x08d70000, 0x19150000)
  eden space 66752K, 100% used [0x03c00000, 0x07d30000, 0x07d30000)
  from space 8320K, 100% used [0x08550000, 0x08d70000, 0x08d70000)
  to   space 8320K,   0% used [0x07d30000, 0x07d30000, 0x08550000)
 tenured generation   total 166648K, used 128037K [0x19150000, 0x2340e000, 0x43c00000)
   the space 166648K,  76% used [0x19150000, 0x20e59418, 0x20e59600, 0x2340e000)
 Metaspace       used 3553K, capacity 3598K, committed 3648K, reserved 4480K
Event: 3.519 GC heap after
Heap after GC invocations=79 (full 5):
 def new generation   total 75072K, used 8320K [0x03c00000, 0x08d70000, 0x19150000)
  eden space 66752K,   0% used [0x03c00000, 0x03c00000, 0x07d30000)
  from space 8320K, 100% used [0x07d30000, 0x08550000, 0x08550000)
  to   space 8320K,   0% used [0x08550000, 0x08550000, 0x08d70000)
 tenured generation   total 166648K, used 134265K [0x19150000, 0x2340e000, 0x43c00000)
   the space 166648K,  80% used [0x19150000, 0x2146e7d8, 0x2146e800, 0x2340e000)
 Metaspace       used 3553K, capacity 3598K, committed 3648K, reserved 4480K
}
Event: 3.620 GC heap before
{Heap before GC invocations=79 (full 5):
 def new generation   total 75072K, used 75072K [0x03c00000, 0x08d70000, 0x19150000)
  eden space 66752K, 100% used [0x03c00000, 0x07d30000, 0x07d30000)
  from space 8320K, 100% used [0x07d30000, 0x08550000, 0x08550000)
  to   space 8320K,   0% used [0x08550000, 0x08550000, 0x08d70000)
 tenured generation   total 166648K, used 134265K [0x19150000, 0x2340e000, 0x43c00000)
   the space 166648K,  80% used [0x19150000, 0x2146e7d8, 0x2146e800, 0x2340e000)
 Metaspace       used 3553K, capacity 3598K, committed 3648K, reserved 4480K
Event: 3.661 GC heap after
Heap after GC invocations=80 (full 5):
 def new generation   total 75072K, used 8319K [0x03c00000, 0x08d70000, 0x19150000)
  eden space 66752K,   0% used [0x03c00000, 0x03c00000, 0x07d30000)
  from space 8320K,  99% used [0x08550000, 0x08d6fff8, 0x08d70000)
  to   space 8320K,   0% used [0x07d30000, 0x07d30000, 0x08550000)
 tenured generation   total 166648K, used 143780K [0x19150000, 0x2340e000, 0x43c00000)
   the space 166648K,  86% used [0x19150000, 0x21db9390, 0x21db9400, 0x2340e000)
 Metaspace       used 3553K, capacity 3598K, committed 3648K, reserved 4480K
}
Event: 3.780 GC heap before
{Heap before GC invocations=80 (full 5):
 def new generation   total 75072K, used 75071K [0x03c00000, 0x08d70000, 0x19150000)
  eden space 66752K, 100% used [0x03c00000, 0x07d30000, 0x07d30000)
  from space 8320K,  99% used [0x08550000, 0x08d6fff8, 0x08d70000)
  to   space 8320K,   0% used [0x07d30000, 0x07d30000, 0x08550000)
 tenured generation   total 166648K, used 143780K [0x19150000, 0x2340e000, 0x43c00000)
   the space 166648K,  86% used [0x19150000, 0x21db9390, 0x21db9400, 0x2340e000)
 Metaspace       used 3553K, capacity 3598K, committed 3648K, reserved 4480K
Event: 3.815 GC heap after
Heap after GC invocations=81 (full 5):
 def new generation   total 75072K, used 7940K [0x03c00000, 0x08d70000, 0x19150000)
  eden space 66752K,   0% used [0x03c00000, 0x03c00000, 0x07d30000)
  from space 8320K,  95% used [0x07d30000, 0x084f1348, 0x08550000)
  to   space 8320K,   0% used [0x08550000, 0x08550000, 0x08d70000)
 tenured generation   total 166648K, used 151426K [0x19150000, 0x2340e000, 0x43c00000)
   the space 166648K,  90% used [0x19150000, 0x22530ba8, 0x22530c00, 0x2340e000)
 Metaspace       used 3553K, capacity 3598K, committed 3648K, reserved 4480K
}
Event: 3.927 GC heap before
{Heap before GC invocations=81 (full 5):
 def new generation   total 75072K, used 74692K [0x03c00000, 0x08d70000, 0x19150000)
  eden space 66752K, 100% used [0x03c00000, 0x07d30000, 0x07d30000)
  from space 8320K,  95% used [0x07d30000, 0x084f1348, 0x08550000)
  to   space 8320K,   0% used [0x08550000, 0x08550000, 0x08d70000)
 tenured generation   total 166648K, used 151426K [0x19150000, 0x2340e000, 0x43c00000)
   the space 166648K,  90% used [0x19150000, 0x22530ba8, 0x22530c00, 0x2340e000)
 Metaspace       used 3553K, capacity 3598K, committed 3648K, reserved 4480K
Event: 3.965 GC heap after
Heap after GC invocations=82 (full 5):
 def new generation   total 75072K, used 8319K [0x03c00000, 0x08d70000, 0x19150000)
  eden space 66752K,   0% used [0x03c00000, 0x03c00000, 0x07d30000)
  from space 8320K,  99% used [0x08550000, 0x08d6fff8, 0x08d70000)
  to   space 8320K,   0% used [0x07d30000, 0x07d30000, 0x08550000)
 tenured generation   total 166648K, used 159279K [0x19150000, 0x2340e000, 0x43c00000)
   the space 166648K,  95% used [0x19150000, 0x22cdbc08, 0x22cdbe00, 0x2340e000)
 Metaspace       used 3553K, capacity 3598K, committed 3648K, reserved 4480K
}
Event: 4.044 GC heap before
{Heap before GC invocations=82 (full 5):
 def new generation   total 75072K, used 75071K [0x03c00000, 0x08d70000, 0x19150000)
  eden space 66752K, 100% used [0x03c00000, 0x07d30000, 0x07d30000)
  from space 8320K,  99% used [0x08550000, 0x08d6fff8, 0x08d70000)
  to   space 8320K,   0% used [0x07d30000, 0x07d30000, 0x08550000)
 tenured generation   total 166648K, used 159279K [0x19150000, 0x2340e000, 0x43c00000)
   the space 166648K,  95% used [0x19150000, 0x22cdbc08, 0x22cdbe00, 0x2340e000)
 Metaspace       used 3554K, capacity 3598K, committed 3648K, reserved 4480K

