# JRE version: Java(TM) SE Runtime Environment (8.0_101-b13) (build 1.8.0_101-b13)
# Java VM: Java HotSpot(TM) Client VM (25.101-b13 mixed mode windows-x86 )
Heap:
 def new generation   total 115648K, used 115648K [0x03e00000, 0x0bb70000, 0x19350000)
  eden space 102848K, 100% used [0x03e00000, 0x0a270000, 0x0a270000)
  from space 12800K, 100% used [0x0aef0000, 0x0bb70000, 0x0bb70000)
  to   space 12800K,  39% used [0x0a270000, 0x0a76f438, 0x0aef0000)
 tenured generation   total 256728K, used 162814K [0x19350000, 0x28e06000, 0x43e00000)
   the space 256728K,  63% used [0x19350000, 0x2324f880, 0x2324fa00, 0x28e06000)
 Metaspace       used 3547K, capacity 3598K, committed 3648K, reserved 4480K
GC Heap History (10 events):
Event: 3.464 GC heap after
Heap after GC invocations=57 (full 5):
 def new generation   total 67136K, used 7423K [0x03e00000, 0x086d0000, 0x19350000)
  eden space 59712K,   0% used [0x03e00000, 0x03e00000, 0x07850000)
  from space 7424K,  99% used [0x07f90000, 0x086cfff8, 0x086d0000)
  to   space 7424K,   0% used [0x07850000, 0x07850000, 0x07f90000)
 tenured generation   total 149044K, used 128278K [0x19350000, 0x224dd000, 0x43e00000)
   the space 149044K,  86% used [0x19350000, 0x21095828, 0x21095a00, 0x224dd000)
 Metaspace       used 3547K, capacity 3598K, committed 3648K, reserved 4480K
}
Event: 3.585 GC heap before
{Heap before GC invocations=57 (full 5):
 def new generation   total 67136K, used 67135K [0x03e00000, 0x086d0000, 0x19350000)
  eden space 59712K, 100% used [0x03e00000, 0x07850000, 0x07850000)
  from space 7424K,  99% used [0x07f90000, 0x086cfff8, 0x086d0000)
  to   space 7424K,   0% used [0x07850000, 0x07850000, 0x07f90000)
 tenured generation   total 149044K, used 128278K [0x19350000, 0x224dd000, 0x43e00000)
   the space 149044K,  86% used [0x19350000, 0x21095828, 0x21095a00, 0x224dd000)
 Metaspace       used 3547K, capacity 3598K, committed 3648K, reserved 4480K
Event: 3.628 GC heap after
Heap after GC invocations=58 (full 5):
 def new generation   total 67136K, used 7424K [0x03e00000, 0x086d0000, 0x19350000)
  eden space 59712K,   0% used [0x03e00000, 0x03e00000, 0x07850000)
  from space 7424K, 100% used [0x07850000, 0x07f90000, 0x07f90000)
  to   space 7424K,   0% used [0x07f90000, 0x07f90000, 0x086d0000)
 tenured generation   total 149044K, used 137311K [0x19350000, 0x224dd000, 0x43e00000)
   the space 149044K,  92% used [0x19350000, 0x21967d68, 0x21967e00, 0x224dd000)
 Metaspace       used 3547K, capacity 3598K, committed 3648K, reserved 4480K
}
Event: 3.723 GC heap before
{Heap before GC invocations=58 (full 5):
 def new generation   total 67136K, used 67136K [0x03e00000, 0x086d0000, 0x19350000)
  eden space 59712K, 100% used [0x03e00000, 0x07850000, 0x07850000)
  from space 7424K, 100% used [0x07850000, 0x07f90000, 0x07f90000)
  to   space 7424K,   0% used [0x07f90000, 0x07f90000, 0x086d0000)
 tenured generation   total 149044K, used 137311K [0x19350000, 0x224dd000, 0x43e00000)
   the space 149044K,  92% used [0x19350000, 0x21967d68, 0x21967e00, 0x224dd000)
 Metaspace       used 3547K, capacity 3598K, committed 3648K, reserved 4480K
Event: 3.762 GC heap after
Heap after GC invocations=59 (full 5):
 def new generation   total 67136K, used 7424K [0x03e00000, 0x086d0000, 0x19350000)
  eden space 59712K,   0% used [0x03e00000, 0x03e00000, 0x07850000)
  from space 7424K, 100% used [0x07f90000, 0x086d0000, 0x086d0000)
  to   space 7424K,   0% used [0x07850000, 0x07850000, 0x07f90000)
 tenured generation   total 149044K, used 146165K [0x19350000, 0x224dd000, 0x43e00000)
   the space 149044K,  98% used [0x19350000, 0x2220d4d0, 0x2220d600, 0x224dd000)
 Metaspace       used 3547K, capacity 3598K, committed 3648K, reserved 4480K
}
Event: 3.858 GC heap before
{Heap before GC invocations=59 (full 5):
 def new generation   total 67136K, used 67136K [0x03e00000, 0x086d0000, 0x19350000)
  eden space 59712K, 100% used [0x03e00000, 0x07850000, 0x07850000)
  from space 7424K, 100% used [0x07f90000, 0x086d0000, 0x086d0000)
  to   space 7424K,   0% used [0x07850000, 0x07850000, 0x07f90000)
 tenured generation   total 149044K, used 146165K [0x19350000, 0x224dd000, 0x43e00000)
   the space 149044K,  98% used [0x19350000, 0x2220d4d0, 0x2220d600, 0x224dd000)
 Metaspace       used 3547K, capacity 3598K, committed 3648K, reserved 4480K
Event: 4.251 GC heap after
Heap after GC invocations=60 (full 6):
 def new generation   total 115648K, used 7344K [0x03e00000, 0x0bb70000, 0x19350000)
  eden space 102848K,   7% used [0x03e00000, 0x0452c348, 0x0a270000)
  from space 12800K,   0% used [0x0a270000, 0x0a270000, 0x0aef0000)
  to   space 12800K,   0% used [0x0aef0000, 0x0aef0000, 0x0bb70000)
 tenured generation   total 256728K, used 154035K [0x19350000, 0x28e06000, 0x43e00000)
   the space 256728K,  59% used [0x19350000, 0x229bcff8, 0x229bd000, 0x28e06000)
 Metaspace       used 3547K, capacity 3598K, committed 3648K, reserved 4480K
}
Event: 4.428 GC heap before
{Heap before GC invocations=60 (full 6):
 def new generation   total 115648K, used 102848K [0x03e00000, 0x0bb70000, 0x19350000)
  eden space 102848K, 100% used [0x03e00000, 0x0a270000, 0x0a270000)
  from space 12800K,   0% used [0x0a270000, 0x0a270000, 0x0aef0000)
  to   space 12800K,   0% used [0x0aef0000, 0x0aef0000, 0x0bb70000)
 tenured generation   total 256728K, used 154035K [0x19350000, 0x28e06000, 0x43e00000)
   the space 256728K,  59% used [0x19350000, 0x229bcff8, 0x229bd000, 0x28e06000)
 Metaspace       used 3547K, capacity 3598K, committed 3648K, reserved 4480K
Event: 4.554 GC heap after
Heap after GC invocations=61 (full 6):
 def new generation   total 115648K, used 12800K [0x03e00000, 0x0bb70000, 0x19350000)
  eden space 102848K,   0% used [0x03e00000, 0x03e00000, 0x0a270000)
  from space 12800K, 100% used [0x0aef0000, 0x0bb70000, 0x0bb70000)
  to   space 12800K,   0% used [0x0a270000, 0x0a270000, 0x0aef0000)
 tenured generation   total 256728K, used 161599K [0x19350000, 0x28e06000, 0x43e00000)
   the space 256728K,  62% used [0x19350000, 0x2311fd70, 0x2311fe00, 0x28e06000)
 Metaspace       used 3547K, capacity 3598K, committed 3648K, reserved 4480K
}
Event: 4.733 GC heap before
{Heap before GC invocations=61 (full 6):
 def new generation   total 115648K, used 115648K [0x03e00000, 0x0bb70000, 0x19350000)
  eden space 102848K, 100% used [0x03e00000, 0x0a270000, 0x0a270000)
  from space 12800K, 100% used [0x0aef0000, 0x0bb70000, 0x0bb70000)
  to   space 12800K,   0% used [0x0a270000, 0x0a270000, 0x0aef0000)
 tenured generation   total 256728K, used 161599K [0x19350000, 0x28e06000, 0x43e00000)
   the space 256728K,  62% used [0x19350000, 0x2311fd70, 0x2311fe00, 0x28e06000)
 Metaspace       used 3547K, capacity 3598K, committed 3648K, reserved 4480K

