# JRE version: Java(TM) SE Runtime Environment (8.0_101-b13) (build 1.8.0_101-b13)
# Java VM: Java HotSpot(TM) Client VM (25.101-b13 mixed mode windows-x86 )
Heap:
 def new generation   total 314560K, used 314560K [0x03e00000, 0x19350000, 0x19350000)
  eden space 279616K, 100% used [0x03e00000, 0x14f10000, 0x14f10000)
  from space 34944K, 100% used [0x17130000, 0x19350000, 0x19350000)
  to   space 34944K,   0% used [0x14f10000, 0x14f10000, 0x17130000)
 tenured generation   total 699072K, used 687081K [0x19350000, 0x43e00000, 0x43e00000)
   the space 699072K,  98% used [0x19350000, 0x4324a610, 0x3e8aee00, 0x43e00000)
 Metaspace       used 3550K, capacity 3598K, committed 3648K, reserved 4480K
GC Heap History (10 events):
Event: 11.642 GC heap after
Heap after GC invocations=97 (full 7):
 def new generation   total 219200K, used 24320K [0x03e00000, 0x12bd0000, 0x19350000)
  eden space 194880K,   0% used [0x03e00000, 0x03e00000, 0x0fc50000)
  from space 24320K, 100% used [0x11410000, 0x12bd0000, 0x12bd0000)
  to   space 24320K,   0% used [0x0fc50000, 0x0fc50000, 0x11410000)
 tenured generation   total 486960K, used 472846K [0x19350000, 0x36edc000, 0x43e00000)
   the space 486960K,  97% used [0x19350000, 0x36113be0, 0x36113c00, 0x36edc000)
 Metaspace       used 3545K, capacity 3598K, committed 3648K, reserved 4480K
}
Event: 11.989 GC heap before
{Heap before GC invocations=97 (full 7):
 def new generation   total 219200K, used 219200K [0x03e00000, 0x12bd0000, 0x19350000)
  eden space 194880K, 100% used [0x03e00000, 0x0fc50000, 0x0fc50000)
  from space 24320K, 100% used [0x11410000, 0x12bd0000, 0x12bd0000)
  to   space 24320K,   0% used [0x0fc50000, 0x0fc50000, 0x11410000)
 tenured generation   total 486960K, used 472846K [0x19350000, 0x36edc000, 0x43e00000)
   the space 486960K,  97% used [0x19350000, 0x36113be0, 0x36113c00, 0x36edc000)
 Metaspace       used 3545K, capacity 3598K, committed 3648K, reserved 4480K
Event: 13.593 GC heap after
Heap after GC invocations=98 (full 8):
 def new generation   total 314560K, used 6657K [0x03e00000, 0x19350000, 0x19350000)
  eden space 279616K,   2% used [0x03e00000, 0x04480630, 0x14f10000)
  from space 34944K,   0% used [0x14f10000, 0x14f10000, 0x17130000)
  to   space 34944K,   0% used [0x17130000, 0x17130000, 0x19350000)
 tenured generation   total 699072K, used 501295K [0x19350000, 0x43e00000, 0x43e00000)
   the space 699072K,  71% used [0x19350000, 0x37cdbff0, 0x37cdc000, 0x43e00000)
 Metaspace       used 3545K, capacity 3598K, committed 3648K, reserved 4480K
}
Event: 15.364 GC heap before
{Heap before GC invocations=98 (full 8):
 def new generation   total 314560K, used 279616K [0x03e00000, 0x19350000, 0x19350000)
  eden space 279616K, 100% used [0x03e00000, 0x14f10000, 0x14f10000)
  from space 34944K,   0% used [0x14f10000, 0x14f10000, 0x17130000)
  to   space 34944K,   0% used [0x17130000, 0x17130000, 0x19350000)
 tenured generation   total 699072K, used 501295K [0x19350000, 0x43e00000, 0x43e00000)
   the space 699072K,  71% used [0x19350000, 0x37cdbff0, 0x37cdc000, 0x43e00000)
 Metaspace       used 3545K, capacity 3598K, committed 3648K, reserved 4480K
Event: 15.777 GC heap after
Heap after GC invocations=99 (full 8):
 def new generation   total 314560K, used 34944K [0x03e00000, 0x19350000, 0x19350000)
  eden space 279616K,   0% used [0x03e00000, 0x03e00000, 0x14f10000)
  from space 34944K, 100% used [0x17130000, 0x19350000, 0x19350000)
  to   space 34944K,   0% used [0x14f10000, 0x14f10000, 0x17130000)
 tenured generation   total 699072K, used 550733K [0x19350000, 0x43e00000, 0x43e00000)
   the space 699072K,  78% used [0x19350000, 0x3ad235e0, 0x3ad23600, 0x43e00000)
 Metaspace       used 3545K, capacity 3598K, committed 3648K, reserved 4480K
}
Event: 16.278 GC heap before
{Heap before GC invocations=99 (full 8):
 def new generation   total 314560K, used 314560K [0x03e00000, 0x19350000, 0x19350000)
  eden space 279616K, 100% used [0x03e00000, 0x14f10000, 0x14f10000)
  from space 34944K, 100% used [0x17130000, 0x19350000, 0x19350000)
  to   space 34944K,   0% used [0x14f10000, 0x14f10000, 0x17130000)
 tenured generation   total 699072K, used 550733K [0x19350000, 0x43e00000, 0x43e00000)
   the space 699072K,  78% used [0x19350000, 0x3ad235e0, 0x3ad23600, 0x43e00000)
 Metaspace       used 3550K, capacity 3598K, committed 3648K, reserved 4480K
Event: 16.431 GC heap after
Heap after GC invocations=100 (full 8):
 def new generation   total 314560K, used 34944K [0x03e00000, 0x19350000, 0x19350000)
  eden space 279616K,   0% used [0x03e00000, 0x03e00000, 0x14f10000)
  from space 34944K, 100% used [0x14f10000, 0x17130000, 0x17130000)
  to   space 34944K,   0% used [0x17130000, 0x17130000, 0x19350000)
 tenured generation   total 699072K, used 601238K [0x19350000, 0x43e00000, 0x43e00000)
   the space 699072K,  86% used [0x19350000, 0x3de75978, 0x3de75a00, 0x43e00000)
 Metaspace       used 3550K, capacity 3598K, committed 3648K, reserved 4480K
}
Event: 17.200 GC heap before
{Heap before GC invocations=100 (full 8):
 def new generation   total 314560K, used 314560K [0x03e00000, 0x19350000, 0x19350000)
  eden space 279616K, 100% used [0x03e00000, 0x14f10000, 0x14f10000)
  from space 34944K, 100% used [0x14f10000, 0x17130000, 0x17130000)
  to   space 34944K,   0% used [0x17130000, 0x17130000, 0x19350000)
 tenured generation   total 699072K, used 601238K [0x19350000, 0x43e00000, 0x43e00000)
   the space 699072K,  86% used [0x19350000, 0x3de75978, 0x3de75a00, 0x43e00000)
 Metaspace       used 3550K, capacity 3598K, committed 3648K, reserved 4480K
Event: 17.362 GC heap after
Heap after GC invocations=101 (full 8):
 def new generation   total 314560K, used 34944K [0x03e00000, 0x19350000, 0x19350000)
  eden space 279616K,   0% used [0x03e00000, 0x03e00000, 0x14f10000)
  from space 34944K, 100% used [0x17130000, 0x19350000, 0x19350000)
  to   space 34944K,   0% used [0x14f10000, 0x14f10000, 0x17130000)
 tenured generation   total 699072K, used 687081K [0x19350000, 0x43e00000, 0x43e00000)
   the space 699072K,  98% used [0x19350000, 0x4324a610, 0x4324a800, 0x43e00000)
 Metaspace       used 3550K, capacity 3598K, committed 3648K, reserved 4480K
}
Event: 18.898 GC heap before
{Heap before GC invocations=101 (full 8):
 def new generation   total 314560K, used 314560K [0x03e00000, 0x19350000, 0x19350000)
  eden space 279616K, 100% used [0x03e00000, 0x14f10000, 0x14f10000)
  from space 34944K, 100% used [0x17130000, 0x19350000, 0x19350000)
  to   space 34944K,   0% used [0x14f10000, 0x14f10000, 0x17130000)
 tenured generation   total 699072K, used 687081K [0x19350000, 0x43e00000, 0x43e00000)
   the space 699072K,  98% used [0x19350000, 0x4324a610, 0x4324a800, 0x43e00000)
 Metaspace       used 3550K, capacity 3598K, committed 3648K, reserved 4480K

