# JRE version: Java(TM) SE Runtime Environment (8.0_101-b13) (build 1.8.0_101-b13)
# Java VM: Java HotSpot(TM) Client VM (25.101-b13 mixed mode windows-x86 )
Heap:
 def new generation   total 201408K, used 201408K [0x03c00000, 0x11680000, 0x19150000)
  eden space 179072K, 100% used [0x03c00000, 0x0eae0000, 0x0eae0000)
  from space 22336K, 100% used [0x0eae0000, 0x100b0000, 0x100b0000)
  to   space 22336K,   1% used [0x100b0000, 0x100e9e40, 0x11680000)
 tenured generation   total 699072K, used 414533K [0x19150000, 0x43c00000, 0x43c00000)
   the space 699072K,  59% used [0x19150000, 0x32621450, 0x32621600, 0x43c00000)
 Metaspace       used 3551K, capacity 3598K, committed 3648K, reserved 4480K
GC Heap History (10 events):
Event: 8.433 GC heap after
Heap after GC invocations=94 (full 7):
 def new generation   total 201408K, used 22335K [0x03c00000, 0x11680000, 0x19150000)
  eden space 179072K,   0% used [0x03c00000, 0x03c00000, 0x0eae0000)
  from space 22336K,  99% used [0x0eae0000, 0x100afff8, 0x100b0000)
  to   space 22336K,   0% used [0x100b0000, 0x100b0000, 0x11680000)
 tenured generation   total 447396K, used 311854K [0x19150000, 0x34639000, 0x43c00000)
   the space 447396K,  69% used [0x19150000, 0x2c1dbb08, 0x2c1dbc00, 0x34639000)
 Metaspace       used 3551K, capacity 3598K, committed 3648K, reserved 4480K
}
Event: 8.753 GC heap before
{Heap before GC invocations=94 (full 7):
 def new generation   total 201408K, used 201407K [0x03c00000, 0x11680000, 0x19150000)
  eden space 179072K, 100% used [0x03c00000, 0x0eae0000, 0x0eae0000)
  from space 22336K,  99% used [0x0eae0000, 0x100afff8, 0x100b0000)
  to   space 22336K,   0% used [0x100b0000, 0x100b0000, 0x11680000)
 tenured generation   total 447396K, used 311854K [0x19150000, 0x34639000, 0x43c00000)
   the space 447396K,  69% used [0x19150000, 0x2c1dbb08, 0x2c1dbc00, 0x34639000)
 Metaspace       used 3551K, capacity 3598K, committed 3648K, reserved 4480K
Event: 8.869 GC heap after
Heap after GC invocations=95 (full 7):
 def new generation   total 201408K, used 22335K [0x03c00000, 0x11680000, 0x19150000)
  eden space 179072K,   0% used [0x03c00000, 0x03c00000, 0x0eae0000)
  from space 22336K,  99% used [0x100b0000, 0x1167fff8, 0x11680000)
  to   space 22336K,   0% used [0x0eae0000, 0x0eae0000, 0x100b0000)
 tenured generation   total 447396K, used 336594K [0x19150000, 0x34639000, 0x43c00000)
   the space 447396K,  75% used [0x19150000, 0x2da048b0, 0x2da04a00, 0x34639000)
 Metaspace       used 3551K, capacity 3598K, committed 3648K, reserved 4480K
}
Event: 9.160 GC heap before
{Heap before GC invocations=95 (full 7):
 def new generation   total 201408K, used 201407K [0x03c00000, 0x11680000, 0x19150000)
  eden space 179072K, 100% used [0x03c00000, 0x0eae0000, 0x0eae0000)
  from space 22336K,  99% used [0x100b0000, 0x1167fff8, 0x11680000)
  to   space 22336K,   0% used [0x0eae0000, 0x0eae0000, 0x100b0000)
 tenured generation   total 447396K, used 336594K [0x19150000, 0x34639000, 0x43c00000)
   the space 447396K,  75% used [0x19150000, 0x2da048b0, 0x2da04a00, 0x34639000)
 Metaspace       used 3551K, capacity 3598K, committed 3648K, reserved 4480K
Event: 9.279 GC heap after
Heap after GC invocations=96 (full 7):
 def new generation   total 201408K, used 22336K [0x03c00000, 0x11680000, 0x19150000)
  eden space 179072K,   0% used [0x03c00000, 0x03c00000, 0x0eae0000)
  from space 22336K, 100% used [0x0eae0000, 0x100b0000, 0x100b0000)
  to   space 22336K,   0% used [0x100b0000, 0x100b0000, 0x11680000)
 tenured generation   total 447396K, used 363153K [0x19150000, 0x34639000, 0x43c00000)
   the space 447396K,  81% used [0x19150000, 0x2f3f4790, 0x2f3f4800, 0x34639000)
 Metaspace       used 3551K, capacity 3598K, committed 3648K, reserved 4480K
}
Event: 9.585 GC heap before
{Heap before GC invocations=96 (full 7):
 def new generation   total 201408K, used 201408K [0x03c00000, 0x11680000, 0x19150000)
  eden space 179072K, 100% used [0x03c00000, 0x0eae0000, 0x0eae0000)
  from space 22336K, 100% used [0x0eae0000, 0x100b0000, 0x100b0000)
  to   space 22336K,   0% used [0x100b0000, 0x100b0000, 0x11680000)
 tenured generation   total 447396K, used 363153K [0x19150000, 0x34639000, 0x43c00000)
   the space 447396K,  81% used [0x19150000, 0x2f3f4790, 0x2f3f4800, 0x34639000)
 Metaspace       used 3551K, capacity 3598K, committed 3648K, reserved 4480K
Event: 9.706 GC heap after
Heap after GC invocations=97 (full 7):
 def new generation   total 201408K, used 22335K [0x03c00000, 0x11680000, 0x19150000)
  eden space 179072K,   0% used [0x03c00000, 0x03c00000, 0x0eae0000)
  from space 22336K,  99% used [0x100b0000, 0x1167fff8, 0x11680000)
  to   space 22336K,   0% used [0x0eae0000, 0x0eae0000, 0x100b0000)
 tenured generation   total 447396K, used 389233K [0x19150000, 0x34639000, 0x43c00000)
   the space 447396K,  86% used [0x19150000, 0x30d6c580, 0x30d6c600, 0x34639000)
 Metaspace       used 3551K, capacity 3598K, committed 3648K, reserved 4480K
}
Event: 10.004 GC heap before
{Heap before GC invocations=97 (full 7):
 def new generation   total 201408K, used 201407K [0x03c00000, 0x11680000, 0x19150000)
  eden space 179072K, 100% used [0x03c00000, 0x0eae0000, 0x0eae0000)
  from space 22336K,  99% used [0x100b0000, 0x1167fff8, 0x11680000)
  to   space 22336K,   0% used [0x0eae0000, 0x0eae0000, 0x100b0000)
 tenured generation   total 447396K, used 389233K [0x19150000, 0x34639000, 0x43c00000)
   the space 447396K,  86% used [0x19150000, 0x30d6c580, 0x30d6c600, 0x34639000)
 Metaspace       used 3551K, capacity 3598K, committed 3648K, reserved 4480K
Event: 10.114 GC heap after
Heap after GC invocations=98 (full 7):
 def new generation   total 201408K, used 22336K [0x03c00000, 0x11680000, 0x19150000)
  eden space 179072K,   0% used [0x03c00000, 0x03c00000, 0x0eae0000)
  from space 22336K, 100% used [0x0eae0000, 0x100b0000, 0x100b0000)
  to   space 22336K,   0% used [0x100b0000, 0x100b0000, 0x11680000)
 tenured generation   total 447396K, used 414115K [0x19150000, 0x34639000, 0x43c00000)
   the space 447396K,  92% used [0x19150000, 0x325b8dd8, 0x325b8e00, 0x34639000)
 Metaspace       used 3551K, capacity 3598K, committed 3648K, reserved 4480K
}
Event: 10.394 GC heap before
{Heap before GC invocations=98 (full 7):
 def new generation   total 201408K, used 201408K [0x03c00000, 0x11680000, 0x19150000)
  eden space 179072K, 100% used [0x03c00000, 0x0eae0000, 0x0eae0000)
  from space 22336K, 100% used [0x0eae0000, 0x100b0000, 0x100b0000)
  to   space 22336K,   0% used [0x100b0000, 0x100b0000, 0x11680000)
 tenured generation   total 447396K, used 414115K [0x19150000, 0x34639000, 0x43c00000)
   the space 447396K,  92% used [0x19150000, 0x325b8dd8, 0x325b8e00, 0x34639000)
 Metaspace       used 3551K, capacity 3598K, committed 3648K, reserved 4480K

