# JRE version: Java(TM) SE Runtime Environment (8.0_101-b13) (build 1.8.0_101-b13)
# Java VM: Java HotSpot(TM) Client VM (25.101-b13 mixed mode windows-x86 )
Heap:
 def new generation   total 64640K, used 7168K [0x03e00000, 0x08420000, 0x19350000)
  eden space 57472K,   0% used [0x03e00000, 0x03e00000, 0x07620000)
  from space 7168K, 100% used [0x07620000, 0x07d20000, 0x07d20000)
  to   space 7168K,   0% used [0x07d20000, 0x07d20000, 0x08420000)
 tenured generation   total 149748K, used 149718K [0x19350000, 0x2258d000, 0x43e00000)
   the space 149748K,  99% used [0x19350000, 0x22585ab0, 0x22585c00, 0x2258d000)
 Metaspace       used 3558K, capacity 3598K, committed 3648K, reserved 4480K
GC Heap History (10 events):
Event: 3.147 GC heap after
Heap after GC invocations=55 (full 5):
 def new generation   total 64640K, used 7168K [0x03e00000, 0x08420000, 0x19350000)
  eden space 57472K,   0% used [0x03e00000, 0x03e00000, 0x07620000)
  from space 7168K, 100% used [0x07d20000, 0x08420000, 0x08420000)
  to   space 7168K,   0% used [0x07620000, 0x07620000, 0x07d20000)
 tenured generation   total 143476K, used 107554K [0x19350000, 0x21f6d000, 0x43e00000)
   the space 143476K,  74% used [0x19350000, 0x1fc58b98, 0x1fc58c00, 0x21f6d000)
 Metaspace       used 3557K, capacity 3598K, committed 3648K, reserved 4480K
}
Event: 3.274 GC heap before
{Heap before GC invocations=55 (full 5):
 def new generation   total 64640K, used 64640K [0x03e00000, 0x08420000, 0x19350000)
  eden space 57472K, 100% used [0x03e00000, 0x07620000, 0x07620000)
  from space 7168K, 100% used [0x07d20000, 0x08420000, 0x08420000)
  to   space 7168K,   0% used [0x07620000, 0x07620000, 0x07d20000)
 tenured generation   total 143476K, used 107554K [0x19350000, 0x21f6d000, 0x43e00000)
   the space 143476K,  74% used [0x19350000, 0x1fc58b98, 0x1fc58c00, 0x21f6d000)
 Metaspace       used 3558K, capacity 3598K, committed 3648K, reserved 4480K
Event: 3.314 GC heap after
Heap after GC invocations=56 (full 5):
 def new generation   total 64640K, used 7167K [0x03e00000, 0x08420000, 0x19350000)
  eden space 57472K,   0% used [0x03e00000, 0x03e00000, 0x07620000)
  from space 7168K,  99% used [0x07620000, 0x07d1fff8, 0x07d20000)
  to   space 7168K,   0% used [0x07d20000, 0x07d20000, 0x08420000)
 tenured generation   total 143476K, used 115683K [0x19350000, 0x21f6d000, 0x43e00000)
   the space 143476K,  80% used [0x19350000, 0x20448eb0, 0x20449000, 0x21f6d000)
 Metaspace       used 3558K, capacity 3598K, committed 3648K, reserved 4480K
}
Event: 3.408 GC heap before
{Heap before GC invocations=56 (full 5):
 def new generation   total 64640K, used 64639K [0x03e00000, 0x08420000, 0x19350000)
  eden space 57472K, 100% used [0x03e00000, 0x07620000, 0x07620000)
  from space 7168K,  99% used [0x07620000, 0x07d1fff8, 0x07d20000)
  to   space 7168K,   0% used [0x07d20000, 0x07d20000, 0x08420000)
 tenured generation   total 143476K, used 115683K [0x19350000, 0x21f6d000, 0x43e00000)
   the space 143476K,  80% used [0x19350000, 0x20448eb0, 0x20449000, 0x21f6d000)
 Metaspace       used 3558K, capacity 3598K, committed 3648K, reserved 4480K
Event: 3.447 GC heap after
Heap after GC invocations=57 (full 5):
 def new generation   total 64640K, used 7168K [0x03e00000, 0x08420000, 0x19350000)
  eden space 57472K,   0% used [0x03e00000, 0x03e00000, 0x07620000)
  from space 7168K, 100% used [0x07d20000, 0x08420000, 0x08420000)
  to   space 7168K,   0% used [0x07620000, 0x07620000, 0x07d20000)
 tenured generation   total 143476K, used 123866K [0x19350000, 0x21f6d000, 0x43e00000)
   the space 143476K,  86% used [0x19350000, 0x20c468e0, 0x20c46a00, 0x21f6d000)
 Metaspace       used 3558K, capacity 3598K, committed 3648K, reserved 4480K
}
Event: 3.540 GC heap before
{Heap before GC invocations=57 (full 5):
 def new generation   total 64640K, used 64640K [0x03e00000, 0x08420000, 0x19350000)
  eden space 57472K, 100% used [0x03e00000, 0x07620000, 0x07620000)
  from space 7168K, 100% used [0x07d20000, 0x08420000, 0x08420000)
  to   space 7168K,   0% used [0x07620000, 0x07620000, 0x07d20000)
 tenured generation   total 143476K, used 123866K [0x19350000, 0x21f6d000, 0x43e00000)
   the space 143476K,  86% used [0x19350000, 0x20c468e0, 0x20c46a00, 0x21f6d000)
 Metaspace       used 3558K, capacity 3598K, committed 3648K, reserved 4480K
Event: 3.581 GC heap after
Heap after GC invocations=58 (full 5):
 def new generation   total 64640K, used 7168K [0x03e00000, 0x08420000, 0x19350000)
  eden space 57472K,   0% used [0x03e00000, 0x03e00000, 0x07620000)
  from space 7168K, 100% used [0x07620000, 0x07d20000, 0x07d20000)
  to   space 7168K,   0% used [0x07d20000, 0x07d20000, 0x08420000)
 tenured generation   total 143476K, used 133416K [0x19350000, 0x21f6d000, 0x43e00000)
   the space 143476K,  92% used [0x19350000, 0x2159a0c8, 0x2159a200, 0x21f6d000)
 Metaspace       used 3558K, capacity 3598K, committed 3648K, reserved 4480K
}
Event: 3.684 GC heap before
{Heap before GC invocations=58 (full 5):
 def new generation   total 64640K, used 64640K [0x03e00000, 0x08420000, 0x19350000)
  eden space 57472K, 100% used [0x03e00000, 0x07620000, 0x07620000)
  from space 7168K, 100% used [0x07620000, 0x07d20000, 0x07d20000)
  to   space 7168K,   0% used [0x07d20000, 0x07d20000, 0x08420000)
 tenured generation   total 143476K, used 133416K [0x19350000, 0x21f6d000, 0x43e00000)
   the space 143476K,  92% used [0x19350000, 0x2159a0c8, 0x2159a200, 0x21f6d000)
 Metaspace       used 3558K, capacity 3598K, committed 3648K, reserved 4480K
Event: 3.720 GC heap after
Heap after GC invocations=59 (full 5):
 def new generation   total 64640K, used 7167K [0x03e00000, 0x08420000, 0x19350000)
  eden space 57472K,   0% used [0x03e00000, 0x03e00000, 0x07620000)
  from space 7168K,  99% used [0x07d20000, 0x0841fff8, 0x08420000)
  to   space 7168K,   0% used [0x07620000, 0x07620000, 0x07d20000)
 tenured generation   total 143476K, used 141326K [0x19350000, 0x21f6d000, 0x43e00000)
   the space 143476K,  98% used [0x19350000, 0x21d53a20, 0x21d53c00, 0x21f6d000)
 Metaspace       used 3558K, capacity 3598K, committed 3648K, reserved 4480K
}
Event: 3.841 GC heap before
{Heap before GC invocations=59 (full 5):
 def new generation   total 64640K, used 64639K [0x03e00000, 0x08420000, 0x19350000)
  eden space 57472K, 100% used [0x03e00000, 0x07620000, 0x07620000)
  from space 7168K,  99% used [0x07d20000, 0x0841fff8, 0x08420000)
  to   space 7168K,   0% used [0x07620000, 0x07620000, 0x07d20000)
 tenured generation   total 143476K, used 141326K [0x19350000, 0x21f6d000, 0x43e00000)
   the space 143476K,  98% used [0x19350000, 0x21d53a20, 0x21d53c00, 0x21f6d000)
 Metaspace       used 3558K, capacity 3598K, committed 3648K, reserved 4480K

