# JRE version: Java(TM) SE Runtime Environment (8.0_101-b13) (build 1.8.0_101-b13)
# Java VM: Java HotSpot(TM) Client VM (25.101-b13 mixed mode windows-x86 )
Heap:
 def new generation   total 13824K, used 1472K [0x03c00000, 0x04af0000, 0x19150000)
  eden space 12352K,   0% used [0x03c00000, 0x03c00000, 0x04810000)
  from space 1472K, 100% used [0x04810000, 0x04980000, 0x04980000)
  to   space 1472K,   0% used [0x04980000, 0x04980000, 0x04af0000)
 tenured generation   total 32100K, used 31974K [0x19150000, 0x1b0a9000, 0x43c00000)
   the space 32100K,  99% used [0x19150000, 0x1b089a10, 0x1b089c00, 0x1b0a9000)
 Metaspace       used 3544K, capacity 3566K, committed 3648K, reserved 4480K
GC Heap History (10 events):
Event: 1.055 GC heap after
Heap after GC invocations=30 (full 2):
 def new generation   total 13824K, used 1472K [0x03c00000, 0x04af0000, 0x19150000)
  eden space 12352K,   0% used [0x03c00000, 0x03c00000, 0x04810000)
  from space 1472K, 100% used [0x04980000, 0x04af0000, 0x04af0000)
  to   space 1472K,   0% used [0x04810000, 0x04810000, 0x04980000)
 tenured generation   total 30436K, used 22372K [0x19150000, 0x1af09000, 0x43c00000)
   the space 30436K,  73% used [0x19150000, 0x1a7292b0, 0x1a729400, 0x1af09000)
 Metaspace       used 3520K, capacity 3526K, committed 3648K, reserved 4480K
}
Event: 1.081 GC heap before
{Heap before GC invocations=30 (full 2):
 def new generation   total 13824K, used 13824K [0x03c00000, 0x04af0000, 0x19150000)
  eden space 12352K, 100% used [0x03c00000, 0x04810000, 0x04810000)
  from space 1472K, 100% used [0x04980000, 0x04af0000, 0x04af0000)
  to   space 1472K,   0% used [0x04810000, 0x04810000, 0x04980000)
 tenured generation   total 30436K, used 22372K [0x19150000, 0x1af09000, 0x43c00000)
   the space 30436K,  73% used [0x19150000, 0x1a7292b0, 0x1a729400, 0x1af09000)
 Metaspace       used 3520K, capacity 3526K, committed 3648K, reserved 4480K
Event: 1.090 GC heap after
Heap after GC invocations=31 (full 2):
 def new generation   total 13824K, used 1472K [0x03c00000, 0x04af0000, 0x19150000)
  eden space 12352K,   0% used [0x03c00000, 0x03c00000, 0x04810000)
  from space 1472K, 100% used [0x04810000, 0x04980000, 0x04980000)
  to   space 1472K,   0% used [0x04980000, 0x04980000, 0x04af0000)
 tenured generation   total 30436K, used 24236K [0x19150000, 0x1af09000, 0x43c00000)
   the space 30436K,  79% used [0x19150000, 0x1a8fb2a0, 0x1a8fb400, 0x1af09000)
 Metaspace       used 3520K, capacity 3526K, committed 3648K, reserved 4480K
}
Event: 1.110 GC heap before
{Heap before GC invocations=31 (full 2):
 def new generation   total 13824K, used 13824K [0x03c00000, 0x04af0000, 0x19150000)
  eden space 12352K, 100% used [0x03c00000, 0x04810000, 0x04810000)
  from space 1472K, 100% used [0x04810000, 0x04980000, 0x04980000)
  to   space 1472K,   0% used [0x04980000, 0x04980000, 0x04af0000)
 tenured generation   total 30436K, used 24236K [0x19150000, 0x1af09000, 0x43c00000)
   the space 30436K,  79% used [0x19150000, 0x1a8fb2a0, 0x1a8fb400, 0x1af09000)
 Metaspace       used 3520K, capacity 3526K, committed 3648K, reserved 4480K
Event: 1.118 GC heap after
Heap after GC invocations=32 (full 2):
 def new generation   total 13824K, used 1472K [0x03c00000, 0x04af0000, 0x19150000)
  eden space 12352K,   0% used [0x03c00000, 0x03c00000, 0x04810000)
  from space 1472K, 100% used [0x04980000, 0x04af0000, 0x04af0000)
  to   space 1472K,   0% used [0x04810000, 0x04810000, 0x04980000)
 tenured generation   total 30436K, used 26082K [0x19150000, 0x1af09000, 0x43c00000)
   the space 30436K,  85% used [0x19150000, 0x1aac8900, 0x1aac8a00, 0x1af09000)
 Metaspace       used 3520K, capacity 3526K, committed 3648K, reserved 4480K
}
Event: 1.139 GC heap before
{Heap before GC invocations=32 (full 2):
 def new generation   total 13824K, used 13824K [0x03c00000, 0x04af0000, 0x19150000)
  eden space 12352K, 100% used [0x03c00000, 0x04810000, 0x04810000)
  from space 1472K, 100% used [0x04980000, 0x04af0000, 0x04af0000)
  to   space 1472K,   0% used [0x04810000, 0x04810000, 0x04980000)
 tenured generation   total 30436K, used 26082K [0x19150000, 0x1af09000, 0x43c00000)
   the space 30436K,  85% used [0x19150000, 0x1aac8900, 0x1aac8a00, 0x1af09000)
 Metaspace       used 3520K, capacity 3526K, committed 3648K, reserved 4480K
Event: 1.148 GC heap after
Heap after GC invocations=33 (full 2):
 def new generation   total 13824K, used 1472K [0x03c00000, 0x04af0000, 0x19150000)
  eden space 12352K,   0% used [0x03c00000, 0x03c00000, 0x04810000)
  from space 1472K, 100% used [0x04810000, 0x04980000, 0x04980000)
  to   space 1472K,   0% used [0x04980000, 0x04980000, 0x04af0000)
 tenured generation   total 30436K, used 28117K [0x19150000, 0x1af09000, 0x43c00000)
   the space 30436K,  92% used [0x19150000, 0x1acc57a8, 0x1acc5800, 0x1af09000)
 Metaspace       used 3520K, capacity 3526K, committed 3648K, reserved 4480K
}
Event: 1.170 GC heap before
{Heap before GC invocations=33 (full 2):
 def new generation   total 13824K, used 13824K [0x03c00000, 0x04af0000, 0x19150000)
  eden space 12352K, 100% used [0x03c00000, 0x04810000, 0x04810000)
  from space 1472K, 100% used [0x04810000, 0x04980000, 0x04980000)
  to   space 1472K,   0% used [0x04980000, 0x04980000, 0x04af0000)
 tenured generation   total 30436K, used 28117K [0x19150000, 0x1af09000, 0x43c00000)
   the space 30436K,  92% used [0x19150000, 0x1acc57c8, 0x1acc5800, 0x1af09000)
 Metaspace       used 3520K, capacity 3526K, committed 3648K, reserved 4480K
Event: 1.178 GC heap after
Heap after GC invocations=34 (full 2):
 def new generation   total 13824K, used 1472K [0x03c00000, 0x04af0000, 0x19150000)
  eden space 12352K,   0% used [0x03c00000, 0x03c00000, 0x04810000)
  from space 1472K, 100% used [0x04980000, 0x04af0000, 0x04af0000)
  to   space 1472K,   0% used [0x04810000, 0x04810000, 0x04980000)
 tenured generation   total 30436K, used 29935K [0x19150000, 0x1af09000, 0x43c00000)
   the space 30436K,  98% used [0x19150000, 0x1ae8beb8, 0x1ae8c000, 0x1af09000)
 Metaspace       used 3520K, capacity 3526K, committed 3648K, reserved 4480K
}
Event: 1.200 GC heap before
{Heap before GC invocations=34 (full 2):
 def new generation   total 13824K, used 13824K [0x03c00000, 0x04af0000, 0x19150000)
  eden space 12352K, 100% used [0x03c00000, 0x04810000, 0x04810000)
  from space 1472K, 100% used [0x04980000, 0x04af0000, 0x04af0000)
  to   space 1472K,   0% used [0x04810000, 0x04810000, 0x04980000)
 tenured generation   total 30436K, used 29935K [0x19150000, 0x1af09000, 0x43c00000)
   the space 30436K,  98% used [0x19150000, 0x1ae8beb8, 0x1ae8c000, 0x1af09000)
 Metaspace       used 3544K, capacity 3566K, committed 3648K, reserved 4480K

