# JRE version: Java(TM) SE Runtime Environment (8.0_101-b13) (build 1.8.0_101-b13)
# Java VM: Java HotSpot(TM) Client VM (25.101-b13 mixed mode windows-x86 )
Heap:
 def new generation   total 71552K, used 5386K [0x03c00000, 0x089a0000, 0x19150000)
  eden space 63616K,   0% used [0x03c00000, 0x03c00000, 0x07a20000)
  from space 7936K,  67% used [0x07a20000, 0x07f62bd0, 0x081e0000)
  to   space 7936K,   0% used [0x081e0000, 0x081e0000, 0x089a0000)
 tenured generation   total 166088K, used 166001K [0x19150000, 0x23382000, 0x43c00000)
   the space 166088K,  99% used [0x19150000, 0x2336c400, 0x2336c400, 0x23382000)
 Metaspace       used 3546K, capacity 3598K, committed 3648K, reserved 4480K
GC Heap History (10 events):
Event: 8.104 GC heap after
Heap after GC invocations=77 (full 5):
 def new generation   total 71552K, used 7936K [0x03c00000, 0x089a0000, 0x19150000)
  eden space 63616K,   0% used [0x03c00000, 0x03c00000, 0x07a20000)
  from space 7936K, 100% used [0x081e0000, 0x089a0000, 0x089a0000)
  to   space 7936K,   0% used [0x07a20000, 0x07a20000, 0x081e0000)
 tenured generation   total 158920K, used 133616K [0x19150000, 0x22c82000, 0x43c00000)
   the space 158920K,  84% used [0x19150000, 0x213cc2a0, 0x213cc400, 0x22c82000)
 Metaspace       used 3545K, capacity 3566K, committed 3648K, reserved 4480K
}
Event: 8.105 GC heap before
{Heap before GC invocations=77 (full 5):
 def new generation   total 71552K, used 8926K [0x03c00000, 0x089a0000, 0x19150000)
  eden space 63616K,   1% used [0x03c00000, 0x03cf7a00, 0x07a20000)
  from space 7936K, 100% used [0x081e0000, 0x089a0000, 0x089a0000)
  to   space 7936K,   0% used [0x07a20000, 0x07a20000, 0x081e0000)
 tenured generation   total 158920K, used 133616K [0x19150000, 0x22c82000, 0x43c00000)
   the space 158920K,  84% used [0x19150000, 0x213cc2a0, 0x213cc400, 0x22c82000)
 Metaspace       used 3545K, capacity 3566K, committed 3648K, reserved 4480K
Event: 8.124 GC heap after
Heap after GC invocations=78 (full 5):
 def new generation   total 71552K, used 93K [0x03c00000, 0x089a0000, 0x19150000)
  eden space 63616K,   0% used [0x03c00000, 0x03c00000, 0x07a20000)
  from space 7936K,   1% used [0x07a20000, 0x07a37418, 0x081e0000)
  to   space 7936K,   0% used [0x081e0000, 0x081e0000, 0x089a0000)
 tenured generation   total 158920K, used 141478K [0x19150000, 0x22c82000, 0x43c00000)
   the space 158920K,  89% used [0x19150000, 0x21b79b20, 0x21b79c00, 0x22c82000)
 Metaspace       used 3545K, capacity 3566K, committed 3648K, reserved 4480K
}
Event: 8.265 GC heap before
{Heap before GC invocations=78 (full 5):
 def new generation   total 71552K, used 63709K [0x03c00000, 0x089a0000, 0x19150000)
  eden space 63616K, 100% used [0x03c00000, 0x07a20000, 0x07a20000)
  from space 7936K,   1% used [0x07a20000, 0x07a37418, 0x081e0000)
  to   space 7936K,   0% used [0x081e0000, 0x081e0000, 0x089a0000)
 tenured generation   total 158920K, used 141478K [0x19150000, 0x22c82000, 0x43c00000)
   the space 158920K,  89% used [0x19150000, 0x21b79b20, 0x21b79c00, 0x22c82000)
 Metaspace       used 3545K, capacity 3566K, committed 3648K, reserved 4480K
Event: 8.293 GC heap after
Heap after GC invocations=79 (full 5):
 def new generation   total 71552K, used 7935K [0x03c00000, 0x089a0000, 0x19150000)
  eden space 63616K,   0% used [0x03c00000, 0x03c00000, 0x07a20000)
  from space 7936K,  99% used [0x081e0000, 0x0899fff8, 0x089a0000)
  to   space 7936K,   0% used [0x07a20000, 0x07a20000, 0x081e0000)
 tenured generation   total 158920K, used 143607K [0x19150000, 0x22c82000, 0x43c00000)
   the space 158920K,  90% used [0x19150000, 0x21d8dff8, 0x21d8e000, 0x22c82000)
 Metaspace       used 3545K, capacity 3566K, committed 3648K, reserved 4480K
}
Event: 8.417 GC heap before
{Heap before GC invocations=79 (full 5):
 def new generation   total 71552K, used 71551K [0x03c00000, 0x089a0000, 0x19150000)
  eden space 63616K, 100% used [0x03c00000, 0x07a20000, 0x07a20000)
  from space 7936K,  99% used [0x081e0000, 0x0899fff8, 0x089a0000)
  to   space 7936K,   0% used [0x07a20000, 0x07a20000, 0x081e0000)
 tenured generation   total 158920K, used 143607K [0x19150000, 0x22c82000, 0x43c00000)
   the space 158920K,  90% used [0x19150000, 0x21d8dff8, 0x21d8e000, 0x22c82000)
 Metaspace       used 3545K, capacity 3566K, committed 3648K, reserved 4480K
Event: 8.467 GC heap after
Heap after GC invocations=80 (full 5):
 def new generation   total 71552K, used 7936K [0x03c00000, 0x089a0000, 0x19150000)
  eden space 63616K,   0% used [0x03c00000, 0x03c00000, 0x07a20000)
  from space 7936K, 100% used [0x07a20000, 0x081e0000, 0x081e0000)
  to   space 7936K,   0% used [0x081e0000, 0x081e0000, 0x089a0000)
 tenured generation   total 158920K, used 150065K [0x19150000, 0x22c82000, 0x43c00000)
   the space 158920K,  94% used [0x19150000, 0x223dc798, 0x223dc800, 0x22c82000)
 Metaspace       used 3545K, capacity 3566K, committed 3648K, reserved 4480K
}
Event: 8.596 GC heap before
{Heap before GC invocations=80 (full 5):
 def new generation   total 71552K, used 71552K [0x03c00000, 0x089a0000, 0x19150000)
  eden space 63616K, 100% used [0x03c00000, 0x07a20000, 0x07a20000)
  from space 7936K, 100% used [0x07a20000, 0x081e0000, 0x081e0000)
  to   space 7936K,   0% used [0x081e0000, 0x081e0000, 0x089a0000)
 tenured generation   total 158920K, used 150065K [0x19150000, 0x22c82000, 0x43c00000)
   the space 158920K,  94% used [0x19150000, 0x223dc798, 0x223dc800, 0x22c82000)
 Metaspace       used 3545K, capacity 3566K, committed 3648K, reserved 4480K
Event: 8.647 GC heap after
Heap after GC invocations=81 (full 5):
 def new generation   total 71552K, used 7935K [0x03c00000, 0x089a0000, 0x19150000)
  eden space 63616K,   0% used [0x03c00000, 0x03c00000, 0x07a20000)
  from space 7936K,  99% used [0x081e0000, 0x0899fff8, 0x089a0000)
  to   space 7936K,   0% used [0x07a20000, 0x07a20000, 0x081e0000)
 tenured generation   total 158920K, used 158460K [0x19150000, 0x22c82000, 0x43c00000)
   the space 158920K,  99% used [0x19150000, 0x22c0f010, 0x22c0f200, 0x22c82000)
 Metaspace       used 3545K, capacity 3566K, committed 3648K, reserved 4480K
}
Event: 8.752 GC heap before
{Heap before GC invocations=81 (full 5):
 def new generation   total 71552K, used 71551K [0x03c00000, 0x089a0000, 0x19150000)
  eden space 63616K, 100% used [0x03c00000, 0x07a20000, 0x07a20000)
  from space 7936K,  99% used [0x081e0000, 0x0899fff8, 0x089a0000)
  to   space 7936K,   0% used [0x07a20000, 0x07a20000, 0x081e0000)
 tenured generation   total 158920K, used 158460K [0x19150000, 0x22c82000, 0x43c00000)
   the space 158920K,  99% used [0x19150000, 0x22c0f010, 0x22c0f200, 0x22c82000)
 Metaspace       used 3546K, capacity 3598K, committed 3648K, reserved 4480K

