# JRE version: Java(TM) SE Runtime Environment (8.0_101-b13) (build 1.8.0_101-b13)
# Java VM: Java HotSpot(TM) Client VM (25.101-b13 mixed mode windows-x86 )
Heap:
 def new generation   total 4928K, used 4928K [0x03c00000, 0x04150000, 0x19150000)
  eden space 4416K, 100% used [0x03c00000, 0x04050000, 0x04050000)
  from space 512K, 100% used [0x04050000, 0x040d0000, 0x040d0000)
  to   space 512K, 100% used [0x040d0000, 0x04150000, 0x04150000)
 tenured generation   total 10944K, used 4877K [0x19150000, 0x19c00000, 0x43c00000)
   the space 10944K,  44% used [0x19150000, 0x196134c8, 0x19613600, 0x19c00000)
 Metaspace       used 3444K, capacity 3526K, committed 3648K, reserved 4480K
GC Heap History (10 events):
Event: 0.139 GC heap after
Heap after GC invocations=6 (full 0):
 def new generation   total 4928K, used 2K [0x03c00000, 0x04150000, 0x19150000)
  eden space 4416K,   0% used [0x03c00000, 0x03c00000, 0x04050000)
  from space 512K,   0% used [0x04050000, 0x04050918, 0x040d0000)
  to   space 512K,   0% used [0x040d0000, 0x040d0000, 0x04150000)
 tenured generation   total 10944K, used 1151K [0x19150000, 0x19c00000, 0x43c00000)
   the space 10944K,  10% used [0x19150000, 0x1926ff58, 0x19270000, 0x19c00000)
 Metaspace       used 2166K, capacity 2406K, committed 2496K, reserved 4480K
}
Event: 0.142 GC heap before
{Heap before GC invocations=6 (full 0):
 def new generation   total 4928K, used 4418K [0x03c00000, 0x04150000, 0x19150000)
  eden space 4416K, 100% used [0x03c00000, 0x04050000, 0x04050000)
  from space 512K,   0% used [0x04050000, 0x04050918, 0x040d0000)
  to   space 512K,   0% used [0x040d0000, 0x040d0000, 0x04150000)
 tenured generation   total 10944K, used 1151K [0x19150000, 0x19c00000, 0x43c00000)
   the space 10944K,  10% used [0x19150000, 0x1926ff58, 0x19270000, 0x19c00000)
 Metaspace       used 2166K, capacity 2406K, committed 2496K, reserved 4480K
Event: 0.142 GC heap after
Heap after GC invocations=7 (full 0):
 def new generation   total 4928K, used 3K [0x03c00000, 0x04150000, 0x19150000)
  eden space 4416K,   0% used [0x03c00000, 0x03c00000, 0x04050000)
  from space 512K,   0% used [0x040d0000, 0x040d0c28, 0x04150000)
  to   space 512K,   0% used [0x04050000, 0x04050000, 0x040d0000)
 tenured generation   total 10944K, used 1151K [0x19150000, 0x19c00000, 0x43c00000)
   the space 10944K,  10% used [0x19150000, 0x1926ff58, 0x19270000, 0x19c00000)
 Metaspace       used 2166K, capacity 2406K, committed 2496K, reserved 4480K
}
Event: 0.157 GC heap before
{Heap before GC invocations=7 (full 0):
 def new generation   total 4928K, used 4419K [0x03c00000, 0x04150000, 0x19150000)
  eden space 4416K, 100% used [0x03c00000, 0x04050000, 0x04050000)
  from space 512K,   0% used [0x040d0000, 0x040d0c28, 0x04150000)
  to   space 512K,   0% used [0x04050000, 0x04050000, 0x040d0000)
 tenured generation   total 10944K, used 1151K [0x19150000, 0x19c00000, 0x43c00000)
   the space 10944K,  10% used [0x19150000, 0x1926ff58, 0x19270000, 0x19c00000)
 Metaspace       used 2322K, capacity 2470K, committed 2496K, reserved 4480K
Event: 0.158 GC heap after
Heap after GC invocations=8 (full 0):
 def new generation   total 4928K, used 288K [0x03c00000, 0x04150000, 0x19150000)
  eden space 4416K,   0% used [0x03c00000, 0x03c00000, 0x04050000)
  from space 512K,  56% used [0x04050000, 0x04098170, 0x040d0000)
  to   space 512K,   0% used [0x040d0000, 0x040d0000, 0x04150000)
 tenured generation   total 10944K, used 1151K [0x19150000, 0x19c00000, 0x43c00000)
   the space 10944K,  10% used [0x19150000, 0x1926ff58, 0x19270000, 0x19c00000)
 Metaspace       used 2322K, capacity 2470K, committed 2496K, reserved 4480K
}
Event: 0.230 GC heap before
{Heap before GC invocations=8 (full 0):
 def new generation   total 4928K, used 4704K [0x03c00000, 0x04150000, 0x19150000)
  eden space 4416K, 100% used [0x03c00000, 0x04050000, 0x04050000)
  from space 512K,  56% used [0x04050000, 0x04098170, 0x040d0000)
  to   space 512K,   0% used [0x040d0000, 0x040d0000, 0x04150000)
 tenured generation   total 10944K, used 1151K [0x19150000, 0x19c00000, 0x43c00000)
   the space 10944K,  10% used [0x19150000, 0x1926ff58, 0x19270000, 0x19c00000)
 Metaspace       used 2884K, capacity 3014K, committed 3136K, reserved 4480K
Event: 0.234 GC heap after
Heap after GC invocations=9 (full 0):
 def new generation   total 4928K, used 512K [0x03c00000, 0x04150000, 0x19150000)
  eden space 4416K,   0% used [0x03c00000, 0x03c00000, 0x04050000)
  from space 512K, 100% used [0x040d0000, 0x04150000, 0x04150000)
  to   space 512K,   0% used [0x04050000, 0x04050000, 0x040d0000)
 tenured generation   total 10944K, used 2657K [0x19150000, 0x19c00000, 0x43c00000)
   the space 10944K,  24% used [0x19150000, 0x193e86c8, 0x193e8800, 0x19c00000)
 Metaspace       used 2884K, capacity 3014K, committed 3136K, reserved 4480K
}
Event: 0.318 GC heap before
{Heap before GC invocations=9 (full 0):
 def new generation   total 4928K, used 4928K [0x03c00000, 0x04150000, 0x19150000)
  eden space 4416K, 100% used [0x03c00000, 0x04050000, 0x04050000)
  from space 512K, 100% used [0x040d0000, 0x04150000, 0x04150000)
  to   space 512K,   0% used [0x04050000, 0x04050000, 0x040d0000)
 tenured generation   total 10944K, used 2657K [0x19150000, 0x19c00000, 0x43c00000)
   the space 10944K,  24% used [0x19150000, 0x193e86c8, 0x193e8800, 0x19c00000)
 Metaspace       used 3422K, capacity 3526K, committed 3648K, reserved 4480K
Event: 0.322 GC heap after
Heap after GC invocations=10 (full 0):
 def new generation   total 4928K, used 512K [0x03c00000, 0x04150000, 0x19150000)
  eden space 4416K,   0% used [0x03c00000, 0x03c00000, 0x04050000)
  from space 512K, 100% used [0x04050000, 0x040d0000, 0x040d0000)
  to   space 512K,   0% used [0x040d0000, 0x040d0000, 0x04150000)
 tenured generation   total 10944K, used 4194K [0x19150000, 0x19c00000, 0x43c00000)
   the space 10944K,  38% used [0x19150000, 0x19568ad8, 0x19568c00, 0x19c00000)
 Metaspace       used 3422K, capacity 3526K, committed 3648K, reserved 4480K
}
Event: 0.374 GC heap before
{Heap before GC invocations=10 (full 0):
 def new generation   total 4928K, used 4928K [0x03c00000, 0x04150000, 0x19150000)
  eden space 4416K, 100% used [0x03c00000, 0x04050000, 0x04050000)
  from space 512K, 100% used [0x04050000, 0x040d0000, 0x040d0000)
  to   space 512K,   0% used [0x040d0000, 0x040d0000, 0x04150000)
 tenured generation   total 10944K, used 4194K [0x19150000, 0x19c00000, 0x43c00000)
   the space 10944K,  38% used [0x19150000, 0x19568ad8, 0x19568c00, 0x19c00000)
 Metaspace       used 3444K, capacity 3526K, committed 3648K, reserved 4480K

