# JRE version: Java(TM) SE Runtime Environment (8.0_101-b13) (build 1.8.0_101-b13)
# Java VM: Java HotSpot(TM) Client VM (25.101-b13 mixed mode windows-x86 )
Heap:
 def new generation   total 14336K, used 1536K [0x03e00000, 0x04d80000, 0x19350000)
  eden space 12800K,   0% used [0x03e00000, 0x03e00000, 0x04a80000)
  from space 1536K, 100% used [0x04c00000, 0x04d80000, 0x04d80000)
  to   space 1536K,   0% used [0x04a80000, 0x04a80000, 0x04c00000)
 tenured generation   total 31912K, used 31867K [0x19350000, 0x1b27a000, 0x43e00000)
   the space 31912K,  99% used [0x19350000, 0x1b26edf8, 0x1b26ee00, 0x1b27a000)
 Metaspace       used 3520K, capacity 3526K, committed 3648K, reserved 4480K
GC Heap History (10 events):
Event: 1.082 GC heap after
Heap after GC invocations=51 (full 2):
 def new generation   total 14336K, used 1535K [0x03e00000, 0x04d80000, 0x19350000)
  eden space 12800K,   0% used [0x03e00000, 0x03e00000, 0x04a80000)
  from space 1536K,  99% used [0x04a80000, 0x04bffff8, 0x04c00000)
  to   space 1536K,   0% used [0x04c00000, 0x04c00000, 0x04d80000)
 tenured generation   total 31656K, used 21683K [0x19350000, 0x1b23a000, 0x43e00000)
   the space 31656K,  68% used [0x19350000, 0x1a87cc58, 0x1a87ce00, 0x1b23a000)
 Metaspace       used 3520K, capacity 3526K, committed 3648K, reserved 4480K
}
Event: 1.109 GC heap before
{Heap before GC invocations=51 (full 2):
 def new generation   total 14336K, used 14335K [0x03e00000, 0x04d80000, 0x19350000)
  eden space 12800K, 100% used [0x03e00000, 0x04a80000, 0x04a80000)
  from space 1536K,  99% used [0x04a80000, 0x04bffff8, 0x04c00000)
  to   space 1536K,   0% used [0x04c00000, 0x04c00000, 0x04d80000)
 tenured generation   total 31656K, used 21683K [0x19350000, 0x1b23a000, 0x43e00000)
   the space 31656K,  68% used [0x19350000, 0x1a87cc58, 0x1a87ce00, 0x1b23a000)
 Metaspace       used 3520K, capacity 3526K, committed 3648K, reserved 4480K
Event: 1.117 GC heap after
Heap after GC invocations=52 (full 2):
 def new generation   total 14336K, used 1536K [0x03e00000, 0x04d80000, 0x19350000)
  eden space 12800K,   0% used [0x03e00000, 0x03e00000, 0x04a80000)
  from space 1536K, 100% used [0x04c00000, 0x04d80000, 0x04d80000)
  to   space 1536K,   0% used [0x04a80000, 0x04a80000, 0x04c00000)
 tenured generation   total 31656K, used 23538K [0x19350000, 0x1b23a000, 0x43e00000)
   the space 31656K,  74% used [0x19350000, 0x1aa4cb08, 0x1aa4cc00, 0x1b23a000)
 Metaspace       used 3520K, capacity 3526K, committed 3648K, reserved 4480K
}
Event: 1.151 GC heap before
{Heap before GC invocations=52 (full 2):
 def new generation   total 14336K, used 14336K [0x03e00000, 0x04d80000, 0x19350000)
  eden space 12800K, 100% used [0x03e00000, 0x04a80000, 0x04a80000)
  from space 1536K, 100% used [0x04c00000, 0x04d80000, 0x04d80000)
  to   space 1536K,   0% used [0x04a80000, 0x04a80000, 0x04c00000)
 tenured generation   total 31656K, used 23538K [0x19350000, 0x1b23a000, 0x43e00000)
   the space 31656K,  74% used [0x19350000, 0x1aa4cb08, 0x1aa4cc00, 0x1b23a000)
 Metaspace       used 3520K, capacity 3526K, committed 3648K, reserved 4480K
Event: 1.160 GC heap after
Heap after GC invocations=53 (full 2):
 def new generation   total 14336K, used 1535K [0x03e00000, 0x04d80000, 0x19350000)
  eden space 12800K,   0% used [0x03e00000, 0x03e00000, 0x04a80000)
  from space 1536K,  99% used [0x04a80000, 0x04bffff8, 0x04c00000)
  to   space 1536K,   0% used [0x04c00000, 0x04c00000, 0x04d80000)
 tenured generation   total 31656K, used 25530K [0x19350000, 0x1b23a000, 0x43e00000)
   the space 31656K,  80% used [0x19350000, 0x1ac3e8d0, 0x1ac3ea00, 0x1b23a000)
 Metaspace       used 3520K, capacity 3526K, committed 3648K, reserved 4480K
}
Event: 1.185 GC heap before
{Heap before GC invocations=53 (full 2):
 def new generation   total 14336K, used 14335K [0x03e00000, 0x04d80000, 0x19350000)
  eden space 12800K, 100% used [0x03e00000, 0x04a80000, 0x04a80000)
  from space 1536K,  99% used [0x04a80000, 0x04bffff8, 0x04c00000)
  to   space 1536K,   0% used [0x04c00000, 0x04c00000, 0x04d80000)
 tenured generation   total 31656K, used 25530K [0x19350000, 0x1b23a000, 0x43e00000)
   the space 31656K,  80% used [0x19350000, 0x1ac3e8d0, 0x1ac3ea00, 0x1b23a000)
 Metaspace       used 3520K, capacity 3526K, committed 3648K, reserved 4480K
Event: 1.195 GC heap after
Heap after GC invocations=54 (full 2):
 def new generation   total 14336K, used 1536K [0x03e00000, 0x04d80000, 0x19350000)
  eden space 12800K,   0% used [0x03e00000, 0x03e00000, 0x04a80000)
  from space 1536K, 100% used [0x04c00000, 0x04d80000, 0x04d80000)
  to   space 1536K,   0% used [0x04a80000, 0x04a80000, 0x04c00000)
 tenured generation   total 31656K, used 27771K [0x19350000, 0x1b23a000, 0x43e00000)
   the space 31656K,  87% used [0x19350000, 0x1ae6eef8, 0x1ae6f000, 0x1b23a000)
 Metaspace       used 3520K, capacity 3526K, committed 3648K, reserved 4480K
}
Event: 1.216 GC heap before
{Heap before GC invocations=54 (full 2):
 def new generation   total 14336K, used 14336K [0x03e00000, 0x04d80000, 0x19350000)
  eden space 12800K, 100% used [0x03e00000, 0x04a80000, 0x04a80000)
  from space 1536K, 100% used [0x04c00000, 0x04d80000, 0x04d80000)
  to   space 1536K,   0% used [0x04a80000, 0x04a80000, 0x04c00000)
 tenured generation   total 31656K, used 27771K [0x19350000, 0x1b23a000, 0x43e00000)
   the space 31656K,  87% used [0x19350000, 0x1ae6eef8, 0x1ae6f000, 0x1b23a000)
 Metaspace       used 3520K, capacity 3526K, committed 3648K, reserved 4480K
Event: 1.225 GC heap after
Heap after GC invocations=55 (full 2):
 def new generation   total 14336K, used 1535K [0x03e00000, 0x04d80000, 0x19350000)
  eden space 12800K,   0% used [0x03e00000, 0x03e00000, 0x04a80000)
  from space 1536K,  99% used [0x04a80000, 0x04bffff8, 0x04c00000)
  to   space 1536K,   0% used [0x04c00000, 0x04c00000, 0x04d80000)
 tenured generation   total 31656K, used 29532K [0x19350000, 0x1b23a000, 0x43e00000)
   the space 31656K,  93% used [0x19350000, 0x1b0272f8, 0x1b027400, 0x1b23a000)
 Metaspace       used 3520K, capacity 3526K, committed 3648K, reserved 4480K
}
Event: 1.249 GC heap before
{Heap before GC invocations=55 (full 2):
 def new generation   total 14336K, used 14335K [0x03e00000, 0x04d80000, 0x19350000)
  eden space 12800K, 100% used [0x03e00000, 0x04a80000, 0x04a80000)
  from space 1536K,  99% used [0x04a80000, 0x04bffff8, 0x04c00000)
  to   space 1536K,   0% used [0x04c00000, 0x04c00000, 0x04d80000)
 tenured generation   total 31656K, used 29532K [0x19350000, 0x1b23a000, 0x43e00000)
   the space 31656K,  93% used [0x19350000, 0x1b0272f8, 0x1b027400, 0x1b23a000)
 Metaspace       used 3520K, capacity 3526K, committed 3648K, reserved 4480K

