# JRE version: Java(TM) SE Runtime Environment (8.0_101-b13) (build 1.8.0_101-b13)
# Java VM: Java HotSpot(TM) Client VM (25.101-b13 mixed mode windows-x86 )
Heap:
 def new generation   total 198848K, used 22080K [0x03e00000, 0x115c0000, 0x19350000)
  eden space 176768K,   0% used [0x03e00000, 0x03e00000, 0x0eaa0000)
  from space 22080K, 100% used [0x0eaa0000, 0x10030000, 0x10030000)
  to   space 22080K,   0% used [0x10030000, 0x10030000, 0x115c0000)
 tenured generation   total 456920K, used 456863K [0x19350000, 0x35186000, 0x43e00000)
   the space 456920K,  99% used [0x19350000, 0x35177da8, 0x35177e00, 0x35186000)
 Metaspace       used 3546K, capacity 3598K, committed 3648K, reserved 4480K
GC Heap History (10 events):
Event: 8.335 GC heap after
Heap after GC invocations=92 (full 7):
 def new generation   total 198848K, used 22080K [0x03e00000, 0x115c0000, 0x19350000)
  eden space 176768K,   0% used [0x03e00000, 0x03e00000, 0x0eaa0000)
  from space 22080K, 100% used [0x10030000, 0x115c0000, 0x115c0000)
  to   space 22080K,   0% used [0x0eaa0000, 0x0eaa0000, 0x10030000)
 tenured generation   total 441688K, used 332095K [0x19350000, 0x342a6000, 0x43e00000)
   the space 441688K,  75% used [0x19350000, 0x2d79fdd0, 0x2d79fe00, 0x342a6000)
 Metaspace       used 3546K, capacity 3598K, committed 3648K, reserved 4480K
}
Event: 8.614 GC heap before
{Heap before GC invocations=92 (full 7):
 def new generation   total 198848K, used 198848K [0x03e00000, 0x115c0000, 0x19350000)
  eden space 176768K, 100% used [0x03e00000, 0x0eaa0000, 0x0eaa0000)
  from space 22080K, 100% used [0x10030000, 0x115c0000, 0x115c0000)
  to   space 22080K,   0% used [0x0eaa0000, 0x0eaa0000, 0x10030000)
 tenured generation   total 441688K, used 332095K [0x19350000, 0x342a6000, 0x43e00000)
   the space 441688K,  75% used [0x19350000, 0x2d79fdd0, 0x2d79fe00, 0x342a6000)
 Metaspace       used 3546K, capacity 3598K, committed 3648K, reserved 4480K
Event: 8.732 GC heap after
Heap after GC invocations=93 (full 7):
 def new generation   total 198848K, used 22080K [0x03e00000, 0x115c0000, 0x19350000)
  eden space 176768K,   0% used [0x03e00000, 0x03e00000, 0x0eaa0000)
  from space 22080K, 100% used [0x0eaa0000, 0x10030000, 0x10030000)
  to   space 22080K,   0% used [0x10030000, 0x10030000, 0x115c0000)
 tenured generation   total 441688K, used 358054K [0x19350000, 0x342a6000, 0x43e00000)
   the space 441688K,  81% used [0x19350000, 0x2f0f9900, 0x2f0f9a00, 0x342a6000)
 Metaspace       used 3546K, capacity 3598K, committed 3648K, reserved 4480K
}
Event: 9.012 GC heap before
{Heap before GC invocations=93 (full 7):
 def new generation   total 198848K, used 198848K [0x03e00000, 0x115c0000, 0x19350000)
  eden space 176768K, 100% used [0x03e00000, 0x0eaa0000, 0x0eaa0000)
  from space 22080K, 100% used [0x0eaa0000, 0x10030000, 0x10030000)
  to   space 22080K,   0% used [0x10030000, 0x10030000, 0x115c0000)
 tenured generation   total 441688K, used 358054K [0x19350000, 0x342a6000, 0x43e00000)
   the space 441688K,  81% used [0x19350000, 0x2f0f9900, 0x2f0f9a00, 0x342a6000)
 Metaspace       used 3546K, capacity 3598K, committed 3648K, reserved 4480K
Event: 9.131 GC heap after
Heap after GC invocations=94 (full 7):
 def new generation   total 198848K, used 22079K [0x03e00000, 0x115c0000, 0x19350000)
  eden space 176768K,   0% used [0x03e00000, 0x03e00000, 0x0eaa0000)
  from space 22080K,  99% used [0x10030000, 0x115bfff8, 0x115c0000)
  to   space 22080K,   0% used [0x0eaa0000, 0x0eaa0000, 0x10030000)
 tenured generation   total 441688K, used 384098K [0x19350000, 0x342a6000, 0x43e00000)
   the space 441688K,  86% used [0x19350000, 0x30a68ac8, 0x30a68c00, 0x342a6000)
 Metaspace       used 3546K, capacity 3598K, committed 3648K, reserved 4480K
}
Event: 9.425 GC heap before
{Heap before GC invocations=94 (full 7):
 def new generation   total 198848K, used 198847K [0x03e00000, 0x115c0000, 0x19350000)
  eden space 176768K, 100% used [0x03e00000, 0x0eaa0000, 0x0eaa0000)
  from space 22080K,  99% used [0x10030000, 0x115bfff8, 0x115c0000)
  to   space 22080K,   0% used [0x0eaa0000, 0x0eaa0000, 0x10030000)
 tenured generation   total 441688K, used 384098K [0x19350000, 0x342a6000, 0x43e00000)
   the space 441688K,  86% used [0x19350000, 0x30a68ac8, 0x30a68c00, 0x342a6000)
 Metaspace       used 3546K, capacity 3598K, committed 3648K, reserved 4480K
Event: 9.536 GC heap after
Heap after GC invocations=95 (full 7):
 def new generation   total 198848K, used 22079K [0x03e00000, 0x115c0000, 0x19350000)
  eden space 176768K,   0% used [0x03e00000, 0x03e00000, 0x0eaa0000)
  from space 22080K,  99% used [0x0eaa0000, 0x1002fff8, 0x10030000)
  to   space 22080K,   0% used [0x10030000, 0x10030000, 0x115c0000)
 tenured generation   total 441688K, used 409603K [0x19350000, 0x342a6000, 0x43e00000)
   the space 441688K,  92% used [0x19350000, 0x32350e98, 0x32351000, 0x342a6000)
 Metaspace       used 3546K, capacity 3598K, committed 3648K, reserved 4480K
}
Event: 9.811 GC heap before
{Heap before GC invocations=95 (full 7):
 def new generation   total 198848K, used 198847K [0x03e00000, 0x115c0000, 0x19350000)
  eden space 176768K, 100% used [0x03e00000, 0x0eaa0000, 0x0eaa0000)
  from space 22080K,  99% used [0x0eaa0000, 0x1002fff8, 0x10030000)
  to   space 22080K,   0% used [0x10030000, 0x10030000, 0x115c0000)
 tenured generation   total 441688K, used 409603K [0x19350000, 0x342a6000, 0x43e00000)
   the space 441688K,  92% used [0x19350000, 0x32350e98, 0x32351000, 0x342a6000)
 Metaspace       used 3546K, capacity 3598K, committed 3648K, reserved 4480K
Event: 9.924 GC heap after
Heap after GC invocations=96 (full 7):
 def new generation   total 198848K, used 22079K [0x03e00000, 0x115c0000, 0x19350000)
  eden space 176768K,   0% used [0x03e00000, 0x03e00000, 0x0eaa0000)
  from space 22080K,  99% used [0x10030000, 0x115bfff8, 0x115c0000)
  to   space 22080K,   0% used [0x0eaa0000, 0x0eaa0000, 0x10030000)
 tenured generation   total 441688K, used 433077K [0x19350000, 0x342a6000, 0x43e00000)
   the space 441688K,  98% used [0x19350000, 0x33a3d690, 0x33a3d800, 0x342a6000)
 Metaspace       used 3546K, capacity 3598K, committed 3648K, reserved 4480K
}
Event: 10.217 GC heap before
{Heap before GC invocations=96 (full 7):
 def new generation   total 198848K, used 198847K [0x03e00000, 0x115c0000, 0x19350000)
  eden space 176768K, 100% used [0x03e00000, 0x0eaa0000, 0x0eaa0000)
  from space 22080K,  99% used [0x10030000, 0x115bfff8, 0x115c0000)
  to   space 22080K,   0% used [0x0eaa0000, 0x0eaa0000, 0x10030000)
 tenured generation   total 441688K, used 433077K [0x19350000, 0x342a6000, 0x43e00000)
   the space 441688K,  98% used [0x19350000, 0x33a3d690, 0x33a3d800, 0x342a6000)
 Metaspace       used 3546K, capacity 3598K, committed 3648K, reserved 4480K

