# JRE version: Java(TM) SE Runtime Environment (8.0_101-b13) (build 1.8.0_101-b13)
# Java VM: Java HotSpot(TM) Client VM (25.101-b13 mixed mode windows-x86 )
Heap:
 def new generation   total 25216K, used 2752K [0x03c00000, 0x05750000, 0x19150000)
  eden space 22464K,   0% used [0x03c00000, 0x03c00000, 0x051f0000)
  from space 2752K, 100% used [0x051f0000, 0x054a0000, 0x054a0000)
  to   space 2752K,   0% used [0x054a0000, 0x054a0000, 0x05750000)
 tenured generation   total 57580K, used 57477K [0x19150000, 0x1c98b000, 0x43c00000)
   the space 57580K,  99% used [0x19150000, 0x1c971648, 0x1c971800, 0x1c98b000)
 Metaspace       used 3557K, capacity 3598K, committed 3648K, reserved 4480K
GC Heap History (10 events):
Event: 1.522 GC heap after
Heap after GC invocations=59 (full 3):
 def new generation   total 25216K, used 2752K [0x03c00000, 0x05750000, 0x19150000)
  eden space 22464K,   0% used [0x03c00000, 0x03c00000, 0x051f0000)
  from space 2752K, 100% used [0x054a0000, 0x05750000, 0x05750000)
  to   space 2752K,   0% used [0x051f0000, 0x051f0000, 0x054a0000)
 tenured generation   total 55788K, used 41002K [0x19150000, 0x1c7cb000, 0x43c00000)
   the space 55788K,  73% used [0x19150000, 0x1b95a9c0, 0x1b95aa00, 0x1c7cb000)
 Metaspace       used 3557K, capacity 3598K, committed 3648K, reserved 4480K
}
Event: 1.560 GC heap before
{Heap before GC invocations=59 (full 3):
 def new generation   total 25216K, used 25216K [0x03c00000, 0x05750000, 0x19150000)
  eden space 22464K, 100% used [0x03c00000, 0x051f0000, 0x051f0000)
  from space 2752K, 100% used [0x054a0000, 0x05750000, 0x05750000)
  to   space 2752K,   0% used [0x051f0000, 0x051f0000, 0x054a0000)
 tenured generation   total 55788K, used 41002K [0x19150000, 0x1c7cb000, 0x43c00000)
   the space 55788K,  73% used [0x19150000, 0x1b95a9c0, 0x1b95aa00, 0x1c7cb000)
 Metaspace       used 3557K, capacity 3598K, committed 3648K, reserved 4480K
Event: 1.576 GC heap after
Heap after GC invocations=60 (full 3):
 def new generation   total 25216K, used 2752K [0x03c00000, 0x05750000, 0x19150000)
  eden space 22464K,   0% used [0x03c00000, 0x03c00000, 0x051f0000)
  from space 2752K, 100% used [0x051f0000, 0x054a0000, 0x054a0000)
  to   space 2752K,   0% used [0x054a0000, 0x054a0000, 0x05750000)
 tenured generation   total 55788K, used 44815K [0x19150000, 0x1c7cb000, 0x43c00000)
   the space 55788K,  80% used [0x19150000, 0x1bd13c90, 0x1bd13e00, 0x1c7cb000)
 Metaspace       used 3557K, capacity 3598K, committed 3648K, reserved 4480K
}
Event: 1.616 GC heap before
{Heap before GC invocations=60 (full 3):
 def new generation   total 25216K, used 25216K [0x03c00000, 0x05750000, 0x19150000)
  eden space 22464K, 100% used [0x03c00000, 0x051f0000, 0x051f0000)
  from space 2752K, 100% used [0x051f0000, 0x054a0000, 0x054a0000)
  to   space 2752K,   0% used [0x054a0000, 0x054a0000, 0x05750000)
 tenured generation   total 55788K, used 44815K [0x19150000, 0x1c7cb000, 0x43c00000)
   the space 55788K,  80% used [0x19150000, 0x1bd13c90, 0x1bd13e00, 0x1c7cb000)
 Metaspace       used 3557K, capacity 3598K, committed 3648K, reserved 4480K
Event: 1.630 GC heap after
Heap after GC invocations=61 (full 3):
 def new generation   total 25216K, used 2752K [0x03c00000, 0x05750000, 0x19150000)
  eden space 22464K,   0% used [0x03c00000, 0x03c00000, 0x051f0000)
  from space 2752K, 100% used [0x054a0000, 0x05750000, 0x05750000)
  to   space 2752K,   0% used [0x051f0000, 0x051f0000, 0x054a0000)
 tenured generation   total 55788K, used 47973K [0x19150000, 0x1c7cb000, 0x43c00000)
   the space 55788K,  85% used [0x19150000, 0x1c029518, 0x1c029600, 0x1c7cb000)
 Metaspace       used 3557K, capacity 3598K, committed 3648K, reserved 4480K
}
Event: 1.667 GC heap before
{Heap before GC invocations=61 (full 3):
 def new generation   total 25216K, used 25216K [0x03c00000, 0x05750000, 0x19150000)
  eden space 22464K, 100% used [0x03c00000, 0x051f0000, 0x051f0000)
  from space 2752K, 100% used [0x054a0000, 0x05750000, 0x05750000)
  to   space 2752K,   0% used [0x051f0000, 0x051f0000, 0x054a0000)
 tenured generation   total 55788K, used 47973K [0x19150000, 0x1c7cb000, 0x43c00000)
   the space 55788K,  85% used [0x19150000, 0x1c029518, 0x1c029600, 0x1c7cb000)
 Metaspace       used 3557K, capacity 3598K, committed 3648K, reserved 4480K
Event: 1.680 GC heap after
Heap after GC invocations=62 (full 3):
 def new generation   total 25216K, used 2751K [0x03c00000, 0x05750000, 0x19150000)
  eden space 22464K,   0% used [0x03c00000, 0x03c00000, 0x051f0000)
  from space 2752K,  99% used [0x051f0000, 0x0549fff8, 0x054a0000)
  to   space 2752K,   0% used [0x054a0000, 0x054a0000, 0x05750000)
 tenured generation   total 55788K, used 50791K [0x19150000, 0x1c7cb000, 0x43c00000)
   the space 55788K,  91% used [0x19150000, 0x1c2e9fd8, 0x1c2ea000, 0x1c7cb000)
 Metaspace       used 3557K, capacity 3598K, committed 3648K, reserved 4480K
}
Event: 1.735 GC heap before
{Heap before GC invocations=62 (full 3):
 def new generation   total 25216K, used 25215K [0x03c00000, 0x05750000, 0x19150000)
  eden space 22464K, 100% used [0x03c00000, 0x051f0000, 0x051f0000)
  from space 2752K,  99% used [0x051f0000, 0x0549fff8, 0x054a0000)
  to   space 2752K,   0% used [0x054a0000, 0x054a0000, 0x05750000)
 tenured generation   total 55788K, used 50791K [0x19150000, 0x1c7cb000, 0x43c00000)
   the space 55788K,  91% used [0x19150000, 0x1c2e9fd8, 0x1c2ea000, 0x1c7cb000)
 Metaspace       used 3557K, capacity 3598K, committed 3648K, reserved 4480K
Event: 1.749 GC heap after
Heap after GC invocations=63 (full 3):
 def new generation   total 25216K, used 2751K [0x03c00000, 0x05750000, 0x19150000)
  eden space 22464K,   0% used [0x03c00000, 0x03c00000, 0x051f0000)
  from space 2752K,  99% used [0x054a0000, 0x0574fff8, 0x05750000)
  to   space 2752K,   0% used [0x051f0000, 0x051f0000, 0x054a0000)
 tenured generation   total 55788K, used 53950K [0x19150000, 0x1c7cb000, 0x43c00000)
   the space 55788K,  96% used [0x19150000, 0x1c5ff848, 0x1c5ffa00, 0x1c7cb000)
 Metaspace       used 3557K, capacity 3598K, committed 3648K, reserved 4480K
}
Event: 1.784 GC heap before
{Heap before GC invocations=63 (full 3):
 def new generation   total 25216K, used 25215K [0x03c00000, 0x05750000, 0x19150000)
  eden space 22464K, 100% used [0x03c00000, 0x051f0000, 0x051f0000)
  from space 2752K,  99% used [0x054a0000, 0x0574fff8, 0x05750000)
  to   space 2752K,   0% used [0x051f0000, 0x051f0000, 0x054a0000)
 tenured generation   total 55788K, used 53950K [0x19150000, 0x1c7cb000, 0x43c00000)
   the space 55788K,  96% used [0x19150000, 0x1c5ff848, 0x1c5ffa00, 0x1c7cb000)
 Metaspace       used 3557K, capacity 3598K, committed 3648K, reserved 4480K

