# JRE version: Java(TM) SE Runtime Environment (8.0_101-b13) (build 1.8.0_101-b13)
# Java VM: Java HotSpot(TM) Client VM (25.101-b13 mixed mode windows-x86 )
Heap:
 def new generation   total 314560K, used 314560K [0x03c00000, 0x19150000, 0x19150000)
  eden space 279616K, 100% used [0x03c00000, 0x14d10000, 0x14d10000)
  from space 34944K, 100% used [0x16f30000, 0x19150000, 0x19150000)
  to   space 34944K,  99% used [0x14d10000, 0x16f2fff8, 0x16f30000)
 tenured generation   total 699072K, used 546374K [0x19150000, 0x43c00000, 0x43c00000)
   the space 699072K,  78% used [0x19150000, 0x3a6e18b0, 0x3a6e1a00, 0x43c00000)
 Metaspace       used 3547K, capacity 3598K, committed 3648K, reserved 4480K
GC Heap History (10 events):
Event: 9.715 GC heap after
Heap after GC invocations=94 (full 7):
 def new generation   total 206464K, used 22912K [0x03c00000, 0x11c00000, 0x19150000)
  eden space 183552K,   0% used [0x03c00000, 0x03c00000, 0x0ef40000)
  from space 22912K, 100% used [0x105a0000, 0x11c00000, 0x11c00000)
  to   space 22912K,   0% used [0x0ef40000, 0x0ef40000, 0x105a0000)
 tenured generation   total 458696K, used 397291K [0x19150000, 0x35142000, 0x43c00000)
   the space 458696K,  86% used [0x19150000, 0x3154ac00, 0x3154ac00, 0x35142000)
 Metaspace       used 3547K, capacity 3598K, committed 3648K, reserved 4480K
}
Event: 10.023 GC heap before
{Heap before GC invocations=94 (full 7):
 def new generation   total 206464K, used 206464K [0x03c00000, 0x11c00000, 0x19150000)
  eden space 183552K, 100% used [0x03c00000, 0x0ef40000, 0x0ef40000)
  from space 22912K, 100% used [0x105a0000, 0x11c00000, 0x11c00000)
  to   space 22912K,   0% used [0x0ef40000, 0x0ef40000, 0x105a0000)
 tenured generation   total 458696K, used 397291K [0x19150000, 0x35142000, 0x43c00000)
   the space 458696K,  86% used [0x19150000, 0x3154ac00, 0x3154ac00, 0x35142000)
 Metaspace       used 3547K, capacity 3598K, committed 3648K, reserved 4480K
Event: 10.141 GC heap after
Heap after GC invocations=95 (full 7):
 def new generation   total 206464K, used 22911K [0x03c00000, 0x11c00000, 0x19150000)
  eden space 183552K,   0% used [0x03c00000, 0x03c00000, 0x0ef40000)
  from space 22912K,  99% used [0x0ef40000, 0x1059fff8, 0x105a0000)
  to   space 22912K,   0% used [0x105a0000, 0x105a0000, 0x11c00000)
 tenured generation   total 458696K, used 422511K [0x19150000, 0x35142000, 0x43c00000)
   the space 458696K,  92% used [0x19150000, 0x32debdd8, 0x32debe00, 0x35142000)
 Metaspace       used 3547K, capacity 3598K, committed 3648K, reserved 4480K
}
Event: 10.417 GC heap before
{Heap before GC invocations=95 (full 7):
 def new generation   total 206464K, used 206463K [0x03c00000, 0x11c00000, 0x19150000)
  eden space 183552K, 100% used [0x03c00000, 0x0ef40000, 0x0ef40000)
  from space 22912K,  99% used [0x0ef40000, 0x1059fff8, 0x105a0000)
  to   space 22912K,   0% used [0x105a0000, 0x105a0000, 0x11c00000)
 tenured generation   total 458696K, used 422511K [0x19150000, 0x35142000, 0x43c00000)
   the space 458696K,  92% used [0x19150000, 0x32debdd8, 0x32debe00, 0x35142000)
 Metaspace       used 3547K, capacity 3598K, committed 3648K, reserved 4480K
Event: 10.535 GC heap after
Heap after GC invocations=96 (full 7):
 def new generation   total 206464K, used 22911K [0x03c00000, 0x11c00000, 0x19150000)
  eden space 183552K,   0% used [0x03c00000, 0x03c00000, 0x0ef40000)
  from space 22912K,  99% used [0x105a0000, 0x11bffff8, 0x11c00000)
  to   space 22912K,   0% used [0x0ef40000, 0x0ef40000, 0x105a0000)
 tenured generation   total 458696K, used 448676K [0x19150000, 0x35142000, 0x43c00000)
   the space 458696K,  97% used [0x19150000, 0x347790b8, 0x34779200, 0x35142000)
 Metaspace       used 3547K, capacity 3598K, committed 3648K, reserved 4480K
}
Event: 10.857 GC heap before
{Heap before GC invocations=96 (full 7):
 def new generation   total 206464K, used 206463K [0x03c00000, 0x11c00000, 0x19150000)
  eden space 183552K, 100% used [0x03c00000, 0x0ef40000, 0x0ef40000)
  from space 22912K,  99% used [0x105a0000, 0x11bffff8, 0x11c00000)
  to   space 22912K,   0% used [0x0ef40000, 0x0ef40000, 0x105a0000)
 tenured generation   total 458696K, used 448676K [0x19150000, 0x35142000, 0x43c00000)
   the space 458696K,  97% used [0x19150000, 0x347790b8, 0x34779200, 0x35142000)
 Metaspace       used 3547K, capacity 3598K, committed 3648K, reserved 4480K
Event: 12.367 GC heap after
Heap after GC invocations=97 (full 8):
 def new generation   total 314560K, used 6824K [0x03c00000, 0x19150000, 0x19150000)
  eden space 279616K,   2% used [0x03c00000, 0x042aa020, 0x14d10000)
  from space 34944K,   0% used [0x14d10000, 0x14d10000, 0x16f30000)
  to   space 34944K,   0% used [0x16f30000, 0x16f30000, 0x19150000)
 tenured generation   total 699072K, used 472135K [0x19150000, 0x43c00000, 0x43c00000)
   the space 699072K,  67% used [0x19150000, 0x35e61fe8, 0x35e62000, 0x43c00000)
 Metaspace       used 3547K, capacity 3598K, committed 3648K, reserved 4480K
}
Event: 12.846 GC heap before
{Heap before GC invocations=97 (full 8):
 def new generation   total 314560K, used 279616K [0x03c00000, 0x19150000, 0x19150000)
  eden space 279616K, 100% used [0x03c00000, 0x14d10000, 0x14d10000)
  from space 34944K,   0% used [0x14d10000, 0x14d10000, 0x16f30000)
  to   space 34944K,   0% used [0x16f30000, 0x16f30000, 0x19150000)
 tenured generation   total 699072K, used 472135K [0x19150000, 0x43c00000, 0x43c00000)
   the space 699072K,  67% used [0x19150000, 0x35e61fe8, 0x35e62000, 0x43c00000)
 Metaspace       used 3547K, capacity 3598K, committed 3648K, reserved 4480K
Event: 13.207 GC heap after
Heap after GC invocations=98 (full 8):
 def new generation   total 314560K, used 34944K [0x03c00000, 0x19150000, 0x19150000)
  eden space 279616K,   0% used [0x03c00000, 0x03c00000, 0x14d10000)
  from space 34944K, 100% used [0x16f30000, 0x19150000, 0x19150000)
  to   space 34944K,   0% used [0x14d10000, 0x14d10000, 0x16f30000)
 tenured generation   total 699072K, used 484923K [0x19150000, 0x43c00000, 0x43c00000)
   the space 699072K,  69% used [0x19150000, 0x36adedb8, 0x36adee00, 0x43c00000)
 Metaspace       used 3547K, capacity 3598K, committed 3648K, reserved 4480K
}
Event: 14.894 GC heap before
{Heap before GC invocations=98 (full 8):
 def new generation   total 314560K, used 314560K [0x03c00000, 0x19150000, 0x19150000)
  eden space 279616K, 100% used [0x03c00000, 0x14d10000, 0x14d10000)
  from space 34944K, 100% used [0x16f30000, 0x19150000, 0x19150000)
  to   space 34944K,   0% used [0x14d10000, 0x14d10000, 0x16f30000)
 tenured generation   total 699072K, used 484923K [0x19150000, 0x43c00000, 0x43c00000)
   the space 699072K,  69% used [0x19150000, 0x36adedb8, 0x36adee00, 0x43c00000)
 Metaspace       used 3547K, capacity 3598K, committed 3648K, reserved 4480K

