# JRE version: Java(TM) SE Runtime Environment (8.0_101-b13) (build 1.8.0_101-b13)
# Java VM: Java HotSpot(TM) Client VM (25.101-b13 mixed mode windows-x86 )
Heap:
 def new generation   total 118080K, used 21673K [0x03c00000, 0x0bc10000, 0x19150000)
  eden space 105024K,   8% used [0x03c00000, 0x0446a730, 0x0a290000)
  from space 13056K,  99% used [0x0af50000, 0x0bc0fff8, 0x0bc10000)
  to   space 13056K,   0% used [0x0a290000, 0x0a290000, 0x0af50000)
 tenured generation   total 262136K, used 194461K [0x19150000, 0x2914e000, 0x43c00000)
   the space 262136K,  74% used [0x19150000, 0x24f374d8, 0x24f37600, 0x2914e000)
 Metaspace       used 3575K, capacity 3598K, committed 3648K, reserved 4480K
GC Heap History (10 events):
Event: 3.775 GC heap before
{Heap before GC invocations=58 (full 5):
 def new generation   total 68032K, used 68032K [0x03c00000, 0x085d0000, 0x19150000)
  eden space 60480K, 100% used [0x03c00000, 0x07710000, 0x07710000)
  from space 7552K, 100% used [0x07710000, 0x07e70000, 0x07e70000)
  to   space 7552K,   0% used [0x07e70000, 0x07e70000, 0x085d0000)
 tenured generation   total 151008K, used 140597K [0x19150000, 0x224c8000, 0x43c00000)
   the space 151008K,  93% used [0x19150000, 0x21a9d5e8, 0x21a9d600, 0x224c8000)
 Metaspace       used 3545K, capacity 3598K, committed 3648K, reserved 4480K
Event: 3.817 GC heap after
Heap after GC invocations=59 (full 5):
 def new generation   total 68032K, used 7552K [0x03c00000, 0x085d0000, 0x19150000)
  eden space 60480K,   0% used [0x03c00000, 0x03c00000, 0x07710000)
  from space 7552K, 100% used [0x07e70000, 0x085d0000, 0x085d0000)
  to   space 7552K,   0% used [0x07710000, 0x07710000, 0x07e70000)
 tenured generation   total 151008K, used 149942K [0x19150000, 0x224c8000, 0x43c00000)
   the space 151008K,  99% used [0x19150000, 0x223bd890, 0x223bda00, 0x224c8000)
 Metaspace       used 3545K, capacity 3598K, committed 3648K, reserved 4480K
}
Event: 3.936 GC heap before
{Heap before GC invocations=59 (full 5):
 def new generation   total 68032K, used 68032K [0x03c00000, 0x085d0000, 0x19150000)
  eden space 60480K, 100% used [0x03c00000, 0x07710000, 0x07710000)
  from space 7552K, 100% used [0x07e70000, 0x085d0000, 0x085d0000)
  to   space 7552K,   0% used [0x07710000, 0x07710000, 0x07e70000)
 tenured generation   total 151008K, used 149942K [0x19150000, 0x224c8000, 0x43c00000)
   the space 151008K,  99% used [0x19150000, 0x223bd890, 0x223bda00, 0x224c8000)
 Metaspace       used 3545K, capacity 3598K, committed 3648K, reserved 4480K
Event: 4.336 GC heap after
Heap after GC invocations=60 (full 6):
 def new generation   total 118080K, used 7481K [0x03c00000, 0x0bc10000, 0x19150000)
  eden space 105024K,   7% used [0x03c00000, 0x0434e7e8, 0x0a290000)
  from space 13056K,   0% used [0x0a290000, 0x0a290000, 0x0af50000)
  to   space 13056K,   0% used [0x0af50000, 0x0af50000, 0x0bc10000)
 tenured generation   total 262136K, used 157279K [0x19150000, 0x2914e000, 0x43c00000)
   the space 262136K,  59% used [0x19150000, 0x22ae7ff0, 0x22ae8000, 0x2914e000)
 Metaspace       used 3545K, capacity 3598K, committed 3648K, reserved 4480K
}
Event: 4.510 GC heap before
{Heap before GC invocations=60 (full 6):
 def new generation   total 118080K, used 105024K [0x03c00000, 0x0bc10000, 0x19150000)
  eden space 105024K, 100% used [0x03c00000, 0x0a290000, 0x0a290000)
  from space 13056K,   0% used [0x0a290000, 0x0a290000, 0x0af50000)
  to   space 13056K,   0% used [0x0af50000, 0x0af50000, 0x0bc10000)
 tenured generation   total 262136K, used 157279K [0x19150000, 0x2914e000, 0x43c00000)
   the space 262136K,  59% used [0x19150000, 0x22ae7ff0, 0x22ae8000, 0x2914e000)
 Metaspace       used 3545K, capacity 3598K, committed 3648K, reserved 4480K
Event: 4.640 GC heap after
Heap after GC invocations=61 (full 6):
 def new generation   total 118080K, used 13056K [0x03c00000, 0x0bc10000, 0x19150000)
  eden space 105024K,   0% used [0x03c00000, 0x03c00000, 0x0a290000)
  from space 13056K, 100% used [0x0af50000, 0x0bc10000, 0x0bc10000)
  to   space 13056K,   0% used [0x0a290000, 0x0a290000, 0x0af50000)
 tenured generation   total 262136K, used 165457K [0x19150000, 0x2914e000, 0x43c00000)
   the space 262136K,  63% used [0x19150000, 0x232e4420, 0x232e4600, 0x2914e000)
 Metaspace       used 3545K, capacity 3598K, committed 3648K, reserved 4480K
}
Event: 4.815 GC heap before
{Heap before GC invocations=61 (full 6):
 def new generation   total 118080K, used 118080K [0x03c00000, 0x0bc10000, 0x19150000)
  eden space 105024K, 100% used [0x03c00000, 0x0a290000, 0x0a290000)
  from space 13056K, 100% used [0x0af50000, 0x0bc10000, 0x0bc10000)
  to   space 13056K,   0% used [0x0a290000, 0x0a290000, 0x0af50000)
 tenured generation   total 262136K, used 165457K [0x19150000, 0x2914e000, 0x43c00000)
   the space 262136K,  63% used [0x19150000, 0x232e4420, 0x232e4600, 0x2914e000)
 Metaspace       used 3545K, capacity 3598K, committed 3648K, reserved 4480K
Event: 4.890 GC heap after
Heap after GC invocations=62 (full 6):
 def new generation   total 118080K, used 13055K [0x03c00000, 0x0bc10000, 0x19150000)
  eden space 105024K,   0% used [0x03c00000, 0x03c00000, 0x0a290000)
  from space 13056K,  99% used [0x0a290000, 0x0af4fff8, 0x0af50000)
  to   space 13056K,   0% used [0x0af50000, 0x0af50000, 0x0bc10000)
 tenured generation   total 262136K, used 181441K [0x19150000, 0x2914e000, 0x43c00000)
   the space 262136K,  69% used [0x19150000, 0x24280780, 0x24280800, 0x2914e000)
 Metaspace       used 3545K, capacity 3598K, committed 3648K, reserved 4480K
}
Event: 5.262 GC heap before
{Heap before GC invocations=62 (full 6):
 def new generation   total 118080K, used 118079K [0x03c00000, 0x0bc10000, 0x19150000)
  eden space 105024K, 100% used [0x03c00000, 0x0a290000, 0x0a290000)
  from space 13056K,  99% used [0x0a290000, 0x0af4fff8, 0x0af50000)
  to   space 13056K,   0% used [0x0af50000, 0x0af50000, 0x0bc10000)
 tenured generation   total 262136K, used 181441K [0x19150000, 0x2914e000, 0x43c00000)
   the space 262136K,  69% used [0x19150000, 0x24280780, 0x24280800, 0x2914e000)
 Metaspace       used 3575K, capacity 3598K, committed 3648K, reserved 4480K
Event: 5.328 GC heap after
Heap after GC invocations=63 (full 6):
 def new generation   total 118080K, used 13055K [0x03c00000, 0x0bc10000, 0x19150000)
  eden space 105024K,   0% used [0x03c00000, 0x03c00000, 0x0a290000)
  from space 13056K,  99% used [0x0af50000, 0x0bc0fff8, 0x0bc10000)
  to   space 13056K,   0% used [0x0a290000, 0x0a290000, 0x0af50000)
 tenured generation   total 262136K, used 194461K [0x19150000, 0x2914e000, 0x43c00000)
   the space 262136K,  74% used [0x19150000, 0x24f374d8, 0x24f37600, 0x2914e000)
 Metaspace       used 3575K, capacity 3598K, committed 3648K, reserved 4480K
}

