# JRE version: Java(TM) SE Runtime Environment (8.0_101-b13) (build 1.8.0_101-b13)
# Java VM: Java HotSpot(TM) Client VM (25.101-b13 mixed mode windows-x86 )
Heap:
 def new generation   total 187904K, used 20864K [0x03e00000, 0x109e0000, 0x19350000)
  eden space 167040K,   0% used [0x03e00000, 0x03e00000, 0x0e120000)
  from space 20864K, 100% used [0x0e120000, 0x0f580000, 0x0f580000)
  to   space 20864K,   0% used [0x0f580000, 0x0f580000, 0x109e0000)
 tenured generation   total 433192K, used 433189K [0x19350000, 0x33a5a000, 0x43e00000)
   the space 433192K,  99% used [0x19350000, 0x33a59740, 0x33a59800, 0x33a5a000)
 Metaspace       used 3546K, capacity 3598K, committed 3648K, reserved 4480K
GC Heap History (10 events):
Event: 8.188 GC heap after
Heap after GC invocations=91 (full 7):
 def new generation   total 187904K, used 20863K [0x03e00000, 0x109e0000, 0x19350000)
  eden space 167040K,   0% used [0x03e00000, 0x03e00000, 0x0e120000)
  from space 20864K,  99% used [0x0f580000, 0x109dfff8, 0x109e0000)
  to   space 20864K,   0% used [0x0e120000, 0x0e120000, 0x0f580000)
 tenured generation   total 417448K, used 313390K [0x19350000, 0x32afa000, 0x43e00000)
   the space 417448K,  75% used [0x19350000, 0x2c55ba18, 0x2c55bc00, 0x32afa000)
 Metaspace       used 3546K, capacity 3598K, committed 3648K, reserved 4480K
}
Event: 8.468 GC heap before
{Heap before GC invocations=91 (full 7):
 def new generation   total 187904K, used 187903K [0x03e00000, 0x109e0000, 0x19350000)
  eden space 167040K, 100% used [0x03e00000, 0x0e120000, 0x0e120000)
  from space 20864K,  99% used [0x0f580000, 0x109dfff8, 0x109e0000)
  to   space 20864K,   0% used [0x0e120000, 0x0e120000, 0x0f580000)
 tenured generation   total 417448K, used 313390K [0x19350000, 0x32afa000, 0x43e00000)
   the space 417448K,  75% used [0x19350000, 0x2c55ba18, 0x2c55bc00, 0x32afa000)
 Metaspace       used 3546K, capacity 3598K, committed 3648K, reserved 4480K
Event: 8.583 GC heap after
Heap after GC invocations=92 (full 7):
 def new generation   total 187904K, used 20864K [0x03e00000, 0x109e0000, 0x19350000)
  eden space 167040K,   0% used [0x03e00000, 0x03e00000, 0x0e120000)
  from space 20864K, 100% used [0x0e120000, 0x0f580000, 0x0f580000)
  to   space 20864K,   0% used [0x0f580000, 0x0f580000, 0x109e0000)
 tenured generation   total 417448K, used 336824K [0x19350000, 0x32afa000, 0x43e00000)
   the space 417448K,  80% used [0x19350000, 0x2dc3e338, 0x2dc3e400, 0x32afa000)
 Metaspace       used 3546K, capacity 3598K, committed 3648K, reserved 4480K
}
Event: 8.852 GC heap before
{Heap before GC invocations=92 (full 7):
 def new generation   total 187904K, used 187904K [0x03e00000, 0x109e0000, 0x19350000)
  eden space 167040K, 100% used [0x03e00000, 0x0e120000, 0x0e120000)
  from space 20864K, 100% used [0x0e120000, 0x0f580000, 0x0f580000)
  to   space 20864K,   0% used [0x0f580000, 0x0f580000, 0x109e0000)
 tenured generation   total 417448K, used 336824K [0x19350000, 0x32afa000, 0x43e00000)
   the space 417448K,  80% used [0x19350000, 0x2dc3e338, 0x2dc3e400, 0x32afa000)
 Metaspace       used 3546K, capacity 3598K, committed 3648K, reserved 4480K
Event: 8.969 GC heap after
Heap after GC invocations=93 (full 7):
 def new generation   total 187904K, used 20863K [0x03e00000, 0x109e0000, 0x19350000)
  eden space 167040K,   0% used [0x03e00000, 0x03e00000, 0x0e120000)
  from space 20864K,  99% used [0x0f580000, 0x109dfff8, 0x109e0000)
  to   space 20864K,   0% used [0x0e120000, 0x0e120000, 0x0f580000)
 tenured generation   total 417448K, used 361380K [0x19350000, 0x32afa000, 0x43e00000)
   the space 417448K,  86% used [0x19350000, 0x2f439050, 0x2f439200, 0x32afa000)
 Metaspace       used 3546K, capacity 3598K, committed 3648K, reserved 4480K
}
Event: 9.250 GC heap before
{Heap before GC invocations=93 (full 7):
 def new generation   total 187904K, used 187903K [0x03e00000, 0x109e0000, 0x19350000)
  eden space 167040K, 100% used [0x03e00000, 0x0e120000, 0x0e120000)
  from space 20864K,  99% used [0x0f580000, 0x109dfff8, 0x109e0000)
  to   space 20864K,   0% used [0x0e120000, 0x0e120000, 0x0f580000)
 tenured generation   total 417448K, used 361380K [0x19350000, 0x32afa000, 0x43e00000)
   the space 417448K,  86% used [0x19350000, 0x2f439050, 0x2f439200, 0x32afa000)
 Metaspace       used 3546K, capacity 3598K, committed 3648K, reserved 4480K
Event: 9.369 GC heap after
Heap after GC invocations=94 (full 7):
 def new generation   total 187904K, used 20864K [0x03e00000, 0x109e0000, 0x19350000)
  eden space 167040K,   0% used [0x03e00000, 0x03e00000, 0x0e120000)
  from space 20864K, 100% used [0x0e120000, 0x0f580000, 0x0f580000)
  to   space 20864K,   0% used [0x0f580000, 0x0f580000, 0x109e0000)
 tenured generation   total 417448K, used 386216K [0x19350000, 0x32afa000, 0x43e00000)
   the space 417448K,  92% used [0x19350000, 0x30c7a248, 0x30c7a400, 0x32afa000)
 Metaspace       used 3546K, capacity 3598K, committed 3648K, reserved 4480K
}
Event: 9.644 GC heap before
{Heap before GC invocations=94 (full 7):
 def new generation   total 187904K, used 187904K [0x03e00000, 0x109e0000, 0x19350000)
  eden space 167040K, 100% used [0x03e00000, 0x0e120000, 0x0e120000)
  from space 20864K, 100% used [0x0e120000, 0x0f580000, 0x0f580000)
  to   space 20864K,   0% used [0x0f580000, 0x0f580000, 0x109e0000)
 tenured generation   total 417448K, used 386216K [0x19350000, 0x32afa000, 0x43e00000)
   the space 417448K,  92% used [0x19350000, 0x30c7a248, 0x30c7a400, 0x32afa000)
 Metaspace       used 3546K, capacity 3598K, committed 3648K, reserved 4480K
Event: 9.755 GC heap after
Heap after GC invocations=95 (full 7):
 def new generation   total 187904K, used 20864K [0x03e00000, 0x109e0000, 0x19350000)
  eden space 167040K,   0% used [0x03e00000, 0x03e00000, 0x0e120000)
  from space 20864K, 100% used [0x0f580000, 0x109e0000, 0x109e0000)
  to   space 20864K,   0% used [0x0e120000, 0x0e120000, 0x0f580000)
 tenured generation   total 417448K, used 410161K [0x19350000, 0x32afa000, 0x43e00000)
   the space 417448K,  98% used [0x19350000, 0x323dc460, 0x323dc600, 0x32afa000)
 Metaspace       used 3546K, capacity 3598K, committed 3648K, reserved 4480K
}
Event: 10.043 GC heap before
{Heap before GC invocations=95 (full 7):
 def new generation   total 187904K, used 187904K [0x03e00000, 0x109e0000, 0x19350000)
  eden space 167040K, 100% used [0x03e00000, 0x0e120000, 0x0e120000)
  from space 20864K, 100% used [0x0f580000, 0x109e0000, 0x109e0000)
  to   space 20864K,   0% used [0x0e120000, 0x0e120000, 0x0f580000)
 tenured generation   total 417448K, used 410161K [0x19350000, 0x32afa000, 0x43e00000)
   the space 417448K,  98% used [0x19350000, 0x323dc460, 0x323dc600, 0x32afa000)
 Metaspace       used 3546K, capacity 3598K, committed 3648K, reserved 4480K

