# JRE version: Java(TM) SE Runtime Environment (8.0_101-b13) (build 1.8.0_101-b13)
# Java VM: Java HotSpot(TM) Client VM (25.101-b13 mixed mode windows-x86 )
Heap:
 def new generation   total 109568K, used 109568K [0x03e00000, 0x0b4e0000, 0x19350000)
  eden space 97408K, 100% used [0x03e00000, 0x09d20000, 0x09d20000)
  from space 12160K, 100% used [0x0a900000, 0x0b4e0000, 0x0b4e0000)
  to   space 12160K, 100% used [0x09d20000, 0x0a900000, 0x0a900000)
 tenured generation   total 243368K, used 154922K [0x19350000, 0x280fa000, 0x43e00000)
   the space 243368K,  63% used [0x19350000, 0x22a9aa40, 0x22a9ac00, 0x280fa000)
 Metaspace       used 3552K, capacity 3598K, committed 3648K, reserved 4480K
GC Heap History (10 events):
Event: 3.366 GC heap after
Heap after GC invocations=56 (full 5):
 def new generation   total 62976K, used 6976K [0x03e00000, 0x08250000, 0x19350000)
  eden space 56000K,   0% used [0x03e00000, 0x03e00000, 0x074b0000)
  from space 6976K, 100% used [0x07b80000, 0x08250000, 0x08250000)
  to   space 6976K,   0% used [0x074b0000, 0x074b0000, 0x07b80000)
 tenured generation   total 139748K, used 121001K [0x19350000, 0x21bc9000, 0x43e00000)
   the space 139748K,  86% used [0x19350000, 0x2097a448, 0x2097a600, 0x21bc9000)
 Metaspace       used 3552K, capacity 3598K, committed 3648K, reserved 4480K
}
Event: 3.463 GC heap before
{Heap before GC invocations=56 (full 5):
 def new generation   total 62976K, used 62976K [0x03e00000, 0x08250000, 0x19350000)
  eden space 56000K, 100% used [0x03e00000, 0x074b0000, 0x074b0000)
  from space 6976K, 100% used [0x07b80000, 0x08250000, 0x08250000)
  to   space 6976K,   0% used [0x074b0000, 0x074b0000, 0x07b80000)
 tenured generation   total 139748K, used 121001K [0x19350000, 0x21bc9000, 0x43e00000)
   the space 139748K,  86% used [0x19350000, 0x2097a448, 0x2097a600, 0x21bc9000)
 Metaspace       used 3552K, capacity 3598K, committed 3648K, reserved 4480K
Event: 3.503 GC heap after
Heap after GC invocations=57 (full 5):
 def new generation   total 62976K, used 6976K [0x03e00000, 0x08250000, 0x19350000)
  eden space 56000K,   0% used [0x03e00000, 0x03e00000, 0x074b0000)
  from space 6976K, 100% used [0x074b0000, 0x07b80000, 0x07b80000)
  to   space 6976K,   0% used [0x07b80000, 0x07b80000, 0x08250000)
 tenured generation   total 139748K, used 129174K [0x19350000, 0x21bc9000, 0x43e00000)
   the space 139748K,  92% used [0x19350000, 0x21175af8, 0x21175c00, 0x21bc9000)
 Metaspace       used 3552K, capacity 3598K, committed 3648K, reserved 4480K
}
Event: 3.607 GC heap before
{Heap before GC invocations=57 (full 5):
 def new generation   total 62976K, used 62976K [0x03e00000, 0x08250000, 0x19350000)
  eden space 56000K, 100% used [0x03e00000, 0x074b0000, 0x074b0000)
  from space 6976K, 100% used [0x074b0000, 0x07b80000, 0x07b80000)
  to   space 6976K,   0% used [0x07b80000, 0x07b80000, 0x08250000)
 tenured generation   total 139748K, used 129174K [0x19350000, 0x21bc9000, 0x43e00000)
   the space 139748K,  92% used [0x19350000, 0x21175af8, 0x21175c00, 0x21bc9000)
 Metaspace       used 3552K, capacity 3598K, committed 3648K, reserved 4480K
Event: 3.645 GC heap after
Heap after GC invocations=58 (full 5):
 def new generation   total 62976K, used 6975K [0x03e00000, 0x08250000, 0x19350000)
  eden space 56000K,   0% used [0x03e00000, 0x03e00000, 0x074b0000)
  from space 6976K,  99% used [0x07b80000, 0x0824fff8, 0x08250000)
  to   space 6976K,   0% used [0x074b0000, 0x074b0000, 0x07b80000)
 tenured generation   total 139748K, used 137798K [0x19350000, 0x21bc9000, 0x43e00000)
   the space 139748K,  98% used [0x19350000, 0x219e18a8, 0x219e1a00, 0x21bc9000)
 Metaspace       used 3552K, capacity 3598K, committed 3648K, reserved 4480K
}
Event: 3.737 GC heap before
{Heap before GC invocations=58 (full 5):
 def new generation   total 62976K, used 62975K [0x03e00000, 0x08250000, 0x19350000)
  eden space 56000K, 100% used [0x03e00000, 0x074b0000, 0x074b0000)
  from space 6976K,  99% used [0x07b80000, 0x0824fff8, 0x08250000)
  to   space 6976K,   0% used [0x074b0000, 0x074b0000, 0x07b80000)
 tenured generation   total 139748K, used 137798K [0x19350000, 0x21bc9000, 0x43e00000)
   the space 139748K,  98% used [0x19350000, 0x219e18a8, 0x219e1a00, 0x21bc9000)
 Metaspace       used 3552K, capacity 3598K, committed 3648K, reserved 4480K
Event: 4.118 GC heap after
Heap after GC invocations=59 (full 6):
 def new generation   total 109568K, used 6923K [0x03e00000, 0x0b4e0000, 0x19350000)
  eden space 97408K,   7% used [0x03e00000, 0x044c2f78, 0x09d20000)
  from space 12160K,   0% used [0x09d20000, 0x09d20000, 0x0a900000)
  to   space 12160K,   0% used [0x0a900000, 0x0a900000, 0x0b4e0000)
 tenured generation   total 243368K, used 146020K [0x19350000, 0x280fa000, 0x43e00000)
   the space 243368K,  59% used [0x19350000, 0x221e9000, 0x221e9000, 0x280fa000)
 Metaspace       used 3552K, capacity 3598K, committed 3648K, reserved 4480K
}
Event: 4.281 GC heap before
{Heap before GC invocations=59 (full 6):
 def new generation   total 109568K, used 97408K [0x03e00000, 0x0b4e0000, 0x19350000)
  eden space 97408K, 100% used [0x03e00000, 0x09d20000, 0x09d20000)
  from space 12160K,   0% used [0x09d20000, 0x09d20000, 0x0a900000)
  to   space 12160K,   0% used [0x0a900000, 0x0a900000, 0x0b4e0000)
 tenured generation   total 243368K, used 146020K [0x19350000, 0x280fa000, 0x43e00000)
   the space 243368K,  59% used [0x19350000, 0x221e9000, 0x221e9000, 0x280fa000)
 Metaspace       used 3552K, capacity 3598K, committed 3648K, reserved 4480K
Event: 4.401 GC heap after
Heap after GC invocations=60 (full 6):
 def new generation   total 109568K, used 12160K [0x03e00000, 0x0b4e0000, 0x19350000)
  eden space 97408K,   0% used [0x03e00000, 0x03e00000, 0x09d20000)
  from space 12160K, 100% used [0x0a900000, 0x0b4e0000, 0x0b4e0000)
  to   space 12160K,   0% used [0x09d20000, 0x09d20000, 0x0a900000)
 tenured generation   total 243368K, used 152964K [0x19350000, 0x280fa000, 0x43e00000)
   the space 243368K,  62% used [0x19350000, 0x228b1120, 0x228b1200, 0x280fa000)
 Metaspace       used 3552K, capacity 3598K, committed 3648K, reserved 4480K
}
Event: 4.562 GC heap before
{Heap before GC invocations=60 (full 6):
 def new generation   total 109568K, used 109568K [0x03e00000, 0x0b4e0000, 0x19350000)
  eden space 97408K, 100% used [0x03e00000, 0x09d20000, 0x09d20000)
  from space 12160K, 100% used [0x0a900000, 0x0b4e0000, 0x0b4e0000)
  to   space 12160K,   0% used [0x09d20000, 0x09d20000, 0x0a900000)
 tenured generation   total 243368K, used 152964K [0x19350000, 0x280fa000, 0x43e00000)
   the space 243368K,  62% used [0x19350000, 0x228b1120, 0x228b1200, 0x280fa000)
 Metaspace       used 3552K, capacity 3598K, committed 3648K, reserved 4480K

