# JRE version: Java(TM) SE Runtime Environment (8.0_101-b13) (build 1.8.0_101-b13)
# Java VM: Java HotSpot(TM) Client VM (25.101-b13 mixed mode windows-x86 )
Heap:
 def new generation   total 207040K, used 22975K [0x03c00000, 0x11ca0000, 0x19150000)
  eden space 184064K,   0% used [0x03c00000, 0x03c00000, 0x0efc0000)
  from space 22976K,  99% used [0x0efc0000, 0x1062fff8, 0x10630000)
  to   space 22976K,   0% used [0x10630000, 0x10630000, 0x11ca0000)
 tenured generation   total 473476K, used 473350K [0x19150000, 0x35fb1000, 0x43c00000)
   the space 473476K,  99% used [0x19150000, 0x35f91888, 0x35f91a00, 0x35fb1000)
 Metaspace       used 3546K, capacity 3598K, committed 3648K, reserved 4480K
GC Heap History (10 events):
Event: 8.690 GC heap after
Heap after GC invocations=92 (full 7):
 def new generation   total 207040K, used 22975K [0x03c00000, 0x11ca0000, 0x19150000)
  eden space 184064K,   0% used [0x03c00000, 0x03c00000, 0x0efc0000)
  from space 22976K,  99% used [0x10630000, 0x11c9fff8, 0x11ca0000)
  to   space 22976K,   0% used [0x0efc0000, 0x0efc0000, 0x10630000)
 tenured generation   total 459908K, used 345027K [0x19150000, 0x35271000, 0x43c00000)
   the space 459908K,  75% used [0x19150000, 0x2e240e90, 0x2e241000, 0x35271000)
 Metaspace       used 3546K, capacity 3598K, committed 3648K, reserved 4480K
}
Event: 8.976 GC heap before
{Heap before GC invocations=92 (full 7):
 def new generation   total 207040K, used 207039K [0x03c00000, 0x11ca0000, 0x19150000)
  eden space 184064K, 100% used [0x03c00000, 0x0efc0000, 0x0efc0000)
  from space 22976K,  99% used [0x10630000, 0x11c9fff8, 0x11ca0000)
  to   space 22976K,   0% used [0x0efc0000, 0x0efc0000, 0x10630000)
 tenured generation   total 459908K, used 345027K [0x19150000, 0x35271000, 0x43c00000)
   the space 459908K,  75% used [0x19150000, 0x2e240e90, 0x2e241000, 0x35271000)
 Metaspace       used 3546K, capacity 3598K, committed 3648K, reserved 4480K
Event: 9.102 GC heap after
Heap after GC invocations=93 (full 7):
 def new generation   total 207040K, used 22976K [0x03c00000, 0x11ca0000, 0x19150000)
  eden space 184064K,   0% used [0x03c00000, 0x03c00000, 0x0efc0000)
  from space 22976K, 100% used [0x0efc0000, 0x10630000, 0x10630000)
  to   space 22976K,   0% used [0x10630000, 0x10630000, 0x11ca0000)
 tenured generation   total 459908K, used 372918K [0x19150000, 0x35271000, 0x43c00000)
   the space 459908K,  81% used [0x19150000, 0x2fd7d880, 0x2fd7da00, 0x35271000)
 Metaspace       used 3546K, capacity 3598K, committed 3648K, reserved 4480K
}
Event: 9.404 GC heap before
{Heap before GC invocations=93 (full 7):
 def new generation   total 207040K, used 207040K [0x03c00000, 0x11ca0000, 0x19150000)
  eden space 184064K, 100% used [0x03c00000, 0x0efc0000, 0x0efc0000)
  from space 22976K, 100% used [0x0efc0000, 0x10630000, 0x10630000)
  to   space 22976K,   0% used [0x10630000, 0x10630000, 0x11ca0000)
 tenured generation   total 459908K, used 372918K [0x19150000, 0x35271000, 0x43c00000)
   the space 459908K,  81% used [0x19150000, 0x2fd7d880, 0x2fd7da00, 0x35271000)
 Metaspace       used 3546K, capacity 3598K, committed 3648K, reserved 4480K
Event: 9.519 GC heap after
Heap after GC invocations=94 (full 7):
 def new generation   total 207040K, used 22976K [0x03c00000, 0x11ca0000, 0x19150000)
  eden space 184064K,   0% used [0x03c00000, 0x03c00000, 0x0efc0000)
  from space 22976K, 100% used [0x10630000, 0x11ca0000, 0x11ca0000)
  to   space 22976K,   0% used [0x0efc0000, 0x0efc0000, 0x10630000)
 tenured generation   total 459908K, used 398165K [0x19150000, 0x35271000, 0x43c00000)
   the space 459908K,  86% used [0x19150000, 0x316254f8, 0x31625600, 0x35271000)
 Metaspace       used 3546K, capacity 3598K, committed 3648K, reserved 4480K
}
Event: 9.804 GC heap before
{Heap before GC invocations=94 (full 7):
 def new generation   total 207040K, used 207040K [0x03c00000, 0x11ca0000, 0x19150000)
  eden space 184064K, 100% used [0x03c00000, 0x0efc0000, 0x0efc0000)
  from space 22976K, 100% used [0x10630000, 0x11ca0000, 0x11ca0000)
  to   space 22976K,   0% used [0x0efc0000, 0x0efc0000, 0x10630000)
 tenured generation   total 459908K, used 398165K [0x19150000, 0x35271000, 0x43c00000)
   the space 459908K,  86% used [0x19150000, 0x316254f8, 0x31625600, 0x35271000)
 Metaspace       used 3546K, capacity 3598K, committed 3648K, reserved 4480K
Event: 9.921 GC heap after
Heap after GC invocations=95 (full 7):
 def new generation   total 207040K, used 22975K [0x03c00000, 0x11ca0000, 0x19150000)
  eden space 184064K,   0% used [0x03c00000, 0x03c00000, 0x0efc0000)
  from space 22976K,  99% used [0x0efc0000, 0x1062fff8, 0x10630000)
  to   space 22976K,   0% used [0x10630000, 0x10630000, 0x11ca0000)
 tenured generation   total 459908K, used 423732K [0x19150000, 0x35271000, 0x43c00000)
   the space 459908K,  92% used [0x19150000, 0x32f1d088, 0x32f1d200, 0x35271000)
 Metaspace       used 3546K, capacity 3598K, committed 3648K, reserved 4480K
}
Event: 10.230 GC heap before
{Heap before GC invocations=95 (full 7):
 def new generation   total 207040K, used 207039K [0x03c00000, 0x11ca0000, 0x19150000)
  eden space 184064K, 100% used [0x03c00000, 0x0efc0000, 0x0efc0000)
  from space 22976K,  99% used [0x0efc0000, 0x1062fff8, 0x10630000)
  to   space 22976K,   0% used [0x10630000, 0x10630000, 0x11ca0000)
 tenured generation   total 459908K, used 423732K [0x19150000, 0x35271000, 0x43c00000)
   the space 459908K,  92% used [0x19150000, 0x32f1d088, 0x32f1d200, 0x35271000)
 Metaspace       used 3546K, capacity 3598K, committed 3648K, reserved 4480K
Event: 10.348 GC heap after
Heap after GC invocations=96 (full 7):
 def new generation   total 207040K, used 22976K [0x03c00000, 0x11ca0000, 0x19150000)
  eden space 184064K,   0% used [0x03c00000, 0x03c00000, 0x0efc0000)
  from space 22976K, 100% used [0x10630000, 0x11ca0000, 0x11ca0000)
  to   space 22976K,   0% used [0x0efc0000, 0x0efc0000, 0x10630000)
 tenured generation   total 459908K, used 449254K [0x19150000, 0x35271000, 0x43c00000)
   the space 459908K,  97% used [0x19150000, 0x34809878, 0x34809a00, 0x35271000)
 Metaspace       used 3546K, capacity 3598K, committed 3648K, reserved 4480K
}
Event: 10.672 GC heap before
{Heap before GC invocations=96 (full 7):
 def new generation   total 207040K, used 207040K [0x03c00000, 0x11ca0000, 0x19150000)
  eden space 184064K, 100% used [0x03c00000, 0x0efc0000, 0x0efc0000)
  from space 22976K, 100% used [0x10630000, 0x11ca0000, 0x11ca0000)
  to   space 22976K,   0% used [0x0efc0000, 0x0efc0000, 0x10630000)
 tenured generation   total 459908K, used 449254K [0x19150000, 0x35271000, 0x43c00000)
   the space 459908K,  97% used [0x19150000, 0x34809878, 0x34809a00, 0x35271000)
 Metaspace       used 3546K, capacity 3598K, committed 3648K, reserved 4480K

