# JRE version: Java(TM) SE Runtime Environment (8.0_101-b13) (build 1.8.0_101-b13)
# Java VM: Java HotSpot(TM) Client VM (25.101-b13 mixed mode windows-x86 )
Heap:
 def new generation   total 188352K, used 188351K [0x03e00000, 0x10a60000, 0x19350000)
  eden space 167424K, 100% used [0x03e00000, 0x0e180000, 0x0e180000)
  from space 20928K,  99% used [0x0f5f0000, 0x10a5fff8, 0x10a60000)
  to   space 20928K,  91% used [0x0e180000, 0x0f444350, 0x0f5f0000)
 tenured generation   total 418488K, used 265204K [0x19350000, 0x32bfe000, 0x43e00000)
   the space 418488K,  63% used [0x19350000, 0x2964d2e8, 0x2964d400, 0x32bfe000)
 Metaspace       used 3547K, capacity 3598K, committed 3648K, reserved 4480K
GC Heap History (10 events):
Event: 5.486 GC heap after
Heap after GC invocations=86 (full 6):
 def new generation   total 112128K, used 12416K [0x03e00000, 0x0b7a0000, 0x19350000)
  eden space 99712K,   0% used [0x03e00000, 0x03e00000, 0x09f60000)
  from space 12416K, 100% used [0x0ab80000, 0x0b7a0000, 0x0b7a0000)
  to   space 12416K,   0% used [0x09f60000, 0x09f60000, 0x0ab80000)
 tenured generation   total 248916K, used 220906K [0x19350000, 0x28665000, 0x43e00000)
   the space 248916K,  88% used [0x19350000, 0x26b0ab88, 0x26b0ac00, 0x28665000)
 Metaspace       used 3527K, capacity 3560K, committed 3648K, reserved 4480K
}
Event: 5.670 GC heap before
{Heap before GC invocations=86 (full 6):
 def new generation   total 112128K, used 112128K [0x03e00000, 0x0b7a0000, 0x19350000)
  eden space 99712K, 100% used [0x03e00000, 0x09f60000, 0x09f60000)
  from space 12416K, 100% used [0x0ab80000, 0x0b7a0000, 0x0b7a0000)
  to   space 12416K,   0% used [0x09f60000, 0x09f60000, 0x0ab80000)
 tenured generation   total 248916K, used 220906K [0x19350000, 0x28665000, 0x43e00000)
   the space 248916K,  88% used [0x19350000, 0x26b0ab98, 0x26b0ac00, 0x28665000)
 Metaspace       used 3527K, capacity 3560K, committed 3648K, reserved 4480K
Event: 5.736 GC heap after
Heap after GC invocations=87 (full 6):
 def new generation   total 112128K, used 12415K [0x03e00000, 0x0b7a0000, 0x19350000)
  eden space 99712K,   0% used [0x03e00000, 0x03e00000, 0x09f60000)
  from space 12416K,  99% used [0x09f60000, 0x0ab7fff8, 0x0ab80000)
  to   space 12416K,   0% used [0x0ab80000, 0x0ab80000, 0x0b7a0000)
 tenured generation   total 248916K, used 235113K [0x19350000, 0x28665000, 0x43e00000)
   the space 248916K,  94% used [0x19350000, 0x278ea610, 0x278ea800, 0x28665000)
 Metaspace       used 3527K, capacity 3560K, committed 3648K, reserved 4480K
}
Event: 5.736 GC heap before
{Heap before GC invocations=87 (full 6):
 def new generation   total 112128K, used 13555K [0x03e00000, 0x0b7a0000, 0x19350000)
  eden space 99712K,   1% used [0x03e00000, 0x03f1cdd8, 0x09f60000)
  from space 12416K,  99% used [0x09f60000, 0x0ab7fff8, 0x0ab80000)
  to   space 12416K,   0% used [0x0ab80000, 0x0ab80000, 0x0b7a0000)
 tenured generation   total 248916K, used 235113K [0x19350000, 0x28665000, 0x43e00000)
   the space 248916K,  94% used [0x19350000, 0x278ea610, 0x278ea800, 0x28665000)
 Metaspace       used 3527K, capacity 3560K, committed 3648K, reserved 4480K
Event: 5.766 GC heap after
Heap after GC invocations=88 (full 6):
 def new generation   total 112128K, used 1K [0x03e00000, 0x0b7a0000, 0x19350000)
  eden space 99712K,   0% used [0x03e00000, 0x03e00000, 0x09f60000)
  from space 12416K,   0% used [0x0ab80000, 0x0ab804d0, 0x0b7a0000)
  to   space 12416K,   0% used [0x09f60000, 0x09f60000, 0x0ab80000)
 tenured generation   total 248916K, used 247529K [0x19350000, 0x28665000, 0x43e00000)
   the space 248916K,  99% used [0x19350000, 0x2850a5a0, 0x2850a600, 0x28665000)
 Metaspace       used 3527K, capacity 3560K, committed 3648K, reserved 4480K
}
Event: 5.939 GC heap before
{Heap before GC invocations=88 (full 6):
 def new generation   total 112128K, used 99713K [0x03e00000, 0x0b7a0000, 0x19350000)
  eden space 99712K, 100% used [0x03e00000, 0x09f60000, 0x09f60000)
  from space 12416K,   0% used [0x0ab80000, 0x0ab804d0, 0x0b7a0000)
  to   space 12416K,   0% used [0x09f60000, 0x09f60000, 0x0ab80000)
 tenured generation   total 248916K, used 247529K [0x19350000, 0x28665000, 0x43e00000)
   the space 248916K,  99% used [0x19350000, 0x2850a5a0, 0x2850a600, 0x28665000)
 Metaspace       used 3527K, capacity 3560K, committed 3648K, reserved 4480K
Event: 6.631 GC heap after
Heap after GC invocations=89 (full 7):
 def new generation   total 188352K, used 11271K [0x03e00000, 0x10a60000, 0x19350000)
  eden space 167424K,   6% used [0x03e00000, 0x04901c08, 0x0e180000)
  from space 20928K,   0% used [0x0e180000, 0x0e180000, 0x0f5f0000)
  to   space 20928K,   0% used [0x0f5f0000, 0x0f5f0000, 0x10a60000)
 tenured generation   total 418488K, used 251091K [0x19350000, 0x32bfe000, 0x43e00000)
   the space 418488K,  59% used [0x19350000, 0x28884ff8, 0x28885000, 0x32bfe000)
 Metaspace       used 3527K, capacity 3560K, committed 3648K, reserved 4480K
}
Event: 6.907 GC heap before
{Heap before GC invocations=89 (full 7):
 def new generation   total 188352K, used 167424K [0x03e00000, 0x10a60000, 0x19350000)
  eden space 167424K, 100% used [0x03e00000, 0x0e180000, 0x0e180000)
  from space 20928K,   0% used [0x0e180000, 0x0e180000, 0x0f5f0000)
  to   space 20928K,   0% used [0x0f5f0000, 0x0f5f0000, 0x10a60000)
 tenured generation   total 418488K, used 251091K [0x19350000, 0x32bfe000, 0x43e00000)
   the space 418488K,  59% used [0x19350000, 0x28884ff8, 0x28885000, 0x32bfe000)
 Metaspace       used 3547K, capacity 3598K, committed 3648K, reserved 4480K
Event: 7.109 GC heap after
Heap after GC invocations=90 (full 7):
 def new generation   total 188352K, used 20927K [0x03e00000, 0x10a60000, 0x19350000)
  eden space 167424K,   0% used [0x03e00000, 0x03e00000, 0x0e180000)
  from space 20928K,  99% used [0x0f5f0000, 0x10a5fff8, 0x10a60000)
  to   space 20928K,   0% used [0x0e180000, 0x0e180000, 0x0f5f0000)
 tenured generation   total 418488K, used 262892K [0x19350000, 0x32bfe000, 0x43e00000)
   the space 418488K,  62% used [0x19350000, 0x2940b2b8, 0x2940b400, 0x32bfe000)
 Metaspace       used 3547K, capacity 3598K, committed 3648K, reserved 4480K
}
Event: 7.408 GC heap before
{Heap before GC invocations=90 (full 7):
 def new generation   total 188352K, used 188351K [0x03e00000, 0x10a60000, 0x19350000)
  eden space 167424K, 100% used [0x03e00000, 0x0e180000, 0x0e180000)
  from space 20928K,  99% used [0x0f5f0000, 0x10a5fff8, 0x10a60000)
  to   space 20928K,   0% used [0x0e180000, 0x0e180000, 0x0f5f0000)
 tenured generation   total 418488K, used 262892K [0x19350000, 0x32bfe000, 0x43e00000)
   the space 418488K,  62% used [0x19350000, 0x2940b2b8, 0x2940b400, 0x32bfe000)
 Metaspace       used 3547K, capacity 3598K, committed 3648K, reserved 4480K

