# JRE version: Java(TM) SE Runtime Environment (8.0_101-b13) (build 1.8.0_101-b13)
# Java VM: Java HotSpot(TM) Client VM (25.101-b13 mixed mode windows-x86 )
Heap:
 def new generation   total 68096K, used 7552K [0x03e00000, 0x087e0000, 0x19350000)
  eden space 60544K,   0% used [0x03e00000, 0x03e00000, 0x07920000)
  from space 7552K, 100% used [0x07920000, 0x08080000, 0x08080000)
  to   space 7552K,   0% used [0x08080000, 0x08080000, 0x087e0000)
 tenured generation   total 156960K, used 156843K [0x19350000, 0x22c98000, 0x43e00000)
   the space 156960K,  99% used [0x19350000, 0x22c7adf0, 0x22c7ae00, 0x22c98000)
 Metaspace       used 3547K, capacity 3598K, committed 3648K, reserved 4480K
GC Heap History (10 events):
Event: 3.270 GC heap after
Heap after GC invocations=55 (full 5):
 def new generation   total 68096K, used 7552K [0x03e00000, 0x087e0000, 0x19350000)
  eden space 60544K,   0% used [0x03e00000, 0x03e00000, 0x07920000)
  from space 7552K, 100% used [0x08080000, 0x087e0000, 0x087e0000)
  to   space 7552K,   0% used [0x07920000, 0x07920000, 0x08080000)
 tenured generation   total 151200K, used 113531K [0x19350000, 0x226f8000, 0x43e00000)
   the space 151200K,  75% used [0x19350000, 0x2022ef60, 0x2022f000, 0x226f8000)
 Metaspace       used 3546K, capacity 3598K, committed 3648K, reserved 4480K
}
Event: 3.370 GC heap before
{Heap before GC invocations=55 (full 5):
 def new generation   total 68096K, used 68096K [0x03e00000, 0x087e0000, 0x19350000)
  eden space 60544K, 100% used [0x03e00000, 0x07920000, 0x07920000)
  from space 7552K, 100% used [0x08080000, 0x087e0000, 0x087e0000)
  to   space 7552K,   0% used [0x07920000, 0x07920000, 0x08080000)
 tenured generation   total 151200K, used 113531K [0x19350000, 0x226f8000, 0x43e00000)
   the space 151200K,  75% used [0x19350000, 0x2022ef60, 0x2022f000, 0x226f8000)
 Metaspace       used 3546K, capacity 3598K, committed 3648K, reserved 4480K
Event: 3.412 GC heap after
Heap after GC invocations=56 (full 5):
 def new generation   total 68096K, used 7552K [0x03e00000, 0x087e0000, 0x19350000)
  eden space 60544K,   0% used [0x03e00000, 0x03e00000, 0x07920000)
  from space 7552K, 100% used [0x07920000, 0x08080000, 0x08080000)
  to   space 7552K,   0% used [0x08080000, 0x08080000, 0x087e0000)
 tenured generation   total 151200K, used 122326K [0x19350000, 0x226f8000, 0x43e00000)
   the space 151200K,  80% used [0x19350000, 0x20ac5800, 0x20ac5800, 0x226f8000)
 Metaspace       used 3546K, capacity 3598K, committed 3648K, reserved 4480K
}
Event: 3.508 GC heap before
{Heap before GC invocations=56 (full 5):
 def new generation   total 68096K, used 68096K [0x03e00000, 0x087e0000, 0x19350000)
  eden space 60544K, 100% used [0x03e00000, 0x07920000, 0x07920000)
  from space 7552K, 100% used [0x07920000, 0x08080000, 0x08080000)
  to   space 7552K,   0% used [0x08080000, 0x08080000, 0x087e0000)
 tenured generation   total 151200K, used 122326K [0x19350000, 0x226f8000, 0x43e00000)
   the space 151200K,  80% used [0x19350000, 0x20ac5800, 0x20ac5800, 0x226f8000)
 Metaspace       used 3547K, capacity 3598K, committed 3648K, reserved 4480K
Event: 3.553 GC heap after
Heap after GC invocations=57 (full 5):
 def new generation   total 68096K, used 7552K [0x03e00000, 0x087e0000, 0x19350000)
  eden space 60544K,   0% used [0x03e00000, 0x03e00000, 0x07920000)
  from space 7552K, 100% used [0x08080000, 0x087e0000, 0x087e0000)
  to   space 7552K,   0% used [0x07920000, 0x07920000, 0x08080000)
 tenured generation   total 151200K, used 132200K [0x19350000, 0x226f8000, 0x43e00000)
   the space 151200K,  87% used [0x19350000, 0x2146a1e0, 0x2146a200, 0x226f8000)
 Metaspace       used 3547K, capacity 3598K, committed 3648K, reserved 4480K
}
Event: 3.684 GC heap before
{Heap before GC invocations=57 (full 5):
 def new generation   total 68096K, used 68096K [0x03e00000, 0x087e0000, 0x19350000)
  eden space 60544K, 100% used [0x03e00000, 0x07920000, 0x07920000)
  from space 7552K, 100% used [0x08080000, 0x087e0000, 0x087e0000)
  to   space 7552K,   0% used [0x07920000, 0x07920000, 0x08080000)
 tenured generation   total 151200K, used 132200K [0x19350000, 0x226f8000, 0x43e00000)
   the space 151200K,  87% used [0x19350000, 0x2146a1e0, 0x2146a200, 0x226f8000)
 Metaspace       used 3547K, capacity 3598K, committed 3648K, reserved 4480K
Event: 3.721 GC heap after
Heap after GC invocations=58 (full 5):
 def new generation   total 68096K, used 7552K [0x03e00000, 0x087e0000, 0x19350000)
  eden space 60544K,   0% used [0x03e00000, 0x03e00000, 0x07920000)
  from space 7552K, 100% used [0x07920000, 0x08080000, 0x08080000)
  to   space 7552K,   0% used [0x08080000, 0x08080000, 0x087e0000)
 tenured generation   total 151200K, used 140216K [0x19350000, 0x226f8000, 0x43e00000)
   the space 151200K,  92% used [0x19350000, 0x21c3e2a0, 0x21c3e400, 0x226f8000)
 Metaspace       used 3547K, capacity 3598K, committed 3648K, reserved 4480K
}
Event: 3.826 GC heap before
{Heap before GC invocations=58 (full 5):
 def new generation   total 68096K, used 68096K [0x03e00000, 0x087e0000, 0x19350000)
  eden space 60544K, 100% used [0x03e00000, 0x07920000, 0x07920000)
  from space 7552K, 100% used [0x07920000, 0x08080000, 0x08080000)
  to   space 7552K,   0% used [0x08080000, 0x08080000, 0x087e0000)
 tenured generation   total 151200K, used 140216K [0x19350000, 0x226f8000, 0x43e00000)
   the space 151200K,  92% used [0x19350000, 0x21c3e2a0, 0x21c3e400, 0x226f8000)
 Metaspace       used 3547K, capacity 3598K, committed 3648K, reserved 4480K
Event: 3.867 GC heap after
Heap after GC invocations=59 (full 5):
 def new generation   total 68096K, used 7551K [0x03e00000, 0x087e0000, 0x19350000)
  eden space 60544K,   0% used [0x03e00000, 0x03e00000, 0x07920000)
  from space 7552K,  99% used [0x08080000, 0x087dfff8, 0x087e0000)
  to   space 7552K,   0% used [0x07920000, 0x07920000, 0x08080000)
 tenured generation   total 151200K, used 149136K [0x19350000, 0x226f8000, 0x43e00000)
   the space 151200K,  98% used [0x19350000, 0x224f4238, 0x224f4400, 0x226f8000)
 Metaspace       used 3547K, capacity 3598K, committed 3648K, reserved 4480K
}
Event: 3.968 GC heap before
{Heap before GC invocations=59 (full 5):
 def new generation   total 68096K, used 68095K [0x03e00000, 0x087e0000, 0x19350000)
  eden space 60544K, 100% used [0x03e00000, 0x07920000, 0x07920000)
  from space 7552K,  99% used [0x08080000, 0x087dfff8, 0x087e0000)
  to   space 7552K,   0% used [0x07920000, 0x07920000, 0x08080000)
 tenured generation   total 151200K, used 149136K [0x19350000, 0x226f8000, 0x43e00000)
   the space 151200K,  98% used [0x19350000, 0x224f4238, 0x224f4400, 0x226f8000)
 Metaspace       used 3547K, capacity 3598K, committed 3648K, reserved 4480K

