# JRE version: Java(TM) SE Runtime Environment (8.0_101-b13) (build 1.8.0_101-b13)
# Java VM: Java HotSpot(TM) Client VM (25.101-b13 mixed mode windows-x86 )
Heap:
 def new generation   total 14464K, used 1600K [0x03c00000, 0x04bb0000, 0x19150000)
  eden space 12864K,   0% used [0x03c00000, 0x03c00000, 0x04890000)
  from space 1600K, 100% used [0x04890000, 0x04a20000, 0x04a20000)
  to   space 1600K,   0% used [0x04a20000, 0x04a20000, 0x04bb0000)
 tenured generation   total 33540K, used 33518K [0x19150000, 0x1b211000, 0x43c00000)
   the space 33540K,  99% used [0x19150000, 0x1b20ba50, 0x1b20bc00, 0x1b211000)
 Metaspace       used 3543K, capacity 3566K, committed 3648K, reserved 4480K
GC Heap History (10 events):
Event: 1.093 GC heap after
Heap after GC invocations=52 (full 2):
 def new generation   total 14464K, used 1599K [0x03c00000, 0x04bb0000, 0x19150000)
  eden space 12864K,   0% used [0x03c00000, 0x03c00000, 0x04890000)
  from space 1600K,  99% used [0x04a20000, 0x04bafff8, 0x04bb0000)
  to   space 1600K,   0% used [0x04890000, 0x04890000, 0x04a20000)
 tenured generation   total 32004K, used 23101K [0x19150000, 0x1b091000, 0x43c00000)
   the space 32004K,  72% used [0x19150000, 0x1a7df788, 0x1a7df800, 0x1b091000)
 Metaspace       used 3539K, capacity 3566K, committed 3648K, reserved 4480K
}
Event: 1.124 GC heap before
{Heap before GC invocations=52 (full 2):
 def new generation   total 14464K, used 14463K [0x03c00000, 0x04bb0000, 0x19150000)
  eden space 12864K, 100% used [0x03c00000, 0x04890000, 0x04890000)
  from space 1600K,  99% used [0x04a20000, 0x04bafff8, 0x04bb0000)
  to   space 1600K,   0% used [0x04890000, 0x04890000, 0x04a20000)
 tenured generation   total 32004K, used 23101K [0x19150000, 0x1b091000, 0x43c00000)
   the space 32004K,  72% used [0x19150000, 0x1a7df788, 0x1a7df800, 0x1b091000)
 Metaspace       used 3539K, capacity 3566K, committed 3648K, reserved 4480K
Event: 1.133 GC heap after
Heap after GC invocations=53 (full 2):
 def new generation   total 14464K, used 1600K [0x03c00000, 0x04bb0000, 0x19150000)
  eden space 12864K,   0% used [0x03c00000, 0x03c00000, 0x04890000)
  from space 1600K, 100% used [0x04890000, 0x04a20000, 0x04a20000)
  to   space 1600K,   0% used [0x04a20000, 0x04a20000, 0x04bb0000)
 tenured generation   total 32004K, used 25266K [0x19150000, 0x1b091000, 0x43c00000)
   the space 32004K,  78% used [0x19150000, 0x1a9fcb60, 0x1a9fcc00, 0x1b091000)
 Metaspace       used 3539K, capacity 3566K, committed 3648K, reserved 4480K
}
Event: 1.154 GC heap before
{Heap before GC invocations=53 (full 2):
 def new generation   total 14464K, used 14464K [0x03c00000, 0x04bb0000, 0x19150000)
  eden space 12864K, 100% used [0x03c00000, 0x04890000, 0x04890000)
  from space 1600K, 100% used [0x04890000, 0x04a20000, 0x04a20000)
  to   space 1600K,   0% used [0x04a20000, 0x04a20000, 0x04bb0000)
 tenured generation   total 32004K, used 25266K [0x19150000, 0x1b091000, 0x43c00000)
   the space 32004K,  78% used [0x19150000, 0x1a9fcb60, 0x1a9fcc00, 0x1b091000)
 Metaspace       used 3539K, capacity 3566K, committed 3648K, reserved 4480K
Event: 1.163 GC heap after
Heap after GC invocations=54 (full 2):
 def new generation   total 14464K, used 1600K [0x03c00000, 0x04bb0000, 0x19150000)
  eden space 12864K,   0% used [0x03c00000, 0x03c00000, 0x04890000)
  from space 1600K, 100% used [0x04a20000, 0x04bb0000, 0x04bb0000)
  to   space 1600K,   0% used [0x04890000, 0x04890000, 0x04a20000)
 tenured generation   total 32004K, used 27403K [0x19150000, 0x1b091000, 0x43c00000)
   the space 32004K,  85% used [0x19150000, 0x1ac12e70, 0x1ac13000, 0x1b091000)
 Metaspace       used 3539K, capacity 3566K, committed 3648K, reserved 4480K
}
Event: 1.185 GC heap before
{Heap before GC invocations=54 (full 2):
 def new generation   total 14464K, used 14464K [0x03c00000, 0x04bb0000, 0x19150000)
  eden space 12864K, 100% used [0x03c00000, 0x04890000, 0x04890000)
  from space 1600K, 100% used [0x04a20000, 0x04bb0000, 0x04bb0000)
  to   space 1600K,   0% used [0x04890000, 0x04890000, 0x04a20000)
 tenured generation   total 32004K, used 27403K [0x19150000, 0x1b091000, 0x43c00000)
   the space 32004K,  85% used [0x19150000, 0x1ac12e70, 0x1ac13000, 0x1b091000)
 Metaspace       used 3539K, capacity 3566K, committed 3648K, reserved 4480K
Event: 1.194 GC heap after
Heap after GC invocations=55 (full 2):
 def new generation   total 14464K, used 1599K [0x03c00000, 0x04bb0000, 0x19150000)
  eden space 12864K,   0% used [0x03c00000, 0x03c00000, 0x04890000)
  from space 1600K,  99% used [0x04890000, 0x04a1fff8, 0x04a20000)
  to   space 1600K,   0% used [0x04a20000, 0x04a20000, 0x04bb0000)
 tenured generation   total 32004K, used 29453K [0x19150000, 0x1b091000, 0x43c00000)
   the space 32004K,  92% used [0x19150000, 0x1ae134f0, 0x1ae13600, 0x1b091000)
 Metaspace       used 3539K, capacity 3566K, committed 3648K, reserved 4480K
}
Event: 1.216 GC heap before
{Heap before GC invocations=55 (full 2):
 def new generation   total 14464K, used 14463K [0x03c00000, 0x04bb0000, 0x19150000)
  eden space 12864K, 100% used [0x03c00000, 0x04890000, 0x04890000)
  from space 1600K,  99% used [0x04890000, 0x04a1fff8, 0x04a20000)
  to   space 1600K,   0% used [0x04a20000, 0x04a20000, 0x04bb0000)
 tenured generation   total 32004K, used 29453K [0x19150000, 0x1b091000, 0x43c00000)
   the space 32004K,  92% used [0x19150000, 0x1ae134f0, 0x1ae13600, 0x1b091000)
 Metaspace       used 3539K, capacity 3566K, committed 3648K, reserved 4480K
Event: 1.225 GC heap after
Heap after GC invocations=56 (full 2):
 def new generation   total 14464K, used 1600K [0x03c00000, 0x04bb0000, 0x19150000)
  eden space 12864K,   0% used [0x03c00000, 0x03c00000, 0x04890000)
  from space 1600K, 100% used [0x04a20000, 0x04bb0000, 0x04bb0000)
  to   space 1600K,   0% used [0x04890000, 0x04890000, 0x04a20000)
 tenured generation   total 32004K, used 31495K [0x19150000, 0x1b091000, 0x43c00000)
   the space 32004K,  98% used [0x19150000, 0x1b011e40, 0x1b012000, 0x1b091000)
 Metaspace       used 3539K, capacity 3566K, committed 3648K, reserved 4480K
}
Event: 1.248 GC heap before
{Heap before GC invocations=56 (full 2):
 def new generation   total 14464K, used 14464K [0x03c00000, 0x04bb0000, 0x19150000)
  eden space 12864K, 100% used [0x03c00000, 0x04890000, 0x04890000)
  from space 1600K, 100% used [0x04a20000, 0x04bb0000, 0x04bb0000)
  to   space 1600K,   0% used [0x04890000, 0x04890000, 0x04a20000)
 tenured generation   total 32004K, used 31495K [0x19150000, 0x1b091000, 0x43c00000)
   the space 32004K,  98% used [0x19150000, 0x1b011e40, 0x1b012000, 0x1b091000)
 Metaspace       used 3543K, capacity 3566K, committed 3648K, reserved 4480K

