# JRE version: Java(TM) SE Runtime Environment (8.0_101-b13) (build 1.8.0_101-b13)
# Java VM: Java HotSpot(TM) Client VM (25.101-b13 mixed mode windows-x86 )
Heap:
 def new generation   total 70208K, used 70208K [0x03c00000, 0x08820000, 0x19150000)
  eden space 62464K, 100% used [0x03c00000, 0x07900000, 0x07900000)
  from space 7744K, 100% used [0x08090000, 0x08820000, 0x08820000)
  to   space 7744K, 100% used [0x07900000, 0x08090000, 0x08090000)
 tenured generation   total 155756K, used 122717K [0x19150000, 0x2296b000, 0x43c00000)
   the space 155756K,  78% used [0x19150000, 0x20927478, 0x20927600, 0x2296b000)
 Metaspace       used 3545K, capacity 3566K, committed 3648K, reserved 4480K
GC Heap History (10 events):
Event: 2.573 GC heap after
Heap after GC invocations=70 (full 4):
 def new generation   total 39936K, used 4415K [0x03c00000, 0x06750000, 0x19150000)
  eden space 35520K,   0% used [0x03c00000, 0x03c00000, 0x05eb0000)
  from space 4416K,  99% used [0x05eb0000, 0x062ffff8, 0x06300000)
  to   space 4416K,   0% used [0x06300000, 0x06300000, 0x06750000)
 tenured generation   total 88600K, used 88536K [0x19150000, 0x1e7d6000, 0x43c00000)
   the space 88600K,  99% used [0x19150000, 0x1e7c6300, 0x1e7c6400, 0x1e7d6000)
 Metaspace       used 3545K, capacity 3566K, committed 3648K, reserved 4480K
}
Event: 2.632 GC heap before
{Heap before GC invocations=70 (full 4):
 def new generation   total 39936K, used 39935K [0x03c00000, 0x06750000, 0x19150000)
  eden space 35520K, 100% used [0x03c00000, 0x05eb0000, 0x05eb0000)
  from space 4416K,  99% used [0x05eb0000, 0x062ffff8, 0x06300000)
  to   space 4416K,   0% used [0x06300000, 0x06300000, 0x06750000)
 tenured generation   total 88600K, used 88536K [0x19150000, 0x1e7d6000, 0x43c00000)
   the space 88600K,  99% used [0x19150000, 0x1e7c6300, 0x1e7c6400, 0x1e7d6000)
 Metaspace       used 3545K, capacity 3566K, committed 3648K, reserved 4480K
Event: 2.877 GC heap after
Heap after GC invocations=71 (full 5):
 def new generation   total 70208K, used 4404K [0x03c00000, 0x08820000, 0x19150000)
  eden space 62464K,   7% used [0x03c00000, 0x0404d058, 0x07900000)
  from space 7744K,   0% used [0x07900000, 0x07900000, 0x08090000)
  to   space 7744K,   0% used [0x08090000, 0x08090000, 0x08820000)
 tenured generation   total 155756K, used 93453K [0x19150000, 0x2296b000, 0x43c00000)
   the space 155756K,  59% used [0x19150000, 0x1ec93448, 0x1ec93600, 0x2296b000)
 Metaspace       used 3545K, capacity 3566K, committed 3648K, reserved 4480K
}
Event: 2.992 GC heap before
{Heap before GC invocations=71 (full 5):
 def new generation   total 70208K, used 62464K [0x03c00000, 0x08820000, 0x19150000)
  eden space 62464K, 100% used [0x03c00000, 0x07900000, 0x07900000)
  from space 7744K,   0% used [0x07900000, 0x07900000, 0x08090000)
  to   space 7744K,   0% used [0x08090000, 0x08090000, 0x08820000)
 tenured generation   total 155756K, used 93453K [0x19150000, 0x2296b000, 0x43c00000)
   the space 155756K,  59% used [0x19150000, 0x1ec93448, 0x1ec93600, 0x2296b000)
 Metaspace       used 3545K, capacity 3566K, committed 3648K, reserved 4480K
Event: 3.073 GC heap after
Heap after GC invocations=72 (full 5):
 def new generation   total 70208K, used 7744K [0x03c00000, 0x08820000, 0x19150000)
  eden space 62464K,   0% used [0x03c00000, 0x03c00000, 0x07900000)
  from space 7744K, 100% used [0x08090000, 0x08820000, 0x08820000)
  to   space 7744K,   0% used [0x07900000, 0x07900000, 0x08090000)
 tenured generation   total 155756K, used 98859K [0x19150000, 0x2296b000, 0x43c00000)
   the space 155756K,  63% used [0x19150000, 0x1f1dad40, 0x1f1dae00, 0x2296b000)
 Metaspace       used 3545K, capacity 3566K, committed 3648K, reserved 4480K
}
Event: 3.186 GC heap before
{Heap before GC invocations=72 (full 5):
 def new generation   total 70208K, used 70208K [0x03c00000, 0x08820000, 0x19150000)
  eden space 62464K, 100% used [0x03c00000, 0x07900000, 0x07900000)
  from space 7744K, 100% used [0x08090000, 0x08820000, 0x08820000)
  to   space 7744K,   0% used [0x07900000, 0x07900000, 0x08090000)
 tenured generation   total 155756K, used 98859K [0x19150000, 0x2296b000, 0x43c00000)
   the space 155756K,  63% used [0x19150000, 0x1f1dad40, 0x1f1dae00, 0x2296b000)
 Metaspace       used 3545K, capacity 3566K, committed 3648K, reserved 4480K
Event: 3.237 GC heap after
Heap after GC invocations=73 (full 5):
 def new generation   total 70208K, used 7743K [0x03c00000, 0x08820000, 0x19150000)
  eden space 62464K,   0% used [0x03c00000, 0x03c00000, 0x07900000)
  from space 7744K,  99% used [0x07900000, 0x0808fff8, 0x08090000)
  to   space 7744K,   0% used [0x08090000, 0x08090000, 0x08820000)
 tenured generation   total 155756K, used 111068K [0x19150000, 0x2296b000, 0x43c00000)
   the space 155756K,  71% used [0x19150000, 0x1fdc7340, 0x1fdc7400, 0x2296b000)
 Metaspace       used 3545K, capacity 3566K, committed 3648K, reserved 4480K
}
Event: 3.352 GC heap before
{Heap before GC invocations=73 (full 5):
 def new generation   total 70208K, used 70207K [0x03c00000, 0x08820000, 0x19150000)
  eden space 62464K, 100% used [0x03c00000, 0x07900000, 0x07900000)
  from space 7744K,  99% used [0x07900000, 0x0808fff8, 0x08090000)
  to   space 7744K,   0% used [0x08090000, 0x08090000, 0x08820000)
 tenured generation   total 155756K, used 111068K [0x19150000, 0x2296b000, 0x43c00000)
   the space 155756K,  71% used [0x19150000, 0x1fdc7340, 0x1fdc7400, 0x2296b000)
 Metaspace       used 3545K, capacity 3566K, committed 3648K, reserved 4480K
Event: 3.392 GC heap after
Heap after GC invocations=74 (full 5):
 def new generation   total 70208K, used 7744K [0x03c00000, 0x08820000, 0x19150000)
  eden space 62464K,   0% used [0x03c00000, 0x03c00000, 0x07900000)
  from space 7744K, 100% used [0x08090000, 0x08820000, 0x08820000)
  to   space 7744K,   0% used [0x07900000, 0x07900000, 0x08090000)
 tenured generation   total 155756K, used 119567K [0x19150000, 0x2296b000, 0x43c00000)
   the space 155756K,  76% used [0x19150000, 0x20613d08, 0x20613e00, 0x2296b000)
 Metaspace       used 3545K, capacity 3566K, committed 3648K, reserved 4480K
}
Event: 3.502 GC heap before
{Heap before GC invocations=74 (full 5):
 def new generation   total 70208K, used 70208K [0x03c00000, 0x08820000, 0x19150000)
  eden space 62464K, 100% used [0x03c00000, 0x07900000, 0x07900000)
  from space 7744K, 100% used [0x08090000, 0x08820000, 0x08820000)
  to   space 7744K,   0% used [0x07900000, 0x07900000, 0x08090000)
 tenured generation   total 155756K, used 119567K [0x19150000, 0x2296b000, 0x43c00000)
   the space 155756K,  76% used [0x19150000, 0x20613d08, 0x20613e00, 0x2296b000)
 Metaspace       used 3545K, capacity 3566K, committed 3648K, reserved 4480K

