# JRE version: Java(TM) SE Runtime Environment (8.0_101-b13) (build 1.8.0_101-b13)
# Java VM: Java HotSpot(TM) Client VM (25.101-b13 mixed mode windows-x86 )
Heap:
 def new generation   total 40640K, used 40640K [0x03e00000, 0x06a10000, 0x19350000)
  eden space 36160K, 100% used [0x03e00000, 0x06150000, 0x06150000)
  from space 4480K, 100% used [0x06150000, 0x065b0000, 0x065b0000)
  to   space 4480K,  75% used [0x065b0000, 0x068fdee8, 0x06a10000)
 tenured generation   total 90076K, used 61275K [0x19350000, 0x1eb47000, 0x43e00000)
   the space 90076K,  68% used [0x19350000, 0x1cf26e68, 0x1cf27000, 0x1eb47000)
 Metaspace       used 3550K, capacity 3598K, committed 3648K, reserved 4480K
GC Heap History (10 events):
Event: 1.807 GC heap after
Heap after GC invocations=43 (full 3):
 def new generation   total 24192K, used 2623K [0x03e00000, 0x05830000, 0x19350000)
  eden space 21568K,   0% used [0x03e00000, 0x03e00000, 0x05310000)
  from space 2624K,  99% used [0x05310000, 0x0559fff8, 0x055a0000)
  to   space 2624K,   0% used [0x055a0000, 0x055a0000, 0x05830000)
 tenured generation   total 53468K, used 48863K [0x19350000, 0x1c787000, 0x43e00000)
   the space 53468K,  91% used [0x19350000, 0x1c307c10, 0x1c307e00, 0x1c787000)
 Metaspace       used 3550K, capacity 3598K, committed 3648K, reserved 4480K
}
Event: 1.858 GC heap before
{Heap before GC invocations=43 (full 3):
 def new generation   total 24192K, used 24191K [0x03e00000, 0x05830000, 0x19350000)
  eden space 21568K, 100% used [0x03e00000, 0x05310000, 0x05310000)
  from space 2624K,  99% used [0x05310000, 0x0559fff8, 0x055a0000)
  to   space 2624K,   0% used [0x055a0000, 0x055a0000, 0x05830000)
 tenured generation   total 53468K, used 48863K [0x19350000, 0x1c787000, 0x43e00000)
   the space 53468K,  91% used [0x19350000, 0x1c307c10, 0x1c307e00, 0x1c787000)
 Metaspace       used 3550K, capacity 3598K, committed 3648K, reserved 4480K
Event: 1.871 GC heap after
Heap after GC invocations=44 (full 3):
 def new generation   total 24192K, used 2623K [0x03e00000, 0x05830000, 0x19350000)
  eden space 21568K,   0% used [0x03e00000, 0x03e00000, 0x05310000)
  from space 2624K,  99% used [0x055a0000, 0x0582fff8, 0x05830000)
  to   space 2624K,   0% used [0x05310000, 0x05310000, 0x055a0000)
 tenured generation   total 53468K, used 51689K [0x19350000, 0x1c787000, 0x43e00000)
   the space 53468K,  96% used [0x19350000, 0x1c5ca458, 0x1c5ca600, 0x1c787000)
 Metaspace       used 3550K, capacity 3598K, committed 3648K, reserved 4480K
}
Event: 1.907 GC heap before
{Heap before GC invocations=44 (full 3):
 def new generation   total 24192K, used 24191K [0x03e00000, 0x05830000, 0x19350000)
  eden space 21568K, 100% used [0x03e00000, 0x05310000, 0x05310000)
  from space 2624K,  99% used [0x055a0000, 0x0582fff8, 0x05830000)
  to   space 2624K,   0% used [0x05310000, 0x05310000, 0x055a0000)
 tenured generation   total 53468K, used 51689K [0x19350000, 0x1c787000, 0x43e00000)
   the space 53468K,  96% used [0x19350000, 0x1c5ca458, 0x1c5ca600, 0x1c787000)
 Metaspace       used 3550K, capacity 3598K, committed 3648K, reserved 4480K
Event: 2.076 GC heap after
Heap after GC invocations=45 (full 4):
 def new generation   total 40640K, used 0K [0x03e00000, 0x06a10000, 0x19350000)
  eden space 36160K,   0% used [0x03e00000, 0x03e00000, 0x06150000)
  from space 4480K,   0% used [0x06150000, 0x06150000, 0x065b0000)
  to   space 4480K,   0% used [0x065b0000, 0x065b0000, 0x06a10000)
 tenured generation   total 90076K, used 54044K [0x19350000, 0x1eb47000, 0x43e00000)
   the space 90076K,  59% used [0x19350000, 0x1c8170e8, 0x1c817200, 0x1eb47000)
 Metaspace       used 3550K, capacity 3598K, committed 3648K, reserved 4480K
}
Event: 2.137 GC heap before
{Heap before GC invocations=45 (full 4):
 def new generation   total 40640K, used 36160K [0x03e00000, 0x06a10000, 0x19350000)
  eden space 36160K, 100% used [0x03e00000, 0x06150000, 0x06150000)
  from space 4480K,   0% used [0x06150000, 0x06150000, 0x065b0000)
  to   space 4480K,   0% used [0x065b0000, 0x065b0000, 0x06a10000)
 tenured generation   total 90076K, used 54044K [0x19350000, 0x1eb47000, 0x43e00000)
   the space 90076K,  59% used [0x19350000, 0x1c8170e8, 0x1c817200, 0x1eb47000)
 Metaspace       used 3550K, capacity 3598K, committed 3648K, reserved 4480K
Event: 2.155 GC heap after
Heap after GC invocations=46 (full 4):
 def new generation   total 40640K, used 4480K [0x03e00000, 0x06a10000, 0x19350000)
  eden space 36160K,   0% used [0x03e00000, 0x03e00000, 0x06150000)
  from space 4480K, 100% used [0x065b0000, 0x06a10000, 0x06a10000)
  to   space 4480K,   0% used [0x06150000, 0x06150000, 0x065b0000)
 tenured generation   total 90076K, used 56177K [0x19350000, 0x1eb47000, 0x43e00000)
   the space 90076K,  62% used [0x19350000, 0x1ca2c6a8, 0x1ca2c800, 0x1eb47000)
 Metaspace       used 3550K, capacity 3598K, committed 3648K, reserved 4480K
}
Event: 2.214 GC heap before
{Heap before GC invocations=46 (full 4):
 def new generation   total 40640K, used 40640K [0x03e00000, 0x06a10000, 0x19350000)
  eden space 36160K, 100% used [0x03e00000, 0x06150000, 0x06150000)
  from space 4480K, 100% used [0x065b0000, 0x06a10000, 0x06a10000)
  to   space 4480K,   0% used [0x06150000, 0x06150000, 0x065b0000)
 tenured generation   total 90076K, used 56177K [0x19350000, 0x1eb47000, 0x43e00000)
   the space 90076K,  62% used [0x19350000, 0x1ca2c6a8, 0x1ca2c800, 0x1eb47000)
 Metaspace       used 3550K, capacity 3598K, committed 3648K, reserved 4480K
Event: 2.235 GC heap after
Heap after GC invocations=47 (full 4):
 def new generation   total 40640K, used 4480K [0x03e00000, 0x06a10000, 0x19350000)
  eden space 36160K,   0% used [0x03e00000, 0x03e00000, 0x06150000)
  from space 4480K, 100% used [0x06150000, 0x065b0000, 0x065b0000)
  to   space 4480K,   0% used [0x065b0000, 0x065b0000, 0x06a10000)
 tenured generation   total 90076K, used 60533K [0x19350000, 0x1eb47000, 0x43e00000)
   the space 90076K,  67% used [0x19350000, 0x1ce6d450, 0x1ce6d600, 0x1eb47000)
 Metaspace       used 3550K, capacity 3598K, committed 3648K, reserved 4480K
}
Event: 2.299 GC heap before
{Heap before GC invocations=47 (full 4):
 def new generation   total 40640K, used 40640K [0x03e00000, 0x06a10000, 0x19350000)
  eden space 36160K, 100% used [0x03e00000, 0x06150000, 0x06150000)
  from space 4480K, 100% used [0x06150000, 0x065b0000, 0x065b0000)
  to   space 4480K,   0% used [0x065b0000, 0x065b0000, 0x06a10000)
 tenured generation   total 90076K, used 60533K [0x19350000, 0x1eb47000, 0x43e00000)
   the space 90076K,  67% used [0x19350000, 0x1ce6d450, 0x1ce6d600, 0x1eb47000)
 Metaspace       used 3550K, capacity 3598K, committed 3648K, reserved 4480K

