# JRE version: Java(TM) SE Runtime Environment (8.0_101-b13) (build 1.8.0_101-b13)
# Java VM: Java HotSpot(TM) Client VM (25.101-b13 mixed mode windows-x86 )
Heap:
 def new generation   total 201088K, used 201087K [0x03e00000, 0x11830000, 0x19350000)
  eden space 178752K, 100% used [0x03e00000, 0x0ec90000, 0x0ec90000)
  from space 22336K,  99% used [0x0ec90000, 0x1025fff8, 0x10260000)
  to   space 22336K,  11% used [0x10260000, 0x104d9678, 0x11830000)
 tenured generation   total 446792K, used 312787K [0x19350000, 0x347a2000, 0x43e00000)
   the space 446792K,  70% used [0x19350000, 0x2c4c4f18, 0x2c4c5000, 0x347a2000)
 Metaspace       used 3547K, capacity 3598K, committed 3648K, reserved 4480K
GC Heap History (10 events):
Event: 5.994 GC heap after
Heap after GC invocations=87 (full 6):
 def new generation   total 117632K, used 13055K [0x03e00000, 0x0bda0000, 0x19350000)
  eden space 104576K,   0% used [0x03e00000, 0x03e00000, 0x0a420000)
  from space 13056K,  99% used [0x0b0e0000, 0x0bd9fff8, 0x0bda0000)
  to   space 13056K,   0% used [0x0a420000, 0x0a420000, 0x0b0e0000)
 tenured generation   total 261316K, used 238236K [0x19350000, 0x29281000, 0x43e00000)
   the space 261316K,  91% used [0x19350000, 0x27bf7370, 0x27bf7400, 0x29281000)
 Metaspace       used 3527K, capacity 3560K, committed 3648K, reserved 4480K
}
Event: 6.179 GC heap before
{Heap before GC invocations=87 (full 6):
 def new generation   total 117632K, used 117631K [0x03e00000, 0x0bda0000, 0x19350000)
  eden space 104576K, 100% used [0x03e00000, 0x0a420000, 0x0a420000)
  from space 13056K,  99% used [0x0b0e0000, 0x0bd9fff8, 0x0bda0000)
  to   space 13056K,   0% used [0x0a420000, 0x0a420000, 0x0b0e0000)
 tenured generation   total 261316K, used 238236K [0x19350000, 0x29281000, 0x43e00000)
   the space 261316K,  91% used [0x19350000, 0x27bf7370, 0x27bf7400, 0x29281000)
 Metaspace       used 3527K, capacity 3560K, committed 3648K, reserved 4480K
Event: 6.255 GC heap after
Heap after GC invocations=88 (full 6):
 def new generation   total 117632K, used 13055K [0x03e00000, 0x0bda0000, 0x19350000)
  eden space 104576K,   0% used [0x03e00000, 0x03e00000, 0x0a420000)
  from space 13056K,  99% used [0x0a420000, 0x0b0dfff8, 0x0b0e0000)
  to   space 13056K,   0% used [0x0b0e0000, 0x0b0e0000, 0x0bda0000)
 tenured generation   total 261316K, used 254160K [0x19350000, 0x29281000, 0x43e00000)
   the space 261316K,  97% used [0x19350000, 0x28b84040, 0x28b84200, 0x29281000)
 Metaspace       used 3527K, capacity 3560K, committed 3648K, reserved 4480K
}
Event: 6.422 GC heap before
{Heap before GC invocations=88 (full 6):
 def new generation   total 117632K, used 117631K [0x03e00000, 0x0bda0000, 0x19350000)
  eden space 104576K, 100% used [0x03e00000, 0x0a420000, 0x0a420000)
  from space 13056K,  99% used [0x0a420000, 0x0b0dfff8, 0x0b0e0000)
  to   space 13056K,   0% used [0x0b0e0000, 0x0b0e0000, 0x0bda0000)
 tenured generation   total 261316K, used 254160K [0x19350000, 0x29281000, 0x43e00000)
   the space 261316K,  97% used [0x19350000, 0x28b84040, 0x28b84200, 0x29281000)
 Metaspace       used 3527K, capacity 3560K, committed 3648K, reserved 4480K
Event: 7.150 GC heap after
Heap after GC invocations=89 (full 7):
 def new generation   total 201088K, used 13043K [0x03e00000, 0x11830000, 0x19350000)
  eden space 178752K,   7% used [0x03e00000, 0x04abce48, 0x0ec90000)
  from space 22336K,   0% used [0x0ec90000, 0x0ec90000, 0x10260000)
  to   space 22336K,   0% used [0x10260000, 0x10260000, 0x11830000)
 tenured generation   total 446792K, used 268075K [0x19350000, 0x347a2000, 0x43e00000)
   the space 446792K,  59% used [0x19350000, 0x2991ac60, 0x2991ae00, 0x347a2000)
 Metaspace       used 3527K, capacity 3560K, committed 3648K, reserved 4480K
}
Event: 7.448 GC heap before
{Heap before GC invocations=89 (full 7):
 def new generation   total 201088K, used 178752K [0x03e00000, 0x11830000, 0x19350000)
  eden space 178752K, 100% used [0x03e00000, 0x0ec90000, 0x0ec90000)
  from space 22336K,   0% used [0x0ec90000, 0x0ec90000, 0x10260000)
  to   space 22336K,   0% used [0x10260000, 0x10260000, 0x11830000)
 tenured generation   total 446792K, used 268075K [0x19350000, 0x347a2000, 0x43e00000)
   the space 446792K,  59% used [0x19350000, 0x2991ac60, 0x2991ae00, 0x347a2000)
 Metaspace       used 3547K, capacity 3598K, committed 3648K, reserved 4480K
Event: 7.675 GC heap after
Heap after GC invocations=90 (full 7):
 def new generation   total 201088K, used 22336K [0x03e00000, 0x11830000, 0x19350000)
  eden space 178752K,   0% used [0x03e00000, 0x03e00000, 0x0ec90000)
  from space 22336K, 100% used [0x10260000, 0x11830000, 0x11830000)
  to   space 22336K,   0% used [0x0ec90000, 0x0ec90000, 0x10260000)
 tenured generation   total 446792K, used 284862K [0x19350000, 0x347a2000, 0x43e00000)
   the space 446792K,  63% used [0x19350000, 0x2a97fa60, 0x2a97fc00, 0x347a2000)
 Metaspace       used 3547K, capacity 3598K, committed 3648K, reserved 4480K
}
Event: 7.996 GC heap before
{Heap before GC invocations=90 (full 7):
 def new generation   total 201088K, used 201088K [0x03e00000, 0x11830000, 0x19350000)
  eden space 178752K, 100% used [0x03e00000, 0x0ec90000, 0x0ec90000)
  from space 22336K, 100% used [0x10260000, 0x11830000, 0x11830000)
  to   space 22336K,   0% used [0x0ec90000, 0x0ec90000, 0x10260000)
 tenured generation   total 446792K, used 284862K [0x19350000, 0x347a2000, 0x43e00000)
   the space 446792K,  63% used [0x19350000, 0x2a97fa60, 0x2a97fc00, 0x347a2000)
 Metaspace       used 3547K, capacity 3598K, committed 3648K, reserved 4480K
Event: 8.135 GC heap after
Heap after GC invocations=91 (full 7):
 def new generation   total 201088K, used 22335K [0x03e00000, 0x11830000, 0x19350000)
  eden space 178752K,   0% used [0x03e00000, 0x03e00000, 0x0ec90000)
  from space 22336K,  99% used [0x0ec90000, 0x1025fff8, 0x10260000)
  to   space 22336K,   0% used [0x10260000, 0x10260000, 0x11830000)
 tenured generation   total 446792K, used 311910K [0x19350000, 0x347a2000, 0x43e00000)
   the space 446792K,  69% used [0x19350000, 0x2c3e9bc0, 0x2c3e9c00, 0x347a2000)
 Metaspace       used 3547K, capacity 3598K, committed 3648K, reserved 4480K
}
Event: 8.424 GC heap before
{Heap before GC invocations=91 (full 7):
 def new generation   total 201088K, used 201087K [0x03e00000, 0x11830000, 0x19350000)
  eden space 178752K, 100% used [0x03e00000, 0x0ec90000, 0x0ec90000)
  from space 22336K,  99% used [0x0ec90000, 0x1025fff8, 0x10260000)
  to   space 22336K,   0% used [0x10260000, 0x10260000, 0x11830000)
 tenured generation   total 446792K, used 311910K [0x19350000, 0x347a2000, 0x43e00000)
   the space 446792K,  69% used [0x19350000, 0x2c3e9bc0, 0x2c3e9c00, 0x347a2000)
 Metaspace       used 3547K, capacity 3598K, committed 3648K, reserved 4480K

