# JRE version: Java(TM) SE Runtime Environment (8.0_101-b13) (build 1.8.0_101-b13)
# Java VM: Java HotSpot(TM) Client VM (25.101-b13 mixed mode windows-x86 )
Heap:
 def new generation   total 179584K, used 179583K [0x03c00000, 0x0fed0000, 0x19150000)
  eden space 159680K, 100% used [0x03c00000, 0x0d7f0000, 0x0d7f0000)
  from space 19904K,  99% used [0x0eb60000, 0x0fecfff8, 0x0fed0000)
  to   space 19904K,  99% used [0x0d7f0000, 0x0eb5fff8, 0x0eb60000)
 tenured generation   total 399252K, used 399184K [0x19150000, 0x31735000, 0x43c00000)
   the space 399252K,  99% used [0x19150000, 0x31724078, 0x31724200, 0x31735000)
 Metaspace       used 3546K, capacity 3598K, committed 3648K, reserved 4480K
GC Heap History (10 events):
Event: 7.745 GC heap after
Heap after GC invocations=91 (full 7):
 def new generation   total 179584K, used 19903K [0x03c00000, 0x0fed0000, 0x19150000)
  eden space 159680K,   0% used [0x03c00000, 0x03c00000, 0x0d7f0000)
  from space 19904K,  99% used [0x0eb60000, 0x0fecfff8, 0x0fed0000)
  to   space 19904K,   0% used [0x0d7f0000, 0x0d7f0000, 0x0eb60000)
 tenured generation   total 398868K, used 300963K [0x19150000, 0x316d5000, 0x43c00000)
   the space 398868K,  75% used [0x19150000, 0x2b738ee8, 0x2b739000, 0x316d5000)
 Metaspace       used 3546K, capacity 3598K, committed 3648K, reserved 4480K
}
Event: 8.014 GC heap before
{Heap before GC invocations=91 (full 7):
 def new generation   total 179584K, used 179583K [0x03c00000, 0x0fed0000, 0x19150000)
  eden space 159680K, 100% used [0x03c00000, 0x0d7f0000, 0x0d7f0000)
  from space 19904K,  99% used [0x0eb60000, 0x0fecfff8, 0x0fed0000)
  to   space 19904K,   0% used [0x0d7f0000, 0x0d7f0000, 0x0eb60000)
 tenured generation   total 398868K, used 300963K [0x19150000, 0x316d5000, 0x43c00000)
   the space 398868K,  75% used [0x19150000, 0x2b738ee8, 0x2b739000, 0x316d5000)
 Metaspace       used 3546K, capacity 3598K, committed 3648K, reserved 4480K
Event: 8.122 GC heap after
Heap after GC invocations=92 (full 7):
 def new generation   total 179584K, used 19903K [0x03c00000, 0x0fed0000, 0x19150000)
  eden space 159680K,   0% used [0x03c00000, 0x03c00000, 0x0d7f0000)
  from space 19904K,  99% used [0x0d7f0000, 0x0eb5fff8, 0x0eb60000)
  to   space 19904K,   0% used [0x0eb60000, 0x0eb60000, 0x0fed0000)
 tenured generation   total 398868K, used 324180K [0x19150000, 0x316d5000, 0x43c00000)
   the space 398868K,  81% used [0x19150000, 0x2cde51e8, 0x2cde5200, 0x316d5000)
 Metaspace       used 3546K, capacity 3598K, committed 3648K, reserved 4480K
}
Event: 8.374 GC heap before
{Heap before GC invocations=92 (full 7):
 def new generation   total 179584K, used 179583K [0x03c00000, 0x0fed0000, 0x19150000)
  eden space 159680K, 100% used [0x03c00000, 0x0d7f0000, 0x0d7f0000)
  from space 19904K,  99% used [0x0d7f0000, 0x0eb5fff8, 0x0eb60000)
  to   space 19904K,   0% used [0x0eb60000, 0x0eb60000, 0x0fed0000)
 tenured generation   total 398868K, used 324180K [0x19150000, 0x316d5000, 0x43c00000)
   the space 398868K,  81% used [0x19150000, 0x2cde51e8, 0x2cde5200, 0x316d5000)
 Metaspace       used 3546K, capacity 3598K, committed 3648K, reserved 4480K
Event: 8.479 GC heap after
Heap after GC invocations=93 (full 7):
 def new generation   total 179584K, used 19903K [0x03c00000, 0x0fed0000, 0x19150000)
  eden space 159680K,   0% used [0x03c00000, 0x03c00000, 0x0d7f0000)
  from space 19904K,  99% used [0x0eb60000, 0x0fecfff8, 0x0fed0000)
  to   space 19904K,   0% used [0x0d7f0000, 0x0d7f0000, 0x0eb60000)
 tenured generation   total 398868K, used 346428K [0x19150000, 0x316d5000, 0x43c00000)
   the space 398868K,  86% used [0x19150000, 0x2e39f070, 0x2e39f200, 0x316d5000)
 Metaspace       used 3546K, capacity 3598K, committed 3648K, reserved 4480K
}
Event: 8.777 GC heap before
{Heap before GC invocations=93 (full 7):
 def new generation   total 179584K, used 179583K [0x03c00000, 0x0fed0000, 0x19150000)
  eden space 159680K, 100% used [0x03c00000, 0x0d7f0000, 0x0d7f0000)
  from space 19904K,  99% used [0x0eb60000, 0x0fecfff8, 0x0fed0000)
  to   space 19904K,   0% used [0x0d7f0000, 0x0d7f0000, 0x0eb60000)
 tenured generation   total 398868K, used 346428K [0x19150000, 0x316d5000, 0x43c00000)
   the space 398868K,  86% used [0x19150000, 0x2e39f070, 0x2e39f200, 0x316d5000)
 Metaspace       used 3546K, capacity 3598K, committed 3648K, reserved 4480K
Event: 8.883 GC heap after
Heap after GC invocations=94 (full 7):
 def new generation   total 179584K, used 19904K [0x03c00000, 0x0fed0000, 0x19150000)
  eden space 159680K,   0% used [0x03c00000, 0x03c00000, 0x0d7f0000)
  from space 19904K, 100% used [0x0d7f0000, 0x0eb60000, 0x0eb60000)
  to   space 19904K,   0% used [0x0eb60000, 0x0eb60000, 0x0fed0000)
 tenured generation   total 398868K, used 370061K [0x19150000, 0x316d5000, 0x43c00000)
   the space 398868K,  92% used [0x19150000, 0x2fab34c8, 0x2fab3600, 0x316d5000)
 Metaspace       used 3546K, capacity 3598K, committed 3648K, reserved 4480K
}
Event: 9.135 GC heap before
{Heap before GC invocations=94 (full 7):
 def new generation   total 179584K, used 179584K [0x03c00000, 0x0fed0000, 0x19150000)
  eden space 159680K, 100% used [0x03c00000, 0x0d7f0000, 0x0d7f0000)
  from space 19904K, 100% used [0x0d7f0000, 0x0eb60000, 0x0eb60000)
  to   space 19904K,   0% used [0x0eb60000, 0x0eb60000, 0x0fed0000)
 tenured generation   total 398868K, used 370061K [0x19150000, 0x316d5000, 0x43c00000)
   the space 398868K,  92% used [0x19150000, 0x2fab34c8, 0x2fab3600, 0x316d5000)
 Metaspace       used 3546K, capacity 3598K, committed 3648K, reserved 4480K
Event: 9.243 GC heap after
Heap after GC invocations=95 (full 7):
 def new generation   total 179584K, used 19903K [0x03c00000, 0x0fed0000, 0x19150000)
  eden space 159680K,   0% used [0x03c00000, 0x03c00000, 0x0d7f0000)
  from space 19904K,  99% used [0x0eb60000, 0x0fecfff8, 0x0fed0000)
  to   space 19904K,   0% used [0x0d7f0000, 0x0d7f0000, 0x0eb60000)
 tenured generation   total 398868K, used 393272K [0x19150000, 0x316d5000, 0x43c00000)
   the space 398868K,  98% used [0x19150000, 0x3115e3a8, 0x3115e400, 0x316d5000)
 Metaspace       used 3546K, capacity 3598K, committed 3648K, reserved 4480K
}
Event: 9.507 GC heap before
{Heap before GC invocations=95 (full 7):
 def new generation   total 179584K, used 179583K [0x03c00000, 0x0fed0000, 0x19150000)
  eden space 159680K, 100% used [0x03c00000, 0x0d7f0000, 0x0d7f0000)
  from space 19904K,  99% used [0x0eb60000, 0x0fecfff8, 0x0fed0000)
  to   space 19904K,   0% used [0x0d7f0000, 0x0d7f0000, 0x0eb60000)
 tenured generation   total 398868K, used 393272K [0x19150000, 0x316d5000, 0x43c00000)
   the space 398868K,  98% used [0x19150000, 0x3115e3a8, 0x3115e400, 0x316d5000)
 Metaspace       used 3546K, capacity 3598K, committed 3648K, reserved 4480K

