# JRE version: Java(TM) SE Runtime Environment (8.0_101-b13) (build 1.8.0_101-b13)
# Java VM: Java HotSpot(TM) Client VM (25.101-b13 mixed mode windows-x86 )
Heap:
 def new generation   total 65216K, used 65216K [0x03c00000, 0x082c0000, 0x19150000)
  eden space 57984K, 100% used [0x03c00000, 0x074a0000, 0x074a0000)
  from space 7232K, 100% used [0x074a0000, 0x07bb0000, 0x07bb0000)
  to   space 7232K,  99% used [0x07bb0000, 0x082bfff8, 0x082c0000)
 tenured generation   total 144808K, used 119880K [0x19150000, 0x21eba000, 0x43c00000)
   the space 144808K,  82% used [0x19150000, 0x20662080, 0x20662200, 0x21eba000)
 Metaspace       used 3545K, capacity 3598K, committed 3648K, reserved 4480K
GC Heap History (10 events):
Event: 2.737 GC heap after
Heap after GC invocations=51 (full 5):
 def new generation   total 65216K, used 4172K [0x03c00000, 0x082c0000, 0x19150000)
  eden space 57984K,   7% used [0x03c00000, 0x04013010, 0x074a0000)
  from space 7232K,   0% used [0x074a0000, 0x074a0000, 0x07bb0000)
  to   space 7232K,   0% used [0x07bb0000, 0x07bb0000, 0x082c0000)
 tenured generation   total 144808K, used 86883K [0x19150000, 0x21eba000, 0x43c00000)
   the space 144808K,  59% used [0x19150000, 0x1e628ff8, 0x1e629000, 0x21eba000)
 Metaspace       used 3544K, capacity 3598K, committed 3648K, reserved 4480K
}
Event: 2.830 GC heap before
{Heap before GC invocations=51 (full 5):
 def new generation   total 65216K, used 57984K [0x03c00000, 0x082c0000, 0x19150000)
  eden space 57984K, 100% used [0x03c00000, 0x074a0000, 0x074a0000)
  from space 7232K,   0% used [0x074a0000, 0x074a0000, 0x07bb0000)
  to   space 7232K,   0% used [0x07bb0000, 0x07bb0000, 0x082c0000)
 tenured generation   total 144808K, used 86883K [0x19150000, 0x21eba000, 0x43c00000)
   the space 144808K,  59% used [0x19150000, 0x1e628ff8, 0x1e629000, 0x21eba000)
 Metaspace       used 3544K, capacity 3598K, committed 3648K, reserved 4480K
Event: 2.904 GC heap after
Heap after GC invocations=52 (full 5):
 def new generation   total 65216K, used 7231K [0x03c00000, 0x082c0000, 0x19150000)
  eden space 57984K,   0% used [0x03c00000, 0x03c00000, 0x074a0000)
  from space 7232K,  99% used [0x07bb0000, 0x082bfff8, 0x082c0000)
  to   space 7232K,   0% used [0x074a0000, 0x074a0000, 0x07bb0000)
 tenured generation   total 144808K, used 91202K [0x19150000, 0x21eba000, 0x43c00000)
   the space 144808K,  62% used [0x19150000, 0x1ea609f0, 0x1ea60a00, 0x21eba000)
 Metaspace       used 3544K, capacity 3598K, committed 3648K, reserved 4480K
}
Event: 3.001 GC heap before
{Heap before GC invocations=52 (full 5):
 def new generation   total 65216K, used 65215K [0x03c00000, 0x082c0000, 0x19150000)
  eden space 57984K, 100% used [0x03c00000, 0x074a0000, 0x074a0000)
  from space 7232K,  99% used [0x07bb0000, 0x082bfff8, 0x082c0000)
  to   space 7232K,   0% used [0x074a0000, 0x074a0000, 0x07bb0000)
 tenured generation   total 144808K, used 91202K [0x19150000, 0x21eba000, 0x43c00000)
   the space 144808K,  62% used [0x19150000, 0x1ea609f0, 0x1ea60a00, 0x21eba000)
 Metaspace       used 3544K, capacity 3598K, committed 3648K, reserved 4480K
Event: 3.040 GC heap after
Heap after GC invocations=53 (full 5):
 def new generation   total 65216K, used 7232K [0x03c00000, 0x082c0000, 0x19150000)
  eden space 57984K,   0% used [0x03c00000, 0x03c00000, 0x074a0000)
  from space 7232K, 100% used [0x074a0000, 0x07bb0000, 0x07bb0000)
  to   space 7232K,   0% used [0x07bb0000, 0x07bb0000, 0x082c0000)
 tenured generation   total 144808K, used 99057K [0x19150000, 0x21eba000, 0x43c00000)
   the space 144808K,  68% used [0x19150000, 0x1f20c730, 0x1f20c800, 0x21eba000)
 Metaspace       used 3544K, capacity 3598K, committed 3648K, reserved 4480K
}
Event: 3.135 GC heap before
{Heap before GC invocations=53 (full 5):
 def new generation   total 65216K, used 65216K [0x03c00000, 0x082c0000, 0x19150000)
  eden space 57984K, 100% used [0x03c00000, 0x074a0000, 0x074a0000)
  from space 7232K, 100% used [0x074a0000, 0x07bb0000, 0x07bb0000)
  to   space 7232K,   0% used [0x07bb0000, 0x07bb0000, 0x082c0000)
 tenured generation   total 144808K, used 99069K [0x19150000, 0x21eba000, 0x43c00000)
   the space 144808K,  68% used [0x19150000, 0x1f20f530, 0x1f20f600, 0x21eba000)
 Metaspace       used 3544K, capacity 3598K, committed 3648K, reserved 4480K
Event: 3.174 GC heap after
Heap after GC invocations=54 (full 5):
 def new generation   total 65216K, used 7232K [0x03c00000, 0x082c0000, 0x19150000)
  eden space 57984K,   0% used [0x03c00000, 0x03c00000, 0x074a0000)
  from space 7232K, 100% used [0x07bb0000, 0x082c0000, 0x082c0000)
  to   space 7232K,   0% used [0x074a0000, 0x074a0000, 0x07bb0000)
 tenured generation   total 144808K, used 107891K [0x19150000, 0x21eba000, 0x43c00000)
   the space 144808K,  74% used [0x19150000, 0x1faace58, 0x1faad000, 0x21eba000)
 Metaspace       used 3544K, capacity 3598K, committed 3648K, reserved 4480K
}
Event: 3.292 GC heap before
{Heap before GC invocations=54 (full 5):
 def new generation   total 65216K, used 65216K [0x03c00000, 0x082c0000, 0x19150000)
  eden space 57984K, 100% used [0x03c00000, 0x074a0000, 0x074a0000)
  from space 7232K, 100% used [0x07bb0000, 0x082c0000, 0x082c0000)
  to   space 7232K,   0% used [0x074a0000, 0x074a0000, 0x07bb0000)
 tenured generation   total 144808K, used 107891K [0x19150000, 0x21eba000, 0x43c00000)
   the space 144808K,  74% used [0x19150000, 0x1faace58, 0x1faad000, 0x21eba000)
 Metaspace       used 3545K, capacity 3598K, committed 3648K, reserved 4480K
Event: 3.332 GC heap after
Heap after GC invocations=55 (full 5):
 def new generation   total 65216K, used 7232K [0x03c00000, 0x082c0000, 0x19150000)
  eden space 57984K,   0% used [0x03c00000, 0x03c00000, 0x074a0000)
  from space 7232K, 100% used [0x074a0000, 0x07bb0000, 0x07bb0000)
  to   space 7232K,   0% used [0x07bb0000, 0x07bb0000, 0x082c0000)
 tenured generation   total 144808K, used 116522K [0x19150000, 0x21eba000, 0x43c00000)
   the space 144808K,  80% used [0x19150000, 0x2031a8c0, 0x2031aa00, 0x21eba000)
 Metaspace       used 3545K, capacity 3598K, committed 3648K, reserved 4480K
}
Event: 3.426 GC heap before
{Heap before GC invocations=55 (full 5):
 def new generation   total 65216K, used 65216K [0x03c00000, 0x082c0000, 0x19150000)
  eden space 57984K, 100% used [0x03c00000, 0x074a0000, 0x074a0000)
  from space 7232K, 100% used [0x074a0000, 0x07bb0000, 0x07bb0000)
  to   space 7232K,   0% used [0x07bb0000, 0x07bb0000, 0x082c0000)
 tenured generation   total 144808K, used 116522K [0x19150000, 0x21eba000, 0x43c00000)
   the space 144808K,  80% used [0x19150000, 0x2031a8d8, 0x2031aa00, 0x21eba000)
 Metaspace       used 3545K, capacity 3598K, committed 3648K, reserved 4480K

