# JRE version: Java(TM) SE Runtime Environment (8.0_101-b13) (build 1.8.0_101-b13)
# Java VM: Java HotSpot(TM) Client VM (25.101-b13 mixed mode windows-x86 )
Heap:
 def new generation   total 314560K, used 314559K [0x03c00000, 0x19150000, 0x19150000)
  eden space 279616K, 100% used [0x03c00000, 0x14d10000, 0x14d10000)
  from space 34944K,  99% used [0x16f30000, 0x1914fff8, 0x19150000)
  to   space 34944K,   0% used [0x14d10000, 0x14d10000, 0x16f30000)
 tenured generation   total 699072K, used 675623K [0x19150000, 0x43c00000, 0x43c00000)
   the space 699072K,  96% used [0x19150000, 0x42519ea0, 0x4251a000, 0x43c00000)
 Metaspace       used 3556K, capacity 3598K, committed 3648K, reserved 4480K
GC Heap History (10 events):
Event: 11.912 GC heap after
Heap after GC invocations=96 (full 7):
 def new generation   total 207936K, used 23104K [0x03c00000, 0x11da0000, 0x19150000)
  eden space 184832K,   0% used [0x03c00000, 0x03c00000, 0x0f080000)
  from space 23104K, 100% used [0x10710000, 0x11da0000, 0x11da0000)
  to   space 23104K,   0% used [0x0f080000, 0x0f080000, 0x10710000)
 tenured generation   total 461916K, used 449894K [0x19150000, 0x35467000, 0x43c00000)
   the space 461916K,  97% used [0x19150000, 0x348a9ad0, 0x348a9c00, 0x35467000)
 Metaspace       used 3552K, capacity 3598K, committed 3648K, reserved 4480K
}
Event: 12.227 GC heap before
{Heap before GC invocations=96 (full 7):
 def new generation   total 207936K, used 207936K [0x03c00000, 0x11da0000, 0x19150000)
  eden space 184832K, 100% used [0x03c00000, 0x0f080000, 0x0f080000)
  from space 23104K, 100% used [0x10710000, 0x11da0000, 0x11da0000)
  to   space 23104K,   0% used [0x0f080000, 0x0f080000, 0x10710000)
 tenured generation   total 461916K, used 449894K [0x19150000, 0x35467000, 0x43c00000)
   the space 461916K,  97% used [0x19150000, 0x348a9ad0, 0x348a9c00, 0x35467000)
 Metaspace       used 3552K, capacity 3598K, committed 3648K, reserved 4480K
Event: 13.816 GC heap after
Heap after GC invocations=97 (full 8):
 def new generation   total 314560K, used 6181K [0x03c00000, 0x19150000, 0x19150000)
  eden space 279616K,   2% used [0x03c00000, 0x042096e0, 0x14d10000)
  from space 34944K,   0% used [0x14d10000, 0x14d10000, 0x16f30000)
  to   space 34944K,   0% used [0x16f30000, 0x16f30000, 0x19150000)
 tenured generation   total 699072K, used 475099K [0x19150000, 0x43c00000, 0x43c00000)
   the space 699072K,  67% used [0x19150000, 0x36146ff0, 0x36147000, 0x43c00000)
 Metaspace       used 3552K, capacity 3598K, committed 3648K, reserved 4480K
}
Event: 14.355 GC heap before
{Heap before GC invocations=97 (full 8):
 def new generation   total 314560K, used 279616K [0x03c00000, 0x19150000, 0x19150000)
  eden space 279616K, 100% used [0x03c00000, 0x14d10000, 0x14d10000)
  from space 34944K,   0% used [0x14d10000, 0x14d10000, 0x16f30000)
  to   space 34944K,   0% used [0x16f30000, 0x16f30000, 0x19150000)
 tenured generation   total 699072K, used 475099K [0x19150000, 0x43c00000, 0x43c00000)
   the space 699072K,  67% used [0x19150000, 0x36146ff0, 0x36147000, 0x43c00000)
 Metaspace       used 3552K, capacity 3598K, committed 3648K, reserved 4480K
Event: 14.729 GC heap after
Heap after GC invocations=98 (full 8):
 def new generation   total 314560K, used 34943K [0x03c00000, 0x19150000, 0x19150000)
  eden space 279616K,   0% used [0x03c00000, 0x03c00000, 0x14d10000)
  from space 34944K,  99% used [0x16f30000, 0x1914fff8, 0x19150000)
  to   space 34944K,   0% used [0x14d10000, 0x14d10000, 0x16f30000)
 tenured generation   total 699072K, used 486519K [0x19150000, 0x43c00000, 0x43c00000)
   the space 699072K,  69% used [0x19150000, 0x36c6dec8, 0x36c6e000, 0x43c00000)
 Metaspace       used 3552K, capacity 3598K, committed 3648K, reserved 4480K
}
Event: 16.480 GC heap before
{Heap before GC invocations=98 (full 8):
 def new generation   total 314560K, used 314559K [0x03c00000, 0x19150000, 0x19150000)
  eden space 279616K, 100% used [0x03c00000, 0x14d10000, 0x14d10000)
  from space 34944K,  99% used [0x16f30000, 0x1914fff8, 0x19150000)
  to   space 34944K,   0% used [0x14d10000, 0x14d10000, 0x16f30000)
 tenured generation   total 699072K, used 486519K [0x19150000, 0x43c00000, 0x43c00000)
   the space 699072K,  69% used [0x19150000, 0x36c6dec8, 0x36c6e000, 0x43c00000)
 Metaspace       used 3552K, capacity 3598K, committed 3648K, reserved 4480K
Event: 16.860 GC heap after
Heap after GC invocations=99 (full 8):
 def new generation   total 314560K, used 34943K [0x03c00000, 0x19150000, 0x19150000)
  eden space 279616K,   0% used [0x03c00000, 0x03c00000, 0x14d10000)
  from space 34944K,  99% used [0x14d10000, 0x16f2fff8, 0x16f30000)
  to   space 34944K,   0% used [0x16f30000, 0x16f30000, 0x19150000)
 tenured generation   total 699072K, used 607498K [0x19150000, 0x43c00000, 0x43c00000)
   the space 699072K,  86% used [0x19150000, 0x3e292930, 0x3e292a00, 0x43c00000)
 Metaspace       used 3552K, capacity 3598K, committed 3648K, reserved 4480K
}
Event: 18.934 GC heap before
{Heap before GC invocations=99 (full 8):
 def new generation   total 314560K, used 314559K [0x03c00000, 0x19150000, 0x19150000)
  eden space 279616K, 100% used [0x03c00000, 0x14d10000, 0x14d10000)
  from space 34944K,  99% used [0x14d10000, 0x16f2fff8, 0x16f30000)
  to   space 34944K,   0% used [0x16f30000, 0x16f30000, 0x19150000)
 tenured generation   total 699072K, used 607498K [0x19150000, 0x43c00000, 0x43c00000)
   the space 699072K,  86% used [0x19150000, 0x3e292930, 0x3e292a00, 0x43c00000)
 Metaspace       used 3556K, capacity 3598K, committed 3648K, reserved 4480K
Event: 19.220 GC heap after
Heap after GC invocations=100 (full 8):
 def new generation   total 314560K, used 34943K [0x03c00000, 0x19150000, 0x19150000)
  eden space 279616K,   0% used [0x03c00000, 0x03c00000, 0x14d10000)
  from space 34944K,  99% used [0x16f30000, 0x1914fff8, 0x19150000)
  to   space 34944K,   0% used [0x14d10000, 0x14d10000, 0x16f30000)
 tenured generation   total 699072K, used 675623K [0x19150000, 0x43c00000, 0x43c00000)
   the space 699072K,  96% used [0x19150000, 0x42519ea0, 0x4251a000, 0x43c00000)
 Metaspace       used 3556K, capacity 3598K, committed 3648K, reserved 4480K
}
Event: 21.323 GC heap before
{Heap before GC invocations=100 (full 8):
 def new generation   total 314560K, used 314559K [0x03c00000, 0x19150000, 0x19150000)
  eden space 279616K, 100% used [0x03c00000, 0x14d10000, 0x14d10000)
  from space 34944K,  99% used [0x16f30000, 0x1914fff8, 0x19150000)
  to   space 34944K,   0% used [0x14d10000, 0x14d10000, 0x16f30000)
 tenured generation   total 699072K, used 675623K [0x19150000, 0x43c00000, 0x43c00000)
   the space 699072K,  96% used [0x19150000, 0x42519ea0, 0x4251a000, 0x43c00000)
 Metaspace       used 3556K, capacity 3598K, committed 3648K, reserved 4480K

