# JRE version: Java(TM) SE Runtime Environment (8.0_101-b13) (build 1.8.0_101-b13)
# Java VM: Java HotSpot(TM) Client VM (25.101-b13 mixed mode windows-x86 )
Heap:
 def new generation   total 314560K, used 174596K [0x03c00000, 0x19150000, 0x19150000)
  eden space 279616K,  49% used [0x03c00000, 0x0c461298, 0x14d10000)
  from space 34944K,  99% used [0x16f30000, 0x1914fff8, 0x19150000)
  to   space 34944K,   0% used [0x14d10000, 0x14d10000, 0x16f30000)
 tenured generation   total 699072K, used 634798K [0x19150000, 0x43c00000, 0x43c00000)
   the space 699072K,  90% used [0x19150000, 0x3fd3b830, 0x3fd3ba00, 0x43c00000)
 Metaspace       used 3550K, capacity 3598K, committed 3648K, reserved 4480K
GC Heap History (10 events):
Event: 10.189 GC heap before
{Heap before GC invocations=95 (full 7):
 def new generation   total 201600K, used 201599K [0x03c00000, 0x116c0000, 0x19150000)
  eden space 179200K, 100% used [0x03c00000, 0x0eb00000, 0x0eb00000)
  from space 22400K,  99% used [0x0eb00000, 0x100dfff8, 0x100e0000)
  to   space 22400K,   0% used [0x100e0000, 0x100e0000, 0x116c0000)
 tenured generation   total 447916K, used 415363K [0x19150000, 0x346bb000, 0x43c00000)
   the space 447916K,  92% used [0x19150000, 0x326f0d78, 0x326f0e00, 0x346bb000)
 Metaspace       used 3546K, capacity 3598K, committed 3648K, reserved 4480K
Event: 10.304 GC heap after
Heap after GC invocations=96 (full 7):
 def new generation   total 201600K, used 22400K [0x03c00000, 0x116c0000, 0x19150000)
  eden space 179200K,   0% used [0x03c00000, 0x03c00000, 0x0eb00000)
  from space 22400K, 100% used [0x100e0000, 0x116c0000, 0x116c0000)
  to   space 22400K,   0% used [0x0eb00000, 0x0eb00000, 0x100e0000)
 tenured generation   total 447916K, used 439555K [0x19150000, 0x346bb000, 0x43c00000)
   the space 447916K,  98% used [0x19150000, 0x33e90f60, 0x33e91000, 0x346bb000)
 Metaspace       used 3546K, capacity 3598K, committed 3648K, reserved 4480K
}
Event: 10.612 GC heap before
{Heap before GC invocations=96 (full 7):
 def new generation   total 201600K, used 201600K [0x03c00000, 0x116c0000, 0x19150000)
  eden space 179200K, 100% used [0x03c00000, 0x0eb00000, 0x0eb00000)
  from space 22400K, 100% used [0x100e0000, 0x116c0000, 0x116c0000)
  to   space 22400K,   0% used [0x0eb00000, 0x0eb00000, 0x100e0000)
 tenured generation   total 447916K, used 439555K [0x19150000, 0x346bb000, 0x43c00000)
   the space 447916K,  98% used [0x19150000, 0x33e90f60, 0x33e91000, 0x346bb000)
 Metaspace       used 3546K, capacity 3598K, committed 3648K, reserved 4480K
Event: 12.107 GC heap after
Heap after GC invocations=97 (full 8):
 def new generation   total 314560K, used 3294K [0x03c00000, 0x19150000, 0x19150000)
  eden space 279616K,   1% used [0x03c00000, 0x03f378b8, 0x14d10000)
  from space 34944K,   0% used [0x14d10000, 0x14d10000, 0x16f30000)
  to   space 34944K,   0% used [0x16f30000, 0x16f30000, 0x19150000)
 tenured generation   total 699072K, used 462508K [0x19150000, 0x43c00000, 0x43c00000)
   the space 699072K,  66% used [0x19150000, 0x354fb000, 0x354fb000, 0x43c00000)
 Metaspace       used 3546K, capacity 3598K, committed 3648K, reserved 4480K
}
Event: 12.585 GC heap before
{Heap before GC invocations=97 (full 8):
 def new generation   total 314560K, used 279616K [0x03c00000, 0x19150000, 0x19150000)
  eden space 279616K, 100% used [0x03c00000, 0x14d10000, 0x14d10000)
  from space 34944K,   0% used [0x14d10000, 0x14d10000, 0x16f30000)
  to   space 34944K,   0% used [0x16f30000, 0x16f30000, 0x19150000)
 tenured generation   total 699072K, used 462508K [0x19150000, 0x43c00000, 0x43c00000)
   the space 699072K,  66% used [0x19150000, 0x354fb000, 0x354fb000, 0x43c00000)
 Metaspace       used 3546K, capacity 3598K, committed 3648K, reserved 4480K
Event: 12.946 GC heap after
Heap after GC invocations=98 (full 8):
 def new generation   total 314560K, used 34944K [0x03c00000, 0x19150000, 0x19150000)
  eden space 279616K,   0% used [0x03c00000, 0x03c00000, 0x14d10000)
  from space 34944K, 100% used [0x16f30000, 0x19150000, 0x19150000)
  to   space 34944K,   0% used [0x14d10000, 0x14d10000, 0x16f30000)
 tenured generation   total 699072K, used 473330K [0x19150000, 0x43c00000, 0x43c00000)
   the space 699072K,  67% used [0x19150000, 0x35f8cb20, 0x35f8cc00, 0x43c00000)
 Metaspace       used 3546K, capacity 3598K, committed 3648K, reserved 4480K
}
Event: 14.160 GC heap before
{Heap before GC invocations=98 (full 8):
 def new generation   total 314560K, used 314560K [0x03c00000, 0x19150000, 0x19150000)
  eden space 279616K, 100% used [0x03c00000, 0x14d10000, 0x14d10000)
  from space 34944K, 100% used [0x16f30000, 0x19150000, 0x19150000)
  to   space 34944K,   0% used [0x14d10000, 0x14d10000, 0x16f30000)
 tenured generation   total 699072K, used 473330K [0x19150000, 0x43c00000, 0x43c00000)
   the space 699072K,  67% used [0x19150000, 0x35f8cb20, 0x35f8cc00, 0x43c00000)
 Metaspace       used 3546K, capacity 3598K, committed 3648K, reserved 4480K
Event: 14.403 GC heap after
Heap after GC invocations=99 (full 8):
 def new generation   total 314560K, used 34943K [0x03c00000, 0x19150000, 0x19150000)
  eden space 279616K,   0% used [0x03c00000, 0x03c00000, 0x14d10000)
  from space 34944K,  99% used [0x14d10000, 0x16f2fff8, 0x16f30000)
  to   space 34944K,   0% used [0x16f30000, 0x16f30000, 0x19150000)
 tenured generation   total 699072K, used 568239K [0x19150000, 0x43c00000, 0x43c00000)
   the space 699072K,  81% used [0x19150000, 0x3bc3bf30, 0x3bc3c000, 0x43c00000)
 Metaspace       used 3546K, capacity 3598K, committed 3648K, reserved 4480K
}
Event: 15.551 GC heap before
{Heap before GC invocations=99 (full 8):
 def new generation   total 314560K, used 314559K [0x03c00000, 0x19150000, 0x19150000)
  eden space 279616K, 100% used [0x03c00000, 0x14d10000, 0x14d10000)
  from space 34944K,  99% used [0x14d10000, 0x16f2fff8, 0x16f30000)
  to   space 34944K,   0% used [0x16f30000, 0x16f30000, 0x19150000)
 tenured generation   total 699072K, used 568239K [0x19150000, 0x43c00000, 0x43c00000)
   the space 699072K,  81% used [0x19150000, 0x3bc3bf30, 0x3bc3c000, 0x43c00000)
 Metaspace       used 3550K, capacity 3598K, committed 3648K, reserved 4480K
Event: 15.718 GC heap after
Heap after GC invocations=100 (full 8):
 def new generation   total 314560K, used 34943K [0x03c00000, 0x19150000, 0x19150000)
  eden space 279616K,   0% used [0x03c00000, 0x03c00000, 0x14d10000)
  from space 34944K,  99% used [0x16f30000, 0x1914fff8, 0x19150000)
  to   space 34944K,   0% used [0x14d10000, 0x14d10000, 0x16f30000)
 tenured generation   total 699072K, used 634798K [0x19150000, 0x43c00000, 0x43c00000)
   the space 699072K,  90% used [0x19150000, 0x3fd3b830, 0x3fd3ba00, 0x43c00000)
 Metaspace       used 3550K, capacity 3598K, committed 3648K, reserved 4480K
}

