# JRE version: Java(TM) SE Runtime Environment (8.0_101-b13) (build 1.8.0_101-b13)
# Java VM: Java HotSpot(TM) Client VM (25.101-b13 mixed mode windows-x86 )
Heap:
 def new generation   total 314560K, used 314560K [0x03c00000, 0x19150000, 0x19150000)
  eden space 279616K, 100% used [0x03c00000, 0x14d10000, 0x14d10000)
  from space 34944K, 100% used [0x14d10000, 0x16f30000, 0x16f30000)
  to   space 34944K,   0% used [0x16f30000, 0x16f30000, 0x19150000)
 tenured generation   total 699072K, used 668426K [0x19150000, 0x43c00000, 0x43c00000)
   the space 699072K,  95% used [0x19150000, 0x41e12998, 0x41e12a00, 0x43c00000)
 Metaspace       used 3551K, capacity 3598K, committed 3648K, reserved 4480K
GC Heap History (10 events):
Event: 10.625 GC heap after
Heap after GC invocations=98 (full 7):
 def new generation   total 224512K, used 24895K [0x03c00000, 0x12f90000, 0x19150000)
  eden space 199616K,   0% used [0x03c00000, 0x03c00000, 0x0fef0000)
  from space 24896K,  99% used [0x0fef0000, 0x1173fff8, 0x11740000)
  to   space 24896K,   0% used [0x11740000, 0x11740000, 0x12f90000)
 tenured generation   total 498680K, used 455630K [0x19150000, 0x3784e000, 0x43c00000)
   the space 498680K,  91% used [0x19150000, 0x34e43a70, 0x34e43c00, 0x3784e000)
 Metaspace       used 3547K, capacity 3598K, committed 3648K, reserved 4480K
}
Event: 10.937 GC heap before
{Heap before GC invocations=98 (full 7):
 def new generation   total 224512K, used 224511K [0x03c00000, 0x12f90000, 0x19150000)
  eden space 199616K, 100% used [0x03c00000, 0x0fef0000, 0x0fef0000)
  from space 24896K,  99% used [0x0fef0000, 0x1173fff8, 0x11740000)
  to   space 24896K,   0% used [0x11740000, 0x11740000, 0x12f90000)
 tenured generation   total 498680K, used 455630K [0x19150000, 0x3784e000, 0x43c00000)
   the space 498680K,  91% used [0x19150000, 0x34e43a88, 0x34e43c00, 0x3784e000)
 Metaspace       used 3547K, capacity 3598K, committed 3648K, reserved 4480K
Event: 11.063 GC heap after
Heap after GC invocations=99 (full 7):
 def new generation   total 224512K, used 24895K [0x03c00000, 0x12f90000, 0x19150000)
  eden space 199616K,   0% used [0x03c00000, 0x03c00000, 0x0fef0000)
  from space 24896K,  99% used [0x11740000, 0x12f8fff8, 0x12f90000)
  to   space 24896K,   0% used [0x0fef0000, 0x0fef0000, 0x11740000)
 tenured generation   total 498680K, used 483600K [0x19150000, 0x3784e000, 0x43c00000)
   the space 498680K,  96% used [0x19150000, 0x36994358, 0x36994400, 0x3784e000)
 Metaspace       used 3547K, capacity 3598K, committed 3648K, reserved 4480K
}
Event: 11.420 GC heap before
{Heap before GC invocations=99 (full 7):
 def new generation   total 224512K, used 224511K [0x03c00000, 0x12f90000, 0x19150000)
  eden space 199616K, 100% used [0x03c00000, 0x0fef0000, 0x0fef0000)
  from space 24896K,  99% used [0x11740000, 0x12f8fff8, 0x12f90000)
  to   space 24896K,   0% used [0x0fef0000, 0x0fef0000, 0x11740000)
 tenured generation   total 498680K, used 483600K [0x19150000, 0x3784e000, 0x43c00000)
   the space 498680K,  96% used [0x19150000, 0x36994358, 0x36994400, 0x3784e000)
 Metaspace       used 3547K, capacity 3598K, committed 3648K, reserved 4480K
Event: 13.055 GC heap after
Heap after GC invocations=100 (full 8):
 def new generation   total 314560K, used 5638K [0x03c00000, 0x19150000, 0x19150000)
  eden space 279616K,   2% used [0x03c00000, 0x041818d0, 0x14d10000)
  from space 34944K,   0% used [0x14d10000, 0x14d10000, 0x16f30000)
  to   space 34944K,   0% used [0x16f30000, 0x16f30000, 0x19150000)
 tenured generation   total 699072K, used 514552K [0x19150000, 0x43c00000, 0x43c00000)
   the space 699072K,  73% used [0x19150000, 0x387ce000, 0x387ce000, 0x43c00000)
 Metaspace       used 3547K, capacity 3598K, committed 3648K, reserved 4480K
}
Event: 14.802 GC heap before
{Heap before GC invocations=100 (full 8):
 def new generation   total 314560K, used 279616K [0x03c00000, 0x19150000, 0x19150000)
  eden space 279616K, 100% used [0x03c00000, 0x14d10000, 0x14d10000)
  from space 34944K,   0% used [0x14d10000, 0x14d10000, 0x16f30000)
  to   space 34944K,   0% used [0x16f30000, 0x16f30000, 0x19150000)
 tenured generation   total 699072K, used 514552K [0x19150000, 0x43c00000, 0x43c00000)
   the space 699072K,  73% used [0x19150000, 0x387ce000, 0x387ce000, 0x43c00000)
 Metaspace       used 3547K, capacity 3598K, committed 3648K, reserved 4480K
Event: 15.211 GC heap after
Heap after GC invocations=101 (full 8):
 def new generation   total 314560K, used 34943K [0x03c00000, 0x19150000, 0x19150000)
  eden space 279616K,   0% used [0x03c00000, 0x03c00000, 0x14d10000)
  from space 34944K,  99% used [0x16f30000, 0x1914fff8, 0x19150000)
  to   space 34944K,   0% used [0x14d10000, 0x14d10000, 0x16f30000)
 tenured generation   total 699072K, used 595857K [0x19150000, 0x43c00000, 0x43c00000)
   the space 699072K,  85% used [0x19150000, 0x3d734400, 0x3d734400, 0x43c00000)
 Metaspace       used 3547K, capacity 3598K, committed 3648K, reserved 4480K
}
Event: 16.492 GC heap before
{Heap before GC invocations=101 (full 8):
 def new generation   total 314560K, used 314559K [0x03c00000, 0x19150000, 0x19150000)
  eden space 279616K, 100% used [0x03c00000, 0x14d10000, 0x14d10000)
  from space 34944K,  99% used [0x16f30000, 0x1914fff8, 0x19150000)
  to   space 34944K,   0% used [0x14d10000, 0x14d10000, 0x16f30000)
 tenured generation   total 699072K, used 595857K [0x19150000, 0x43c00000, 0x43c00000)
   the space 699072K,  85% used [0x19150000, 0x3d734400, 0x3d734400, 0x43c00000)
 Metaspace       used 3551K, capacity 3598K, committed 3648K, reserved 4480K
Event: 16.675 GC heap after
Heap after GC invocations=102 (full 8):
 def new generation   total 314560K, used 34944K [0x03c00000, 0x19150000, 0x19150000)
  eden space 279616K,   0% used [0x03c00000, 0x03c00000, 0x14d10000)
  from space 34944K, 100% used [0x14d10000, 0x16f30000, 0x16f30000)
  to   space 34944K,   0% used [0x16f30000, 0x16f30000, 0x19150000)
 tenured generation   total 699072K, used 668426K [0x19150000, 0x43c00000, 0x43c00000)
   the space 699072K,  95% used [0x19150000, 0x41e12998, 0x41e12a00, 0x43c00000)
 Metaspace       used 3551K, capacity 3598K, committed 3648K, reserved 4480K
}
Event: 17.228 GC heap before
{Heap before GC invocations=102 (full 8):
 def new generation   total 314560K, used 314560K [0x03c00000, 0x19150000, 0x19150000)
  eden space 279616K, 100% used [0x03c00000, 0x14d10000, 0x14d10000)
  from space 34944K, 100% used [0x14d10000, 0x16f30000, 0x16f30000)
  to   space 34944K,   0% used [0x16f30000, 0x16f30000, 0x19150000)
 tenured generation   total 699072K, used 668426K [0x19150000, 0x43c00000, 0x43c00000)
   the space 699072K,  95% used [0x19150000, 0x41e12998, 0x41e12a00, 0x43c00000)
 Metaspace       used 3551K, capacity 3598K, committed 3648K, reserved 4480K

