# JRE version: Java(TM) SE Runtime Environment (8.0_101-b13) (build 1.8.0_101-b13)
# Java VM: Java HotSpot(TM) Client VM (25.101-b13 mixed mode windows-x86 )
Heap:
 def new generation   total 189568K, used 189567K [0x03c00000, 0x109b0000, 0x19150000)
  eden space 168512K, 100% used [0x03c00000, 0x0e090000, 0x0e090000)
  from space 21056K,  99% used [0x0e090000, 0x0f51fff8, 0x0f520000)
  to   space 21056K,  99% used [0x0f520000, 0x109afff8, 0x109b0000)
 tenured generation   total 421188K, used 405469K [0x19150000, 0x32ca1000, 0x43c00000)
   the space 421188K,  96% used [0x19150000, 0x31d477a8, 0x31d47800, 0x32ca1000)
 Metaspace       used 3547K, capacity 3598K, committed 3648K, reserved 4480K
GC Heap History (10 events):
Event: 7.752 GC heap after
Heap after GC invocations=89 (full 7):
 def new generation   total 189568K, used 21056K [0x03c00000, 0x109b0000, 0x19150000)
  eden space 168512K,   0% used [0x03c00000, 0x03c00000, 0x0e090000)
  from space 21056K, 100% used [0x0e090000, 0x0f520000, 0x0f520000)
  to   space 21056K,   0% used [0x0f520000, 0x0f520000, 0x109b0000)
 tenured generation   total 421188K, used 290776K [0x19150000, 0x32ca1000, 0x43c00000)
   the space 421188K,  69% used [0x19150000, 0x2ad46038, 0x2ad46200, 0x32ca1000)
 Metaspace       used 3547K, capacity 3598K, committed 3648K, reserved 4480K
}
Event: 8.028 GC heap before
{Heap before GC invocations=89 (full 7):
 def new generation   total 189568K, used 189568K [0x03c00000, 0x109b0000, 0x19150000)
  eden space 168512K, 100% used [0x03c00000, 0x0e090000, 0x0e090000)
  from space 21056K, 100% used [0x0e090000, 0x0f520000, 0x0f520000)
  to   space 21056K,   0% used [0x0f520000, 0x0f520000, 0x109b0000)
 tenured generation   total 421188K, used 290776K [0x19150000, 0x32ca1000, 0x43c00000)
   the space 421188K,  69% used [0x19150000, 0x2ad46038, 0x2ad46200, 0x32ca1000)
 Metaspace       used 3547K, capacity 3598K, committed 3648K, reserved 4480K
Event: 8.151 GC heap after
Heap after GC invocations=90 (full 7):
 def new generation   total 189568K, used 21056K [0x03c00000, 0x109b0000, 0x19150000)
  eden space 168512K,   0% used [0x03c00000, 0x03c00000, 0x0e090000)
  from space 21056K, 100% used [0x0f520000, 0x109b0000, 0x109b0000)
  to   space 21056K,   0% used [0x0e090000, 0x0e090000, 0x0f520000)
 tenured generation   total 421188K, used 316567K [0x19150000, 0x32ca1000, 0x43c00000)
   the space 421188K,  75% used [0x19150000, 0x2c675fb0, 0x2c676000, 0x32ca1000)
 Metaspace       used 3547K, capacity 3598K, committed 3648K, reserved 4480K
}
Event: 8.432 GC heap before
{Heap before GC invocations=90 (full 7):
 def new generation   total 189568K, used 189568K [0x03c00000, 0x109b0000, 0x19150000)
  eden space 168512K, 100% used [0x03c00000, 0x0e090000, 0x0e090000)
  from space 21056K, 100% used [0x0f520000, 0x109b0000, 0x109b0000)
  to   space 21056K,   0% used [0x0e090000, 0x0e090000, 0x0f520000)
 tenured generation   total 421188K, used 316567K [0x19150000, 0x32ca1000, 0x43c00000)
   the space 421188K,  75% used [0x19150000, 0x2c675fb0, 0x2c676000, 0x32ca1000)
 Metaspace       used 3547K, capacity 3598K, committed 3648K, reserved 4480K
Event: 8.540 GC heap after
Heap after GC invocations=91 (full 7):
 def new generation   total 189568K, used 21056K [0x03c00000, 0x109b0000, 0x19150000)
  eden space 168512K,   0% used [0x03c00000, 0x03c00000, 0x0e090000)
  from space 21056K, 100% used [0x0e090000, 0x0f520000, 0x0f520000)
  to   space 21056K,   0% used [0x0f520000, 0x0f520000, 0x109b0000)
 tenured generation   total 421188K, used 339130K [0x19150000, 0x32ca1000, 0x43c00000)
   the space 421188K,  80% used [0x19150000, 0x2dc7e9c8, 0x2dc7ea00, 0x32ca1000)
 Metaspace       used 3547K, capacity 3598K, committed 3648K, reserved 4480K
}
Event: 8.848 GC heap before
{Heap before GC invocations=91 (full 7):
 def new generation   total 189568K, used 189568K [0x03c00000, 0x109b0000, 0x19150000)
  eden space 168512K, 100% used [0x03c00000, 0x0e090000, 0x0e090000)
  from space 21056K, 100% used [0x0e090000, 0x0f520000, 0x0f520000)
  to   space 21056K,   0% used [0x0f520000, 0x0f520000, 0x109b0000)
 tenured generation   total 421188K, used 339130K [0x19150000, 0x32ca1000, 0x43c00000)
   the space 421188K,  80% used [0x19150000, 0x2dc7e9c8, 0x2dc7ea00, 0x32ca1000)
 Metaspace       used 3547K, capacity 3598K, committed 3648K, reserved 4480K
Event: 8.976 GC heap after
Heap after GC invocations=92 (full 7):
 def new generation   total 189568K, used 21056K [0x03c00000, 0x109b0000, 0x19150000)
  eden space 168512K,   0% used [0x03c00000, 0x03c00000, 0x0e090000)
  from space 21056K, 100% used [0x0f520000, 0x109b0000, 0x109b0000)
  to   space 21056K,   0% used [0x0e090000, 0x0e090000, 0x0f520000)
 tenured generation   total 421188K, used 364053K [0x19150000, 0x32ca1000, 0x43c00000)
   the space 421188K,  86% used [0x19150000, 0x2f4d5400, 0x2f4d5400, 0x32ca1000)
 Metaspace       used 3547K, capacity 3598K, committed 3648K, reserved 4480K
}
Event: 9.260 GC heap before
{Heap before GC invocations=92 (full 7):
 def new generation   total 189568K, used 189568K [0x03c00000, 0x109b0000, 0x19150000)
  eden space 168512K, 100% used [0x03c00000, 0x0e090000, 0x0e090000)
  from space 21056K, 100% used [0x0f520000, 0x109b0000, 0x109b0000)
  to   space 21056K,   0% used [0x0e090000, 0x0e090000, 0x0f520000)
 tenured generation   total 421188K, used 364053K [0x19150000, 0x32ca1000, 0x43c00000)
   the space 421188K,  86% used [0x19150000, 0x2f4d5400, 0x2f4d5400, 0x32ca1000)
 Metaspace       used 3547K, capacity 3598K, committed 3648K, reserved 4480K
Event: 9.375 GC heap after
Heap after GC invocations=93 (full 7):
 def new generation   total 189568K, used 21055K [0x03c00000, 0x109b0000, 0x19150000)
  eden space 168512K,   0% used [0x03c00000, 0x03c00000, 0x0e090000)
  from space 21056K,  99% used [0x0e090000, 0x0f51fff8, 0x0f520000)
  to   space 21056K,   0% used [0x0f520000, 0x0f520000, 0x109b0000)
 tenured generation   total 421188K, used 388685K [0x19150000, 0x32ca1000, 0x43c00000)
   the space 421188K,  92% used [0x19150000, 0x30ce3618, 0x30ce3800, 0x32ca1000)
 Metaspace       used 3547K, capacity 3598K, committed 3648K, reserved 4480K
}
Event: 9.649 GC heap before
{Heap before GC invocations=93 (full 7):
 def new generation   total 189568K, used 189567K [0x03c00000, 0x109b0000, 0x19150000)
  eden space 168512K, 100% used [0x03c00000, 0x0e090000, 0x0e090000)
  from space 21056K,  99% used [0x0e090000, 0x0f51fff8, 0x0f520000)
  to   space 21056K,   0% used [0x0f520000, 0x0f520000, 0x109b0000)
 tenured generation   total 421188K, used 388685K [0x19150000, 0x32ca1000, 0x43c00000)
   the space 421188K,  92% used [0x19150000, 0x30ce3618, 0x30ce3800, 0x32ca1000)
 Metaspace       used 3547K, capacity 3598K, committed 3648K, reserved 4480K

