# JRE version: Java(TM) SE Runtime Environment (8.0_101-b13) (build 1.8.0_101-b13)
# Java VM: Java HotSpot(TM) Client VM (25.101-b13 mixed mode windows-x86 )
Heap:
 def new generation   total 72576K, used 8063K [0x03e00000, 0x08cc0000, 0x19350000)
  eden space 64512K,   0% used [0x03e00000, 0x03e00000, 0x07d00000)
  from space 8064K,  99% used [0x07d00000, 0x084dfff8, 0x084e0000)
  to   space 8064K,   0% used [0x084e0000, 0x084e0000, 0x08cc0000)
 tenured generation   total 166440K, used 166352K [0x19350000, 0x235da000, 0x43e00000)
   the space 166440K,  99% used [0x19350000, 0x235c4390, 0x235c4400, 0x235da000)
 Metaspace       used 3552K, capacity 3598K, committed 3648K, reserved 4480K
GC Heap History (10 events):
Event: 3.772 GC heap after
Heap after GC invocations=57 (full 5):
 def new generation   total 72576K, used 8064K [0x03e00000, 0x08cc0000, 0x19350000)
  eden space 64512K,   0% used [0x03e00000, 0x03e00000, 0x07d00000)
  from space 8064K, 100% used [0x084e0000, 0x08cc0000, 0x08cc0000)
  to   space 8064K,   0% used [0x07d00000, 0x07d00000, 0x084e0000)
 tenured generation   total 161192K, used 120414K [0x19350000, 0x230ba000, 0x43e00000)
   the space 161192K,  74% used [0x19350000, 0x208e7a20, 0x208e7c00, 0x230ba000)
 Metaspace       used 3552K, capacity 3598K, committed 3648K, reserved 4480K
}
Event: 3.883 GC heap before
{Heap before GC invocations=57 (full 5):
 def new generation   total 72576K, used 72576K [0x03e00000, 0x08cc0000, 0x19350000)
  eden space 64512K, 100% used [0x03e00000, 0x07d00000, 0x07d00000)
  from space 8064K, 100% used [0x084e0000, 0x08cc0000, 0x08cc0000)
  to   space 8064K,   0% used [0x07d00000, 0x07d00000, 0x084e0000)
 tenured generation   total 161192K, used 120414K [0x19350000, 0x230ba000, 0x43e00000)
   the space 161192K,  74% used [0x19350000, 0x208e7a20, 0x208e7c00, 0x230ba000)
 Metaspace       used 3552K, capacity 3598K, committed 3648K, reserved 4480K
Event: 3.932 GC heap after
Heap after GC invocations=58 (full 5):
 def new generation   total 72576K, used 8064K [0x03e00000, 0x08cc0000, 0x19350000)
  eden space 64512K,   0% used [0x03e00000, 0x03e00000, 0x07d00000)
  from space 8064K, 100% used [0x07d00000, 0x084e0000, 0x084e0000)
  to   space 8064K,   0% used [0x084e0000, 0x084e0000, 0x08cc0000)
 tenured generation   total 161192K, used 131313K [0x19350000, 0x230ba000, 0x43e00000)
   the space 161192K,  81% used [0x19350000, 0x2138c518, 0x2138c600, 0x230ba000)
 Metaspace       used 3552K, capacity 3598K, committed 3648K, reserved 4480K
}
Event: 4.060 GC heap before
{Heap before GC invocations=58 (full 5):
 def new generation   total 72576K, used 72576K [0x03e00000, 0x08cc0000, 0x19350000)
  eden space 64512K, 100% used [0x03e00000, 0x07d00000, 0x07d00000)
  from space 8064K, 100% used [0x07d00000, 0x084e0000, 0x084e0000)
  to   space 8064K,   0% used [0x084e0000, 0x084e0000, 0x08cc0000)
 tenured generation   total 161192K, used 131313K [0x19350000, 0x230ba000, 0x43e00000)
   the space 161192K,  81% used [0x19350000, 0x2138c518, 0x2138c600, 0x230ba000)
 Metaspace       used 3552K, capacity 3598K, committed 3648K, reserved 4480K
Event: 4.100 GC heap after
Heap after GC invocations=59 (full 5):
 def new generation   total 72576K, used 8064K [0x03e00000, 0x08cc0000, 0x19350000)
  eden space 64512K,   0% used [0x03e00000, 0x03e00000, 0x07d00000)
  from space 8064K, 100% used [0x084e0000, 0x08cc0000, 0x08cc0000)
  to   space 8064K,   0% used [0x07d00000, 0x07d00000, 0x084e0000)
 tenured generation   total 161192K, used 139871K [0x19350000, 0x230ba000, 0x43e00000)
   the space 161192K,  86% used [0x19350000, 0x21be7eb0, 0x21be8000, 0x230ba000)
 Metaspace       used 3552K, capacity 3598K, committed 3648K, reserved 4480K
}
Event: 4.205 GC heap before
{Heap before GC invocations=59 (full 5):
 def new generation   total 72576K, used 72576K [0x03e00000, 0x08cc0000, 0x19350000)
  eden space 64512K, 100% used [0x03e00000, 0x07d00000, 0x07d00000)
  from space 8064K, 100% used [0x084e0000, 0x08cc0000, 0x08cc0000)
  to   space 8064K,   0% used [0x07d00000, 0x07d00000, 0x084e0000)
 tenured generation   total 161192K, used 139871K [0x19350000, 0x230ba000, 0x43e00000)
   the space 161192K,  86% used [0x19350000, 0x21be7eb0, 0x21be8000, 0x230ba000)
 Metaspace       used 3552K, capacity 3598K, committed 3648K, reserved 4480K
Event: 4.250 GC heap after
Heap after GC invocations=60 (full 5):
 def new generation   total 72576K, used 8064K [0x03e00000, 0x08cc0000, 0x19350000)
  eden space 64512K,   0% used [0x03e00000, 0x03e00000, 0x07d00000)
  from space 8064K, 100% used [0x07d00000, 0x084e0000, 0x084e0000)
  to   space 8064K,   0% used [0x084e0000, 0x084e0000, 0x08cc0000)
 tenured generation   total 161192K, used 149712K [0x19350000, 0x230ba000, 0x43e00000)
   the space 161192K,  92% used [0x19350000, 0x22584268, 0x22584400, 0x230ba000)
 Metaspace       used 3552K, capacity 3598K, committed 3648K, reserved 4480K
}
Event: 4.373 GC heap before
{Heap before GC invocations=60 (full 5):
 def new generation   total 72576K, used 72576K [0x03e00000, 0x08cc0000, 0x19350000)
  eden space 64512K, 100% used [0x03e00000, 0x07d00000, 0x07d00000)
  from space 8064K, 100% used [0x07d00000, 0x084e0000, 0x084e0000)
  to   space 8064K,   0% used [0x084e0000, 0x084e0000, 0x08cc0000)
 tenured generation   total 161192K, used 149712K [0x19350000, 0x230ba000, 0x43e00000)
   the space 161192K,  92% used [0x19350000, 0x22584268, 0x22584400, 0x230ba000)
 Metaspace       used 3552K, capacity 3598K, committed 3648K, reserved 4480K
Event: 4.411 GC heap after
Heap after GC invocations=61 (full 5):
 def new generation   total 72576K, used 8064K [0x03e00000, 0x08cc0000, 0x19350000)
  eden space 64512K,   0% used [0x03e00000, 0x03e00000, 0x07d00000)
  from space 8064K, 100% used [0x084e0000, 0x08cc0000, 0x08cc0000)
  to   space 8064K,   0% used [0x07d00000, 0x07d00000, 0x084e0000)
 tenured generation   total 161192K, used 157424K [0x19350000, 0x230ba000, 0x43e00000)
   the space 161192K,  97% used [0x19350000, 0x22d0c2f0, 0x22d0c400, 0x230ba000)
 Metaspace       used 3552K, capacity 3598K, committed 3648K, reserved 4480K
}
Event: 4.546 GC heap before
{Heap before GC invocations=61 (full 5):
 def new generation   total 72576K, used 72576K [0x03e00000, 0x08cc0000, 0x19350000)
  eden space 64512K, 100% used [0x03e00000, 0x07d00000, 0x07d00000)
  from space 8064K, 100% used [0x084e0000, 0x08cc0000, 0x08cc0000)
  to   space 8064K,   0% used [0x07d00000, 0x07d00000, 0x084e0000)
 tenured generation   total 161192K, used 157424K [0x19350000, 0x230ba000, 0x43e00000)
   the space 161192K,  97% used [0x19350000, 0x22d0c2f0, 0x22d0c400, 0x230ba000)
 Metaspace       used 3552K, capacity 3598K, committed 3648K, reserved 4480K

