# JRE version: Java(TM) SE Runtime Environment (8.0_101-b13) (build 1.8.0_101-b13)
# Java VM: Java HotSpot(TM) Client VM (25.101-b13 mixed mode windows-x86 )
Heap:
 def new generation   total 185920K, used 185920K [0x03e00000, 0x107b0000, 0x19350000)
  eden space 165312K, 100% used [0x03e00000, 0x0df70000, 0x0df70000)
  from space 20608K, 100% used [0x0df70000, 0x0f390000, 0x0f390000)
  to   space 20608K,   2% used [0x0f390000, 0x0f411de8, 0x107b0000)
 tenured generation   total 412928K, used 383476K [0x19350000, 0x32690000, 0x43e00000)
   the space 412928K,  92% used [0x19350000, 0x309cd2d8, 0x309cd400, 0x32690000)
 Metaspace       used 3546K, capacity 3598K, committed 3648K, reserved 4480K
GC Heap History (10 events):
Event: 19.812 GC heap after
Heap after GC invocations=89 (full 7):
 def new generation   total 185920K, used 20608K [0x03e00000, 0x107b0000, 0x19350000)
  eden space 165312K,   0% used [0x03e00000, 0x03e00000, 0x0df70000)
  from space 20608K, 100% used [0x0df70000, 0x0f390000, 0x0f390000)
  to   space 20608K,   0% used [0x0f390000, 0x0f390000, 0x107b0000)
 tenured generation   total 412928K, used 285603K [0x19350000, 0x32690000, 0x43e00000)
   the space 412928K,  69% used [0x19350000, 0x2aa38cf0, 0x2aa38e00, 0x32690000)
 Metaspace       used 3546K, capacity 3598K, committed 3648K, reserved 4480K
}
Event: 21.186 GC heap before
{Heap before GC invocations=89 (full 7):
 def new generation   total 185920K, used 185920K [0x03e00000, 0x107b0000, 0x19350000)
  eden space 165312K, 100% used [0x03e00000, 0x0df70000, 0x0df70000)
  from space 20608K, 100% used [0x0df70000, 0x0f390000, 0x0f390000)
  to   space 20608K,   0% used [0x0f390000, 0x0f390000, 0x107b0000)
 tenured generation   total 412928K, used 285603K [0x19350000, 0x32690000, 0x43e00000)
   the space 412928K,  69% used [0x19350000, 0x2aa38cf0, 0x2aa38e00, 0x32690000)
 Metaspace       used 3546K, capacity 3598K, committed 3648K, reserved 4480K
Event: 21.317 GC heap after
Heap after GC invocations=90 (full 7):
 def new generation   total 185920K, used 20608K [0x03e00000, 0x107b0000, 0x19350000)
  eden space 165312K,   0% used [0x03e00000, 0x03e00000, 0x0df70000)
  from space 20608K, 100% used [0x0f390000, 0x107b0000, 0x107b0000)
  to   space 20608K,   0% used [0x0df70000, 0x0df70000, 0x0f390000)
 tenured generation   total 412928K, used 310610K [0x19350000, 0x32690000, 0x43e00000)
   the space 412928K,  75% used [0x19350000, 0x2c2a4978, 0x2c2a4a00, 0x32690000)
 Metaspace       used 3546K, capacity 3598K, committed 3648K, reserved 4480K
}
Event: 22.230 GC heap before
{Heap before GC invocations=90 (full 7):
 def new generation   total 185920K, used 185920K [0x03e00000, 0x107b0000, 0x19350000)
  eden space 165312K, 100% used [0x03e00000, 0x0df70000, 0x0df70000)
  from space 20608K, 100% used [0x0f390000, 0x107b0000, 0x107b0000)
  to   space 20608K,   0% used [0x0df70000, 0x0df70000, 0x0f390000)
 tenured generation   total 412928K, used 310610K [0x19350000, 0x32690000, 0x43e00000)
   the space 412928K,  75% used [0x19350000, 0x2c2a4978, 0x2c2a4a00, 0x32690000)
 Metaspace       used 3546K, capacity 3598K, committed 3648K, reserved 4480K
Event: 22.336 GC heap after
Heap after GC invocations=91 (full 7):
 def new generation   total 185920K, used 20607K [0x03e00000, 0x107b0000, 0x19350000)
  eden space 165312K,   0% used [0x03e00000, 0x03e00000, 0x0df70000)
  from space 20608K,  99% used [0x0df70000, 0x0f38fff8, 0x0f390000)
  to   space 20608K,   0% used [0x0f390000, 0x0f390000, 0x107b0000)
 tenured generation   total 412928K, used 333543K [0x19350000, 0x32690000, 0x43e00000)
   the space 412928K,  80% used [0x19350000, 0x2d909d58, 0x2d909e00, 0x32690000)
 Metaspace       used 3546K, capacity 3598K, committed 3648K, reserved 4480K
}
Event: 23.663 GC heap before
{Heap before GC invocations=91 (full 7):
 def new generation   total 185920K, used 185919K [0x03e00000, 0x107b0000, 0x19350000)
  eden space 165312K, 100% used [0x03e00000, 0x0df70000, 0x0df70000)
  from space 20608K,  99% used [0x0df70000, 0x0f38fff8, 0x0f390000)
  to   space 20608K,   0% used [0x0f390000, 0x0f390000, 0x107b0000)
 tenured generation   total 412928K, used 333543K [0x19350000, 0x32690000, 0x43e00000)
   the space 412928K,  80% used [0x19350000, 0x2d909d58, 0x2d909e00, 0x32690000)
 Metaspace       used 3546K, capacity 3598K, committed 3648K, reserved 4480K
Event: 23.779 GC heap after
Heap after GC invocations=92 (full 7):
 def new generation   total 185920K, used 20607K [0x03e00000, 0x107b0000, 0x19350000)
  eden space 165312K,   0% used [0x03e00000, 0x03e00000, 0x0df70000)
  from space 20608K,  99% used [0x0f390000, 0x107afff8, 0x107b0000)
  to   space 20608K,   0% used [0x0df70000, 0x0df70000, 0x0f390000)
 tenured generation   total 412928K, used 357935K [0x19350000, 0x32690000, 0x43e00000)
   the space 412928K,  86% used [0x19350000, 0x2f0dbcb8, 0x2f0dbe00, 0x32690000)
 Metaspace       used 3546K, capacity 3598K, committed 3648K, reserved 4480K
}
Event: 25.253 GC heap before
{Heap before GC invocations=92 (full 7):
 def new generation   total 185920K, used 185919K [0x03e00000, 0x107b0000, 0x19350000)
  eden space 165312K, 100% used [0x03e00000, 0x0df70000, 0x0df70000)
  from space 20608K,  99% used [0x0f390000, 0x107afff8, 0x107b0000)
  to   space 20608K,   0% used [0x0df70000, 0x0df70000, 0x0f390000)
 tenured generation   total 412928K, used 357935K [0x19350000, 0x32690000, 0x43e00000)
   the space 412928K,  86% used [0x19350000, 0x2f0dbcb8, 0x2f0dbe00, 0x32690000)
 Metaspace       used 3546K, capacity 3598K, committed 3648K, reserved 4480K
Event: 25.364 GC heap after
Heap after GC invocations=93 (full 7):
 def new generation   total 185920K, used 20608K [0x03e00000, 0x107b0000, 0x19350000)
  eden space 165312K,   0% used [0x03e00000, 0x03e00000, 0x0df70000)
  from space 20608K, 100% used [0x0df70000, 0x0f390000, 0x0f390000)
  to   space 20608K,   0% used [0x0f390000, 0x0f390000, 0x107b0000)
 tenured generation   total 412928K, used 382615K [0x19350000, 0x32690000, 0x43e00000)
   the space 412928K,  92% used [0x19350000, 0x308f5d30, 0x308f5e00, 0x32690000)
 Metaspace       used 3546K, capacity 3598K, committed 3648K, reserved 4480K
}
Event: 26.692 GC heap before
{Heap before GC invocations=93 (full 7):
 def new generation   total 185920K, used 185920K [0x03e00000, 0x107b0000, 0x19350000)
  eden space 165312K, 100% used [0x03e00000, 0x0df70000, 0x0df70000)
  from space 20608K, 100% used [0x0df70000, 0x0f390000, 0x0f390000)
  to   space 20608K,   0% used [0x0f390000, 0x0f390000, 0x107b0000)
 tenured generation   total 412928K, used 382615K [0x19350000, 0x32690000, 0x43e00000)
   the space 412928K,  92% used [0x19350000, 0x308f5d30, 0x308f5e00, 0x32690000)
 Metaspace       used 3546K, capacity 3598K, committed 3648K, reserved 4480K

