# JRE version: Java(TM) SE Runtime Environment (8.0_101-b13) (build 1.8.0_101-b13)
# Java VM: Java HotSpot(TM) Client VM (25.101-b13 mixed mode windows-x86 )
Heap:
 def new generation   total 314560K, used 314559K [0x03c00000, 0x19150000, 0x19150000)
  eden space 279616K, 100% used [0x03c00000, 0x14d10000, 0x14d10000)
  from space 34944K,  99% used [0x14d10000, 0x16f2fff8, 0x16f30000)
  to   space 34944K,   0% used [0x16f30000, 0x16f30000, 0x19150000)
 tenured generation   total 699072K, used 654271K [0x19150000, 0x43c00000, 0x43c00000)
   the space 699072K,  93% used [0x19150000, 0x4103fdc8, 0x4103fe00, 0x43c00000)
 Metaspace       used 3551K, capacity 3598K, committed 3648K, reserved 4480K
GC Heap History (10 events):
Event: 17.120 GC heap after
Heap after GC invocations=97 (full 7):
 def new generation   total 226368K, used 25152K [0x03c00000, 0x131a0000, 0x19150000)
  eden space 201216K,   0% used [0x03c00000, 0x03c00000, 0x10080000)
  from space 25152K, 100% used [0x10080000, 0x11910000, 0x11910000)
  to   space 25152K,   0% used [0x11910000, 0x11910000, 0x131a0000)
 tenured generation   total 502968K, used 458280K [0x19150000, 0x37c7e000, 0x43c00000)
   the space 502968K,  91% used [0x19150000, 0x350da070, 0x350da200, 0x37c7e000)
 Metaspace       used 3547K, capacity 3598K, committed 3648K, reserved 4480K
}
Event: 17.582 GC heap before
{Heap before GC invocations=97 (full 7):
 def new generation   total 226368K, used 226368K [0x03c00000, 0x131a0000, 0x19150000)
  eden space 201216K, 100% used [0x03c00000, 0x10080000, 0x10080000)
  from space 25152K, 100% used [0x10080000, 0x11910000, 0x11910000)
  to   space 25152K,   0% used [0x11910000, 0x11910000, 0x131a0000)
 tenured generation   total 502968K, used 458280K [0x19150000, 0x37c7e000, 0x43c00000)
   the space 502968K,  91% used [0x19150000, 0x350da070, 0x350da200, 0x37c7e000)
 Metaspace       used 3547K, capacity 3598K, committed 3648K, reserved 4480K
Event: 17.709 GC heap after
Heap after GC invocations=98 (full 7):
 def new generation   total 226368K, used 25151K [0x03c00000, 0x131a0000, 0x19150000)
  eden space 201216K,   0% used [0x03c00000, 0x03c00000, 0x10080000)
  from space 25152K,  99% used [0x11910000, 0x1319fff8, 0x131a0000)
  to   space 25152K,   0% used [0x10080000, 0x10080000, 0x11910000)
 tenured generation   total 502968K, used 486042K [0x19150000, 0x37c7e000, 0x43c00000)
   the space 502968K,  96% used [0x19150000, 0x36bf6ae0, 0x36bf6c00, 0x37c7e000)
 Metaspace       used 3547K, capacity 3598K, committed 3648K, reserved 4480K
}
Event: 18.186 GC heap before
{Heap before GC invocations=98 (full 7):
 def new generation   total 226368K, used 226367K [0x03c00000, 0x131a0000, 0x19150000)
  eden space 201216K, 100% used [0x03c00000, 0x10080000, 0x10080000)
  from space 25152K,  99% used [0x11910000, 0x1319fff8, 0x131a0000)
  to   space 25152K,   0% used [0x10080000, 0x10080000, 0x11910000)
 tenured generation   total 502968K, used 486042K [0x19150000, 0x37c7e000, 0x43c00000)
   the space 502968K,  96% used [0x19150000, 0x36bf6ae0, 0x36bf6c00, 0x37c7e000)
 Metaspace       used 3547K, capacity 3598K, committed 3648K, reserved 4480K
Event: 19.822 GC heap after
Heap after GC invocations=99 (full 8):
 def new generation   total 314560K, used 6923K [0x03c00000, 0x19150000, 0x19150000)
  eden space 279616K,   2% used [0x03c00000, 0x042c2f70, 0x14d10000)
  from space 34944K,   0% used [0x14d10000, 0x14d10000, 0x16f30000)
  to   space 34944K,   0% used [0x16f30000, 0x16f30000, 0x19150000)
 tenured generation   total 699072K, used 517431K [0x19150000, 0x43c00000, 0x43c00000)
   the space 699072K,  74% used [0x19150000, 0x38a9dff0, 0x38a9e000, 0x43c00000)
 Metaspace       used 3547K, capacity 3598K, committed 3648K, reserved 4480K
}
Event: 21.599 GC heap before
{Heap before GC invocations=99 (full 8):
 def new generation   total 314560K, used 279616K [0x03c00000, 0x19150000, 0x19150000)
  eden space 279616K, 100% used [0x03c00000, 0x14d10000, 0x14d10000)
  from space 34944K,   0% used [0x14d10000, 0x14d10000, 0x16f30000)
  to   space 34944K,   0% used [0x16f30000, 0x16f30000, 0x19150000)
 tenured generation   total 699072K, used 517431K [0x19150000, 0x43c00000, 0x43c00000)
   the space 699072K,  74% used [0x19150000, 0x38a9dff0, 0x38a9e000, 0x43c00000)
 Metaspace       used 3547K, capacity 3598K, committed 3648K, reserved 4480K
Event: 22.012 GC heap after
Heap after GC invocations=100 (full 8):
 def new generation   total 314560K, used 34943K [0x03c00000, 0x19150000, 0x19150000)
  eden space 279616K,   0% used [0x03c00000, 0x03c00000, 0x14d10000)
  from space 34944K,  99% used [0x16f30000, 0x1914fff8, 0x19150000)
  to   space 34944K,   0% used [0x14d10000, 0x14d10000, 0x16f30000)
 tenured generation   total 699072K, used 610432K [0x19150000, 0x43c00000, 0x43c00000)
   the space 699072K,  87% used [0x19150000, 0x3e570350, 0x3e570400, 0x43c00000)
 Metaspace       used 3547K, capacity 3598K, committed 3648K, reserved 4480K
}
Event: 22.936 GC heap before
{Heap before GC invocations=100 (full 8):
 def new generation   total 314560K, used 314559K [0x03c00000, 0x19150000, 0x19150000)
  eden space 279616K, 100% used [0x03c00000, 0x14d10000, 0x14d10000)
  from space 34944K,  99% used [0x16f30000, 0x1914fff8, 0x19150000)
  to   space 34944K,   0% used [0x14d10000, 0x14d10000, 0x16f30000)
 tenured generation   total 699072K, used 610432K [0x19150000, 0x43c00000, 0x43c00000)
   the space 699072K,  87% used [0x19150000, 0x3e570350, 0x3e570400, 0x43c00000)
 Metaspace       used 3551K, capacity 3598K, committed 3648K, reserved 4480K
Event: 23.151 GC heap after
Heap after GC invocations=101 (full 8):
 def new generation   total 314560K, used 34943K [0x03c00000, 0x19150000, 0x19150000)
  eden space 279616K,   0% used [0x03c00000, 0x03c00000, 0x14d10000)
  from space 34944K,  99% used [0x14d10000, 0x16f2fff8, 0x16f30000)
  to   space 34944K,   0% used [0x16f30000, 0x16f30000, 0x19150000)
 tenured generation   total 699072K, used 654271K [0x19150000, 0x43c00000, 0x43c00000)
   the space 699072K,  93% used [0x19150000, 0x4103fdc8, 0x4103fe00, 0x43c00000)
 Metaspace       used 3551K, capacity 3598K, committed 3648K, reserved 4480K
}
Event: 24.172 GC heap before
{Heap before GC invocations=101 (full 8):
 def new generation   total 314560K, used 314559K [0x03c00000, 0x19150000, 0x19150000)
  eden space 279616K, 100% used [0x03c00000, 0x14d10000, 0x14d10000)
  from space 34944K,  99% used [0x14d10000, 0x16f2fff8, 0x16f30000)
  to   space 34944K,   0% used [0x16f30000, 0x16f30000, 0x19150000)
 tenured generation   total 699072K, used 654271K [0x19150000, 0x43c00000, 0x43c00000)
   the space 699072K,  93% used [0x19150000, 0x4103fdc8, 0x4103fe00, 0x43c00000)
 Metaspace       used 3551K, capacity 3598K, committed 3648K, reserved 4480K

