# JRE version: Java(TM) SE Runtime Environment (8.0_101-b13) (build 1.8.0_101-b13)
# Java VM: Java HotSpot(TM) Client VM (25.101-b13 mixed mode windows-x86 )
Heap:
 def new generation   total 114176K, used 12672K [0x03e00000, 0x0b9e0000, 0x19350000)
  eden space 101504K,   0% used [0x03e00000, 0x03e00000, 0x0a120000)
  from space 12672K, 100% used [0x0ad80000, 0x0b9e0000, 0x0b9e0000)
  to   space 12672K,   0% used [0x0a120000, 0x0a120000, 0x0ad80000)
 tenured generation   total 259060K, used 259019K [0x19350000, 0x2904d000, 0x43e00000)
   the space 259060K,  99% used [0x19350000, 0x29042e30, 0x29043000, 0x2904d000)
 Metaspace       used 3560K, capacity 3598K, committed 3648K, reserved 4480K
GC Heap History (10 events):
Event: 4.986 GC heap after
Heap after GC invocations=83 (full 6):
 def new generation   total 114176K, used 12672K [0x03e00000, 0x0b9e0000, 0x19350000)
  eden space 101504K,   0% used [0x03e00000, 0x03e00000, 0x0a120000)
  from space 12672K, 100% used [0x0a120000, 0x0ad80000, 0x0ad80000)
  to   space 12672K,   0% used [0x0ad80000, 0x0ad80000, 0x0b9e0000)
 tenured generation   total 253556K, used 186046K [0x19350000, 0x28aed000, 0x43e00000)
   the space 253556K,  73% used [0x19350000, 0x248ffbf0, 0x248ffc00, 0x28aed000)
 Metaspace       used 3559K, capacity 3598K, committed 3648K, reserved 4480K
}
Event: 5.144 GC heap before
{Heap before GC invocations=83 (full 6):
 def new generation   total 114176K, used 114176K [0x03e00000, 0x0b9e0000, 0x19350000)
  eden space 101504K, 100% used [0x03e00000, 0x0a120000, 0x0a120000)
  from space 12672K, 100% used [0x0a120000, 0x0ad80000, 0x0ad80000)
  to   space 12672K,   0% used [0x0ad80000, 0x0ad80000, 0x0b9e0000)
 tenured generation   total 253556K, used 186046K [0x19350000, 0x28aed000, 0x43e00000)
   the space 253556K,  73% used [0x19350000, 0x248ffbf0, 0x248ffc00, 0x28aed000)
 Metaspace       used 3559K, capacity 3598K, committed 3648K, reserved 4480K
Event: 5.210 GC heap after
Heap after GC invocations=84 (full 6):
 def new generation   total 114176K, used 12672K [0x03e00000, 0x0b9e0000, 0x19350000)
  eden space 101504K,   0% used [0x03e00000, 0x03e00000, 0x0a120000)
  from space 12672K, 100% used [0x0ad80000, 0x0b9e0000, 0x0b9e0000)
  to   space 12672K,   0% used [0x0a120000, 0x0a120000, 0x0ad80000)
 tenured generation   total 253556K, used 199847K [0x19350000, 0x28aed000, 0x43e00000)
   the space 253556K,  78% used [0x19350000, 0x25679c58, 0x25679e00, 0x28aed000)
 Metaspace       used 3559K, capacity 3598K, committed 3648K, reserved 4480K
}
Event: 5.393 GC heap before
{Heap before GC invocations=84 (full 6):
 def new generation   total 114176K, used 114176K [0x03e00000, 0x0b9e0000, 0x19350000)
  eden space 101504K, 100% used [0x03e00000, 0x0a120000, 0x0a120000)
  from space 12672K, 100% used [0x0ad80000, 0x0b9e0000, 0x0b9e0000)
  to   space 12672K,   0% used [0x0a120000, 0x0a120000, 0x0ad80000)
 tenured generation   total 253556K, used 199847K [0x19350000, 0x28aed000, 0x43e00000)
   the space 253556K,  78% used [0x19350000, 0x25679c58, 0x25679e00, 0x28aed000)
 Metaspace       used 3559K, capacity 3598K, committed 3648K, reserved 4480K
Event: 5.460 GC heap after
Heap after GC invocations=85 (full 6):
 def new generation   total 114176K, used 12671K [0x03e00000, 0x0b9e0000, 0x19350000)
  eden space 101504K,   0% used [0x03e00000, 0x03e00000, 0x0a120000)
  from space 12672K,  99% used [0x0a120000, 0x0ad7fff8, 0x0ad80000)
  to   space 12672K,   0% used [0x0ad80000, 0x0ad80000, 0x0b9e0000)
 tenured generation   total 253556K, used 213929K [0x19350000, 0x28aed000, 0x43e00000)
   the space 253556K,  84% used [0x19350000, 0x2643a750, 0x2643a800, 0x28aed000)
 Metaspace       used 3559K, capacity 3598K, committed 3648K, reserved 4480K
}
Event: 5.621 GC heap before
{Heap before GC invocations=85 (full 6):
 def new generation   total 114176K, used 114175K [0x03e00000, 0x0b9e0000, 0x19350000)
  eden space 101504K, 100% used [0x03e00000, 0x0a120000, 0x0a120000)
  from space 12672K,  99% used [0x0a120000, 0x0ad7fff8, 0x0ad80000)
  to   space 12672K,   0% used [0x0ad80000, 0x0ad80000, 0x0b9e0000)
 tenured generation   total 253556K, used 213929K [0x19350000, 0x28aed000, 0x43e00000)
   the space 253556K,  84% used [0x19350000, 0x2643a750, 0x2643a800, 0x28aed000)
 Metaspace       used 3560K, capacity 3598K, committed 3648K, reserved 4480K
Event: 5.689 GC heap after
Heap after GC invocations=86 (full 6):
 def new generation   total 114176K, used 12672K [0x03e00000, 0x0b9e0000, 0x19350000)
  eden space 101504K,   0% used [0x03e00000, 0x03e00000, 0x0a120000)
  from space 12672K, 100% used [0x0ad80000, 0x0b9e0000, 0x0b9e0000)
  to   space 12672K,   0% used [0x0a120000, 0x0a120000, 0x0ad80000)
 tenured generation   total 253556K, used 228825K [0x19350000, 0x28aed000, 0x43e00000)
   the space 253556K,  90% used [0x19350000, 0x272c6740, 0x272c6800, 0x28aed000)
 Metaspace       used 3560K, capacity 3598K, committed 3648K, reserved 4480K
}
Event: 5.874 GC heap before
{Heap before GC invocations=86 (full 6):
 def new generation   total 114176K, used 114176K [0x03e00000, 0x0b9e0000, 0x19350000)
  eden space 101504K, 100% used [0x03e00000, 0x0a120000, 0x0a120000)
  from space 12672K, 100% used [0x0ad80000, 0x0b9e0000, 0x0b9e0000)
  to   space 12672K,   0% used [0x0a120000, 0x0a120000, 0x0ad80000)
 tenured generation   total 253556K, used 228825K [0x19350000, 0x28aed000, 0x43e00000)
   the space 253556K,  90% used [0x19350000, 0x272c6740, 0x272c6800, 0x28aed000)
 Metaspace       used 3560K, capacity 3598K, committed 3648K, reserved 4480K
Event: 5.943 GC heap after
Heap after GC invocations=87 (full 6):
 def new generation   total 114176K, used 12672K [0x03e00000, 0x0b9e0000, 0x19350000)
  eden space 101504K,   0% used [0x03e00000, 0x03e00000, 0x0a120000)
  from space 12672K, 100% used [0x0a120000, 0x0ad80000, 0x0ad80000)
  to   space 12672K,   0% used [0x0ad80000, 0x0ad80000, 0x0b9e0000)
 tenured generation   total 253556K, used 243549K [0x19350000, 0x28aed000, 0x43e00000)
   the space 253556K,  96% used [0x19350000, 0x28127748, 0x28127800, 0x28aed000)
 Metaspace       used 3560K, capacity 3598K, committed 3648K, reserved 4480K
}
Event: 6.108 GC heap before
{Heap before GC invocations=87 (full 6):
 def new generation   total 114176K, used 114176K [0x03e00000, 0x0b9e0000, 0x19350000)
  eden space 101504K, 100% used [0x03e00000, 0x0a120000, 0x0a120000)
  from space 12672K, 100% used [0x0a120000, 0x0ad80000, 0x0ad80000)
  to   space 12672K,   0% used [0x0ad80000, 0x0ad80000, 0x0b9e0000)
 tenured generation   total 253556K, used 243549K [0x19350000, 0x28aed000, 0x43e00000)
   the space 253556K,  96% used [0x19350000, 0x28127748, 0x28127800, 0x28aed000)
 Metaspace       used 3560K, capacity 3598K, committed 3648K, reserved 4480K

