# JRE version: Java(TM) SE Runtime Environment (8.0_101-b13) (build 1.8.0_101-b13)
# Java VM: Java HotSpot(TM) Client VM (25.101-b13 mixed mode windows-x86 )
Heap:
 def new generation   total 68864K, used 7616K [0x03e00000, 0x088b0000, 0x19350000)
  eden space 61248K,   0% used [0x03e00000, 0x03e00000, 0x079d0000)
  from space 7616K, 100% used [0x079d0000, 0x08140000, 0x08140000)
  to   space 7616K,   0% used [0x08140000, 0x08140000, 0x088b0000)
 tenured generation   total 158472K, used 158458K [0x19350000, 0x22e12000, 0x43e00000)
   the space 158472K,  99% used [0x19350000, 0x22e0eb20, 0x22e0ec00, 0x22e12000)
 Metaspace       used 3545K, capacity 3598K, committed 3648K, reserved 4480K
GC Heap History (10 events):
Event: 3.188 GC heap after
Heap after GC invocations=55 (full 5):
 def new generation   total 68864K, used 7616K [0x03e00000, 0x088b0000, 0x19350000)
  eden space 61248K,   0% used [0x03e00000, 0x03e00000, 0x079d0000)
  from space 7616K, 100% used [0x08140000, 0x088b0000, 0x088b0000)
  to   space 7616K,   0% used [0x079d0000, 0x079d0000, 0x08140000)
 tenured generation   total 152840K, used 114506K [0x19350000, 0x22892000, 0x43e00000)
   the space 152840K,  74% used [0x19350000, 0x20322a30, 0x20322c00, 0x22892000)
 Metaspace       used 3545K, capacity 3598K, committed 3648K, reserved 4480K
}
Event: 3.284 GC heap before
{Heap before GC invocations=55 (full 5):
 def new generation   total 68864K, used 68864K [0x03e00000, 0x088b0000, 0x19350000)
  eden space 61248K, 100% used [0x03e00000, 0x079d0000, 0x079d0000)
  from space 7616K, 100% used [0x08140000, 0x088b0000, 0x088b0000)
  to   space 7616K,   0% used [0x079d0000, 0x079d0000, 0x08140000)
 tenured generation   total 152840K, used 114506K [0x19350000, 0x22892000, 0x43e00000)
   the space 152840K,  74% used [0x19350000, 0x20322a30, 0x20322c00, 0x22892000)
 Metaspace       used 3545K, capacity 3598K, committed 3648K, reserved 4480K
Event: 3.326 GC heap after
Heap after GC invocations=56 (full 5):
 def new generation   total 68864K, used 7616K [0x03e00000, 0x088b0000, 0x19350000)
  eden space 61248K,   0% used [0x03e00000, 0x03e00000, 0x079d0000)
  from space 7616K, 100% used [0x079d0000, 0x08140000, 0x08140000)
  to   space 7616K,   0% used [0x08140000, 0x08140000, 0x088b0000)
 tenured generation   total 152840K, used 123523K [0x19350000, 0x22892000, 0x43e00000)
   the space 152840K,  80% used [0x19350000, 0x20bf0c88, 0x20bf0e00, 0x22892000)
 Metaspace       used 3545K, capacity 3598K, committed 3648K, reserved 4480K
}
Event: 3.447 GC heap before
{Heap before GC invocations=56 (full 5):
 def new generation   total 68864K, used 68864K [0x03e00000, 0x088b0000, 0x19350000)
  eden space 61248K, 100% used [0x03e00000, 0x079d0000, 0x079d0000)
  from space 7616K, 100% used [0x079d0000, 0x08140000, 0x08140000)
  to   space 7616K,   0% used [0x08140000, 0x08140000, 0x088b0000)
 tenured generation   total 152840K, used 123523K [0x19350000, 0x22892000, 0x43e00000)
   the space 152840K,  80% used [0x19350000, 0x20bf0c88, 0x20bf0e00, 0x22892000)
 Metaspace       used 3545K, capacity 3598K, committed 3648K, reserved 4480K
Event: 3.489 GC heap after
Heap after GC invocations=57 (full 5):
 def new generation   total 68864K, used 7615K [0x03e00000, 0x088b0000, 0x19350000)
  eden space 61248K,   0% used [0x03e00000, 0x03e00000, 0x079d0000)
  from space 7616K,  99% used [0x08140000, 0x088afff8, 0x088b0000)
  to   space 7616K,   0% used [0x079d0000, 0x079d0000, 0x08140000)
 tenured generation   total 152840K, used 133140K [0x19350000, 0x22892000, 0x43e00000)
   the space 152840K,  87% used [0x19350000, 0x21555288, 0x21555400, 0x22892000)
 Metaspace       used 3545K, capacity 3598K, committed 3648K, reserved 4480K
}
Event: 3.610 GC heap before
{Heap before GC invocations=57 (full 5):
 def new generation   total 68864K, used 68863K [0x03e00000, 0x088b0000, 0x19350000)
  eden space 61248K, 100% used [0x03e00000, 0x079d0000, 0x079d0000)
  from space 7616K,  99% used [0x08140000, 0x088afff8, 0x088b0000)
  to   space 7616K,   0% used [0x079d0000, 0x079d0000, 0x08140000)
 tenured generation   total 152840K, used 133140K [0x19350000, 0x22892000, 0x43e00000)
   the space 152840K,  87% used [0x19350000, 0x21555288, 0x21555400, 0x22892000)
 Metaspace       used 3545K, capacity 3598K, committed 3648K, reserved 4480K
Event: 3.648 GC heap after
Heap after GC invocations=58 (full 5):
 def new generation   total 68864K, used 7615K [0x03e00000, 0x088b0000, 0x19350000)
  eden space 61248K,   0% used [0x03e00000, 0x03e00000, 0x079d0000)
  from space 7616K,  99% used [0x079d0000, 0x0813fff8, 0x08140000)
  to   space 7616K,   0% used [0x08140000, 0x08140000, 0x088b0000)
 tenured generation   total 152840K, used 141807K [0x19350000, 0x22892000, 0x43e00000)
   the space 152840K,  92% used [0x19350000, 0x21dcbda0, 0x21dcbe00, 0x22892000)
 Metaspace       used 3545K, capacity 3598K, committed 3648K, reserved 4480K
}
Event: 3.747 GC heap before
{Heap before GC invocations=58 (full 5):
 def new generation   total 68864K, used 68863K [0x03e00000, 0x088b0000, 0x19350000)
  eden space 61248K, 100% used [0x03e00000, 0x079d0000, 0x079d0000)
  from space 7616K,  99% used [0x079d0000, 0x0813fff8, 0x08140000)
  to   space 7616K,   0% used [0x08140000, 0x08140000, 0x088b0000)
 tenured generation   total 152840K, used 141807K [0x19350000, 0x22892000, 0x43e00000)
   the space 152840K,  92% used [0x19350000, 0x21dcbda0, 0x21dcbe00, 0x22892000)
 Metaspace       used 3545K, capacity 3598K, committed 3648K, reserved 4480K
Event: 3.787 GC heap after
Heap after GC invocations=59 (full 5):
 def new generation   total 68864K, used 7616K [0x03e00000, 0x088b0000, 0x19350000)
  eden space 61248K,   0% used [0x03e00000, 0x03e00000, 0x079d0000)
  from space 7616K, 100% used [0x08140000, 0x088b0000, 0x088b0000)
  to   space 7616K,   0% used [0x079d0000, 0x079d0000, 0x08140000)
 tenured generation   total 152840K, used 150574K [0x19350000, 0x22892000, 0x43e00000)
   the space 152840K,  98% used [0x19350000, 0x2265b988, 0x2265ba00, 0x22892000)
 Metaspace       used 3545K, capacity 3598K, committed 3648K, reserved 4480K
}
Event: 3.890 GC heap before
{Heap before GC invocations=59 (full 5):
 def new generation   total 68864K, used 68864K [0x03e00000, 0x088b0000, 0x19350000)
  eden space 61248K, 100% used [0x03e00000, 0x079d0000, 0x079d0000)
  from space 7616K, 100% used [0x08140000, 0x088b0000, 0x088b0000)
  to   space 7616K,   0% used [0x079d0000, 0x079d0000, 0x08140000)
 tenured generation   total 152840K, used 150574K [0x19350000, 0x22892000, 0x43e00000)
   the space 152840K,  98% used [0x19350000, 0x2265b988, 0x2265ba00, 0x22892000)
 Metaspace       used 3545K, capacity 3598K, committed 3648K, reserved 4480K

