# JRE version: Java(TM) SE Runtime Environment (8.0_101-b13) (build 1.8.0_101-b13)
# Java VM: Java HotSpot(TM) Client VM (25.101-b13 mixed mode windows-x86 )
Heap:
 def new generation   total 199680K, used 22144K [0x03c00000, 0x114a0000, 0x19150000)
  eden space 177536K,   0% used [0x03c00000, 0x03c00000, 0x0e960000)
  from space 22144K, 100% used [0x0e960000, 0x0ff00000, 0x0ff00000)
  to   space 22144K,   0% used [0x0ff00000, 0x0ff00000, 0x114a0000)
 tenured generation   total 458040K, used 457948K [0x19150000, 0x3509e000, 0x43c00000)
   the space 458040K,  99% used [0x19150000, 0x35087158, 0x35087200, 0x3509e000)
 Metaspace       used 3547K, capacity 3598K, committed 3648K, reserved 4480K
GC Heap History (10 events):
Event: 8.469 GC heap after
Heap after GC invocations=92 (full 7):
 def new generation   total 199680K, used 22144K [0x03c00000, 0x114a0000, 0x19150000)
  eden space 177536K,   0% used [0x03c00000, 0x03c00000, 0x0e960000)
  from space 22144K, 100% used [0x0ff00000, 0x114a0000, 0x114a0000)
  to   space 22144K,   0% used [0x0e960000, 0x0e960000, 0x0ff00000)
 tenured generation   total 443576K, used 333246K [0x19150000, 0x3427e000, 0x43c00000)
   the space 443576K,  75% used [0x19150000, 0x2d6bf9e0, 0x2d6bfa00, 0x3427e000)
 Metaspace       used 3547K, capacity 3598K, committed 3648K, reserved 4480K
}
Event: 8.788 GC heap before
{Heap before GC invocations=92 (full 7):
 def new generation   total 199680K, used 199680K [0x03c00000, 0x114a0000, 0x19150000)
  eden space 177536K, 100% used [0x03c00000, 0x0e960000, 0x0e960000)
  from space 22144K, 100% used [0x0ff00000, 0x114a0000, 0x114a0000)
  to   space 22144K,   0% used [0x0e960000, 0x0e960000, 0x0ff00000)
 tenured generation   total 443576K, used 333246K [0x19150000, 0x3427e000, 0x43c00000)
   the space 443576K,  75% used [0x19150000, 0x2d6bf9e0, 0x2d6bfa00, 0x3427e000)
 Metaspace       used 3547K, capacity 3598K, committed 3648K, reserved 4480K
Event: 8.906 GC heap after
Heap after GC invocations=93 (full 7):
 def new generation   total 199680K, used 22144K [0x03c00000, 0x114a0000, 0x19150000)
  eden space 177536K,   0% used [0x03c00000, 0x03c00000, 0x0e960000)
  from space 22144K, 100% used [0x0e960000, 0x0ff00000, 0x0ff00000)
  to   space 22144K,   0% used [0x0ff00000, 0x0ff00000, 0x114a0000)
 tenured generation   total 443576K, used 359385K [0x19150000, 0x3427e000, 0x43c00000)
   the space 443576K,  81% used [0x19150000, 0x2f046738, 0x2f046800, 0x3427e000)
 Metaspace       used 3547K, capacity 3598K, committed 3648K, reserved 4480K
}
Event: 9.195 GC heap before
{Heap before GC invocations=93 (full 7):
 def new generation   total 199680K, used 199680K [0x03c00000, 0x114a0000, 0x19150000)
  eden space 177536K, 100% used [0x03c00000, 0x0e960000, 0x0e960000)
  from space 22144K, 100% used [0x0e960000, 0x0ff00000, 0x0ff00000)
  to   space 22144K,   0% used [0x0ff00000, 0x0ff00000, 0x114a0000)
 tenured generation   total 443576K, used 359385K [0x19150000, 0x3427e000, 0x43c00000)
   the space 443576K,  81% used [0x19150000, 0x2f046738, 0x2f046800, 0x3427e000)
 Metaspace       used 3547K, capacity 3598K, committed 3648K, reserved 4480K
Event: 9.318 GC heap after
Heap after GC invocations=94 (full 7):
 def new generation   total 199680K, used 22144K [0x03c00000, 0x114a0000, 0x19150000)
  eden space 177536K,   0% used [0x03c00000, 0x03c00000, 0x0e960000)
  from space 22144K, 100% used [0x0ff00000, 0x114a0000, 0x114a0000)
  to   space 22144K,   0% used [0x0e960000, 0x0e960000, 0x0ff00000)
 tenured generation   total 443576K, used 385827K [0x19150000, 0x3427e000, 0x43c00000)
   the space 443576K,  86% used [0x19150000, 0x30a18ff0, 0x30a19000, 0x3427e000)
 Metaspace       used 3547K, capacity 3598K, committed 3648K, reserved 4480K
}
Event: 9.621 GC heap before
{Heap before GC invocations=94 (full 7):
 def new generation   total 199680K, used 199680K [0x03c00000, 0x114a0000, 0x19150000)
  eden space 177536K, 100% used [0x03c00000, 0x0e960000, 0x0e960000)
  from space 22144K, 100% used [0x0ff00000, 0x114a0000, 0x114a0000)
  to   space 22144K,   0% used [0x0e960000, 0x0e960000, 0x0ff00000)
 tenured generation   total 443576K, used 385827K [0x19150000, 0x3427e000, 0x43c00000)
   the space 443576K,  86% used [0x19150000, 0x30a18ff0, 0x30a19000, 0x3427e000)
 Metaspace       used 3547K, capacity 3598K, committed 3648K, reserved 4480K
Event: 9.733 GC heap after
Heap after GC invocations=95 (full 7):
 def new generation   total 199680K, used 22143K [0x03c00000, 0x114a0000, 0x19150000)
  eden space 177536K,   0% used [0x03c00000, 0x03c00000, 0x0e960000)
  from space 22144K,  99% used [0x0e960000, 0x0feffff8, 0x0ff00000)
  to   space 22144K,   0% used [0x0ff00000, 0x0ff00000, 0x114a0000)
 tenured generation   total 443576K, used 411177K [0x19150000, 0x3427e000, 0x43c00000)
   the space 443576K,  92% used [0x19150000, 0x322da758, 0x322da800, 0x3427e000)
 Metaspace       used 3547K, capacity 3598K, committed 3648K, reserved 4480K
}
Event: 10.053 GC heap before
{Heap before GC invocations=95 (full 7):
 def new generation   total 199680K, used 199679K [0x03c00000, 0x114a0000, 0x19150000)
  eden space 177536K, 100% used [0x03c00000, 0x0e960000, 0x0e960000)
  from space 22144K,  99% used [0x0e960000, 0x0feffff8, 0x0ff00000)
  to   space 22144K,   0% used [0x0ff00000, 0x0ff00000, 0x114a0000)
 tenured generation   total 443576K, used 411177K [0x19150000, 0x3427e000, 0x43c00000)
   the space 443576K,  92% used [0x19150000, 0x322da758, 0x322da800, 0x3427e000)
 Metaspace       used 3547K, capacity 3598K, committed 3648K, reserved 4480K
Event: 10.166 GC heap after
Heap after GC invocations=96 (full 7):
 def new generation   total 199680K, used 22143K [0x03c00000, 0x114a0000, 0x19150000)
  eden space 177536K,   0% used [0x03c00000, 0x03c00000, 0x0e960000)
  from space 22144K,  99% used [0x0ff00000, 0x1149fff8, 0x114a0000)
  to   space 22144K,   0% used [0x0e960000, 0x0e960000, 0x0ff00000)
 tenured generation   total 443576K, used 434666K [0x19150000, 0x3427e000, 0x43c00000)
   the space 443576K,  97% used [0x19150000, 0x339ca878, 0x339caa00, 0x3427e000)
 Metaspace       used 3547K, capacity 3598K, committed 3648K, reserved 4480K
}
Event: 10.461 GC heap before
{Heap before GC invocations=96 (full 7):
 def new generation   total 199680K, used 199679K [0x03c00000, 0x114a0000, 0x19150000)
  eden space 177536K, 100% used [0x03c00000, 0x0e960000, 0x0e960000)
  from space 22144K,  99% used [0x0ff00000, 0x1149fff8, 0x114a0000)
  to   space 22144K,   0% used [0x0e960000, 0x0e960000, 0x0ff00000)
 tenured generation   total 443576K, used 434666K [0x19150000, 0x3427e000, 0x43c00000)
   the space 443576K,  97% used [0x19150000, 0x339ca878, 0x339caa00, 0x3427e000)
 Metaspace       used 3547K, capacity 3598K, committed 3648K, reserved 4480K

