# JRE version: Java(TM) SE Runtime Environment (8.0_101-b13) (build 1.8.0_101-b13)
# Java VM: Java HotSpot(TM) Client VM (25.101-b13 mixed mode windows-x86 )
Heap:
 def new generation   total 314560K, used 314559K [0x03e00000, 0x19350000, 0x19350000)
  eden space 279616K, 100% used [0x03e00000, 0x14f10000, 0x14f10000)
  from space 34944K,  99% used [0x17130000, 0x1934fff8, 0x19350000)
  to   space 34944K,  99% used [0x14f10000, 0x1712fff8, 0x17130000)
 tenured generation   total 699072K, used 699072K [0x19350000, 0x43e00000, 0x43e00000)
   the space 699072K, 100% used [0x19350000, 0x43e00000, 0x43e00000, 0x43e00000)
 Metaspace       used 3555K, capacity 3598K, committed 3648K, reserved 4480K
GC Heap History (10 events):
Event: 9.778 GC heap after
Heap after GC invocations=95 (full 7):
 def new generation   total 194816K, used 21632K [0x03e00000, 0x11160000, 0x19350000)
  eden space 173184K,   0% used [0x03e00000, 0x03e00000, 0x0e720000)
  from space 21632K, 100% used [0x0fc40000, 0x11160000, 0x11160000)
  to   space 21632K,   0% used [0x0e720000, 0x0e720000, 0x0fc40000)
 tenured generation   total 432848K, used 422938K [0x19350000, 0x33a04000, 0x43e00000)
   the space 432848K,  97% used [0x19350000, 0x33056950, 0x33056a00, 0x33a04000)
 Metaspace       used 3551K, capacity 3598K, committed 3648K, reserved 4480K
}
Event: 10.076 GC heap before
{Heap before GC invocations=95 (full 7):
 def new generation   total 194816K, used 194816K [0x03e00000, 0x11160000, 0x19350000)
  eden space 173184K, 100% used [0x03e00000, 0x0e720000, 0x0e720000)
  from space 21632K, 100% used [0x0fc40000, 0x11160000, 0x11160000)
  to   space 21632K,   0% used [0x0e720000, 0x0e720000, 0x0fc40000)
 tenured generation   total 432848K, used 422938K [0x19350000, 0x33a04000, 0x43e00000)
   the space 432848K,  97% used [0x19350000, 0x33056950, 0x33056a00, 0x33a04000)
 Metaspace       used 3551K, capacity 3598K, committed 3648K, reserved 4480K
Event: 11.503 GC heap after
Heap after GC invocations=96 (full 8):
 def new generation   total 314560K, used 2245K [0x03e00000, 0x19350000, 0x19350000)
  eden space 279616K,   0% used [0x03e00000, 0x040315f0, 0x14f10000)
  from space 34944K,   0% used [0x14f10000, 0x14f10000, 0x17130000)
  to   space 34944K,   0% used [0x17130000, 0x17130000, 0x19350000)
 tenured generation   total 699072K, used 447312K [0x19350000, 0x43e00000, 0x43e00000)
   the space 699072K,  63% used [0x19350000, 0x34824000, 0x34824000, 0x43e00000)
 Metaspace       used 3551K, capacity 3598K, committed 3648K, reserved 4480K
}
Event: 11.972 GC heap before
{Heap before GC invocations=96 (full 8):
 def new generation   total 314560K, used 279616K [0x03e00000, 0x19350000, 0x19350000)
  eden space 279616K, 100% used [0x03e00000, 0x14f10000, 0x14f10000)
  from space 34944K,   0% used [0x14f10000, 0x14f10000, 0x17130000)
  to   space 34944K,   0% used [0x17130000, 0x17130000, 0x19350000)
 tenured generation   total 699072K, used 447312K [0x19350000, 0x43e00000, 0x43e00000)
   the space 699072K,  63% used [0x19350000, 0x34824000, 0x34824000, 0x43e00000)
 Metaspace       used 3551K, capacity 3598K, committed 3648K, reserved 4480K
Event: 12.302 GC heap after
Heap after GC invocations=97 (full 8):
 def new generation   total 314560K, used 34943K [0x03e00000, 0x19350000, 0x19350000)
  eden space 279616K,   0% used [0x03e00000, 0x03e00000, 0x14f10000)
  from space 34944K,  99% used [0x17130000, 0x1934fff8, 0x19350000)
  to   space 34944K,   0% used [0x14f10000, 0x14f10000, 0x17130000)
 tenured generation   total 699072K, used 451010K [0x19350000, 0x43e00000, 0x43e00000)
   the space 699072K,  64% used [0x19350000, 0x34bc08a8, 0x34bc0a00, 0x43e00000)
 Metaspace       used 3551K, capacity 3598K, committed 3648K, reserved 4480K
}
Event: 12.800 GC heap before
{Heap before GC invocations=97 (full 8):
 def new generation   total 314560K, used 314559K [0x03e00000, 0x19350000, 0x19350000)
  eden space 279616K, 100% used [0x03e00000, 0x14f10000, 0x14f10000)
  from space 34944K,  99% used [0x17130000, 0x1934fff8, 0x19350000)
  to   space 34944K,   0% used [0x14f10000, 0x14f10000, 0x17130000)
 tenured generation   total 699072K, used 451010K [0x19350000, 0x43e00000, 0x43e00000)
   the space 699072K,  64% used [0x19350000, 0x34bc08a8, 0x34bc0a00, 0x43e00000)
 Metaspace       used 3551K, capacity 3598K, committed 3648K, reserved 4480K
Event: 12.996 GC heap after
Heap after GC invocations=98 (full 8):
 def new generation   total 314560K, used 34944K [0x03e00000, 0x19350000, 0x19350000)
  eden space 279616K,   0% used [0x03e00000, 0x03e00000, 0x14f10000)
  from space 34944K, 100% used [0x14f10000, 0x17130000, 0x17130000)
  to   space 34944K,   0% used [0x17130000, 0x17130000, 0x19350000)
 tenured generation   total 699072K, used 493828K [0x19350000, 0x43e00000, 0x43e00000)
   the space 699072K,  70% used [0x19350000, 0x375910d8, 0x37591200, 0x43e00000)
 Metaspace       used 3551K, capacity 3598K, committed 3648K, reserved 4480K
}
Event: 14.628 GC heap before
{Heap before GC invocations=98 (full 8):
 def new generation   total 314560K, used 314560K [0x03e00000, 0x19350000, 0x19350000)
  eden space 279616K, 100% used [0x03e00000, 0x14f10000, 0x14f10000)
  from space 34944K, 100% used [0x14f10000, 0x17130000, 0x17130000)
  to   space 34944K,   0% used [0x17130000, 0x17130000, 0x19350000)
 tenured generation   total 699072K, used 493828K [0x19350000, 0x43e00000, 0x43e00000)
   the space 699072K,  70% used [0x19350000, 0x375910d8, 0x37591200, 0x43e00000)
 Metaspace       used 3551K, capacity 3598K, committed 3648K, reserved 4480K
Event: 14.831 GC heap after
Heap after GC invocations=99 (full 8):
 def new generation   total 314560K, used 34943K [0x03e00000, 0x19350000, 0x19350000)
  eden space 279616K,   0% used [0x03e00000, 0x03e00000, 0x14f10000)
  from space 34944K,  99% used [0x17130000, 0x1934fff8, 0x19350000)
  to   space 34944K,   0% used [0x14f10000, 0x14f10000, 0x17130000)
 tenured generation   total 699072K, used 613138K [0x19350000, 0x43e00000, 0x43e00000)
   the space 699072K,  87% used [0x19350000, 0x3ea14b08, 0x3ea14c00, 0x43e00000)
 Metaspace       used 3551K, capacity 3598K, committed 3648K, reserved 4480K
}
Event: 16.145 GC heap before
{Heap before GC invocations=99 (full 8):
 def new generation   total 314560K, used 314559K [0x03e00000, 0x19350000, 0x19350000)
  eden space 279616K, 100% used [0x03e00000, 0x14f10000, 0x14f10000)
  from space 34944K,  99% used [0x17130000, 0x1934fff8, 0x19350000)
  to   space 34944K,   0% used [0x14f10000, 0x14f10000, 0x17130000)
 tenured generation   total 699072K, used 613138K [0x19350000, 0x43e00000, 0x43e00000)
   the space 699072K,  87% used [0x19350000, 0x3ea14b08, 0x3ea14c00, 0x43e00000)
 Metaspace       used 3555K, capacity 3598K, committed 3648K, reserved 4480K

