# JRE version: Java(TM) SE Runtime Environment (8.0_101-b13) (build 1.8.0_101-b13)
# Java VM: Java HotSpot(TM) Client VM (25.101-b13 mixed mode windows-x86 )
Heap:
 def new generation   total 313728K, used 278912K [0x03c00000, 0x19060000, 0x19150000)
  eden space 278912K, 100% used [0x03c00000, 0x14c60000, 0x14c60000)
  from space 34816K,   0% used [0x14c60000, 0x14c60000, 0x16e60000)
  to   space 34816K,   0% used [0x16e60000, 0x16ea7ba8, 0x19060000)
 tenured generation   total 699072K, used 418187K [0x19150000, 0x43c00000, 0x43c00000)
   the space 699072K,  59% used [0x19150000, 0x329b2fa0, 0x329b3000, 0x43c00000)
 Metaspace       used 3547K, capacity 3598K, committed 3648K, reserved 4480K
GC Heap History (10 events):
Event: 8.124 GC heap after
Heap after GC invocations=93 (full 7):
 def new generation   total 181120K, used 20096K [0x03c00000, 0x10080000, 0x19150000)
  eden space 161024K,   0% used [0x03c00000, 0x03c00000, 0x0d940000)
  from space 20096K, 100% used [0x0d940000, 0x0ece0000, 0x0ece0000)
  to   space 20096K,   0% used [0x0ece0000, 0x0ece0000, 0x10080000)
 tenured generation   total 402320K, used 326566K [0x19150000, 0x31a34000, 0x43c00000)
   the space 402320K,  81% used [0x19150000, 0x2d0399a0, 0x2d039a00, 0x31a34000)
 Metaspace       used 3547K, capacity 3598K, committed 3648K, reserved 4480K
}
Event: 8.383 GC heap before
{Heap before GC invocations=93 (full 7):
 def new generation   total 181120K, used 181120K [0x03c00000, 0x10080000, 0x19150000)
  eden space 161024K, 100% used [0x03c00000, 0x0d940000, 0x0d940000)
  from space 20096K, 100% used [0x0d940000, 0x0ece0000, 0x0ece0000)
  to   space 20096K,   0% used [0x0ece0000, 0x0ece0000, 0x10080000)
 tenured generation   total 402320K, used 326566K [0x19150000, 0x31a34000, 0x43c00000)
   the space 402320K,  81% used [0x19150000, 0x2d0399a0, 0x2d039a00, 0x31a34000)
 Metaspace       used 3547K, capacity 3598K, committed 3648K, reserved 4480K
Event: 8.490 GC heap after
Heap after GC invocations=94 (full 7):
 def new generation   total 181120K, used 20096K [0x03c00000, 0x10080000, 0x19150000)
  eden space 161024K,   0% used [0x03c00000, 0x03c00000, 0x0d940000)
  from space 20096K, 100% used [0x0ece0000, 0x10080000, 0x10080000)
  to   space 20096K,   0% used [0x0d940000, 0x0d940000, 0x0ece0000)
 tenured generation   total 402320K, used 348449K [0x19150000, 0x31a34000, 0x43c00000)
   the space 402320K,  86% used [0x19150000, 0x2e598770, 0x2e598800, 0x31a34000)
 Metaspace       used 3547K, capacity 3598K, committed 3648K, reserved 4480K
}
Event: 8.767 GC heap before
{Heap before GC invocations=94 (full 7):
 def new generation   total 181120K, used 181120K [0x03c00000, 0x10080000, 0x19150000)
  eden space 161024K, 100% used [0x03c00000, 0x0d940000, 0x0d940000)
  from space 20096K, 100% used [0x0ece0000, 0x10080000, 0x10080000)
  to   space 20096K,   0% used [0x0d940000, 0x0d940000, 0x0ece0000)
 tenured generation   total 402320K, used 348449K [0x19150000, 0x31a34000, 0x43c00000)
   the space 402320K,  86% used [0x19150000, 0x2e598770, 0x2e598800, 0x31a34000)
 Metaspace       used 3547K, capacity 3598K, committed 3648K, reserved 4480K
Event: 8.879 GC heap after
Heap after GC invocations=95 (full 7):
 def new generation   total 181120K, used 20096K [0x03c00000, 0x10080000, 0x19150000)
  eden space 161024K,   0% used [0x03c00000, 0x03c00000, 0x0d940000)
  from space 20096K, 100% used [0x0d940000, 0x0ece0000, 0x0ece0000)
  to   space 20096K,   0% used [0x0ece0000, 0x0ece0000, 0x10080000)
 tenured generation   total 402320K, used 372523K [0x19150000, 0x31a34000, 0x43c00000)
   the space 402320K,  92% used [0x19150000, 0x2fd1af00, 0x2fd1b000, 0x31a34000)
 Metaspace       used 3547K, capacity 3598K, committed 3648K, reserved 4480K
}
Event: 9.133 GC heap before
{Heap before GC invocations=95 (full 7):
 def new generation   total 181120K, used 181120K [0x03c00000, 0x10080000, 0x19150000)
  eden space 161024K, 100% used [0x03c00000, 0x0d940000, 0x0d940000)
  from space 20096K, 100% used [0x0d940000, 0x0ece0000, 0x0ece0000)
  to   space 20096K,   0% used [0x0ece0000, 0x0ece0000, 0x10080000)
 tenured generation   total 402320K, used 372523K [0x19150000, 0x31a34000, 0x43c00000)
   the space 402320K,  92% used [0x19150000, 0x2fd1af00, 0x2fd1b000, 0x31a34000)
 Metaspace       used 3547K, capacity 3598K, committed 3648K, reserved 4480K
Event: 9.243 GC heap after
Heap after GC invocations=96 (full 7):
 def new generation   total 181120K, used 20096K [0x03c00000, 0x10080000, 0x19150000)
  eden space 161024K,   0% used [0x03c00000, 0x03c00000, 0x0d940000)
  from space 20096K, 100% used [0x0ece0000, 0x10080000, 0x10080000)
  to   space 20096K,   0% used [0x0d940000, 0x0d940000, 0x0ece0000)
 tenured generation   total 402320K, used 395559K [0x19150000, 0x31a34000, 0x43c00000)
   the space 402320K,  98% used [0x19150000, 0x31399e60, 0x3139a000, 0x31a34000)
 Metaspace       used 3547K, capacity 3598K, committed 3648K, reserved 4480K
}
Event: 9.506 GC heap before
{Heap before GC invocations=96 (full 7):
 def new generation   total 181120K, used 181120K [0x03c00000, 0x10080000, 0x19150000)
  eden space 161024K, 100% used [0x03c00000, 0x0d940000, 0x0d940000)
  from space 20096K, 100% used [0x0ece0000, 0x10080000, 0x10080000)
  to   space 20096K,   0% used [0x0d940000, 0x0d940000, 0x0ece0000)
 tenured generation   total 402320K, used 395559K [0x19150000, 0x31a34000, 0x43c00000)
   the space 402320K,  98% used [0x19150000, 0x31399e60, 0x3139a000, 0x31a34000)
 Metaspace       used 3547K, capacity 3598K, committed 3648K, reserved 4480K
Event: 10.850 GC heap after
Heap after GC invocations=97 (full 8):
 def new generation   total 313728K, used 4496K [0x03c00000, 0x19060000, 0x19150000)
  eden space 278912K,   1% used [0x03c00000, 0x04064268, 0x14c60000)
  from space 34816K,   0% used [0x14c60000, 0x14c60000, 0x16e60000)
  to   space 34816K,   0% used [0x16e60000, 0x16e60000, 0x19060000)
 tenured generation   total 696980K, used 418187K [0x19150000, 0x439f5000, 0x43c00000)
   the space 696980K,  59% used [0x19150000, 0x329b2fa0, 0x329b3000, 0x439f5000)
 Metaspace       used 3547K, capacity 3598K, committed 3648K, reserved 4480K
}
Event: 11.312 GC heap before
{Heap before GC invocations=97 (full 8):
 def new generation   total 313728K, used 278912K [0x03c00000, 0x19060000, 0x19150000)
  eden space 278912K, 100% used [0x03c00000, 0x14c60000, 0x14c60000)
  from space 34816K,   0% used [0x14c60000, 0x14c60000, 0x16e60000)
  to   space 34816K,   0% used [0x16e60000, 0x16e60000, 0x19060000)
 tenured generation   total 696980K, used 418187K [0x19150000, 0x439f5000, 0x43c00000)
   the space 696980K,  59% used [0x19150000, 0x329b2fa0, 0x329b3000, 0x439f5000)
 Metaspace       used 3547K, capacity 3598K, committed 3648K, reserved 4480K

