# JRE version: Java(TM) SE Runtime Environment (8.0_101-b13) (build 1.8.0_101-b13)
# Java VM: Java HotSpot(TM) Client VM (25.101-b13 mixed mode windows-x86 )
Heap:
 def new generation   total 41024K, used 41024K [0x03c00000, 0x06880000, 0x19150000)
  eden space 36480K, 100% used [0x03c00000, 0x05fa0000, 0x05fa0000)
  from space 4544K, 100% used [0x06410000, 0x06880000, 0x06880000)
  to   space 4544K,  46% used [0x05fa0000, 0x061b4e10, 0x06410000)
 tenured generation   total 119728K, used 96017K [0x19150000, 0x2063c000, 0x43c00000)
   the space 119728K,  80% used [0x19150000, 0x1ef14560, 0x1ef14600, 0x2063c000)
 Metaspace       used 3524K, capacity 3526K, committed 3648K, reserved 4480K
GC Heap History (10 events):
Event: 1.702 GC heap after
Heap after GC invocations=64 (full 3):
 def new generation   total 23936K, used 2623K [0x03c00000, 0x055f0000, 0x19150000)
  eden space 21312K,   0% used [0x03c00000, 0x03c00000, 0x050d0000)
  from space 2624K,  99% used [0x05360000, 0x055efff8, 0x055f0000)
  to   space 2624K,   0% used [0x050d0000, 0x050d0000, 0x05360000)
 tenured generation   total 53072K, used 51956K [0x19150000, 0x1c524000, 0x43c00000)
   the space 53072K,  97% used [0x19150000, 0x1c40d240, 0x1c40d400, 0x1c524000)
 Metaspace       used 3524K, capacity 3526K, committed 3648K, reserved 4480K
}
Event: 1.737 GC heap before
{Heap before GC invocations=64 (full 3):
 def new generation   total 23936K, used 23935K [0x03c00000, 0x055f0000, 0x19150000)
  eden space 21312K, 100% used [0x03c00000, 0x050d0000, 0x050d0000)
  from space 2624K,  99% used [0x05360000, 0x055efff8, 0x055f0000)
  to   space 2624K,   0% used [0x050d0000, 0x050d0000, 0x05360000)
 tenured generation   total 53072K, used 51956K [0x19150000, 0x1c524000, 0x43c00000)
   the space 53072K,  97% used [0x19150000, 0x1c40d240, 0x1c40d400, 0x1c524000)
 Metaspace       used 3524K, capacity 3526K, committed 3648K, reserved 4480K
Event: 1.901 GC heap after
Heap after GC invocations=65 (full 4):
 def new generation   total 41024K, used 0K [0x03c00000, 0x06880000, 0x19150000)
  eden space 36480K,   0% used [0x03c00000, 0x03c00000, 0x05fa0000)
  from space 4544K,   0% used [0x05fa0000, 0x05fa0000, 0x06410000)
  to   space 4544K,   0% used [0x06410000, 0x06410000, 0x06880000)
 tenured generation   total 91076K, used 54644K [0x19150000, 0x1ea41000, 0x43c00000)
   the space 91076K,  59% used [0x19150000, 0x1c6ad340, 0x1c6ad400, 0x1ea41000)
 Metaspace       used 3524K, capacity 3526K, committed 3648K, reserved 4480K
}
Event: 1.966 GC heap before
{Heap before GC invocations=65 (full 4):
 def new generation   total 41024K, used 36480K [0x03c00000, 0x06880000, 0x19150000)
  eden space 36480K, 100% used [0x03c00000, 0x05fa0000, 0x05fa0000)
  from space 4544K,   0% used [0x05fa0000, 0x05fa0000, 0x06410000)
  to   space 4544K,   0% used [0x06410000, 0x06410000, 0x06880000)
 tenured generation   total 91076K, used 54644K [0x19150000, 0x1ea41000, 0x43c00000)
   the space 91076K,  59% used [0x19150000, 0x1c6ad340, 0x1c6ad400, 0x1ea41000)
 Metaspace       used 3524K, capacity 3526K, committed 3648K, reserved 4480K
Event: 1.982 GC heap after
Heap after GC invocations=66 (full 4):
 def new generation   total 41024K, used 4544K [0x03c00000, 0x06880000, 0x19150000)
  eden space 36480K,   0% used [0x03c00000, 0x03c00000, 0x05fa0000)
  from space 4544K, 100% used [0x06410000, 0x06880000, 0x06880000)
  to   space 4544K,   0% used [0x05fa0000, 0x05fa0000, 0x06410000)
 tenured generation   total 91076K, used 55823K [0x19150000, 0x1ea41000, 0x43c00000)
   the space 91076K,  61% used [0x19150000, 0x1c7d3d08, 0x1c7d3e00, 0x1ea41000)
 Metaspace       used 3524K, capacity 3526K, committed 3648K, reserved 4480K
}
Event: 2.068 GC heap before
{Heap before GC invocations=66 (full 4):
 def new generation   total 41024K, used 41024K [0x03c00000, 0x06880000, 0x19150000)
  eden space 36480K, 100% used [0x03c00000, 0x05fa0000, 0x05fa0000)
  from space 4544K, 100% used [0x06410000, 0x06880000, 0x06880000)
  to   space 4544K,   0% used [0x05fa0000, 0x05fa0000, 0x06410000)
 tenured generation   total 91076K, used 55823K [0x19150000, 0x1ea41000, 0x43c00000)
   the space 91076K,  61% used [0x19150000, 0x1c7d3d08, 0x1c7d3e00, 0x1ea41000)
 Metaspace       used 3524K, capacity 3526K, committed 3648K, reserved 4480K
Event: 2.092 GC heap after
Heap after GC invocations=67 (full 4):
 def new generation   total 41024K, used 4544K [0x03c00000, 0x06880000, 0x19150000)
  eden space 36480K,   0% used [0x03c00000, 0x03c00000, 0x05fa0000)
  from space 4544K, 100% used [0x05fa0000, 0x06410000, 0x06410000)
  to   space 4544K,   0% used [0x06410000, 0x06410000, 0x06880000)
 tenured generation   total 91076K, used 61094K [0x19150000, 0x1ea41000, 0x43c00000)
   the space 91076K,  67% used [0x19150000, 0x1ccf9af0, 0x1ccf9c00, 0x1ea41000)
 Metaspace       used 3524K, capacity 3526K, committed 3648K, reserved 4480K
}
Event: 2.148 GC heap before
{Heap before GC invocations=67 (full 4):
 def new generation   total 41024K, used 41024K [0x03c00000, 0x06880000, 0x19150000)
  eden space 36480K, 100% used [0x03c00000, 0x05fa0000, 0x05fa0000)
  from space 4544K, 100% used [0x05fa0000, 0x06410000, 0x06410000)
  to   space 4544K,   0% used [0x06410000, 0x06410000, 0x06880000)
 tenured generation   total 91076K, used 61094K [0x19150000, 0x1ea41000, 0x43c00000)
   the space 91076K,  67% used [0x19150000, 0x1ccf9af0, 0x1ccf9c00, 0x1ea41000)
 Metaspace       used 3524K, capacity 3526K, committed 3648K, reserved 4480K
Event: 2.169 GC heap after
Heap after GC invocations=68 (full 4):
 def new generation   total 41024K, used 4544K [0x03c00000, 0x06880000, 0x19150000)
  eden space 36480K,   0% used [0x03c00000, 0x03c00000, 0x05fa0000)
  from space 4544K, 100% used [0x06410000, 0x06880000, 0x06880000)
  to   space 4544K,   0% used [0x05fa0000, 0x05fa0000, 0x06410000)
 tenured generation   total 91076K, used 66088K [0x19150000, 0x1ea41000, 0x43c00000)
   the space 91076K,  72% used [0x19150000, 0x1d1da0a0, 0x1d1da200, 0x1ea41000)
 Metaspace       used 3524K, capacity 3526K, committed 3648K, reserved 4480K
}
Event: 2.233 GC heap before
{Heap before GC invocations=68 (full 4):
 def new generation   total 41024K, used 41024K [0x03c00000, 0x06880000, 0x19150000)
  eden space 36480K, 100% used [0x03c00000, 0x05fa0000, 0x05fa0000)
  from space 4544K, 100% used [0x06410000, 0x06880000, 0x06880000)
  to   space 4544K,   0% used [0x05fa0000, 0x05fa0000, 0x06410000)
 tenured generation   total 91076K, used 66088K [0x19150000, 0x1ea41000, 0x43c00000)
   the space 91076K,  72% used [0x19150000, 0x1d1da0a0, 0x1d1da200, 0x1ea41000)
 Metaspace       used 3524K, capacity 3526K, committed 3648K, reserved 4480K

