# JRE version: Java(TM) SE Runtime Environment (8.0_101-b13) (build 1.8.0_101-b13)
# Java VM: Java HotSpot(TM) Client VM (25.101-b13 mixed mode windows-x86 )
Heap:
 def new generation   total 314560K, used 279616K [0x03c00000, 0x19150000, 0x19150000)
  eden space 279616K, 100% used [0x03c00000, 0x14d10000, 0x14d10000)
  from space 34944K,   0% used [0x14d10000, 0x14d10000, 0x16f30000)
  to   space 34944K,   0% used [0x16f30000, 0x16f82188, 0x19150000)
 tenured generation   total 699072K, used 458495K [0x19150000, 0x43c00000, 0x43c00000)
   the space 699072K,  65% used [0x19150000, 0x3510fff8, 0x35110000, 0x43c00000)
 Metaspace       used 3547K, capacity 3598K, committed 3648K, reserved 4480K
GC Heap History (10 events):
Event: 10.492 GC heap after
Heap after GC invocations=93 (full 7):
 def new generation   total 199744K, used 22144K [0x03c00000, 0x114b0000, 0x19150000)
  eden space 177600K,   0% used [0x03c00000, 0x03c00000, 0x0e970000)
  from space 22144K, 100% used [0x0e970000, 0x0ff10000, 0x0ff10000)
  to   space 22144K,   0% used [0x0ff10000, 0x0ff10000, 0x114b0000)
 tenured generation   total 443648K, used 358735K [0x19150000, 0x34290000, 0x43c00000)
   the space 443648K,  80% used [0x19150000, 0x2efa3e50, 0x2efa4000, 0x34290000)
 Metaspace       used 3547K, capacity 3598K, committed 3648K, reserved 4480K
}
Event: 10.794 GC heap before
{Heap before GC invocations=93 (full 7):
 def new generation   total 199744K, used 199744K [0x03c00000, 0x114b0000, 0x19150000)
  eden space 177600K, 100% used [0x03c00000, 0x0e970000, 0x0e970000)
  from space 22144K, 100% used [0x0e970000, 0x0ff10000, 0x0ff10000)
  to   space 22144K,   0% used [0x0ff10000, 0x0ff10000, 0x114b0000)
 tenured generation   total 443648K, used 358735K [0x19150000, 0x34290000, 0x43c00000)
   the space 443648K,  80% used [0x19150000, 0x2efa3e50, 0x2efa4000, 0x34290000)
 Metaspace       used 3547K, capacity 3598K, committed 3648K, reserved 4480K
Event: 10.927 GC heap after
Heap after GC invocations=94 (full 7):
 def new generation   total 199744K, used 22144K [0x03c00000, 0x114b0000, 0x19150000)
  eden space 177600K,   0% used [0x03c00000, 0x03c00000, 0x0e970000)
  from space 22144K, 100% used [0x0ff10000, 0x114b0000, 0x114b0000)
  to   space 22144K,   0% used [0x0e970000, 0x0e970000, 0x0ff10000)
 tenured generation   total 443648K, used 384899K [0x19150000, 0x34290000, 0x43c00000)
   the space 443648K,  86% used [0x19150000, 0x30930c30, 0x30930e00, 0x34290000)
 Metaspace       used 3547K, capacity 3598K, committed 3648K, reserved 4480K
}
Event: 11.222 GC heap before
{Heap before GC invocations=94 (full 7):
 def new generation   total 199744K, used 199744K [0x03c00000, 0x114b0000, 0x19150000)
  eden space 177600K, 100% used [0x03c00000, 0x0e970000, 0x0e970000)
  from space 22144K, 100% used [0x0ff10000, 0x114b0000, 0x114b0000)
  to   space 22144K,   0% used [0x0e970000, 0x0e970000, 0x0ff10000)
 tenured generation   total 443648K, used 384899K [0x19150000, 0x34290000, 0x43c00000)
   the space 443648K,  86% used [0x19150000, 0x30930c30, 0x30930e00, 0x34290000)
 Metaspace       used 3547K, capacity 3598K, committed 3648K, reserved 4480K
Event: 11.340 GC heap after
Heap after GC invocations=95 (full 7):
 def new generation   total 199744K, used 22143K [0x03c00000, 0x114b0000, 0x19150000)
  eden space 177600K,   0% used [0x03c00000, 0x03c00000, 0x0e970000)
  from space 22144K,  99% used [0x0e970000, 0x0ff0fff8, 0x0ff10000)
  to   space 22144K,   0% used [0x0ff10000, 0x0ff10000, 0x114b0000)
 tenured generation   total 443648K, used 409943K [0x19150000, 0x34290000, 0x43c00000)
   the space 443648K,  92% used [0x19150000, 0x321a5e28, 0x321a6000, 0x34290000)
 Metaspace       used 3547K, capacity 3598K, committed 3648K, reserved 4480K
}
Event: 11.669 GC heap before
{Heap before GC invocations=95 (full 7):
 def new generation   total 199744K, used 199743K [0x03c00000, 0x114b0000, 0x19150000)
  eden space 177600K, 100% used [0x03c00000, 0x0e970000, 0x0e970000)
  from space 22144K,  99% used [0x0e970000, 0x0ff0fff8, 0x0ff10000)
  to   space 22144K,   0% used [0x0ff10000, 0x0ff10000, 0x114b0000)
 tenured generation   total 443648K, used 409943K [0x19150000, 0x34290000, 0x43c00000)
   the space 443648K,  92% used [0x19150000, 0x321a5e28, 0x321a6000, 0x34290000)
 Metaspace       used 3547K, capacity 3598K, committed 3648K, reserved 4480K
Event: 11.785 GC heap after
Heap after GC invocations=96 (full 7):
 def new generation   total 199744K, used 22144K [0x03c00000, 0x114b0000, 0x19150000)
  eden space 177600K,   0% used [0x03c00000, 0x03c00000, 0x0e970000)
  from space 22144K, 100% used [0x0ff10000, 0x114b0000, 0x114b0000)
  to   space 22144K,   0% used [0x0e970000, 0x0e970000, 0x0ff10000)
 tenured generation   total 443648K, used 433764K [0x19150000, 0x34290000, 0x43c00000)
   the space 443648K,  97% used [0x19150000, 0x338e90c0, 0x338e9200, 0x34290000)
 Metaspace       used 3547K, capacity 3598K, committed 3648K, reserved 4480K
}
Event: 12.070 GC heap before
{Heap before GC invocations=96 (full 7):
 def new generation   total 199744K, used 199744K [0x03c00000, 0x114b0000, 0x19150000)
  eden space 177600K, 100% used [0x03c00000, 0x0e970000, 0x0e970000)
  from space 22144K, 100% used [0x0ff10000, 0x114b0000, 0x114b0000)
  to   space 22144K,   0% used [0x0e970000, 0x0e970000, 0x0ff10000)
 tenured generation   total 443648K, used 433764K [0x19150000, 0x34290000, 0x43c00000)
   the space 443648K,  97% used [0x19150000, 0x338e90c0, 0x338e9200, 0x34290000)
 Metaspace       used 3547K, capacity 3598K, committed 3648K, reserved 4480K
Event: 13.526 GC heap after
Heap after GC invocations=97 (full 8):
 def new generation   total 314560K, used 1903K [0x03c00000, 0x19150000, 0x19150000)
  eden space 279616K,   0% used [0x03c00000, 0x03ddbd48, 0x14d10000)
  from space 34944K,   0% used [0x14d10000, 0x14d10000, 0x16f30000)
  to   space 34944K,   0% used [0x16f30000, 0x16f30000, 0x19150000)
 tenured generation   total 699072K, used 458495K [0x19150000, 0x43c00000, 0x43c00000)
   the space 699072K,  65% used [0x19150000, 0x3510fff8, 0x35110000, 0x43c00000)
 Metaspace       used 3547K, capacity 3598K, committed 3648K, reserved 4480K
}
Event: 14.002 GC heap before
{Heap before GC invocations=97 (full 8):
 def new generation   total 314560K, used 279616K [0x03c00000, 0x19150000, 0x19150000)
  eden space 279616K, 100% used [0x03c00000, 0x14d10000, 0x14d10000)
  from space 34944K,   0% used [0x14d10000, 0x14d10000, 0x16f30000)
  to   space 34944K,   0% used [0x16f30000, 0x16f30000, 0x19150000)
 tenured generation   total 699072K, used 458495K [0x19150000, 0x43c00000, 0x43c00000)
   the space 699072K,  65% used [0x19150000, 0x3510fff8, 0x35110000, 0x43c00000)
 Metaspace       used 3547K, capacity 3598K, committed 3648K, reserved 4480K

