# JRE version: Java(TM) SE Runtime Environment (8.0_101-b13) (build 1.8.0_101-b13)
# Java VM: Java HotSpot(TM) Client VM (25.101-b13 mixed mode windows-x86 )
Heap:
 def new generation   total 314560K, used 314559K [0x03e00000, 0x19350000, 0x19350000)
  eden space 279616K, 100% used [0x03e00000, 0x14f10000, 0x14f10000)
  from space 34944K,  99% used [0x17130000, 0x1934fff8, 0x19350000)
  to   space 34944K, 100% used [0x14f10000, 0x17130000, 0x17130000)
 tenured generation   total 699072K, used 467939K [0x19350000, 0x43e00000, 0x43e00000)
   the space 699072K,  66% used [0x19350000, 0x35c48e30, 0x35c49000, 0x43e00000)
 Metaspace       used 3547K, capacity 3598K, committed 3648K, reserved 4480K
GC Heap History (10 events):
Event: 9.223 GC heap after
Heap after GC invocations=95 (full 7):
 def new generation   total 190912K, used 21183K [0x03e00000, 0x10d20000, 0x19350000)
  eden space 169728K,   0% used [0x03e00000, 0x03e00000, 0x0e3c0000)
  from space 21184K,  99% used [0x0f870000, 0x10d1fff8, 0x10d20000)
  to   space 21184K,   0% used [0x0e3c0000, 0x0e3c0000, 0x0f870000)
 tenured generation   total 424120K, used 364485K [0x19350000, 0x3317e000, 0x43e00000)
   the space 424120K,  85% used [0x19350000, 0x2f741588, 0x2f741600, 0x3317e000)
 Metaspace       used 3547K, capacity 3598K, committed 3648K, reserved 4480K
}
Event: 9.483 GC heap before
{Heap before GC invocations=95 (full 7):
 def new generation   total 190912K, used 190911K [0x03e00000, 0x10d20000, 0x19350000)
  eden space 169728K, 100% used [0x03e00000, 0x0e3c0000, 0x0e3c0000)
  from space 21184K,  99% used [0x0f870000, 0x10d1fff8, 0x10d20000)
  to   space 21184K,   0% used [0x0e3c0000, 0x0e3c0000, 0x0f870000)
 tenured generation   total 424120K, used 364485K [0x19350000, 0x3317e000, 0x43e00000)
   the space 424120K,  85% used [0x19350000, 0x2f741588, 0x2f741600, 0x3317e000)
 Metaspace       used 3547K, capacity 3598K, committed 3648K, reserved 4480K
Event: 9.596 GC heap after
Heap after GC invocations=96 (full 7):
 def new generation   total 190912K, used 21183K [0x03e00000, 0x10d20000, 0x19350000)
  eden space 169728K,   0% used [0x03e00000, 0x03e00000, 0x0e3c0000)
  from space 21184K,  99% used [0x0e3c0000, 0x0f86fff8, 0x0f870000)
  to   space 21184K,   0% used [0x0f870000, 0x0f870000, 0x10d20000)
 tenured generation   total 424120K, used 389473K [0x19350000, 0x3317e000, 0x43e00000)
   the space 424120K,  91% used [0x19350000, 0x30fa8750, 0x30fa8800, 0x3317e000)
 Metaspace       used 3547K, capacity 3598K, committed 3648K, reserved 4480K
}
Event: 9.862 GC heap before
{Heap before GC invocations=96 (full 7):
 def new generation   total 190912K, used 190911K [0x03e00000, 0x10d20000, 0x19350000)
  eden space 169728K, 100% used [0x03e00000, 0x0e3c0000, 0x0e3c0000)
  from space 21184K,  99% used [0x0e3c0000, 0x0f86fff8, 0x0f870000)
  to   space 21184K,   0% used [0x0f870000, 0x0f870000, 0x10d20000)
 tenured generation   total 424120K, used 389473K [0x19350000, 0x3317e000, 0x43e00000)
   the space 424120K,  91% used [0x19350000, 0x30fa8750, 0x30fa8800, 0x3317e000)
 Metaspace       used 3547K, capacity 3598K, committed 3648K, reserved 4480K
Event: 9.972 GC heap after
Heap after GC invocations=97 (full 7):
 def new generation   total 190912K, used 21184K [0x03e00000, 0x10d20000, 0x19350000)
  eden space 169728K,   0% used [0x03e00000, 0x03e00000, 0x0e3c0000)
  from space 21184K, 100% used [0x0f870000, 0x10d20000, 0x10d20000)
  to   space 21184K,   0% used [0x0e3c0000, 0x0e3c0000, 0x0f870000)
 tenured generation   total 424120K, used 413691K [0x19350000, 0x3317e000, 0x43e00000)
   the space 424120K,  97% used [0x19350000, 0x3274ee00, 0x3274ee00, 0x3317e000)
 Metaspace       used 3547K, capacity 3598K, committed 3648K, reserved 4480K
}
Event: 10.229 GC heap before
{Heap before GC invocations=97 (full 7):
 def new generation   total 190912K, used 190912K [0x03e00000, 0x10d20000, 0x19350000)
  eden space 169728K, 100% used [0x03e00000, 0x0e3c0000, 0x0e3c0000)
  from space 21184K, 100% used [0x0f870000, 0x10d20000, 0x10d20000)
  to   space 21184K,   0% used [0x0e3c0000, 0x0e3c0000, 0x0f870000)
 tenured generation   total 424120K, used 413691K [0x19350000, 0x3317e000, 0x43e00000)
   the space 424120K,  97% used [0x19350000, 0x3274ee00, 0x3274ee00, 0x3317e000)
 Metaspace       used 3547K, capacity 3598K, committed 3648K, reserved 4480K
Event: 11.604 GC heap after
Heap after GC invocations=98 (full 8):
 def new generation   total 314560K, used 3565K [0x03e00000, 0x19350000, 0x19350000)
  eden space 279616K,   1% used [0x03e00000, 0x0417b670, 0x14f10000)
  from space 34944K,   0% used [0x14f10000, 0x14f10000, 0x17130000)
  to   space 34944K,   0% used [0x17130000, 0x17130000, 0x19350000)
 tenured generation   total 699072K, used 436535K [0x19350000, 0x43e00000, 0x43e00000)
   the space 699072K,  62% used [0x19350000, 0x33d9dfd0, 0x33d9e000, 0x43e00000)
 Metaspace       used 3547K, capacity 3598K, committed 3648K, reserved 4480K
}
Event: 12.064 GC heap before
{Heap before GC invocations=98 (full 8):
 def new generation   total 314560K, used 279616K [0x03e00000, 0x19350000, 0x19350000)
  eden space 279616K, 100% used [0x03e00000, 0x14f10000, 0x14f10000)
  from space 34944K,   0% used [0x14f10000, 0x14f10000, 0x17130000)
  to   space 34944K,   0% used [0x17130000, 0x17130000, 0x19350000)
 tenured generation   total 699072K, used 436535K [0x19350000, 0x43e00000, 0x43e00000)
   the space 699072K,  62% used [0x19350000, 0x33d9dfd0, 0x33d9e000, 0x43e00000)
 Metaspace       used 3547K, capacity 3598K, committed 3648K, reserved 4480K
Event: 12.386 GC heap after
Heap after GC invocations=99 (full 8):
 def new generation   total 314560K, used 34943K [0x03e00000, 0x19350000, 0x19350000)
  eden space 279616K,   0% used [0x03e00000, 0x03e00000, 0x14f10000)
  from space 34944K,  99% used [0x17130000, 0x1934fff8, 0x19350000)
  to   space 34944K,   0% used [0x14f10000, 0x14f10000, 0x17130000)
 tenured generation   total 699072K, used 441337K [0x19350000, 0x43e00000, 0x43e00000)
   the space 699072K,  63% used [0x19350000, 0x3424e430, 0x3424e600, 0x43e00000)
 Metaspace       used 3547K, capacity 3598K, committed 3648K, reserved 4480K
}
Event: 12.868 GC heap before
{Heap before GC invocations=99 (full 8):
 def new generation   total 314560K, used 314559K [0x03e00000, 0x19350000, 0x19350000)
  eden space 279616K, 100% used [0x03e00000, 0x14f10000, 0x14f10000)
  from space 34944K,  99% used [0x17130000, 0x1934fff8, 0x19350000)
  to   space 34944K,   0% used [0x14f10000, 0x14f10000, 0x17130000)
 tenured generation   total 699072K, used 441337K [0x19350000, 0x43e00000, 0x43e00000)
   the space 699072K,  63% used [0x19350000, 0x3424e430, 0x3424e600, 0x43e00000)
 Metaspace       used 3547K, capacity 3598K, committed 3648K, reserved 4480K

