# JRE version: Java(TM) SE Runtime Environment (8.0_101-b13) (build 1.8.0_101-b13)
# Java VM: Java HotSpot(TM) Client VM (25.101-b13 mixed mode windows-x86 )
Heap:
 def new generation   total 216384K, used 24000K [0x03c00000, 0x126c0000, 0x19150000)
  eden space 192384K,   0% used [0x03c00000, 0x03c00000, 0x0f7e0000)
  from space 24000K, 100% used [0x0f7e0000, 0x10f50000, 0x10f50000)
  to   space 24000K,   0% used [0x10f50000, 0x10f50000, 0x126c0000)
 tenured generation   total 497248K, used 497227K [0x19150000, 0x376e8000, 0x43c00000)
   the space 497248K,  99% used [0x19150000, 0x376e2f80, 0x376e3000, 0x376e8000)
 Metaspace       used 3546K, capacity 3598K, committed 3648K, reserved 4480K
GC Heap History (10 events):
Event: 9.001 GC heap after
Heap after GC invocations=94 (full 7):
 def new generation   total 216384K, used 24000K [0x03c00000, 0x126c0000, 0x19150000)
  eden space 192384K,   0% used [0x03c00000, 0x03c00000, 0x0f7e0000)
  from space 24000K, 100% used [0x10f50000, 0x126c0000, 0x126c0000)
  to   space 24000K,   0% used [0x0f7e0000, 0x0f7e0000, 0x10f50000)
 tenured generation   total 480608K, used 360891K [0x19150000, 0x366a8000, 0x43c00000)
   the space 480608K,  75% used [0x19150000, 0x2f1bee50, 0x2f1bf000, 0x366a8000)
 Metaspace       used 3546K, capacity 3598K, committed 3648K, reserved 4480K
}
Event: 9.320 GC heap before
{Heap before GC invocations=94 (full 7):
 def new generation   total 216384K, used 216384K [0x03c00000, 0x126c0000, 0x19150000)
  eden space 192384K, 100% used [0x03c00000, 0x0f7e0000, 0x0f7e0000)
  from space 24000K, 100% used [0x10f50000, 0x126c0000, 0x126c0000)
  to   space 24000K,   0% used [0x0f7e0000, 0x0f7e0000, 0x10f50000)
 tenured generation   total 480608K, used 360891K [0x19150000, 0x366a8000, 0x43c00000)
   the space 480608K,  75% used [0x19150000, 0x2f1bee50, 0x2f1bf000, 0x366a8000)
 Metaspace       used 3546K, capacity 3598K, committed 3648K, reserved 4480K
Event: 9.449 GC heap after
Heap after GC invocations=95 (full 7):
 def new generation   total 216384K, used 24000K [0x03c00000, 0x126c0000, 0x19150000)
  eden space 192384K,   0% used [0x03c00000, 0x03c00000, 0x0f7e0000)
  from space 24000K, 100% used [0x0f7e0000, 0x10f50000, 0x10f50000)
  to   space 24000K,   0% used [0x10f50000, 0x10f50000, 0x126c0000)
 tenured generation   total 480608K, used 389057K [0x19150000, 0x366a8000, 0x43c00000)
   the space 480608K,  80% used [0x19150000, 0x30d405d0, 0x30d40600, 0x366a8000)
 Metaspace       used 3546K, capacity 3598K, committed 3648K, reserved 4480K
}
Event: 9.745 GC heap before
{Heap before GC invocations=95 (full 7):
 def new generation   total 216384K, used 216384K [0x03c00000, 0x126c0000, 0x19150000)
  eden space 192384K, 100% used [0x03c00000, 0x0f7e0000, 0x0f7e0000)
  from space 24000K, 100% used [0x0f7e0000, 0x10f50000, 0x10f50000)
  to   space 24000K,   0% used [0x10f50000, 0x10f50000, 0x126c0000)
 tenured generation   total 480608K, used 389057K [0x19150000, 0x366a8000, 0x43c00000)
   the space 480608K,  80% used [0x19150000, 0x30d405d0, 0x30d40600, 0x366a8000)
 Metaspace       used 3546K, capacity 3598K, committed 3648K, reserved 4480K
Event: 9.867 GC heap after
Heap after GC invocations=96 (full 7):
 def new generation   total 216384K, used 24000K [0x03c00000, 0x126c0000, 0x19150000)
  eden space 192384K,   0% used [0x03c00000, 0x03c00000, 0x0f7e0000)
  from space 24000K, 100% used [0x10f50000, 0x126c0000, 0x126c0000)
  to   space 24000K,   0% used [0x0f7e0000, 0x0f7e0000, 0x10f50000)
 tenured generation   total 480608K, used 416576K [0x19150000, 0x366a8000, 0x43c00000)
   the space 480608K,  86% used [0x19150000, 0x32820178, 0x32820200, 0x366a8000)
 Metaspace       used 3546K, capacity 3598K, committed 3648K, reserved 4480K
}
Event: 10.159 GC heap before
{Heap before GC invocations=96 (full 7):
 def new generation   total 216384K, used 216384K [0x03c00000, 0x126c0000, 0x19150000)
  eden space 192384K, 100% used [0x03c00000, 0x0f7e0000, 0x0f7e0000)
  from space 24000K, 100% used [0x10f50000, 0x126c0000, 0x126c0000)
  to   space 24000K,   0% used [0x0f7e0000, 0x0f7e0000, 0x10f50000)
 tenured generation   total 480608K, used 416576K [0x19150000, 0x366a8000, 0x43c00000)
   the space 480608K,  86% used [0x19150000, 0x32820178, 0x32820200, 0x366a8000)
 Metaspace       used 3546K, capacity 3598K, committed 3648K, reserved 4480K
Event: 10.282 GC heap after
Heap after GC invocations=97 (full 7):
 def new generation   total 216384K, used 24000K [0x03c00000, 0x126c0000, 0x19150000)
  eden space 192384K,   0% used [0x03c00000, 0x03c00000, 0x0f7e0000)
  from space 24000K, 100% used [0x0f7e0000, 0x10f50000, 0x10f50000)
  to   space 24000K,   0% used [0x10f50000, 0x10f50000, 0x126c0000)
 tenured generation   total 480608K, used 443481K [0x19150000, 0x366a8000, 0x43c00000)
   the space 480608K,  92% used [0x19150000, 0x34266710, 0x34266800, 0x366a8000)
 Metaspace       used 3546K, capacity 3598K, committed 3648K, reserved 4480K
}
Event: 10.596 GC heap before
{Heap before GC invocations=97 (full 7):
 def new generation   total 216384K, used 216384K [0x03c00000, 0x126c0000, 0x19150000)
  eden space 192384K, 100% used [0x03c00000, 0x0f7e0000, 0x0f7e0000)
  from space 24000K, 100% used [0x0f7e0000, 0x10f50000, 0x10f50000)
  to   space 24000K,   0% used [0x10f50000, 0x10f50000, 0x126c0000)
 tenured generation   total 480608K, used 443481K [0x19150000, 0x366a8000, 0x43c00000)
   the space 480608K,  92% used [0x19150000, 0x34266710, 0x34266800, 0x366a8000)
 Metaspace       used 3546K, capacity 3598K, committed 3648K, reserved 4480K
Event: 10.710 GC heap after
Heap after GC invocations=98 (full 7):
 def new generation   total 216384K, used 24000K [0x03c00000, 0x126c0000, 0x19150000)
  eden space 192384K,   0% used [0x03c00000, 0x03c00000, 0x0f7e0000)
  from space 24000K, 100% used [0x10f50000, 0x126c0000, 0x126c0000)
  to   space 24000K,   0% used [0x0f7e0000, 0x0f7e0000, 0x10f50000)
 tenured generation   total 480608K, used 467155K [0x19150000, 0x366a8000, 0x43c00000)
   the space 480608K,  97% used [0x19150000, 0x35984d10, 0x35984e00, 0x366a8000)
 Metaspace       used 3546K, capacity 3598K, committed 3648K, reserved 4480K
}
Event: 11.044 GC heap before
{Heap before GC invocations=98 (full 7):
 def new generation   total 216384K, used 216384K [0x03c00000, 0x126c0000, 0x19150000)
  eden space 192384K, 100% used [0x03c00000, 0x0f7e0000, 0x0f7e0000)
  from space 24000K, 100% used [0x10f50000, 0x126c0000, 0x126c0000)
  to   space 24000K,   0% used [0x0f7e0000, 0x0f7e0000, 0x10f50000)
 tenured generation   total 480608K, used 467155K [0x19150000, 0x366a8000, 0x43c00000)
   the space 480608K,  97% used [0x19150000, 0x35984d10, 0x35984e00, 0x366a8000)
 Metaspace       used 3546K, capacity 3598K, committed 3648K, reserved 4480K

