# JRE version: Java(TM) SE Runtime Environment (8.0_101-b13) (build 1.8.0_101-b13)
# Java VM: Java HotSpot(TM) Client VM (25.101-b13 mixed mode windows-x86 )
Heap:
 def new generation   total 192320K, used 192320K [0x03c00000, 0x10ca0000, 0x19150000)
  eden space 171008K, 100% used [0x03c00000, 0x0e300000, 0x0e300000)
  from space 21312K, 100% used [0x0f7d0000, 0x10ca0000, 0x10ca0000)
  to   space 21312K,  96% used [0x0e300000, 0x0f72bd70, 0x0f7d0000)
 tenured generation   total 699072K, used 419407K [0x19150000, 0x43c00000, 0x43c00000)
   the space 699072K,  59% used [0x19150000, 0x32ae3d88, 0x32ae3e00, 0x43c00000)
 Metaspace       used 3547K, capacity 3598K, committed 3648K, reserved 4480K
GC Heap History (10 events):
Event: 8.190 GC heap after
Heap after GC invocations=90 (full 7):
 def new generation   total 192320K, used 21312K [0x03c00000, 0x10ca0000, 0x19150000)
  eden space 171008K,   0% used [0x03c00000, 0x03c00000, 0x0e300000)
  from space 21312K, 100% used [0x0f7d0000, 0x10ca0000, 0x10ca0000)
  to   space 21312K,   0% used [0x0e300000, 0x0e300000, 0x0f7d0000)
 tenured generation   total 427096K, used 320183K [0x19150000, 0x33266000, 0x43c00000)
   the space 427096K,  74% used [0x19150000, 0x2c9fdc48, 0x2c9fde00, 0x33266000)
 Metaspace       used 3547K, capacity 3598K, committed 3648K, reserved 4480K
}
Event: 8.477 GC heap before
{Heap before GC invocations=90 (full 7):
 def new generation   total 192320K, used 192320K [0x03c00000, 0x10ca0000, 0x19150000)
  eden space 171008K, 100% used [0x03c00000, 0x0e300000, 0x0e300000)
  from space 21312K, 100% used [0x0f7d0000, 0x10ca0000, 0x10ca0000)
  to   space 21312K,   0% used [0x0e300000, 0x0e300000, 0x0f7d0000)
 tenured generation   total 427096K, used 320183K [0x19150000, 0x33266000, 0x43c00000)
   the space 427096K,  74% used [0x19150000, 0x2c9fdc88, 0x2c9fde00, 0x33266000)
 Metaspace       used 3547K, capacity 3598K, committed 3648K, reserved 4480K
Event: 8.589 GC heap after
Heap after GC invocations=91 (full 7):
 def new generation   total 192320K, used 21312K [0x03c00000, 0x10ca0000, 0x19150000)
  eden space 171008K,   0% used [0x03c00000, 0x03c00000, 0x0e300000)
  from space 21312K, 100% used [0x0e300000, 0x0f7d0000, 0x0f7d0000)
  to   space 21312K,   0% used [0x0f7d0000, 0x0f7d0000, 0x10ca0000)
 tenured generation   total 427096K, used 343997K [0x19150000, 0x33266000, 0x43c00000)
   the space 427096K,  80% used [0x19150000, 0x2e13f750, 0x2e13f800, 0x33266000)
 Metaspace       used 3547K, capacity 3598K, committed 3648K, reserved 4480K
}
Event: 8.870 GC heap before
{Heap before GC invocations=91 (full 7):
 def new generation   total 192320K, used 192320K [0x03c00000, 0x10ca0000, 0x19150000)
  eden space 171008K, 100% used [0x03c00000, 0x0e300000, 0x0e300000)
  from space 21312K, 100% used [0x0e300000, 0x0f7d0000, 0x0f7d0000)
  to   space 21312K,   0% used [0x0f7d0000, 0x0f7d0000, 0x10ca0000)
 tenured generation   total 427096K, used 343997K [0x19150000, 0x33266000, 0x43c00000)
   the space 427096K,  80% used [0x19150000, 0x2e13f750, 0x2e13f800, 0x33266000)
 Metaspace       used 3547K, capacity 3598K, committed 3648K, reserved 4480K
Event: 8.983 GC heap after
Heap after GC invocations=92 (full 7):
 def new generation   total 192320K, used 21312K [0x03c00000, 0x10ca0000, 0x19150000)
  eden space 171008K,   0% used [0x03c00000, 0x03c00000, 0x0e300000)
  from space 21312K, 100% used [0x0f7d0000, 0x10ca0000, 0x10ca0000)
  to   space 21312K,   0% used [0x0e300000, 0x0e300000, 0x0f7d0000)
 tenured generation   total 427096K, used 369628K [0x19150000, 0x33266000, 0x43c00000)
   the space 427096K,  86% used [0x19150000, 0x2fa47010, 0x2fa47200, 0x33266000)
 Metaspace       used 3547K, capacity 3598K, committed 3648K, reserved 4480K
}
Event: 9.269 GC heap before
{Heap before GC invocations=92 (full 7):
 def new generation   total 192320K, used 192320K [0x03c00000, 0x10ca0000, 0x19150000)
  eden space 171008K, 100% used [0x03c00000, 0x0e300000, 0x0e300000)
  from space 21312K, 100% used [0x0f7d0000, 0x10ca0000, 0x10ca0000)
  to   space 21312K,   0% used [0x0e300000, 0x0e300000, 0x0f7d0000)
 tenured generation   total 427096K, used 369628K [0x19150000, 0x33266000, 0x43c00000)
   the space 427096K,  86% used [0x19150000, 0x2fa47010, 0x2fa47200, 0x33266000)
 Metaspace       used 3547K, capacity 3598K, committed 3648K, reserved 4480K
Event: 9.383 GC heap after
Heap after GC invocations=93 (full 7):
 def new generation   total 192320K, used 21312K [0x03c00000, 0x10ca0000, 0x19150000)
  eden space 171008K,   0% used [0x03c00000, 0x03c00000, 0x0e300000)
  from space 21312K, 100% used [0x0e300000, 0x0f7d0000, 0x0f7d0000)
  to   space 21312K,   0% used [0x0f7d0000, 0x0f7d0000, 0x10ca0000)
 tenured generation   total 427096K, used 394357K [0x19150000, 0x33266000, 0x43c00000)
   the space 427096K,  92% used [0x19150000, 0x3126d710, 0x3126d800, 0x33266000)
 Metaspace       used 3547K, capacity 3598K, committed 3648K, reserved 4480K
}
Event: 9.649 GC heap before
{Heap before GC invocations=93 (full 7):
 def new generation   total 192320K, used 192320K [0x03c00000, 0x10ca0000, 0x19150000)
  eden space 171008K, 100% used [0x03c00000, 0x0e300000, 0x0e300000)
  from space 21312K, 100% used [0x0e300000, 0x0f7d0000, 0x0f7d0000)
  to   space 21312K,   0% used [0x0f7d0000, 0x0f7d0000, 0x10ca0000)
 tenured generation   total 427096K, used 394357K [0x19150000, 0x33266000, 0x43c00000)
   the space 427096K,  92% used [0x19150000, 0x3126d710, 0x3126d800, 0x33266000)
 Metaspace       used 3547K, capacity 3598K, committed 3648K, reserved 4480K
Event: 9.755 GC heap after
Heap after GC invocations=94 (full 7):
 def new generation   total 192320K, used 21312K [0x03c00000, 0x10ca0000, 0x19150000)
  eden space 171008K,   0% used [0x03c00000, 0x03c00000, 0x0e300000)
  from space 21312K, 100% used [0x0f7d0000, 0x10ca0000, 0x10ca0000)
  to   space 21312K,   0% used [0x0e300000, 0x0e300000, 0x0f7d0000)
 tenured generation   total 427096K, used 418357K [0x19150000, 0x33266000, 0x43c00000)
   the space 427096K,  97% used [0x19150000, 0x329dd418, 0x329dd600, 0x33266000)
 Metaspace       used 3547K, capacity 3598K, committed 3648K, reserved 4480K
}
Event: 10.050 GC heap before
{Heap before GC invocations=94 (full 7):
 def new generation   total 192320K, used 192320K [0x03c00000, 0x10ca0000, 0x19150000)
  eden space 171008K, 100% used [0x03c00000, 0x0e300000, 0x0e300000)
  from space 21312K, 100% used [0x0f7d0000, 0x10ca0000, 0x10ca0000)
  to   space 21312K,   0% used [0x0e300000, 0x0e300000, 0x0f7d0000)
 tenured generation   total 427096K, used 418357K [0x19150000, 0x33266000, 0x43c00000)
   the space 427096K,  97% used [0x19150000, 0x329dd418, 0x329dd600, 0x33266000)
 Metaspace       used 3547K, capacity 3598K, committed 3648K, reserved 4480K

