# JRE version: Java(TM) SE Runtime Environment (8.0_101-b13) (build 1.8.0_101-b13)
# Java VM: Java HotSpot(TM) Client VM (25.101-b13 mixed mode windows-x86 )
Heap:
 def new generation   total 121792K, used 13504K [0x03c00000, 0x0c020000, 0x19150000)
  eden space 108288K,   0% used [0x03c00000, 0x03c00000, 0x0a5c0000)
  from space 13504K, 100% used [0x0b2f0000, 0x0c020000, 0x0c020000)
  to   space 13504K,   0% used [0x0a5c0000, 0x0a5c0000, 0x0b2f0000)
 tenured generation   total 275776K, used 275654K [0x19150000, 0x29ea0000, 0x43c00000)
   the space 275776K,  99% used [0x19150000, 0x29e818f0, 0x29e81a00, 0x29ea0000)
 Metaspace       used 3547K, capacity 3598K, committed 3648K, reserved 4480K
GC Heap History (10 events):
Event: 7.855 GC heap after
Heap after GC invocations=85 (full 6):
 def new generation   total 121792K, used 13504K [0x03c00000, 0x0c020000, 0x19150000)
  eden space 108288K,   0% used [0x03c00000, 0x03c00000, 0x0a5c0000)
  from space 13504K, 100% used [0x0a5c0000, 0x0b2f0000, 0x0b2f0000)
  to   space 13504K,   0% used [0x0b2f0000, 0x0b2f0000, 0x0c020000)
 tenured generation   total 270528K, used 196016K [0x19150000, 0x29980000, 0x43c00000)
   the space 270528K,  72% used [0x19150000, 0x250bc0e0, 0x250bc200, 0x29980000)
 Metaspace       used 3546K, capacity 3598K, committed 3648K, reserved 4480K
}
Event: 8.034 GC heap before
{Heap before GC invocations=85 (full 6):
 def new generation   total 121792K, used 121792K [0x03c00000, 0x0c020000, 0x19150000)
  eden space 108288K, 100% used [0x03c00000, 0x0a5c0000, 0x0a5c0000)
  from space 13504K, 100% used [0x0a5c0000, 0x0b2f0000, 0x0b2f0000)
  to   space 13504K,   0% used [0x0b2f0000, 0x0b2f0000, 0x0c020000)
 tenured generation   total 270528K, used 196016K [0x19150000, 0x29980000, 0x43c00000)
   the space 270528K,  72% used [0x19150000, 0x250bc0e0, 0x250bc200, 0x29980000)
 Metaspace       used 3546K, capacity 3598K, committed 3648K, reserved 4480K
Event: 8.110 GC heap after
Heap after GC invocations=86 (full 6):
 def new generation   total 121792K, used 13504K [0x03c00000, 0x0c020000, 0x19150000)
  eden space 108288K,   0% used [0x03c00000, 0x03c00000, 0x0a5c0000)
  from space 13504K, 100% used [0x0b2f0000, 0x0c020000, 0x0c020000)
  to   space 13504K,   0% used [0x0a5c0000, 0x0a5c0000, 0x0b2f0000)
 tenured generation   total 270528K, used 212087K [0x19150000, 0x29980000, 0x43c00000)
   the space 270528K,  78% used [0x19150000, 0x2606de20, 0x2606e000, 0x29980000)
 Metaspace       used 3546K, capacity 3598K, committed 3648K, reserved 4480K
}
Event: 8.297 GC heap before
{Heap before GC invocations=86 (full 6):
 def new generation   total 121792K, used 121792K [0x03c00000, 0x0c020000, 0x19150000)
  eden space 108288K, 100% used [0x03c00000, 0x0a5c0000, 0x0a5c0000)
  from space 13504K, 100% used [0x0b2f0000, 0x0c020000, 0x0c020000)
  to   space 13504K,   0% used [0x0a5c0000, 0x0a5c0000, 0x0b2f0000)
 tenured generation   total 270528K, used 212087K [0x19150000, 0x29980000, 0x43c00000)
   the space 270528K,  78% used [0x19150000, 0x2606de20, 0x2606e000, 0x29980000)
 Metaspace       used 3547K, capacity 3598K, committed 3648K, reserved 4480K
Event: 8.373 GC heap after
Heap after GC invocations=87 (full 6):
 def new generation   total 121792K, used 13503K [0x03c00000, 0x0c020000, 0x19150000)
  eden space 108288K,   0% used [0x03c00000, 0x03c00000, 0x0a5c0000)
  from space 13504K,  99% used [0x0a5c0000, 0x0b2efff8, 0x0b2f0000)
  to   space 13504K,   0% used [0x0b2f0000, 0x0b2f0000, 0x0c020000)
 tenured generation   total 270528K, used 227868K [0x19150000, 0x29980000, 0x43c00000)
   the space 270528K,  84% used [0x19150000, 0x26fd72f0, 0x26fd7400, 0x29980000)
 Metaspace       used 3547K, capacity 3598K, committed 3648K, reserved 4480K
}
Event: 8.542 GC heap before
{Heap before GC invocations=87 (full 6):
 def new generation   total 121792K, used 121791K [0x03c00000, 0x0c020000, 0x19150000)
  eden space 108288K, 100% used [0x03c00000, 0x0a5c0000, 0x0a5c0000)
  from space 13504K,  99% used [0x0a5c0000, 0x0b2efff8, 0x0b2f0000)
  to   space 13504K,   0% used [0x0b2f0000, 0x0b2f0000, 0x0c020000)
 tenured generation   total 270528K, used 227868K [0x19150000, 0x29980000, 0x43c00000)
   the space 270528K,  84% used [0x19150000, 0x26fd72f0, 0x26fd7400, 0x29980000)
 Metaspace       used 3547K, capacity 3598K, committed 3648K, reserved 4480K
Event: 8.615 GC heap after
Heap after GC invocations=88 (full 6):
 def new generation   total 121792K, used 13503K [0x03c00000, 0x0c020000, 0x19150000)
  eden space 108288K,   0% used [0x03c00000, 0x03c00000, 0x0a5c0000)
  from space 13504K,  99% used [0x0b2f0000, 0x0c01fff8, 0x0c020000)
  to   space 13504K,   0% used [0x0a5c0000, 0x0a5c0000, 0x0b2f0000)
 tenured generation   total 270528K, used 243520K [0x19150000, 0x29980000, 0x43c00000)
   the space 270528K,  90% used [0x19150000, 0x27f20310, 0x27f20400, 0x29980000)
 Metaspace       used 3547K, capacity 3598K, committed 3648K, reserved 4480K
}
Event: 8.814 GC heap before
{Heap before GC invocations=88 (full 6):
 def new generation   total 121792K, used 121791K [0x03c00000, 0x0c020000, 0x19150000)
  eden space 108288K, 100% used [0x03c00000, 0x0a5c0000, 0x0a5c0000)
  from space 13504K,  99% used [0x0b2f0000, 0x0c01fff8, 0x0c020000)
  to   space 13504K,   0% used [0x0a5c0000, 0x0a5c0000, 0x0b2f0000)
 tenured generation   total 270528K, used 243520K [0x19150000, 0x29980000, 0x43c00000)
   the space 270528K,  90% used [0x19150000, 0x27f20310, 0x27f20400, 0x29980000)
 Metaspace       used 3547K, capacity 3598K, committed 3648K, reserved 4480K
Event: 8.889 GC heap after
Heap after GC invocations=89 (full 6):
 def new generation   total 121792K, used 13503K [0x03c00000, 0x0c020000, 0x19150000)
  eden space 108288K,   0% used [0x03c00000, 0x03c00000, 0x0a5c0000)
  from space 13504K,  99% used [0x0a5c0000, 0x0b2efff8, 0x0b2f0000)
  to   space 13504K,   0% used [0x0b2f0000, 0x0b2f0000, 0x0c020000)
 tenured generation   total 270528K, used 259416K [0x19150000, 0x29980000, 0x43c00000)
   the space 270528K,  95% used [0x19150000, 0x28ea61e0, 0x28ea6200, 0x29980000)
 Metaspace       used 3547K, capacity 3598K, committed 3648K, reserved 4480K
}
Event: 9.073 GC heap before
{Heap before GC invocations=89 (full 6):
 def new generation   total 121792K, used 121791K [0x03c00000, 0x0c020000, 0x19150000)
  eden space 108288K, 100% used [0x03c00000, 0x0a5c0000, 0x0a5c0000)
  from space 13504K,  99% used [0x0a5c0000, 0x0b2efff8, 0x0b2f0000)
  to   space 13504K,   0% used [0x0b2f0000, 0x0b2f0000, 0x0c020000)
 tenured generation   total 270528K, used 259416K [0x19150000, 0x29980000, 0x43c00000)
   the space 270528K,  95% used [0x19150000, 0x28ea61e0, 0x28ea6200, 0x29980000)
 Metaspace       used 3547K, capacity 3598K, committed 3648K, reserved 4480K

