# JRE version: Java(TM) SE Runtime Environment (8.0_101-b13) (build 1.8.0_101-b13)
# Java VM: Java HotSpot(TM) Client VM (25.101-b13 mixed mode windows-x86 )
Heap:
 def new generation   total 69568K, used 69567K [0x03e00000, 0x08970000, 0x19350000)
  eden space 61888K, 100% used [0x03e00000, 0x07a70000, 0x07a70000)
  from space 7680K,  99% used [0x081f0000, 0x0896fff8, 0x08970000)
  to   space 7680K,   0% used [0x07a70000, 0x07a7ccb0, 0x081f0000)
 tenured generation   total 154392K, used 98052K [0x19350000, 0x22a16000, 0x43e00000)
   the space 154392K,  63% used [0x19350000, 0x1f3110e8, 0x1f311200, 0x22a16000)
 Metaspace       used 3551K, capacity 3598K, committed 3648K, reserved 4480K
GC Heap History (10 events):
Event: 2.342 GC heap after
Heap after GC invocations=49 (full 4):
 def new generation   total 41472K, used 4608K [0x03e00000, 0x06b00000, 0x19350000)
  eden space 36864K,   0% used [0x03e00000, 0x03e00000, 0x06200000)
  from space 4608K, 100% used [0x06200000, 0x06680000, 0x06680000)
  to   space 4608K,   0% used [0x06680000, 0x06680000, 0x06b00000)
 tenured generation   total 91996K, used 76977K [0x19350000, 0x1ed27000, 0x43e00000)
   the space 91996K,  83% used [0x19350000, 0x1de7c7a8, 0x1de7c800, 0x1ed27000)
 Metaspace       used 3551K, capacity 3598K, committed 3648K, reserved 4480K
}
Event: 2.407 GC heap before
{Heap before GC invocations=49 (full 4):
 def new generation   total 41472K, used 41472K [0x03e00000, 0x06b00000, 0x19350000)
  eden space 36864K, 100% used [0x03e00000, 0x06200000, 0x06200000)
  from space 4608K, 100% used [0x06200000, 0x06680000, 0x06680000)
  to   space 4608K,   0% used [0x06680000, 0x06680000, 0x06b00000)
 tenured generation   total 91996K, used 76977K [0x19350000, 0x1ed27000, 0x43e00000)
   the space 91996K,  83% used [0x19350000, 0x1de7c7a8, 0x1de7c800, 0x1ed27000)
 Metaspace       used 3551K, capacity 3598K, committed 3648K, reserved 4480K
Event: 2.431 GC heap after
Heap after GC invocations=50 (full 4):
 def new generation   total 41472K, used 4608K [0x03e00000, 0x06b00000, 0x19350000)
  eden space 36864K,   0% used [0x03e00000, 0x03e00000, 0x06200000)
  from space 4608K, 100% used [0x06680000, 0x06b00000, 0x06b00000)
  to   space 4608K,   0% used [0x06200000, 0x06200000, 0x06680000)
 tenured generation   total 91996K, used 82331K [0x19350000, 0x1ed27000, 0x43e00000)
   the space 91996K,  89% used [0x19350000, 0x1e3b6d08, 0x1e3b6e00, 0x1ed27000)
 Metaspace       used 3551K, capacity 3598K, committed 3648K, reserved 4480K
}
Event: 2.493 GC heap before
{Heap before GC invocations=50 (full 4):
 def new generation   total 41472K, used 41472K [0x03e00000, 0x06b00000, 0x19350000)
  eden space 36864K, 100% used [0x03e00000, 0x06200000, 0x06200000)
  from space 4608K, 100% used [0x06680000, 0x06b00000, 0x06b00000)
  to   space 4608K,   0% used [0x06200000, 0x06200000, 0x06680000)
 tenured generation   total 91996K, used 82331K [0x19350000, 0x1ed27000, 0x43e00000)
   the space 91996K,  89% used [0x19350000, 0x1e3b6d08, 0x1e3b6e00, 0x1ed27000)
 Metaspace       used 3551K, capacity 3598K, committed 3648K, reserved 4480K
Event: 2.519 GC heap after
Heap after GC invocations=51 (full 4):
 def new generation   total 41472K, used 4608K [0x03e00000, 0x06b00000, 0x19350000)
  eden space 36864K,   0% used [0x03e00000, 0x03e00000, 0x06200000)
  from space 4608K, 100% used [0x06200000, 0x06680000, 0x06680000)
  to   space 4608K,   0% used [0x06680000, 0x06680000, 0x06b00000)
 tenured generation   total 91996K, used 88206K [0x19350000, 0x1ed27000, 0x43e00000)
   the space 91996K,  95% used [0x19350000, 0x1e973ad0, 0x1e973c00, 0x1ed27000)
 Metaspace       used 3551K, capacity 3598K, committed 3648K, reserved 4480K
}
Event: 2.587 GC heap before
{Heap before GC invocations=51 (full 4):
 def new generation   total 41472K, used 41472K [0x03e00000, 0x06b00000, 0x19350000)
  eden space 36864K, 100% used [0x03e00000, 0x06200000, 0x06200000)
  from space 4608K, 100% used [0x06200000, 0x06680000, 0x06680000)
  to   space 4608K,   0% used [0x06680000, 0x06680000, 0x06b00000)
 tenured generation   total 91996K, used 88206K [0x19350000, 0x1ed27000, 0x43e00000)
   the space 91996K,  95% used [0x19350000, 0x1e973ad0, 0x1e973c00, 0x1ed27000)
 Metaspace       used 3551K, capacity 3598K, committed 3648K, reserved 4480K
Event: 2.824 GC heap after
Heap after GC invocations=52 (full 5):
 def new generation   total 69568K, used 4602K [0x03e00000, 0x08970000, 0x19350000)
  eden space 61888K,   7% used [0x03e00000, 0x0427e800, 0x07a70000)
  from space 7680K,   0% used [0x07a70000, 0x07a70000, 0x081f0000)
  to   space 7680K,   0% used [0x081f0000, 0x081f0000, 0x08970000)
 tenured generation   total 154392K, used 92634K [0x19350000, 0x22a16000, 0x43e00000)
   the space 154392K,  59% used [0x19350000, 0x1edc6b98, 0x1edc6c00, 0x22a16000)
 Metaspace       used 3551K, capacity 3598K, committed 3648K, reserved 4480K
}
Event: 2.939 GC heap before
{Heap before GC invocations=52 (full 5):
 def new generation   total 69568K, used 61888K [0x03e00000, 0x08970000, 0x19350000)
  eden space 61888K, 100% used [0x03e00000, 0x07a70000, 0x07a70000)
  from space 7680K,   0% used [0x07a70000, 0x07a70000, 0x081f0000)
  to   space 7680K,   0% used [0x081f0000, 0x081f0000, 0x08970000)
 tenured generation   total 154392K, used 92634K [0x19350000, 0x22a16000, 0x43e00000)
   the space 154392K,  59% used [0x19350000, 0x1edc6b98, 0x1edc6c00, 0x22a16000)
 Metaspace       used 3551K, capacity 3598K, committed 3648K, reserved 4480K
Event: 3.020 GC heap after
Heap after GC invocations=53 (full 5):
 def new generation   total 69568K, used 7679K [0x03e00000, 0x08970000, 0x19350000)
  eden space 61888K,   0% used [0x03e00000, 0x03e00000, 0x07a70000)
  from space 7680K,  99% used [0x081f0000, 0x0896fff8, 0x08970000)
  to   space 7680K,   0% used [0x07a70000, 0x07a70000, 0x081f0000)
 tenured generation   total 154392K, used 97754K [0x19350000, 0x22a16000, 0x43e00000)
   the space 154392K,  63% used [0x19350000, 0x1f2c6b98, 0x1f2c6c00, 0x22a16000)
 Metaspace       used 3551K, capacity 3598K, committed 3648K, reserved 4480K
}
Event: 3.127 GC heap before
{Heap before GC invocations=53 (full 5):
 def new generation   total 69568K, used 69567K [0x03e00000, 0x08970000, 0x19350000)
  eden space 61888K, 100% used [0x03e00000, 0x07a70000, 0x07a70000)
  from space 7680K,  99% used [0x081f0000, 0x0896fff8, 0x08970000)
  to   space 7680K,   0% used [0x07a70000, 0x07a70000, 0x081f0000)
 tenured generation   total 154392K, used 97754K [0x19350000, 0x22a16000, 0x43e00000)
   the space 154392K,  63% used [0x19350000, 0x1f2c6b98, 0x1f2c6c00, 0x22a16000)
 Metaspace       used 3551K, capacity 3598K, committed 3648K, reserved 4480K

