# JRE version: Java(TM) SE Runtime Environment (8.0_101-b13) (build 1.8.0_101-b13)
# Java VM: Java HotSpot(TM) Client VM (25.101-b13 mixed mode windows-x86 )
Heap:
 def new generation   total 310208K, used 275776K [0x03e00000, 0x18e90000, 0x19350000)
  eden space 275776K, 100% used [0x03e00000, 0x14b50000, 0x14b50000)
  from space 34432K,   0% used [0x14b50000, 0x14b50000, 0x16cf0000)
  to   space 34432K,   0% used [0x16cf0000, 0x16d0a810, 0x18e90000)
 tenured generation   total 689156K, used 413491K [0x19350000, 0x43451000, 0x43e00000)
   the space 689156K,  59% used [0x19350000, 0x3271cfe8, 0x3271d000, 0x43451000)
 Metaspace       used 3547K, capacity 3598K, committed 3648K, reserved 4480K
GC Heap History (10 events):
Event: 7.956 GC heap after
Heap after GC invocations=92 (full 7):
 def new generation   total 178816K, used 19840K [0x03e00000, 0x10000000, 0x19350000)
  eden space 158976K,   0% used [0x03e00000, 0x03e00000, 0x0d940000)
  from space 19840K, 100% used [0x0d940000, 0x0eca0000, 0x0eca0000)
  to   space 19840K,   0% used [0x0eca0000, 0x0eca0000, 0x10000000)
 tenured generation   total 397236K, used 321485K [0x19350000, 0x3173d000, 0x43e00000)
   the space 397236K,  80% used [0x19350000, 0x2cd435a8, 0x2cd43600, 0x3173d000)
 Metaspace       used 3547K, capacity 3598K, committed 3648K, reserved 4480K
}
Event: 8.209 GC heap before
{Heap before GC invocations=92 (full 7):
 def new generation   total 178816K, used 178816K [0x03e00000, 0x10000000, 0x19350000)
  eden space 158976K, 100% used [0x03e00000, 0x0d940000, 0x0d940000)
  from space 19840K, 100% used [0x0d940000, 0x0eca0000, 0x0eca0000)
  to   space 19840K,   0% used [0x0eca0000, 0x0eca0000, 0x10000000)
 tenured generation   total 397236K, used 321485K [0x19350000, 0x3173d000, 0x43e00000)
   the space 397236K,  80% used [0x19350000, 0x2cd435a8, 0x2cd43600, 0x3173d000)
 Metaspace       used 3547K, capacity 3598K, committed 3648K, reserved 4480K
Event: 8.313 GC heap after
Heap after GC invocations=93 (full 7):
 def new generation   total 178816K, used 19840K [0x03e00000, 0x10000000, 0x19350000)
  eden space 158976K,   0% used [0x03e00000, 0x03e00000, 0x0d940000)
  from space 19840K, 100% used [0x0eca0000, 0x10000000, 0x10000000)
  to   space 19840K,   0% used [0x0d940000, 0x0d940000, 0x0eca0000)
 tenured generation   total 397236K, used 343579K [0x19350000, 0x3173d000, 0x43e00000)
   the space 397236K,  86% used [0x19350000, 0x2e2d6fa8, 0x2e2d7000, 0x3173d000)
 Metaspace       used 3547K, capacity 3598K, committed 3648K, reserved 4480K
}
Event: 8.582 GC heap before
{Heap before GC invocations=93 (full 7):
 def new generation   total 178816K, used 178816K [0x03e00000, 0x10000000, 0x19350000)
  eden space 158976K, 100% used [0x03e00000, 0x0d940000, 0x0d940000)
  from space 19840K, 100% used [0x0eca0000, 0x10000000, 0x10000000)
  to   space 19840K,   0% used [0x0d940000, 0x0d940000, 0x0eca0000)
 tenured generation   total 397236K, used 343579K [0x19350000, 0x3173d000, 0x43e00000)
   the space 397236K,  86% used [0x19350000, 0x2e2d6fa8, 0x2e2d7000, 0x3173d000)
 Metaspace       used 3547K, capacity 3598K, committed 3648K, reserved 4480K
Event: 8.688 GC heap after
Heap after GC invocations=94 (full 7):
 def new generation   total 178816K, used 19840K [0x03e00000, 0x10000000, 0x19350000)
  eden space 158976K,   0% used [0x03e00000, 0x03e00000, 0x0d940000)
  from space 19840K, 100% used [0x0d940000, 0x0eca0000, 0x0eca0000)
  to   space 19840K,   0% used [0x0eca0000, 0x0eca0000, 0x10000000)
 tenured generation   total 397236K, used 367154K [0x19350000, 0x3173d000, 0x43e00000)
   the space 397236K,  92% used [0x19350000, 0x2f9dc9a0, 0x2f9dca00, 0x3173d000)
 Metaspace       used 3547K, capacity 3598K, committed 3648K, reserved 4480K
}
Event: 8.946 GC heap before
{Heap before GC invocations=94 (full 7):
 def new generation   total 178816K, used 178816K [0x03e00000, 0x10000000, 0x19350000)
  eden space 158976K, 100% used [0x03e00000, 0x0d940000, 0x0d940000)
  from space 19840K, 100% used [0x0d940000, 0x0eca0000, 0x0eca0000)
  to   space 19840K,   0% used [0x0eca0000, 0x0eca0000, 0x10000000)
 tenured generation   total 397236K, used 367154K [0x19350000, 0x3173d000, 0x43e00000)
   the space 397236K,  92% used [0x19350000, 0x2f9dc9a0, 0x2f9dca00, 0x3173d000)
 Metaspace       used 3547K, capacity 3598K, committed 3648K, reserved 4480K
Event: 9.053 GC heap after
Heap after GC invocations=95 (full 7):
 def new generation   total 178816K, used 19839K [0x03e00000, 0x10000000, 0x19350000)
  eden space 158976K,   0% used [0x03e00000, 0x03e00000, 0x0d940000)
  from space 19840K,  99% used [0x0eca0000, 0x0ffffff8, 0x10000000)
  to   space 19840K,   0% used [0x0d940000, 0x0d940000, 0x0eca0000)
 tenured generation   total 397236K, used 390269K [0x19350000, 0x3173d000, 0x43e00000)
   the space 397236K,  98% used [0x19350000, 0x3106f440, 0x3106f600, 0x3173d000)
 Metaspace       used 3547K, capacity 3598K, committed 3648K, reserved 4480K
}
Event: 9.312 GC heap before
{Heap before GC invocations=95 (full 7):
 def new generation   total 178816K, used 178815K [0x03e00000, 0x10000000, 0x19350000)
  eden space 158976K, 100% used [0x03e00000, 0x0d940000, 0x0d940000)
  from space 19840K,  99% used [0x0eca0000, 0x0ffffff8, 0x10000000)
  to   space 19840K,   0% used [0x0d940000, 0x0d940000, 0x0eca0000)
 tenured generation   total 397236K, used 390269K [0x19350000, 0x3173d000, 0x43e00000)
   the space 397236K,  98% used [0x19350000, 0x3106f440, 0x3106f600, 0x3173d000)
 Metaspace       used 3547K, capacity 3598K, committed 3648K, reserved 4480K
Event: 10.629 GC heap after
Heap after GC invocations=96 (full 8):
 def new generation   total 310208K, used 2774K [0x03e00000, 0x18e90000, 0x19350000)
  eden space 275776K,   1% used [0x03e00000, 0x040b5958, 0x14b50000)
  from space 34432K,   0% used [0x14b50000, 0x14b50000, 0x16cf0000)
  to   space 34432K,   0% used [0x16cf0000, 0x16cf0000, 0x18e90000)
 tenured generation   total 689156K, used 413491K [0x19350000, 0x43451000, 0x43e00000)
   the space 689156K,  59% used [0x19350000, 0x3271cfe8, 0x3271d000, 0x43451000)
 Metaspace       used 3547K, capacity 3598K, committed 3648K, reserved 4480K
}
Event: 11.090 GC heap before
{Heap before GC invocations=96 (full 8):
 def new generation   total 310208K, used 275776K [0x03e00000, 0x18e90000, 0x19350000)
  eden space 275776K, 100% used [0x03e00000, 0x14b50000, 0x14b50000)
  from space 34432K,   0% used [0x14b50000, 0x14b50000, 0x16cf0000)
  to   space 34432K,   0% used [0x16cf0000, 0x16cf0000, 0x18e90000)
 tenured generation   total 689156K, used 413491K [0x19350000, 0x43451000, 0x43e00000)
   the space 689156K,  59% used [0x19350000, 0x3271cfe8, 0x3271d000, 0x43451000)
 Metaspace       used 3547K, capacity 3598K, committed 3648K, reserved 4480K

