# JRE version: Java(TM) SE Runtime Environment (8.0_101-b13) (build 1.8.0_101-b13)
# Java VM: Java HotSpot(TM) Client VM (25.101-b13 mixed mode windows-x86 )
Heap:
 def new generation   total 109184K, used 97088K [0x03c00000, 0x0b270000, 0x19150000)
  eden space 97088K, 100% used [0x03c00000, 0x09ad0000, 0x09ad0000)
  from space 12096K,   0% used [0x09ad0000, 0x09ad0000, 0x0a6a0000)
  to   space 12096K, 100% used [0x0a6a0000, 0x0b270000, 0x0b270000)
 tenured generation   total 699072K, used 149399K [0x19150000, 0x43c00000, 0x43c00000)
   the space 699072K,  21% used [0x19150000, 0x22335f30, 0x22336000, 0x43c00000)
 Metaspace       used 3546K, capacity 3598K, committed 3648K, reserved 4480K
GC Heap History (10 events):
Event: 3.171 GC heap after
Heap after GC invocations=55 (full 5):
 def new generation   total 62656K, used 6912K [0x03c00000, 0x07ff0000, 0x19150000)
  eden space 55744K,   0% used [0x03c00000, 0x03c00000, 0x07270000)
  from space 6912K, 100% used [0x07270000, 0x07930000, 0x07930000)
  to   space 6912K,   0% used [0x07930000, 0x07930000, 0x07ff0000)
 tenured generation   total 139056K, used 112047K [0x19150000, 0x2191c000, 0x43c00000)
   the space 139056K,  80% used [0x19150000, 0x1febbe88, 0x1febc000, 0x2191c000)
 Metaspace       used 3545K, capacity 3598K, committed 3648K, reserved 4480K
}
Event: 3.288 GC heap before
{Heap before GC invocations=55 (full 5):
 def new generation   total 62656K, used 62656K [0x03c00000, 0x07ff0000, 0x19150000)
  eden space 55744K, 100% used [0x03c00000, 0x07270000, 0x07270000)
  from space 6912K, 100% used [0x07270000, 0x07930000, 0x07930000)
  to   space 6912K,   0% used [0x07930000, 0x07930000, 0x07ff0000)
 tenured generation   total 139056K, used 112047K [0x19150000, 0x2191c000, 0x43c00000)
   the space 139056K,  80% used [0x19150000, 0x1febbe88, 0x1febc000, 0x2191c000)
 Metaspace       used 3545K, capacity 3598K, committed 3648K, reserved 4480K
Event: 3.334 GC heap after
Heap after GC invocations=56 (full 5):
 def new generation   total 62656K, used 6912K [0x03c00000, 0x07ff0000, 0x19150000)
  eden space 55744K,   0% used [0x03c00000, 0x03c00000, 0x07270000)
  from space 6912K, 100% used [0x07930000, 0x07ff0000, 0x07ff0000)
  to   space 6912K,   0% used [0x07270000, 0x07270000, 0x07930000)
 tenured generation   total 139056K, used 120686K [0x19150000, 0x2191c000, 0x43c00000)
   the space 139056K,  86% used [0x19150000, 0x2072ba90, 0x2072bc00, 0x2191c000)
 Metaspace       used 3545K, capacity 3598K, committed 3648K, reserved 4480K
}
Event: 3.424 GC heap before
{Heap before GC invocations=56 (full 5):
 def new generation   total 62656K, used 62656K [0x03c00000, 0x07ff0000, 0x19150000)
  eden space 55744K, 100% used [0x03c00000, 0x07270000, 0x07270000)
  from space 6912K, 100% used [0x07930000, 0x07ff0000, 0x07ff0000)
  to   space 6912K,   0% used [0x07270000, 0x07270000, 0x07930000)
 tenured generation   total 139056K, used 120686K [0x19150000, 0x2191c000, 0x43c00000)
   the space 139056K,  86% used [0x19150000, 0x2072ba90, 0x2072bc00, 0x2191c000)
 Metaspace       used 3546K, capacity 3598K, committed 3648K, reserved 4480K
Event: 3.462 GC heap after
Heap after GC invocations=57 (full 5):
 def new generation   total 62656K, used 6911K [0x03c00000, 0x07ff0000, 0x19150000)
  eden space 55744K,   0% used [0x03c00000, 0x03c00000, 0x07270000)
  from space 6912K,  99% used [0x07270000, 0x0792fff8, 0x07930000)
  to   space 6912K,   0% used [0x07930000, 0x07930000, 0x07ff0000)
 tenured generation   total 139056K, used 128497K [0x19150000, 0x2191c000, 0x43c00000)
   the space 139056K,  92% used [0x19150000, 0x20ecc738, 0x20ecc800, 0x2191c000)
 Metaspace       used 3546K, capacity 3598K, committed 3648K, reserved 4480K
}
Event: 3.566 GC heap before
{Heap before GC invocations=57 (full 5):
 def new generation   total 62656K, used 62655K [0x03c00000, 0x07ff0000, 0x19150000)
  eden space 55744K, 100% used [0x03c00000, 0x07270000, 0x07270000)
  from space 6912K,  99% used [0x07270000, 0x0792fff8, 0x07930000)
  to   space 6912K,   0% used [0x07930000, 0x07930000, 0x07ff0000)
 tenured generation   total 139056K, used 128497K [0x19150000, 0x2191c000, 0x43c00000)
   the space 139056K,  92% used [0x19150000, 0x20ecc738, 0x20ecc800, 0x2191c000)
 Metaspace       used 3546K, capacity 3598K, committed 3648K, reserved 4480K
Event: 3.605 GC heap after
Heap after GC invocations=58 (full 5):
 def new generation   total 62656K, used 6912K [0x03c00000, 0x07ff0000, 0x19150000)
  eden space 55744K,   0% used [0x03c00000, 0x03c00000, 0x07270000)
  from space 6912K, 100% used [0x07930000, 0x07ff0000, 0x07ff0000)
  to   space 6912K,   0% used [0x07270000, 0x07270000, 0x07930000)
 tenured generation   total 139056K, used 137172K [0x19150000, 0x2191c000, 0x43c00000)
   the space 139056K,  98% used [0x19150000, 0x217450b8, 0x21745200, 0x2191c000)
 Metaspace       used 3546K, capacity 3598K, committed 3648K, reserved 4480K
}
Event: 3.711 GC heap before
{Heap before GC invocations=58 (full 5):
 def new generation   total 62656K, used 62656K [0x03c00000, 0x07ff0000, 0x19150000)
  eden space 55744K, 100% used [0x03c00000, 0x07270000, 0x07270000)
  from space 6912K, 100% used [0x07930000, 0x07ff0000, 0x07ff0000)
  to   space 6912K,   0% used [0x07270000, 0x07270000, 0x07930000)
 tenured generation   total 139056K, used 137172K [0x19150000, 0x2191c000, 0x43c00000)
   the space 139056K,  98% used [0x19150000, 0x217450b8, 0x21745200, 0x2191c000)
 Metaspace       used 3546K, capacity 3598K, committed 3648K, reserved 4480K
Event: 4.091 GC heap after
Heap after GC invocations=59 (full 6):
 def new generation   total 109184K, used 6878K [0x03c00000, 0x0b270000, 0x19150000)
  eden space 97088K,   7% used [0x03c00000, 0x042b7af8, 0x09ad0000)
  from space 12096K,   0% used [0x09ad0000, 0x09ad0000, 0x0a6a0000)
  to   space 12096K,   0% used [0x0a6a0000, 0x0a6a0000, 0x0b270000)
 tenured generation   total 242428K, used 145456K [0x19150000, 0x27e0f000, 0x43c00000)
   the space 242428K,  59% used [0x19150000, 0x21f5c000, 0x21f5c000, 0x27e0f000)
 Metaspace       used 3546K, capacity 3598K, committed 3648K, reserved 4480K
}
Event: 4.271 GC heap before
{Heap before GC invocations=59 (full 6):
 def new generation   total 109184K, used 97088K [0x03c00000, 0x0b270000, 0x19150000)
  eden space 97088K, 100% used [0x03c00000, 0x09ad0000, 0x09ad0000)
  from space 12096K,   0% used [0x09ad0000, 0x09ad0000, 0x0a6a0000)
  to   space 12096K,   0% used [0x0a6a0000, 0x0a6a0000, 0x0b270000)
 tenured generation   total 242428K, used 145456K [0x19150000, 0x27e0f000, 0x43c00000)
   the space 242428K,  59% used [0x19150000, 0x21f5c000, 0x21f5c000, 0x27e0f000)
 Metaspace       used 3546K, capacity 3598K, committed 3648K, reserved 4480K

