# JRE version: Java(TM) SE Runtime Environment (8.0_101-b13) (build 1.8.0_101-b13)
# Java VM: Java HotSpot(TM) Client VM (25.101-b13 mixed mode windows-x86 )
Heap:
 def new generation   total 216000K, used 23936K [0x03c00000, 0x12650000, 0x19150000)
  eden space 192064K,   0% used [0x03c00000, 0x03c00000, 0x0f790000)
  from space 23936K, 100% used [0x0f790000, 0x10ef0000, 0x10ef0000)
  to   space 23936K,   0% used [0x10ef0000, 0x10ef0000, 0x12650000)
 tenured generation   total 494948K, used 494902K [0x19150000, 0x374a9000, 0x43c00000)
   the space 494948K,  99% used [0x19150000, 0x3749d8c0, 0x3749da00, 0x374a9000)
 Metaspace       used 3545K, capacity 3598K, committed 3648K, reserved 4480K
GC Heap History (10 events):
Event: 9.170 GC heap after
Heap after GC invocations=93 (full 7):
 def new generation   total 216000K, used 23936K [0x03c00000, 0x12650000, 0x19150000)
  eden space 192064K,   0% used [0x03c00000, 0x03c00000, 0x0f790000)
  from space 23936K, 100% used [0x10ef0000, 0x12650000, 0x12650000)
  to   space 23936K,   0% used [0x0f790000, 0x0f790000, 0x10ef0000)
 tenured generation   total 479716K, used 360315K [0x19150000, 0x365c9000, 0x43c00000)
   the space 479716K,  75% used [0x19150000, 0x2f12ed30, 0x2f12ee00, 0x365c9000)
 Metaspace       used 3545K, capacity 3598K, committed 3648K, reserved 4480K
}
Event: 9.494 GC heap before
{Heap before GC invocations=93 (full 7):
 def new generation   total 216000K, used 216000K [0x03c00000, 0x12650000, 0x19150000)
  eden space 192064K, 100% used [0x03c00000, 0x0f790000, 0x0f790000)
  from space 23936K, 100% used [0x10ef0000, 0x12650000, 0x12650000)
  to   space 23936K,   0% used [0x0f790000, 0x0f790000, 0x10ef0000)
 tenured generation   total 479716K, used 360315K [0x19150000, 0x365c9000, 0x43c00000)
   the space 479716K,  75% used [0x19150000, 0x2f12ed30, 0x2f12ee00, 0x365c9000)
 Metaspace       used 3545K, capacity 3598K, committed 3648K, reserved 4480K
Event: 9.621 GC heap after
Heap after GC invocations=94 (full 7):
 def new generation   total 216000K, used 23935K [0x03c00000, 0x12650000, 0x19150000)
  eden space 192064K,   0% used [0x03c00000, 0x03c00000, 0x0f790000)
  from space 23936K,  99% used [0x0f790000, 0x10eefff8, 0x10ef0000)
  to   space 23936K,   0% used [0x10ef0000, 0x10ef0000, 0x12650000)
 tenured generation   total 479716K, used 388025K [0x19150000, 0x365c9000, 0x43c00000)
   the space 479716K,  80% used [0x19150000, 0x30c3e730, 0x30c3e800, 0x365c9000)
 Metaspace       used 3545K, capacity 3598K, committed 3648K, reserved 4480K
}
Event: 9.936 GC heap before
{Heap before GC invocations=94 (full 7):
 def new generation   total 216000K, used 215999K [0x03c00000, 0x12650000, 0x19150000)
  eden space 192064K, 100% used [0x03c00000, 0x0f790000, 0x0f790000)
  from space 23936K,  99% used [0x0f790000, 0x10eefff8, 0x10ef0000)
  to   space 23936K,   0% used [0x10ef0000, 0x10ef0000, 0x12650000)
 tenured generation   total 479716K, used 388025K [0x19150000, 0x365c9000, 0x43c00000)
   the space 479716K,  80% used [0x19150000, 0x30c3e730, 0x30c3e800, 0x365c9000)
 Metaspace       used 3545K, capacity 3598K, committed 3648K, reserved 4480K
Event: 10.057 GC heap after
Heap after GC invocations=95 (full 7):
 def new generation   total 216000K, used 23935K [0x03c00000, 0x12650000, 0x19150000)
  eden space 192064K,   0% used [0x03c00000, 0x03c00000, 0x0f790000)
  from space 23936K,  99% used [0x10ef0000, 0x1264fff8, 0x12650000)
  to   space 23936K,   0% used [0x0f790000, 0x0f790000, 0x10ef0000)
 tenured generation   total 479716K, used 415830K [0x19150000, 0x365c9000, 0x43c00000)
   the space 479716K,  86% used [0x19150000, 0x32765878, 0x32765a00, 0x365c9000)
 Metaspace       used 3545K, capacity 3598K, committed 3648K, reserved 4480K
}
Event: 10.383 GC heap before
{Heap before GC invocations=95 (full 7):
 def new generation   total 216000K, used 215999K [0x03c00000, 0x12650000, 0x19150000)
  eden space 192064K, 100% used [0x03c00000, 0x0f790000, 0x0f790000)
  from space 23936K,  99% used [0x10ef0000, 0x1264fff8, 0x12650000)
  to   space 23936K,   0% used [0x0f790000, 0x0f790000, 0x10ef0000)
 tenured generation   total 479716K, used 415830K [0x19150000, 0x365c9000, 0x43c00000)
   the space 479716K,  86% used [0x19150000, 0x32765878, 0x32765a00, 0x365c9000)
 Metaspace       used 3545K, capacity 3598K, committed 3648K, reserved 4480K
Event: 10.505 GC heap after
Heap after GC invocations=96 (full 7):
 def new generation   total 216000K, used 23935K [0x03c00000, 0x12650000, 0x19150000)
  eden space 192064K,   0% used [0x03c00000, 0x03c00000, 0x0f790000)
  from space 23936K,  99% used [0x0f790000, 0x10eefff8, 0x10ef0000)
  to   space 23936K,   0% used [0x10ef0000, 0x10ef0000, 0x12650000)
 tenured generation   total 479716K, used 442162K [0x19150000, 0x365c9000, 0x43c00000)
   the space 479716K,  92% used [0x19150000, 0x3411caa8, 0x3411cc00, 0x365c9000)
 Metaspace       used 3545K, capacity 3598K, committed 3648K, reserved 4480K
}
Event: 10.847 GC heap before
{Heap before GC invocations=96 (full 7):
 def new generation   total 216000K, used 215999K [0x03c00000, 0x12650000, 0x19150000)
  eden space 192064K, 100% used [0x03c00000, 0x0f790000, 0x0f790000)
  from space 23936K,  99% used [0x0f790000, 0x10eefff8, 0x10ef0000)
  to   space 23936K,   0% used [0x10ef0000, 0x10ef0000, 0x12650000)
 tenured generation   total 479716K, used 442162K [0x19150000, 0x365c9000, 0x43c00000)
   the space 479716K,  92% used [0x19150000, 0x3411caa8, 0x3411cc00, 0x365c9000)
 Metaspace       used 3545K, capacity 3598K, committed 3648K, reserved 4480K
Event: 10.970 GC heap after
Heap after GC invocations=97 (full 7):
 def new generation   total 216000K, used 23935K [0x03c00000, 0x12650000, 0x19150000)
  eden space 192064K,   0% used [0x03c00000, 0x03c00000, 0x0f790000)
  from space 23936K,  99% used [0x10ef0000, 0x1264fff8, 0x12650000)
  to   space 23936K,   0% used [0x0f790000, 0x0f790000, 0x10ef0000)
 tenured generation   total 479716K, used 465980K [0x19150000, 0x365c9000, 0x43c00000)
   the space 479716K,  97% used [0x19150000, 0x3585f3f8, 0x3585f400, 0x365c9000)
 Metaspace       used 3545K, capacity 3598K, committed 3648K, reserved 4480K
}
Event: 11.314 GC heap before
{Heap before GC invocations=97 (full 7):
 def new generation   total 216000K, used 215999K [0x03c00000, 0x12650000, 0x19150000)
  eden space 192064K, 100% used [0x03c00000, 0x0f790000, 0x0f790000)
  from space 23936K,  99% used [0x10ef0000, 0x1264fff8, 0x12650000)
  to   space 23936K,   0% used [0x0f790000, 0x0f790000, 0x10ef0000)
 tenured generation   total 479716K, used 465980K [0x19150000, 0x365c9000, 0x43c00000)
   the space 479716K,  97% used [0x19150000, 0x3585f3f8, 0x3585f400, 0x365c9000)
 Metaspace       used 3545K, capacity 3598K, committed 3648K, reserved 4480K

