# JRE version: Java(TM) SE Runtime Environment (8.0_101-b13) (build 1.8.0_101-b13)
# Java VM: Java HotSpot(TM) Client VM (25.101-b13 mixed mode windows-x86 )
Heap:
 def new generation   total 112832K, used 112497K [0x03e00000, 0x0b860000, 0x19350000)
  eden space 100352K, 100% used [0x03e00000, 0x0a000000, 0x0a000000)
  from space 12480K,  97% used [0x0ac30000, 0x0b80c7b8, 0x0b860000)
  to   space 12480K, 100% used [0x0a000000, 0x0ac30000, 0x0ac30000)
 tenured generation   total 250464K, used 173549K [0x19350000, 0x287e8000, 0x43e00000)
   the space 250464K,  69% used [0x19350000, 0x23ccb628, 0x23ccb800, 0x287e8000)
 Metaspace       used 3554K, capacity 3598K, committed 3648K, reserved 4480K
GC Heap History (10 events):
Event: 3.795 GC heap after
Heap after GC invocations=77 (full 5):
 def new generation   total 67264K, used 7424K [0x03e00000, 0x086f0000, 0x19350000)
  eden space 59840K,   0% used [0x03e00000, 0x03e00000, 0x07870000)
  from space 7424K, 100% used [0x07fb0000, 0x086f0000, 0x086f0000)
  to   space 7424K,   0% used [0x07870000, 0x07870000, 0x07fb0000)
 tenured generation   total 149268K, used 142047K [0x19350000, 0x22515000, 0x43e00000)
   the space 149268K,  95% used [0x19350000, 0x21e07ee8, 0x21e08000, 0x22515000)
 Metaspace       used 3552K, capacity 3598K, committed 3648K, reserved 4480K
}
Event: 3.888 GC heap before
{Heap before GC invocations=77 (full 5):
 def new generation   total 67264K, used 67264K [0x03e00000, 0x086f0000, 0x19350000)
  eden space 59840K, 100% used [0x03e00000, 0x07870000, 0x07870000)
  from space 7424K, 100% used [0x07fb0000, 0x086f0000, 0x086f0000)
  to   space 7424K,   0% used [0x07870000, 0x07870000, 0x07fb0000)
 tenured generation   total 149268K, used 142047K [0x19350000, 0x22515000, 0x43e00000)
   the space 149268K,  95% used [0x19350000, 0x21e07ee8, 0x21e08000, 0x22515000)
 Metaspace       used 3552K, capacity 3598K, committed 3648K, reserved 4480K
Event: 4.266 GC heap after
Heap after GC invocations=78 (full 6):
 def new generation   total 112832K, used 7395K [0x03e00000, 0x0b860000, 0x19350000)
  eden space 100352K,   7% used [0x03e00000, 0x04538d38, 0x0a000000)
  from space 12480K,   0% used [0x0a000000, 0x0a000000, 0x0ac30000)
  to   space 12480K,   0% used [0x0ac30000, 0x0ac30000, 0x0b860000)
 tenured generation   total 250464K, used 150276K [0x19350000, 0x287e8000, 0x43e00000)
   the space 250464K,  59% used [0x19350000, 0x226112f0, 0x22611400, 0x287e8000)
 Metaspace       used 3552K, capacity 3598K, committed 3648K, reserved 4480K
}
Event: 4.449 GC heap before
{Heap before GC invocations=78 (full 6):
 def new generation   total 112832K, used 100352K [0x03e00000, 0x0b860000, 0x19350000)
  eden space 100352K, 100% used [0x03e00000, 0x0a000000, 0x0a000000)
  from space 12480K,   0% used [0x0a000000, 0x0a000000, 0x0ac30000)
  to   space 12480K,   0% used [0x0ac30000, 0x0ac30000, 0x0b860000)
 tenured generation   total 250464K, used 150276K [0x19350000, 0x287e8000, 0x43e00000)
   the space 250464K,  59% used [0x19350000, 0x226112f0, 0x22611400, 0x287e8000)
 Metaspace       used 3554K, capacity 3598K, committed 3648K, reserved 4480K
Event: 4.576 GC heap after
Heap after GC invocations=79 (full 6):
 def new generation   total 112832K, used 12480K [0x03e00000, 0x0b860000, 0x19350000)
  eden space 100352K,   0% used [0x03e00000, 0x03e00000, 0x0a000000)
  from space 12480K, 100% used [0x0ac30000, 0x0b860000, 0x0b860000)
  to   space 12480K,   0% used [0x0a000000, 0x0a000000, 0x0ac30000)
 tenured generation   total 250464K, used 159852K [0x19350000, 0x287e8000, 0x43e00000)
   the space 250464K,  63% used [0x19350000, 0x22f6b1a8, 0x22f6b200, 0x287e8000)
 Metaspace       used 3554K, capacity 3598K, committed 3648K, reserved 4480K
}
Event: 4.639 GC heap before
{Heap before GC invocations=79 (full 6):
 def new generation   total 112832K, used 112832K [0x03e00000, 0x0b860000, 0x19350000)
  eden space 100352K, 100% used [0x03e00000, 0x0a000000, 0x0a000000)
  from space 12480K, 100% used [0x0ac30000, 0x0b860000, 0x0b860000)
  to   space 12480K,   0% used [0x0a000000, 0x0a000000, 0x0ac30000)
 tenured generation   total 250464K, used 159852K [0x19350000, 0x287e8000, 0x43e00000)
   the space 250464K,  63% used [0x19350000, 0x22f6b1a8, 0x22f6b200, 0x287e8000)
 Metaspace       used 3554K, capacity 3598K, committed 3648K, reserved 4480K
Event: 4.675 GC heap after
Heap after GC invocations=80 (full 6):
 def new generation   total 112832K, used 3461K [0x03e00000, 0x0b860000, 0x19350000)
  eden space 100352K,   0% used [0x03e00000, 0x03e00000, 0x0a000000)
  from space 12480K,  27% used [0x0a000000, 0x0a361620, 0x0ac30000)
  to   space 12480K,   0% used [0x0ac30000, 0x0ac30000, 0x0b860000)
 tenured generation   total 250464K, used 171916K [0x19350000, 0x287e8000, 0x43e00000)
   the space 250464K,  68% used [0x19350000, 0x23b33318, 0x23b33400, 0x287e8000)
 Metaspace       used 3554K, capacity 3598K, committed 3648K, reserved 4480K
}
Event: 4.791 GC heap before
{Heap before GC invocations=80 (full 6):
 def new generation   total 112832K, used 103813K [0x03e00000, 0x0b860000, 0x19350000)
  eden space 100352K, 100% used [0x03e00000, 0x0a000000, 0x0a000000)
  from space 12480K,  27% used [0x0a000000, 0x0a361620, 0x0ac30000)
  to   space 12480K,   0% used [0x0ac30000, 0x0ac30000, 0x0b860000)
 tenured generation   total 250464K, used 171916K [0x19350000, 0x287e8000, 0x43e00000)
   the space 250464K,  68% used [0x19350000, 0x23b33318, 0x23b33400, 0x287e8000)
 Metaspace       used 3554K, capacity 3598K, committed 3648K, reserved 4480K
Event: 4.820 GC heap after
Heap after GC invocations=81 (full 6):
 def new generation   total 112832K, used 12133K [0x03e00000, 0x0b860000, 0x19350000)
  eden space 100352K,   0% used [0x03e00000, 0x03e00000, 0x0a000000)
  from space 12480K,  97% used [0x0ac30000, 0x0b809468, 0x0b860000)
  to   space 12480K,   0% used [0x0a000000, 0x0a000000, 0x0ac30000)
 tenured generation   total 250464K, used 171916K [0x19350000, 0x287e8000, 0x43e00000)
   the space 250464K,  68% used [0x19350000, 0x23b33318, 0x23b33400, 0x287e8000)
 Metaspace       used 3554K, capacity 3598K, committed 3648K, reserved 4480K
}
Event: 4.999 GC heap before
{Heap before GC invocations=81 (full 6):
 def new generation   total 112832K, used 112497K [0x03e00000, 0x0b860000, 0x19350000)
  eden space 100352K, 100% used [0x03e00000, 0x0a000000, 0x0a000000)
  from space 12480K,  97% used [0x0ac30000, 0x0b80c7b8, 0x0b860000)
  to   space 12480K,   0% used [0x0a000000, 0x0a000000, 0x0ac30000)
 tenured generation   total 250464K, used 171916K [0x19350000, 0x287e8000, 0x43e00000)
   the space 250464K,  68% used [0x19350000, 0x23b33318, 0x23b33400, 0x287e8000)
 Metaspace       used 3554K, capacity 3598K, committed 3648K, reserved 4480K

