# JRE version: Java(TM) SE Runtime Environment (8.0_101-b13) (build 1.8.0_101-b13)
# Java VM: Java HotSpot(TM) Client VM (25.101-b13 mixed mode windows-x86 )
Heap:
 def new generation   total 13248K, used 13248K [0x03c00000, 0x04a50000, 0x19150000)
  eden space 11840K, 100% used [0x03c00000, 0x04790000, 0x04790000)
  from space 1408K, 100% used [0x048f0000, 0x04a50000, 0x04a50000)
  to   space 1408K,   1% used [0x04790000, 0x047959f8, 0x048f0000)
 tenured generation   total 29208K, used 25074K [0x19150000, 0x1add6000, 0x43c00000)
   the space 29208K,  85% used [0x19150000, 0x1a9ccbd0, 0x1a9ccc00, 0x1add6000)
 Metaspace       used 3521K, capacity 3528K, committed 3648K, reserved 4480K
GC Heap History (10 events):
Event: 0.913 GC heap after
Heap after GC invocations=27 (full 2):
 def new generation   total 13248K, used 1408K [0x03c00000, 0x04a50000, 0x19150000)
  eden space 11840K,   0% used [0x03c00000, 0x03c00000, 0x04790000)
  from space 1408K, 100% used [0x048f0000, 0x04a50000, 0x04a50000)
  to   space 1408K,   0% used [0x04790000, 0x04790000, 0x048f0000)
 tenured generation   total 29208K, used 18122K [0x19150000, 0x1add6000, 0x43c00000)
   the space 29208K,  62% used [0x19150000, 0x1a302910, 0x1a302a00, 0x1add6000)
 Metaspace       used 3521K, capacity 3528K, committed 3648K, reserved 4480K
}
Event: 0.940 GC heap before
{Heap before GC invocations=27 (full 2):
 def new generation   total 13248K, used 13248K [0x03c00000, 0x04a50000, 0x19150000)
  eden space 11840K, 100% used [0x03c00000, 0x04790000, 0x04790000)
  from space 1408K, 100% used [0x048f0000, 0x04a50000, 0x04a50000)
  to   space 1408K,   0% used [0x04790000, 0x04790000, 0x048f0000)
 tenured generation   total 29208K, used 18122K [0x19150000, 0x1add6000, 0x43c00000)
   the space 29208K,  62% used [0x19150000, 0x1a302910, 0x1a302a00, 0x1add6000)
 Metaspace       used 3521K, capacity 3528K, committed 3648K, reserved 4480K
Event: 0.947 GC heap after
Heap after GC invocations=28 (full 2):
 def new generation   total 13248K, used 1408K [0x03c00000, 0x04a50000, 0x19150000)
  eden space 11840K,   0% used [0x03c00000, 0x03c00000, 0x04790000)
  from space 1408K, 100% used [0x04790000, 0x048f0000, 0x048f0000)
  to   space 1408K,   0% used [0x048f0000, 0x048f0000, 0x04a50000)
 tenured generation   total 29208K, used 19652K [0x19150000, 0x1add6000, 0x43c00000)
   the space 29208K,  67% used [0x19150000, 0x1a481160, 0x1a481200, 0x1add6000)
 Metaspace       used 3521K, capacity 3528K, committed 3648K, reserved 4480K
}
Event: 0.971 GC heap before
{Heap before GC invocations=28 (full 2):
 def new generation   total 13248K, used 13248K [0x03c00000, 0x04a50000, 0x19150000)
  eden space 11840K, 100% used [0x03c00000, 0x04790000, 0x04790000)
  from space 1408K, 100% used [0x04790000, 0x048f0000, 0x048f0000)
  to   space 1408K,   0% used [0x048f0000, 0x048f0000, 0x04a50000)
 tenured generation   total 29208K, used 19652K [0x19150000, 0x1add6000, 0x43c00000)
   the space 29208K,  67% used [0x19150000, 0x1a481160, 0x1a481200, 0x1add6000)
 Metaspace       used 3521K, capacity 3528K, committed 3648K, reserved 4480K
Event: 0.979 GC heap after
Heap after GC invocations=29 (full 2):
 def new generation   total 13248K, used 1408K [0x03c00000, 0x04a50000, 0x19150000)
  eden space 11840K,   0% used [0x03c00000, 0x03c00000, 0x04790000)
  from space 1408K, 100% used [0x048f0000, 0x04a50000, 0x04a50000)
  to   space 1408K,   0% used [0x04790000, 0x04790000, 0x048f0000)
 tenured generation   total 29208K, used 21515K [0x19150000, 0x1add6000, 0x43c00000)
   the space 29208K,  73% used [0x19150000, 0x1a652d00, 0x1a652e00, 0x1add6000)
 Metaspace       used 3521K, capacity 3528K, committed 3648K, reserved 4480K
}
Event: 1.008 GC heap before
{Heap before GC invocations=29 (full 2):
 def new generation   total 13248K, used 13248K [0x03c00000, 0x04a50000, 0x19150000)
  eden space 11840K, 100% used [0x03c00000, 0x04790000, 0x04790000)
  from space 1408K, 100% used [0x048f0000, 0x04a50000, 0x04a50000)
  to   space 1408K,   0% used [0x04790000, 0x04790000, 0x048f0000)
 tenured generation   total 29208K, used 21515K [0x19150000, 0x1add6000, 0x43c00000)
   the space 29208K,  73% used [0x19150000, 0x1a652d00, 0x1a652e00, 0x1add6000)
 Metaspace       used 3521K, capacity 3528K, committed 3648K, reserved 4480K
Event: 1.015 GC heap after
Heap after GC invocations=30 (full 2):
 def new generation   total 13248K, used 1408K [0x03c00000, 0x04a50000, 0x19150000)
  eden space 11840K,   0% used [0x03c00000, 0x03c00000, 0x04790000)
  from space 1408K, 100% used [0x04790000, 0x048f0000, 0x048f0000)
  to   space 1408K,   0% used [0x048f0000, 0x048f0000, 0x04a50000)
 tenured generation   total 29208K, used 22849K [0x19150000, 0x1add6000, 0x43c00000)
   the space 29208K,  78% used [0x19150000, 0x1a7a06c8, 0x1a7a0800, 0x1add6000)
 Metaspace       used 3521K, capacity 3528K, committed 3648K, reserved 4480K
}
Event: 1.036 GC heap before
{Heap before GC invocations=30 (full 2):
 def new generation   total 13248K, used 13248K [0x03c00000, 0x04a50000, 0x19150000)
  eden space 11840K, 100% used [0x03c00000, 0x04790000, 0x04790000)
  from space 1408K, 100% used [0x04790000, 0x048f0000, 0x048f0000)
  to   space 1408K,   0% used [0x048f0000, 0x048f0000, 0x04a50000)
 tenured generation   total 29208K, used 22849K [0x19150000, 0x1add6000, 0x43c00000)
   the space 29208K,  78% used [0x19150000, 0x1a7a06c8, 0x1a7a0800, 0x1add6000)
 Metaspace       used 3521K, capacity 3528K, committed 3648K, reserved 4480K
Event: 1.045 GC heap after
Heap after GC invocations=31 (full 2):
 def new generation   total 13248K, used 1408K [0x03c00000, 0x04a50000, 0x19150000)
  eden space 11840K,   0% used [0x03c00000, 0x03c00000, 0x04790000)
  from space 1408K, 100% used [0x048f0000, 0x04a50000, 0x04a50000)
  to   space 1408K,   0% used [0x04790000, 0x04790000, 0x048f0000)
 tenured generation   total 29208K, used 25023K [0x19150000, 0x1add6000, 0x43c00000)
   the space 29208K,  85% used [0x19150000, 0x1a9bfeb8, 0x1a9c0000, 0x1add6000)
 Metaspace       used 3521K, capacity 3528K, committed 3648K, reserved 4480K
}
Event: 1.064 GC heap before
{Heap before GC invocations=31 (full 2):
 def new generation   total 13248K, used 13248K [0x03c00000, 0x04a50000, 0x19150000)
  eden space 11840K, 100% used [0x03c00000, 0x04790000, 0x04790000)
  from space 1408K, 100% used [0x048f0000, 0x04a50000, 0x04a50000)
  to   space 1408K,   0% used [0x04790000, 0x04790000, 0x048f0000)
 tenured generation   total 29208K, used 25023K [0x19150000, 0x1add6000, 0x43c00000)
   the space 29208K,  85% used [0x19150000, 0x1a9bfeb8, 0x1a9c0000, 0x1add6000)
 Metaspace       used 3521K, capacity 3528K, committed 3648K, reserved 4480K

