# JRE version: Java(TM) SE Runtime Environment (8.0_101-b13) (build 1.8.0_101-b13)
# Java VM: Java HotSpot(TM) Client VM (25.101-b13 mixed mode windows-x86 )
Heap:
 def new generation   total 68608K, used 68608K [0x03e00000, 0x08870000, 0x19350000)
  eden space 60992K, 100% used [0x03e00000, 0x07990000, 0x07990000)
  from space 7616K, 100% used [0x07990000, 0x08100000, 0x08100000)
  to   space 7616K,  99% used [0x08100000, 0x0886fff8, 0x08870000)
 tenured generation   total 152284K, used 126585K [0x19350000, 0x22807000, 0x43e00000)
   the space 152284K,  83% used [0x19350000, 0x20eee548, 0x20eee600, 0x22807000)
 Metaspace       used 3552K, capacity 3598K, committed 3648K, reserved 4480K
GC Heap History (10 events):
Event: 3.060 GC heap after
Heap after GC invocations=52 (full 5):
 def new generation   total 68608K, used 4536K [0x03e00000, 0x08870000, 0x19350000)
  eden space 60992K,   7% used [0x03e00000, 0x0426e250, 0x07990000)
  from space 7616K,   0% used [0x07990000, 0x07990000, 0x08100000)
  to   space 7616K,   0% used [0x08100000, 0x08100000, 0x08870000)
 tenured generation   total 152284K, used 91369K [0x19350000, 0x22807000, 0x43e00000)
   the space 152284K,  59% used [0x19350000, 0x1ec8a5a0, 0x1ec8a600, 0x22807000)
 Metaspace       used 3551K, capacity 3598K, committed 3648K, reserved 4480K
}
Event: 3.231 GC heap before
{Heap before GC invocations=52 (full 5):
 def new generation   total 68608K, used 60992K [0x03e00000, 0x08870000, 0x19350000)
  eden space 60992K, 100% used [0x03e00000, 0x07990000, 0x07990000)
  from space 7616K,   0% used [0x07990000, 0x07990000, 0x08100000)
  to   space 7616K,   0% used [0x08100000, 0x08100000, 0x08870000)
 tenured generation   total 152284K, used 91369K [0x19350000, 0x22807000, 0x43e00000)
   the space 152284K,  59% used [0x19350000, 0x1ec8a5a0, 0x1ec8a600, 0x22807000)
 Metaspace       used 3551K, capacity 3598K, committed 3648K, reserved 4480K
Event: 3.322 GC heap after
Heap after GC invocations=53 (full 5):
 def new generation   total 68608K, used 7616K [0x03e00000, 0x08870000, 0x19350000)
  eden space 60992K,   0% used [0x03e00000, 0x03e00000, 0x07990000)
  from space 7616K, 100% used [0x08100000, 0x08870000, 0x08870000)
  to   space 7616K,   0% used [0x07990000, 0x07990000, 0x08100000)
 tenured generation   total 152284K, used 95918K [0x19350000, 0x22807000, 0x43e00000)
   the space 152284K,  62% used [0x19350000, 0x1f0fb988, 0x1f0fba00, 0x22807000)
 Metaspace       used 3551K, capacity 3598K, committed 3648K, reserved 4480K
}
Event: 3.439 GC heap before
{Heap before GC invocations=53 (full 5):
 def new generation   total 68608K, used 68608K [0x03e00000, 0x08870000, 0x19350000)
  eden space 60992K, 100% used [0x03e00000, 0x07990000, 0x07990000)
  from space 7616K, 100% used [0x08100000, 0x08870000, 0x08870000)
  to   space 7616K,   0% used [0x07990000, 0x07990000, 0x08100000)
 tenured generation   total 152284K, used 95918K [0x19350000, 0x22807000, 0x43e00000)
   the space 152284K,  62% used [0x19350000, 0x1f0fb988, 0x1f0fba00, 0x22807000)
 Metaspace       used 3551K, capacity 3598K, committed 3648K, reserved 4480K
Event: 3.485 GC heap after
Heap after GC invocations=54 (full 5):
 def new generation   total 68608K, used 7616K [0x03e00000, 0x08870000, 0x19350000)
  eden space 60992K,   0% used [0x03e00000, 0x03e00000, 0x07990000)
  from space 7616K, 100% used [0x07990000, 0x08100000, 0x08100000)
  to   space 7616K,   0% used [0x08100000, 0x08100000, 0x08870000)
 tenured generation   total 152284K, used 105089K [0x19350000, 0x22807000, 0x43e00000)
   the space 152284K,  69% used [0x19350000, 0x1f9f0590, 0x1f9f0600, 0x22807000)
 Metaspace       used 3551K, capacity 3598K, committed 3648K, reserved 4480K
}
Event: 3.628 GC heap before
{Heap before GC invocations=54 (full 5):
 def new generation   total 68608K, used 68608K [0x03e00000, 0x08870000, 0x19350000)
  eden space 60992K, 100% used [0x03e00000, 0x07990000, 0x07990000)
  from space 7616K, 100% used [0x07990000, 0x08100000, 0x08100000)
  to   space 7616K,   0% used [0x08100000, 0x08100000, 0x08870000)
 tenured generation   total 152284K, used 105089K [0x19350000, 0x22807000, 0x43e00000)
   the space 152284K,  69% used [0x19350000, 0x1f9f0590, 0x1f9f0600, 0x22807000)
 Metaspace       used 3551K, capacity 3598K, committed 3648K, reserved 4480K
Event: 3.670 GC heap after
Heap after GC invocations=55 (full 5):
 def new generation   total 68608K, used 7615K [0x03e00000, 0x08870000, 0x19350000)
  eden space 60992K,   0% used [0x03e00000, 0x03e00000, 0x07990000)
  from space 7616K,  99% used [0x08100000, 0x0886fff8, 0x08870000)
  to   space 7616K,   0% used [0x07990000, 0x07990000, 0x08100000)
 tenured generation   total 152284K, used 113884K [0x19350000, 0x22807000, 0x43e00000)
   the space 152284K,  74% used [0x19350000, 0x202873c0, 0x20287400, 0x22807000)
 Metaspace       used 3551K, capacity 3598K, committed 3648K, reserved 4480K
}
Event: 3.773 GC heap before
{Heap before GC invocations=55 (full 5):
 def new generation   total 68608K, used 68607K [0x03e00000, 0x08870000, 0x19350000)
  eden space 60992K, 100% used [0x03e00000, 0x07990000, 0x07990000)
  from space 7616K,  99% used [0x08100000, 0x0886fff8, 0x08870000)
  to   space 7616K,   0% used [0x07990000, 0x07990000, 0x08100000)
 tenured generation   total 152284K, used 113884K [0x19350000, 0x22807000, 0x43e00000)
   the space 152284K,  74% used [0x19350000, 0x202873c0, 0x20287400, 0x22807000)
 Metaspace       used 3552K, capacity 3598K, committed 3648K, reserved 4480K
Event: 3.815 GC heap after
Heap after GC invocations=56 (full 5):
 def new generation   total 68608K, used 7616K [0x03e00000, 0x08870000, 0x19350000)
  eden space 60992K,   0% used [0x03e00000, 0x03e00000, 0x07990000)
  from space 7616K, 100% used [0x07990000, 0x08100000, 0x08100000)
  to   space 7616K,   0% used [0x08100000, 0x08100000, 0x08870000)
 tenured generation   total 152284K, used 122887K [0x19350000, 0x22807000, 0x43e00000)
   the space 152284K,  80% used [0x19350000, 0x20b51c38, 0x20b51e00, 0x22807000)
 Metaspace       used 3552K, capacity 3598K, committed 3648K, reserved 4480K
}
Event: 3.924 GC heap before
{Heap before GC invocations=56 (full 5):
 def new generation   total 68608K, used 68608K [0x03e00000, 0x08870000, 0x19350000)
  eden space 60992K, 100% used [0x03e00000, 0x07990000, 0x07990000)
  from space 7616K, 100% used [0x07990000, 0x08100000, 0x08100000)
  to   space 7616K,   0% used [0x08100000, 0x08100000, 0x08870000)
 tenured generation   total 152284K, used 122887K [0x19350000, 0x22807000, 0x43e00000)
   the space 152284K,  80% used [0x19350000, 0x20b51c38, 0x20b51e00, 0x22807000)
 Metaspace       used 3552K, capacity 3598K, committed 3648K, reserved 4480K

