# JRE version: Java(TM) SE Runtime Environment (8.0_101-b13) (build 1.8.0_101-b13)
# Java VM: Java HotSpot(TM) Client VM (25.101-b13 mixed mode windows-x86 )
Heap:
 def new generation   total 39296K, used 4352K [0x03a00000, 0x064a0000, 0x18f50000)
  eden space 34944K,   0% used [0x03a00000, 0x03a00000, 0x05c20000)
  from space 4352K, 100% used [0x06060000, 0x064a0000, 0x064a0000)
  to   space 4352K,   0% used [0x05c20000, 0x05c20000, 0x06060000)
 tenured generation   total 87996K, used 87891K [0x18f50000, 0x1e53f000, 0x43a00000)
   the space 87996K,  99% used [0x18f50000, 0x1e524c58, 0x1e524e00, 0x1e53f000)
 Metaspace       used 3546K, capacity 3598K, committed 3648K, reserved 4480K
GC Heap History (10 events):
Event: 2.170 GC heap after
Heap after GC invocations=47 (full 4):
 def new generation   total 39296K, used 2926K [0x03a00000, 0x064a0000, 0x18f50000)
  eden space 34944K,   0% used [0x03a00000, 0x03a00000, 0x05c20000)
  from space 4352K,  67% used [0x05c20000, 0x05efb858, 0x06060000)
  to   space 4352K,   0% used [0x06060000, 0x06060000, 0x064a0000)
 tenured generation   total 87228K, used 67352K [0x18f50000, 0x1e47f000, 0x43a00000)
   the space 87228K,  77% used [0x18f50000, 0x1d116298, 0x1d116400, 0x1e47f000)
 Metaspace       used 3546K, capacity 3598K, committed 3648K, reserved 4480K
}
Event: 2.205 GC heap before
{Heap before GC invocations=47 (full 4):
 def new generation   total 39296K, used 37870K [0x03a00000, 0x064a0000, 0x18f50000)
  eden space 34944K, 100% used [0x03a00000, 0x05c20000, 0x05c20000)
  from space 4352K,  67% used [0x05c20000, 0x05efb858, 0x06060000)
  to   space 4352K,   0% used [0x06060000, 0x06060000, 0x064a0000)
 tenured generation   total 87228K, used 67352K [0x18f50000, 0x1e47f000, 0x43a00000)
   the space 87228K,  77% used [0x18f50000, 0x1d116298, 0x1d116400, 0x1e47f000)
 Metaspace       used 3546K, capacity 3598K, committed 3648K, reserved 4480K
Event: 2.217 GC heap after
Heap after GC invocations=48 (full 4):
 def new generation   total 39296K, used 2377K [0x03a00000, 0x064a0000, 0x18f50000)
  eden space 34944K,   0% used [0x03a00000, 0x03a00000, 0x05c20000)
  from space 4352K,  54% used [0x06060000, 0x062b26a8, 0x064a0000)
  to   space 4352K,   0% used [0x05c20000, 0x05c20000, 0x06060000)
 tenured generation   total 87228K, used 70195K [0x18f50000, 0x1e47f000, 0x43a00000)
   the space 87228K,  80% used [0x18f50000, 0x1d3dcf58, 0x1d3dd000, 0x1e47f000)
 Metaspace       used 3546K, capacity 3598K, committed 3648K, reserved 4480K
}
Event: 2.274 GC heap before
{Heap before GC invocations=48 (full 4):
 def new generation   total 39296K, used 37321K [0x03a00000, 0x064a0000, 0x18f50000)
  eden space 34944K, 100% used [0x03a00000, 0x05c20000, 0x05c20000)
  from space 4352K,  54% used [0x06060000, 0x062b26a8, 0x064a0000)
  to   space 4352K,   0% used [0x05c20000, 0x05c20000, 0x06060000)
 tenured generation   total 87228K, used 70195K [0x18f50000, 0x1e47f000, 0x43a00000)
   the space 87228K,  80% used [0x18f50000, 0x1d3dcf58, 0x1d3dd000, 0x1e47f000)
 Metaspace       used 3546K, capacity 3598K, committed 3648K, reserved 4480K
Event: 2.292 GC heap after
Heap after GC invocations=49 (full 4):
 def new generation   total 39296K, used 4352K [0x03a00000, 0x064a0000, 0x18f50000)
  eden space 34944K,   0% used [0x03a00000, 0x03a00000, 0x05c20000)
  from space 4352K, 100% used [0x05c20000, 0x06060000, 0x06060000)
  to   space 4352K,   0% used [0x06060000, 0x06060000, 0x064a0000)
 tenured generation   total 87228K, used 73599K [0x18f50000, 0x1e47f000, 0x43a00000)
   the space 87228K,  84% used [0x18f50000, 0x1d72fc30, 0x1d72fe00, 0x1e47f000)
 Metaspace       used 3546K, capacity 3598K, committed 3648K, reserved 4480K
}
Event: 2.352 GC heap before
{Heap before GC invocations=49 (full 4):
 def new generation   total 39296K, used 39296K [0x03a00000, 0x064a0000, 0x18f50000)
  eden space 34944K, 100% used [0x03a00000, 0x05c20000, 0x05c20000)
  from space 4352K, 100% used [0x05c20000, 0x06060000, 0x06060000)
  to   space 4352K,   0% used [0x06060000, 0x06060000, 0x064a0000)
 tenured generation   total 87228K, used 73599K [0x18f50000, 0x1e47f000, 0x43a00000)
   the space 87228K,  84% used [0x18f50000, 0x1d72fc30, 0x1d72fe00, 0x1e47f000)
 Metaspace       used 3546K, capacity 3598K, committed 3648K, reserved 4480K
Event: 2.372 GC heap after
Heap after GC invocations=50 (full 4):
 def new generation   total 39296K, used 4352K [0x03a00000, 0x064a0000, 0x18f50000)
  eden space 34944K,   0% used [0x03a00000, 0x03a00000, 0x05c20000)
  from space 4352K, 100% used [0x06060000, 0x064a0000, 0x064a0000)
  to   space 4352K,   0% used [0x05c20000, 0x05c20000, 0x06060000)
 tenured generation   total 87228K, used 77606K [0x18f50000, 0x1e47f000, 0x43a00000)
   the space 87228K,  88% used [0x18f50000, 0x1db19938, 0x1db19a00, 0x1e47f000)
 Metaspace       used 3546K, capacity 3598K, committed 3648K, reserved 4480K
}
Event: 2.433 GC heap before
{Heap before GC invocations=50 (full 4):
 def new generation   total 39296K, used 39296K [0x03a00000, 0x064a0000, 0x18f50000)
  eden space 34944K, 100% used [0x03a00000, 0x05c20000, 0x05c20000)
  from space 4352K, 100% used [0x06060000, 0x064a0000, 0x064a0000)
  to   space 4352K,   0% used [0x05c20000, 0x05c20000, 0x06060000)
 tenured generation   total 87228K, used 77606K [0x18f50000, 0x1e47f000, 0x43a00000)
   the space 87228K,  88% used [0x18f50000, 0x1db19938, 0x1db19a00, 0x1e47f000)
 Metaspace       used 3546K, capacity 3598K, committed 3648K, reserved 4480K
Event: 2.457 GC heap after
Heap after GC invocations=51 (full 4):
 def new generation   total 39296K, used 4352K [0x03a00000, 0x064a0000, 0x18f50000)
  eden space 34944K,   0% used [0x03a00000, 0x03a00000, 0x05c20000)
  from space 4352K, 100% used [0x05c20000, 0x06060000, 0x06060000)
  to   space 4352K,   0% used [0x06060000, 0x06060000, 0x064a0000)
 tenured generation   total 87228K, used 83124K [0x18f50000, 0x1e47f000, 0x43a00000)
   the space 87228K,  95% used [0x18f50000, 0x1e07d240, 0x1e07d400, 0x1e47f000)
 Metaspace       used 3546K, capacity 3598K, committed 3648K, reserved 4480K
}
Event: 2.533 GC heap before
{Heap before GC invocations=51 (full 4):
 def new generation   total 39296K, used 39296K [0x03a00000, 0x064a0000, 0x18f50000)
  eden space 34944K, 100% used [0x03a00000, 0x05c20000, 0x05c20000)
  from space 4352K, 100% used [0x05c20000, 0x06060000, 0x06060000)
  to   space 4352K,   0% used [0x06060000, 0x06060000, 0x064a0000)
 tenured generation   total 87228K, used 83124K [0x18f50000, 0x1e47f000, 0x43a00000)
   the space 87228K,  95% used [0x18f50000, 0x1e07d240, 0x1e07d400, 0x1e47f000)
 Metaspace       used 3546K, capacity 3598K, committed 3648K, reserved 4480K

