# JRE version: Java(TM) SE Runtime Environment (8.0_101-b13) (build 1.8.0_101-b13)
# Java VM: Java HotSpot(TM) Client VM (25.101-b13 mixed mode windows-x86 )
Heap:
 def new generation   total 205120K, used 205120K [0x03c00000, 0x11a90000, 0x19150000)
  eden space 182336K, 100% used [0x03c00000, 0x0ee10000, 0x0ee10000)
  from space 22784K, 100% used [0x0ee10000, 0x10450000, 0x10450000)
  to   space 22784K, 100% used [0x10450000, 0x11a90000, 0x11a90000)
 tenured generation   total 455748K, used 348614K [0x19150000, 0x34e61000, 0x43c00000)
   the space 455748K,  76% used [0x19150000, 0x2e5c1bd8, 0x2e5c1c00, 0x34e61000)
 Metaspace       used 3545K, capacity 3598K, committed 3648K, reserved 4480K
GC Heap History (10 events):
Event: 7.216 GC heap after
Heap after GC invocations=88 (full 6):
 def new generation   total 119616K, used 13247K [0x03c00000, 0x0bdc0000, 0x19150000)
  eden space 106368K,   0% used [0x03c00000, 0x03c00000, 0x0a3e0000)
  from space 13248K,  99% used [0x0b0d0000, 0x0bdbfff8, 0x0bdc0000)
  to   space 13248K,   0% used [0x0a3e0000, 0x0a3e0000, 0x0b0d0000)
 tenured generation   total 265640K, used 241506K [0x19150000, 0x294ba000, 0x43c00000)
   the space 265640K,  90% used [0x19150000, 0x27d28a78, 0x27d28c00, 0x294ba000)
 Metaspace       used 3545K, capacity 3598K, committed 3648K, reserved 4480K
}
Event: 7.404 GC heap before
{Heap before GC invocations=88 (full 6):
 def new generation   total 119616K, used 119615K [0x03c00000, 0x0bdc0000, 0x19150000)
  eden space 106368K, 100% used [0x03c00000, 0x0a3e0000, 0x0a3e0000)
  from space 13248K,  99% used [0x0b0d0000, 0x0bdbfff8, 0x0bdc0000)
  to   space 13248K,   0% used [0x0a3e0000, 0x0a3e0000, 0x0b0d0000)
 tenured generation   total 265640K, used 241506K [0x19150000, 0x294ba000, 0x43c00000)
   the space 265640K,  90% used [0x19150000, 0x27d28a78, 0x27d28c00, 0x294ba000)
 Metaspace       used 3545K, capacity 3598K, committed 3648K, reserved 4480K
Event: 7.477 GC heap after
Heap after GC invocations=89 (full 6):
 def new generation   total 119616K, used 13247K [0x03c00000, 0x0bdc0000, 0x19150000)
  eden space 106368K,   0% used [0x03c00000, 0x03c00000, 0x0a3e0000)
  from space 13248K,  99% used [0x0a3e0000, 0x0b0cfff8, 0x0b0d0000)
  to   space 13248K,   0% used [0x0b0d0000, 0x0b0d0000, 0x0bdc0000)
 tenured generation   total 265640K, used 257336K [0x19150000, 0x294ba000, 0x43c00000)
   the space 265640K,  96% used [0x19150000, 0x28c9e310, 0x28c9e400, 0x294ba000)
 Metaspace       used 3545K, capacity 3598K, committed 3648K, reserved 4480K
}
Event: 7.660 GC heap before
{Heap before GC invocations=89 (full 6):
 def new generation   total 119616K, used 119615K [0x03c00000, 0x0bdc0000, 0x19150000)
  eden space 106368K, 100% used [0x03c00000, 0x0a3e0000, 0x0a3e0000)
  from space 13248K,  99% used [0x0a3e0000, 0x0b0cfff8, 0x0b0d0000)
  to   space 13248K,   0% used [0x0b0d0000, 0x0b0d0000, 0x0bdc0000)
 tenured generation   total 265640K, used 257336K [0x19150000, 0x294ba000, 0x43c00000)
   the space 265640K,  96% used [0x19150000, 0x28c9e310, 0x28c9e400, 0x294ba000)
 Metaspace       used 3545K, capacity 3598K, committed 3648K, reserved 4480K
Event: 8.393 GC heap after
Heap after GC invocations=90 (full 7):
 def new generation   total 205120K, used 13116K [0x03c00000, 0x11a90000, 0x19150000)
  eden space 182336K,   7% used [0x03c00000, 0x048cf3d0, 0x0ee10000)
  from space 22784K,   0% used [0x0ee10000, 0x0ee10000, 0x10450000)
  to   space 22784K,   0% used [0x10450000, 0x10450000, 0x11a90000)
 tenured generation   total 455748K, used 273447K [0x19150000, 0x34e61000, 0x43c00000)
   the space 455748K,  59% used [0x19150000, 0x29c59ff8, 0x29c5a000, 0x34e61000)
 Metaspace       used 3545K, capacity 3598K, committed 3648K, reserved 4480K
}
Event: 8.691 GC heap before
{Heap before GC invocations=90 (full 7):
 def new generation   total 205120K, used 182336K [0x03c00000, 0x11a90000, 0x19150000)
  eden space 182336K, 100% used [0x03c00000, 0x0ee10000, 0x0ee10000)
  from space 22784K,   0% used [0x0ee10000, 0x0ee10000, 0x10450000)
  to   space 22784K,   0% used [0x10450000, 0x10450000, 0x11a90000)
 tenured generation   total 455748K, used 273447K [0x19150000, 0x34e61000, 0x43c00000)
   the space 455748K,  59% used [0x19150000, 0x29c59ff8, 0x29c5a000, 0x34e61000)
 Metaspace       used 3545K, capacity 3598K, committed 3648K, reserved 4480K
Event: 8.923 GC heap after
Heap after GC invocations=91 (full 7):
 def new generation   total 205120K, used 22784K [0x03c00000, 0x11a90000, 0x19150000)
  eden space 182336K,   0% used [0x03c00000, 0x03c00000, 0x0ee10000)
  from space 22784K, 100% used [0x10450000, 0x11a90000, 0x11a90000)
  to   space 22784K,   0% used [0x0ee10000, 0x0ee10000, 0x10450000)
 tenured generation   total 455748K, used 288471K [0x19150000, 0x34e61000, 0x43c00000)
   the space 455748K,  63% used [0x19150000, 0x2ab05e60, 0x2ab06000, 0x34e61000)
 Metaspace       used 3545K, capacity 3598K, committed 3648K, reserved 4480K
}
Event: 9.233 GC heap before
{Heap before GC invocations=91 (full 7):
 def new generation   total 205120K, used 205120K [0x03c00000, 0x11a90000, 0x19150000)
  eden space 182336K, 100% used [0x03c00000, 0x0ee10000, 0x0ee10000)
  from space 22784K, 100% used [0x10450000, 0x11a90000, 0x11a90000)
  to   space 22784K,   0% used [0x0ee10000, 0x0ee10000, 0x10450000)
 tenured generation   total 455748K, used 288471K [0x19150000, 0x34e61000, 0x43c00000)
   the space 455748K,  63% used [0x19150000, 0x2ab05e60, 0x2ab06000, 0x34e61000)
 Metaspace       used 3545K, capacity 3598K, committed 3648K, reserved 4480K
Event: 9.373 GC heap after
Heap after GC invocations=92 (full 7):
 def new generation   total 205120K, used 22784K [0x03c00000, 0x11a90000, 0x19150000)
  eden space 182336K,   0% used [0x03c00000, 0x03c00000, 0x0ee10000)
  from space 22784K, 100% used [0x0ee10000, 0x10450000, 0x10450000)
  to   space 22784K,   0% used [0x10450000, 0x10450000, 0x11a90000)
 tenured generation   total 455748K, used 316512K [0x19150000, 0x34e61000, 0x43c00000)
   the space 455748K,  69% used [0x19150000, 0x2c668320, 0x2c668400, 0x34e61000)
 Metaspace       used 3545K, capacity 3598K, committed 3648K, reserved 4480K
}
Event: 9.676 GC heap before
{Heap before GC invocations=92 (full 7):
 def new generation   total 205120K, used 205120K [0x03c00000, 0x11a90000, 0x19150000)
  eden space 182336K, 100% used [0x03c00000, 0x0ee10000, 0x0ee10000)
  from space 22784K, 100% used [0x0ee10000, 0x10450000, 0x10450000)
  to   space 22784K,   0% used [0x10450000, 0x10450000, 0x11a90000)
 tenured generation   total 455748K, used 316512K [0x19150000, 0x34e61000, 0x43c00000)
   the space 455748K,  69% used [0x19150000, 0x2c668320, 0x2c668400, 0x34e61000)
 Metaspace       used 3545K, capacity 3598K, committed 3648K, reserved 4480K

