# JRE version: Java(TM) SE Runtime Environment (8.0_101-b13) (build 1.8.0_101-b13)
# Java VM: Java HotSpot(TM) Client VM (25.101-b13 mixed mode windows-x86 )
Heap:
 def new generation   total 38016K, used 38016K [0x03c00000, 0x06530000, 0x19150000)
  eden space 33856K, 100% used [0x03c00000, 0x05d10000, 0x05d10000)
  from space 4160K, 100% used [0x05d10000, 0x06120000, 0x06120000)
  to   space 4160K,   0% used [0x06120000, 0x06125a60, 0x06530000)
 tenured generation   total 84256K, used 65095K [0x19150000, 0x1e398000, 0x43c00000)
   the space 84256K,  77% used [0x19150000, 0x1d0e1e50, 0x1d0e2000, 0x1e398000)
 Metaspace       used 3546K, capacity 3598K, committed 3648K, reserved 4480K
GC Heap History (10 events):
Event: 1.768 GC heap after
Heap after GC invocations=42 (full 4):
 def new generation   total 38016K, used 0K [0x03c00000, 0x06530000, 0x19150000)
  eden space 33856K,   0% used [0x03c00000, 0x03c00000, 0x05d10000)
  from space 4160K,   0% used [0x05d10000, 0x05d10000, 0x06120000)
  to   space 4160K,   0% used [0x06120000, 0x06120000, 0x06530000)
 tenured generation   total 84256K, used 50553K [0x19150000, 0x1e398000, 0x43c00000)
   the space 84256K,  59% used [0x19150000, 0x1c2ae618, 0x1c2ae800, 0x1e398000)
 Metaspace       used 3544K, capacity 3566K, committed 3648K, reserved 4480K
}
Event: 1.835 GC heap before
{Heap before GC invocations=42 (full 4):
 def new generation   total 38016K, used 33856K [0x03c00000, 0x06530000, 0x19150000)
  eden space 33856K, 100% used [0x03c00000, 0x05d10000, 0x05d10000)
  from space 4160K,   0% used [0x05d10000, 0x05d10000, 0x06120000)
  to   space 4160K,   0% used [0x06120000, 0x06120000, 0x06530000)
 tenured generation   total 84256K, used 50553K [0x19150000, 0x1e398000, 0x43c00000)
   the space 84256K,  59% used [0x19150000, 0x1c2ae618, 0x1c2ae800, 0x1e398000)
 Metaspace       used 3544K, capacity 3566K, committed 3648K, reserved 4480K
Event: 1.851 GC heap after
Heap after GC invocations=43 (full 4):
 def new generation   total 38016K, used 4160K [0x03c00000, 0x06530000, 0x19150000)
  eden space 33856K,   0% used [0x03c00000, 0x03c00000, 0x05d10000)
  from space 4160K, 100% used [0x06120000, 0x06530000, 0x06530000)
  to   space 4160K,   0% used [0x05d10000, 0x05d10000, 0x06120000)
 tenured generation   total 84256K, used 52464K [0x19150000, 0x1e398000, 0x43c00000)
   the space 84256K,  62% used [0x19150000, 0x1c48c2b0, 0x1c48c400, 0x1e398000)
 Metaspace       used 3544K, capacity 3566K, committed 3648K, reserved 4480K
}
Event: 1.911 GC heap before
{Heap before GC invocations=43 (full 4):
 def new generation   total 38016K, used 38016K [0x03c00000, 0x06530000, 0x19150000)
  eden space 33856K, 100% used [0x03c00000, 0x05d10000, 0x05d10000)
  from space 4160K, 100% used [0x06120000, 0x06530000, 0x06530000)
  to   space 4160K,   0% used [0x05d10000, 0x05d10000, 0x06120000)
 tenured generation   total 84256K, used 52464K [0x19150000, 0x1e398000, 0x43c00000)
   the space 84256K,  62% used [0x19150000, 0x1c48c2b0, 0x1c48c400, 0x1e398000)
 Metaspace       used 3544K, capacity 3566K, committed 3648K, reserved 4480K
Event: 1.932 GC heap after
Heap after GC invocations=44 (full 4):
 def new generation   total 38016K, used 4160K [0x03c00000, 0x06530000, 0x19150000)
  eden space 33856K,   0% used [0x03c00000, 0x03c00000, 0x05d10000)
  from space 4160K, 100% used [0x05d10000, 0x06120000, 0x06120000)
  to   space 4160K,   0% used [0x06120000, 0x06120000, 0x06530000)
 tenured generation   total 84256K, used 56793K [0x19150000, 0x1e398000, 0x43c00000)
   the space 84256K,  67% used [0x19150000, 0x1c8c6420, 0x1c8c6600, 0x1e398000)
 Metaspace       used 3544K, capacity 3566K, committed 3648K, reserved 4480K
}
Event: 2.013 GC heap before
{Heap before GC invocations=44 (full 4):
 def new generation   total 38016K, used 38016K [0x03c00000, 0x06530000, 0x19150000)
  eden space 33856K, 100% used [0x03c00000, 0x05d10000, 0x05d10000)
  from space 4160K, 100% used [0x05d10000, 0x06120000, 0x06120000)
  to   space 4160K,   0% used [0x06120000, 0x06120000, 0x06530000)
 tenured generation   total 84256K, used 56793K [0x19150000, 0x1e398000, 0x43c00000)
   the space 84256K,  67% used [0x19150000, 0x1c8c6420, 0x1c8c6600, 0x1e398000)
 Metaspace       used 3544K, capacity 3566K, committed 3648K, reserved 4480K
Event: 2.031 GC heap after
Heap after GC invocations=45 (full 4):
 def new generation   total 38016K, used 4160K [0x03c00000, 0x06530000, 0x19150000)
  eden space 33856K,   0% used [0x03c00000, 0x03c00000, 0x05d10000)
  from space 4160K, 100% used [0x06120000, 0x06530000, 0x06530000)
  to   space 4160K,   0% used [0x05d10000, 0x05d10000, 0x06120000)
 tenured generation   total 84256K, used 60584K [0x19150000, 0x1e398000, 0x43c00000)
   the space 84256K,  71% used [0x19150000, 0x1cc7a200, 0x1cc7a200, 0x1e398000)
 Metaspace       used 3544K, capacity 3566K, committed 3648K, reserved 4480K
}
Event: 2.072 GC heap before
{Heap before GC invocations=45 (full 4):
 def new generation   total 38016K, used 38016K [0x03c00000, 0x06530000, 0x19150000)
  eden space 33856K, 100% used [0x03c00000, 0x05d10000, 0x05d10000)
  from space 4160K, 100% used [0x06120000, 0x06530000, 0x06530000)
  to   space 4160K,   0% used [0x05d10000, 0x05d10000, 0x06120000)
 tenured generation   total 84256K, used 60584K [0x19150000, 0x1e398000, 0x43c00000)
   the space 84256K,  71% used [0x19150000, 0x1cc7a200, 0x1cc7a200, 0x1e398000)
 Metaspace       used 3546K, capacity 3598K, committed 3648K, reserved 4480K
Event: 2.090 GC heap after
Heap after GC invocations=46 (full 4):
 def new generation   total 38016K, used 4160K [0x03c00000, 0x06530000, 0x19150000)
  eden space 33856K,   0% used [0x03c00000, 0x03c00000, 0x05d10000)
  from space 4160K, 100% used [0x05d10000, 0x06120000, 0x06120000)
  to   space 4160K,   0% used [0x06120000, 0x06120000, 0x06530000)
 tenured generation   total 84256K, used 64919K [0x19150000, 0x1e398000, 0x43c00000)
   the space 84256K,  77% used [0x19150000, 0x1d0b5d18, 0x1d0b5e00, 0x1e398000)
 Metaspace       used 3546K, capacity 3598K, committed 3648K, reserved 4480K
}
Event: 2.113 GC heap before
{Heap before GC invocations=46 (full 4):
 def new generation   total 38016K, used 38016K [0x03c00000, 0x06530000, 0x19150000)
  eden space 33856K, 100% used [0x03c00000, 0x05d10000, 0x05d10000)
  from space 4160K, 100% used [0x05d10000, 0x06120000, 0x06120000)
  to   space 4160K,   0% used [0x06120000, 0x06120000, 0x06530000)
 tenured generation   total 84256K, used 64919K [0x19150000, 0x1e398000, 0x43c00000)
   the space 84256K,  77% used [0x19150000, 0x1d0b5d18, 0x1d0b5e00, 0x1e398000)
 Metaspace       used 3546K, capacity 3598K, committed 3648K, reserved 4480K

