# JRE version: Java(TM) SE Runtime Environment (8.0_101-b13) (build 1.8.0_101-b13)
# Java VM: Java HotSpot(TM) Client VM (25.101-b13 mixed mode windows-x86 )
Heap:
 def new generation   total 208960K, used 185792K [0x03e00000, 0x120b0000, 0x19350000)
  eden space 185792K, 100% used [0x03e00000, 0x0f370000, 0x0f370000)
  from space 23168K,   0% used [0x0f370000, 0x0f370000, 0x10a10000)
  to   space 23168K,  28% used [0x10a10000, 0x1109a3c8, 0x120b0000)
 tenured generation   total 464196K, used 278521K [0x19350000, 0x358a1000, 0x43e00000)
   the space 464196K,  60% used [0x19350000, 0x2a34e448, 0x2a34e600, 0x358a1000)
 Metaspace       used 3552K, capacity 3598K, committed 3648K, reserved 4480K
GC Heap History (10 events):
Event: 5.543 GC heap after
Heap after GC invocations=85 (full 6):
 def new generation   total 122176K, used 13568K [0x03e00000, 0x0c290000, 0x19350000)
  eden space 108608K,   0% used [0x03e00000, 0x03e00000, 0x0a810000)
  from space 13568K, 100% used [0x0b550000, 0x0c290000, 0x0c290000)
  to   space 13568K,   0% used [0x0a810000, 0x0a810000, 0x0b550000)
 tenured generation   total 271348K, used 214453K [0x19350000, 0x29c4d000, 0x43e00000)
   the space 271348K,  79% used [0x19350000, 0x264bd4d8, 0x264bd600, 0x29c4d000)
 Metaspace       used 3552K, capacity 3598K, committed 3648K, reserved 4480K
}
Event: 5.717 GC heap before
{Heap before GC invocations=85 (full 6):
 def new generation   total 122176K, used 122176K [0x03e00000, 0x0c290000, 0x19350000)
  eden space 108608K, 100% used [0x03e00000, 0x0a810000, 0x0a810000)
  from space 13568K, 100% used [0x0b550000, 0x0c290000, 0x0c290000)
  to   space 13568K,   0% used [0x0a810000, 0x0a810000, 0x0b550000)
 tenured generation   total 271348K, used 214453K [0x19350000, 0x29c4d000, 0x43e00000)
   the space 271348K,  79% used [0x19350000, 0x264bd4d8, 0x264bd600, 0x29c4d000)
 Metaspace       used 3552K, capacity 3598K, committed 3648K, reserved 4480K
Event: 5.791 GC heap after
Heap after GC invocations=86 (full 6):
 def new generation   total 122176K, used 13568K [0x03e00000, 0x0c290000, 0x19350000)
  eden space 108608K,   0% used [0x03e00000, 0x03e00000, 0x0a810000)
  from space 13568K, 100% used [0x0a810000, 0x0b550000, 0x0b550000)
  to   space 13568K,   0% used [0x0b550000, 0x0b550000, 0x0c290000)
 tenured generation   total 271348K, used 230605K [0x19350000, 0x29c4d000, 0x43e00000)
   the space 271348K,  84% used [0x19350000, 0x274834b8, 0x27483600, 0x29c4d000)
 Metaspace       used 3552K, capacity 3598K, committed 3648K, reserved 4480K
}
Event: 5.963 GC heap before
{Heap before GC invocations=86 (full 6):
 def new generation   total 122176K, used 122176K [0x03e00000, 0x0c290000, 0x19350000)
  eden space 108608K, 100% used [0x03e00000, 0x0a810000, 0x0a810000)
  from space 13568K, 100% used [0x0a810000, 0x0b550000, 0x0b550000)
  to   space 13568K,   0% used [0x0b550000, 0x0b550000, 0x0c290000)
 tenured generation   total 271348K, used 230605K [0x19350000, 0x29c4d000, 0x43e00000)
   the space 271348K,  84% used [0x19350000, 0x274834b8, 0x27483600, 0x29c4d000)
 Metaspace       used 3552K, capacity 3598K, committed 3648K, reserved 4480K
Event: 6.039 GC heap after
Heap after GC invocations=87 (full 6):
 def new generation   total 122176K, used 13567K [0x03e00000, 0x0c290000, 0x19350000)
  eden space 108608K,   0% used [0x03e00000, 0x03e00000, 0x0a810000)
  from space 13568K,  99% used [0x0b550000, 0x0c28fff8, 0x0c290000)
  to   space 13568K,   0% used [0x0a810000, 0x0a810000, 0x0b550000)
 tenured generation   total 271348K, used 246800K [0x19350000, 0x29c4d000, 0x43e00000)
   the space 271348K,  90% used [0x19350000, 0x28454318, 0x28454400, 0x29c4d000)
 Metaspace       used 3552K, capacity 3598K, committed 3648K, reserved 4480K
}
Event: 6.238 GC heap before
{Heap before GC invocations=87 (full 6):
 def new generation   total 122176K, used 122175K [0x03e00000, 0x0c290000, 0x19350000)
  eden space 108608K, 100% used [0x03e00000, 0x0a810000, 0x0a810000)
  from space 13568K,  99% used [0x0b550000, 0x0c28fff8, 0x0c290000)
  to   space 13568K,   0% used [0x0a810000, 0x0a810000, 0x0b550000)
 tenured generation   total 271348K, used 246800K [0x19350000, 0x29c4d000, 0x43e00000)
   the space 271348K,  90% used [0x19350000, 0x28454318, 0x28454400, 0x29c4d000)
 Metaspace       used 3552K, capacity 3598K, committed 3648K, reserved 4480K
Event: 6.309 GC heap after
Heap after GC invocations=88 (full 6):
 def new generation   total 122176K, used 13568K [0x03e00000, 0x0c290000, 0x19350000)
  eden space 108608K,   0% used [0x03e00000, 0x03e00000, 0x0a810000)
  from space 13568K, 100% used [0x0a810000, 0x0b550000, 0x0b550000)
  to   space 13568K,   0% used [0x0b550000, 0x0b550000, 0x0c290000)
 tenured generation   total 271348K, used 261384K [0x19350000, 0x29c4d000, 0x43e00000)
   the space 271348K,  96% used [0x19350000, 0x29292250, 0x29292400, 0x29c4d000)
 Metaspace       used 3552K, capacity 3598K, committed 3648K, reserved 4480K
}
Event: 6.504 GC heap before
{Heap before GC invocations=88 (full 6):
 def new generation   total 122176K, used 122176K [0x03e00000, 0x0c290000, 0x19350000)
  eden space 108608K, 100% used [0x03e00000, 0x0a810000, 0x0a810000)
  from space 13568K, 100% used [0x0a810000, 0x0b550000, 0x0b550000)
  to   space 13568K,   0% used [0x0b550000, 0x0b550000, 0x0c290000)
 tenured generation   total 271348K, used 261384K [0x19350000, 0x29c4d000, 0x43e00000)
   the space 271348K,  96% used [0x19350000, 0x29292250, 0x29292400, 0x29c4d000)
 Metaspace       used 3552K, capacity 3598K, committed 3648K, reserved 4480K
Event: 7.272 GC heap after
Heap after GC invocations=89 (full 7):
 def new generation   total 208960K, used 13493K [0x03e00000, 0x120b0000, 0x19350000)
  eden space 185792K,   7% used [0x03e00000, 0x04b2d610, 0x0f370000)
  from space 23168K,   0% used [0x0f370000, 0x0f370000, 0x10a10000)
  to   space 23168K,   0% used [0x10a10000, 0x10a10000, 0x120b0000)
 tenured generation   total 464196K, used 278516K [0x19350000, 0x358a1000, 0x43e00000)
   the space 464196K,  59% used [0x19350000, 0x2a34d000, 0x2a34d000, 0x358a1000)
 Metaspace       used 3552K, capacity 3598K, committed 3648K, reserved 4480K
}
Event: 7.576 GC heap before
{Heap before GC invocations=89 (full 7):
 def new generation   total 208960K, used 185792K [0x03e00000, 0x120b0000, 0x19350000)
  eden space 185792K, 100% used [0x03e00000, 0x0f370000, 0x0f370000)
  from space 23168K,   0% used [0x0f370000, 0x0f370000, 0x10a10000)
  to   space 23168K,   0% used [0x10a10000, 0x10a10000, 0x120b0000)
 tenured generation   total 464196K, used 278516K [0x19350000, 0x358a1000, 0x43e00000)
   the space 464196K,  59% used [0x19350000, 0x2a34d000, 0x2a34d000, 0x358a1000)
 Metaspace       used 3552K, capacity 3598K, committed 3648K, reserved 4480K

