# JRE version: Java(TM) SE Runtime Environment (8.0_101-b13) (build 1.8.0_101-b13)
# Java VM: Java HotSpot(TM) Client VM (25.101-b13 mixed mode windows-x86 )
Heap:
 def new generation   total 39744K, used 28058K [0x03c00000, 0x06710000, 0x19150000)
  eden space 35392K,  79% used [0x03c00000, 0x05766918, 0x05e90000)
  from space 4352K,   0% used [0x05e90000, 0x05e90000, 0x062d0000)
  to   space 4352K,   0% used [0x062d0000, 0x062d0000, 0x06710000)
 tenured generation   total 88060K, used 52835K [0x19150000, 0x1e74f000, 0x43c00000)
   the space 88060K,  59% used [0x19150000, 0x1c4e8db0, 0x1c4e8e00, 0x1e74f000)
 Metaspace       used 3550K, capacity 3598K, committed 3648K, reserved 4480K
GC Heap History (10 events):
Event: 1.430 GC heap before
{Heap before GC invocations=38 (full 3):
 def new generation   total 23232K, used 23232K [0x03c00000, 0x05530000, 0x19150000)
  eden space 20672K, 100% used [0x03c00000, 0x05030000, 0x05030000)
  from space 2560K, 100% used [0x052b0000, 0x05530000, 0x05530000)
  to   space 2560K,   0% used [0x05030000, 0x05030000, 0x052b0000)
 tenured generation   total 51528K, used 39269K [0x19150000, 0x1c3a2000, 0x43c00000)
   the space 51528K,  76% used [0x19150000, 0x1b7a9678, 0x1b7a9800, 0x1c3a2000)
 Metaspace       used 3550K, capacity 3598K, committed 3648K, reserved 4480K
Event: 1.443 GC heap after
Heap after GC invocations=39 (full 3):
 def new generation   total 23232K, used 2560K [0x03c00000, 0x05530000, 0x19150000)
  eden space 20672K,   0% used [0x03c00000, 0x03c00000, 0x05030000)
  from space 2560K, 100% used [0x05030000, 0x052b0000, 0x052b0000)
  to   space 2560K,   0% used [0x052b0000, 0x052b0000, 0x05530000)
 tenured generation   total 51528K, used 42039K [0x19150000, 0x1c3a2000, 0x43c00000)
   the space 51528K,  81% used [0x19150000, 0x1ba5dc08, 0x1ba5de00, 0x1c3a2000)
 Metaspace       used 3550K, capacity 3598K, committed 3648K, reserved 4480K
}
Event: 1.480 GC heap before
{Heap before GC invocations=39 (full 3):
 def new generation   total 23232K, used 23232K [0x03c00000, 0x05530000, 0x19150000)
  eden space 20672K, 100% used [0x03c00000, 0x05030000, 0x05030000)
  from space 2560K, 100% used [0x05030000, 0x052b0000, 0x052b0000)
  to   space 2560K,   0% used [0x052b0000, 0x052b0000, 0x05530000)
 tenured generation   total 51528K, used 42039K [0x19150000, 0x1c3a2000, 0x43c00000)
   the space 51528K,  81% used [0x19150000, 0x1ba5dc08, 0x1ba5de00, 0x1c3a2000)
 Metaspace       used 3550K, capacity 3598K, committed 3648K, reserved 4480K
Event: 1.490 GC heap after
Heap after GC invocations=40 (full 3):
 def new generation   total 23232K, used 2414K [0x03c00000, 0x05530000, 0x19150000)
  eden space 20672K,   0% used [0x03c00000, 0x03c00000, 0x05030000)
  from space 2560K,  94% used [0x052b0000, 0x0550ba40, 0x05530000)
  to   space 2560K,   0% used [0x05030000, 0x05030000, 0x052b0000)
 tenured generation   total 51528K, used 43927K [0x19150000, 0x1c3a2000, 0x43c00000)
   the space 51528K,  85% used [0x19150000, 0x1bc35e78, 0x1bc36000, 0x1c3a2000)
 Metaspace       used 3550K, capacity 3598K, committed 3648K, reserved 4480K
}
Event: 1.526 GC heap before
{Heap before GC invocations=40 (full 3):
 def new generation   total 23232K, used 23086K [0x03c00000, 0x05530000, 0x19150000)
  eden space 20672K, 100% used [0x03c00000, 0x05030000, 0x05030000)
  from space 2560K,  94% used [0x052b0000, 0x0550ba40, 0x05530000)
  to   space 2560K,   0% used [0x05030000, 0x05030000, 0x052b0000)
 tenured generation   total 51528K, used 43927K [0x19150000, 0x1c3a2000, 0x43c00000)
   the space 51528K,  85% used [0x19150000, 0x1bc35e78, 0x1bc36000, 0x1c3a2000)
 Metaspace       used 3550K, capacity 3598K, committed 3648K, reserved 4480K
Event: 1.540 GC heap after
Heap after GC invocations=41 (full 3):
 def new generation   total 23232K, used 2560K [0x03c00000, 0x05530000, 0x19150000)
  eden space 20672K,   0% used [0x03c00000, 0x03c00000, 0x05030000)
  from space 2560K, 100% used [0x05030000, 0x052b0000, 0x052b0000)
  to   space 2560K,   0% used [0x052b0000, 0x052b0000, 0x05530000)
 tenured generation   total 51528K, used 47249K [0x19150000, 0x1c3a2000, 0x43c00000)
   the space 51528K,  91% used [0x19150000, 0x1bf74660, 0x1bf74800, 0x1c3a2000)
 Metaspace       used 3550K, capacity 3598K, committed 3648K, reserved 4480K
}
Event: 1.576 GC heap before
{Heap before GC invocations=41 (full 3):
 def new generation   total 23232K, used 23232K [0x03c00000, 0x05530000, 0x19150000)
  eden space 20672K, 100% used [0x03c00000, 0x05030000, 0x05030000)
  from space 2560K, 100% used [0x05030000, 0x052b0000, 0x052b0000)
  to   space 2560K,   0% used [0x052b0000, 0x052b0000, 0x05530000)
 tenured generation   total 51528K, used 47249K [0x19150000, 0x1c3a2000, 0x43c00000)
   the space 51528K,  91% used [0x19150000, 0x1bf74660, 0x1bf74800, 0x1c3a2000)
 Metaspace       used 3550K, capacity 3598K, committed 3648K, reserved 4480K
Event: 1.588 GC heap after
Heap after GC invocations=42 (full 3):
 def new generation   total 23232K, used 2547K [0x03c00000, 0x05530000, 0x19150000)
  eden space 20672K,   0% used [0x03c00000, 0x03c00000, 0x05030000)
  from space 2560K,  99% used [0x052b0000, 0x0552cc00, 0x05530000)
  to   space 2560K,   0% used [0x05030000, 0x05030000, 0x052b0000)
 tenured generation   total 51528K, used 49480K [0x19150000, 0x1c3a2000, 0x43c00000)
   the space 51528K,  96% used [0x19150000, 0x1c1a2348, 0x1c1a2400, 0x1c3a2000)
 Metaspace       used 3550K, capacity 3598K, committed 3648K, reserved 4480K
}
Event: 1.636 GC heap before
{Heap before GC invocations=42 (full 3):
 def new generation   total 23232K, used 23219K [0x03c00000, 0x05530000, 0x19150000)
  eden space 20672K, 100% used [0x03c00000, 0x05030000, 0x05030000)
  from space 2560K,  99% used [0x052b0000, 0x0552cc00, 0x05530000)
  to   space 2560K,   0% used [0x05030000, 0x05030000, 0x052b0000)
 tenured generation   total 51528K, used 49480K [0x19150000, 0x1c3a2000, 0x43c00000)
   the space 51528K,  96% used [0x19150000, 0x1c1a2348, 0x1c1a2400, 0x1c3a2000)
 Metaspace       used 3550K, capacity 3598K, committed 3648K, reserved 4480K
Event: 1.801 GC heap after
Heap after GC invocations=43 (full 4):
 def new generation   total 39744K, used 0K [0x03c00000, 0x06710000, 0x19150000)
  eden space 35392K,   0% used [0x03c00000, 0x03c00000, 0x05e90000)
  from space 4352K,   0% used [0x05e90000, 0x05e90000, 0x062d0000)
  to   space 4352K,   0% used [0x062d0000, 0x062d0000, 0x06710000)
 tenured generation   total 88060K, used 52835K [0x19150000, 0x1e74f000, 0x43c00000)
   the space 88060K,  59% used [0x19150000, 0x1c4e8db0, 0x1c4e8e00, 0x1e74f000)
 Metaspace       used 3550K, capacity 3598K, committed 3648K, reserved 4480K
}

