# JRE version: Java(TM) SE Runtime Environment (8.0_101-b13) (build 1.8.0_101-b13)
# Java VM: Java HotSpot(TM) Client VM (25.101-b13 mixed mode windows-x86 )
Heap:
 def new generation   total 314560K, used 289164K [0x03e00000, 0x19350000, 0x19350000)
  eden space 279616K,  90% used [0x03e00000, 0x13643118, 0x14f10000)
  from space 34944K,  99% used [0x17130000, 0x1934fff8, 0x19350000)
  to   space 34944K,   0% used [0x14f10000, 0x14f10000, 0x17130000)
 tenured generation   total 699072K, used 608292K [0x19350000, 0x43e00000, 0x43e00000)
   the space 699072K,  87% used [0x19350000, 0x3e559190, 0x3e559200, 0x43e00000)
 Metaspace       used 3551K, capacity 3598K, committed 3648K, reserved 4480K
GC Heap History (10 events):
Event: 11.081 GC heap before
{Heap before GC invocations=98 (full 7):
 def new generation   total 206464K, used 206463K [0x03e00000, 0x11e00000, 0x19350000)
  eden space 183552K, 100% used [0x03e00000, 0x0f140000, 0x0f140000)
  from space 22912K,  99% used [0x0f140000, 0x1079fff8, 0x107a0000)
  to   space 22912K,   0% used [0x107a0000, 0x107a0000, 0x11e00000)
 tenured generation   total 458632K, used 423093K [0x19350000, 0x35332000, 0x43e00000)
   the space 458632K,  92% used [0x19350000, 0x3307d658, 0x3307d800, 0x35332000)
 Metaspace       used 3547K, capacity 3598K, committed 3648K, reserved 4480K
Event: 11.202 GC heap after
Heap after GC invocations=99 (full 7):
 def new generation   total 206464K, used 22912K [0x03e00000, 0x11e00000, 0x19350000)
  eden space 183552K,   0% used [0x03e00000, 0x03e00000, 0x0f140000)
  from space 22912K, 100% used [0x107a0000, 0x11e00000, 0x11e00000)
  to   space 22912K,   0% used [0x0f140000, 0x0f140000, 0x107a0000)
 tenured generation   total 458632K, used 448591K [0x19350000, 0x35332000, 0x43e00000)
   the space 458632K,  97% used [0x19350000, 0x34963d50, 0x34963e00, 0x35332000)
 Metaspace       used 3547K, capacity 3598K, committed 3648K, reserved 4480K
}
Event: 11.513 GC heap before
{Heap before GC invocations=99 (full 7):
 def new generation   total 206464K, used 206464K [0x03e00000, 0x11e00000, 0x19350000)
  eden space 183552K, 100% used [0x03e00000, 0x0f140000, 0x0f140000)
  from space 22912K, 100% used [0x107a0000, 0x11e00000, 0x11e00000)
  to   space 22912K,   0% used [0x0f140000, 0x0f140000, 0x107a0000)
 tenured generation   total 458632K, used 448591K [0x19350000, 0x35332000, 0x43e00000)
   the space 458632K,  97% used [0x19350000, 0x34963d50, 0x34963e00, 0x35332000)
 Metaspace       used 3547K, capacity 3598K, committed 3648K, reserved 4480K
Event: 12.989 GC heap after
Heap after GC invocations=100 (full 8):
 def new generation   total 314560K, used 3217K [0x03e00000, 0x19350000, 0x19350000)
  eden space 279616K,   1% used [0x03e00000, 0x04124768, 0x14f10000)
  from space 34944K,   0% used [0x14f10000, 0x14f10000, 0x17130000)
  to   space 34944K,   0% used [0x17130000, 0x17130000, 0x19350000)
 tenured generation   total 699072K, used 471303K [0x19350000, 0x43e00000, 0x43e00000)
   the space 699072K,  67% used [0x19350000, 0x35f91ff8, 0x35f92000, 0x43e00000)
 Metaspace       used 3547K, capacity 3598K, committed 3648K, reserved 4480K
}
Event: 13.490 GC heap before
{Heap before GC invocations=100 (full 8):
 def new generation   total 314560K, used 279616K [0x03e00000, 0x19350000, 0x19350000)
  eden space 279616K, 100% used [0x03e00000, 0x14f10000, 0x14f10000)
  from space 34944K,   0% used [0x14f10000, 0x14f10000, 0x17130000)
  to   space 34944K,   0% used [0x17130000, 0x17130000, 0x19350000)
 tenured generation   total 699072K, used 471303K [0x19350000, 0x43e00000, 0x43e00000)
   the space 699072K,  67% used [0x19350000, 0x35f91ff8, 0x35f92000, 0x43e00000)
 Metaspace       used 3547K, capacity 3598K, committed 3648K, reserved 4480K
Event: 13.855 GC heap after
Heap after GC invocations=101 (full 8):
 def new generation   total 314560K, used 34944K [0x03e00000, 0x19350000, 0x19350000)
  eden space 279616K,   0% used [0x03e00000, 0x03e00000, 0x14f10000)
  from space 34944K, 100% used [0x17130000, 0x19350000, 0x19350000)
  to   space 34944K,   0% used [0x14f10000, 0x14f10000, 0x17130000)
 tenured generation   total 699072K, used 480055K [0x19350000, 0x43e00000, 0x43e00000)
   the space 699072K,  68% used [0x19350000, 0x3681dff0, 0x3681e000, 0x43e00000)
 Metaspace       used 3547K, capacity 3598K, committed 3648K, reserved 4480K
}
Event: 15.618 GC heap before
{Heap before GC invocations=101 (full 8):
 def new generation   total 314560K, used 314560K [0x03e00000, 0x19350000, 0x19350000)
  eden space 279616K, 100% used [0x03e00000, 0x14f10000, 0x14f10000)
  from space 34944K, 100% used [0x17130000, 0x19350000, 0x19350000)
  to   space 34944K,   0% used [0x14f10000, 0x14f10000, 0x17130000)
 tenured generation   total 699072K, used 480055K [0x19350000, 0x43e00000, 0x43e00000)
   the space 699072K,  68% used [0x19350000, 0x3681dff0, 0x3681e000, 0x43e00000)
 Metaspace       used 3547K, capacity 3598K, committed 3648K, reserved 4480K
Event: 15.873 GC heap after
Heap after GC invocations=102 (full 8):
 def new generation   total 314560K, used 34943K [0x03e00000, 0x19350000, 0x19350000)
  eden space 279616K,   0% used [0x03e00000, 0x03e00000, 0x14f10000)
  from space 34944K,  99% used [0x14f10000, 0x1712fff8, 0x17130000)
  to   space 34944K,   0% used [0x17130000, 0x17130000, 0x19350000)
 tenured generation   total 699072K, used 573235K [0x19350000, 0x43e00000, 0x43e00000)
   the space 699072K,  81% used [0x19350000, 0x3c31cfe8, 0x3c31d000, 0x43e00000)
 Metaspace       used 3547K, capacity 3598K, committed 3648K, reserved 4480K
}
Event: 16.466 GC heap before
{Heap before GC invocations=102 (full 8):
 def new generation   total 314560K, used 314559K [0x03e00000, 0x19350000, 0x19350000)
  eden space 279616K, 100% used [0x03e00000, 0x14f10000, 0x14f10000)
  from space 34944K,  99% used [0x14f10000, 0x1712fff8, 0x17130000)
  to   space 34944K,   0% used [0x17130000, 0x17130000, 0x19350000)
 tenured generation   total 699072K, used 573235K [0x19350000, 0x43e00000, 0x43e00000)
   the space 699072K,  81% used [0x19350000, 0x3c31cfe8, 0x3c31d000, 0x43e00000)
 Metaspace       used 3551K, capacity 3598K, committed 3648K, reserved 4480K
Event: 16.585 GC heap after
Heap after GC invocations=103 (full 8):
 def new generation   total 314560K, used 34943K [0x03e00000, 0x19350000, 0x19350000)
  eden space 279616K,   0% used [0x03e00000, 0x03e00000, 0x14f10000)
  from space 34944K,  99% used [0x17130000, 0x1934fff8, 0x19350000)
  to   space 34944K,   0% used [0x14f10000, 0x14f10000, 0x17130000)
 tenured generation   total 699072K, used 608292K [0x19350000, 0x43e00000, 0x43e00000)
   the space 699072K,  87% used [0x19350000, 0x3e559190, 0x3e559200, 0x43e00000)
 Metaspace       used 3551K, capacity 3598K, committed 3648K, reserved 4480K
}

