# JRE version: Java(TM) SE Runtime Environment (8.0_101-b13) (build 1.8.0_101-b13)
# Java VM: Java HotSpot(TM) Client VM (25.101-b13 mixed mode windows-x86 )
Heap:
 def new generation   total 67520K, used 67520K [0x03e00000, 0x08740000, 0x19350000)
  eden space 60032K, 100% used [0x03e00000, 0x078a0000, 0x078a0000)
  from space 7488K, 100% used [0x07ff0000, 0x08740000, 0x08740000)
  to   space 7488K,  89% used [0x078a0000, 0x07f33eb8, 0x07ff0000)
 tenured generation   total 149920K, used 131930K [0x19350000, 0x225b8000, 0x43e00000)
   the space 149920K,  88% used [0x19350000, 0x21426ab8, 0x21426c00, 0x225b8000)
 Metaspace       used 3553K, capacity 3598K, committed 3648K, reserved 4480K
GC Heap History (10 events):
Event: 2.895 GC heap after
Heap after GC invocations=53 (full 5):
 def new generation   total 67520K, used 7488K [0x03e00000, 0x08740000, 0x19350000)
  eden space 60032K,   0% used [0x03e00000, 0x03e00000, 0x078a0000)
  from space 7488K, 100% used [0x07ff0000, 0x08740000, 0x08740000)
  to   space 7488K,   0% used [0x078a0000, 0x078a0000, 0x07ff0000)
 tenured generation   total 149920K, used 94360K [0x19350000, 0x225b8000, 0x43e00000)
   the space 149920K,  62% used [0x19350000, 0x1ef76250, 0x1ef76400, 0x225b8000)
 Metaspace       used 3552K, capacity 3598K, committed 3648K, reserved 4480K
}
Event: 2.996 GC heap before
{Heap before GC invocations=53 (full 5):
 def new generation   total 67520K, used 67520K [0x03e00000, 0x08740000, 0x19350000)
  eden space 60032K, 100% used [0x03e00000, 0x078a0000, 0x078a0000)
  from space 7488K, 100% used [0x07ff0000, 0x08740000, 0x08740000)
  to   space 7488K,   0% used [0x078a0000, 0x078a0000, 0x07ff0000)
 tenured generation   total 149920K, used 94360K [0x19350000, 0x225b8000, 0x43e00000)
   the space 149920K,  62% used [0x19350000, 0x1ef76250, 0x1ef76400, 0x225b8000)
 Metaspace       used 3552K, capacity 3598K, committed 3648K, reserved 4480K
Event: 3.038 GC heap after
Heap after GC invocations=54 (full 5):
 def new generation   total 67520K, used 7487K [0x03e00000, 0x08740000, 0x19350000)
  eden space 60032K,   0% used [0x03e00000, 0x03e00000, 0x078a0000)
  from space 7488K,  99% used [0x078a0000, 0x07fefff8, 0x07ff0000)
  to   space 7488K,   0% used [0x07ff0000, 0x07ff0000, 0x08740000)
 tenured generation   total 149920K, used 102874K [0x19350000, 0x225b8000, 0x43e00000)
   the space 149920K,  68% used [0x19350000, 0x1f7c69b0, 0x1f7c6a00, 0x225b8000)
 Metaspace       used 3552K, capacity 3598K, committed 3648K, reserved 4480K
}
Event: 3.139 GC heap before
{Heap before GC invocations=54 (full 5):
 def new generation   total 67520K, used 67519K [0x03e00000, 0x08740000, 0x19350000)
  eden space 60032K, 100% used [0x03e00000, 0x078a0000, 0x078a0000)
  from space 7488K,  99% used [0x078a0000, 0x07fefff8, 0x07ff0000)
  to   space 7488K,   0% used [0x07ff0000, 0x07ff0000, 0x08740000)
 tenured generation   total 149920K, used 102874K [0x19350000, 0x225b8000, 0x43e00000)
   the space 149920K,  68% used [0x19350000, 0x1f7c69b0, 0x1f7c6a00, 0x225b8000)
 Metaspace       used 3552K, capacity 3598K, committed 3648K, reserved 4480K
Event: 3.181 GC heap after
Heap after GC invocations=55 (full 5):
 def new generation   total 67520K, used 7488K [0x03e00000, 0x08740000, 0x19350000)
  eden space 60032K,   0% used [0x03e00000, 0x03e00000, 0x078a0000)
  from space 7488K, 100% used [0x07ff0000, 0x08740000, 0x08740000)
  to   space 7488K,   0% used [0x078a0000, 0x078a0000, 0x07ff0000)
 tenured generation   total 149920K, used 111869K [0x19350000, 0x225b8000, 0x43e00000)
   the space 149920K,  74% used [0x19350000, 0x2008f4a8, 0x2008f600, 0x225b8000)
 Metaspace       used 3552K, capacity 3598K, committed 3648K, reserved 4480K
}
Event: 3.284 GC heap before
{Heap before GC invocations=55 (full 5):
 def new generation   total 67520K, used 67520K [0x03e00000, 0x08740000, 0x19350000)
  eden space 60032K, 100% used [0x03e00000, 0x078a0000, 0x078a0000)
  from space 7488K, 100% used [0x07ff0000, 0x08740000, 0x08740000)
  to   space 7488K,   0% used [0x078a0000, 0x078a0000, 0x07ff0000)
 tenured generation   total 149920K, used 111869K [0x19350000, 0x225b8000, 0x43e00000)
   the space 149920K,  74% used [0x19350000, 0x2008f4a8, 0x2008f600, 0x225b8000)
 Metaspace       used 3553K, capacity 3598K, committed 3648K, reserved 4480K
Event: 3.324 GC heap after
Heap after GC invocations=56 (full 5):
 def new generation   total 67520K, used 7487K [0x03e00000, 0x08740000, 0x19350000)
  eden space 60032K,   0% used [0x03e00000, 0x03e00000, 0x078a0000)
  from space 7488K,  99% used [0x078a0000, 0x07fefff8, 0x07ff0000)
  to   space 7488K,   0% used [0x07ff0000, 0x07ff0000, 0x08740000)
 tenured generation   total 149920K, used 120424K [0x19350000, 0x225b8000, 0x43e00000)
   the space 149920K,  80% used [0x19350000, 0x208ea200, 0x208ea200, 0x225b8000)
 Metaspace       used 3553K, capacity 3598K, committed 3648K, reserved 4480K
}
Event: 3.425 GC heap before
{Heap before GC invocations=56 (full 5):
 def new generation   total 67520K, used 67519K [0x03e00000, 0x08740000, 0x19350000)
  eden space 60032K, 100% used [0x03e00000, 0x078a0000, 0x078a0000)
  from space 7488K,  99% used [0x078a0000, 0x07fefff8, 0x07ff0000)
  to   space 7488K,   0% used [0x07ff0000, 0x07ff0000, 0x08740000)
 tenured generation   total 149920K, used 120424K [0x19350000, 0x225b8000, 0x43e00000)
   the space 149920K,  80% used [0x19350000, 0x208ea200, 0x208ea200, 0x225b8000)
 Metaspace       used 3553K, capacity 3598K, committed 3648K, reserved 4480K
Event: 3.469 GC heap after
Heap after GC invocations=57 (full 5):
 def new generation   total 67520K, used 7488K [0x03e00000, 0x08740000, 0x19350000)
  eden space 60032K,   0% used [0x03e00000, 0x03e00000, 0x078a0000)
  from space 7488K, 100% used [0x07ff0000, 0x08740000, 0x08740000)
  to   space 7488K,   0% used [0x078a0000, 0x078a0000, 0x07ff0000)
 tenured generation   total 149920K, used 130344K [0x19350000, 0x225b8000, 0x43e00000)
   the space 149920K,  86% used [0x19350000, 0x2129a380, 0x2129a400, 0x225b8000)
 Metaspace       used 3553K, capacity 3598K, committed 3648K, reserved 4480K
}
Event: 3.581 GC heap before
{Heap before GC invocations=57 (full 5):
 def new generation   total 67520K, used 67520K [0x03e00000, 0x08740000, 0x19350000)
  eden space 60032K, 100% used [0x03e00000, 0x078a0000, 0x078a0000)
  from space 7488K, 100% used [0x07ff0000, 0x08740000, 0x08740000)
  to   space 7488K,   0% used [0x078a0000, 0x078a0000, 0x07ff0000)
 tenured generation   total 149920K, used 130344K [0x19350000, 0x225b8000, 0x43e00000)
   the space 149920K,  86% used [0x19350000, 0x2129a380, 0x2129a400, 0x225b8000)
 Metaspace       used 3553K, capacity 3598K, committed 3648K, reserved 4480K

