# JRE version: Java(TM) SE Runtime Environment (8.0_101-b13) (build 1.8.0_101-b13)
# Java VM: Java HotSpot(TM) Client VM (25.101-b13 mixed mode windows-x86 )
Heap:
 def new generation   total 219264K, used 24320K [0x03e00000, 0x12be0000, 0x19350000)
  eden space 194944K,   0% used [0x03e00000, 0x03e00000, 0x0fc60000)
  from space 24320K, 100% used [0x11420000, 0x12be0000, 0x12be0000)
  to   space 24320K,   0% used [0x0fc60000, 0x0fc60000, 0x11420000)
 tenured generation   total 505232K, used 505158K [0x19350000, 0x380b4000, 0x43e00000)
   the space 505232K,  99% used [0x19350000, 0x380a1ac8, 0x380a1c00, 0x380b4000)
 Metaspace       used 3547K, capacity 3598K, committed 3648K, reserved 4480K
GC Heap History (10 events):
Event: 9.782 GC heap after
Heap after GC invocations=96 (full 7):
 def new generation   total 219264K, used 179K [0x03e00000, 0x12be0000, 0x19350000)
  eden space 194944K,   0% used [0x03e00000, 0x03e00000, 0x0fc60000)
  from space 24320K,   0% used [0x0fc60000, 0x0fc8cdd8, 0x11420000)
  to   space 24320K,   0% used [0x11420000, 0x11420000, 0x12be0000)
 tenured generation   total 487056K, used 389974K [0x19350000, 0x36ef4000, 0x43e00000)
   the space 487056K,  80% used [0x19350000, 0x31025bd0, 0x31025c00, 0x36ef4000)
 Metaspace       used 3547K, capacity 3598K, committed 3648K, reserved 4480K
}
Event: 10.117 GC heap before
{Heap before GC invocations=96 (full 7):
 def new generation   total 219264K, used 195123K [0x03e00000, 0x12be0000, 0x19350000)
  eden space 194944K, 100% used [0x03e00000, 0x0fc60000, 0x0fc60000)
  from space 24320K,   0% used [0x0fc60000, 0x0fc8cdd8, 0x11420000)
  to   space 24320K,   0% used [0x11420000, 0x11420000, 0x12be0000)
 tenured generation   total 487056K, used 389974K [0x19350000, 0x36ef4000, 0x43e00000)
   the space 487056K,  80% used [0x19350000, 0x31025bd0, 0x31025c00, 0x36ef4000)
 Metaspace       used 3547K, capacity 3598K, committed 3648K, reserved 4480K
Event: 10.199 GC heap after
Heap after GC invocations=97 (full 7):
 def new generation   total 219264K, used 24320K [0x03e00000, 0x12be0000, 0x19350000)
  eden space 194944K,   0% used [0x03e00000, 0x03e00000, 0x0fc60000)
  from space 24320K, 100% used [0x11420000, 0x12be0000, 0x12be0000)
  to   space 24320K,   0% used [0x0fc60000, 0x0fc60000, 0x11420000)
 tenured generation   total 487056K, used 394117K [0x19350000, 0x36ef4000, 0x43e00000)
   the space 487056K,  80% used [0x19350000, 0x31431770, 0x31431800, 0x36ef4000)
 Metaspace       used 3547K, capacity 3598K, committed 3648K, reserved 4480K
}
Event: 10.511 GC heap before
{Heap before GC invocations=97 (full 7):
 def new generation   total 219264K, used 219264K [0x03e00000, 0x12be0000, 0x19350000)
  eden space 194944K, 100% used [0x03e00000, 0x0fc60000, 0x0fc60000)
  from space 24320K, 100% used [0x11420000, 0x12be0000, 0x12be0000)
  to   space 24320K,   0% used [0x0fc60000, 0x0fc60000, 0x11420000)
 tenured generation   total 487056K, used 394117K [0x19350000, 0x36ef4000, 0x43e00000)
   the space 487056K,  80% used [0x19350000, 0x31431770, 0x31431800, 0x36ef4000)
 Metaspace       used 3547K, capacity 3598K, committed 3648K, reserved 4480K
Event: 10.638 GC heap after
Heap after GC invocations=98 (full 7):
 def new generation   total 219264K, used 24320K [0x03e00000, 0x12be0000, 0x19350000)
  eden space 194944K,   0% used [0x03e00000, 0x03e00000, 0x0fc60000)
  from space 24320K, 100% used [0x0fc60000, 0x11420000, 0x11420000)
  to   space 24320K,   0% used [0x11420000, 0x11420000, 0x12be0000)
 tenured generation   total 487056K, used 421454K [0x19350000, 0x36ef4000, 0x43e00000)
   the space 487056K,  86% used [0x19350000, 0x32ee3b08, 0x32ee3c00, 0x36ef4000)
 Metaspace       used 3547K, capacity 3598K, committed 3648K, reserved 4480K
}
Event: 10.957 GC heap before
{Heap before GC invocations=98 (full 7):
 def new generation   total 219264K, used 219264K [0x03e00000, 0x12be0000, 0x19350000)
  eden space 194944K, 100% used [0x03e00000, 0x0fc60000, 0x0fc60000)
  from space 24320K, 100% used [0x0fc60000, 0x11420000, 0x11420000)
  to   space 24320K,   0% used [0x11420000, 0x11420000, 0x12be0000)
 tenured generation   total 487056K, used 421454K [0x19350000, 0x36ef4000, 0x43e00000)
   the space 487056K,  86% used [0x19350000, 0x32ee3b08, 0x32ee3c00, 0x36ef4000)
 Metaspace       used 3547K, capacity 3598K, committed 3648K, reserved 4480K
Event: 11.088 GC heap after
Heap after GC invocations=99 (full 7):
 def new generation   total 219264K, used 24320K [0x03e00000, 0x12be0000, 0x19350000)
  eden space 194944K,   0% used [0x03e00000, 0x03e00000, 0x0fc60000)
  from space 24320K, 100% used [0x11420000, 0x12be0000, 0x12be0000)
  to   space 24320K,   0% used [0x0fc60000, 0x0fc60000, 0x11420000)
 tenured generation   total 487056K, used 449253K [0x19350000, 0x36ef4000, 0x43e00000)
   the space 487056K,  92% used [0x19350000, 0x34a09700, 0x34a09800, 0x36ef4000)
 Metaspace       used 3547K, capacity 3598K, committed 3648K, reserved 4480K
}
Event: 11.431 GC heap before
{Heap before GC invocations=99 (full 7):
 def new generation   total 219264K, used 219264K [0x03e00000, 0x12be0000, 0x19350000)
  eden space 194944K, 100% used [0x03e00000, 0x0fc60000, 0x0fc60000)
  from space 24320K, 100% used [0x11420000, 0x12be0000, 0x12be0000)
  to   space 24320K,   0% used [0x0fc60000, 0x0fc60000, 0x11420000)
 tenured generation   total 487056K, used 449253K [0x19350000, 0x36ef4000, 0x43e00000)
   the space 487056K,  92% used [0x19350000, 0x34a09700, 0x34a09800, 0x36ef4000)
 Metaspace       used 3547K, capacity 3598K, committed 3648K, reserved 4480K
Event: 11.556 GC heap after
Heap after GC invocations=100 (full 7):
 def new generation   total 219264K, used 24320K [0x03e00000, 0x12be0000, 0x19350000)
  eden space 194944K,   0% used [0x03e00000, 0x03e00000, 0x0fc60000)
  from space 24320K, 100% used [0x0fc60000, 0x11420000, 0x11420000)
  to   space 24320K,   0% used [0x11420000, 0x11420000, 0x12be0000)
 tenured generation   total 487056K, used 473599K [0x19350000, 0x36ef4000, 0x43e00000)
   the space 487056K,  97% used [0x19350000, 0x361cfcb0, 0x361cfe00, 0x36ef4000)
 Metaspace       used 3547K, capacity 3598K, committed 3648K, reserved 4480K
}
Event: 11.909 GC heap before
{Heap before GC invocations=100 (full 7):
 def new generation   total 219264K, used 219264K [0x03e00000, 0x12be0000, 0x19350000)
  eden space 194944K, 100% used [0x03e00000, 0x0fc60000, 0x0fc60000)
  from space 24320K, 100% used [0x0fc60000, 0x11420000, 0x11420000)
  to   space 24320K,   0% used [0x11420000, 0x11420000, 0x12be0000)
 tenured generation   total 487056K, used 473599K [0x19350000, 0x36ef4000, 0x43e00000)
   the space 487056K,  97% used [0x19350000, 0x361cfcb0, 0x361cfe00, 0x36ef4000)
 Metaspace       used 3547K, capacity 3598K, committed 3648K, reserved 4480K

