# JRE version: Java(TM) SE Runtime Environment (8.0_101-b13) (build 1.8.0_101-b13)
# Java VM: Java HotSpot(TM) Client VM (25.101-b13 mixed mode windows-x86 )
Heap:
 def new generation   total 113024K, used 105123K [0x03e00000, 0x0b8a0000, 0x19350000)
  eden space 100480K, 100% used [0x03e00000, 0x0a020000, 0x0a020000)
  from space 12544K,  37% used [0x0ac60000, 0x0b0e8e50, 0x0b8a0000)
  to   space 12544K,  73% used [0x0a020000, 0x0a92ba38, 0x0ac60000)
 tenured generation   total 251016K, used 175624K [0x19350000, 0x28872000, 0x43e00000)
   the space 251016K,  69% used [0x19350000, 0x23ed2368, 0x23ed2400, 0x28872000)
 Metaspace       used 3546K, capacity 3598K, committed 3648K, reserved 4480K
GC Heap History (10 events):
Event: 3.595 GC heap after
Heap after GC invocations=77 (full 5):
 def new generation   total 65472K, used 7232K [0x03e00000, 0x08500000, 0x19350000)
  eden space 58240K,   0% used [0x03e00000, 0x03e00000, 0x076e0000)
  from space 7232K, 100% used [0x07df0000, 0x08500000, 0x08500000)
  to   space 7232K,   0% used [0x076e0000, 0x076e0000, 0x07df0000)
 tenured generation   total 145360K, used 144230K [0x19350000, 0x22144000, 0x43e00000)
   the space 145360K,  99% used [0x19350000, 0x22029988, 0x22029a00, 0x22144000)
 Metaspace       used 3545K, capacity 3566K, committed 3648K, reserved 4480K
}
Event: 3.688 GC heap before
{Heap before GC invocations=77 (full 5):
 def new generation   total 65472K, used 65472K [0x03e00000, 0x08500000, 0x19350000)
  eden space 58240K, 100% used [0x03e00000, 0x076e0000, 0x076e0000)
  from space 7232K, 100% used [0x07df0000, 0x08500000, 0x08500000)
  to   space 7232K,   0% used [0x076e0000, 0x076e0000, 0x07df0000)
 tenured generation   total 145360K, used 144230K [0x19350000, 0x22144000, 0x43e00000)
   the space 145360K,  99% used [0x19350000, 0x22029988, 0x22029a00, 0x22144000)
 Metaspace       used 3545K, capacity 3566K, committed 3648K, reserved 4480K
Event: 4.076 GC heap after
Heap after GC invocations=78 (full 6):
 def new generation   total 113024K, used 5174K [0x03e00000, 0x0b8a0000, 0x19350000)
  eden space 100480K,   5% used [0x03e00000, 0x0430d928, 0x0a020000)
  from space 12544K,   0% used [0x0a020000, 0x0a020000, 0x0ac60000)
  to   space 12544K,   0% used [0x0ac60000, 0x0ac60000, 0x0b8a0000)
 tenured generation   total 251016K, used 150607K [0x19350000, 0x28872000, 0x43e00000)
   the space 251016K,  59% used [0x19350000, 0x22663f78, 0x22664000, 0x28872000)
 Metaspace       used 3545K, capacity 3566K, committed 3648K, reserved 4480K
}
Event: 4.252 GC heap before
{Heap before GC invocations=78 (full 6):
 def new generation   total 113024K, used 100480K [0x03e00000, 0x0b8a0000, 0x19350000)
  eden space 100480K, 100% used [0x03e00000, 0x0a020000, 0x0a020000)
  from space 12544K,   0% used [0x0a020000, 0x0a020000, 0x0ac60000)
  to   space 12544K,   0% used [0x0ac60000, 0x0ac60000, 0x0b8a0000)
 tenured generation   total 251016K, used 150607K [0x19350000, 0x28872000, 0x43e00000)
   the space 251016K,  59% used [0x19350000, 0x22663f78, 0x22664000, 0x28872000)
 Metaspace       used 3545K, capacity 3566K, committed 3648K, reserved 4480K
Event: 4.368 GC heap after
Heap after GC invocations=79 (full 6):
 def new generation   total 113024K, used 12544K [0x03e00000, 0x0b8a0000, 0x19350000)
  eden space 100480K,   0% used [0x03e00000, 0x03e00000, 0x0a020000)
  from space 12544K, 100% used [0x0ac60000, 0x0b8a0000, 0x0b8a0000)
  to   space 12544K,   0% used [0x0a020000, 0x0a020000, 0x0ac60000)
 tenured generation   total 251016K, used 155904K [0x19350000, 0x28872000, 0x43e00000)
   the space 251016K,  62% used [0x19350000, 0x22b90248, 0x22b90400, 0x28872000)
 Metaspace       used 3545K, capacity 3566K, committed 3648K, reserved 4480K
}
Event: 4.459 GC heap before
{Heap before GC invocations=79 (full 6):
 def new generation   total 113024K, used 113024K [0x03e00000, 0x0b8a0000, 0x19350000)
  eden space 100480K, 100% used [0x03e00000, 0x0a020000, 0x0a020000)
  from space 12544K, 100% used [0x0ac60000, 0x0b8a0000, 0x0b8a0000)
  to   space 12544K,   0% used [0x0a020000, 0x0a020000, 0x0ac60000)
 tenured generation   total 251016K, used 155904K [0x19350000, 0x28872000, 0x43e00000)
   the space 251016K,  62% used [0x19350000, 0x22b90248, 0x22b90400, 0x28872000)
 Metaspace       used 3546K, capacity 3598K, committed 3648K, reserved 4480K
Event: 4.505 GC heap after
Heap after GC invocations=80 (full 6):
 def new generation   total 113024K, used 7555K [0x03e00000, 0x0b8a0000, 0x19350000)
  eden space 100480K,   0% used [0x03e00000, 0x03e00000, 0x0a020000)
  from space 12544K,  60% used [0x0a020000, 0x0a780d58, 0x0ac60000)
  to   space 12544K,   0% used [0x0ac60000, 0x0ac60000, 0x0b8a0000)
 tenured generation   total 251016K, used 168249K [0x19350000, 0x28872000, 0x43e00000)
   the space 251016K,  67% used [0x19350000, 0x2379e678, 0x2379e800, 0x28872000)
 Metaspace       used 3546K, capacity 3598K, committed 3648K, reserved 4480K
}
Event: 4.605 GC heap before
{Heap before GC invocations=80 (full 6):
 def new generation   total 113024K, used 108035K [0x03e00000, 0x0b8a0000, 0x19350000)
  eden space 100480K, 100% used [0x03e00000, 0x0a020000, 0x0a020000)
  from space 12544K,  60% used [0x0a020000, 0x0a780d58, 0x0ac60000)
  to   space 12544K,   0% used [0x0ac60000, 0x0ac60000, 0x0b8a0000)
 tenured generation   total 251016K, used 168249K [0x19350000, 0x28872000, 0x43e00000)
   the space 251016K,  67% used [0x19350000, 0x2379e678, 0x2379e800, 0x28872000)
 Metaspace       used 3546K, capacity 3598K, committed 3648K, reserved 4480K
Event: 4.630 GC heap after
Heap after GC invocations=81 (full 6):
 def new generation   total 113024K, used 4643K [0x03e00000, 0x0b8a0000, 0x19350000)
  eden space 100480K,   0% used [0x03e00000, 0x03e00000, 0x0a020000)
  from space 12544K,  37% used [0x0ac60000, 0x0b0e8e50, 0x0b8a0000)
  to   space 12544K,   0% used [0x0a020000, 0x0a020000, 0x0ac60000)
 tenured generation   total 251016K, used 175624K [0x19350000, 0x28872000, 0x43e00000)
   the space 251016K,  69% used [0x19350000, 0x23ed2368, 0x23ed2400, 0x28872000)
 Metaspace       used 3546K, capacity 3598K, committed 3648K, reserved 4480K
}
Event: 4.833 GC heap before
{Heap before GC invocations=81 (full 6):
 def new generation   total 113024K, used 105123K [0x03e00000, 0x0b8a0000, 0x19350000)
  eden space 100480K, 100% used [0x03e00000, 0x0a020000, 0x0a020000)
  from space 12544K,  37% used [0x0ac60000, 0x0b0e8e50, 0x0b8a0000)
  to   space 12544K,   0% used [0x0a020000, 0x0a020000, 0x0ac60000)
 tenured generation   total 251016K, used 175624K [0x19350000, 0x28872000, 0x43e00000)
   the space 251016K,  69% used [0x19350000, 0x23ed2368, 0x23ed2400, 0x28872000)
 Metaspace       used 3546K, capacity 3598K, committed 3648K, reserved 4480K

