# JRE version: Java(TM) SE Runtime Environment (8.0_101-b13) (build 1.8.0_101-b13)
# Java VM: Java HotSpot(TM) Client VM (25.101-b13 mixed mode windows-x86 )
Heap:
 def new generation   total 186048K, used 20672K [0x03c00000, 0x105e0000, 0x19150000)
  eden space 165376K,   0% used [0x03c00000, 0x03c00000, 0x0dd80000)
  from space 20672K, 100% used [0x0dd80000, 0x0f1b0000, 0x0f1b0000)
  to   space 20672K,   0% used [0x0f1b0000, 0x0f1b0000, 0x105e0000)
 tenured generation   total 428420K, used 428402K [0x19150000, 0x333b1000, 0x43c00000)
   the space 428420K,  99% used [0x19150000, 0x333ac800, 0x333ac800, 0x333b1000)
 Metaspace       used 3547K, capacity 3598K, committed 3648K, reserved 4480K
GC Heap History (10 events):
Event: 8.560 GC heap after
Heap after GC invocations=90 (full 7):
 def new generation   total 186048K, used 20672K [0x03c00000, 0x105e0000, 0x19150000)
  eden space 165376K,   0% used [0x03c00000, 0x03c00000, 0x0dd80000)
  from space 20672K, 100% used [0x0f1b0000, 0x105e0000, 0x105e0000)
  to   space 20672K,   0% used [0x0dd80000, 0x0dd80000, 0x0f1b0000)
 tenured generation   total 413316K, used 310913K [0x19150000, 0x324f1000, 0x43c00000)
   the space 413316K,  75% used [0x19150000, 0x2c0f0628, 0x2c0f0800, 0x324f1000)
 Metaspace       used 3527K, capacity 3560K, committed 3648K, reserved 4480K
}
Event: 8.808 GC heap before
{Heap before GC invocations=90 (full 7):
 def new generation   total 186048K, used 186048K [0x03c00000, 0x105e0000, 0x19150000)
  eden space 165376K, 100% used [0x03c00000, 0x0dd80000, 0x0dd80000)
  from space 20672K, 100% used [0x0f1b0000, 0x105e0000, 0x105e0000)
  to   space 20672K,   0% used [0x0dd80000, 0x0dd80000, 0x0f1b0000)
 tenured generation   total 413316K, used 310913K [0x19150000, 0x324f1000, 0x43c00000)
   the space 413316K,  75% used [0x19150000, 0x2c0f0628, 0x2c0f0800, 0x324f1000)
 Metaspace       used 3527K, capacity 3560K, committed 3648K, reserved 4480K
Event: 8.913 GC heap after
Heap after GC invocations=91 (full 7):
 def new generation   total 186048K, used 20672K [0x03c00000, 0x105e0000, 0x19150000)
  eden space 165376K,   0% used [0x03c00000, 0x03c00000, 0x0dd80000)
  from space 20672K, 100% used [0x0dd80000, 0x0f1b0000, 0x0f1b0000)
  to   space 20672K,   0% used [0x0f1b0000, 0x0f1b0000, 0x105e0000)
 tenured generation   total 413316K, used 333781K [0x19150000, 0x324f1000, 0x43c00000)
   the space 413316K,  80% used [0x19150000, 0x2d7454d8, 0x2d745600, 0x324f1000)
 Metaspace       used 3527K, capacity 3560K, committed 3648K, reserved 4480K
}
Event: 9.186 GC heap before
{Heap before GC invocations=91 (full 7):
 def new generation   total 186048K, used 186048K [0x03c00000, 0x105e0000, 0x19150000)
  eden space 165376K, 100% used [0x03c00000, 0x0dd80000, 0x0dd80000)
  from space 20672K, 100% used [0x0dd80000, 0x0f1b0000, 0x0f1b0000)
  to   space 20672K,   0% used [0x0f1b0000, 0x0f1b0000, 0x105e0000)
 tenured generation   total 413316K, used 333781K [0x19150000, 0x324f1000, 0x43c00000)
   the space 413316K,  80% used [0x19150000, 0x2d7454d8, 0x2d745600, 0x324f1000)
 Metaspace       used 3527K, capacity 3560K, committed 3648K, reserved 4480K
Event: 9.296 GC heap after
Heap after GC invocations=92 (full 7):
 def new generation   total 186048K, used 20672K [0x03c00000, 0x105e0000, 0x19150000)
  eden space 165376K,   0% used [0x03c00000, 0x03c00000, 0x0dd80000)
  from space 20672K, 100% used [0x0f1b0000, 0x105e0000, 0x105e0000)
  to   space 20672K,   0% used [0x0dd80000, 0x0dd80000, 0x0f1b0000)
 tenured generation   total 413316K, used 358225K [0x19150000, 0x324f1000, 0x43c00000)
   the space 413316K,  86% used [0x19150000, 0x2ef247b8, 0x2ef24800, 0x324f1000)
 Metaspace       used 3527K, capacity 3560K, committed 3648K, reserved 4480K
}
Event: 9.545 GC heap before
{Heap before GC invocations=92 (full 7):
 def new generation   total 186048K, used 186048K [0x03c00000, 0x105e0000, 0x19150000)
  eden space 165376K, 100% used [0x03c00000, 0x0dd80000, 0x0dd80000)
  from space 20672K, 100% used [0x0f1b0000, 0x105e0000, 0x105e0000)
  to   space 20672K,   0% used [0x0dd80000, 0x0dd80000, 0x0f1b0000)
 tenured generation   total 413316K, used 358225K [0x19150000, 0x324f1000, 0x43c00000)
   the space 413316K,  86% used [0x19150000, 0x2ef247b8, 0x2ef24800, 0x324f1000)
 Metaspace       used 3547K, capacity 3598K, committed 3648K, reserved 4480K
Event: 9.673 GC heap after
Heap after GC invocations=93 (full 7):
 def new generation   total 186048K, used 20671K [0x03c00000, 0x105e0000, 0x19150000)
  eden space 165376K,   0% used [0x03c00000, 0x03c00000, 0x0dd80000)
  from space 20672K,  99% used [0x0dd80000, 0x0f1afff8, 0x0f1b0000)
  to   space 20672K,   0% used [0x0f1b0000, 0x0f1b0000, 0x105e0000)
 tenured generation   total 413316K, used 382506K [0x19150000, 0x324f1000, 0x43c00000)
   the space 413316K,  92% used [0x19150000, 0x306daac0, 0x306dac00, 0x324f1000)
 Metaspace       used 3547K, capacity 3598K, committed 3648K, reserved 4480K
}
Event: 9.935 GC heap before
{Heap before GC invocations=93 (full 7):
 def new generation   total 186048K, used 186047K [0x03c00000, 0x105e0000, 0x19150000)
  eden space 165376K, 100% used [0x03c00000, 0x0dd80000, 0x0dd80000)
  from space 20672K,  99% used [0x0dd80000, 0x0f1afff8, 0x0f1b0000)
  to   space 20672K,   0% used [0x0f1b0000, 0x0f1b0000, 0x105e0000)
 tenured generation   total 413316K, used 382506K [0x19150000, 0x324f1000, 0x43c00000)
   the space 413316K,  92% used [0x19150000, 0x306daac0, 0x306dac00, 0x324f1000)
 Metaspace       used 3547K, capacity 3598K, committed 3648K, reserved 4480K
Event: 10.043 GC heap after
Heap after GC invocations=94 (full 7):
 def new generation   total 186048K, used 20671K [0x03c00000, 0x105e0000, 0x19150000)
  eden space 165376K,   0% used [0x03c00000, 0x03c00000, 0x0dd80000)
  from space 20672K,  99% used [0x0f1b0000, 0x105dfff8, 0x105e0000)
  to   space 20672K,   0% used [0x0dd80000, 0x0dd80000, 0x0f1b0000)
 tenured generation   total 413316K, used 406692K [0x19150000, 0x324f1000, 0x43c00000)
   the space 413316K,  98% used [0x19150000, 0x31e79238, 0x31e79400, 0x324f1000)
 Metaspace       used 3547K, capacity 3598K, committed 3648K, reserved 4480K
}
Event: 10.316 GC heap before
{Heap before GC invocations=94 (full 7):
 def new generation   total 186048K, used 186047K [0x03c00000, 0x105e0000, 0x19150000)
  eden space 165376K, 100% used [0x03c00000, 0x0dd80000, 0x0dd80000)
  from space 20672K,  99% used [0x0f1b0000, 0x105dfff8, 0x105e0000)
  to   space 20672K,   0% used [0x0dd80000, 0x0dd80000, 0x0f1b0000)
 tenured generation   total 413316K, used 406692K [0x19150000, 0x324f1000, 0x43c00000)
   the space 413316K,  98% used [0x19150000, 0x31e79238, 0x31e79400, 0x324f1000)
 Metaspace       used 3547K, capacity 3598K, committed 3648K, reserved 4480K

