# JRE version: Java(TM) SE Runtime Environment (8.0_101-b13) (build 1.8.0_101-b13)
# Java VM: Java HotSpot(TM) Client VM (25.101-b13 mixed mode windows-x86 )
Heap:
 def new generation   total 72960K, used 8063K [0x03c00000, 0x08b20000, 0x19150000)
  eden space 64896K,   0% used [0x03c00000, 0x03c00000, 0x07b60000)
  from space 8064K,  99% used [0x07b60000, 0x0833fff8, 0x08340000)
  to   space 8064K,   0% used [0x08340000, 0x08340000, 0x08b20000)
 tenured generation   total 166324K, used 166291K [0x19150000, 0x233bd000, 0x43c00000)
   the space 166324K,  99% used [0x19150000, 0x233b4d90, 0x233b4e00, 0x233bd000)
 Metaspace       used 3545K, capacity 3598K, committed 3648K, reserved 4480K
GC Heap History (10 events):
Event: 3.430 GC heap after
Heap after GC invocations=75 (full 5):
 def new generation   total 72960K, used 8063K [0x03c00000, 0x08b20000, 0x19150000)
  eden space 64896K,   0% used [0x03c00000, 0x03c00000, 0x07b60000)
  from space 8064K,  99% used [0x08340000, 0x08b1fff8, 0x08b20000)
  to   space 8064K,   0% used [0x07b60000, 0x07b60000, 0x08340000)
 tenured generation   total 161972K, used 121045K [0x19150000, 0x22f7d000, 0x43c00000)
   the space 161972K,  74% used [0x19150000, 0x207856b0, 0x20785800, 0x22f7d000)
 Metaspace       used 3544K, capacity 3566K, committed 3648K, reserved 4480K
}
Event: 3.536 GC heap before
{Heap before GC invocations=75 (full 5):
 def new generation   total 72960K, used 72959K [0x03c00000, 0x08b20000, 0x19150000)
  eden space 64896K, 100% used [0x03c00000, 0x07b60000, 0x07b60000)
  from space 8064K,  99% used [0x08340000, 0x08b1fff8, 0x08b20000)
  to   space 8064K,   0% used [0x07b60000, 0x07b60000, 0x08340000)
 tenured generation   total 161972K, used 121045K [0x19150000, 0x22f7d000, 0x43c00000)
   the space 161972K,  74% used [0x19150000, 0x207856b0, 0x20785800, 0x22f7d000)
 Metaspace       used 3544K, capacity 3566K, committed 3648K, reserved 4480K
Event: 3.575 GC heap after
Heap after GC invocations=76 (full 5):
 def new generation   total 72960K, used 8063K [0x03c00000, 0x08b20000, 0x19150000)
  eden space 64896K,   0% used [0x03c00000, 0x03c00000, 0x07b60000)
  from space 8064K,  99% used [0x07b60000, 0x0833fff8, 0x08340000)
  to   space 8064K,   0% used [0x08340000, 0x08340000, 0x08b20000)
 tenured generation   total 161972K, used 131551K [0x19150000, 0x22f7d000, 0x43c00000)
   the space 161972K,  81% used [0x19150000, 0x211c7fe0, 0x211c8000, 0x22f7d000)
 Metaspace       used 3544K, capacity 3566K, committed 3648K, reserved 4480K
}
Event: 3.694 GC heap before
{Heap before GC invocations=76 (full 5):
 def new generation   total 72960K, used 72959K [0x03c00000, 0x08b20000, 0x19150000)
  eden space 64896K, 100% used [0x03c00000, 0x07b60000, 0x07b60000)
  from space 8064K,  99% used [0x07b60000, 0x0833fff8, 0x08340000)
  to   space 8064K,   0% used [0x08340000, 0x08340000, 0x08b20000)
 tenured generation   total 161972K, used 131551K [0x19150000, 0x22f7d000, 0x43c00000)
   the space 161972K,  81% used [0x19150000, 0x211c7fe0, 0x211c8000, 0x22f7d000)
 Metaspace       used 3544K, capacity 3566K, committed 3648K, reserved 4480K
Event: 3.734 GC heap after
Heap after GC invocations=77 (full 5):
 def new generation   total 72960K, used 8063K [0x03c00000, 0x08b20000, 0x19150000)
  eden space 64896K,   0% used [0x03c00000, 0x03c00000, 0x07b60000)
  from space 8064K,  99% used [0x08340000, 0x08b1fff8, 0x08b20000)
  to   space 8064K,   0% used [0x07b60000, 0x07b60000, 0x08340000)
 tenured generation   total 161972K, used 141396K [0x19150000, 0x22f7d000, 0x43c00000)
   the space 161972K,  87% used [0x19150000, 0x21b65020, 0x21b65200, 0x22f7d000)
 Metaspace       used 3544K, capacity 3566K, committed 3648K, reserved 4480K
}
Event: 3.839 GC heap before
{Heap before GC invocations=77 (full 5):
 def new generation   total 72960K, used 72959K [0x03c00000, 0x08b20000, 0x19150000)
  eden space 64896K, 100% used [0x03c00000, 0x07b60000, 0x07b60000)
  from space 8064K,  99% used [0x08340000, 0x08b1fff8, 0x08b20000)
  to   space 8064K,   0% used [0x07b60000, 0x07b60000, 0x08340000)
 tenured generation   total 161972K, used 141396K [0x19150000, 0x22f7d000, 0x43c00000)
   the space 161972K,  87% used [0x19150000, 0x21b65020, 0x21b65200, 0x22f7d000)
 Metaspace       used 3544K, capacity 3566K, committed 3648K, reserved 4480K
Event: 3.876 GC heap after
Heap after GC invocations=78 (full 5):
 def new generation   total 72960K, used 8064K [0x03c00000, 0x08b20000, 0x19150000)
  eden space 64896K,   0% used [0x03c00000, 0x03c00000, 0x07b60000)
  from space 8064K, 100% used [0x07b60000, 0x08340000, 0x08340000)
  to   space 8064K,   0% used [0x08340000, 0x08340000, 0x08b20000)
 tenured generation   total 161972K, used 149365K [0x19150000, 0x22f7d000, 0x43c00000)
   the space 161972K,  92% used [0x19150000, 0x2232d7a8, 0x2232d800, 0x22f7d000)
 Metaspace       used 3544K, capacity 3566K, committed 3648K, reserved 4480K
}
Event: 3.988 GC heap before
{Heap before GC invocations=78 (full 5):
 def new generation   total 72960K, used 72960K [0x03c00000, 0x08b20000, 0x19150000)
  eden space 64896K, 100% used [0x03c00000, 0x07b60000, 0x07b60000)
  from space 8064K, 100% used [0x07b60000, 0x08340000, 0x08340000)
  to   space 8064K,   0% used [0x08340000, 0x08340000, 0x08b20000)
 tenured generation   total 161972K, used 149365K [0x19150000, 0x22f7d000, 0x43c00000)
   the space 161972K,  92% used [0x19150000, 0x2232d7a8, 0x2232d800, 0x22f7d000)
 Metaspace       used 3544K, capacity 3566K, committed 3648K, reserved 4480K
Event: 4.019 GC heap after
Heap after GC invocations=79 (full 5):
 def new generation   total 72960K, used 7443K [0x03c00000, 0x08b20000, 0x19150000)
  eden space 64896K,   0% used [0x03c00000, 0x03c00000, 0x07b60000)
  from space 8064K,  92% used [0x08340000, 0x08a84e78, 0x08b20000)
  to   space 8064K,   0% used [0x07b60000, 0x07b60000, 0x08340000)
 tenured generation   total 161972K, used 155510K [0x19150000, 0x22f7d000, 0x43c00000)
   the space 161972K,  96% used [0x19150000, 0x2292d990, 0x2292da00, 0x22f7d000)
 Metaspace       used 3544K, capacity 3566K, committed 3648K, reserved 4480K
}
Event: 4.120 GC heap before
{Heap before GC invocations=79 (full 5):
 def new generation   total 72960K, used 72339K [0x03c00000, 0x08b20000, 0x19150000)
  eden space 64896K, 100% used [0x03c00000, 0x07b60000, 0x07b60000)
  from space 8064K,  92% used [0x08340000, 0x08a84e78, 0x08b20000)
  to   space 8064K,   0% used [0x07b60000, 0x07b60000, 0x08340000)
 tenured generation   total 161972K, used 155510K [0x19150000, 0x22f7d000, 0x43c00000)
   the space 161972K,  96% used [0x19150000, 0x2292d990, 0x2292da00, 0x22f7d000)
 Metaspace       used 3545K, capacity 3598K, committed 3648K, reserved 4480K

