# JRE version: Java(TM) SE Runtime Environment (8.0_101-b13) (build 1.8.0_101-b13)
# Java VM: Java HotSpot(TM) Client VM (25.101-b13 mixed mode windows-x86 )
Heap:
 def new generation   total 314560K, used 314560K [0x03c00000, 0x19150000, 0x19150000)
  eden space 279616K, 100% used [0x03c00000, 0x14d10000, 0x14d10000)
  from space 34944K, 100% used [0x14d10000, 0x16f30000, 0x16f30000)
  to   space 34944K,   0% used [0x16f30000, 0x16f30000, 0x19150000)
 tenured generation   total 699072K, used 631535K [0x19150000, 0x43c00000, 0x43c00000)
   the space 699072K,  90% used [0x19150000, 0x3fa0bcb8, 0x3fa0be00, 0x43c00000)
 Metaspace       used 3550K, capacity 3598K, committed 3648K, reserved 4480K
GC Heap History (10 events):
Event: 13.494 GC heap after
Heap after GC invocations=97 (full 7):
 def new generation   total 218624K, used 24256K [0x03c00000, 0x12930000, 0x19150000)
  eden space 194368K,   0% used [0x03c00000, 0x03c00000, 0x0f9d0000)
  from space 24256K, 100% used [0x0f9d0000, 0x11180000, 0x11180000)
  to   space 24256K,   0% used [0x11180000, 0x11180000, 0x12930000)
 tenured generation   total 485628K, used 447671K [0x19150000, 0x36b8f000, 0x43c00000)
   the space 485628K,  92% used [0x19150000, 0x3467de20, 0x3467e000, 0x36b8f000)
 Metaspace       used 3546K, capacity 3598K, committed 3648K, reserved 4480K
}
Event: 13.832 GC heap before
{Heap before GC invocations=97 (full 7):
 def new generation   total 218624K, used 218624K [0x03c00000, 0x12930000, 0x19150000)
  eden space 194368K, 100% used [0x03c00000, 0x0f9d0000, 0x0f9d0000)
  from space 24256K, 100% used [0x0f9d0000, 0x11180000, 0x11180000)
  to   space 24256K,   0% used [0x11180000, 0x11180000, 0x12930000)
 tenured generation   total 485628K, used 447671K [0x19150000, 0x36b8f000, 0x43c00000)
   the space 485628K,  92% used [0x19150000, 0x3467de20, 0x3467e000, 0x36b8f000)
 Metaspace       used 3546K, capacity 3598K, committed 3648K, reserved 4480K
Event: 13.954 GC heap after
Heap after GC invocations=98 (full 7):
 def new generation   total 218624K, used 24255K [0x03c00000, 0x12930000, 0x19150000)
  eden space 194368K,   0% used [0x03c00000, 0x03c00000, 0x0f9d0000)
  from space 24256K,  99% used [0x11180000, 0x1292fff8, 0x12930000)
  to   space 24256K,   0% used [0x0f9d0000, 0x0f9d0000, 0x11180000)
 tenured generation   total 485628K, used 471926K [0x19150000, 0x36b8f000, 0x43c00000)
   the space 485628K,  97% used [0x19150000, 0x35e2d968, 0x35e2da00, 0x36b8f000)
 Metaspace       used 3546K, capacity 3598K, committed 3648K, reserved 4480K
}
Event: 14.268 GC heap before
{Heap before GC invocations=98 (full 7):
 def new generation   total 218624K, used 218623K [0x03c00000, 0x12930000, 0x19150000)
  eden space 194368K, 100% used [0x03c00000, 0x0f9d0000, 0x0f9d0000)
  from space 24256K,  99% used [0x11180000, 0x1292fff8, 0x12930000)
  to   space 24256K,   0% used [0x0f9d0000, 0x0f9d0000, 0x11180000)
 tenured generation   total 485628K, used 471926K [0x19150000, 0x36b8f000, 0x43c00000)
   the space 485628K,  97% used [0x19150000, 0x35e2d968, 0x35e2da00, 0x36b8f000)
 Metaspace       used 3546K, capacity 3598K, committed 3648K, reserved 4480K
Event: 15.926 GC heap after
Heap after GC invocations=99 (full 8):
 def new generation   total 314560K, used 5043K [0x03c00000, 0x19150000, 0x19150000)
  eden space 279616K,   1% used [0x03c00000, 0x040ecc38, 0x14d10000)
  from space 34944K,   0% used [0x14d10000, 0x14d10000, 0x16f30000)
  to   space 34944K,   0% used [0x16f30000, 0x16f30000, 0x19150000)
 tenured generation   total 699072K, used 502780K [0x19150000, 0x43c00000, 0x43c00000)
   the space 699072K,  71% used [0x19150000, 0x37c4f000, 0x37c4f000, 0x43c00000)
 Metaspace       used 3546K, capacity 3598K, committed 3648K, reserved 4480K
}
Event: 18.108 GC heap before
{Heap before GC invocations=99 (full 8):
 def new generation   total 314560K, used 279616K [0x03c00000, 0x19150000, 0x19150000)
  eden space 279616K, 100% used [0x03c00000, 0x14d10000, 0x14d10000)
  from space 34944K,   0% used [0x14d10000, 0x14d10000, 0x16f30000)
  to   space 34944K,   0% used [0x16f30000, 0x16f30000, 0x19150000)
 tenured generation   total 699072K, used 502780K [0x19150000, 0x43c00000, 0x43c00000)
   the space 699072K,  71% used [0x19150000, 0x37c4f000, 0x37c4f000, 0x43c00000)
 Metaspace       used 3546K, capacity 3598K, committed 3648K, reserved 4480K
Event: 18.530 GC heap after
Heap after GC invocations=100 (full 8):
 def new generation   total 314560K, used 34943K [0x03c00000, 0x19150000, 0x19150000)
  eden space 279616K,   0% used [0x03c00000, 0x03c00000, 0x14d10000)
  from space 34944K,  99% used [0x16f30000, 0x1914fff8, 0x19150000)
  to   space 34944K,   0% used [0x14d10000, 0x14d10000, 0x16f30000)
 tenured generation   total 699072K, used 540697K [0x19150000, 0x43c00000, 0x43c00000)
   the space 699072K,  77% used [0x19150000, 0x3a1567e8, 0x3a156800, 0x43c00000)
 Metaspace       used 3546K, capacity 3598K, committed 3648K, reserved 4480K
}
Event: 18.956 GC heap before
{Heap before GC invocations=100 (full 8):
 def new generation   total 314560K, used 314559K [0x03c00000, 0x19150000, 0x19150000)
  eden space 279616K, 100% used [0x03c00000, 0x14d10000, 0x14d10000)
  from space 34944K,  99% used [0x16f30000, 0x1914fff8, 0x19150000)
  to   space 34944K,   0% used [0x14d10000, 0x14d10000, 0x16f30000)
 tenured generation   total 699072K, used 540697K [0x19150000, 0x43c00000, 0x43c00000)
   the space 699072K,  77% used [0x19150000, 0x3a1567e8, 0x3a156800, 0x43c00000)
 Metaspace       used 3550K, capacity 3598K, committed 3648K, reserved 4480K
Event: 19.142 GC heap after
Heap after GC invocations=101 (full 8):
 def new generation   total 314560K, used 34944K [0x03c00000, 0x19150000, 0x19150000)
  eden space 279616K,   0% used [0x03c00000, 0x03c00000, 0x14d10000)
  from space 34944K, 100% used [0x14d10000, 0x16f30000, 0x16f30000)
  to   space 34944K,   0% used [0x16f30000, 0x16f30000, 0x19150000)
 tenured generation   total 699072K, used 631535K [0x19150000, 0x43c00000, 0x43c00000)
   the space 699072K,  90% used [0x19150000, 0x3fa0bcb8, 0x3fa0be00, 0x43c00000)
 Metaspace       used 3550K, capacity 3598K, committed 3648K, reserved 4480K
}
Event: 20.341 GC heap before
{Heap before GC invocations=101 (full 8):
 def new generation   total 314560K, used 314560K [0x03c00000, 0x19150000, 0x19150000)
  eden space 279616K, 100% used [0x03c00000, 0x14d10000, 0x14d10000)
  from space 34944K, 100% used [0x14d10000, 0x16f30000, 0x16f30000)
  to   space 34944K,   0% used [0x16f30000, 0x16f30000, 0x19150000)
 tenured generation   total 699072K, used 631535K [0x19150000, 0x43c00000, 0x43c00000)
   the space 699072K,  90% used [0x19150000, 0x3fa0bcb8, 0x3fa0be00, 0x43c00000)
 Metaspace       used 3550K, capacity 3598K, committed 3648K, reserved 4480K

