# JRE version: Java(TM) SE Runtime Environment (8.0_101-b13) (build 1.8.0_101-b13)
# Java VM: Java HotSpot(TM) Client VM (25.101-b13 mixed mode windows-x86 )
Heap:
 def new generation   total 61632K, used 61632K [0x03c00000, 0x07ee0000, 0x19150000)
  eden space 54784K, 100% used [0x03c00000, 0x07180000, 0x07180000)
  from space 6848K, 100% used [0x07830000, 0x07ee0000, 0x07ee0000)
  to   space 6848K, 100% used [0x07180000, 0x07830000, 0x07830000)
 tenured generation   total 136864K, used 108296K [0x19150000, 0x216f8000, 0x43c00000)
   the space 136864K,  79% used [0x19150000, 0x1fb120d0, 0x1fb12200, 0x216f8000)
 Metaspace       used 3553K, capacity 3598K, committed 3648K, reserved 4480K
GC Heap History (10 events):
Event: 2.313 GC heap after
Heap after GC invocations=50 (full 4):
 def new generation   total 36864K, used 4096K [0x03c00000, 0x06400000, 0x19150000)
  eden space 32768K,   0% used [0x03c00000, 0x03c00000, 0x05c00000)
  from space 4096K, 100% used [0x05c00000, 0x06000000, 0x06000000)
  to   space 4096K,   0% used [0x06000000, 0x06000000, 0x06400000)
 tenured generation   total 81864K, used 77052K [0x19150000, 0x1e142000, 0x43c00000)
   the space 81864K,  94% used [0x19150000, 0x1dc8f190, 0x1dc8f200, 0x1e142000)
 Metaspace       used 3533K, capacity 3560K, committed 3648K, reserved 4480K
}
Event: 2.368 GC heap before
{Heap before GC invocations=50 (full 4):
 def new generation   total 36864K, used 36864K [0x03c00000, 0x06400000, 0x19150000)
  eden space 32768K, 100% used [0x03c00000, 0x05c00000, 0x05c00000)
  from space 4096K, 100% used [0x05c00000, 0x06000000, 0x06000000)
  to   space 4096K,   0% used [0x06000000, 0x06000000, 0x06400000)
 tenured generation   total 81864K, used 77052K [0x19150000, 0x1e142000, 0x43c00000)
   the space 81864K,  94% used [0x19150000, 0x1dc8f190, 0x1dc8f200, 0x1e142000)
 Metaspace       used 3533K, capacity 3560K, committed 3648K, reserved 4480K
Event: 2.584 GC heap after
Heap after GC invocations=51 (full 5):
 def new generation   total 61632K, used 4042K [0x03c00000, 0x07ee0000, 0x19150000)
  eden space 54784K,   7% used [0x03c00000, 0x03ff2be0, 0x07180000)
  from space 6848K,   0% used [0x07180000, 0x07180000, 0x07830000)
  to   space 6848K,   0% used [0x07830000, 0x07830000, 0x07ee0000)
 tenured generation   total 136864K, used 82117K [0x19150000, 0x216f8000, 0x43c00000)
   the space 136864K,  59% used [0x19150000, 0x1e1815c0, 0x1e181600, 0x216f8000)
 Metaspace       used 3533K, capacity 3560K, committed 3648K, reserved 4480K
}
Event: 2.689 GC heap before
{Heap before GC invocations=51 (full 5):
 def new generation   total 61632K, used 54784K [0x03c00000, 0x07ee0000, 0x19150000)
  eden space 54784K, 100% used [0x03c00000, 0x07180000, 0x07180000)
  from space 6848K,   0% used [0x07180000, 0x07180000, 0x07830000)
  to   space 6848K,   0% used [0x07830000, 0x07830000, 0x07ee0000)
 tenured generation   total 136864K, used 82117K [0x19150000, 0x216f8000, 0x43c00000)
   the space 136864K,  59% used [0x19150000, 0x1e1815c0, 0x1e181600, 0x216f8000)
 Metaspace       used 3533K, capacity 3560K, committed 3648K, reserved 4480K
Event: 2.761 GC heap after
Heap after GC invocations=52 (full 5):
 def new generation   total 61632K, used 6848K [0x03c00000, 0x07ee0000, 0x19150000)
  eden space 54784K,   0% used [0x03c00000, 0x03c00000, 0x07180000)
  from space 6848K, 100% used [0x07830000, 0x07ee0000, 0x07ee0000)
  to   space 6848K,   0% used [0x07180000, 0x07180000, 0x07830000)
 tenured generation   total 136864K, used 87283K [0x19150000, 0x216f8000, 0x43c00000)
   the space 136864K,  63% used [0x19150000, 0x1e68cdb0, 0x1e68ce00, 0x216f8000)
 Metaspace       used 3533K, capacity 3560K, committed 3648K, reserved 4480K
}
Event: 2.852 GC heap before
{Heap before GC invocations=52 (full 5):
 def new generation   total 61632K, used 61632K [0x03c00000, 0x07ee0000, 0x19150000)
  eden space 54784K, 100% used [0x03c00000, 0x07180000, 0x07180000)
  from space 6848K, 100% used [0x07830000, 0x07ee0000, 0x07ee0000)
  to   space 6848K,   0% used [0x07180000, 0x07180000, 0x07830000)
 tenured generation   total 136864K, used 87283K [0x19150000, 0x216f8000, 0x43c00000)
   the space 136864K,  63% used [0x19150000, 0x1e68cdb0, 0x1e68ce00, 0x216f8000)
 Metaspace       used 3533K, capacity 3560K, committed 3648K, reserved 4480K
Event: 2.891 GC heap after
Heap after GC invocations=53 (full 5):
 def new generation   total 61632K, used 6848K [0x03c00000, 0x07ee0000, 0x19150000)
  eden space 54784K,   0% used [0x03c00000, 0x03c00000, 0x07180000)
  from space 6848K, 100% used [0x07180000, 0x07830000, 0x07830000)
  to   space 6848K,   0% used [0x07830000, 0x07830000, 0x07ee0000)
 tenured generation   total 136864K, used 94593K [0x19150000, 0x216f8000, 0x43c00000)
   the space 136864K,  69% used [0x19150000, 0x1edb07a0, 0x1edb0800, 0x216f8000)
 Metaspace       used 3533K, capacity 3560K, committed 3648K, reserved 4480K
}
Event: 2.982 GC heap before
{Heap before GC invocations=53 (full 5):
 def new generation   total 61632K, used 61632K [0x03c00000, 0x07ee0000, 0x19150000)
  eden space 54784K, 100% used [0x03c00000, 0x07180000, 0x07180000)
  from space 6848K, 100% used [0x07180000, 0x07830000, 0x07830000)
  to   space 6848K,   0% used [0x07830000, 0x07830000, 0x07ee0000)
 tenured generation   total 136864K, used 94593K [0x19150000, 0x216f8000, 0x43c00000)
   the space 136864K,  69% used [0x19150000, 0x1edb07a0, 0x1edb0800, 0x216f8000)
 Metaspace       used 3533K, capacity 3560K, committed 3648K, reserved 4480K
Event: 3.018 GC heap after
Heap after GC invocations=54 (full 5):
 def new generation   total 61632K, used 6848K [0x03c00000, 0x07ee0000, 0x19150000)
  eden space 54784K,   0% used [0x03c00000, 0x03c00000, 0x07180000)
  from space 6848K, 100% used [0x07830000, 0x07ee0000, 0x07ee0000)
  to   space 6848K,   0% used [0x07180000, 0x07180000, 0x07830000)
 tenured generation   total 136864K, used 102604K [0x19150000, 0x216f8000, 0x43c00000)
   the space 136864K,  74% used [0x19150000, 0x1f5830c8, 0x1f583200, 0x216f8000)
 Metaspace       used 3533K, capacity 3560K, committed 3648K, reserved 4480K
}
Event: 3.108 GC heap before
{Heap before GC invocations=54 (full 5):
 def new generation   total 61632K, used 61632K [0x03c00000, 0x07ee0000, 0x19150000)
  eden space 54784K, 100% used [0x03c00000, 0x07180000, 0x07180000)
  from space 6848K, 100% used [0x07830000, 0x07ee0000, 0x07ee0000)
  to   space 6848K,   0% used [0x07180000, 0x07180000, 0x07830000)
 tenured generation   total 136864K, used 102604K [0x19150000, 0x216f8000, 0x43c00000)
   the space 136864K,  74% used [0x19150000, 0x1f5830c8, 0x1f583200, 0x216f8000)
 Metaspace       used 3553K, capacity 3598K, committed 3648K, reserved 4480K

