# JRE version: Java(TM) SE Runtime Environment (8.0_101-b13) (build 1.8.0_101-b13)
# Java VM: Java HotSpot(TM) Client VM (25.101-b13 mixed mode windows-x86 )
Heap:
 def new generation   total 223232K, used 198464K [0x03c00000, 0x12e30000, 0x19150000)
  eden space 198464K, 100% used [0x03c00000, 0x0fdd0000, 0x0fdd0000)
  from space 24768K,   0% used [0x0fdd0000, 0x0fdd0000, 0x11600000)
  to   space 24768K,  99% used [0x11600000, 0x12e2fff8, 0x12e30000)
 tenured generation   total 495928K, used 307865K [0x19150000, 0x3759e000, 0x43c00000)
   the space 495928K,  62% used [0x19150000, 0x2bdf64d0, 0x2bdf6600, 0x3759e000)
 Metaspace       used 3546K, capacity 3598K, committed 3648K, reserved 4480K
GC Heap History (10 events):
Event: 6.004 GC heap after
Heap after GC invocations=88 (full 6):
 def new generation   total 129024K, used 14271K [0x03c00000, 0x0c7f0000, 0x19150000)
  eden space 114752K,   0% used [0x03c00000, 0x03c00000, 0x0ac10000)
  from space 14272K,  99% used [0x0ba00000, 0x0c7efff8, 0x0c7f0000)
  to   space 14272K,   0% used [0x0ac10000, 0x0ac10000, 0x0ba00000)
 tenured generation   total 286420K, used 229951K [0x19150000, 0x2a905000, 0x43c00000)
   the space 286420K,  80% used [0x19150000, 0x271dfd28, 0x271dfe00, 0x2a905000)
 Metaspace       used 3546K, capacity 3598K, committed 3648K, reserved 4480K
}
Event: 6.194 GC heap before
{Heap before GC invocations=88 (full 6):
 def new generation   total 129024K, used 129023K [0x03c00000, 0x0c7f0000, 0x19150000)
  eden space 114752K, 100% used [0x03c00000, 0x0ac10000, 0x0ac10000)
  from space 14272K,  99% used [0x0ba00000, 0x0c7efff8, 0x0c7f0000)
  to   space 14272K,   0% used [0x0ac10000, 0x0ac10000, 0x0ba00000)
 tenured generation   total 286420K, used 229951K [0x19150000, 0x2a905000, 0x43c00000)
   the space 286420K,  80% used [0x19150000, 0x271dfd28, 0x271dfe00, 0x2a905000)
 Metaspace       used 3546K, capacity 3598K, committed 3648K, reserved 4480K
Event: 6.273 GC heap after
Heap after GC invocations=89 (full 6):
 def new generation   total 129024K, used 14271K [0x03c00000, 0x0c7f0000, 0x19150000)
  eden space 114752K,   0% used [0x03c00000, 0x03c00000, 0x0ac10000)
  from space 14272K,  99% used [0x0ac10000, 0x0b9ffff8, 0x0ba00000)
  to   space 14272K,   0% used [0x0ba00000, 0x0ba00000, 0x0c7f0000)
 tenured generation   total 286420K, used 247099K [0x19150000, 0x2a905000, 0x43c00000)
   the space 286420K,  86% used [0x19150000, 0x2829ecf8, 0x2829ee00, 0x2a905000)
 Metaspace       used 3546K, capacity 3598K, committed 3648K, reserved 4480K
}
Event: 6.477 GC heap before
{Heap before GC invocations=89 (full 6):
 def new generation   total 129024K, used 129023K [0x03c00000, 0x0c7f0000, 0x19150000)
  eden space 114752K, 100% used [0x03c00000, 0x0ac10000, 0x0ac10000)
  from space 14272K,  99% used [0x0ac10000, 0x0b9ffff8, 0x0ba00000)
  to   space 14272K,   0% used [0x0ba00000, 0x0ba00000, 0x0c7f0000)
 tenured generation   total 286420K, used 247099K [0x19150000, 0x2a905000, 0x43c00000)
   the space 286420K,  86% used [0x19150000, 0x2829ecf8, 0x2829ee00, 0x2a905000)
 Metaspace       used 3546K, capacity 3598K, committed 3648K, reserved 4480K
Event: 6.552 GC heap after
Heap after GC invocations=90 (full 6):
 def new generation   total 129024K, used 14272K [0x03c00000, 0x0c7f0000, 0x19150000)
  eden space 114752K,   0% used [0x03c00000, 0x03c00000, 0x0ac10000)
  from space 14272K, 100% used [0x0ba00000, 0x0c7f0000, 0x0c7f0000)
  to   space 14272K,   0% used [0x0ac10000, 0x0ac10000, 0x0ba00000)
 tenured generation   total 286420K, used 262912K [0x19150000, 0x2a905000, 0x43c00000)
   the space 286420K,  91% used [0x19150000, 0x292103a0, 0x29210400, 0x2a905000)
 Metaspace       used 3546K, capacity 3598K, committed 3648K, reserved 4480K
}
Event: 6.745 GC heap before
{Heap before GC invocations=90 (full 6):
 def new generation   total 129024K, used 129024K [0x03c00000, 0x0c7f0000, 0x19150000)
  eden space 114752K, 100% used [0x03c00000, 0x0ac10000, 0x0ac10000)
  from space 14272K, 100% used [0x0ba00000, 0x0c7f0000, 0x0c7f0000)
  to   space 14272K,   0% used [0x0ac10000, 0x0ac10000, 0x0ba00000)
 tenured generation   total 286420K, used 262912K [0x19150000, 0x2a905000, 0x43c00000)
   the space 286420K,  91% used [0x19150000, 0x292103a0, 0x29210400, 0x2a905000)
 Metaspace       used 3546K, capacity 3598K, committed 3648K, reserved 4480K
Event: 6.820 GC heap after
Heap after GC invocations=91 (full 6):
 def new generation   total 129024K, used 14271K [0x03c00000, 0x0c7f0000, 0x19150000)
  eden space 114752K,   0% used [0x03c00000, 0x03c00000, 0x0ac10000)
  from space 14272K,  99% used [0x0ac10000, 0x0b9ffff8, 0x0ba00000)
  to   space 14272K,   0% used [0x0ba00000, 0x0ba00000, 0x0c7f0000)
 tenured generation   total 286420K, used 280093K [0x19150000, 0x2a905000, 0x43c00000)
   the space 286420K,  97% used [0x19150000, 0x2a2d74c0, 0x2a2d7600, 0x2a905000)
 Metaspace       used 3546K, capacity 3598K, committed 3648K, reserved 4480K
}
Event: 7.025 GC heap before
{Heap before GC invocations=91 (full 6):
 def new generation   total 129024K, used 129023K [0x03c00000, 0x0c7f0000, 0x19150000)
  eden space 114752K, 100% used [0x03c00000, 0x0ac10000, 0x0ac10000)
  from space 14272K,  99% used [0x0ac10000, 0x0b9ffff8, 0x0ba00000)
  to   space 14272K,   0% used [0x0ba00000, 0x0ba00000, 0x0c7f0000)
 tenured generation   total 286420K, used 280093K [0x19150000, 0x2a905000, 0x43c00000)
   the space 286420K,  97% used [0x19150000, 0x2a2d74c0, 0x2a2d7600, 0x2a905000)
 Metaspace       used 3546K, capacity 3598K, committed 3648K, reserved 4480K
Event: 7.830 GC heap after
Heap after GC invocations=92 (full 7):
 def new generation   total 223232K, used 14161K [0x03c00000, 0x12e30000, 0x19150000)
  eden space 198464K,   7% used [0x03c00000, 0x049d4470, 0x0fdd0000)
  from space 24768K,   0% used [0x0fdd0000, 0x0fdd0000, 0x11600000)
  to   space 24768K,   0% used [0x11600000, 0x11600000, 0x12e30000)
 tenured generation   total 495928K, used 297555K [0x19150000, 0x3759e000, 0x43c00000)
   the space 495928K,  59% used [0x19150000, 0x2b3e4ff0, 0x2b3e5000, 0x3759e000)
 Metaspace       used 3546K, capacity 3598K, committed 3648K, reserved 4480K
}
Event: 8.134 GC heap before
{Heap before GC invocations=92 (full 7):
 def new generation   total 223232K, used 198464K [0x03c00000, 0x12e30000, 0x19150000)
  eden space 198464K, 100% used [0x03c00000, 0x0fdd0000, 0x0fdd0000)
  from space 24768K,   0% used [0x0fdd0000, 0x0fdd0000, 0x11600000)
  to   space 24768K,   0% used [0x11600000, 0x11600000, 0x12e30000)
 tenured generation   total 495928K, used 297555K [0x19150000, 0x3759e000, 0x43c00000)
   the space 495928K,  59% used [0x19150000, 0x2b3e4ff0, 0x2b3e5000, 0x3759e000)
 Metaspace       used 3546K, capacity 3598K, committed 3648K, reserved 4480K

