# JRE version: Java(TM) SE Runtime Environment (8.0_101-b13) (build 1.8.0_101-b13)
# Java VM: Java HotSpot(TM) Client VM (25.101-b13 mixed mode windows-x86 )
Heap:
 def new generation   total 13312K, used 13312K [0x03c00000, 0x04a70000, 0x19150000)
  eden space 11840K, 100% used [0x03c00000, 0x04790000, 0x04790000)
  from space 1472K, 100% used [0x04790000, 0x04900000, 0x04900000)
  to   space 1472K,  21% used [0x04900000, 0x0494fb50, 0x04a70000)
 tenured generation   total 99424K, used 93839K [0x19150000, 0x1f268000, 0x43c00000)
   the space 99424K,  94% used [0x19150000, 0x1ecf3ea8, 0x1ecf4000, 0x1f268000)
 Metaspace       used 3521K, capacity 3526K, committed 3648K, reserved 4480K
GC Heap History (10 events):
Event: 0.943 GC heap after
Heap after GC invocations=46 (full 2):
 def new generation   total 13312K, used 0K [0x03c00000, 0x04a70000, 0x19150000)
  eden space 11840K,   0% used [0x03c00000, 0x03c00000, 0x04790000)
  from space 1472K,   0% used [0x04790000, 0x04790000, 0x04900000)
  to   space 1472K,   0% used [0x04900000, 0x04900000, 0x04a70000)
 tenured generation   total 29480K, used 17685K [0x19150000, 0x1ae1a000, 0x43c00000)
   the space 29480K,  59% used [0x19150000, 0x1a2957e0, 0x1a295800, 0x1ae1a000)
 Metaspace       used 3521K, capacity 3526K, committed 3648K, reserved 4480K
}
Event: 0.975 GC heap before
{Heap before GC invocations=46 (full 2):
 def new generation   total 13312K, used 11840K [0x03c00000, 0x04a70000, 0x19150000)
  eden space 11840K, 100% used [0x03c00000, 0x04790000, 0x04790000)
  from space 1472K,   0% used [0x04790000, 0x04790000, 0x04900000)
  to   space 1472K,   0% used [0x04900000, 0x04900000, 0x04a70000)
 tenured generation   total 29480K, used 17685K [0x19150000, 0x1ae1a000, 0x43c00000)
   the space 29480K,  59% used [0x19150000, 0x1a2957e0, 0x1a295800, 0x1ae1a000)
 Metaspace       used 3521K, capacity 3526K, committed 3648K, reserved 4480K
Event: 0.980 GC heap after
Heap after GC invocations=47 (full 2):
 def new generation   total 13312K, used 1471K [0x03c00000, 0x04a70000, 0x19150000)
  eden space 11840K,   0% used [0x03c00000, 0x03c00000, 0x04790000)
  from space 1472K,  99% used [0x04900000, 0x04a6fff8, 0x04a70000)
  to   space 1472K,   0% used [0x04790000, 0x04790000, 0x04900000)
 tenured generation   total 29480K, used 18261K [0x19150000, 0x1ae1a000, 0x43c00000)
   the space 29480K,  61% used [0x19150000, 0x1a325550, 0x1a325600, 0x1ae1a000)
 Metaspace       used 3521K, capacity 3526K, committed 3648K, reserved 4480K
}
Event: 1.011 GC heap before
{Heap before GC invocations=47 (full 2):
 def new generation   total 13312K, used 13311K [0x03c00000, 0x04a70000, 0x19150000)
  eden space 11840K, 100% used [0x03c00000, 0x04790000, 0x04790000)
  from space 1472K,  99% used [0x04900000, 0x04a6fff8, 0x04a70000)
  to   space 1472K,   0% used [0x04790000, 0x04790000, 0x04900000)
 tenured generation   total 29480K, used 18261K [0x19150000, 0x1ae1a000, 0x43c00000)
   the space 29480K,  61% used [0x19150000, 0x1a325550, 0x1a325600, 0x1ae1a000)
 Metaspace       used 3521K, capacity 3526K, committed 3648K, reserved 4480K
Event: 1.019 GC heap after
Heap after GC invocations=48 (full 2):
 def new generation   total 13312K, used 1471K [0x03c00000, 0x04a70000, 0x19150000)
  eden space 11840K,   0% used [0x03c00000, 0x03c00000, 0x04790000)
  from space 1472K,  99% used [0x04790000, 0x048ffff8, 0x04900000)
  to   space 1472K,   0% used [0x04900000, 0x04900000, 0x04a70000)
 tenured generation   total 29480K, used 20136K [0x19150000, 0x1ae1a000, 0x43c00000)
   the space 29480K,  68% used [0x19150000, 0x1a4fa300, 0x1a4fa400, 0x1ae1a000)
 Metaspace       used 3521K, capacity 3526K, committed 3648K, reserved 4480K
}
Event: 1.048 GC heap before
{Heap before GC invocations=48 (full 2):
 def new generation   total 13312K, used 13311K [0x03c00000, 0x04a70000, 0x19150000)
  eden space 11840K, 100% used [0x03c00000, 0x04790000, 0x04790000)
  from space 1472K,  99% used [0x04790000, 0x048ffff8, 0x04900000)
  to   space 1472K,   0% used [0x04900000, 0x04900000, 0x04a70000)
 tenured generation   total 29480K, used 20136K [0x19150000, 0x1ae1a000, 0x43c00000)
   the space 29480K,  68% used [0x19150000, 0x1a4fa300, 0x1a4fa400, 0x1ae1a000)
 Metaspace       used 3521K, capacity 3526K, committed 3648K, reserved 4480K
Event: 1.056 GC heap after
Heap after GC invocations=49 (full 2):
 def new generation   total 13312K, used 1472K [0x03c00000, 0x04a70000, 0x19150000)
  eden space 11840K,   0% used [0x03c00000, 0x03c00000, 0x04790000)
  from space 1472K, 100% used [0x04900000, 0x04a70000, 0x04a70000)
  to   space 1472K,   0% used [0x04790000, 0x04790000, 0x04900000)
 tenured generation   total 29480K, used 22299K [0x19150000, 0x1ae1a000, 0x43c00000)
   the space 29480K,  75% used [0x19150000, 0x1a716d20, 0x1a716e00, 0x1ae1a000)
 Metaspace       used 3521K, capacity 3526K, committed 3648K, reserved 4480K
}
Event: 1.084 GC heap before
{Heap before GC invocations=49 (full 2):
 def new generation   total 13312K, used 13312K [0x03c00000, 0x04a70000, 0x19150000)
  eden space 11840K, 100% used [0x03c00000, 0x04790000, 0x04790000)
  from space 1472K, 100% used [0x04900000, 0x04a70000, 0x04a70000)
  to   space 1472K,   0% used [0x04790000, 0x04790000, 0x04900000)
 tenured generation   total 29480K, used 22299K [0x19150000, 0x1ae1a000, 0x43c00000)
   the space 29480K,  75% used [0x19150000, 0x1a716d20, 0x1a716e00, 0x1ae1a000)
 Metaspace       used 3521K, capacity 3526K, committed 3648K, reserved 4480K
Event: 1.091 GC heap after
Heap after GC invocations=50 (full 2):
 def new generation   total 13312K, used 1472K [0x03c00000, 0x04a70000, 0x19150000)
  eden space 11840K,   0% used [0x03c00000, 0x03c00000, 0x04790000)
  from space 1472K, 100% used [0x04790000, 0x04900000, 0x04900000)
  to   space 1472K,   0% used [0x04900000, 0x04900000, 0x04a70000)
 tenured generation   total 29480K, used 23839K [0x19150000, 0x1ae1a000, 0x43c00000)
   the space 29480K,  80% used [0x19150000, 0x1a897ca8, 0x1a897e00, 0x1ae1a000)
 Metaspace       used 3521K, capacity 3526K, committed 3648K, reserved 4480K
}
Event: 1.123 GC heap before
{Heap before GC invocations=50 (full 2):
 def new generation   total 13312K, used 13312K [0x03c00000, 0x04a70000, 0x19150000)
  eden space 11840K, 100% used [0x03c00000, 0x04790000, 0x04790000)
  from space 1472K, 100% used [0x04790000, 0x04900000, 0x04900000)
  to   space 1472K,   0% used [0x04900000, 0x04900000, 0x04a70000)
 tenured generation   total 29480K, used 23839K [0x19150000, 0x1ae1a000, 0x43c00000)
   the space 29480K,  80% used [0x19150000, 0x1a897ca8, 0x1a897e00, 0x1ae1a000)
 Metaspace       used 3521K, capacity 3526K, committed 3648K, reserved 4480K

