# JRE version: Java(TM) SE Runtime Environment (8.0_101-b13) (build 1.8.0_101-b13)
# Java VM: Java HotSpot(TM) Client VM (25.101-b13 mixed mode windows-x86 )
Heap:
 def new generation   total 206976K, used 22976K [0x03c00000, 0x11c90000, 0x19150000)
  eden space 184000K,   0% used [0x03c00000, 0x03c00000, 0x0efb0000)
  from space 22976K, 100% used [0x0efb0000, 0x10620000, 0x10620000)
  to   space 22976K,   0% used [0x10620000, 0x10620000, 0x11c90000)
 tenured generation   total 472744K, used 472721K [0x19150000, 0x35efa000, 0x43c00000)
   the space 472744K,  99% used [0x19150000, 0x35ef44a0, 0x35ef4600, 0x35efa000)
 Metaspace       used 3546K, capacity 3598K, committed 3648K, reserved 4480K
GC Heap History (10 events):
Event: 8.770 GC heap after
Heap after GC invocations=95 (full 7):
 def new generation   total 206976K, used 22976K [0x03c00000, 0x11c90000, 0x19150000)
  eden space 184000K,   0% used [0x03c00000, 0x03c00000, 0x0efb0000)
  from space 22976K, 100% used [0x10620000, 0x11c90000, 0x11c90000)
  to   space 22976K,   0% used [0x0efb0000, 0x0efb0000, 0x10620000)
 tenured generation   total 459816K, used 344276K [0x19150000, 0x3525a000, 0x43c00000)
   the space 459816K,  74% used [0x19150000, 0x2e185238, 0x2e185400, 0x3525a000)
 Metaspace       used 3546K, capacity 3598K, committed 3648K, reserved 4480K
}
Event: 9.055 GC heap before
{Heap before GC invocations=95 (full 7):
 def new generation   total 206976K, used 206976K [0x03c00000, 0x11c90000, 0x19150000)
  eden space 184000K, 100% used [0x03c00000, 0x0efb0000, 0x0efb0000)
  from space 22976K, 100% used [0x10620000, 0x11c90000, 0x11c90000)
  to   space 22976K,   0% used [0x0efb0000, 0x0efb0000, 0x10620000)
 tenured generation   total 459816K, used 344276K [0x19150000, 0x3525a000, 0x43c00000)
   the space 459816K,  74% used [0x19150000, 0x2e185238, 0x2e185400, 0x3525a000)
 Metaspace       used 3546K, capacity 3598K, committed 3648K, reserved 4480K
Event: 9.178 GC heap after
Heap after GC invocations=96 (full 7):
 def new generation   total 206976K, used 22976K [0x03c00000, 0x11c90000, 0x19150000)
  eden space 184000K,   0% used [0x03c00000, 0x03c00000, 0x0efb0000)
  from space 22976K, 100% used [0x0efb0000, 0x10620000, 0x10620000)
  to   space 22976K,   0% used [0x10620000, 0x10620000, 0x11c90000)
 tenured generation   total 459816K, used 371730K [0x19150000, 0x3525a000, 0x43c00000)
   the space 459816K,  80% used [0x19150000, 0x2fc548b0, 0x2fc54a00, 0x3525a000)
 Metaspace       used 3546K, capacity 3598K, committed 3648K, reserved 4480K
}
Event: 9.483 GC heap before
{Heap before GC invocations=96 (full 7):
 def new generation   total 206976K, used 206976K [0x03c00000, 0x11c90000, 0x19150000)
  eden space 184000K, 100% used [0x03c00000, 0x0efb0000, 0x0efb0000)
  from space 22976K, 100% used [0x0efb0000, 0x10620000, 0x10620000)
  to   space 22976K,   0% used [0x10620000, 0x10620000, 0x11c90000)
 tenured generation   total 459816K, used 371730K [0x19150000, 0x3525a000, 0x43c00000)
   the space 459816K,  80% used [0x19150000, 0x2fc548b0, 0x2fc54a00, 0x3525a000)
 Metaspace       used 3546K, capacity 3598K, committed 3648K, reserved 4480K
Event: 9.603 GC heap after
Heap after GC invocations=97 (full 7):
 def new generation   total 206976K, used 22976K [0x03c00000, 0x11c90000, 0x19150000)
  eden space 184000K,   0% used [0x03c00000, 0x03c00000, 0x0efb0000)
  from space 22976K, 100% used [0x10620000, 0x11c90000, 0x11c90000)
  to   space 22976K,   0% used [0x0efb0000, 0x0efb0000, 0x10620000)
 tenured generation   total 459816K, used 398386K [0x19150000, 0x3525a000, 0x43c00000)
   the space 459816K,  86% used [0x19150000, 0x3165c838, 0x3165ca00, 0x3525a000)
 Metaspace       used 3546K, capacity 3598K, committed 3648K, reserved 4480K
}
Event: 9.919 GC heap before
{Heap before GC invocations=97 (full 7):
 def new generation   total 206976K, used 206976K [0x03c00000, 0x11c90000, 0x19150000)
  eden space 184000K, 100% used [0x03c00000, 0x0efb0000, 0x0efb0000)
  from space 22976K, 100% used [0x10620000, 0x11c90000, 0x11c90000)
  to   space 22976K,   0% used [0x0efb0000, 0x0efb0000, 0x10620000)
 tenured generation   total 459816K, used 398386K [0x19150000, 0x3525a000, 0x43c00000)
   the space 459816K,  86% used [0x19150000, 0x3165c838, 0x3165ca00, 0x3525a000)
 Metaspace       used 3546K, capacity 3598K, committed 3648K, reserved 4480K
Event: 10.033 GC heap after
Heap after GC invocations=98 (full 7):
 def new generation   total 206976K, used 22976K [0x03c00000, 0x11c90000, 0x19150000)
  eden space 184000K,   0% used [0x03c00000, 0x03c00000, 0x0efb0000)
  from space 22976K, 100% used [0x0efb0000, 0x10620000, 0x10620000)
  to   space 22976K,   0% used [0x10620000, 0x10620000, 0x11c90000)
 tenured generation   total 459816K, used 423835K [0x19150000, 0x3525a000, 0x43c00000)
   the space 459816K,  92% used [0x19150000, 0x32f36fc0, 0x32f37000, 0x3525a000)
 Metaspace       used 3546K, capacity 3598K, committed 3648K, reserved 4480K
}
Event: 10.347 GC heap before
{Heap before GC invocations=98 (full 7):
 def new generation   total 206976K, used 206976K [0x03c00000, 0x11c90000, 0x19150000)
  eden space 184000K, 100% used [0x03c00000, 0x0efb0000, 0x0efb0000)
  from space 22976K, 100% used [0x0efb0000, 0x10620000, 0x10620000)
  to   space 22976K,   0% used [0x10620000, 0x10620000, 0x11c90000)
 tenured generation   total 459816K, used 423835K [0x19150000, 0x3525a000, 0x43c00000)
   the space 459816K,  92% used [0x19150000, 0x32f36fc0, 0x32f37000, 0x3525a000)
 Metaspace       used 3546K, capacity 3598K, committed 3648K, reserved 4480K
Event: 10.465 GC heap after
Heap after GC invocations=99 (full 7):
 def new generation   total 206976K, used 22976K [0x03c00000, 0x11c90000, 0x19150000)
  eden space 184000K,   0% used [0x03c00000, 0x03c00000, 0x0efb0000)
  from space 22976K, 100% used [0x10620000, 0x11c90000, 0x11c90000)
  to   space 22976K,   0% used [0x0efb0000, 0x0efb0000, 0x10620000)
 tenured generation   total 459816K, used 449785K [0x19150000, 0x3525a000, 0x43c00000)
   the space 459816K,  97% used [0x19150000, 0x3488e448, 0x3488e600, 0x3525a000)
 Metaspace       used 3546K, capacity 3598K, committed 3648K, reserved 4480K
}
Event: 10.766 GC heap before
{Heap before GC invocations=99 (full 7):
 def new generation   total 206976K, used 206976K [0x03c00000, 0x11c90000, 0x19150000)
  eden space 184000K, 100% used [0x03c00000, 0x0efb0000, 0x0efb0000)
  from space 22976K, 100% used [0x10620000, 0x11c90000, 0x11c90000)
  to   space 22976K,   0% used [0x0efb0000, 0x0efb0000, 0x10620000)
 tenured generation   total 459816K, used 449785K [0x19150000, 0x3525a000, 0x43c00000)
   the space 459816K,  97% used [0x19150000, 0x3488e448, 0x3488e600, 0x3525a000)
 Metaspace       used 3546K, capacity 3598K, committed 3648K, reserved 4480K

