# JRE version: Java(TM) SE Runtime Environment (8.0_101-b13) (build 1.8.0_101-b13)
# Java VM: Java HotSpot(TM) Client VM (25.101-b13 mixed mode windows-x86 )
Heap:
 def new generation   total 40064K, used 4415K [0x03e00000, 0x06970000, 0x19350000)
  eden space 35648K,   0% used [0x03e00000, 0x03e00000, 0x060d0000)
  from space 4416K,  99% used [0x06520000, 0x0696fff8, 0x06970000)
  to   space 4416K,   0% used [0x060d0000, 0x060d0000, 0x06520000)
 tenured generation   total 90040K, used 89997K [0x19350000, 0x1eb3e000, 0x43e00000)
   the space 90040K,  99% used [0x19350000, 0x1eb33528, 0x1eb33600, 0x1eb3e000)
 Metaspace       used 3546K, capacity 3598K, committed 3648K, reserved 4480K
GC Heap History (10 events):
Event: 2.229 GC heap after
Heap after GC invocations=47 (full 4):
 def new generation   total 40064K, used 4415K [0x03e00000, 0x06970000, 0x19350000)
  eden space 35648K,   0% used [0x03e00000, 0x03e00000, 0x060d0000)
  from space 4416K,  99% used [0x060d0000, 0x0651fff8, 0x06520000)
  to   space 4416K,   0% used [0x06520000, 0x06520000, 0x06970000)
 tenured generation   total 88888K, used 68599K [0x19350000, 0x1ea1e000, 0x43e00000)
   the space 88888K,  77% used [0x19350000, 0x1d64dfb8, 0x1d64e000, 0x1ea1e000)
 Metaspace       used 3546K, capacity 3598K, committed 3648K, reserved 4480K
}
Event: 2.249 GC heap before
{Heap before GC invocations=47 (full 4):
 def new generation   total 40064K, used 40063K [0x03e00000, 0x06970000, 0x19350000)
  eden space 35648K, 100% used [0x03e00000, 0x060d0000, 0x060d0000)
  from space 4416K,  99% used [0x060d0000, 0x0651fff8, 0x06520000)
  to   space 4416K,   0% used [0x06520000, 0x06520000, 0x06970000)
 tenured generation   total 88888K, used 68599K [0x19350000, 0x1ea1e000, 0x43e00000)
   the space 88888K,  77% used [0x19350000, 0x1d64dfb8, 0x1d64e000, 0x1ea1e000)
 Metaspace       used 3546K, capacity 3598K, committed 3648K, reserved 4480K
Event: 2.260 GC heap after
Heap after GC invocations=48 (full 4):
 def new generation   total 40064K, used 965K [0x03e00000, 0x06970000, 0x19350000)
  eden space 35648K,   0% used [0x03e00000, 0x03e00000, 0x060d0000)
  from space 4416K,  21% used [0x06520000, 0x06611498, 0x06970000)
  to   space 4416K,   0% used [0x060d0000, 0x060d0000, 0x06520000)
 tenured generation   total 88888K, used 72912K [0x19350000, 0x1ea1e000, 0x43e00000)
   the space 88888K,  82% used [0x19350000, 0x1da84218, 0x1da84400, 0x1ea1e000)
 Metaspace       used 3546K, capacity 3598K, committed 3648K, reserved 4480K
}
Event: 2.315 GC heap before
{Heap before GC invocations=48 (full 4):
 def new generation   total 40064K, used 36613K [0x03e00000, 0x06970000, 0x19350000)
  eden space 35648K, 100% used [0x03e00000, 0x060d0000, 0x060d0000)
  from space 4416K,  21% used [0x06520000, 0x06611498, 0x06970000)
  to   space 4416K,   0% used [0x060d0000, 0x060d0000, 0x06520000)
 tenured generation   total 88888K, used 72912K [0x19350000, 0x1ea1e000, 0x43e00000)
   the space 88888K,  82% used [0x19350000, 0x1da84218, 0x1da84400, 0x1ea1e000)
 Metaspace       used 3546K, capacity 3598K, committed 3648K, reserved 4480K
Event: 2.331 GC heap after
Heap after GC invocations=49 (full 4):
 def new generation   total 40064K, used 4416K [0x03e00000, 0x06970000, 0x19350000)
  eden space 35648K,   0% used [0x03e00000, 0x03e00000, 0x060d0000)
  from space 4416K, 100% used [0x060d0000, 0x06520000, 0x06520000)
  to   space 4416K,   0% used [0x06520000, 0x06520000, 0x06970000)
 tenured generation   total 88888K, used 74740K [0x19350000, 0x1ea1e000, 0x43e00000)
   the space 88888K,  84% used [0x19350000, 0x1dc4d170, 0x1dc4d200, 0x1ea1e000)
 Metaspace       used 3546K, capacity 3598K, committed 3648K, reserved 4480K
}
Event: 2.389 GC heap before
{Heap before GC invocations=49 (full 4):
 def new generation   total 40064K, used 40064K [0x03e00000, 0x06970000, 0x19350000)
  eden space 35648K, 100% used [0x03e00000, 0x060d0000, 0x060d0000)
  from space 4416K, 100% used [0x060d0000, 0x06520000, 0x06520000)
  to   space 4416K,   0% used [0x06520000, 0x06520000, 0x06970000)
 tenured generation   total 88888K, used 74740K [0x19350000, 0x1ea1e000, 0x43e00000)
   the space 88888K,  84% used [0x19350000, 0x1dc4d170, 0x1dc4d200, 0x1ea1e000)
 Metaspace       used 3546K, capacity 3598K, committed 3648K, reserved 4480K
Event: 2.412 GC heap after
Heap after GC invocations=50 (full 4):
 def new generation   total 40064K, used 4416K [0x03e00000, 0x06970000, 0x19350000)
  eden space 35648K,   0% used [0x03e00000, 0x03e00000, 0x060d0000)
  from space 4416K, 100% used [0x06520000, 0x06970000, 0x06970000)
  to   space 4416K,   0% used [0x060d0000, 0x060d0000, 0x06520000)
 tenured generation   total 88888K, used 79894K [0x19350000, 0x1ea1e000, 0x43e00000)
   the space 88888K,  89% used [0x19350000, 0x1e155838, 0x1e155a00, 0x1ea1e000)
 Metaspace       used 3546K, capacity 3598K, committed 3648K, reserved 4480K
}
Event: 2.474 GC heap before
{Heap before GC invocations=50 (full 4):
 def new generation   total 40064K, used 40064K [0x03e00000, 0x06970000, 0x19350000)
  eden space 35648K, 100% used [0x03e00000, 0x060d0000, 0x060d0000)
  from space 4416K, 100% used [0x06520000, 0x06970000, 0x06970000)
  to   space 4416K,   0% used [0x060d0000, 0x060d0000, 0x06520000)
 tenured generation   total 88888K, used 79894K [0x19350000, 0x1ea1e000, 0x43e00000)
   the space 88888K,  89% used [0x19350000, 0x1e155838, 0x1e155a00, 0x1ea1e000)
 Metaspace       used 3546K, capacity 3598K, committed 3648K, reserved 4480K
Event: 2.497 GC heap after
Heap after GC invocations=51 (full 4):
 def new generation   total 40064K, used 4416K [0x03e00000, 0x06970000, 0x19350000)
  eden space 35648K,   0% used [0x03e00000, 0x03e00000, 0x060d0000)
  from space 4416K, 100% used [0x060d0000, 0x06520000, 0x06520000)
  to   space 4416K,   0% used [0x06520000, 0x06520000, 0x06970000)
 tenured generation   total 88888K, used 84535K [0x19350000, 0x1ea1e000, 0x43e00000)
   the space 88888K,  95% used [0x19350000, 0x1e5ddc80, 0x1e5dde00, 0x1ea1e000)
 Metaspace       used 3546K, capacity 3598K, committed 3648K, reserved 4480K
}
Event: 2.557 GC heap before
{Heap before GC invocations=51 (full 4):
 def new generation   total 40064K, used 40064K [0x03e00000, 0x06970000, 0x19350000)
  eden space 35648K, 100% used [0x03e00000, 0x060d0000, 0x060d0000)
  from space 4416K, 100% used [0x060d0000, 0x06520000, 0x06520000)
  to   space 4416K,   0% used [0x06520000, 0x06520000, 0x06970000)
 tenured generation   total 88888K, used 84535K [0x19350000, 0x1ea1e000, 0x43e00000)
   the space 88888K,  95% used [0x19350000, 0x1e5ddc80, 0x1e5dde00, 0x1ea1e000)
 Metaspace       used 3546K, capacity 3598K, committed 3648K, reserved 4480K

