# JRE version: Java(TM) SE Runtime Environment (8.0_101-b13) (build 1.8.0_101-b13)
# Java VM: Java HotSpot(TM) Client VM (25.101-b13 mixed mode windows-x86 )
Heap:
 def new generation   total 202304K, used 22464K [0x03c00000, 0x11780000, 0x19150000)
  eden space 179840K,   0% used [0x03c00000, 0x03c00000, 0x0eba0000)
  from space 22464K, 100% used [0x0eba0000, 0x10190000, 0x10190000)
  to   space 22464K,   0% used [0x10190000, 0x10190000, 0x11780000)
 tenured generation   total 464464K, used 464355K [0x19150000, 0x356e4000, 0x43c00000)
   the space 464464K,  99% used [0x19150000, 0x356c8eb0, 0x356c9000, 0x356e4000)
 Metaspace       used 3550K, capacity 3598K, committed 3648K, reserved 4480K
GC Heap History (10 events):
Event: 8.911 GC heap after
Heap after GC invocations=92 (full 7):
 def new generation   total 202304K, used 22464K [0x03c00000, 0x11780000, 0x19150000)
  eden space 179840K,   0% used [0x03c00000, 0x03c00000, 0x0eba0000)
  from space 22464K, 100% used [0x10190000, 0x11780000, 0x11780000)
  to   space 22464K,   0% used [0x0eba0000, 0x0eba0000, 0x10190000)
 tenured generation   total 449488K, used 338212K [0x19150000, 0x34844000, 0x43c00000)
   the space 449488K,  75% used [0x19150000, 0x2db99358, 0x2db99400, 0x34844000)
 Metaspace       used 3550K, capacity 3598K, committed 3648K, reserved 4480K
}
Event: 9.261 GC heap before
{Heap before GC invocations=92 (full 7):
 def new generation   total 202304K, used 202304K [0x03c00000, 0x11780000, 0x19150000)
  eden space 179840K, 100% used [0x03c00000, 0x0eba0000, 0x0eba0000)
  from space 22464K, 100% used [0x10190000, 0x11780000, 0x11780000)
  to   space 22464K,   0% used [0x0eba0000, 0x0eba0000, 0x10190000)
 tenured generation   total 449488K, used 338212K [0x19150000, 0x34844000, 0x43c00000)
   the space 449488K,  75% used [0x19150000, 0x2db99358, 0x2db99400, 0x34844000)
 Metaspace       used 3550K, capacity 3598K, committed 3648K, reserved 4480K
Event: 9.384 GC heap after
Heap after GC invocations=93 (full 7):
 def new generation   total 202304K, used 22463K [0x03c00000, 0x11780000, 0x19150000)
  eden space 179840K,   0% used [0x03c00000, 0x03c00000, 0x0eba0000)
  from space 22464K,  99% used [0x0eba0000, 0x1018fff8, 0x10190000)
  to   space 22464K,   0% used [0x10190000, 0x10190000, 0x11780000)
 tenured generation   total 449488K, used 364811K [0x19150000, 0x34844000, 0x43c00000)
   the space 449488K,  81% used [0x19150000, 0x2f592d28, 0x2f592e00, 0x34844000)
 Metaspace       used 3550K, capacity 3598K, committed 3648K, reserved 4480K
}
Event: 9.730 GC heap before
{Heap before GC invocations=93 (full 7):
 def new generation   total 202304K, used 202303K [0x03c00000, 0x11780000, 0x19150000)
  eden space 179840K, 100% used [0x03c00000, 0x0eba0000, 0x0eba0000)
  from space 22464K,  99% used [0x0eba0000, 0x1018fff8, 0x10190000)
  to   space 22464K,   0% used [0x10190000, 0x10190000, 0x11780000)
 tenured generation   total 449488K, used 364811K [0x19150000, 0x34844000, 0x43c00000)
   the space 449488K,  81% used [0x19150000, 0x2f592d28, 0x2f592e00, 0x34844000)
 Metaspace       used 3550K, capacity 3598K, committed 3648K, reserved 4480K
Event: 9.852 GC heap after
Heap after GC invocations=94 (full 7):
 def new generation   total 202304K, used 22464K [0x03c00000, 0x11780000, 0x19150000)
  eden space 179840K,   0% used [0x03c00000, 0x03c00000, 0x0eba0000)
  from space 22464K, 100% used [0x10190000, 0x11780000, 0x11780000)
  to   space 22464K,   0% used [0x0eba0000, 0x0eba0000, 0x10190000)
 tenured generation   total 449488K, used 390942K [0x19150000, 0x34844000, 0x43c00000)
   the space 449488K,  86% used [0x19150000, 0x30f17b08, 0x30f17c00, 0x34844000)
 Metaspace       used 3550K, capacity 3598K, committed 3648K, reserved 4480K
}
Event: 10.162 GC heap before
{Heap before GC invocations=94 (full 7):
 def new generation   total 202304K, used 202304K [0x03c00000, 0x11780000, 0x19150000)
  eden space 179840K, 100% used [0x03c00000, 0x0eba0000, 0x0eba0000)
  from space 22464K, 100% used [0x10190000, 0x11780000, 0x11780000)
  to   space 22464K,   0% used [0x0eba0000, 0x0eba0000, 0x10190000)
 tenured generation   total 449488K, used 390942K [0x19150000, 0x34844000, 0x43c00000)
   the space 449488K,  86% used [0x19150000, 0x30f17b08, 0x30f17c00, 0x34844000)
 Metaspace       used 3550K, capacity 3598K, committed 3648K, reserved 4480K
Event: 10.275 GC heap after
Heap after GC invocations=95 (full 7):
 def new generation   total 202304K, used 22463K [0x03c00000, 0x11780000, 0x19150000)
  eden space 179840K,   0% used [0x03c00000, 0x03c00000, 0x0eba0000)
  from space 22464K,  99% used [0x0eba0000, 0x1018fff8, 0x10190000)
  to   space 22464K,   0% used [0x10190000, 0x10190000, 0x11780000)
 tenured generation   total 449488K, used 416127K [0x19150000, 0x34844000, 0x43c00000)
   the space 449488K,  92% used [0x19150000, 0x327afee8, 0x327b0000, 0x34844000)
 Metaspace       used 3550K, capacity 3598K, committed 3648K, reserved 4480K
}
Event: 10.552 GC heap before
{Heap before GC invocations=95 (full 7):
 def new generation   total 202304K, used 202303K [0x03c00000, 0x11780000, 0x19150000)
  eden space 179840K, 100% used [0x03c00000, 0x0eba0000, 0x0eba0000)
  from space 22464K,  99% used [0x0eba0000, 0x1018fff8, 0x10190000)
  to   space 22464K,   0% used [0x10190000, 0x10190000, 0x11780000)
 tenured generation   total 449488K, used 416127K [0x19150000, 0x34844000, 0x43c00000)
   the space 449488K,  92% used [0x19150000, 0x327afee8, 0x327b0000, 0x34844000)
 Metaspace       used 3550K, capacity 3598K, committed 3648K, reserved 4480K
Event: 10.670 GC heap after
Heap after GC invocations=96 (full 7):
 def new generation   total 202304K, used 22464K [0x03c00000, 0x11780000, 0x19150000)
  eden space 179840K,   0% used [0x03c00000, 0x03c00000, 0x0eba0000)
  from space 22464K, 100% used [0x10190000, 0x11780000, 0x11780000)
  to   space 22464K,   0% used [0x0eba0000, 0x0eba0000, 0x10190000)
 tenured generation   total 449488K, used 441623K [0x19150000, 0x34844000, 0x43c00000)
   the space 449488K,  98% used [0x19150000, 0x34095d20, 0x34095e00, 0x34844000)
 Metaspace       used 3550K, capacity 3598K, committed 3648K, reserved 4480K
}
Event: 11.008 GC heap before
{Heap before GC invocations=96 (full 7):
 def new generation   total 202304K, used 202304K [0x03c00000, 0x11780000, 0x19150000)
  eden space 179840K, 100% used [0x03c00000, 0x0eba0000, 0x0eba0000)
  from space 22464K, 100% used [0x10190000, 0x11780000, 0x11780000)
  to   space 22464K,   0% used [0x0eba0000, 0x0eba0000, 0x10190000)
 tenured generation   total 449488K, used 441623K [0x19150000, 0x34844000, 0x43c00000)
   the space 449488K,  98% used [0x19150000, 0x34095d20, 0x34095e00, 0x34844000)
 Metaspace       used 3550K, capacity 3598K, committed 3648K, reserved 4480K

