# JRE version: Java(TM) SE Runtime Environment (8.0_101-b13) (build 1.8.0_101-b13)
# Java VM: Java HotSpot(TM) Client VM (25.101-b13 mixed mode windows-x86 )
Heap:
 def new generation   total 118848K, used 118848K [0x03c00000, 0x0bcf0000, 0x19150000)
  eden space 105664K, 100% used [0x03c00000, 0x0a330000, 0x0a330000)
  from space 13184K, 100% used [0x0a330000, 0x0b010000, 0x0b010000)
  to   space 13184K,  99% used [0x0b010000, 0x0bcefff8, 0x0bcf0000)
 tenured generation   total 699072K, used 204637K [0x19150000, 0x43c00000, 0x43c00000)
   the space 699072K,  29% used [0x19150000, 0x25927718, 0x25927800, 0x43c00000)
 Metaspace       used 3645K, capacity 3662K, committed 3776K, reserved 4480K
GC Heap History (10 events):
Event: 3.772 GC heap after
Heap after GC invocations=59 (full 5):
 def new generation   total 68480K, used 7552K [0x03c00000, 0x08640000, 0x19150000)
  eden space 60928K,   0% used [0x03c00000, 0x03c00000, 0x07780000)
  from space 7552K, 100% used [0x07ee0000, 0x08640000, 0x08640000)
  to   space 7552K,   0% used [0x07780000, 0x07780000, 0x07ee0000)
 tenured generation   total 151980K, used 141565K [0x19150000, 0x225bb000, 0x43c00000)
   the space 151980K,  93% used [0x19150000, 0x21b8f458, 0x21b8f600, 0x225bb000)
 Metaspace       used 3553K, capacity 3598K, committed 3648K, reserved 4480K
}
Event: 3.879 GC heap before
{Heap before GC invocations=59 (full 5):
 def new generation   total 68480K, used 68480K [0x03c00000, 0x08640000, 0x19150000)
  eden space 60928K, 100% used [0x03c00000, 0x07780000, 0x07780000)
  from space 7552K, 100% used [0x07ee0000, 0x08640000, 0x08640000)
  to   space 7552K,   0% used [0x07780000, 0x07780000, 0x07ee0000)
 tenured generation   total 151980K, used 141565K [0x19150000, 0x225bb000, 0x43c00000)
   the space 151980K,  93% used [0x19150000, 0x21b8f458, 0x21b8f600, 0x225bb000)
 Metaspace       used 3553K, capacity 3598K, committed 3648K, reserved 4480K
Event: 3.919 GC heap after
Heap after GC invocations=60 (full 5):
 def new generation   total 68480K, used 7552K [0x03c00000, 0x08640000, 0x19150000)
  eden space 60928K,   0% used [0x03c00000, 0x03c00000, 0x07780000)
  from space 7552K, 100% used [0x07780000, 0x07ee0000, 0x07ee0000)
  to   space 7552K,   0% used [0x07ee0000, 0x07ee0000, 0x08640000)
 tenured generation   total 151980K, used 150287K [0x19150000, 0x225bb000, 0x43c00000)
   the space 151980K,  98% used [0x19150000, 0x22413e30, 0x22414000, 0x225bb000)
 Metaspace       used 3553K, capacity 3598K, committed 3648K, reserved 4480K
}
Event: 4.022 GC heap before
{Heap before GC invocations=60 (full 5):
 def new generation   total 68480K, used 68480K [0x03c00000, 0x08640000, 0x19150000)
  eden space 60928K, 100% used [0x03c00000, 0x07780000, 0x07780000)
  from space 7552K, 100% used [0x07780000, 0x07ee0000, 0x07ee0000)
  to   space 7552K,   0% used [0x07ee0000, 0x07ee0000, 0x08640000)
 tenured generation   total 151980K, used 150287K [0x19150000, 0x225bb000, 0x43c00000)
   the space 151980K,  98% used [0x19150000, 0x22413e30, 0x22414000, 0x225bb000)
 Metaspace       used 3553K, capacity 3598K, committed 3648K, reserved 4480K
Event: 4.432 GC heap after
Heap after GC invocations=61 (full 6):
 def new generation   total 118848K, used 7471K [0x03c00000, 0x0bcf0000, 0x19150000)
  eden space 105664K,   7% used [0x03c00000, 0x0434bde0, 0x0a330000)
  from space 13184K,   0% used [0x0a330000, 0x0a330000, 0x0b010000)
  to   space 13184K,   0% used [0x0b010000, 0x0b010000, 0x0bcf0000)
 tenured generation   total 263968K, used 158379K [0x19150000, 0x29318000, 0x43c00000)
   the space 263968K,  59% used [0x19150000, 0x22bfaff8, 0x22bfb000, 0x29318000)
 Metaspace       used 3553K, capacity 3598K, committed 3648K, reserved 4480K
}
Event: 4.615 GC heap before
{Heap before GC invocations=61 (full 6):
 def new generation   total 118848K, used 105664K [0x03c00000, 0x0bcf0000, 0x19150000)
  eden space 105664K, 100% used [0x03c00000, 0x0a330000, 0x0a330000)
  from space 13184K,   0% used [0x0a330000, 0x0a330000, 0x0b010000)
  to   space 13184K,   0% used [0x0b010000, 0x0b010000, 0x0bcf0000)
 tenured generation   total 263968K, used 158379K [0x19150000, 0x29318000, 0x43c00000)
   the space 263968K,  59% used [0x19150000, 0x22bfaff8, 0x22bfb000, 0x29318000)
 Metaspace       used 3553K, capacity 3598K, committed 3648K, reserved 4480K
Event: 4.748 GC heap after
Heap after GC invocations=62 (full 6):
 def new generation   total 118848K, used 13183K [0x03c00000, 0x0bcf0000, 0x19150000)
  eden space 105664K,   0% used [0x03c00000, 0x03c00000, 0x0a330000)
  from space 13184K,  99% used [0x0b010000, 0x0bcefff8, 0x0bcf0000)
  to   space 13184K,   0% used [0x0a330000, 0x0a330000, 0x0b010000)
 tenured generation   total 263968K, used 166767K [0x19150000, 0x29318000, 0x43c00000)
   the space 263968K,  63% used [0x19150000, 0x2342bcd0, 0x2342be00, 0x29318000)
 Metaspace       used 3553K, capacity 3598K, committed 3648K, reserved 4480K
}
Event: 4.918 GC heap before
{Heap before GC invocations=62 (full 6):
 def new generation   total 118848K, used 118847K [0x03c00000, 0x0bcf0000, 0x19150000)
  eden space 105664K, 100% used [0x03c00000, 0x0a330000, 0x0a330000)
  from space 13184K,  99% used [0x0b010000, 0x0bcefff8, 0x0bcf0000)
  to   space 13184K,   0% used [0x0a330000, 0x0a330000, 0x0b010000)
 tenured generation   total 263968K, used 166767K [0x19150000, 0x29318000, 0x43c00000)
   the space 263968K,  63% used [0x19150000, 0x2342bcd0, 0x2342be00, 0x29318000)
 Metaspace       used 3553K, capacity 3598K, committed 3648K, reserved 4480K
Event: 4.994 GC heap after
Heap after GC invocations=63 (full 6):
 def new generation   total 118848K, used 13184K [0x03c00000, 0x0bcf0000, 0x19150000)
  eden space 105664K,   0% used [0x03c00000, 0x03c00000, 0x0a330000)
  from space 13184K, 100% used [0x0a330000, 0x0b010000, 0x0b010000)
  to   space 13184K,   0% used [0x0b010000, 0x0b010000, 0x0bcf0000)
 tenured generation   total 263968K, used 182995K [0x19150000, 0x29318000, 0x43c00000)
   the space 263968K,  69% used [0x19150000, 0x24404d38, 0x24404e00, 0x29318000)
 Metaspace       used 3553K, capacity 3598K, committed 3648K, reserved 4480K
}
Event: 6.120 GC heap before
{Heap before GC invocations=63 (full 6):
 def new generation   total 118848K, used 118848K [0x03c00000, 0x0bcf0000, 0x19150000)
  eden space 105664K, 100% used [0x03c00000, 0x0a330000, 0x0a330000)
  from space 13184K, 100% used [0x0a330000, 0x0b010000, 0x0b010000)
  to   space 13184K,   0% used [0x0b010000, 0x0b010000, 0x0bcf0000)
 tenured generation   total 263968K, used 182995K [0x19150000, 0x29318000, 0x43c00000)
   the space 263968K,  69% used [0x19150000, 0x24404d38, 0x24404e00, 0x29318000)
 Metaspace       used 3645K, capacity 3662K, committed 3776K, reserved 4480K

