# JRE version: Java(TM) SE Runtime Environment (8.0_101-b13) (build 1.8.0_101-b13)
# Java VM: Java HotSpot(TM) Client VM (25.101-b13 mixed mode windows-x86 )
Heap:
 def new generation   total 119296K, used 13248K [0x03c00000, 0x0bd70000, 0x19150000)
  eden space 106048K,   0% used [0x03c00000, 0x03c00000, 0x0a390000)
  from space 13248K, 100% used [0x0b080000, 0x0bd70000, 0x0bd70000)
  to   space 13248K,   0% used [0x0a390000, 0x0a390000, 0x0b080000)
 tenured generation   total 272712K, used 272603K [0x19150000, 0x29ba2000, 0x43c00000)
   the space 272712K,  99% used [0x19150000, 0x29b86cf8, 0x29b86e00, 0x29ba2000)
 Metaspace       used 3547K, capacity 3598K, committed 3648K, reserved 4480K
GC Heap History (10 events):
Event: 5.377 GC heap after
Heap after GC invocations=85 (full 6):
 def new generation   total 119296K, used 13248K [0x03c00000, 0x0bd70000, 0x19150000)
  eden space 106048K,   0% used [0x03c00000, 0x03c00000, 0x0a390000)
  from space 13248K, 100% used [0x0a390000, 0x0b080000, 0x0b080000)
  to   space 13248K,   0% used [0x0b080000, 0x0b080000, 0x0bd70000)
 tenured generation   total 265032K, used 194409K [0x19150000, 0x29422000, 0x43c00000)
   the space 265032K,  73% used [0x19150000, 0x24f2a400, 0x24f2a400, 0x29422000)
 Metaspace       used 3546K, capacity 3598K, committed 3648K, reserved 4480K
}
Event: 5.548 GC heap before
{Heap before GC invocations=85 (full 6):
 def new generation   total 119296K, used 119296K [0x03c00000, 0x0bd70000, 0x19150000)
  eden space 106048K, 100% used [0x03c00000, 0x0a390000, 0x0a390000)
  from space 13248K, 100% used [0x0a390000, 0x0b080000, 0x0b080000)
  to   space 13248K,   0% used [0x0b080000, 0x0b080000, 0x0bd70000)
 tenured generation   total 265032K, used 194409K [0x19150000, 0x29422000, 0x43c00000)
   the space 265032K,  73% used [0x19150000, 0x24f2a400, 0x24f2a400, 0x29422000)
 Metaspace       used 3546K, capacity 3598K, committed 3648K, reserved 4480K
Event: 5.619 GC heap after
Heap after GC invocations=86 (full 6):
 def new generation   total 119296K, used 13248K [0x03c00000, 0x0bd70000, 0x19150000)
  eden space 106048K,   0% used [0x03c00000, 0x03c00000, 0x0a390000)
  from space 13248K, 100% used [0x0b080000, 0x0bd70000, 0x0bd70000)
  to   space 13248K,   0% used [0x0a390000, 0x0a390000, 0x0b080000)
 tenured generation   total 265032K, used 209983K [0x19150000, 0x29422000, 0x43c00000)
   the space 265032K,  79% used [0x19150000, 0x25e5fce8, 0x25e5fe00, 0x29422000)
 Metaspace       used 3546K, capacity 3598K, committed 3648K, reserved 4480K
}
Event: 5.813 GC heap before
{Heap before GC invocations=86 (full 6):
 def new generation   total 119296K, used 119296K [0x03c00000, 0x0bd70000, 0x19150000)
  eden space 106048K, 100% used [0x03c00000, 0x0a390000, 0x0a390000)
  from space 13248K, 100% used [0x0b080000, 0x0bd70000, 0x0bd70000)
  to   space 13248K,   0% used [0x0a390000, 0x0a390000, 0x0b080000)
 tenured generation   total 265032K, used 209983K [0x19150000, 0x29422000, 0x43c00000)
   the space 265032K,  79% used [0x19150000, 0x25e5fce8, 0x25e5fe00, 0x29422000)
 Metaspace       used 3547K, capacity 3598K, committed 3648K, reserved 4480K
Event: 5.887 GC heap after
Heap after GC invocations=87 (full 6):
 def new generation   total 119296K, used 13247K [0x03c00000, 0x0bd70000, 0x19150000)
  eden space 106048K,   0% used [0x03c00000, 0x03c00000, 0x0a390000)
  from space 13248K,  99% used [0x0a390000, 0x0b07fff8, 0x0b080000)
  to   space 13248K,   0% used [0x0b080000, 0x0b080000, 0x0bd70000)
 tenured generation   total 265032K, used 225534K [0x19150000, 0x29422000, 0x43c00000)
   the space 265032K,  85% used [0x19150000, 0x26d8fbc0, 0x26d8fc00, 0x29422000)
 Metaspace       used 3547K, capacity 3598K, committed 3648K, reserved 4480K
}
Event: 6.080 GC heap before
{Heap before GC invocations=87 (full 6):
 def new generation   total 119296K, used 119295K [0x03c00000, 0x0bd70000, 0x19150000)
  eden space 106048K, 100% used [0x03c00000, 0x0a390000, 0x0a390000)
  from space 13248K,  99% used [0x0a390000, 0x0b07fff8, 0x0b080000)
  to   space 13248K,   0% used [0x0b080000, 0x0b080000, 0x0bd70000)
 tenured generation   total 265032K, used 225534K [0x19150000, 0x29422000, 0x43c00000)
   the space 265032K,  85% used [0x19150000, 0x26d8fbc0, 0x26d8fc00, 0x29422000)
 Metaspace       used 3547K, capacity 3598K, committed 3648K, reserved 4480K
Event: 6.149 GC heap after
Heap after GC invocations=88 (full 6):
 def new generation   total 119296K, used 13248K [0x03c00000, 0x0bd70000, 0x19150000)
  eden space 106048K,   0% used [0x03c00000, 0x03c00000, 0x0a390000)
  from space 13248K, 100% used [0x0b080000, 0x0bd70000, 0x0bd70000)
  to   space 13248K,   0% used [0x0a390000, 0x0a390000, 0x0b080000)
 tenured generation   total 265032K, used 240407K [0x19150000, 0x29422000, 0x43c00000)
   the space 265032K,  90% used [0x19150000, 0x27c15df8, 0x27c15e00, 0x29422000)
 Metaspace       used 3547K, capacity 3598K, committed 3648K, reserved 4480K
}
Event: 6.331 GC heap before
{Heap before GC invocations=88 (full 6):
 def new generation   total 119296K, used 119296K [0x03c00000, 0x0bd70000, 0x19150000)
  eden space 106048K, 100% used [0x03c00000, 0x0a390000, 0x0a390000)
  from space 13248K, 100% used [0x0b080000, 0x0bd70000, 0x0bd70000)
  to   space 13248K,   0% used [0x0a390000, 0x0a390000, 0x0b080000)
 tenured generation   total 265032K, used 240407K [0x19150000, 0x29422000, 0x43c00000)
   the space 265032K,  90% used [0x19150000, 0x27c15df8, 0x27c15e00, 0x29422000)
 Metaspace       used 3547K, capacity 3598K, committed 3648K, reserved 4480K
Event: 6.422 GC heap after
Heap after GC invocations=89 (full 6):
 def new generation   total 119296K, used 13248K [0x03c00000, 0x0bd70000, 0x19150000)
  eden space 106048K,   0% used [0x03c00000, 0x03c00000, 0x0a390000)
  from space 13248K, 100% used [0x0a390000, 0x0b080000, 0x0b080000)
  to   space 13248K,   0% used [0x0b080000, 0x0b080000, 0x0bd70000)
 tenured generation   total 265032K, used 256950K [0x19150000, 0x29422000, 0x43c00000)
   the space 265032K,  96% used [0x19150000, 0x28c3d8c0, 0x28c3da00, 0x29422000)
 Metaspace       used 3547K, capacity 3598K, committed 3648K, reserved 4480K
}
Event: 6.606 GC heap before
{Heap before GC invocations=89 (full 6):
 def new generation   total 119296K, used 119296K [0x03c00000, 0x0bd70000, 0x19150000)
  eden space 106048K, 100% used [0x03c00000, 0x0a390000, 0x0a390000)
  from space 13248K, 100% used [0x0a390000, 0x0b080000, 0x0b080000)
  to   space 13248K,   0% used [0x0b080000, 0x0b080000, 0x0bd70000)
 tenured generation   total 265032K, used 256950K [0x19150000, 0x29422000, 0x43c00000)
   the space 265032K,  96% used [0x19150000, 0x28c3d8c0, 0x28c3da00, 0x29422000)
 Metaspace       used 3547K, capacity 3598K, committed 3648K, reserved 4480K

